main start at this time 1648429948.1483603
-----------------------------------------before load data 
 Nvidia-smi: 0.1717529296875 GB
    Memory Allocated: 0.0  GigaBytes
Max Memory Allocated: 0.0  GigaBytes

  NumNodes: 2708
  NumEdges: 10556
  NumFeats: 1433
  NumClasses: 7
  NumTrainingSamples: 140
  NumValidationSamples: 500
  NumTestSamples: 1000
Done loading data from cached files.
success----------------------------------------
140
500
2068
# Nodes: 2708
# Edges: 10556
# Train: 140
# Val: 500
# Test: 2068
# Classes: 7

in feats:  1433
----------------------------------------before generate_dataloader_block 
 Nvidia-smi: 1.0799560546875 GB
    Memory Allocated: 0.06273937225341797  GigaBytes
Max Memory Allocated: 0.06273937225341797  GigaBytes

The real block id is  2
get_global_graph_edges_ids_block function  spend 0.0013053417205810547
range selection method range initialization spend 8.296966552734375e-05
time for parepare:  6.127357482910156e-05
local_output_nid generation:  3.933906555175781e-05
local_in_edges_tensor generation:  0.00018167495727539062
mini_batch_src_global generation:  2.3365020751953125e-05
r_  generation:  0.0013222694396972656
local_output_nid generation:  8.106231689453125e-06
local_in_edges_tensor generation:  0.0001285076141357422
mini_batch_src_global generation:  2.4080276489257812e-05
r_  generation:  5.2928924560546875e-05
local_output_nid generation:  7.867813110351562e-06
local_in_edges_tensor generation:  0.00010561943054199219
mini_batch_src_global generation:  1.6689300537109375e-05
r_  generation:  3.2901763916015625e-05
local_output_nid generation:  6.9141387939453125e-06
local_in_edges_tensor generation:  0.00010037422180175781
mini_batch_src_global generation:  1.621246337890625e-05
r_  generation:  4.267692565917969e-05
local_output_nid generation:  6.198883056640625e-06
local_in_edges_tensor generation:  9.918212890625e-05
mini_batch_src_global generation:  1.7404556274414062e-05
r_  generation:  5.602836608886719e-05
local_output_nid generation:  5.7220458984375e-06
local_in_edges_tensor generation:  9.989738464355469e-05
mini_batch_src_global generation:  1.6689300537109375e-05
r_  generation:  3.147125244140625e-05
local_output_nid generation:  6.67572021484375e-06
local_in_edges_tensor generation:  9.72747802734375e-05
mini_batch_src_global generation:  1.5974044799804688e-05
r_  generation:  4.00543212890625e-05
local_output_nid generation:  5.4836273193359375e-06
local_in_edges_tensor generation:  9.5367431640625e-05
mini_batch_src_global generation:  1.5735626220703125e-05
r_  generation:  3.62396240234375e-05
----------------------check_connections_block total spend ----------------------------- 0.003223419189453125
generate_one_block  0.0014071464538574219
generate_one_block  0.0010533332824707031
generate_one_block  0.0010390281677246094
generate_one_block  0.001096487045288086
generate_one_block  0.0010542869567871094
generate_one_block  0.0010280609130859375
generate_one_block  0.0010416507720947266
generate_one_block  0.0010204315185546875
The real block id is  1
get_global_graph_edges_ids_block function  spend 0.0004899501800537109
gen group dst list time:  5.626678466796875e-05
time for parepare:  0.00013518333435058594
local_output_nid generation:  8.344650268554688e-06
local_in_edges_tensor generation:  0.00019049644470214844
mini_batch_src_global generation:  4.267692565917969e-05
r_  generation:  0.0002288818359375
local_output_nid generation:  9.775161743164062e-06
local_in_edges_tensor generation:  0.0001227855682373047
mini_batch_src_global generation:  3.647804260253906e-05
r_  generation:  0.0002181529998779297
local_output_nid generation:  6.9141387939453125e-06
local_in_edges_tensor generation:  0.00011539459228515625
mini_batch_src_global generation:  3.075599670410156e-05
r_  generation:  0.0001666545867919922
local_output_nid generation:  9.5367431640625e-06
local_in_edges_tensor generation:  0.00011563301086425781
mini_batch_src_global generation:  3.695487976074219e-05
r_  generation:  0.0002658367156982422
local_output_nid generation:  1.0728836059570312e-05
local_in_edges_tensor generation:  0.00012063980102539062
mini_batch_src_global generation:  4.1961669921875e-05
r_  generation:  0.00030684471130371094
local_output_nid generation:  7.3909759521484375e-06
local_in_edges_tensor generation:  0.00011754035949707031
mini_batch_src_global generation:  3.361701965332031e-05
r_  generation:  0.00016999244689941406
local_output_nid generation:  1.0013580322265625e-05
local_in_edges_tensor generation:  0.00011682510375976562
mini_batch_src_global generation:  3.337860107421875e-05
r_  generation:  0.00023889541625976562
local_output_nid generation:  7.152557373046875e-06
local_in_edges_tensor generation:  0.00011277198791503906
mini_batch_src_global generation:  3.218650817871094e-05
r_  generation:  0.00018286705017089844
----------------------check_connections_block total spend ----------------------------- 0.0039272308349609375
generate_one_block  0.0013027191162109375
generate_one_block  0.0012366771697998047
generate_one_block  0.0012385845184326172
generate_one_block  0.0013206005096435547
generate_one_block  0.0018088817596435547
generate_one_block  0.0012001991271972656
generate_one_block  0.0012822151184082031
generate_one_block  0.0011577606201171875
The real block id is  0
get_global_graph_edges_ids_block function  spend 0.0006704330444335938
gen group dst list time:  9.870529174804688e-05
time for parepare:  0.00017714500427246094
local_output_nid generation:  3.24249267578125e-05
local_in_edges_tensor generation:  0.0002434253692626953
mini_batch_src_global generation:  0.00010204315185546875
r_  generation:  0.0007936954498291016
local_output_nid generation:  2.9802322387695312e-05
local_in_edges_tensor generation:  0.0001609325408935547
mini_batch_src_global generation:  9.012222290039062e-05
r_  generation:  0.0006716251373291016
local_output_nid generation:  2.6464462280273438e-05
local_in_edges_tensor generation:  0.00015163421630859375
mini_batch_src_global generation:  6.747245788574219e-05
r_  generation:  0.0005385875701904297
local_output_nid generation:  3.910064697265625e-05
local_in_edges_tensor generation:  0.00016880035400390625
mini_batch_src_global generation:  8.749961853027344e-05
r_  generation:  0.0008394718170166016
local_output_nid generation:  4.3392181396484375e-05
local_in_edges_tensor generation:  0.00018024444580078125
mini_batch_src_global generation:  0.00011014938354492188
r_  generation:  0.0009632110595703125
local_output_nid generation:  2.6941299438476562e-05
local_in_edges_tensor generation:  0.0001518726348876953
mini_batch_src_global generation:  7.867813110351562e-05
r_  generation:  0.0005390644073486328
local_output_nid generation:  3.266334533691406e-05
local_in_edges_tensor generation:  0.00015974044799804688
mini_batch_src_global generation:  7.62939453125e-05
r_  generation:  0.0006976127624511719
local_output_nid generation:  3.147125244140625e-05
local_in_edges_tensor generation:  0.00015997886657714844
mini_batch_src_global generation:  8.082389831542969e-05
r_  generation:  0.0006721019744873047
----------------------check_connections_block total spend ----------------------------- 0.009866714477539062
generate_one_block  0.0019617080688476562
generate_one_block  0.0018758773803710938
generate_one_block  0.0015568733215332031
generate_one_block  0.0019176006317138672
generate_one_block  0.0020513534545898438
generate_one_block  0.0015575885772705078
generate_one_block  0.0017235279083251953
generate_one_block  0.0017540454864501953
-----------------------------------------after block dataloader generation 
 Nvidia-smi: 1.0799560546875 GB
    Memory Allocated: 0.06273937225341797  GigaBytes
Max Memory Allocated: 0.06273937225341797  GigaBytes

connection checking time:  0.0137939453125
block generation total time  0.024946212768554688
average batch blocks generation time:  0.003118276596069336
----------------------------------------before batch_pred = model(blocks, batch_inputs) 
 Nvidia-smi: 1.1639404296875 GB
    Memory Allocated: 0.06904888153076172  GigaBytes
Max Memory Allocated: 0.06904888153076172  GigaBytes

torch.Size([1177, 1433])
torch.Size([478, 16])
-----------------------------------------batch_pred = model(blocks, batch_inputs) 
 Nvidia-smi: 1.5057373046875 GB
    Memory Allocated: 0.2847013473510742  GigaBytes
Max Memory Allocated: 0.3023529052734375  GigaBytes

----------------------------------------before batch_pred = model(blocks, batch_inputs) 
 Nvidia-smi: 1.6307373046875 GB
    Memory Allocated: 0.13100385665893555  GigaBytes
Max Memory Allocated: 0.4042701721191406  GigaBytes

torch.Size([1031, 1433])
torch.Size([368, 16])
-----------------------------------------batch_pred = model(blocks, batch_inputs) 
 Nvidia-smi: 1.6307373046875 GB
    Memory Allocated: 0.3099837303161621  GigaBytes
Max Memory Allocated: 0.4042701721191406  GigaBytes

----------------------------------------before batch_pred = model(blocks, batch_inputs) 
 Nvidia-smi: 1.6932373046875 GB
    Memory Allocated: 0.12966442108154297  GigaBytes
Max Memory Allocated: 0.4304361343383789  GigaBytes

torch.Size([781, 1433])
torch.Size([320, 16])
-----------------------------------------batch_pred = model(blocks, batch_inputs) 
 Nvidia-smi: 1.6932373046875 GB
    Memory Allocated: 0.2627415657043457  GigaBytes
Max Memory Allocated: 0.4304361343383789  GigaBytes

----------------------------------------before batch_pred = model(blocks, batch_inputs) 
 Nvidia-smi: 1.6932373046875 GB
    Memory Allocated: 0.13194894790649414  GigaBytes
Max Memory Allocated: 0.4304361343383789  GigaBytes

torch.Size([1207, 1433])
torch.Size([494, 16])
-----------------------------------------batch_pred = model(blocks, batch_inputs) 
 Nvidia-smi: 1.7030029296875 GB
    Memory Allocated: 0.36069440841674805  GigaBytes
Max Memory Allocated: 0.4304361343383789  GigaBytes

----------------------------------------before batch_pred = model(blocks, batch_inputs) 
 Nvidia-smi: 1.7030029296875 GB
    Memory Allocated: 0.1327376365661621  GigaBytes
Max Memory Allocated: 0.4801139831542969  GigaBytes

torch.Size([1329, 1433])
torch.Size([575, 16])
-----------------------------------------batch_pred = model(blocks, batch_inputs) 
 Nvidia-smi: 1.7049560546875 GB
    Memory Allocated: 0.39452552795410156  GigaBytes
Max Memory Allocated: 0.4801139831542969  GigaBytes

----------------------------------------before batch_pred = model(blocks, batch_inputs) 
 Nvidia-smi: 1.7362060546875 GB
    Memory Allocated: 0.12989377975463867  GigaBytes
Max Memory Allocated: 0.5131950378417969  GigaBytes

torch.Size([824, 1433])
torch.Size([300, 16])
-----------------------------------------batch_pred = model(blocks, batch_inputs) 
 Nvidia-smi: 1.7362060546875 GB
    Memory Allocated: 0.26656675338745117  GigaBytes
Max Memory Allocated: 0.5131950378417969  GigaBytes

----------------------------------------before batch_pred = model(blocks, batch_inputs) 
 Nvidia-smi: 1.7362060546875 GB
    Memory Allocated: 0.13066864013671875  GigaBytes
Max Memory Allocated: 0.5131950378417969  GigaBytes

torch.Size([968, 1433])
torch.Size([396, 16])
-----------------------------------------batch_pred = model(blocks, batch_inputs) 
 Nvidia-smi: 1.7362060546875 GB
    Memory Allocated: 0.3125886917114258  GigaBytes
Max Memory Allocated: 0.5131950378417969  GigaBytes

----------------------------------------before batch_pred = model(blocks, batch_inputs) 
 Nvidia-smi: 1.7362060546875 GB
    Memory Allocated: 0.13135528564453125  GigaBytes
Max Memory Allocated: 0.5131950378417969  GigaBytes

torch.Size([1097, 1433])
torch.Size([371, 16])
-----------------------------------------batch_pred = model(blocks, batch_inputs) 
 Nvidia-smi: 1.7362060546875 GB
    Memory Allocated: 0.3135061264038086  GigaBytes
Max Memory Allocated: 0.5131950378417969  GigaBytes

times | data loading | block to device | model prediction | loss calculation | loss backward |  optimizer step |
      |0.05191326141357422 |0.04340815544128418 |0.14918333292007446 |0.0001189112663269043 |0.12835043668746948 |0.012769699096679688 |
----------------------------------------------------------pseudo_mini_loss sum 2.7264835834503174
 Run 0| Epoch 0 |
Number of nodes for computation during this epoch:  12471
Number of first layer input nodes during this epoch:  8414
----------------------------------------before generate_dataloader_block 
 Nvidia-smi: 1.8299560546875 GB
    Memory Allocated: 0.25685787200927734  GigaBytes
Max Memory Allocated: 0.5131950378417969  GigaBytes

The real block id is  2
get_global_graph_edges_ids_block function  spend 0.0004966259002685547
range selection method range initialization spend 6.651878356933594e-05
time for parepare:  7.176399230957031e-05
local_output_nid generation:  8.106231689453125e-06
local_in_edges_tensor generation:  0.00018167495727539062
mini_batch_src_global generation:  2.4557113647460938e-05
r_  generation:  5.412101745605469e-05
local_output_nid generation:  7.62939453125e-06
local_in_edges_tensor generation:  0.00010943412780761719
mini_batch_src_global generation:  1.9550323486328125e-05
r_  generation:  3.910064697265625e-05
local_output_nid generation:  7.3909759521484375e-06
local_in_edges_tensor generation:  0.00010228157043457031
mini_batch_src_global generation:  1.9550323486328125e-05
r_  generation:  3.886222839355469e-05
local_output_nid generation:  7.152557373046875e-06
local_in_edges_tensor generation:  9.918212890625e-05
mini_batch_src_global generation:  1.8358230590820312e-05
r_  generation:  3.886222839355469e-05
local_output_nid generation:  7.152557373046875e-06
local_in_edges_tensor generation:  9.775161743164062e-05
mini_batch_src_global generation:  1.7642974853515625e-05
r_  generation:  3.814697265625e-05
local_output_nid generation:  6.9141387939453125e-06
local_in_edges_tensor generation:  9.965896606445312e-05
mini_batch_src_global generation:  1.7404556274414062e-05
r_  generation:  3.695487976074219e-05
local_output_nid generation:  7.62939453125e-06
local_in_edges_tensor generation:  9.989738464355469e-05
mini_batch_src_global generation:  1.8596649169921875e-05
r_  generation:  6.341934204101562e-05
local_output_nid generation:  7.152557373046875e-06
local_in_edges_tensor generation:  0.00010275840759277344
mini_batch_src_global generation:  1.7881393432617188e-05
r_  generation:  3.0040740966796875e-05
----------------------check_connections_block total spend ----------------------------- 0.0019001960754394531
generate_one_block  0.0012459754943847656
generate_one_block  0.0010821819305419922
generate_one_block  0.001071929931640625
generate_one_block  0.0010771751403808594
generate_one_block  0.0010595321655273438
generate_one_block  0.0010373592376708984
generate_one_block  0.0010950565338134766
generate_one_block  0.0011763572692871094
The real block id is  1
get_global_graph_edges_ids_block function  spend 0.0005059242248535156
gen group dst list time:  6.175041198730469e-05
time for parepare:  0.00016689300537109375
local_output_nid generation:  1.3113021850585938e-05
local_in_edges_tensor generation:  0.00019884109497070312
mini_batch_src_global generation:  3.838539123535156e-05
r_  generation:  0.00027823448181152344
local_output_nid generation:  1.0013580322265625e-05
local_in_edges_tensor generation:  0.0001251697540283203
mini_batch_src_global generation:  4.1961669921875e-05
r_  generation:  0.0002238750457763672
local_output_nid generation:  9.775161743164062e-06
local_in_edges_tensor generation:  0.0001246929168701172
mini_batch_src_global generation:  3.6716461181640625e-05
r_  generation:  0.0002090930938720703
local_output_nid generation:  1.9073486328125e-05
local_in_edges_tensor generation:  0.0001308917999267578
mini_batch_src_global generation:  4.1961669921875e-05
r_  generation:  0.0002448558807373047
local_output_nid generation:  1.0251998901367188e-05
local_in_edges_tensor generation:  0.00012683868408203125
mini_batch_src_global generation:  3.933906555175781e-05
r_  generation:  0.00022554397583007812
local_output_nid generation:  9.775161743164062e-06
local_in_edges_tensor generation:  0.000133514404296875
mini_batch_src_global generation:  3.743171691894531e-05
r_  generation:  0.00020360946655273438
local_output_nid generation:  1.3589859008789062e-05
local_in_edges_tensor generation:  0.00012803077697753906
mini_batch_src_global generation:  5.53131103515625e-05
r_  generation:  0.0003275871276855469
local_output_nid generation:  6.9141387939453125e-06
local_in_edges_tensor generation:  0.0001277923583984375
mini_batch_src_global generation:  3.695487976074219e-05
r_  generation:  0.0001533031463623047
----------------------check_connections_block total spend ----------------------------- 0.0043485164642333984
generate_one_block  0.0013680458068847656
generate_one_block  0.0013279914855957031
generate_one_block  0.0012938976287841797
generate_one_block  0.001336812973022461
generate_one_block  0.0012841224670410156
generate_one_block  0.0012753009796142578
generate_one_block  0.0014564990997314453
generate_one_block  0.0011675357818603516
The real block id is  0
get_global_graph_edges_ids_block function  spend 0.0006468296051025391
gen group dst list time:  0.00011157989501953125
time for parepare:  0.000179290771484375
local_output_nid generation:  4.2438507080078125e-05
local_in_edges_tensor generation:  0.00025272369384765625
mini_batch_src_global generation:  7.915496826171875e-05
r_  generation:  0.0007688999176025391
local_output_nid generation:  3.457069396972656e-05
local_in_edges_tensor generation:  0.00017881393432617188
mini_batch_src_global generation:  9.369850158691406e-05
r_  generation:  0.0006940364837646484
local_output_nid generation:  3.5762786865234375e-05
local_in_edges_tensor generation:  0.0001697540283203125
mini_batch_src_global generation:  9.012222290039062e-05
r_  generation:  0.0006978511810302734
local_output_nid generation:  3.933906555175781e-05
local_in_edges_tensor generation:  0.00017952919006347656
mini_batch_src_global generation:  9.799003601074219e-05
r_  generation:  0.0007891654968261719
local_output_nid generation:  3.6716461181640625e-05
local_in_edges_tensor generation:  0.0001800060272216797
mini_batch_src_global generation:  8.869171142578125e-05
r_  generation:  0.0006825923919677734
local_output_nid generation:  3.0994415283203125e-05
local_in_edges_tensor generation:  0.00016880035400390625
mini_batch_src_global generation:  8.630752563476562e-05
r_  generation:  0.0006525516510009766
local_output_nid generation:  5.841255187988281e-05
local_in_edges_tensor generation:  0.00019311904907226562
mini_batch_src_global generation:  0.00013828277587890625
r_  generation:  0.0010559558868408203
local_output_nid generation:  2.5272369384765625e-05
local_in_edges_tensor generation:  0.00016045570373535156
mini_batch_src_global generation:  8.463859558105469e-05
r_  generation:  0.0005042552947998047
----------------------check_connections_block total spend ----------------------------- 0.010326147079467773
generate_one_block  0.0020732879638671875
generate_one_block  0.0018954277038574219
generate_one_block  0.0018117427825927734
generate_one_block  0.0019788742065429688
generate_one_block  0.0017893314361572266
generate_one_block  0.0017423629760742188
generate_one_block  0.002163410186767578
generate_one_block  0.0015628337860107422
-----------------------------------------after block dataloader generation 
 Nvidia-smi: 1.8299560546875 GB
    Memory Allocated: 0.25685787200927734  GigaBytes
Max Memory Allocated: 0.5131950378417969  GigaBytes

connection checking time:  0.014674663543701172
block generation total time  0.025527477264404297
average batch blocks generation time:  0.003190934658050537
block dataloader generation time/epoch 0.07950520515441895
----------------------------------------before batch_pred = model(blocks, batch_inputs) 
 Nvidia-smi: 1.8299560546875 GB
    Memory Allocated: 0.2565641403198242  GigaBytes
Max Memory Allocated: 0.5131950378417969  GigaBytes

torch.Size([1047, 1433])
torch.Size([443, 16])
-----------------------------------------batch_pred = model(blocks, batch_inputs) 
 Nvidia-smi: 1.8299560546875 GB
    Memory Allocated: 0.4564337730407715  GigaBytes
Max Memory Allocated: 0.5131950378417969  GigaBytes

----------------------------------------before batch_pred = model(blocks, batch_inputs) 
 Nvidia-smi: 1.8299560546875 GB
    Memory Allocated: 0.25619935989379883  GigaBytes
Max Memory Allocated: 0.5762567520141602  GigaBytes

torch.Size([979, 1433])
torch.Size([402, 16])
-----------------------------------------batch_pred = model(blocks, batch_inputs) 
 Nvidia-smi: 1.8299560546875 GB
    Memory Allocated: 0.4347095489501953  GigaBytes
Max Memory Allocated: 0.5762567520141602  GigaBytes

----------------------------------------before batch_pred = model(blocks, batch_inputs) 
 Nvidia-smi: 1.8299560546875 GB
    Memory Allocated: 0.2565622329711914  GigaBytes
Max Memory Allocated: 0.5762567520141602  GigaBytes

torch.Size([1036, 1433])
torch.Size([382, 16])
-----------------------------------------batch_pred = model(blocks, batch_inputs) 
 Nvidia-smi: 1.8299560546875 GB
    Memory Allocated: 0.4355297088623047  GigaBytes
Max Memory Allocated: 0.5762567520141602  GigaBytes

----------------------------------------before batch_pred = model(blocks, batch_inputs) 
 Nvidia-smi: 1.8299560546875 GB
    Memory Allocated: 0.25675201416015625  GigaBytes
Max Memory Allocated: 0.5762567520141602  GigaBytes

torch.Size([1082, 1433])
torch.Size([411, 16])
-----------------------------------------batch_pred = model(blocks, batch_inputs) 
 Nvidia-smi: 1.8299560546875 GB
    Memory Allocated: 0.4570193290710449  GigaBytes
Max Memory Allocated: 0.5762567520141602  GigaBytes

----------------------------------------before batch_pred = model(blocks, batch_inputs) 
 Nvidia-smi: 1.8299560546875 GB
    Memory Allocated: 0.256561279296875  GigaBytes
Max Memory Allocated: 0.576479434967041  GigaBytes

torch.Size([973, 1433])
torch.Size([419, 16])
-----------------------------------------batch_pred = model(blocks, batch_inputs) 
 Nvidia-smi: 1.8299560546875 GB
    Memory Allocated: 0.4291529655456543  GigaBytes
Max Memory Allocated: 0.576479434967041  GigaBytes

----------------------------------------before batch_pred = model(blocks, batch_inputs) 
 Nvidia-smi: 1.8299560546875 GB
    Memory Allocated: 0.25599002838134766  GigaBytes
Max Memory Allocated: 0.576479434967041  GigaBytes

torch.Size([940, 1433])
torch.Size([357, 16])
-----------------------------------------batch_pred = model(blocks, batch_inputs) 
 Nvidia-smi: 1.8299560546875 GB
    Memory Allocated: 0.42331600189208984  GigaBytes
Max Memory Allocated: 0.576479434967041  GigaBytes

----------------------------------------before batch_pred = model(blocks, batch_inputs) 
 Nvidia-smi: 1.8299560546875 GB
    Memory Allocated: 0.2581634521484375  GigaBytes
Max Memory Allocated: 0.576479434967041  GigaBytes

torch.Size([1345, 1433])
torch.Size([601, 16])
-----------------------------------------batch_pred = model(blocks, batch_inputs) 
 Nvidia-smi: 1.8338623046875 GB
    Memory Allocated: 0.528740406036377  GigaBytes
Max Memory Allocated: 0.576479434967041  GigaBytes

----------------------------------------before batch_pred = model(blocks, batch_inputs) 
 Nvidia-smi: 1.8651123046875 GB
    Memory Allocated: 0.25519514083862305  GigaBytes
Max Memory Allocated: 0.6471962928771973  GigaBytes

torch.Size([792, 1433])
torch.Size([256, 16])
-----------------------------------------batch_pred = model(blocks, batch_inputs) 
 Nvidia-smi: 1.8651123046875 GB
    Memory Allocated: 0.3823366165161133  GigaBytes
Max Memory Allocated: 0.6471962928771973  GigaBytes

times | data loading | block to device | model prediction | loss calculation | loss backward |  optimizer step |
      |0.050036102533340454 |0.0005196332931518555 |0.09434044361114502 |0.00012040138244628906 |0.13717138767242432 |0.010448932647705078 |
----------------------------------------------------------pseudo_mini_loss sum 2.4148130416870117
Total (block generation + training)time/epoch 2.404275894165039
Training time/epoch 2.3244733810424805
Training time without block to device /epoch 2.3203163146972656
Training time without total dataloading part /epoch 1.86350679397583
load block tensor time/epoch 0.40028882026672363
block to device time/epoch 0.004157066345214844
input features size transfer per epoch 1.0728836059570312e-06
blocks size to device per epoch 7.152557373046875e-07Using backend: pytorch

 Run 0| Epoch 1 |
Number of nodes for computation during this epoch:  12225
Number of first layer input nodes during this epoch:  8194
