main start at this time 1648433458.7381623
-----------------------------------------before load data 
 Nvidia-smi: 0.1717529296875 GB
    Memory Allocated: 0.0  GigaBytes
Max Memory Allocated: 0.0  GigaBytes

  NumNodes: 2708
  NumEdges: 10556
  NumFeats: 1433
  NumClasses: 7
  NumTrainingSamples: 140
  NumValidationSamples: 500
  NumTestSamples: 1000
Done loading data from cached files.
success----------------------------------------
140
500
2068
# Nodes: 2708
# Edges: 10556
# Train: 140
# Val: 500
# Test: 2068
# Classes: 7

in feats:  1433
----------------------------------------before generate_dataloader_block 
 Nvidia-smi: 1.0389404296875 GB
    Memory Allocated: 0.004721164703369141  GigaBytes
Max Memory Allocated: 0.004721164703369141  GigaBytes

The real block id is  5
get_global_graph_edges_ids_block function  spend 0.0011610984802246094
range selection method range initialization spend 7.867813110351562e-05
time for parepare:  6.270408630371094e-05
local_output_nid generation:  3.790855407714844e-05
local_in_edges_tensor generation:  0.0001919269561767578
mini_batch_src_global generation:  4.3392181396484375e-05
r_  generation:  0.002819061279296875
local_output_nid generation:  1.9311904907226562e-05
local_in_edges_tensor generation:  0.00014019012451171875
mini_batch_src_global generation:  3.361701965332031e-05
r_  generation:  0.00011134147644042969
----------------------check_connections_block total spend ----------------------------- 0.0036547183990478516
generate_one_block  0.001432180404663086
generate_one_block  0.0011661052703857422
The real block id is  4
get_global_graph_edges_ids_block function  spend 0.00047206878662109375
gen group dst list time:  2.7894973754882812e-05
time for parepare:  0.0001380443572998047
local_output_nid generation:  3.170967102050781e-05
local_in_edges_tensor generation:  0.00023794174194335938
mini_batch_src_global generation:  7.486343383789062e-05
r_  generation:  0.0007445812225341797
local_output_nid generation:  2.3603439331054688e-05
local_in_edges_tensor generation:  0.00014829635620117188
mini_batch_src_global generation:  7.557868957519531e-05
r_  generation:  0.0005888938903808594
----------------------check_connections_block total spend ----------------------------- 0.0024356842041015625
generate_one_block  0.001981973648071289
generate_one_block  0.0016989707946777344
The real block id is  3
get_global_graph_edges_ids_block function  spend 0.0005660057067871094
gen group dst list time:  5.364418029785156e-05
time for parepare:  0.00016427040100097656
local_output_nid generation:  7.414817810058594e-05
local_in_edges_tensor generation:  0.0003170967102050781
mini_batch_src_global generation:  0.00017952919006347656
r_  generation:  0.0018894672393798828
local_output_nid generation:  7.43865966796875e-05
local_in_edges_tensor generation:  0.0002307891845703125
mini_batch_src_global generation:  0.00016307830810546875
r_  generation:  0.0015785694122314453
----------------------check_connections_block total spend ----------------------------- 0.005479574203491211
generate_one_block  0.0031042098999023438
generate_one_block  0.002865314483642578
The real block id is  2
get_global_graph_edges_ids_block function  spend 0.0006194114685058594
gen group dst list time:  8.249282836914062e-05
time for parepare:  0.00017690658569335938
local_output_nid generation:  0.00011897087097167969
local_in_edges_tensor generation:  0.0004227161407470703
mini_batch_src_global generation:  0.00020265579223632812
r_  generation:  0.002642393112182617
local_output_nid generation:  0.000118255615234375
local_in_edges_tensor generation:  0.0003361701965332031
mini_batch_src_global generation:  0.0002524852752685547
r_  generation:  0.0025360584259033203
----------------------check_connections_block total spend ----------------------------- 0.008074760437011719
generate_one_block  0.0039103031158447266
generate_one_block  0.003931522369384766
The real block id is  1
get_global_graph_edges_ids_block function  spend 0.0007917881011962891
gen group dst list time:  0.00010704994201660156
time for parepare:  0.0001914501190185547
local_output_nid generation:  0.00015544891357421875
local_in_edges_tensor generation:  0.0004992485046386719
mini_batch_src_global generation:  0.00021696090698242188
r_  generation:  0.003122091293334961
local_output_nid generation:  0.00014829635620117188
local_in_edges_tensor generation:  0.00034999847412109375
mini_batch_src_global generation:  0.00026106834411621094
r_  generation:  0.0031251907348632812
----------------------check_connections_block total spend ----------------------------- 0.009397029876708984
generate_one_block  0.0042192935943603516
generate_one_block  0.00429534912109375
The real block id is  0
get_global_graph_edges_ids_block function  spend 0.0008273124694824219
gen group dst list time:  0.00011682510375976562
time for parepare:  0.00018596649169921875
local_output_nid generation:  0.00015854835510253906
local_in_edges_tensor generation:  0.0004611015319824219
mini_batch_src_global generation:  0.0002067089080810547
r_  generation:  0.003150463104248047
local_output_nid generation:  0.0001704692840576172
local_in_edges_tensor generation:  0.00035500526428222656
mini_batch_src_global generation:  0.0002779960632324219
r_  generation:  0.0033142566680908203
----------------------check_connections_block total spend ----------------------------- 0.009639739990234375
generate_one_block  0.00434112548828125
generate_one_block  0.004217863082885742
-----------------------------------------after block dataloader generation 
 Nvidia-smi: 1.0389404296875 GB
    Memory Allocated: 0.004721164703369141  GigaBytes
Max Memory Allocated: 0.004721164703369141  GigaBytes

connection checking time:  0.03502678871154785
block generation total time  0.03456592559814453
average batch blocks generation time:  0.017282962799072266
----------------------------------------before batch_pred = model(blocks, batch_inputs) 
 Nvidia-smi: 1.1033935546875 GB
    Memory Allocated: 0.018305301666259766  GigaBytes
Max Memory Allocated: 0.018305301666259766  GigaBytes

torch.Size([2493, 1433])
torch.Size([2447, 256])
torch.Size([2329, 256])
torch.Size([1957, 256])
torch.Size([1221, 256])
-----------------------------------------batch_pred = model(blocks, batch_inputs) 
 Nvidia-smi: 1.3104248046875 GB
    Memory Allocated: 0.05013132095336914  GigaBytes
Max Memory Allocated: 0.0504908561706543  GigaBytes

----------------------------------------before batch_pred = model(blocks, batch_inputs) 
 Nvidia-smi: 1.3143310546875 GB
    Memory Allocated: 0.024052143096923828  GigaBytes
Max Memory Allocated: 0.05204057693481445  GigaBytes

torch.Size([2508, 1433])
torch.Size([2455, 256])
torch.Size([2297, 256])
torch.Size([1831, 256])
torch.Size([1027, 256])
-----------------------------------------batch_pred = model(blocks, batch_inputs) 
 Nvidia-smi: 1.3162841796875 GB
    Memory Allocated: 0.05508995056152344  GigaBytes
Max Memory Allocated: 0.055385589599609375  GigaBytes

times | data loading | block to device | model prediction | loss calculation | loss backward |  optimizer step |
      |0.007553815841674805 |0.17245960235595703 |0.3880927562713623 |0.00020062923431396484 |0.008392095565795898 |0.008363962173461914 |
----------------------------------------------------------pseudo_mini_loss sum 3.9738380908966064
 Run 0| Epoch 0 |
Number of nodes for computation during this epoch:  21266
Number of first layer input nodes during this epoch:  5001
----------------------------------------before generate_dataloader_block 
 Nvidia-smi: 1.3182373046875 GB
    Memory Allocated: 0.034822940826416016  GigaBytes
Max Memory Allocated: 0.0562739372253418  GigaBytes

The real block id is  5
get_global_graph_edges_ids_block function  spend 0.0006270408630371094
range selection method range initialization spend 8.249282836914062e-05
time for parepare:  9.369850158691406e-05
local_output_nid generation:  2.9087066650390625e-05
local_in_edges_tensor generation:  0.00023484230041503906
mini_batch_src_global generation:  4.100799560546875e-05
r_  generation:  0.0001506805419921875
local_output_nid generation:  2.574920654296875e-05Using backend: pytorch

local_in_edges_tensor generation:  0.0001747608184814453
mini_batch_src_global generation:  4.220008850097656e-05
r_  generation:  0.00018835067749023438
----------------------check_connections_block total spend ----------------------------- 0.0013668537139892578
generate_one_block  0.001615762710571289
generate_one_block  0.0015153884887695312
The real block id is  4
get_global_graph_edges_ids_block function  spend 0.00047278404235839844
gen group dst list time:  2.956390380859375e-05
time for parepare:  0.00014495849609375
local_output_nid generation:  2.5033950805664062e-05
local_in_edges_tensor generation:  0.00020766258239746094
mini_batch_src_global generation:  8.273124694824219e-05
r_  generation:  0.0006277561187744141
local_output_nid generation:  2.9087066650390625e-05
local_in_edges_tensor generation:  0.00015544891357421875
mini_batch_src_global generation:  0.00010704994201660156
r_  generation:  0.0006861686706542969
----------------------check_connections_block total spend ----------------------------- 0.0024518966674804688
generate_one_block  0.0018565654754638672
generate_one_block  0.0018112659454345703
The real block id is  3
get_global_graph_edges_ids_block function  spend 0.0005743503570556641
gen group dst list time:  5.9604644775390625e-05
time for parepare:  0.0001728534698486328
local_output_nid generation:  7.033348083496094e-05
local_in_edges_tensor generation:  0.0003001689910888672
mini_batch_src_global generation:  0.00017786026000976562
r_  generation:  0.0016827583312988281
local_output_nid generation:  8.606910705566406e-05
local_in_edges_tensor generation:  0.00025177001953125
mini_batch_src_global generation:  0.00022125244140625
r_  generation:  0.0017805099487304688
----------------------check_connections_block total spend ----------------------------- 0.005586385726928711
generate_one_block  0.0029244422912597656
generate_one_block  0.00301361083984375
The real block id is  2
get_global_graph_edges_ids_block function  spend 0.0005922317504882812
gen group dst list time:  8.821487426757812e-05
time for parepare:  0.0001742839813232422
local_output_nid generation:  0.00011801719665527344
local_in_edges_tensor generation:  0.0004048347473144531
mini_batch_src_global generation:  0.00019741058349609375
r_  generation:  0.002819061279296875
local_output_nid generation:  0.0001316070556640625
local_in_edges_tensor generation:  0.0003216266632080078
mini_batch_src_global generation:  0.0003046989440917969
r_  generation:  0.0026471614837646484
----------------------check_connections_block total spend ----------------------------- 0.008536815643310547
generate_one_block  0.003861665725708008
generate_one_block  0.003834247589111328
The real block id is  1
get_global_graph_edges_ids_block function  spend 0.0007429122924804688
gen group dst list time:  0.00010728836059570312
time for parepare:  0.00018286705017089844
local_output_nid generation:  0.00014472007751464844
local_in_edges_tensor generation:  0.00046634674072265625
mini_batch_src_global generation:  0.0002048015594482422
r_  generation:  0.0030364990234375
local_output_nid generation:  0.0001518726348876953
local_in_edges_tensor generation:  0.0003497600555419922
mini_batch_src_global generation:  0.0003180503845214844
r_  generation:  0.002989530563354492
----------------------check_connections_block total spend ----------------------------- 0.009243011474609375
generate_one_block  0.0041811466217041016
generate_one_block  0.00489497184753418
The real block id is  0
get_global_graph_edges_ids_block function  spend 0.0006198883056640625
gen group dst list time:  0.00011420249938964844
time for parepare:  0.00017523765563964844
local_output_nid generation:  0.0001533031463623047
local_in_edges_tensor generation:  0.00045490264892578125
mini_batch_src_global generation:  0.00020837783813476562
r_  generation:  0.003186464309692383
local_output_nid generation:  0.00015997886657714844
local_in_edges_tensor generation:  0.0003638267517089844
mini_batch_src_global generation:  0.0003185272216796875
r_  generation:  0.00305938720703125
----------------------check_connections_block total spend ----------------------------- 0.009551525115966797
generate_one_block  0.004319429397583008
generate_one_block  0.004204511642456055
-----------------------------------------after block dataloader generation 
 Nvidia-smi: 1.3182373046875 GB
    Memory Allocated: 0.034822940826416016  GigaBytes
Max Memory Allocated: 0.0562739372253418  GigaBytes

connection checking time:  0.0353696346282959
block generation total time  0.03490185737609863
average batch blocks generation time:  0.017450928688049316
block dataloader generation time/epoch 0.09606432914733887
----------------------------------------before batch_pred = model(blocks, batch_inputs) 
 Nvidia-smi: 1.3182373046875 GB
    Memory Allocated: 0.034229278564453125  GigaBytes
Max Memory Allocated: 0.0562739372253418  GigaBytes

torch.Size([2507, 1433])
torch.Size([2472, 256])
torch.Size([2348, 256])
torch.Size([1931, 256])
torch.Size([1107, 256])
-----------------------------------------batch_pred = model(blocks, batch_inputs) 
 Nvidia-smi: 1.3201904296875 GB
    Memory Allocated: 0.06657934188842773  GigaBytes
Max Memory Allocated: 0.06689786911010742  GigaBytes

----------------------------------------before batch_pred = model(blocks, batch_inputs) 
 Nvidia-smi: 1.3338623046875 GB
    Memory Allocated: 0.03452253341674805  GigaBytes
Max Memory Allocated: 0.0673527717590332  GigaBytes

torch.Size([2509, 1433])
torch.Size([2455, 256])
torch.Size([2347, 256])
torch.Size([1954, 256])
torch.Size([1175, 256])
-----------------------------------------batch_pred = model(blocks, batch_inputs) 
 Nvidia-smi: 1.3338623046875 GB
    Memory Allocated: 0.06659746170043945  GigaBytes
Max Memory Allocated: 0.0673527717590332  GigaBytes

times | data loading | block to device | model prediction | loss calculation | loss backward |  optimizer step |
      |0.004269838333129883 |0.0008105039596557617 |0.00671994686126709 |0.00012552738189697266 |0.00618135929107666 |0.0025420188903808594 |
----------------------------------------------------------pseudo_mini_loss sum 2.838408946990967
Total (block generation + training)time/epoch 0.13761377334594727
Training time/epoch 0.04116249084472656
Training time without block to device /epoch 0.03954148292541504
Training time without total dataloading part /epoch 0.028595685958862305
load block tensor time/epoch 0.008539676666259766
block to device time/epoch 0.0016210079193115234
input features size transfer per epoch 2.682209014892578e-07
blocks size to device per epoch 2.384185791015625e-07
 Run 0| Epoch 1 |
Number of nodes for computation during this epoch:  21510
Number of first layer input nodes during this epoch:  5016
