main start at this time 1648428322.6360245
-----------------------------------------before load data 
 Nvidia-smi: 0.1717529296875 GB
    Memory Allocated: 0.0  GigaBytes
Max Memory Allocated: 0.0  GigaBytes

  NumNodes: 2708
  NumEdges: 10556
  NumFeats: 1433
  NumClasses: 7
  NumTrainingSamples: 140
  NumValidationSamples: 500
  NumTestSamples: 1000
Done loading data from cached files.
success----------------------------------------
140
500
2068
# Nodes: 2708
# Edges: 10556
# Train: 140
# Val: 500
# Test: 2068
# Classes: 7

in feats:  1433
----------------------------------------before generate_dataloader_block 
 Nvidia-smi: 1.0174560546875 GB
    Memory Allocated: 0.0007228851318359375  GigaBytes
Max Memory Allocated: 0.0007228851318359375  GigaBytes

The real block id is  2
get_global_graph_edges_ids_block function  spend 0.001495361328125
range selection method range initialization spend 7.82012939453125e-05
time for parepare:  6.031990051269531e-05
local_output_nid generation:  3.337860107421875e-05
local_in_edges_tensor generation:  0.00019478797912597656
mini_batch_src_global generation:  2.384185791015625e-05
r_  generation:  0.002459287643432617
local_output_nid generation:  8.106231689453125e-06
local_in_edges_tensor generation:  0.00011992454528808594
mini_batch_src_global generation:  2.4080276489257812e-05
r_  generation:  7.271766662597656e-05
local_output_nid generation:  6.198883056640625e-06
local_in_edges_tensor generation:  9.799003601074219e-05
mini_batch_src_global generation:  1.71661376953125e-05
r_  generation:  3.337860107421875e-05
local_output_nid generation:  5.7220458984375e-06
local_in_edges_tensor generation:  9.298324584960938e-05
mini_batch_src_global generation:  1.6927719116210938e-05
r_  generation:  4.57763671875e-05
local_output_nid generation:  6.198883056640625e-06
local_in_edges_tensor generation:  9.059906005859375e-05
mini_batch_src_global generation:  1.5020370483398438e-05
r_  generation:  3.314018249511719e-05
local_output_nid generation:  6.198883056640625e-06
local_in_edges_tensor generation:  9.012222290039062e-05
mini_batch_src_global generation:  1.4543533325195312e-05
r_  generation:  3.6716461181640625e-05
local_output_nid generation:  5.245208740234375e-06
local_in_edges_tensor generation:  9.036064147949219e-05
mini_batch_src_global generation:  1.621246337890625e-05
r_  generation:  4.029273986816406e-05
local_output_nid generation:  5.245208740234375e-06
local_in_edges_tensor generation:  8.845329284667969e-05
mini_batch_src_global generation:  1.4543533325195312e-05
r_  generation:  2.7179718017578125e-05
----------------------check_connections_block total spend ----------------------------- 0.004262208938598633
generate_one_block  0.0014383792877197266
generate_one_block  0.0010716915130615234
generate_one_block  0.0010967254638671875
generate_one_block  0.001146078109741211
generate_one_block  0.0011441707611083984
generate_one_block  0.0010862350463867188
generate_one_block  0.0010447502136230469
generate_one_block  0.001073598861694336
The real block id is  1
get_global_graph_edges_ids_block function  spend 0.00047397613525390625
gen group dst list time:  5.4836273193359375e-05
time for parepare:  0.00013709068298339844
local_output_nid generation:  8.821487426757812e-06
local_in_edges_tensor generation:  0.00017118453979492188
mini_batch_src_global generation:  3.4809112548828125e-05
r_  generation:  0.0002269744873046875
local_output_nid generation:  8.106231689453125e-06
local_in_edges_tensor generation:  0.00011038780212402344
mini_batch_src_global generation:  3.504753112792969e-05
r_  generation:  0.00020003318786621094
local_output_nid generation:  8.106231689453125e-06
local_in_edges_tensor generation:  0.00010704994201660156
mini_batch_src_global generation:  3.123283386230469e-05
r_  generation:  0.00018596649169921875
local_output_nid generation:  1.239776611328125e-05
local_in_edges_tensor generation:  0.00011301040649414062
mini_batch_src_global generation:  3.647804260253906e-05
r_  generation:  0.00027823448181152344
local_output_nid generation:  7.62939453125e-06
local_in_edges_tensor generation:  0.00013208389282226562
mini_batch_src_global generation:  3.4809112548828125e-05
r_  generation:  0.00020074844360351562
local_output_nid generation:  7.62939453125e-06
local_in_edges_tensor generation:  0.00011181831359863281
mini_batch_src_global generation:  2.765655517578125e-05
r_  generation:  0.00015115737915039062
local_output_nid generation:  1.0967254638671875e-05
local_in_edges_tensor generation:  0.00011467933654785156
mini_batch_src_global generation:  3.695487976074219e-05
r_  generation:  0.0002930164337158203
local_output_nid generation:  6.9141387939453125e-06
local_in_edges_tensor generation:  0.00010347366333007812
mini_batch_src_global generation:  2.86102294921875e-05
r_  generation:  0.0001430511474609375
----------------------check_connections_block total spend ----------------------------- 0.0037288665771484375
generate_one_block  0.0012805461883544922
generate_one_block  0.0012695789337158203
generate_one_block  0.0012955665588378906
generate_one_block  0.0013327598571777344
generate_one_block  0.0012612342834472656
generate_one_block  0.001190185546875
generate_one_block  0.0013306140899658203
generate_one_block  0.0012068748474121094
The real block id is  0
get_global_graph_edges_ids_block function  spend 0.0006322860717773438
gen group dst list time:  9.393692016601562e-05
time for parepare:  0.00016307830810546875
local_output_nid generation:  2.765655517578125e-05
local_in_edges_tensor generation:  0.00022339820861816406
mini_batch_src_global generation:  9.441375732421875e-05
r_  generation:  0.0007004737854003906
local_output_nid generation:  3.147125244140625e-05
local_in_edges_tensor generation:  0.00015473365783691406
mini_batch_src_global generation:  9.1552734375e-05
r_  generation:  0.0006835460662841797
local_output_nid generation:  3.0279159545898438e-05
local_in_edges_tensor generation:  0.00015306472778320312
mini_batch_src_global generation:  7.486343383789062e-05
r_  generation:  0.0006558895111083984
local_output_nid generation:  3.790855407714844e-05
local_in_edges_tensor generation:  0.00016188621520996094
mini_batch_src_global generation:  8.749961853027344e-05
r_  generation:  0.0008633136749267578
local_output_nid generation:  2.7179718017578125e-05
local_in_edges_tensor generation:  0.0001468658447265625
mini_batch_src_global generation:  7.176399230957031e-05
r_  generation:  0.0005533695220947266
local_output_nid generation:  2.2649765014648438e-05
local_in_edges_tensor generation:  0.00013494491577148438
mini_batch_src_global generation:  5.793571472167969e-05
r_  generation:  0.0004792213439941406
local_output_nid generation:  4.267692565917969e-05
local_in_edges_tensor generation:  0.00017499923706054688
mini_batch_src_global generation:  9.083747863769531e-05
r_  generation:  0.0009126663208007812
local_output_nid generation:  2.3603439331054688e-05
local_in_edges_tensor generation:  0.0001399517059326172
mini_batch_src_global generation:  7.271766662597656e-05
r_  generation:  0.0005185604095458984
----------------------check_connections_block total spend ----------------------------- 0.009224176406860352
generate_one_block  0.002292633056640625
generate_one_block  0.0018200874328613281
generate_one_block  0.001672506332397461
generate_one_block  0.001957416534423828
generate_one_block  0.0016133785247802734
generate_one_block  0.0014481544494628906
generate_one_block  0.002031564712524414
generate_one_block  0.0015561580657958984
-----------------------------------------after block dataloader generation 
 Nvidia-smi: 1.0174560546875 GB
    Memory Allocated: 0.0007228851318359375  GigaBytes
Max Memory Allocated: 0.0007228851318359375  GigaBytes

connection checking time:  0.012953042984008789
block generation total time  0.02455925941467285
average batch blocks generation time:  0.0030699074268341064
----------------------------------------before batch_pred = model(blocks, batch_inputs) 
 Nvidia-smi: 1.1014404296875 GB
    Memory Allocated: 0.006033420562744141  GigaBytes
Max Memory Allocated: 0.006033420562744141  GigaBytes

torch.Size([990, 1433])
torch.Size([415, 64])
-----------------------------------------batch_pred = model(blocks, batch_inputs) 
 Nvidia-smi: 1.2615966796875 GB
    Memory Allocated: 0.006488800048828125  GigaBytes
Max Memory Allocated: 0.006588935852050781  GigaBytes

----------------------------------------before batch_pred = model(blocks, batch_inputs) 
 Nvidia-smi: 1.2635498046875 GB
    Memory Allocated: 0.007190704345703125  GigaBytes
Max Memory Allocated: 0.012453556060791016  GigaBytes

torch.Size([1072, 1433])
torch.Size([418, 64])
-----------------------------------------batch_pred = model(blocks, batch_inputs) 
 Nvidia-smi: 1.2635498046875 GB
    Memory Allocated: 0.007633209228515625  GigaBytes
Max Memory Allocated: 0.012453556060791016  GigaBytes

----------------------------------------before batch_pred = model(blocks, batch_inputs) 
 Nvidia-smi: 1.2635498046875 GB
    Memory Allocated: 0.006751060485839844  GigaBytes
Max Memory Allocated: 0.012453556060791016  GigaBytes

torch.Size([972, 1433])
torch.Size([347, 64])
-----------------------------------------batch_pred = model(blocks, batch_inputs) 
 Nvidia-smi: 1.2635498046875 GB
    Memory Allocated: 0.007134437561035156  GigaBytes
Max Memory Allocated: 0.012453556060791016  GigaBytes

----------------------------------------before batch_pred = model(blocks, batch_inputs) 
 Nvidia-smi: 1.2635498046875 GB
    Memory Allocated: 0.008136749267578125  GigaBytes
Max Memory Allocated: 0.013392925262451172  GigaBytes

torch.Size([1248, 1433])
torch.Size([518, 64])
-----------------------------------------batch_pred = model(blocks, batch_inputs) 
 Nvidia-smi: 1.2635498046875 GB
    Memory Allocated: 0.008715629577636719  GigaBytes
Max Memory Allocated: 0.013392925262451172  GigaBytes

----------------------------------------before batch_pred = model(blocks, batch_inputs) 
 Nvidia-smi: 1.2655029296875 GB
    Memory Allocated: 0.006749153137207031  GigaBytes
Max Memory Allocated: 0.013392925262451172  GigaBytes

torch.Size([900, 1433])
torch.Size([353, 64])
-----------------------------------------batch_pred = model(blocks, batch_inputs) 
 Nvidia-smi: 1.2655029296875 GB
    Memory Allocated: 0.0071392059326171875  GigaBytes
Max Memory Allocated: 0.013392925262451172  GigaBytes

----------------------------------------before batch_pred = model(blocks, batch_inputs) 
 Nvidia-smi: 1.2655029296875 GB
    Memory Allocated: 0.00559234619140625  GigaBytes
Max Memory Allocated: 0.013392925262451172  GigaBytes

torch.Size([774, 1433])
torch.Size([262, 64])
-----------------------------------------batch_pred = model(blocks, batch_inputs) 
 Nvidia-smi: 1.2655029296875 GB
    Memory Allocated: 0.005897045135498047  GigaBytes
Max Memory Allocated: 0.013392925262451172  GigaBytes

----------------------------------------before batch_pred = model(blocks, batch_inputs) 
 Nvidia-smi: 1.2655029296875 GB
    Memory Allocated: 0.008559703826904297  GigaBytes
Max Memory Allocated: 0.013392925262451172  GigaBytes

torch.Size([1327, 1433])
torch.Size([566, 64])
-----------------------------------------batch_pred = model(blocks, batch_inputs) 
 Nvidia-smi: 1.2655029296875 GB
    Memory Allocated: 0.009157657623291016  GigaBytes
Max Memory Allocated: 0.013392925262451172  GigaBytes

----------------------------------------before batch_pred = model(blocks, batch_inputs) 
 Nvidia-smi: 1.2655029296875 GB
    Memory Allocated: 0.006337165832519531  GigaBytes
Max Memory Allocated: 0.013403892517089844  GigaBytes

torch.Size([913, 1433])
torch.Size([288, 64])
-----------------------------------------batch_pred = model(blocks, batch_inputs) 
 Nvidia-smi: 1.2655029296875 GB
    Memory Allocated: 0.006656646728515625  GigaBytes
Max Memory Allocated: 0.013403892517089844  GigaBytes

times | data loading | block to device | model prediction | loss calculation | loss backward |  optimizer step |
      |0.0035228729248046875 |0.042976826429367065 |0.09867075085639954 |0.0001513659954071045 |0.0036111772060394287 |0.0024194717407226562 |
----------------------------------------------------------pseudo_mini_loss sum 3.2441165447235107
 Run 0| Epoch 0 |
Number of nodes for computation during this epoch:  12114
Number of first layer input nodes during this epoch:  8196
----------------------------------------before generate_dataloader_block 
 Nvidia-smi: 1.2674560546875 GB
    Memory Allocated: 0.007821083068847656  GigaBytes
Max Memory Allocated: 0.013403892517089844  GigaBytes

The real block id is  2
get_global_graph_edges_ids_block function  spend 0.0004673004150390625
range selection method range initialization spend 6.389617919921875e-05
time for parepare:  6.699562072753906e-05
local_output_nid generation:  8.344650268554688e-06
local_in_edges_tensor generation:  0.0001652240753173828
mini_batch_src_global generation:  2.3126602172851562e-05
r_  generation:  4.458427429199219e-05
local_output_nid generation:  7.3909759521484375e-06
local_in_edges_tensor generation:  0.00010442733764648438
mini_batch_src_global generation:  1.9311904907226562e-05
r_  generation:  5.602836608886719e-05
local_output_nid generation:  5.7220458984375e-06
local_in_edges_tensor generation:  9.965896606445312e-05
mini_batch_src_global generation:  1.7642974853515625e-05
r_  generation:  5.1021575927734375e-05
local_output_nid generation:  6.198883056640625e-06
local_in_edges_tensor generation:  9.751319885253906e-05
mini_batch_src_global generation:  1.6689300537109375e-05
r_  generation:  3.266334533691406e-05
local_output_nid generation:  6.67572021484375e-06
local_in_edges_tensor generation:  9.584426879882812e-05
mini_batch_src_global generation:  1.6689300537109375e-05
r_  generation:  4.5299530029296875e-05
local_output_nid generation:  5.7220458984375e-06
local_in_edges_tensor generation:  9.72747802734375e-05
mini_batch_src_global generation:  1.6450881958007812e-05
r_  generation:  3.695487976074219e-05
local_output_nid generation:  6.4373016357421875e-06
local_in_edges_tensor generation:  9.512901306152344e-05
mini_batch_src_global generation:  1.5974044799804688e-05
r_  generation:  3.4332275390625e-05
local_output_nid generation:  5.245208740234375e-06
local_in_edges_tensor generation:  9.608268737792969e-05
mini_batch_src_global generation:  1.5735626220703125e-05
r_  generation:  2.9325485229492188e-05
----------------------check_connections_block total spend ----------------------------- 0.0017864704132080078
generate_one_block  0.0011506080627441406
generate_one_block  0.0012907981872558594
generate_one_block  0.0011370182037353516
generate_one_block  0.0010304450988769531
generate_one_block  0.0011043548583984375
generate_one_block  0.001056671142578125
generate_one_block  0.0010285377502441406
generate_one_block  0.0010313987731933594
The real block id is  1
get_global_graph_edges_ids_block function  spend 0.0004749298095703125
gen group dst list time:  5.245208740234375e-05
time for parepare:  0.00014662742614746094
local_output_nid generation:  8.58306884765625e-06
local_in_edges_tensor generation:  0.00017523765563964844
mini_batch_src_global generation:  4.0531158447265625e-05
r_  generation:  0.0002193450927734375
local_output_nid generation:  1.049041748046875e-05
local_in_edges_tensor generation:  0.00011372566223144531
mini_batch_src_global generation:  3.4809112548828125e-05
r_  generation:  0.00020575523376464844
local_output_nid generation:  1.1205673217773438e-05
local_in_edges_tensor generation:  0.00011134147644042969
mini_batch_src_global generation:  3.7670135498046875e-05
r_  generation:  0.00025272369384765625
local_output_nid generation:  7.62939453125e-06
local_in_edges_tensor generation:  0.00010895729064941406
mini_batch_src_global generation:  3.1948089599609375e-05
r_  generation:  0.00018262863159179688
local_output_nid generation:  1.049041748046875e-05
local_in_edges_tensor generation:  0.00010895729064941406
mini_batch_src_global generation:  3.218650817871094e-05
r_  generation:  0.00022220611572265625
local_output_nid generation:  9.298324584960938e-06
local_in_edges_tensor generation:  0.00010991096496582031
mini_batch_src_global generation:  3.4332275390625e-05
r_  generation:  0.0002276897430419922
local_output_nid generation:  8.821487426757812e-06
local_in_edges_tensor generation:  0.00012063980102539062
mini_batch_src_global generation:  3.62396240234375e-05
r_  generation:  0.0001704692840576172
local_output_nid generation:  7.62939453125e-06
local_in_edges_tensor generation:  0.00010752677917480469
mini_batch_src_global generation:  2.6941299438476562e-05
r_  generation:  0.00014543533325195312
----------------------check_connections_block total spend ----------------------------- 0.0037238597869873047
generate_one_block  0.0013341903686523438
generate_one_block  0.0012459754943847656
generate_one_block  0.0013244152069091797
generate_one_block  0.0012164115905761719
generate_one_block  0.0012936592102050781
generate_one_block  0.0012962818145751953
generate_one_block  0.0011343955993652344
generate_one_block  0.001104593276977539
The real block id is  0
get_global_graph_edges_ids_block function  spend 0.0006966590881347656
gen group dst list time:  9.393692016601562e-05
time for parepare:  0.0001690387725830078
local_output_nid generation:  2.9087066650390625e-05
local_in_edges_tensor generation:  0.0002796649932861328
mini_batch_src_global generation:  9.250640869140625e-05
r_  generation:  0.0007233619689941406
local_output_nid generation:  2.8133392333984375e-05
local_in_edges_tensor generation:  0.0001513957977294922
mini_batch_src_global generation:  8.797645568847656e-05
r_  generation:  0.0005872249603271484
local_output_nid generation:  3.695487976074219e-05
local_in_edges_tensor generation:  0.00016236305236816406
mini_batch_src_global generation:  8.058547973632812e-05
r_  generation:  0.0007569789886474609
local_output_nid generation:  3.170967102050781e-05
local_in_edges_tensor generation:  0.00015592575073242188
mini_batch_src_global generation:  7.915496826171875e-05
r_  generation:  0.0006518363952636719
local_output_nid generation:  3.409385681152344e-05
local_in_edges_tensor generation:  0.0001571178436279297
mini_batch_src_global generation:  7.987022399902344e-05
r_  generation:  0.0007047653198242188
local_output_nid generation:  3.6716461181640625e-05
local_in_edges_tensor generation:  0.00016188621520996094
mini_batch_src_global generation:  8.797645568847656e-05
r_  generation:  0.0007710456848144531
local_output_nid generation:  2.8133392333984375e-05
local_in_edges_tensor generation:  0.00015592575073242188
mini_batch_src_global generation:  7.486343383789062e-05
r_  generation:  0.0005385875701904297
local_output_nid generation:  2.193450927734375e-05
local_in_edges_tensor generation:  0.00013566017150878906
mini_batch_src_global generation:  6.151199340820312e-05
r_  generation:  0.00045871734619140625
----------------------check_connections_block total spend ----------------------------- 0.00919651985168457
generate_one_block  0.0018513202667236328
generate_one_block  0.0016994476318359375
generate_one_block  0.0018298625946044922
generate_one_block  0.0017359256744384766
generate_one_block  0.0017859935760498047
generate_one_block  0.0018739700317382812
generate_one_block  0.0015981197357177734
generate_one_block  0.0014786720275878906
-----------------------------------------after block dataloader generation 
 Nvidia-smi: 1.2674560546875 GB
    Memory Allocated: 0.007821083068847656  GigaBytes
Max Memory Allocated: 0.013403892517089844  GigaBytes

connection checking time:  0.012920379638671875
block generation total time  0.023803234100341797
average batch blocks generation time:  0.0029754042625427246
block dataloader generation time/epoch 0.05762290954589844
----------------------------------------before batch_pred = model(blocks, batch_inputs) 
 Nvidia-smi: 1.2674560546875 GB
    Memory Allocated: 0.00895833969116211  GigaBytes
Max Memory Allocated: 0.013807296752929688  GigaBytes

torch.Size([1133, 1433])
torch.Size([434, 64])
-----------------------------------------batch_pred = model(blocks, batch_inputs) 
 Nvidia-smi: 1.2674560546875 GB
    Memory Allocated: 0.009420394897460938  GigaBytes
Max Memory Allocated: 0.013807296752929688  GigaBytes

----------------------------------------before batch_pred = model(blocks, batch_inputs) 
 Nvidia-smi: 1.2674560546875 GB
    Memory Allocated: 0.007779121398925781  GigaBytes
Max Memory Allocated: 0.013808250427246094  GigaBytes

torch.Size([890, 1433])
torch.Size([316, 64])
-----------------------------------------batch_pred = model(blocks, batch_inputs) 
 Nvidia-smi: 1.2674560546875 GB
    Memory Allocated: 0.008159160614013672  GigaBytes
Max Memory Allocated: 0.013808250427246094  GigaBytes

----------------------------------------before batch_pred = model(blocks, batch_inputs) 
 Nvidia-smi: 1.2674560546875 GB
    Memory Allocated: 0.008725166320800781  GigaBytes
Max Memory Allocated: 0.013808250427246094  GigaBytes

torch.Size([1089, 1433])
torch.Size([476, 64])
-----------------------------------------batch_pred = model(blocks, batch_inputs) 
 Nvidia-smi: 1.2674560546875 GB
    Memory Allocated: 0.009248733520507812  GigaBytes
Max Memory Allocated: 0.013808250427246094  GigaBytes

----------------------------------------before batch_pred = model(blocks, batch_inputs) 
 Nvidia-smi: 1.2674560546875 GB
    Memory Allocated: 0.008389472961425781  GigaBytes
Max Memory Allocated: 0.01418161392211914  GigaBytes

torch.Size([1027, 1433])
torch.Size([387, 64])
-----------------------------------------batch_pred = model(blocks, batch_inputs) 
 Nvidia-smi: 1.2674560546875 GB
    Memory Allocated: 0.00880575180053711  GigaBytes
Max Memory Allocated: 0.01418161392211914  GigaBytes

----------------------------------------before batch_pred = model(blocks, batch_inputs) 
 Nvidia-smi: 1.2674560546875 GB
    Memory Allocated: 0.008978843688964844  GigaBytes
Max Memory Allocated: 0.014438152313232422  GigaBytes

torch.Size([1137, 1433])
torch.Size([450, 64])
-----------------------------------------batch_pred = model(blocks, batch_inputs) 
 Nvidia-smi: 1.2674560546875 GB
    Memory Allocated: 0.009467601776123047  GigaBytes
Max Memory Allocated: 0.014438152313232422  GigaBytes

----------------------------------------before batch_pred = model(blocks, batch_inputs) 
 Nvidia-smi: 1.2674560546875 GB
    Memory Allocated: 0.009305953979492188  GigaBytes
Max Memory Allocated: 0.015350818634033203  GigaBytes

torch.Size([1198, 1433])
torch.Size([482, 64])
-----------------------------------------batch_pred = model(blocks, batch_inputs) 
 Nvidia-smi: 1.2674560546875 GB
    Memory Allocated: 0.009815216064453125  GigaBytes
Max Memory Allocated: 0.015350818634033203  GigaBytes

----------------------------------------before batch_pred = model(blocks, batch_inputs) 
 Nvidia-smi: 1.2674560546875 GB
    Memory Allocated: 0.007825374603271484  GigaBytes
Max Memory Allocated: 0.015350818634033203  GigaBytes

torch.Size([922, 1433])
torch.Size([349, 64])
-----------------------------------------batch_pred = model(blocks, batch_inputs) 
 Nvidia-smi: 1.2674560546875 GB
    Memory Allocated: 0.008197307586669922  GigaBytes
Max Memory Allocated: 0.015350818634033203  GigaBytes

----------------------------------------before batch_pred = model(blocks, batch_inputs) 
 Nvidia-smi: 1.2674560546875 GB
    Memory Allocated: 0.007289409637451172  GigaBytes
Max Memory Allocated: 0.015350818634033203  GigaBytes

torch.Size([822, 1433])
torch.Size([256, 64])
-----------------------------------------batch_pred = model(blocks, batch_inputs) 
 Nvidia-smi: 1.2674560546875 GB
    Memory Allocated: 0.007587909698486328  GigaBytes
Max Memory Allocated: 0.015350818634033203  GigaBytes

times | data loading | block to device | model prediction | loss calculation | loss backward |  optimizer step |
      |0.0017075538635253906 |0.0003668069839477539 |0.002962082624435425 |0.00010353326797485352 |0.00309675931930542 |0.0014007091522216797 |
----------------------------------------------------------pseudo_mini_loss sum 1.7640938758850098
Total (block generation + training)time/epoch 0.13228583335876465
Training time/epoch 0.0743861198425293
Training time without block to device /epoch 0.07145166397094727
Training time without total dataloading part /epoch 0.050699710845947266
load block tensor time/epoch 0.013660430908203125Using backend: pytorch

block to device time/epoch 0.0029344558715820312
input features size transfer per epoch 1.0728836059570312e-06
blocks size to device per epoch 7.152557373046875e-07
 Run 0| Epoch 1 |
Number of nodes for computation during this epoch:  12115
Number of first layer input nodes during this epoch:  8218
