main start at this time 1648428360.062514
-----------------------------------------before load data 
 Nvidia-smi: 0.1717529296875 GB
    Memory Allocated: 0.0  GigaBytes
Max Memory Allocated: 0.0  GigaBytes

  NumNodes: 2708
  NumEdges: 10556
  NumFeats: 1433
  NumClasses: 7
  NumTrainingSamples: 140
  NumValidationSamples: 500
  NumTestSamples: 1000
Done loading data from cached files.
success----------------------------------------
140
500
2068
# Nodes: 2708
# Edges: 10556
# Train: 140
# Val: 500
# Test: 2068
# Classes: 7

in feats:  1433
----------------------------------------before generate_dataloader_block 
 Nvidia-smi: 1.0174560546875 GB
    Memory Allocated: 0.0007228851318359375  GigaBytes
Max Memory Allocated: 0.0007228851318359375  GigaBytes

The real block id is  2
get_global_graph_edges_ids_block function  spend 0.0011758804321289062
range selection method range initialization spend 0.00012063980102539062
time for parepare:  8.106231689453125e-05
local_output_nid generation:  3.719329833984375e-05
local_in_edges_tensor generation:  0.00023031234741210938
mini_batch_src_global generation:  2.765655517578125e-05
r_  generation:  0.002666950225830078
local_output_nid generation:  1.0013580322265625e-05
local_in_edges_tensor generation:  0.00016021728515625
mini_batch_src_global generation:  2.6941299438476562e-05
r_  generation:  5.8650970458984375e-05
local_output_nid generation:  7.62939453125e-06
local_in_edges_tensor generation:  0.00012731552124023438
mini_batch_src_global generation:  1.8358230590820312e-05
r_  generation:  4.076957702636719e-05
local_output_nid generation:  7.62939453125e-06
local_in_edges_tensor generation:  0.00012135505676269531
mini_batch_src_global generation:  2.002716064453125e-05
r_  generation:  6.246566772460938e-05
local_output_nid generation:  7.62939453125e-06
local_in_edges_tensor generation:  0.00012230873107910156
mini_batch_src_global generation:  1.8835067749023438e-05
r_  generation:  4.7206878662109375e-05
local_output_nid generation:  8.58306884765625e-06
local_in_edges_tensor generation:  0.00012254714965820312
mini_batch_src_global generation:  1.8596649169921875e-05
r_  generation:  4.5299530029296875e-05
local_output_nid generation:  7.62939453125e-06
local_in_edges_tensor generation:  0.0001220703125
mini_batch_src_global generation:  1.8835067749023438e-05
r_  generation:  5.1975250244140625e-05
local_output_nid generation:  6.4373016357421875e-06
local_in_edges_tensor generation:  0.00011849403381347656
mini_batch_src_global generation:  1.7404556274414062e-05
r_  generation:  3.4809112548828125e-05
----------------------check_connections_block total spend ----------------------------- 0.00493931770324707
generate_one_block  0.0017423629760742188
generate_one_block  0.0013718605041503906
generate_one_block  0.001348257064819336
generate_one_block  0.0013782978057861328
generate_one_block  0.001415252685546875
generate_one_block  0.0013473033905029297
generate_one_block  0.001178741455078125
generate_one_block  0.0011532306671142578
The real block id is  1
get_global_graph_edges_ids_block function  spend 0.0005297660827636719
gen group dst list time:  7.653236389160156e-05
time for parepare:  0.0001804828643798828
local_output_nid generation:  1.239776611328125e-05
local_in_edges_tensor generation:  0.00021195411682128906
mini_batch_src_global generation:  4.506111145019531e-05
r_  generation:  0.00029730796813964844
local_output_nid generation:  1.0251998901367188e-05
local_in_edges_tensor generation:  0.0001461505889892578
mini_batch_src_global generation:  4.1484832763671875e-05
r_  generation:  0.00026035308837890625
local_output_nid generation:  1.0251998901367188e-05
local_in_edges_tensor generation:  0.0001399517059326172
mini_batch_src_global generation:  3.719329833984375e-05
r_  generation:  0.00024247169494628906
local_output_nid generation:  1.5020370483398438e-05
local_in_edges_tensor generation:  0.00014710426330566406
mini_batch_src_global generation:  4.935264587402344e-05
r_  generation:  0.00037670135498046875
local_output_nid generation:  1.049041748046875e-05
local_in_edges_tensor generation:  0.00014519691467285156
mini_batch_src_global generation:  4.124641418457031e-05
r_  generation:  0.000247955322265625
local_output_nid generation:  9.5367431640625e-06
local_in_edges_tensor generation:  0.00013828277587890625
mini_batch_src_global generation:  3.218650817871094e-05
r_  generation:  0.0001895427703857422
local_output_nid generation:  1.4543533325195312e-05
local_in_edges_tensor generation:  0.00014328956604003906
mini_batch_src_global generation:  4.482269287109375e-05
r_  generation:  0.00035762786865234375
local_output_nid generation:  8.821487426757812e-06
local_in_edges_tensor generation:  0.0001385211944580078
mini_batch_src_global generation:  3.552436828613281e-05
r_  generation:  0.000186920166015625
----------------------check_connections_block total spend ----------------------------- 0.004765987396240234
generate_one_block  0.0016713142395019531
generate_one_block  0.0016169548034667969
generate_one_block  0.001642465591430664
generate_one_block  0.001752614974975586
generate_one_block  0.0015881061553955078
generate_one_block  0.0013775825500488281
generate_one_block  0.0012874603271484375
generate_one_block  0.001171112060546875
The real block id is  0
get_global_graph_edges_ids_block function  spend 0.0006508827209472656
gen group dst list time:  0.0001323223114013672
time for parepare:  0.0002269744873046875
local_output_nid generation:  3.9577484130859375e-05
local_in_edges_tensor generation:  0.00028204917907714844
mini_batch_src_global generation:  0.00010442733764648438
r_  generation:  0.0009286403656005859
local_output_nid generation:  4.696846008300781e-05
local_in_edges_tensor generation:  0.00020432472229003906
mini_batch_src_global generation:  0.00011801719665527344
r_  generation:  0.0008645057678222656
local_output_nid generation:  4.029273986816406e-05
local_in_edges_tensor generation:  0.00019240379333496094
mini_batch_src_global generation:  0.000102996826171875
r_  generation:  0.0008227825164794922
local_output_nid generation:  5.4836273193359375e-05
local_in_edges_tensor generation:  0.00021696090698242188
mini_batch_src_global generation:  0.0001285076141357422
r_  generation:  0.0011463165283203125
local_output_nid generation:  4.1484832763671875e-05
local_in_edges_tensor generation:  0.0001957416534423828
mini_batch_src_global generation:  9.489059448242188e-05
r_  generation:  0.0007464885711669922
local_output_nid generation:  3.0994415283203125e-05
local_in_edges_tensor generation:  0.00018167495727539062
mini_batch_src_global generation:  7.62939453125e-05
r_  generation:  0.0005753040313720703
local_output_nid generation:  6.198883056640625e-05
local_in_edges_tensor generation:  0.00022077560424804688
mini_batch_src_global generation:  0.00011968612670898438
r_  generation:  0.0011911392211914062
local_output_nid generation:  3.24249267578125e-05
local_in_edges_tensor generation:  0.00018715858459472656
mini_batch_src_global generation:  9.465217590332031e-05
r_  generation:  0.0006866455078125
----------------------check_connections_block total spend ----------------------------- 0.012068510055541992
generate_one_block  0.002393007278442383
generate_one_block  0.0019071102142333984
generate_one_block  0.0016772747039794922
generate_one_block  0.0019669532775878906
generate_one_block  0.0016260147094726562
generate_one_block  0.0014624595642089844
generate_one_block  0.002063751220703125
generate_one_block  0.0015573501586914062
-----------------------------------------after block dataloader generation 
 Nvidia-smi: 1.0174560546875 GB
    Memory Allocated: 0.0007228851318359375  GigaBytes
Max Memory Allocated: 0.0007228851318359375  GigaBytes

connection checking time:  0.016834497451782227
block generation total time  0.026761531829833984
average batch blocks generation time:  0.003345191478729248
----------------------------------------before batch_pred = model(blocks, batch_inputs) 
 Nvidia-smi: 1.1014404296875 GB
    Memory Allocated: 0.005980014801025391  GigaBytes
Max Memory Allocated: 0.005980014801025391  GigaBytes

torch.Size([980, 1433])
torch.Size([411, 64])
-----------------------------------------batch_pred = model(blocks, batch_inputs) 
 Nvidia-smi: 1.2615966796875 GB
    Memory Allocated: 0.006432533264160156  GigaBytes
Max Memory Allocated: 0.006530284881591797  GigaBytes

----------------------------------------before batch_pred = model(blocks, batch_inputs) 
 Nvidia-smi: 1.2635498046875 GB
    Memory Allocated: 0.007237911224365234  GigaBytes
Max Memory Allocated: 0.012448310852050781  GigaBytes

torch.Size([1081, 1433])
torch.Size([418, 64])
-----------------------------------------batch_pred = model(blocks, batch_inputs) 
 Nvidia-smi: 1.2635498046875 GB
    Memory Allocated: 0.007679462432861328  GigaBytes
Max Memory Allocated: 0.012448310852050781  GigaBytes

----------------------------------------before batch_pred = model(blocks, batch_inputs) 
 Nvidia-smi: 1.2635498046875 GB
    Memory Allocated: 0.006697654724121094  GigaBytes
Max Memory Allocated: 0.012448310852050781  GigaBytes

torch.Size([961, 1433])
torch.Size([350, 64])
-----------------------------------------batch_pred = model(blocks, batch_inputs) 
 Nvidia-smi: 1.2635498046875 GB
    Memory Allocated: 0.007082462310791016  GigaBytes
Max Memory Allocated: 0.012448310852050781  GigaBytes

----------------------------------------before batch_pred = model(blocks, batch_inputs) 
 Nvidia-smi: 1.2635498046875 GB
    Memory Allocated: 0.008072853088378906  GigaBytes
Max Memory Allocated: 0.013275623321533203  GigaBytes

torch.Size([1236, 1433])
torch.Size([513, 64])
-----------------------------------------batch_pred = model(blocks, batch_inputs) 
 Nvidia-smi: 1.2635498046875 GB
    Memory Allocated: 0.008648872375488281  GigaBytes
Max Memory Allocated: 0.013275623321533203  GigaBytes

----------------------------------------before batch_pred = model(blocks, batch_inputs) 
 Nvidia-smi: 1.2655029296875 GB
    Memory Allocated: 0.006695747375488281  GigaBytes
Max Memory Allocated: 0.013275623321533203  GigaBytes

torch.Size([923, 1433])
torch.Size([357, 64])
-----------------------------------------batch_pred = model(blocks, batch_inputs) 
 Nvidia-smi: 1.2655029296875 GB
    Memory Allocated: 0.007088661193847656  GigaBytes
Max Memory Allocated: 0.013275623321533203  GigaBytes

----------------------------------------before batch_pred = model(blocks, batch_inputs) 
 Nvidia-smi: 1.2655029296875 GB
    Memory Allocated: 0.005656242370605469  GigaBytes
Max Memory Allocated: 0.013275623321533203  GigaBytes

torch.Size([786, 1433])
torch.Size([259, 64])
-----------------------------------------batch_pred = model(blocks, batch_inputs) 
 Nvidia-smi: 1.2655029296875 GB
    Memory Allocated: 0.005959510803222656  GigaBytes
Max Memory Allocated: 0.013275623321533203  GigaBytes

----------------------------------------before batch_pred = model(blocks, batch_inputs) 
 Nvidia-smi: 1.2655029296875 GB
    Memory Allocated: 0.008634090423583984  GigaBytes
Max Memory Allocated: 0.013275623321533203  GigaBytes

torch.Size([1341, 1433])
torch.Size([572, 64])
-----------------------------------------batch_pred = model(blocks, batch_inputs) 
 Nvidia-smi: 1.2655029296875 GB
    Memory Allocated: 0.009236812591552734  GigaBytes
Max Memory Allocated: 0.013275623321533203  GigaBytes

----------------------------------------before batch_pred = model(blocks, batch_inputs) 
 Nvidia-smi: 1.2635498046875 GB
    Memory Allocated: 0.006224155426025391  GigaBytes
Max Memory Allocated: 0.013366222381591797  GigaBytes

torch.Size([892, 1433])
torch.Size([285, 64])
-----------------------------------------batch_pred = model(blocks, batch_inputs) 
 Nvidia-smi: 1.2635498046875 GB
    Memory Allocated: 0.006541252136230469  GigaBytes
Max Memory Allocated: 0.013366222381591797  GigaBytes

times | data loading | block to device | model prediction | loss calculation | loss backward |  optimizer step |
      |0.010412931442260742 |0.0440976619720459 |0.09764409065246582 |0.00013020634651184082 |0.0032928884029388428 |0.0020835399627685547 |
----------------------------------------------------------pseudo_mini_loss sum 3.222132682800293
 Run 0| Epoch 0 |
Number of nodes for computation during this epoch:  12116
Number of first layer input nodes during this epoch:  8200
----------------------------------------before generate_dataloader_block 
 Nvidia-smi: 1.2655029296875 GB
    Memory Allocated: 0.0077056884765625  GigaBytes
Max Memory Allocated: 0.013366222381591797  GigaBytes

The real block id is  2
get_global_graph_edges_ids_block function  spend 0.0004584789276123047
range selection method range initialization spend 6.270408630371094e-05
time for parepare:  6.914138793945312e-05
local_output_nid generation:  9.059906005859375e-06
local_in_edges_tensor generation:  0.00016689300537109375
mini_batch_src_global generation:  2.4080276489257812e-05
r_  generation:  4.267692565917969e-05
local_output_nid generation:  7.62939453125e-06
local_in_edges_tensor generation:  0.00010466575622558594
mini_batch_src_global generation:  1.9311904907226562e-05
r_  generation:  5.555152893066406e-05
local_output_nid generation:  6.4373016357421875e-06
local_in_edges_tensor generation:  0.0001010894775390625
mini_batch_src_global generation:  1.7642974853515625e-05
r_  generation:  5.0067901611328125e-05
local_output_nid generation:  5.9604644775390625e-06
local_in_edges_tensor generation:  9.703636169433594e-05
mini_batch_src_global generation:  1.621246337890625e-05
r_  generation:  3.218650817871094e-05
local_output_nid generation:  6.67572021484375e-06
local_in_edges_tensor generation:  9.608268737792969e-05
mini_batch_src_global generation:  1.6689300537109375e-05
r_  generation:  4.3392181396484375e-05
local_output_nid generation:  5.7220458984375e-06
local_in_edges_tensor generation:  9.775161743164062e-05
mini_batch_src_global generation:  1.6927719116210938e-05
r_  generation:  3.5762786865234375e-05
local_output_nid generation:  6.198883056640625e-06
local_in_edges_tensor generation:  9.441375732421875e-05
mini_batch_src_global generation:  1.5497207641601562e-05
r_  generation:  3.314018249511719e-05
local_output_nid generation:  5.0067901611328125e-06
local_in_edges_tensor generation:  9.465217590332031e-05
mini_batch_src_global generation:  1.5735626220703125e-05
r_  generation:  2.8371810913085938e-05
----------------------check_connections_block total spend ----------------------------- 0.0017778873443603516
generate_one_block  0.001146554946899414
generate_one_block  0.0012574195861816406
generate_one_block  0.0011343955993652344
generate_one_block  0.0011088848114013672
generate_one_block  0.0010900497436523438
generate_one_block  0.0010833740234375
generate_one_block  0.0010731220245361328
generate_one_block  0.0011219978332519531
The real block id is  1
get_global_graph_edges_ids_block function  spend 0.0004892349243164062
gen group dst list time:  5.4836273193359375e-05
time for parepare:  0.0001499652862548828
local_output_nid generation:  9.298324584960938e-06
local_in_edges_tensor generation:  0.00017976760864257812
mini_batch_src_global generation:  3.981590270996094e-05
r_  generation:  0.00022983551025390625
local_output_nid generation:  9.5367431640625e-06
local_in_edges_tensor generation:  0.00012087821960449219
mini_batch_src_global generation:  3.790855407714844e-05
r_  generation:  0.0002167224884033203
local_output_nid generation:  1.0967254638671875e-05
local_in_edges_tensor generation:  0.00011920928955078125
mini_batch_src_global generation:  4.00543212890625e-05
r_  generation:  0.0002675056457519531
local_output_nid generation:  7.867813110351562e-06
local_in_edges_tensor generation:  0.00011706352233886719
mini_batch_src_global generation:  3.552436828613281e-05
r_  generation:  0.00019407272338867188
local_output_nid generation:  1.0251998901367188e-05
local_in_edges_tensor generation:  0.00012445449829101562
mini_batch_src_global generation:  3.9577484130859375e-05
r_  generation:  0.00023508071899414062
local_output_nid generation:  9.298324584960938e-06
local_in_edges_tensor generation:  0.00011968612670898438
mini_batch_src_global generation:  3.62396240234375e-05
r_  generation:  0.00023484230041503906
local_output_nid generation:  8.58306884765625e-06
local_in_edges_tensor generation:  0.000125885009765625
mini_batch_src_global generation:  3.719329833984375e-05
r_  generation:  0.000179290771484375
local_output_nid generation:  7.62939453125e-06
local_in_edges_tensor generation:  0.00011610984802246094
mini_batch_src_global generation:  2.8848648071289062e-05
r_  generation:  0.0001533031463623047
----------------------check_connections_block total spend ----------------------------- 0.0039327144622802734
generate_one_block  0.0014040470123291016
generate_one_block  0.001312255859375
generate_one_block  0.0013759136199951172
generate_one_block  0.0012683868408203125
generate_one_block  0.0013422966003417969
generate_one_block  0.0013327598571777344
generate_one_block  0.0012538433074951172
generate_one_block  0.0011742115020751953
The real block id is  0
get_global_graph_edges_ids_block function  spend 0.0006787776947021484
gen group dst list time:  9.942054748535156e-05
time for parepare:  0.0001709461212158203
local_output_nid generation:  3.075599670410156e-05
local_in_edges_tensor generation:  0.0002396106719970703
mini_batch_src_global generation:  7.557868957519531e-05
r_  generation:  0.0007708072662353516
local_output_nid generation:  2.6226043701171875e-05
local_in_edges_tensor generation:  0.0001571178436279297
mini_batch_src_global generation:  8.392333984375e-05
r_  generation:  0.0006213188171386719
local_output_nid generation:  3.719329833984375e-05
local_in_edges_tensor generation:  0.00017309188842773438
mini_batch_src_global generation:  8.749961853027344e-05
r_  generation:  0.000789642333984375
local_output_nid generation:  3.0994415283203125e-05
local_in_edges_tensor generation:  0.00016355514526367188
mini_batch_src_global generation:  8.58306884765625e-05
r_  generation:  0.0006887912750244141
local_output_nid generation:  3.647804260253906e-05
local_in_edges_tensor generation:  0.00016927719116210938
mini_batch_src_global generation:  9.250640869140625e-05
r_  generation:  0.0007562637329101562
local_output_nid generation:  3.814697265625e-05
local_in_edges_tensor generation:  0.00017595291137695312
mini_batch_src_global generation:  9.298324584960938e-05
r_  generation:  0.0008246898651123047
local_output_nid generation:  2.8848648071289062e-05
local_in_edges_tensor generation:  0.0001595020294189453
mini_batch_src_global generation:  7.62939453125e-05
r_  generation:  0.0005826950073242188
local_output_nid generation:  2.2649765014648438e-05
local_in_edges_tensor generation:  0.00014925003051757812
mini_batch_src_global generation:  6.604194641113281e-05
r_  generation:  0.0004987716674804688
----------------------check_connections_block total spend ----------------------------- 0.009559869766235352
generate_one_block  0.0020749568939208984
generate_one_block  0.0017833709716796875
generate_one_block  0.0018787384033203125
generate_one_block  0.0017423629760742188
generate_one_block  0.0018153190612792969
generate_one_block  0.001886129379272461
generate_one_block  0.0016171932220458984
generate_one_block  0.0015001296997070312
-----------------------------------------after block dataloader generation 
 Nvidia-smi: 1.2655029296875 GB
    Memory Allocated: 0.0077056884765625  GigaBytes
Max Memory Allocated: 0.013366222381591797  GigaBytes

connection checking time:  0.013492584228515625
block generation total time  0.02476191520690918
average batch blocks generation time:  0.0030952394008636475
block dataloader generation time/epoch 0.0594182014465332
----------------------------------------before batch_pred = model(blocks, batch_inputs) 
 Nvidia-smi: 1.2655029296875 GB
    Memory Allocated: 0.009059429168701172  GigaBytes
Max Memory Allocated: 0.013796329498291016  GigaBytes

torch.Size([1152, 1433])
torch.Size([436, 64])
-----------------------------------------batch_pred = model(blocks, batch_inputs) 
 Nvidia-smi: 1.2655029296875 GB
    Memory Allocated: 0.00952291488647461  GigaBytes
Max Memory Allocated: 0.013796329498291016  GigaBytes

----------------------------------------before batch_pred = model(blocks, batch_inputs) 
 Nvidia-smi: 1.2655029296875 GB
    Memory Allocated: 0.007672309875488281  GigaBytes
Max Memory Allocated: 0.013802528381347656  GigaBytes

torch.Size([893, 1433])
torch.Size([317, 64])
-----------------------------------------batch_pred = model(blocks, batch_inputs) 
 Nvidia-smi: 1.2655029296875 GB
    Memory Allocated: 0.008053779602050781  GigaBytes
Max Memory Allocated: 0.013802528381347656  GigaBytes

----------------------------------------before batch_pred = model(blocks, batch_inputs) 
 Nvidia-smi: 1.2655029296875 GB
    Memory Allocated: 0.008768081665039062  GigaBytes
Max Memory Allocated: 0.013802528381347656  GigaBytes

torch.Size([1097, 1433])
torch.Size([476, 64])
-----------------------------------------batch_pred = model(blocks, batch_inputs) 
 Nvidia-smi: 1.2655029296875 GB
    Memory Allocated: 0.009291648864746094  GigaBytes
Max Memory Allocated: 0.013802528381347656  GigaBytes

----------------------------------------before batch_pred = model(blocks, batch_inputs) 
 Nvidia-smi: 1.2655029296875 GB
    Memory Allocated: 0.008491992950439453  GigaBytes
Max Memory Allocated: 0.014326095581054688  GigaBytes

torch.Size([1046, 1433])
torch.Size([387, 64])
-----------------------------------------batch_pred = model(blocks, batch_inputs) 
 Nvidia-smi: 1.2655029296875 GB
    Memory Allocated: 0.008909225463867188  GigaBytes
Max Memory Allocated: 0.014326095581054688  GigaBytes

----------------------------------------before batch_pred = model(blocks, batch_inputs) 
 Nvidia-smi: 1.2655029296875 GB
    Memory Allocated: 0.009033203125  GigaBytes
Max Memory Allocated: 0.014593124389648438  GigaBytes

torch.Size([1147, 1433])
torch.Size([445, 64])
-----------------------------------------batch_pred = model(blocks, batch_inputs) 
 Nvidia-smi: 1.2655029296875 GB
    Memory Allocated: 0.009519577026367188  GigaBytes
Max Memory Allocated: 0.014593124389648438  GigaBytes

----------------------------------------before batch_pred = model(blocks, batch_inputs) 
 Nvidia-smi: 1.2655029296875 GB
    Memory Allocated: 0.009360313415527344  GigaBytes
Max Memory Allocated: 0.015457630157470703  GigaBytes

torch.Size([1208, 1433])
torch.Size([483, 64])
-----------------------------------------batch_pred = model(blocks, batch_inputs) 
 Nvidia-smi: 1.2655029296875 GB
    Memory Allocated: 0.009871959686279297  GigaBytes
Max Memory Allocated: 0.015457630157470703  GigaBytes

----------------------------------------before batch_pred = model(blocks, batch_inputs) 
 Nvidia-smi: 1.2655029296875 GB
    Memory Allocated: 0.007878780364990234  GigaBytes
Max Memory Allocated: 0.015457630157470703  GigaBytes

torch.Size([932, 1433])
torch.Size([342, 64])
-----------------------------------------batch_pred = model(blocks, batch_inputs) 
 Nvidia-smi: 1.2655029296875 GB
    Memory Allocated: 0.008244514465332031  GigaBytes
Max Memory Allocated: 0.015457630157470703  GigaBytes

----------------------------------------before batch_pred = model(blocks, batch_inputs) 
 Nvidia-smi: 1.2655029296875 GB
    Memory Allocated: 0.007466316223144531  GigaBytes
Max Memory Allocated: 0.015457630157470703  GigaBytes

torch.Size([855, 1433])
torch.Size([258, 64])
-----------------------------------------batch_pred = model(blocks, batch_inputs) 
 Nvidia-smi: 1.2655029296875 GB
    Memory Allocated: 0.007768154144287109  GigaBytes
Max Memory Allocated: 0.015457630157470703  GigaBytes

times | data loading | block to device | model prediction | loss calculation | loss backward |  optimizer step |
      |0.0016625821590423584 |0.0003806650638580322 |0.0030886828899383545 |0.00010347366333007812 |0.0030897557735443115 |0.0013823509216308594 |
----------------------------------------------------------pseudo_mini_loss sum 1.7745362520217896
Total (block generation + training)time/epoch 0.13500070571899414
Training time/epoch 0.07521915435791016
Training time without block to device /epoch 0.0721738338470459
Training time without total dataloading part /epoch 0.05163764953613281
load block tensor time/epoch 0.013300657272338867
Using backend: pytorch
block to device time/epoch 0.003045320510864258
input features size transfer per epoch 1.0728836059570312e-06
blocks size to device per epoch 7.152557373046875e-07
 Run 0| Epoch 1 |
Number of nodes for computation during this epoch:  12221
Number of first layer input nodes during this epoch:  8330
