main start at this time 1648498421.108732
-----------------------------------------before load data 
 Nvidia-smi: 0.1717529296875 GB
    Memory Allocated: 0.0  GigaBytes
Max Memory Allocated: 0.0  GigaBytes

  NumNodes: 2708
  NumEdges: 10556
  NumFeats: 1433
  NumClasses: 7
  NumTrainingSamples: 140
  NumValidationSamples: 500
  NumTestSamples: 1000
Done loading data from cached files.
success----------------------------------------
140
500
2068
# Nodes: 2708
# Edges: 10556
# Train: 140
# Val: 500
# Test: 2068
# Classes: 7

in feats:  1433
----------------------------------------before generate_dataloader_block 
 Nvidia-smi: 1.0174560546875 GB
    Memory Allocated: 0.000179290771484375  GigaBytes
Max Memory Allocated: 0.000179290771484375  GigaBytes

The real block id is  2
get_global_graph_edges_ids_block function  spend 0.0013730525970458984
random selection method range initialization spend 0.00019025802612304688
time for parepare:  6.461143493652344e-05
local_output_nid generation:  2.3365020751953125e-05
local_in_edges_tensor generation:  0.00020885467529296875
mini_batch_src_global generation:  2.5272369384765625e-05
r_  generation:  0.0025207996368408203
local_output_nid generation:  6.198883056640625e-06
local_in_edges_tensor generation:  0.00012922286987304688
mini_batch_src_global generation:  2.2649765014648438e-05
r_  generation:  2.5987625122070312e-05
local_output_nid generation:  5.7220458984375e-06
local_in_edges_tensor generation:  0.00010347366333007812
mini_batch_src_global generation:  1.71661376953125e-05
r_  generation:  4.7206878662109375e-05
local_output_nid generation:  4.291534423828125e-06
local_in_edges_tensor generation:  9.894371032714844e-05
mini_batch_src_global generation:  1.621246337890625e-05
r_  generation:  2.86102294921875e-05
local_output_nid generation:  4.291534423828125e-06
local_in_edges_tensor generation:  9.5367431640625e-05
mini_batch_src_global generation:  1.4543533325195312e-05
r_  generation:  2.6702880859375e-05
local_output_nid generation:  3.814697265625e-06
local_in_edges_tensor generation:  9.465217590332031e-05
mini_batch_src_global generation:  1.5020370483398438e-05
r_  generation:  2.8371810913085938e-05
local_output_nid generation:  4.76837158203125e-06
local_in_edges_tensor generation:  9.417533874511719e-05
mini_batch_src_global generation:  1.52587890625e-05
r_  generation:  3.4332275390625e-05
local_output_nid generation:  4.0531158447265625e-06
local_in_edges_tensor generation:  9.679794311523438e-05
mini_batch_src_global generation:  1.5974044799804688e-05
r_  generation:  2.6941299438476562e-05
local_output_nid generation:  4.5299530029296875e-06
local_in_edges_tensor generation:  9.369850158691406e-05
mini_batch_src_global generation:  1.4543533325195312e-05
r_  generation:  2.6941299438476562e-05
local_output_nid generation:  3.814697265625e-06
local_in_edges_tensor generation:  9.417533874511719e-05
mini_batch_src_global generation:  1.52587890625e-05
r_  generation:  2.384185791015625e-05
local_output_nid generation:  4.5299530029296875e-06
local_in_edges_tensor generation:  9.441375732421875e-05
mini_batch_src_global generation:  1.4781951904296875e-05
r_  generation:  2.4080276489257812e-05
local_output_nid generation:  4.76837158203125e-06
local_in_edges_tensor generation:  9.322166442871094e-05
mini_batch_src_global generation:  1.4543533325195312e-05
r_  generation:  2.765655517578125e-05
local_output_nid generation:  5.0067901611328125e-06
local_in_edges_tensor generation:  9.226799011230469e-05
mini_batch_src_global generation:  1.4066696166992188e-05
r_  generation:  2.2649765014648438e-05
local_output_nid generation:  4.76837158203125e-06
local_in_edges_tensor generation:  9.1552734375e-05
mini_batch_src_global generation:  1.4543533325195312e-05
r_  generation:  2.2411346435546875e-05
local_output_nid generation:  4.5299530029296875e-06
local_in_edges_tensor generation:  9.250640869140625e-05
mini_batch_src_global generation:  1.4066696166992188e-05
r_  generation:  2.09808349609375e-05
local_output_nid generation:  3.814697265625e-06
local_in_edges_tensor generation:  9.1552734375e-05
mini_batch_src_global generation:  1.3828277587890625e-05
r_  generation:  1.621246337890625e-05
----------------------check_connections_block total spend ----------------------------- 0.005631923675537109
generate_one_block  0.0013377666473388672
generate_one_block  0.0011379718780517578
generate_one_block  0.0011448860168457031
generate_one_block  0.0010726451873779297
generate_one_block  0.0010800361633300781
generate_one_block  0.0010831356048583984
generate_one_block  0.001073598861694336
generate_one_block  0.0010707378387451172
generate_one_block  0.0010612010955810547
generate_one_block  0.0010597705841064453
generate_one_block  0.0011014938354492188
generate_one_block  0.0010824203491210938
generate_one_block  0.001065969467163086
generate_one_block  0.0010304450988769531
generate_one_block  0.0010242462158203125
generate_one_block  0.0010061264038085938
The real block id is  1
get_global_graph_edges_ids_block function  spend 0.0005941390991210938
gen group dst list time:  9.083747863769531e-05
time for parepare:  0.00014019012451171875
local_output_nid generation:  5.9604644775390625e-06
local_in_edges_tensor generation:  0.00021457672119140625
mini_batch_src_global generation:  4.029273986816406e-05
r_  generation:  0.0001533031463623047
local_output_nid generation:  5.4836273193359375e-06
local_in_edges_tensor generation:  0.00011205673217773438
mini_batch_src_global generation:  2.5987625122070312e-05
r_  generation:  0.00010800361633300781
local_output_nid generation:  1.0251998901367188e-05
local_in_edges_tensor generation:  0.00011205673217773438
mini_batch_src_global generation:  3.170967102050781e-05
r_  generation:  0.00020647048950195312
local_output_nid generation:  6.9141387939453125e-06
local_in_edges_tensor generation:  0.00012111663818359375
mini_batch_src_global generation:  2.9325485229492188e-05
r_  generation:  0.00012373924255371094
local_output_nid generation:  4.76837158203125e-06
local_in_edges_tensor generation:  0.00010514259338378906
mini_batch_src_global generation:  2.1219253540039062e-05
r_  generation:  7.43865966796875e-05
local_output_nid generation:  7.62939453125e-06
local_in_edges_tensor generation:  0.00012421607971191406
mini_batch_src_global generation:  2.4557113647460938e-05
r_  generation:  0.00013065338134765625
local_output_nid generation:  6.67572021484375e-06
local_in_edges_tensor generation:  0.00010967254638671875
mini_batch_src_global generation:  2.6702880859375e-05
r_  generation:  0.00014662742614746094
local_output_nid generation:  5.9604644775390625e-06
local_in_edges_tensor generation:  0.0001068115234375
mini_batch_src_global generation:  2.5272369384765625e-05
r_  generation:  0.00012063980102539062
local_output_nid generation:  5.0067901611328125e-06
local_in_edges_tensor generation:  0.00010323524475097656
mini_batch_src_global generation:  2.1696090698242188e-05
r_  generation:  8.177757263183594e-05
local_output_nid generation:  5.0067901611328125e-06
local_in_edges_tensor generation:  0.00010204315185546875
mini_batch_src_global generation:  2.0503997802734375e-05
r_  generation:  8.296966552734375e-05
local_output_nid generation:  5.4836273193359375e-06
local_in_edges_tensor generation:  0.00010347366333007812
mini_batch_src_global generation:  2.5272369384765625e-05
r_  generation:  0.00013947486877441406
local_output_nid generation:  6.67572021484375e-06
local_in_edges_tensor generation:  0.00010800361633300781
mini_batch_src_global generation:  2.7179718017578125e-05
r_  generation:  0.0001373291015625
local_output_nid generation:  5.4836273193359375e-06
local_in_edges_tensor generation:  0.00010633468627929688
mini_batch_src_global generation:  2.86102294921875e-05
r_  generation:  0.00016117095947265625
local_output_nid generation:  5.245208740234375e-06
local_in_edges_tensor generation:  0.00010752677917480469
mini_batch_src_global generation:  2.5033950805664062e-05
r_  generation:  0.00011515617370605469
local_output_nid generation:  4.5299530029296875e-06
local_in_edges_tensor generation:  0.00010395050048828125
mini_batch_src_global generation:  2.9087066650390625e-05
r_  generation:  9.226799011230469e-05
local_output_nid generation:  3.814697265625e-06
local_in_edges_tensor generation:  0.00011444091796875
mini_batch_src_global generation:  2.0503997802734375e-05
r_  generation:  6.67572021484375e-05
----------------------check_connections_block total spend ----------------------------- 0.005446672439575195
generate_one_block  0.0012638568878173828
generate_one_block  0.0011196136474609375
generate_one_block  0.0012364387512207031
generate_one_block  0.0011341571807861328
generate_one_block  0.0010521411895751953
generate_one_block  0.001161336898803711
generate_one_block  0.0012011528015136719
generate_one_block  0.001135110855102539
generate_one_block  0.001066446304321289
generate_one_block  0.0010361671447753906
generate_one_block  0.0011050701141357422
generate_one_block  0.0011029243469238281
generate_one_block  0.0011432170867919922
generate_one_block  0.0011060237884521484
generate_one_block  0.0010318756103515625
generate_one_block  0.0009961128234863281
The real block id is  0
get_global_graph_edges_ids_block function  spend 0.0006775856018066406
gen group dst list time:  0.00013947486877441406
time for parepare:  0.0002086162567138672
local_output_nid generation:  2.3365020751953125e-05
local_in_edges_tensor generation:  0.0002372264862060547
mini_batch_src_global generation:  7.414817810058594e-05
r_  generation:  0.0005326271057128906
local_output_nid generation:  2.1696090698242188e-05
local_in_edges_tensor generation:  0.00014591217041015625
mini_batch_src_global generation:  5.698204040527344e-05
r_  generation:  0.00038886070251464844
local_output_nid generation:  2.8848648071289062e-05
local_in_edges_tensor generation:  0.00015401840209960938
mini_batch_src_global generation:  7.05718994140625e-05
r_  generation:  0.0006258487701416016
local_output_nid generation:  2.1457672119140625e-05
local_in_edges_tensor generation:  0.00014472007751464844
mini_batch_src_global generation:  6.341934204101562e-05
r_  generation:  0.0004634857177734375
local_output_nid generation:  1.0728836059570312e-05
local_in_edges_tensor generation:  0.00012874603271484375
mini_batch_src_global generation:  4.100799560546875e-05
r_  generation:  0.00019431114196777344
local_output_nid generation:  2.0742416381835938e-05
local_in_edges_tensor generation:  0.00022983551025390625
mini_batch_src_global generation:  5.2928924560546875e-05
r_  generation:  0.00043392181396484375
local_output_nid generation:  2.0265579223632812e-05
local_in_edges_tensor generation:  0.00014281272888183594
mini_batch_src_global generation:  5.7697296142578125e-05
r_  generation:  0.0004398822784423828
local_output_nid generation:  1.9073486328125e-05
local_in_edges_tensor generation:  0.00013709068298339844
mini_batch_src_global generation:  5.507469177246094e-05
r_  generation:  0.0004086494445800781
local_output_nid generation:  1.430511474609375e-05
local_in_edges_tensor generation:  0.00012755393981933594
mini_batch_src_global generation:  4.410743713378906e-05
r_  generation:  0.0002684593200683594
local_output_nid generation:  1.52587890625e-05
local_in_edges_tensor generation:  0.0001533031463623047
mini_batch_src_global generation:  4.792213439941406e-05
r_  generation:  0.00034809112548828125
local_output_nid generation:  2.193450927734375e-05
local_in_edges_tensor generation:  0.00013947486877441406
mini_batch_src_global generation:  5.841255187988281e-05
r_  generation:  0.00048828125
local_output_nid generation:  2.0265579223632812e-05
local_in_edges_tensor generation:  0.00013899803161621094
mini_batch_src_global generation:  5.7697296142578125e-05
r_  generation:  0.0004284381866455078
local_output_nid generation:  2.9325485229492188e-05
local_in_edges_tensor generation:  0.00015473365783691406
mini_batch_src_global generation:  7.295608520507812e-05
r_  generation:  0.000637054443359375
local_output_nid generation:  1.9311904907226562e-05
local_in_edges_tensor generation:  0.00014066696166992188
mini_batch_src_global generation:  6.103515625e-05
r_  generation:  0.0003974437713623047
local_output_nid generation:  1.3113021850585938e-05
local_in_edges_tensor generation:  0.00012922286987304688
mini_batch_src_global generation:  4.458427429199219e-05
r_  generation:  0.0002472400665283203
local_output_nid generation:  9.298324584960938e-06
local_in_edges_tensor generation:  0.00011754035949707031
mini_batch_src_global generation:  3.1948089599609375e-05
r_  generation:  0.00016450881958007812
----------------------check_connections_block total spend ----------------------------- 0.012346982955932617
generate_one_block  0.0016176700592041016
generate_one_block  0.0014743804931640625
generate_one_block  0.0017125606536865234
generate_one_block  0.001493692398071289
generate_one_block  0.0011696815490722656
generate_one_block  0.0014312267303466797
generate_one_block  0.00168609619140625
generate_one_block  0.0014133453369140625
generate_one_block  0.0012454986572265625
generate_one_block  0.0013723373413085938
generate_one_block  0.0014901161193847656
generate_one_block  0.0014176368713378906
generate_one_block  0.0016925334930419922
generate_one_block  0.00139617919921875
generate_one_block  0.0012097358703613281
generate_one_block  0.0011181831359863281
-----------------------------------------after block dataloader generation 
 Nvidia-smi: 1.0174560546875 GB
    Memory Allocated: 0.000179290771484375  GigaBytes
Max Memory Allocated: 0.000179290771484375  GigaBytes

connection checking time:  0.017793655395507812
block generation total time  0.04083251953125
average batch blocks generation time:  0.002552032470703125
----------------------------------------before batch_pred = model(blocks, batch_inputs) 
 Nvidia-smi: 1.1014404296875 GB
    Memory Allocated: 0.0042438507080078125  GigaBytes
Max Memory Allocated: 0.0042438507080078125  GigaBytes

torch.Size([758, 1433])
torch.Size([290, 16])
-----------------------------------------batch_pred = model(blocks, batch_inputs) 
 Nvidia-smi: 1.2615966796875 GB
    Memory Allocated: 0.004342555999755859  GigaBytes
Max Memory Allocated: 0.004357337951660156  GigaBytes

----------------------------------------before batch_pred = model(blocks, batch_inputs) 
 Nvidia-smi: 1.2615966796875 GB
    Memory Allocated: 0.003920078277587891  GigaBytes
Max Memory Allocated: 0.007955074310302734  GigaBytes

torch.Size([665, 1433])
torch.Size([231, 16])
-----------------------------------------batch_pred = model(blocks, batch_inputs) 
 Nvidia-smi: 1.2615966796875 GB
    Memory Allocated: 0.003994464874267578  GigaBytes
Max Memory Allocated: 0.007955074310302734  GigaBytes

----------------------------------------before batch_pred = model(blocks, batch_inputs) 
 Nvidia-smi: 1.2615966796875 GB
    Memory Allocated: 0.005033969879150391  GigaBytes
Max Memory Allocated: 0.008563518524169922  GigaBytes

torch.Size([872, 1433])
torch.Size([347, 16])
-----------------------------------------batch_pred = model(blocks, batch_inputs) 
 Nvidia-smi: 1.2615966796875 GB
    Memory Allocated: 0.005152702331542969  GigaBytes
Max Memory Allocated: 0.008563518524169922  GigaBytes

----------------------------------------before batch_pred = model(blocks, batch_inputs) 
 Nvidia-smi: 1.2615966796875 GB
    Memory Allocated: 0.004263877868652344  GigaBytes
Max Memory Allocated: 0.008905410766601562  GigaBytes

torch.Size([729, 1433])
torch.Size([233, 16])
-----------------------------------------batch_pred = model(blocks, batch_inputs) 
 Nvidia-smi: 1.2615966796875 GB
    Memory Allocated: 0.004345417022705078  GigaBytes
Max Memory Allocated: 0.008905410766601562  GigaBytes

----------------------------------------before batch_pred = model(blocks, batch_inputs) 
 Nvidia-smi: 1.2615966796875 GB
    Memory Allocated: 0.0022072792053222656  GigaBytes
Max Memory Allocated: 0.008905410766601562  GigaBytes

torch.Size([345, 1433])
torch.Size([101, 16])
-----------------------------------------batch_pred = model(blocks, batch_inputs) 
 Nvidia-smi: 1.2615966796875 GB
    Memory Allocated: 0.002251148223876953  GigaBytes
Max Memory Allocated: 0.008905410766601562  GigaBytes

----------------------------------------before batch_pred = model(blocks, batch_inputs) 
 Nvidia-smi: 1.2615966796875 GB
    Memory Allocated: 0.004279613494873047  GigaBytes
Max Memory Allocated: 0.008905410766601562  GigaBytes

torch.Size([732, 1433])
torch.Size([225, 16])
-----------------------------------------batch_pred = model(blocks, batch_inputs) 
 Nvidia-smi: 1.2615966796875 GB
    Memory Allocated: 0.004361629486083984  GigaBytes
Max Memory Allocated: 0.008905410766601562  GigaBytes

----------------------------------------before batch_pred = model(blocks, batch_inputs) 
 Nvidia-smi: 1.2615966796875 GB
    Memory Allocated: 0.004007816314697266  GigaBytes
Max Memory Allocated: 0.008905410766601562  GigaBytes

torch.Size([681, 1433])
torch.Size([240, 16])
-----------------------------------------batch_pred = model(blocks, batch_inputs) 
 Nvidia-smi: 1.2615966796875 GB
    Memory Allocated: 0.00408935546875  GigaBytes
Max Memory Allocated: 0.008905410766601562  GigaBytes

----------------------------------------before batch_pred = model(blocks, batch_inputs) 
 Nvidia-smi: 1.2615966796875 GB
    Memory Allocated: 0.004278659820556641  GigaBytes
Max Memory Allocated: 0.008905410766601562  GigaBytes

torch.Size([674, 1433])
torch.Size([222, 16])
-----------------------------------------batch_pred = model(blocks, batch_inputs) 
 Nvidia-smi: 1.2615966796875 GB
    Memory Allocated: 0.004355907440185547  GigaBytes
Max Memory Allocated: 0.008905410766601562  GigaBytes

----------------------------------------before batch_pred = model(blocks, batch_inputs) 
 Nvidia-smi: 1.2615966796875 GB
    Memory Allocated: 0.002593517303466797  GigaBytes
Max Memory Allocated: 0.008905410766601562  GigaBytes

torch.Size([417, 1433])
torch.Size([152, 16])
-----------------------------------------batch_pred = model(blocks, batch_inputs) 
 Nvidia-smi: 1.2615966796875 GB
    Memory Allocated: 0.0026493072509765625  GigaBytes
Max Memory Allocated: 0.008905410766601562  GigaBytes

----------------------------------------before batch_pred = model(blocks, batch_inputs) 
 Nvidia-smi: 1.2615966796875 GB
    Memory Allocated: 0.004275798797607422  GigaBytes
Max Memory Allocated: 0.008905410766601562  GigaBytes

torch.Size([622, 1433])
torch.Size([156, 16])
-----------------------------------------batch_pred = model(blocks, batch_inputs) 
 Nvidia-smi: 1.2615966796875 GB
    Memory Allocated: 0.004333972930908203  GigaBytes
Max Memory Allocated: 0.008905410766601562  GigaBytes

----------------------------------------before batch_pred = model(blocks, batch_inputs) 
 Nvidia-smi: 1.2615966796875 GB
    Memory Allocated: 0.0041961669921875  GigaBytes
Max Memory Allocated: 0.008905410766601562  GigaBytes

torch.Size([716, 1433])
torch.Size([264, 16])
-----------------------------------------batch_pred = model(blocks, batch_inputs) 
 Nvidia-smi: 1.2615966796875 GB
    Memory Allocated: 0.004283428192138672  GigaBytes
Max Memory Allocated: 0.008905410766601562  GigaBytes

----------------------------------------before batch_pred = model(blocks, batch_inputs) 
 Nvidia-smi: 1.2615966796875 GB
    Memory Allocated: 0.004278659820556641  GigaBytes
Max Memory Allocated: 0.008905410766601562  GigaBytes

torch.Size([715, 1433])
torch.Size([233, 16])
-----------------------------------------batch_pred = model(blocks, batch_inputs) 
 Nvidia-smi: 1.2615966796875 GB
    Memory Allocated: 0.004361152648925781  GigaBytes
Max Memory Allocated: 0.008905410766601562  GigaBytes

----------------------------------------before batch_pred = model(blocks, batch_inputs) 
 Nvidia-smi: 1.2615966796875 GB
    Memory Allocated: 0.005630970001220703  GigaBytes
Max Memory Allocated: 0.009519100189208984  GigaBytes

torch.Size([984, 1433])
torch.Size([377, 16])
-----------------------------------------batch_pred = model(blocks, batch_inputs) 
 Nvidia-smi: 1.2615966796875 GB
    Memory Allocated: 0.00574493408203125  GigaBytes
Max Memory Allocated: 0.009519100189208984  GigaBytes

----------------------------------------before batch_pred = model(blocks, batch_inputs) 
 Nvidia-smi: 1.2615966796875 GB
    Memory Allocated: 0.004278659820556641  GigaBytes
Max Memory Allocated: 0.009519100189208984  GigaBytes

torch.Size([671, 1433])
torch.Size([228, 16])
-----------------------------------------batch_pred = model(blocks, batch_inputs) 
 Nvidia-smi: 1.2615966796875 GB
    Memory Allocated: 0.004355907440185547  GigaBytes
Max Memory Allocated: 0.009519100189208984  GigaBytes

----------------------------------------before batch_pred = model(blocks, batch_inputs) 
 Nvidia-smi: 1.2615966796875 GB
    Memory Allocated: 0.001984119415283203  GigaBytes
Max Memory Allocated: 0.009519100189208984  GigaBytes

torch.Size([303, 1433])
torch.Size([129, 16])
-----------------------------------------batch_pred = model(blocks, batch_inputs) 
 Nvidia-smi: 1.2615966796875 GB
    Memory Allocated: 0.0020360946655273438  GigaBytes
Max Memory Allocated: 0.009519100189208984  GigaBytes

----------------------------------------before batch_pred = model(blocks, batch_inputs) 
 Nvidia-smi: 1.2615966796875 GB
    Memory Allocated: 0.0016779899597167969  GigaBytes
Max Memory Allocated: 0.009519100189208984  GigaBytes

torch.Size([246, 1433])
torch.Size([91, 16])
-----------------------------------------batch_pred = model(blocks, batch_inputs) 
 Nvidia-smi: 1.2615966796875 GB
    Memory Allocated: 0.0017147064208984375  GigaBytes
Max Memory Allocated: 0.009519100189208984  GigaBytes

times | data loading | block to device | model prediction | loss calculation | loss backward |  optimizer step |
      |0.0026081353425979614 |0.022275537252426147 |0.05164813995361328 |0.00013691186904907227 |0.0021073222160339355 |0.00290679931640625 |
----------------------------------------------------------pseudo_mini_loss sum 3.2295637130737305
 Run 0| Epoch 0 |
Number of nodes for computation during this epoch:  14406
Number of first layer input nodes during this epoch:  10130
----------------------------------------before generate_dataloader_block 
 Nvidia-smi: 1.2615966796875 GB
    Memory Allocated: 0.0020470619201660156  GigaBytes
Max Memory Allocated: 0.009519100189208984  GigaBytes

The real block id is  2
get_global_graph_edges_ids_block function  spend 0.0005543231964111328
random selection method range initialization spend 0.00013303756713867188
time for parepare:  7.939338684082031e-05
local_output_nid generation:  7.62939453125e-06
local_in_edges_tensor generation:  0.0001964569091796875
mini_batch_src_global generation:  2.6464462280273438e-05
r_  generation:  3.933906555175781e-05
local_output_nid generation:  5.9604644775390625e-06
local_in_edges_tensor generation:  0.00012946128845214844
mini_batch_src_global generation:  1.9550323486328125e-05
r_  generation:  3.695487976074219e-05
local_output_nid generation:  6.198883056640625e-06
local_in_edges_tensor generation:  0.00012040138244628906
mini_batch_src_global generation:  1.8596649169921875e-05
r_  generation:  3.0040740966796875e-05
local_output_nid generation:  5.4836273193359375e-06
local_in_edges_tensor generation:  0.000118255615234375
mini_batch_src_global generation:  1.8596649169921875e-05
r_  generation:  2.7894973754882812e-05
local_output_nid generation:  5.7220458984375e-06
local_in_edges_tensor generation:  0.00011777877807617188
mini_batch_src_global generation:  1.8358230590820312e-05
r_  generation:  3.719329833984375e-05
local_output_nid generation:  5.7220458984375e-06
local_in_edges_tensor generation:  0.00011944770812988281
mini_batch_src_global generation:  1.9311904907226562e-05
r_  generation:  4.482269287109375e-05
local_output_nid generation:  5.0067901611328125e-06
local_in_edges_tensor generation:  0.0001285076141357422
mini_batch_src_global generation:  1.9788742065429688e-05
r_  generation:  3.147125244140625e-05
local_output_nid generation:  6.198883056640625e-06
local_in_edges_tensor generation:  0.00012230873107910156
mini_batch_src_global generation:  1.8358230590820312e-05
r_  generation:  2.9325485229492188e-05
local_output_nid generation:  5.4836273193359375e-06
local_in_edges_tensor generation:  0.00011777877807617188
mini_batch_src_global generation:  1.811981201171875e-05
r_  generation:  3.552436828613281e-05
local_output_nid generation:  5.7220458984375e-06
local_in_edges_tensor generation:  0.00013017654418945312
mini_batch_src_global generation:  1.8835067749023438e-05
r_  generation:  2.2649765014648438e-05
local_output_nid generation:  5.7220458984375e-06
local_in_edges_tensor generation:  0.00011897087097167969
mini_batch_src_global generation:  1.8596649169921875e-05
r_  generation:  3.743171691894531e-05
local_output_nid generation:  5.7220458984375e-06
local_in_edges_tensor generation:  0.00011730194091796875
mini_batch_src_global generation:  1.7642974853515625e-05
r_  generation:  2.6702880859375e-05
local_output_nid generation:  5.7220458984375e-06
local_in_edges_tensor generation:  0.00011754035949707031
mini_batch_src_global generation:  1.811981201171875e-05
r_  generation:  2.9087066650390625e-05
local_output_nid generation:  5.9604644775390625e-06
local_in_edges_tensor generation:  0.00011563301086425781
mini_batch_src_global generation:  1.9073486328125e-05
r_  generation:  3.981590270996094e-05
local_output_nid generation:  5.245208740234375e-06
local_in_edges_tensor generation:  0.00011777877807617188
mini_batch_src_global generation:  1.8596649169921875e-05
r_  generation:  2.956390380859375e-05
local_output_nid generation:  4.5299530029296875e-06
local_in_edges_tensor generation:  0.00011539459228515625
mini_batch_src_global generation:  1.6927719116210938e-05
r_  generation:  2.002716064453125e-05
----------------------check_connections_block total spend ----------------------------- 0.003807544708251953
generate_one_block  0.001280069351196289
generate_one_block  0.0012538433074951172
generate_one_block  0.0011086463928222656
generate_one_block  0.0009641647338867188
generate_one_block  0.0009944438934326172
generate_one_block  0.0009708404541015625
generate_one_block  0.0011191368103027344
generate_one_block  0.0009572505950927734
generate_one_block  0.0009634494781494141
generate_one_block  0.0009424686431884766
generate_one_block  0.0009596347808837891
generate_one_block  0.0009436607360839844
generate_one_block  0.0009596347808837891
generate_one_block  0.0009648799896240234
generate_one_block  0.0009517669677734375
generate_one_block  0.0009613037109375
The real block id is  1
get_global_graph_edges_ids_block function  spend 0.0005743503570556641
gen group dst list time:  9.202957153320312e-05
time for parepare:  0.00017547607421875
local_output_nid generation:  7.152557373046875e-06
local_in_edges_tensor generation:  0.00020647048950195312
mini_batch_src_global generation:  2.7418136596679688e-05
r_  generation:  0.00010204315185546875
local_output_nid generation:  5.7220458984375e-06
local_in_edges_tensor generation:  0.00011014938354492188
mini_batch_src_global generation:  3.0994415283203125e-05
r_  generation:  0.00013065338134765625
local_output_nid generation:  4.76837158203125e-06
local_in_edges_tensor generation:  0.00010466575622558594
mini_batch_src_global generation:  2.384185791015625e-05
r_  generation:  0.00010561943054199219
local_output_nid generation:  4.76837158203125e-06
local_in_edges_tensor generation:  0.00010156631469726562
mini_batch_src_global generation:  2.3126602172851562e-05
r_  generation:  0.00010323524475097656
local_output_nid generation:  6.198883056640625e-06
local_in_edges_tensor generation:  0.00010204315185546875
mini_batch_src_global generation:  2.6464462280273438e-05
r_  generation:  0.000152587890625
local_output_nid generation:  6.9141387939453125e-06
local_in_edges_tensor generation:  0.00010728836059570312
mini_batch_src_global generation:  2.7894973754882812e-05
r_  generation:  0.00013446807861328125
local_output_nid generation:  5.245208740234375e-06
local_in_edges_tensor generation:  0.00010061264038085938
mini_batch_src_global generation:  2.384185791015625e-05
r_  generation:  0.00010204315185546875
local_output_nid generation:  5.0067901611328125e-06
local_in_edges_tensor generation:  0.00010037422180175781
mini_batch_src_global generation:  2.5033950805664062e-05
r_  generation:  0.00012826919555664062
local_output_nid generation:  5.7220458984375e-06
local_in_edges_tensor generation:  0.00010156631469726562
mini_batch_src_global generation:  2.6702880859375e-05
r_  generation:  0.00014710426330566406
local_output_nid generation:  4.291534423828125e-06
local_in_edges_tensor generation:  0.00010395050048828125
mini_batch_src_global generation:  2.4557113647460938e-05
r_  generation:  8.630752563476562e-05
local_output_nid generation:  6.9141387939453125e-06
local_in_edges_tensor generation:  0.00010275840759277344
mini_batch_src_global generation:  2.3126602172851562e-05
r_  generation:  0.000125885009765625
local_output_nid generation:  4.291534423828125e-06
local_in_edges_tensor generation:  9.799003601074219e-05
mini_batch_src_global generation:  2.1219253540039062e-05
r_  generation:  7.2479248046875e-05
local_output_nid generation:  5.245208740234375e-06
local_in_edges_tensor generation:  9.72747802734375e-05
mini_batch_src_global generation:  2.3126602172851562e-05
r_  generation:  0.00011706352233886719
local_output_nid generation:  7.3909759521484375e-06
local_in_edges_tensor generation:  0.00010395050048828125
mini_batch_src_global generation:  2.8133392333984375e-05
r_  generation:  0.0001862049102783203
local_output_nid generation:  5.7220458984375e-06
local_in_edges_tensor generation:  0.00010371208190917969
mini_batch_src_global generation:  2.6702880859375e-05
r_  generation:  0.00012731552124023438
local_output_nid generation:  3.0994415283203125e-06
local_in_edges_tensor generation:  9.751319885253906e-05
mini_batch_src_global generation:  2.0742416381835938e-05
r_  generation:  6.461143493652344e-05
----------------------check_connections_block total spend ----------------------------- 0.005214214324951172
generate_one_block  0.0010647773742675781
generate_one_block  0.0011105537414550781
generate_one_block  0.0011281967163085938
generate_one_block  0.0010638236999511719
generate_one_block  0.0011386871337890625
generate_one_block  0.0010933876037597656
generate_one_block  0.001056671142578125
generate_one_block  0.001104116439819336
generate_one_block  0.0011205673217773438
generate_one_block  0.0010488033294677734
generate_one_block  0.0010890960693359375
generate_one_block  0.001032114028930664
generate_one_block  0.0011196136474609375
generate_one_block  0.0011708736419677734
generate_one_block  0.001116037368774414
generate_one_block  0.0011124610900878906
The real block id is  0
get_global_graph_edges_ids_block function  spend 0.0005486011505126953
gen group dst list time:  0.00016307830810546875
time for parepare:  0.00021457672119140625
local_output_nid generation:  1.4543533325195312e-05
local_in_edges_tensor generation:  0.0002124309539794922
mini_batch_src_global generation:  4.6253204345703125e-05
r_  generation:  0.0002722740173339844
local_output_nid generation:  2.6226043701171875e-05
local_in_edges_tensor generation:  0.00014710426330566406
mini_batch_src_global generation:  7.2479248046875e-05
r_  generation:  0.0004634857177734375
local_output_nid generation:  1.811981201171875e-05
local_in_edges_tensor generation:  0.00013685226440429688
mini_batch_src_global generation:  5.078315734863281e-05
r_  generation:  0.0003216266632080078
local_output_nid generation:  1.9788742065429688e-05
local_in_edges_tensor generation:  0.00013208389282226562
mini_batch_src_global generation:  4.792213439941406e-05
r_  generation:  0.0003581047058105469
local_output_nid generation:  2.384185791015625e-05
local_in_edges_tensor generation:  0.00014019012451171875
mini_batch_src_global generation:  6.318092346191406e-05
r_  generation:  0.0005128383636474609
local_output_nid generation:  1.9073486328125e-05
local_in_edges_tensor generation:  0.000133514404296875
mini_batch_src_global generation:  5.435943603515625e-05
r_  generation:  0.0003867149353027344
local_output_nid generation:  1.52587890625e-05
local_in_edges_tensor generation:  0.0001251697540283203
mini_batch_src_global generation:  4.744529724121094e-05
r_  generation:  0.0003151893615722656
local_output_nid generation:  2.47955322265625e-05
local_in_edges_tensor generation:  0.0001461505889892578
mini_batch_src_global generation:  6.127357482910156e-05
r_  generation:  0.0005702972412109375
local_output_nid generation:  2.384185791015625e-05
local_in_edges_tensor generation:  0.00014543533325195312
mini_batch_src_global generation:  6.580352783203125e-05
r_  generation:  0.0004940032958984375
local_output_nid generation:  1.71661376953125e-05
local_in_edges_tensor generation:  0.00012922286987304688
mini_batch_src_global generation:  5.245208740234375e-05
r_  generation:  0.00033593177795410156
local_output_nid generation:  1.8835067749023438e-05
local_in_edges_tensor generation:  0.00012922286987304688
mini_batch_src_global generation:  5.507469177246094e-05
r_  generation:  0.0004246234893798828
local_output_nid generation:  1.3589859008789062e-05
local_in_edges_tensor generation:  0.00012159347534179688
mini_batch_src_global generation:  4.410743713378906e-05
r_  generation:  0.0002624988555908203
local_output_nid generation:  2.2411346435546875e-05
local_in_edges_tensor generation:  0.00013136863708496094
mini_batch_src_global generation:  5.245208740234375e-05
r_  generation:  0.0004475116729736328
local_output_nid generation:  2.9802322387695312e-05
local_in_edges_tensor generation:  0.00014853477478027344
mini_batch_src_global generation:  7.867813110351562e-05
r_  generation:  0.0006148815155029297
local_output_nid generation:  2.2649765014648438e-05
local_in_edges_tensor generation:  0.00013709068298339844
mini_batch_src_global generation:  6.508827209472656e-05
r_  generation:  0.0004677772521972656
local_output_nid generation:  1.239776611328125e-05
local_in_edges_tensor generation:  0.00012135505676269531
mini_batch_src_global generation:  4.458427429199219e-05
r_  generation:  0.00024318695068359375
----------------------check_connections_block total spend ----------------------------- 0.01227879524230957
generate_one_block  0.0012745857238769531
generate_one_block  0.0015015602111816406
generate_one_block  0.0013425350189208984
generate_one_block  0.0014019012451171875
generate_one_block  0.0015497207641601562
generate_one_block  0.001398324966430664
generate_one_block  0.0013189315795898438
generate_one_block  0.0015408992767333984
generate_one_block  0.0015382766723632812
generate_one_block  0.001394033432006836
generate_one_block  0.001501321792602539
generate_one_block  0.0016674995422363281
generate_one_block  0.0015056133270263672
generate_one_block  0.0017192363739013672
generate_one_block  0.0014851093292236328
generate_one_block  0.001222372055053711
-----------------------------------------after block dataloader generation 
 Nvidia-smi: 1.2615966796875 GB
    Memory Allocated: 0.0020470619201660156  GigaBytes
Max Memory Allocated: 0.009519100189208984  GigaBytes

connection checking time:  0.017493009567260742
block generation total time  0.04093170166015625
average batch blocks generation time:  0.0025582313537597656
block dataloader generation time/epoch 0.09415721893310547
----------------------------------------before batch_pred = model(blocks, batch_inputs) 
 Nvidia-smi: 1.2615966796875 GB
    Memory Allocated: 0.0029997825622558594  GigaBytes
Max Memory Allocated: 0.009519100189208984  GigaBytes

torch.Size([427, 1433])
torch.Size([157, 16])
-----------------------------------------batch_pred = model(blocks, batch_inputs) 
 Nvidia-smi: 1.2615966796875 GB
    Memory Allocated: 0.0030617713928222656  GigaBytes
Max Memory Allocated: 0.009519100189208984  GigaBytes

----------------------------------------before batch_pred = model(blocks, batch_inputs) 
 Nvidia-smi: 1.2615966796875 GB
    Memory Allocated: 0.0047245025634765625  GigaBytes
Max Memory Allocated: 0.009519100189208984  GigaBytes

torch.Size([749, 1433])
torch.Size([267, 16])
-----------------------------------------batch_pred = model(blocks, batch_inputs) 
 Nvidia-smi: 1.2615966796875 GB
    Memory Allocated: 0.00481414794921875  GigaBytes
Max Memory Allocated: 0.009519100189208984  GigaBytes

----------------------------------------before batch_pred = model(blocks, batch_inputs) 
 Nvidia-smi: 1.2615966796875 GB
    Memory Allocated: 0.004315376281738281  GigaBytes
Max Memory Allocated: 0.009519100189208984  GigaBytes

torch.Size([562, 1433])
torch.Size([200, 16])
-----------------------------------------batch_pred = model(blocks, batch_inputs) 
 Nvidia-smi: 1.2615966796875 GB
    Memory Allocated: 0.004382610321044922  GigaBytes
Max Memory Allocated: 0.009519100189208984  GigaBytes

----------------------------------------before batch_pred = model(blocks, batch_inputs) 
 Nvidia-smi: 1.2615966796875 GB
    Memory Allocated: 0.004177093505859375  GigaBytes
Max Memory Allocated: 0.009519100189208984  GigaBytes

torch.Size([647, 1433])
torch.Size([223, 16])
-----------------------------------------batch_pred = model(blocks, batch_inputs) 
 Nvidia-smi: 1.2615966796875 GB
    Memory Allocated: 0.00424957275390625  GigaBytes
Max Memory Allocated: 0.009519100189208984  GigaBytes

----------------------------------------before batch_pred = model(blocks, batch_inputs) 
 Nvidia-smi: 1.2615966796875 GB
    Memory Allocated: 0.0046844482421875  GigaBytes
Max Memory Allocated: 0.009519100189208984  GigaBytes

torch.Size([741, 1433])
torch.Size([287, 16])
-----------------------------------------batch_pred = model(blocks, batch_inputs) 
 Nvidia-smi: 1.2615966796875 GB
    Memory Allocated: 0.0047817230224609375  GigaBytes
Max Memory Allocated: 0.009519100189208984  GigaBytes

----------------------------------------before batch_pred = model(blocks, batch_inputs) 
 Nvidia-smi: 1.2615966796875 GB
    Memory Allocated: 0.004300594329833984  GigaBytes
Max Memory Allocated: 0.009519100189208984  GigaBytes

torch.Size([670, 1433])
torch.Size([224, 16])
-----------------------------------------batch_pred = model(blocks, batch_inputs) 
 Nvidia-smi: 1.2615966796875 GB
    Memory Allocated: 0.004382133483886719  GigaBytes
Max Memory Allocated: 0.009519100189208984  GigaBytes

----------------------------------------before batch_pred = model(blocks, batch_inputs) 
 Nvidia-smi: 1.2615966796875 GB
    Memory Allocated: 0.0034341812133789062  GigaBytes
Max Memory Allocated: 0.009519100189208984  GigaBytes

torch.Size([508, 1433])
torch.Size([174, 16])
-----------------------------------------batch_pred = model(blocks, batch_inputs) 
 Nvidia-smi: 1.2615966796875 GB
    Memory Allocated: 0.003498554229736328  GigaBytes
Max Memory Allocated: 0.009519100189208984  GigaBytes

----------------------------------------before batch_pred = model(blocks, batch_inputs) 
 Nvidia-smi: 1.2615966796875 GB
    Memory Allocated: 0.004759311676025391  GigaBytes
Max Memory Allocated: 0.009519100189208984  GigaBytes

torch.Size([755, 1433])
torch.Size([303, 16])
-----------------------------------------batch_pred = model(blocks, batch_inputs) 
 Nvidia-smi: 1.2615966796875 GB
    Memory Allocated: 0.004856109619140625  GigaBytes
Max Memory Allocated: 0.009519100189208984  GigaBytes

----------------------------------------before batch_pred = model(blocks, batch_inputs) 
 Nvidia-smi: 1.2615966796875 GB
    Memory Allocated: 0.0045490264892578125  GigaBytes
Max Memory Allocated: 0.009519100189208984  GigaBytes

torch.Size([716, 1433])
torch.Size([264, 16])
-----------------------------------------batch_pred = model(blocks, batch_inputs) 
 Nvidia-smi: 1.2615966796875 GB
    Memory Allocated: 0.004638195037841797  GigaBytes
Max Memory Allocated: 0.009519100189208984  GigaBytes

----------------------------------------before batch_pred = model(blocks, batch_inputs) 
 Nvidia-smi: 1.2615966796875 GB
    Memory Allocated: 0.0042667388916015625  GigaBytes
Max Memory Allocated: 0.009519100189208984  GigaBytes

torch.Size([664, 1433])
torch.Size([198, 16])
-----------------------------------------batch_pred = model(blocks, batch_inputs) 
 Nvidia-smi: 1.2615966796875 GB
    Memory Allocated: 0.0043315887451171875  GigaBytes
Max Memory Allocated: 0.009519100189208984  GigaBytes

----------------------------------------before batch_pred = model(blocks, batch_inputs) 
 Nvidia-smi: 1.2615966796875 GB
    Memory Allocated: 0.004547119140625  GigaBytes
Max Memory Allocated: 0.009519100189208984  GigaBytes
Using backend: pytorch

torch.Size([701, 1433])
torch.Size([209, 16])
-----------------------------------------batch_pred = model(blocks, batch_inputs) 
 Nvidia-smi: 1.2615966796875 GB
    Memory Allocated: 0.004625797271728516  GigaBytes
Max Memory Allocated: 0.009519100189208984  GigaBytes

----------------------------------------before batch_pred = model(blocks, batch_inputs) 
 Nvidia-smi: 1.2615966796875 GB
    Memory Allocated: 0.0031757354736328125  GigaBytes
Max Memory Allocated: 0.009519100189208984  GigaBytes

torch.Size([460, 1433])
torch.Size([142, 16])
-----------------------------------------batch_pred = model(blocks, batch_inputs) 
 Nvidia-smi: 1.2615966796875 GB
    Memory Allocated: 0.0032300949096679688  GigaBytes
Max Memory Allocated: 0.009519100189208984  GigaBytes

----------------------------------------before batch_pred = model(blocks, batch_inputs) 
 Nvidia-smi: 1.2615966796875 GB
    Memory Allocated: 0.004953861236572266  GigaBytes
Max Memory Allocated: 0.009519100189208984  GigaBytes

torch.Size([792, 1433])
torch.Size([264, 16])
-----------------------------------------batch_pred = model(blocks, batch_inputs) 
 Nvidia-smi: 1.2615966796875 GB
    Memory Allocated: 0.005040168762207031  GigaBytes
Max Memory Allocated: 0.009519100189208984  GigaBytes

----------------------------------------before batch_pred = model(blocks, batch_inputs) 
 Nvidia-smi: 1.2615966796875 GB
    Memory Allocated: 0.007010459899902344  GigaBytes
Max Memory Allocated: 0.011217117309570312  GigaBytes

torch.Size([997, 1433])
torch.Size([372, 16])
-----------------------------------------batch_pred = model(blocks, batch_inputs) 
 Nvidia-smi: 1.2615966796875 GB
    Memory Allocated: 0.007133007049560547  GigaBytes
Max Memory Allocated: 0.011217117309570312  GigaBytes

----------------------------------------before batch_pred = model(blocks, batch_inputs) 
 Nvidia-smi: 1.2615966796875 GB
    Memory Allocated: 0.004420280456542969  GigaBytes
Max Memory Allocated: 0.011217117309570312  GigaBytes

torch.Size([692, 1433])
torch.Size([262, 16])
-----------------------------------------batch_pred = model(blocks, batch_inputs) 
 Nvidia-smi: 1.2615966796875 GB
    Memory Allocated: 0.004506587982177734  GigaBytes
Max Memory Allocated: 0.011217117309570312  GigaBytes

----------------------------------------before batch_pred = model(blocks, batch_inputs) 
 Nvidia-smi: 1.2615966796875 GB
    Memory Allocated: 0.0027747154235839844  GigaBytes
Max Memory Allocated: 0.011217117309570312  GigaBytes

torch.Size([385, 1433])
torch.Size([122, 16])
-----------------------------------------batch_pred = model(blocks, batch_inputs) 
 Nvidia-smi: 1.2615966796875 GB
    Memory Allocated: 0.002819538116455078  GigaBytes
Max Memory Allocated: 0.011217117309570312  GigaBytes

times | data loading | block to device | model prediction | loss calculation | loss backward |  optimizer step |
      |0.0011616051197052002 |0.0003650188446044922 |0.002965196967124939 |9.840726852416992e-05 |0.002726420760154724 |0.0013422966003417969 |
----------------------------------------------------------pseudo_mini_loss sum 2.447108507156372
Total (block generation + training)time/epoch 0.22719311714172363
Training time/epoch 0.13274812698364258
Training time without block to device /epoch 0.1269078254699707
Training time without total dataloading part /epoch 0.09398269653320312
load block tensor time/epoch 0.018585681915283203
block to device time/epoch 0.005840301513671875
input features size transfer per epoch 2.1457672119140625e-06
blocks size to device per epoch 1.430511474609375e-06
 Run 0| Epoch 1 |
Number of nodes for computation during this epoch:  14906
Number of first layer input nodes during this epoch:  10466
