main start at this time 1648527243.3686113
-----------------------------------------before load data 
 Nvidia-smi: 0.1717529296875 GB
    Memory Allocated: 0.0  GigaBytes
Max Memory Allocated: 0.0  GigaBytes

  NumNodes: 19717
  NumEdges: 88651
  NumFeats: 500
  NumClasses: 3
  NumTrainingSamples: 60
  NumValidationSamples: 500
  NumTestSamples: 1000
Done loading data from cached files.
success----------------------------------------
60
500
19157
# Nodes: 19717
# Edges: 88648
# Train: 60
# Val: 500
# Test: 19157
# Classes: 3

in feats:  500
----------------------------------------before generate_dataloader_block 
 Nvidia-smi: 1.0174560546875 GB
    Memory Allocated: 0.00013256072998046875  GigaBytes
Max Memory Allocated: 0.00013256072998046875  GigaBytes

The real block id is  2
get_global_graph_edges_ids_block function  spend 0.0014426708221435547
range selection method range initialization spend 9.036064147949219e-05
time for parepare:  4.410743713378906e-05
local_output_nid generation:  2.2649765014648438e-05
local_in_edges_tensor generation:  0.00018787384033203125
mini_batch_src_global generation:  2.3603439331054688e-05
r_  generation:  0.0011525154113769531
local_output_nid generation:  5.4836273193359375e-06
local_in_edges_tensor generation:  0.00012993812561035156
mini_batch_src_global generation:  2.1696090698242188e-05
r_  generation:  2.0265579223632812e-05
local_output_nid generation:  4.5299530029296875e-06
local_in_edges_tensor generation:  0.00010323524475097656
mini_batch_src_global generation:  1.6450881958007812e-05
r_  generation:  3.5762786865234375e-05
local_output_nid generation:  4.76837158203125e-06
local_in_edges_tensor generation:  9.894371032714844e-05
mini_batch_src_global generation:  1.5497207641601562e-05
r_  generation:  2.6226043701171875e-05
local_output_nid generation:  4.5299530029296875e-06
local_in_edges_tensor generation:  9.822845458984375e-05
mini_batch_src_global generation:  1.4781951904296875e-05
r_  generation:  1.8358230590820312e-05
local_output_nid generation:  4.0531158447265625e-06
local_in_edges_tensor generation:  9.655952453613281e-05
mini_batch_src_global generation:  1.5020370483398438e-05
r_  generation:  2.6464462280273438e-05
local_output_nid generation:  4.291534423828125e-06
local_in_edges_tensor generation:  9.751319885253906e-05
mini_batch_src_global generation:  1.621246337890625e-05
r_  generation:  2.9802322387695312e-05
local_output_nid generation:  3.337860107421875e-06
local_in_edges_tensor generation:  9.703636169433594e-05
mini_batch_src_global generation:  1.5497207641601562e-05
r_  generation:  2.6941299438476562e-05
----------------------check_connections_block total spend ----------------------------- 0.002814769744873047
generate_one_block  0.0012753009796142578
generate_one_block  0.001119375228881836
generate_one_block  0.0010902881622314453
generate_one_block  0.0010902881622314453
generate_one_block  0.0010693073272705078
generate_one_block  0.0010623931884765625
generate_one_block  0.001077413558959961
generate_one_block  0.0010600090026855469
The real block id is  1
get_global_graph_edges_ids_block function  spend 0.0009076595306396484
gen group dst list time:  5.3882598876953125e-05
time for parepare:  0.00024199485778808594
local_output_nid generation:  3.814697265625e-06
local_in_edges_tensor generation:  0.00017881393432617188
mini_batch_src_global generation:  2.8848648071289062e-05
r_  generation:  0.00011730194091796875
local_output_nid generation:  3.0994415283203125e-06
local_in_edges_tensor generation:  0.00011301040649414062
mini_batch_src_global generation:  2.4080276489257812e-05
r_  generation:  9.202957153320312e-05
local_output_nid generation:  8.58306884765625e-06
local_in_edges_tensor generation:  0.00011849403381347656
mini_batch_src_global generation:  4.553794860839844e-05
r_  generation:  0.00042176246643066406
local_output_nid generation:  5.0067901611328125e-06
local_in_edges_tensor generation:  0.00012373924255371094
mini_batch_src_global generation:  3.719329833984375e-05
r_  generation:  0.0001556873321533203
local_output_nid generation:  3.814697265625e-06
local_in_edges_tensor generation:  0.00011277198791503906
mini_batch_src_global generation:  2.4557113647460938e-05
r_  generation:  9.655952453613281e-05
local_output_nid generation:  5.245208740234375e-06
local_in_edges_tensor generation:  0.00011134147644042969
mini_batch_src_global generation:  2.7894973754882812e-05
r_  generation:  0.00015807151794433594
local_output_nid generation:  6.198883056640625e-06
local_in_edges_tensor generation:  0.00011610984802246094
mini_batch_src_global generation:  3.719329833984375e-05
r_  generation:  0.0002815723419189453
local_output_nid generation:  5.245208740234375e-06
local_in_edges_tensor generation:  0.00011539459228515625
mini_batch_src_global generation:  2.9325485229492188e-05
r_  generation:  0.0001246929168701172
----------------------check_connections_block total spend ----------------------------- 0.0035147666931152344
generate_one_block  0.0012767314910888672
generate_one_block  0.0011637210845947266
generate_one_block  0.0015804767608642578
generate_one_block  0.001241445541381836
generate_one_block  0.0011601448059082031
generate_one_block  0.0012519359588623047
generate_one_block  0.0014481544494628906
generate_one_block  0.0012538433074951172
The real block id is  0
get_global_graph_edges_ids_block function  spend 0.001176595687866211
gen group dst list time:  9.584426879882812e-05
time for parepare:  0.0007879734039306641
local_output_nid generation:  2.3603439331054688e-05
local_in_edges_tensor generation:  0.0002689361572265625
mini_batch_src_global generation:  7.939338684082031e-05
r_  generation:  0.0007486343383789062
local_output_nid generation:  1.7642974853515625e-05
local_in_edges_tensor generation:  0.0002846717834472656
mini_batch_src_global generation:  9.441375732421875e-05
r_  generation:  0.0006880760192871094
local_output_nid generation:  6.008148193359375e-05
local_in_edges_tensor generation:  0.0002396106719970703
mini_batch_src_global generation:  0.0002598762512207031
r_  generation:  0.002928018569946289
local_output_nid generation:  2.9325485229492188e-05
local_in_edges_tensor generation:  0.00016832351684570312
mini_batch_src_global generation:  0.00014352798461914062
r_  generation:  0.0008213520050048828
local_output_nid generation:  1.8596649169921875e-05
local_in_edges_tensor generation:  0.00017690658569335938
mini_batch_src_global generation:  7.915496826171875e-05
r_  generation:  0.0006089210510253906
local_output_nid generation:  3.0517578125e-05
local_in_edges_tensor generation:  0.00016832351684570312
mini_batch_src_global generation:  0.0001125335693359375
r_  generation:  0.0011234283447265625
local_output_nid generation:  5.078315734863281e-05
local_in_edges_tensor generation:  0.0002079010009765625
mini_batch_src_global generation:  0.00020694732666015625
r_  generation:  0.0023026466369628906
local_output_nid generation:  1.8358230590820312e-05
local_in_edges_tensor generation:  0.00015664100646972656
mini_batch_src_global generation:  9.965896606445312e-05
r_  generation:  0.0004813671112060547
----------------------check_connections_block total spend ----------------------------- 0.016057968139648438
generate_one_block  0.001987934112548828
generate_one_block  0.0018606185913085938
generate_one_block  0.004574775695800781
generate_one_block  0.0018651485443115234
generate_one_block  0.0016598701477050781
generate_one_block  0.002376556396484375
generate_one_block  0.0037086009979248047
generate_one_block  0.001566171646118164
-----------------------------------------after block dataloader generation 
 Nvidia-smi: 1.0174560546875 GB
    Memory Allocated: 0.00013256072998046875  GigaBytes
Max Memory Allocated: 0.00013256072998046875  GigaBytes

connection checking time:  0.019572734832763672
block generation total time  0.02997612953186035
average batch blocks generation time:  0.003747016191482544
----------------------------------------before batch_pred = model(blocks, batch_inputs) 
 Nvidia-smi: 1.1014404296875 GB
    Memory Allocated: 0.0026602745056152344  GigaBytes
Max Memory Allocated: 0.0026602745056152344  GigaBytes

torch.Size([1345, 500])
torch.Size([280, 32])
-----------------------------------------batch_pred = model(blocks, batch_inputs) 
 Nvidia-smi: 1.2615966796875 GB
    Memory Allocated: 0.0028128623962402344  GigaBytes
Max Memory Allocated: 0.0029420852661132812  GigaBytes

----------------------------------------before batch_pred = model(blocks, batch_inputs) 
 Nvidia-smi: 1.2615966796875 GB
    Memory Allocated: 0.00235748291015625  GigaBytes
Max Memory Allocated: 0.004843235015869141  GigaBytes

torch.Size([1113, 500])
torch.Size([221, 32])
-----------------------------------------batch_pred = model(blocks, batch_inputs) 
 Nvidia-smi: 1.2615966796875 GB
    Memory Allocated: 0.0024809837341308594  GigaBytes
Max Memory Allocated: 0.004843235015869141  GigaBytes

----------------------------------------before batch_pred = model(blocks, batch_inputs) 
 Nvidia-smi: 1.2615966796875 GB
    Memory Allocated: 0.007485866546630859  GigaBytes
Max Memory Allocated: 0.009473800659179688  GigaBytes

torch.Size([3831, 500])
torch.Size([867, 32])
-----------------------------------------batch_pred = model(blocks, batch_inputs) 
 Nvidia-smi: 1.2615966796875 GB
    Memory Allocated: 0.007962226867675781  GigaBytes
Max Memory Allocated: 0.009473800659179688  GigaBytes

----------------------------------------before batch_pred = model(blocks, batch_inputs) 
 Nvidia-smi: 1.2635498046875 GB
    Memory Allocated: 0.002810955047607422  GigaBytes
Max Memory Allocated: 0.00992441177368164  GigaBytes

torch.Size([1355, 500])
torch.Size([319, 32])
-----------------------------------------batch_pred = model(blocks, batch_inputs) 
 Nvidia-smi: 1.2635498046875 GB
    Memory Allocated: 0.002987384796142578  GigaBytes
Max Memory Allocated: 0.00992441177368164  GigaBytes

----------------------------------------before batch_pred = model(blocks, batch_inputs) 
 Nvidia-smi: 1.2635498046875 GB
    Memory Allocated: 0.0024271011352539062  GigaBytes
Max Memory Allocated: 0.00992441177368164  GigaBytes

torch.Size([1152, 500])
torch.Size([186, 32])
-----------------------------------------batch_pred = model(blocks, batch_inputs) 
 Nvidia-smi: 1.2635498046875 GB
    Memory Allocated: 0.0025377273559570312  GigaBytes
Max Memory Allocated: 0.00992441177368164  GigaBytes

----------------------------------------before batch_pred = model(blocks, batch_inputs) 
 Nvidia-smi: 1.2635498046875 GB
    Memory Allocated: 0.004543781280517578  GigaBytes
Max Memory Allocated: 0.00992441177368164  GigaBytes

torch.Size([2280, 500])
torch.Size([376, 32])
-----------------------------------------batch_pred = model(blocks, batch_inputs) 
 Nvidia-smi: 1.2635498046875 GB
    Memory Allocated: 0.004753589630126953  GigaBytes
Max Memory Allocated: 0.00992441177368164  GigaBytes

----------------------------------------before batch_pred = model(blocks, batch_inputs) 
 Nvidia-smi: 1.2635498046875 GB
    Memory Allocated: 0.0057373046875  GigaBytes
Max Memory Allocated: 0.00992441177368164  GigaBytes

torch.Size([2902, 500])
torch.Size([644, 32])
-----------------------------------------batch_pred = model(blocks, batch_inputs) 
 Nvidia-smi: 1.2635498046875 GB
    Memory Allocated: 0.006097316741943359  GigaBytes
Max Memory Allocated: 0.00992441177368164  GigaBytes

----------------------------------------before batch_pred = model(blocks, batch_inputs) 
 Nvidia-smi: 1.2635498046875 GB
    Memory Allocated: 0.0017194747924804688  GigaBytes
Max Memory Allocated: 0.00992441177368164  GigaBytes

torch.Size([773, 500])
torch.Size([186, 32])
-----------------------------------------batch_pred = model(blocks, batch_inputs) 
 Nvidia-smi: 1.2635498046875 GB
    Memory Allocated: 0.0018382072448730469  GigaBytes
Max Memory Allocated: 0.00992441177368164  GigaBytes

times | data loading | block to device | model prediction | loss calculation | loss backward |  optimizer step |
      |0.0061514973640441895 |0.04382774233818054 |0.09981003403663635 |0.00015312433242797852 |0.0024637579917907715 |0.0022635459899902344 |
----------------------------------------------------------pseudo_mini_loss sum 2.1911661624908447
 Run 0| Epoch 0 |
Number of nodes for computation during this epoch:  18187
Number of first layer input nodes during this epoch:  14751
----------------------------------------before generate_dataloader_block 
 Nvidia-smi: 1.2635498046875 GB
    Memory Allocated: 0.0020155906677246094  GigaBytes
Max Memory Allocated: 0.00992441177368164  GigaBytes

The real block id is  2
get_global_graph_edges_ids_block function  spend 0.0005707740783691406
range selection method range initialization spend 7.104873657226562e-05
time for parepare:  5.4836273193359375e-05
local_output_nid generation:  7.867813110351562e-06
local_in_edges_tensor generation:  0.00019431114196777344
mini_batch_src_global generation:  2.0503997802734375e-05
r_  generation:  3.0279159545898438e-05
local_output_nid generation:  6.198883056640625e-06
local_in_edges_tensor generation:  0.00012540817260742188
mini_batch_src_global generation:  1.9550323486328125e-05
r_  generation:  4.2438507080078125e-05
local_output_nid generation:  6.198883056640625e-06
local_in_edges_tensor generation:  0.0001201629638671875
mini_batch_src_global generation:  1.5974044799804688e-05
r_  generation:  1.7881393432617188e-05
local_output_nid generation:  4.76837158203125e-06
local_in_edges_tensor generation:  0.00011587142944335938
mini_batch_src_global generation:  1.6927719116210938e-05
r_  generation:  3.3855438232421875e-05
local_output_nid generation:  4.291534423828125e-06
local_in_edges_tensor generation:  0.00011754035949707031
mini_batch_src_global generation:  1.7642974853515625e-05
r_  generation:  3.528594970703125e-05
local_output_nid generation:  5.245208740234375e-06
local_in_edges_tensor generation:  0.00011754035949707031
mini_batch_src_global generation:  1.5974044799804688e-05
r_  generation:  2.47955322265625e-05
local_output_nid generation:  5.245208740234375e-06
local_in_edges_tensor generation:  0.00011539459228515625
mini_batch_src_global generation:  1.5735626220703125e-05
r_  generation:  2.288818359375e-05
local_output_nid generation:  3.5762786865234375e-06
local_in_edges_tensor generation:  0.0001385211944580078
mini_batch_src_global generation:  1.811981201171875e-05
r_  generation:  3.2901763916015625e-05
----------------------check_connections_block total spend ----------------------------- 0.0019085407257080078
generate_one_block  0.0012938976287841797
generate_one_block  0.0012583732604980469
generate_one_block  0.0012269020080566406
generate_one_block  0.001383066177368164
generate_one_block  0.0012426376342773438
generate_one_block  0.0012443065643310547
generate_one_block  0.0012252330780029297
generate_one_block  0.0012407302856445312
The real block id is  1
get_global_graph_edges_ids_block function  spend 0.0006530284881591797
gen group dst list time:  6.651878356933594e-05
time for parepare:  0.0003573894500732422
local_output_nid generation:  4.5299530029296875e-06
local_in_edges_tensor generation:  0.00020360946655273438
mini_batch_src_global generation:  3.886222839355469e-05
r_  generation:  0.0001266002655029297
local_output_nid generation:  1.0013580322265625e-05
local_in_edges_tensor generation:  0.00014066696166992188
mini_batch_src_global generation:  6.628036499023438e-05
r_  generation:  0.0003647804260253906
local_output_nid generation:  3.5762786865234375e-06
local_in_edges_tensor generation:  0.00013375282287597656
mini_batch_src_global generation:  3.528594970703125e-05
r_  generation:  0.00011038780212402344
local_output_nid generation:  8.58306884765625e-06
local_in_edges_tensor generation:  0.00013709068298339844
mini_batch_src_global generation:  3.7670135498046875e-05
r_  generation:  0.0002808570861816406
local_output_nid generation:  7.152557373046875e-06
local_in_edges_tensor generation:  0.00013685226440429688
mini_batch_src_global generation:  5.817413330078125e-05
r_  generation:  0.00036263465881347656
local_output_nid generation:  7.62939453125e-06
local_in_edges_tensor generation:  0.00013494491577148438
mini_batch_src_global generation:  3.2901763916015625e-05
r_  generation:  0.000141143798828125
local_output_nid generation:  5.7220458984375e-06
local_in_edges_tensor generation:  0.00014066696166992188
mini_batch_src_global generation:  3.218650817871094e-05
r_  generation:  0.000152587890625
local_output_nid generation:  1.0013580322265625e-05
local_in_edges_tensor generation:  0.00013971328735351562
mini_batch_src_global generation:  3.314018249511719e-05
r_  generation:  0.00020742416381835938
----------------------check_connections_block total spend ----------------------------- 0.0044057369232177734
generate_one_block  0.0013844966888427734
generate_one_block  0.0016770362854003906
generate_one_block  0.0013942718505859375
generate_one_block  0.0015878677368164062
generate_one_block  0.0017056465148925781
generate_one_block  0.0013916492462158203
generate_one_block  0.0011873245239257812
generate_one_block  0.0011398792266845703
The real block id is  0
get_global_graph_edges_ids_block function  spend 0.0011749267578125
gen group dst list time:  0.00014281272888183594
time for parepare:  0.0010628700256347656
local_output_nid generation:  2.7179718017578125e-05
local_in_edges_tensor generation:  0.00029349327087402344
mini_batch_src_global generation:  9.512901306152344e-05
r_  generation:  0.0006635189056396484
local_output_nid generation:  6.604194641113281e-05
local_in_edges_tensor generation:  0.00025463104248046875
mini_batch_src_global generation:  0.0004143714904785156
r_  generation:  0.002841472625732422
local_output_nid generation:  2.7179718017578125e-05
local_in_edges_tensor generation:  0.00018358230590820312
mini_batch_src_global generation:  0.0001475811004638672
r_  generation:  0.0007824897766113281
local_output_nid generation:  6.413459777832031e-05
local_in_edges_tensor generation:  0.0002295970916748047
mini_batch_src_global generation:  0.00018668174743652344
r_  generation:  0.002084493637084961
local_output_nid generation:  7.677078247070312e-05
local_in_edges_tensor generation:  0.00026917457580566406
mini_batch_src_global generation:  0.0003592967987060547
r_  generation:  0.0027513504028320312
local_output_nid generation:  3.0279159545898438e-05
local_in_edges_tensor generation:  0.0001609325408935547
mini_batch_src_global generation:  0.00011944770812988281
r_  generation:  0.0006690025329589844
local_output_nid generation:  2.8371810913085938e-05
local_in_edges_tensor generation:  0.00015854835510253906
mini_batch_src_global generation:  7.009506225585938e-05
r_  generation:  0.0006062984466552734
local_output_nid generation:  3.409385681152344e-05
local_in_edges_tensor generation:  0.0001518726348876953
mini_batch_src_global generation:  8.869171142578125e-05
r_  generation:  0.0008795261383056641
----------------------check_connections_block total spend ----------------------------- 0.019150495529174805
generate_one_block  0.0016009807586669922
generate_one_block  0.0036215782165527344
generate_one_block  0.0016891956329345703
generate_one_block  0.006345272064208984
generate_one_block  0.009846687316894531
generate_one_block  0.002454042434692383
generate_one_block  0.0023670196533203125
generate_one_block  0.003173351287841797
-----------------------------------------after block dataloader generation 
 Nvidia-smi: 1.2635498046875 GB
    Memory Allocated: 0.0020155906677246094  GigaBytes
Max Memory Allocated: 0.00992441177368164  GigaBytes

connection checking time:  0.023556232452392578
block generation total time  0.04256629943847656
average batch blocks generation time:  0.00532078742980957
block dataloader generation time/epoch 0.09296059608459473
----------------------------------------before batch_pred = model(blocks, batch_inputs) 
 Nvidia-smi: 1.2635498046875 GB
    Memory Allocated: 0.0022368431091308594  GigaBytes
Max Memory Allocated: 0.00992441177368164  GigaBytes

torch.Size([912, 500])
torch.Size([211, 32])
-----------------------------------------batch_pred = model(blocks, batch_inputs) 
 Nvidia-smi: 1.2635498046875 GB
    Memory Allocated: 0.002353191375732422  GigaBytes
Max Memory Allocated: 0.00992441177368164  GigaBytes

----------------------------------------before batch_pred = model(blocks, batch_inputs) 
 Nvidia-smi: 1.2635498046875 GB
    Memory Allocated: 0.005759239196777344  GigaBytes
Max Memory Allocated: 0.00992441177368164  GigaBytes

torch.Size([2775, 500])
torch.Size([642, 32])
-----------------------------------------batch_pred = model(blocks, batch_inputs) 
 Nvidia-smi: 1.2635498046875 GB
    Memory Allocated: 0.0061244964599609375  GigaBytes
Max Memory Allocated: 0.00992441177368164  GigaBytes

----------------------------------------before batch_pred = model(blocks, batch_inputs) 
 Nvidia-smi: 1.2635498046875 GB
    Memory Allocated: 0.002311229705810547  GigaBytes
Max Memory Allocated: 0.00992441177368164  GigaBytes

torch.Size([950, 500])
torch.Size([195, 32])
-----------------------------------------batch_pred = model(blocks, batch_inputs) 
 Nvidia-smi: 1.2635498046875 GB
    Memory Allocated: 0.002422332763671875  GigaBytes
Max Memory Allocated: 0.00992441177368164  GigaBytes

----------------------------------------before batch_pred = model(blocks, batch_inputs) 
 Nvidia-smi: 1.2635498046875 GB
    Memory Allocated: 0.006166934967041016  GigaBytes
Max Memory Allocated: 0.00992441177368164  GigaBytes

torch.Size([3004, 500])
torch.Size([553, 32])
-----------------------------------------batch_pred = model(blocks, batch_inputs) 
 Nvidia-smi: 1.2635498046875 GB
    Memory Allocated: 0.006474018096923828  GigaBytes
Max Memory Allocated: 0.00992441177368164  GigaBytes

----------------------------------------before batch_pred = model(blocks, batch_inputs) 
 Nvidia-smi: 1.2635498046875 GB
    Memory Allocated: 0.007537364959716797  GigaBytes
Max Memory Allocated: 0.013058185577392578  GigaBytes

torch.Size([3565, 500])
torch.Size([627, 32])
-----------------------------------------batch_pred = model(blocks, batch_inputs) 
 Nvidia-smi: 1.2635498046875 GB
    Memory Allocated: 0.007895946502685547  GigaBytes
Max Memory Allocated: 0.013058185577392578  GigaBytes

----------------------------------------before batch_pred = model(blocks, batch_inputs) 
 Nvidia-smi: 1.2635498046875 GB
    Memory Allocated: 0.0024518966674804688  GigaBytes
Max Memory Allocated: 0.013058185577392578  GigaBytes

torch.Size([1026, 500])
torch.Size([244, 32])
-----------------------------------------batch_pred = model(blocks, batch_inputs) 
 Nvidia-smi: 1.2635498046875 GB
    Memory Allocated: 0.0025887489318847656  GigaBytes
Max Memory Allocated: 0.013058185577392578  GigaBytes

----------------------------------------before batch_pred = model(blocks, batch_inputs) 
 Nvidia-smi: 1.2635498046875 GB
    Memory Allocated: 0.0022106170654296875  GigaBytes
Max Memory Allocated: 0.013058185577392578  GigaBytes

torch.Size([897, 500])
torch.Size([249, 32])
-----------------------------------------batch_pred = model(blocks, batch_inputs) 
 Nvidia-smi: 1.2635498046875 GB
    Memory Allocated: 0.0023469924926757812  GigaBytes
Max Memory Allocated: 0.013058185577392578  GigaBytes

----------------------------------------before batch_pred = model(blocks, batch_inputs) 
 Nvidia-smi: 1.2635498046875 GB
    Memory Allocated: 0.0038313865661621094  GigaBytes
Max Memory Allocated: 0.013058185577392578  GigaBytes

torch.Size([1761, 500])
torch.Size([355, 32])
-----------------------------------------batch_pred = model(blocks, batch_inputs) 
 Nvidia-smi: 1.2635498046875 GB
    Memory Allocated: 0.004033088684082031  GigaBytes
Max Memory Allocated: 0.013058185577392578  GigaBytes

times | data loading | block to device | model prediction | loss calculation | loss backward |  optimizer step |
      |0.0011632144451141357 |0.0004993975162506104 |0.003700047731399536 |0.0001373887062072754 |0.0030813217163085938 |0.0016372203826904297 |
----------------------------------------------------------pseudo_mini_loss sum 1.8384591341018677
Total (block generation + training)time/epoch 0.1744375228881836
Training time/epoch 0.0812842845916748
Training time without block to device /epoch 0.07728910446166992
Training time without total dataloading part /epoch 0.05698728561401367
load block tensor time/epoch 0.009305715560913086Using backend: pytorch

block to device time/epoch 0.003995180130004883
input features size transfer per epoch 1.0728836059570312e-06
blocks size to device per epoch 7.152557373046875e-07
 Run 0| Epoch 1 |
Number of nodes for computation during this epoch:  18322
Number of first layer input nodes during this epoch:  14890
