main start at this time 1648433132.832178
-----------------------------------------before load data 
 Nvidia-smi: 0.1717529296875 GB
    Memory Allocated: 0.0  GigaBytes
Max Memory Allocated: 0.0  GigaBytes

  NumNodes: 2708
  NumEdges: 10556
  NumFeats: 1433
  NumClasses: 7
  NumTrainingSamples: 140
  NumValidationSamples: 500
  NumTestSamples: 1000
Done loading data from cached files.
success----------------------------------------
140
500
2068
# Nodes: 2708
# Edges: 10556
# Train: 140
# Val: 500
# Test: 2068
# Classes: 7

in feats:  1433
----------------------------------------before generate_dataloader_block 
 Nvidia-smi: 1.0174560546875 GB
    Memory Allocated: 0.00019216537475585938  GigaBytes
Max Memory Allocated: 0.00019216537475585938  GigaBytes

The real block id is  5
get_global_graph_edges_ids_block function  spend 0.0010466575622558594
random selection method range initialization spend 0.0002288818359375
time for parepare:  7.748603820800781e-05
local_output_nid generation:  2.2649765014648438e-05
local_in_edges_tensor generation:  0.0002124309539794922
mini_batch_src_global generation:  2.7418136596679688e-05
r_  generation:  0.0025496482849121094
local_output_nid generation:  7.867813110351562e-06
local_in_edges_tensor generation:  0.0001556873321533203
mini_batch_src_global generation:  2.8133392333984375e-05
r_  generation:  3.9577484130859375e-05
local_output_nid generation:  6.67572021484375e-06
local_in_edges_tensor generation:  0.0001246929168701172
mini_batch_src_global generation:  1.6927719116210938e-05
r_  generation:  3.0517578125e-05
local_output_nid generation:  6.198883056640625e-06
local_in_edges_tensor generation:  0.00011873245239257812
mini_batch_src_global generation:  1.6450881958007812e-05
r_  generation:  2.5272369384765625e-05
local_output_nid generation:  5.7220458984375e-06
local_in_edges_tensor generation:  0.0001246929168701172
mini_batch_src_global generation:  1.811981201171875e-05
r_  generation:  2.7179718017578125e-05
local_output_nid generation:  5.245208740234375e-06
local_in_edges_tensor generation:  0.00011730194091796875
mini_batch_src_global generation:  1.621246337890625e-05
r_  generation:  2.765655517578125e-05
local_output_nid generation:  5.245208740234375e-06
local_in_edges_tensor generation:  0.00011587142944335938
mini_batch_src_global generation:  1.621246337890625e-05
r_  generation:  2.47955322265625e-05
local_output_nid generation:  5.245208740234375e-06
local_in_edges_tensor generation:  0.0001780986785888672
mini_batch_src_global generation:  1.8835067749023438e-05
r_  generation:  3.6716461181640625e-05
local_output_nid generation:  5.4836273193359375e-06
local_in_edges_tensor generation:  0.00012445449829101562
mini_batch_src_global generation:  1.7404556274414062e-05
r_  generation:  4.839897155761719e-05
local_output_nid generation:  4.291534423828125e-06
local_in_edges_tensor generation:  0.000118255615234375
mini_batch_src_global generation:  1.6689300537109375e-05
r_  generation:  3.170967102050781e-05
local_output_nid generation:  5.245208740234375e-06
local_in_edges_tensor generation:  0.00011587142944335938
mini_batch_src_global generation:  1.621246337890625e-05
r_  generation:  2.4080276489257812e-05
local_output_nid generation:  5.0067901611328125e-06
local_in_edges_tensor generation:  0.00011610984802246094
mini_batch_src_global generation:  1.621246337890625e-05
r_  generation:  3.147125244140625e-05
local_output_nid generation:  5.245208740234375e-06
local_in_edges_tensor generation:  0.00011682510375976562
mini_batch_src_global generation:  1.6450881958007812e-05
r_  generation:  2.5033950805664062e-05
local_output_nid generation:  5.245208740234375e-06
local_in_edges_tensor generation:  0.00011563301086425781
mini_batch_src_global generation:  1.5497207641601562e-05
r_  generation:  2.3365020751953125e-05
local_output_nid generation:  5.0067901611328125e-06
local_in_edges_tensor generation:  0.00011515617370605469
mini_batch_src_global generation:  1.6689300537109375e-05
r_  generation:  2.9325485229492188e-05
local_output_nid generation:  4.0531158447265625e-06
local_in_edges_tensor generation:  0.00011372566223144531
mini_batch_src_global generation:  1.5497207641601562e-05
r_  generation:  1.7404556274414062e-05
----------------------check_connections_block total spend ----------------------------- 0.006300210952758789
generate_one_block  0.0014901161193847656
generate_one_block  0.0012607574462890625
generate_one_block  0.0012395381927490234
generate_one_block  0.0012459754943847656
generate_one_block  0.0012328624725341797
generate_one_block  0.0011837482452392578
generate_one_block  0.0010979175567626953
generate_one_block  0.0010509490966796875
generate_one_block  0.0009937286376953125
generate_one_block  0.000957489013671875
generate_one_block  0.0010571479797363281
generate_one_block  0.0009577274322509766
generate_one_block  0.000949859619140625
generate_one_block  0.0009489059448242188
generate_one_block  0.0009992122650146484
generate_one_block  0.000942230224609375
The real block id is  4
get_global_graph_edges_ids_block function  spend 0.0006127357482910156
gen group dst list time:  0.00012445449829101562
time for parepare:  0.00017690658569335938
local_output_nid generation:  5.4836273193359375e-06
local_in_edges_tensor generation:  0.0002052783966064453
mini_batch_src_global generation:  2.9802322387695312e-05
r_  generation:  0.00011277198791503906
local_output_nid generation:  9.5367431640625e-06
local_in_edges_tensor generation:  0.0001385211944580078
mini_batch_src_global generation:  3.1948089599609375e-05
r_  generation:  0.00018453598022460938
local_output_nid generation:  7.152557373046875e-06
local_in_edges_tensor generation:  0.00013566017150878906
mini_batch_src_global generation:  3.123283386230469e-05
r_  generation:  0.00015878677368164062
local_output_nid generation:  6.4373016357421875e-06
local_in_edges_tensor generation:  0.00013017654418945312
mini_batch_src_global generation:  2.9325485229492188e-05
r_  generation:  0.00014352798461914062
local_output_nid generation:  6.67572021484375e-06
local_in_edges_tensor generation:  0.0001304149627685547
mini_batch_src_global generation:  2.9087066650390625e-05
r_  generation:  0.00015091896057128906
local_output_nid generation:  7.62939453125e-06
local_in_edges_tensor generation:  0.00013017654418945312
mini_batch_src_global generation:  2.9325485229492188e-05
r_  generation:  0.0001609325408935547
local_output_nid generation:  6.4373016357421875e-06
local_in_edges_tensor generation:  0.00012946128845214844
mini_batch_src_global generation:  3.123283386230469e-05
r_  generation:  0.0001773834228515625
local_output_nid generation:  8.821487426757812e-06
local_in_edges_tensor generation:  0.0001323223114013672
mini_batch_src_global generation:  3.528594970703125e-05
r_  generation:  0.00021505355834960938
local_output_nid generation:  9.298324584960938e-06
local_in_edges_tensor generation:  0.00013518333435058594
mini_batch_src_global generation:  3.552436828613281e-05
r_  generation:  0.00021505355834960938
local_output_nid generation:  7.62939453125e-06
local_in_edges_tensor generation:  0.00013303756713867188
mini_batch_src_global generation:  3.2901763916015625e-05
r_  generation:  0.00016379356384277344
local_output_nid generation:  5.7220458984375e-06
local_in_edges_tensor generation:  0.0001289844512939453
mini_batch_src_global generation:  2.9802322387695312e-05
r_  generation:  0.00014472007751464844
local_output_nid generation:  7.152557373046875e-06
local_in_edges_tensor generation:  0.00012993812561035156
mini_batch_src_global generation:  2.765655517578125e-05
r_  generation:  0.00016045570373535156
local_output_nid generation:  5.7220458984375e-06
local_in_edges_tensor generation:  0.00012993812561035156
mini_batch_src_global generation:  2.765655517578125e-05
r_  generation:  0.000125885009765625
local_output_nid generation:  4.76837158203125e-06
local_in_edges_tensor generation:  0.00012564659118652344
mini_batch_src_global generation:  2.5510787963867188e-05
r_  generation:  0.00011563301086425781
local_output_nid generation:  7.3909759521484375e-06
local_in_edges_tensor generation:  0.00012993812561035156
mini_batch_src_global generation:  3.528594970703125e-05
r_  generation:  0.00016498565673828125
local_output_nid generation:  3.814697265625e-06
local_in_edges_tensor generation:  0.0001385211944580078
mini_batch_src_global generation:  2.3365020751953125e-05
r_  generation:  6.794929504394531e-05
----------------------check_connections_block total spend ----------------------------- 0.006641387939453125
generate_one_block  0.0013539791107177734
generate_one_block  0.0014352798461914062
generate_one_block  0.0014057159423828125
generate_one_block  0.0013918876647949219
generate_one_block  0.0014607906341552734
generate_one_block  0.001192331314086914
generate_one_block  0.0012102127075195312
generate_one_block  0.0012276172637939453
generate_one_block  0.0011365413665771484
generate_one_block  0.0010867118835449219
generate_one_block  0.0010840892791748047
generate_one_block  0.0010769367218017578
generate_one_block  0.001089334487915039
generate_one_block  0.0010540485382080078
generate_one_block  0.001085519790649414
generate_one_block  0.0009899139404296875
The real block id is  3
get_global_graph_edges_ids_block function  spend 0.0007076263427734375
gen group dst list time:  0.0002243518829345703
time for parepare:  0.0002498626708984375
local_output_nid generation:  1.6927719116210938e-05
local_in_edges_tensor generation:  0.0002453327178955078
mini_batch_src_global generation:  5.4836273193359375e-05
r_  generation:  0.00039076805114746094
local_output_nid generation:  3.0517578125e-05
local_in_edges_tensor generation:  0.0001785755157470703
mini_batch_src_global generation:  7.677078247070312e-05
r_  generation:  0.0006270408630371094
local_output_nid generation:  2.7894973754882812e-05
local_in_edges_tensor generation:  0.0001742839813232422
mini_batch_src_global generation:  7.200241088867188e-05
r_  generation:  0.0005431175231933594
local_output_nid generation:  2.765655517578125e-05
local_in_edges_tensor generation:  0.00016999244689941406
mini_batch_src_global generation:  7.557868957519531e-05
r_  generation:  0.0005724430084228516
local_output_nid generation:  2.09808349609375e-05
local_in_edges_tensor generation:  0.00015020370483398438
mini_batch_src_global generation:  6.651878356933594e-05
r_  generation:  0.00047087669372558594
local_output_nid generation:  2.3603439331054688e-05
local_in_edges_tensor generation:  0.00015020370483398438
mini_batch_src_global generation:  6.341934204101562e-05
r_  generation:  0.0005309581756591797
local_output_nid generation:  2.7179718017578125e-05
local_in_edges_tensor generation:  0.0001556873321533203
mini_batch_src_global generation:  7.43865966796875e-05
r_  generation:  0.0006330013275146484
local_output_nid generation:  2.765655517578125e-05
local_in_edges_tensor generation:  0.0001583099365234375
mini_batch_src_global generation:  8.273124694824219e-05
r_  generation:  0.0006799697875976562
local_output_nid generation:  2.5987625122070312e-05
local_in_edges_tensor generation:  0.00015687942504882812
mini_batch_src_global generation:  7.581710815429688e-05
r_  generation:  0.0005965232849121094
local_output_nid generation:  1.9788742065429688e-05
local_in_edges_tensor generation:  0.00014543533325195312
mini_batch_src_global generation:  6.270408630371094e-05
r_  generation:  0.0004467964172363281
local_output_nid generation:  2.3126602172851562e-05
local_in_edges_tensor generation:  0.00014853477478027344
mini_batch_src_global generation:  6.222724914550781e-05
r_  generation:  0.0004978179931640625
local_output_nid generation:  2.09808349609375e-05
local_in_edges_tensor generation:  0.00014352798461914062
mini_batch_src_global generation:  6.031990051269531e-05
r_  generation:  0.0004699230194091797
local_output_nid generation:  1.8835067749023438e-05
local_in_edges_tensor generation:  0.0001404285430908203
mini_batch_src_global generation:  5.507469177246094e-05
r_  generation:  0.000408172607421875
local_output_nid generation:  1.811981201171875e-05
local_in_edges_tensor generation:  0.00014328956604003906
mini_batch_src_global generation:  5.459785461425781e-05
r_  generation:  0.0003972053527832031
local_output_nid generation:  2.193450927734375e-05
local_in_edges_tensor generation:  0.00014495849609375
mini_batch_src_global generation:  6.0558319091796875e-05
r_  generation:  0.0005140304565429688
local_output_nid generation:  9.059906005859375e-06
local_in_edges_tensor generation:  0.0001270771026611328
mini_batch_src_global generation:  4.124641418457031e-05
r_  generation:  0.0001838207244873047
----------------------check_connections_block total spend ----------------------------- 0.01449275016784668
generate_one_block  0.0014719963073730469
generate_one_block  0.0016374588012695312
generate_one_block  0.0018048286437988281
generate_one_block  0.001466989517211914
generate_one_block  0.001422882080078125
generate_one_block  0.0015001296997070312
generate_one_block  0.0016016960144042969
generate_one_block  0.0016260147094726562
generate_one_block  0.001539468765258789
generate_one_block  0.001407623291015625
generate_one_block  0.0015022754669189453
generate_one_block  0.001415252685546875
generate_one_block  0.0013582706451416016
generate_one_block  0.0015447139739990234
generate_one_block  0.0014879703521728516
generate_one_block  0.0011246204376220703
The real block id is  2
get_global_graph_edges_ids_block function  spend 0.0007078647613525391
gen group dst list time:  0.00028133392333984375
time for parepare:  0.0001952648162841797
local_output_nid generation:  4.5299530029296875e-05
local_in_edges_tensor generation:  0.0002808570861816406
mini_batch_src_global generation:  0.00010991096496582031
r_  generation:  0.0010581016540527344
local_output_nid generation:  6.628036499023438e-05
local_in_edges_tensor generation:  0.00021767616271972656
mini_batch_src_global generation:  0.00016427040100097656
r_  generation:  0.0013666152954101562
local_output_nid generation:  5.5789947509765625e-05
local_in_edges_tensor generation:  0.00019860267639160156
mini_batch_src_global generation:  0.00011777877807617188
r_  generation:  0.0011341571807861328
local_output_nid generation:  6.318092346191406e-05
local_in_edges_tensor generation:  0.00021195411682128906
mini_batch_src_global generation:  0.0001316070556640625
r_  generation:  0.0013632774353027344
local_output_nid generation:  5.984306335449219e-05
local_in_edges_tensor generation:  0.00020432472229003906
mini_batch_src_global generation:  0.00013017654418945312
r_  generation:  0.001245737075805664
local_output_nid generation:  6.866455078125e-05
local_in_edges_tensor generation:  0.00021791458129882812
mini_batch_src_global generation:  0.00014019012451171875
r_  generation:  0.0014450550079345703
local_output_nid generation:  6.985664367675781e-05
local_in_edges_tensor generation:  0.00022411346435546875
mini_batch_src_global generation:  0.00015807151794433594
r_  generation:  0.0015413761138916016
local_output_nid generation:  7.152557373046875e-05
local_in_edges_tensor generation:  0.00022482872009277344
mini_batch_src_global generation:  0.00015354156494140625
r_  generation:  0.001544952392578125
local_output_nid generation:  6.127357482910156e-05
local_in_edges_tensor generation:  0.00021076202392578125
mini_batch_src_global generation:  0.00013756752014160156
r_  generation:  0.0013387203216552734
local_output_nid generation:  5.53131103515625e-05
local_in_edges_tensor generation:  0.0001990795135498047
mini_batch_src_global generation:  0.0001239776611328125
r_  generation:  0.0011470317840576172
local_output_nid generation:  5.698204040527344e-05
local_in_edges_tensor generation:  0.00020074844360351562
mini_batch_src_global generation:  0.00012564659118652344
r_  generation:  0.0011034011840820312
local_output_nid generation:  5.316734313964844e-05
local_in_edges_tensor generation:  0.00018548965454101562
mini_batch_src_global generation:  0.00011682510375976562
r_  generation:  0.0011219978332519531
local_output_nid generation:  4.8160552978515625e-05
local_in_edges_tensor generation:  0.0001773834228515625
mini_batch_src_global generation:  0.00011014938354492188
r_  generation:  0.000986337661743164
local_output_nid generation:  5.030632019042969e-05
local_in_edges_tensor generation:  0.00018215179443359375
mini_batch_src_global generation:  0.00011277198791503906
r_  generation:  0.0010521411895751953
local_output_nid generation:  6.413459777832031e-05
local_in_edges_tensor generation:  0.0002002716064453125
mini_batch_src_global generation:  0.00013136863708496094
r_  generation:  0.0013341903686523438
local_output_nid generation:  2.4080276489257812e-05
local_in_edges_tensor generation:  0.00014328956604003906
mini_batch_src_global generation:  7.915496826171875e-05
r_  generation:  0.00045990943908691406
----------------------check_connections_block total spend ----------------------------- 0.030583858489990234
generate_one_block  0.0021295547485351562
generate_one_block  0.002379894256591797
generate_one_block  0.0021545886993408203
generate_one_block  0.002395153045654297
generate_one_block  0.0022487640380859375
generate_one_block  0.0032732486724853516
generate_one_block  0.002798318862915039
generate_one_block  0.0025632381439208984
generate_one_block  0.002332448959350586
generate_one_block  0.0021462440490722656
generate_one_block  0.002237558364868164
generate_one_block  0.0022301673889160156
generate_one_block  0.0021131038665771484
generate_one_block  0.0021419525146484375
generate_one_block  0.0025186538696289062
generate_one_block  0.0014598369598388672
The real block id is  1
get_global_graph_edges_ids_block function  spend 0.0007727146148681641
gen group dst list time:  0.0006504058837890625
time for parepare:  0.00020051002502441406
local_output_nid generation:  9.512901306152344e-05
local_in_edges_tensor generation:  0.00038886070251464844
mini_batch_src_global generation:  0.00014734268188476562
r_  generation:  0.0021266937255859375
local_output_nid generation:  0.00012350082397460938
local_in_edges_tensor generation:  0.00029540061950683594
mini_batch_src_global generation:  0.0002484321594238281
r_  generation:  0.002391815185546875
local_output_nid generation:  0.0001087188720703125
local_in_edges_tensor generation:  0.0002703666687011719
mini_batch_src_global generation:  0.00018978118896484375
r_  generation:  0.002066373825073242
local_output_nid generation:  0.00012159347534179688
local_in_edges_tensor generation:  0.0002930164337158203
mini_batch_src_global generation:  0.000209808349609375
r_  generation:  0.002416372299194336
local_output_nid generation:  0.0001232624053955078
local_in_edges_tensor generation:  0.00028777122497558594
mini_batch_src_global generation:  0.0002162456512451172
r_  generation:  0.002346038818359375
local_output_nid generation:  0.00012969970703125
local_in_edges_tensor generation:  0.00030422210693359375
mini_batch_src_global generation:  0.00023293495178222656
r_  generation:  0.002583026885986328
local_output_nid generation:  0.0001316070556640625
local_in_edges_tensor generation:  0.0003063678741455078
mini_batch_src_global generation:  0.00023055076599121094
r_  generation:  0.0024480819702148438
local_output_nid generation:  0.0001163482666015625
local_in_edges_tensor generation:  0.000270843505859375
mini_batch_src_global generation:  0.00019884109497070312
r_  generation:  0.0021822452545166016
local_output_nid generation:  0.00010609626770019531
local_in_edges_tensor generation:  0.00026226043701171875
mini_batch_src_global generation:  0.00019240379333496094
r_  generation:  0.002155780792236328
local_output_nid generation:  9.608268737792969e-05
local_in_edges_tensor generation:  0.0002410411834716797
mini_batch_src_global generation:  0.00017714500427246094
r_  generation:  0.0018105506896972656
local_output_nid generation:  0.00010824203491210938
local_in_edges_tensor generation:  0.00025725364685058594
mini_batch_src_global generation:  0.00018858909606933594
r_  generation:  0.002067089080810547
local_output_nid generation:  0.00010800361633300781
local_in_edges_tensor generation:  0.00025391578674316406
mini_batch_src_global generation:  0.0001888275146484375
r_  generation:  0.0020236968994140625
local_output_nid generation:  9.870529174804688e-05
local_in_edges_tensor generation:  0.0002486705780029297
mini_batch_src_global generation:  0.00018143653869628906
r_  generation:  0.0019085407257080078
local_output_nid generation:  0.00010824203491210938
local_in_edges_tensor generation:  0.00025582313537597656
mini_batch_src_global generation:  0.00018906593322753906
r_  generation:  0.002040386199951172
local_output_nid generation:  0.00012230873107910156
local_in_edges_tensor generation:  0.0002779960632324219
mini_batch_src_global generation:  0.0002086162567138672
r_  generation:  0.0023348331451416016
local_output_nid generation:  5.936622619628906e-05
local_in_edges_tensor generation:  0.00019097328186035156
mini_batch_src_global generation:  0.0001380443572998047
r_  generation:  0.001146078109741211
----------------------check_connections_block total spend ----------------------------- 0.051544904708862305
generate_one_block  0.003771066665649414
generate_one_block  0.0034711360931396484
generate_one_block  0.003459453582763672
generate_one_block  0.0035054683685302734
generate_one_block  0.0034215450286865234
generate_one_block  0.0035719871520996094
generate_one_block  0.0035734176635742188
generate_one_block  0.0034492015838623047
generate_one_block  0.0034084320068359375
generate_one_block  0.0030694007873535156
generate_one_block  0.003360271453857422
generate_one_block  0.0032720565795898438
generate_one_block  0.003140687942504883
generate_one_block  0.0033571720123291016
generate_one_block  0.0043485164642333984
generate_one_block  0.0023522377014160156
The real block id is  0
get_global_graph_edges_ids_block function  spend 0.0007827281951904297
gen group dst list time:  0.0010461807250976562
time for parepare:  0.00020313262939453125
local_output_nid generation:  0.00014543533325195312
local_in_edges_tensor generation:  0.00046443939208984375
mini_batch_src_global generation:  0.0002560615539550781
r_  generation:  0.0029363632202148438
local_output_nid generation:  0.00016617774963378906
local_in_edges_tensor generation:  0.00035858154296875
mini_batch_src_global generation:  0.0002772808074951172
r_  generation:  0.003044605255126953
local_output_nid generation:  0.0001533031463623047
local_in_edges_tensor generation:  0.0003380775451660156
mini_batch_src_global generation:  0.0002460479736328125
r_  generation:  0.0028858184814453125
local_output_nid generation:  0.0001614093780517578
local_in_edges_tensor generation:  0.0003559589385986328
mini_batch_src_global generation:  0.00026702880859375
r_  generation:  0.003091096878051758
local_output_nid generation:  0.0001690387725830078
local_in_edges_tensor generation:  0.0003552436828613281
mini_batch_src_global generation:  0.00026702880859375
r_  generation:  0.003084421157836914
local_output_nid generation:  0.000171661376953125
local_in_edges_tensor generation:  0.0003619194030761719
mini_batch_src_global generation:  0.0002675056457519531
r_  generation:  0.002786874771118164
local_output_nid generation:  0.00015354156494140625
local_in_edges_tensor generation:  0.0003230571746826172
mini_batch_src_global generation:  0.0002372264862060547
r_  generation:  0.0027370452880859375
local_output_nid generation:  0.0001385211944580078
local_in_edges_tensor generation:  0.00031185150146484375
mini_batch_src_global generation:  0.0002288818359375
r_  generation:  0.002610445022583008
local_output_nid generation:  0.00014495849609375
local_in_edges_tensor generation:  0.0003185272216796875
mini_batch_src_global generation:  0.00023627281188964844
r_  generation:  0.0027360916137695312
local_output_nid generation:  0.0001323223114013672
local_in_edges_tensor generation:  0.0002980232238769531
mini_batch_src_global generation:  0.00022292137145996094
r_  generation:  0.002491474151611328
local_output_nid generation:  0.0001442432403564453
local_in_edges_tensor generation:  0.0003161430358886719
mini_batch_src_global generation:  0.00023245811462402344
r_  generation:  0.0026857852935791016
local_output_nid generation:  0.00014519691467285156
local_in_edges_tensor generation:  0.00031113624572753906
mini_batch_src_global generation:  0.00023293495178222656
r_  generation:  0.0026705265045166016
local_output_nid generation:  0.00014090538024902344
local_in_edges_tensor generation:  0.0003085136413574219
mini_batch_src_global generation:  0.00022983551025390625
r_  generation:  0.0026056766510009766
local_output_nid generation:  0.00014543533325195312
local_in_edges_tensor generation:  0.0003197193145751953
mini_batch_src_global generation:  0.00023651123046875
r_  generation:  0.0027310848236083984
local_output_nid generation:  0.0001513957977294922
local_in_edges_tensor generation:  0.0003247261047363281
mini_batch_src_global generation:  0.00024819374084472656
r_  generation:  0.0028476715087890625
local_output_nid generation:  0.00010967254638671875
local_in_edges_tensor generation:  0.0002543926239013672
mini_batch_src_global generation:  0.0001957416534423828
r_  generation:  0.001987934112548828
----------------------check_connections_block total spend ----------------------------- 0.06543350219726562
generate_one_block  0.0048694610595703125
generate_one_block  0.0039479732513427734
generate_one_block  0.0037543773651123047
generate_one_block  0.003918886184692383
generate_one_block  0.003958940505981445
generate_one_block  0.004027605056762695
generate_one_block  0.003975868225097656
generate_one_block  0.0038483142852783203
generate_one_block  0.00469660758972168
generate_one_block  0.003682374954223633
generate_one_block  0.0039446353912353516
generate_one_block  0.004301786422729492
generate_one_block  0.0037696361541748047
generate_one_block  0.0039026737213134766
generate_one_block  0.0039827823638916016
generate_one_block  0.003154277801513672
-----------------------------------------after block dataloader generation 
 Nvidia-smi: 1.0174560546875 GB
    Memory Allocated: 0.00019216537475585938  GigaBytes
Max Memory Allocated: 0.00019216537475585938  GigaBytes

connection checking time:  0.16869640350341797
block generation total time  0.19858407974243164
average batch blocks generation time:  0.012411504983901978
----------------------------------------before batch_pred = model(blocks, batch_inputs) 
 Nvidia-smi: 1.0955810546875 GB
    Memory Allocated: 0.012544631958007812  GigaBytes
Max Memory Allocated: 0.012544631958007812  GigaBytes

torch.Size([2287, 1433])
torch.Size([1963, 16])
torch.Size([1304, 16])
torch.Size([603, 16])
torch.Size([152, 16])
-----------------------------------------batch_pred = model(blocks, batch_inputs) 
 Nvidia-smi: 1.2557373046875 GB
    Memory Allocated: 0.01364278793334961  GigaBytes
Max Memory Allocated: 0.013644695281982422  GigaBytes

----------------------------------------before batch_pred = model(blocks, batch_inputs) 
 Nvidia-smi: 1.2694091796875 GB
    Memory Allocated: 0.01286935806274414  GigaBytes
Max Memory Allocated: 0.02491474151611328  GigaBytes

torch.Size([2309, 1433])
torch.Size([2068, 16])
torch.Size([1498, 16])
torch.Size([791, 16])
torch.Size([260, 16])
-----------------------------------------batch_pred = model(blocks, batch_inputs) 
 Nvidia-smi: 1.2694091796875 GB
    Memory Allocated: 0.014144420623779297  GigaBytes
Max Memory Allocated: 0.02491474151611328  GigaBytes

----------------------------------------before batch_pred = model(blocks, batch_inputs) 
 Nvidia-smi: 1.2694091796875 GB
    Memory Allocated: 0.012837409973144531  GigaBytes
Max Memory Allocated: 0.025016307830810547  GigaBytes

torch.Size([2306, 1433])
torch.Size([1911, 16])
torch.Size([1297, 16])
torch.Size([623, 16])
torch.Size([233, 16])
-----------------------------------------batch_pred = model(blocks, batch_inputs) 
 Nvidia-smi: 1.2694091796875 GB
    Memory Allocated: 0.013958454132080078  GigaBytes
Max Memory Allocated: 0.025016307830810547  GigaBytes

----------------------------------------before batch_pred = model(blocks, batch_inputs) 
 Nvidia-smi: 1.2694091796875 GB
    Memory Allocated: 0.012970924377441406  GigaBytes
Max Memory Allocated: 0.025117874145507812  GigaBytes

torch.Size([2328, 1433])
torch.Size([2099, 16])
torch.Size([1527, 16])
torch.Size([762, 16])
torch.Size([241, 16])
-----------------------------------------batch_pred = model(blocks, batch_inputs) 
 Nvidia-smi: 1.2694091796875 GB
    Memory Allocated: 0.014242172241210938  GigaBytes
Max Memory Allocated: 0.025117874145507812  GigaBytes

----------------------------------------before batch_pred = model(blocks, batch_inputs) 
 Nvidia-smi: 1.2733154296875 GB
    Memory Allocated: 0.013079166412353516  GigaBytes
Max Memory Allocated: 0.025347232818603516  GigaBytes

torch.Size([2349, 1433])
torch.Size([2087, 16])
torch.Size([1476, 16])
torch.Size([677, 16])
torch.Size([213, 16])
-----------------------------------------batch_pred = model(blocks, batch_inputs) 
 Nvidia-smi: 1.2733154296875 GB
    Memory Allocated: 0.014301776885986328  GigaBytes
Max Memory Allocated: 0.025347232818603516  GigaBytes

----------------------------------------before batch_pred = model(blocks, batch_inputs) 
 Nvidia-smi: 1.2733154296875 GB
    Memory Allocated: 0.01300954818725586  GigaBytes
Max Memory Allocated: 0.025379180908203125  GigaBytes

torch.Size([2334, 1433])
torch.Size([2155, 16])
torch.Size([1634, 16])
torch.Size([822, 16])
torch.Size([264, 16])
-----------------------------------------batch_pred = model(blocks, batch_inputs) 
 Nvidia-smi: 1.2733154296875 GB
    Memory Allocated: 0.014350414276123047  GigaBytes
Max Memory Allocated: 0.025379180908203125  GigaBytes

----------------------------------------before batch_pred = model(blocks, batch_inputs) 
 Nvidia-smi: 1.2733154296875 GB
    Memory Allocated: 0.012896060943603516  GigaBytes
Max Memory Allocated: 0.025379180908203125  GigaBytes

torch.Size([2312, 1433])
torch.Size([2108, 16])
torch.Size([1632, 16])
torch.Size([867, 16])
torch.Size([312, 16])
-----------------------------------------batch_pred = model(blocks, batch_inputs) 
 Nvidia-smi: 1.2733154296875 GB
    Memory Allocated: 0.014251232147216797  GigaBytes
Max Memory Allocated: 0.025379180908203125  GigaBytes

----------------------------------------before batch_pred = model(blocks, batch_inputs) 
 Nvidia-smi: 1.2733154296875 GB
    Memory Allocated: 0.012583732604980469  GigaBytes
Max Memory Allocated: 0.025379180908203125  GigaBytes

torch.Size([2254, 1433])
torch.Size([2005, 16])
torch.Size([1582, 16])
torch.Size([873, 16])
torch.Size([325, 16])
-----------------------------------------batch_pred = model(blocks, batch_inputs) 
 Nvidia-smi: 1.2733154296875 GB
    Memory Allocated: 0.013915538787841797  GigaBytes
Max Memory Allocated: 0.025379180908203125  GigaBytes

----------------------------------------before batch_pred = model(blocks, batch_inputs) 
 Nvidia-smi: 1.2733154296875 GB
    Memory Allocated: 0.012850284576416016  GigaBytes
Max Memory Allocated: 0.025379180908203125  GigaBytes

torch.Size([2305, 1433])
torch.Size([2090, 16])
torch.Size([1495, 16])
torch.Size([752, 16])
torch.Size([285, 16])
-----------------------------------------batch_pred = model(blocks, batch_inputs) 
 Nvidia-smi: 1.2733154296875 GB
    Memory Allocated: 0.014127254486083984  GigaBytes
Max Memory Allocated: 0.025379180908203125  GigaBytes

----------------------------------------before batch_pred = model(blocks, batch_inputs) 
 Nvidia-smi: 1.2733154296875 GB
    Memory Allocated: 0.012465953826904297  GigaBytes
Max Memory Allocated: 0.025379180908203125  GigaBytes

torch.Size([2237, 1433])
torch.Size([1850, 16])
torch.Size([1245, 16])
torch.Size([631, 16])
torch.Size([212, 16])
-----------------------------------------batch_pred = model(blocks, batch_inputs) 
 Nvidia-smi: 1.2733154296875 GB
    Memory Allocated: 0.013555526733398438  GigaBytes
Max Memory Allocated: 0.025379180908203125  GigaBytes

----------------------------------------before batch_pred = model(blocks, batch_inputs) 
 Nvidia-smi: 1.2733154296875 GB
    Memory Allocated: 0.012683391571044922  GigaBytes
Max Memory Allocated: 0.025379180908203125  GigaBytes

torch.Size([2275, 1433])
torch.Size([2051, 16])
torch.Size([1454, 16])
torch.Size([663, 16])
torch.Size([252, 16])
-----------------------------------------batch_pred = model(blocks, batch_inputs) 
 Nvidia-smi: 1.2733154296875 GB
    Memory Allocated: 0.013896465301513672  GigaBytes
Max Memory Allocated: 0.025379180908203125  GigaBytes

----------------------------------------before batch_pred = model(blocks, batch_inputs) 
 Nvidia-smi: 1.2733154296875 GB
    Memory Allocated: 0.012904644012451172  GigaBytes
Max Memory Allocated: 0.025379180908203125  GigaBytes

torch.Size([2317, 1433])
torch.Size([2015, 16])
torch.Size([1409, 16])
torch.Size([680, 16])
torch.Size([226, 16])
-----------------------------------------batch_pred = model(blocks, batch_inputs) 
 Nvidia-smi: 1.2733154296875 GB
    Memory Allocated: 0.014098167419433594  GigaBytes
Max Memory Allocated: 0.025379180908203125  GigaBytes

----------------------------------------before batch_pred = model(blocks, batch_inputs) 
 Nvidia-smi: 1.2733154296875 GB
    Memory Allocated: 0.012733936309814453  GigaBytes
Max Memory Allocated: 0.025379180908203125  GigaBytes

torch.Size([2287, 1433])
torch.Size([1941, 16])
torch.Size([1320, 16])
torch.Size([614, 16])
torch.Size([200, 16])
-----------------------------------------batch_pred = model(blocks, batch_inputs) 
 Nvidia-smi: 1.2733154296875 GB
    Memory Allocated: 0.01384878158569336  GigaBytes
Max Memory Allocated: 0.025379180908203125  GigaBytes

----------------------------------------before batch_pred = model(blocks, batch_inputs) 
 Nvidia-smi: 1.2733154296875 GB
    Memory Allocated: 0.013040542602539062  GigaBytes
Max Memory Allocated: 0.025379180908203125  GigaBytes

torch.Size([2343, 1433])
torch.Size([2080, 16])
torch.Size([1434, 16])
torch.Size([648, 16])
torch.Size([200, 16])
-----------------------------------------batch_pred = model(blocks, batch_inputs) 
 Nvidia-smi: 1.2733154296875 GB
    Memory Allocated: 0.014227867126464844  GigaBytes
Max Memory Allocated: 0.025379180908203125  GigaBytes

----------------------------------------before batch_pred = model(blocks, batch_inputs) 
 Nvidia-smi: 1.2733154296875 GB
    Memory Allocated: 0.014224529266357422  GigaBytes
Max Memory Allocated: 0.02655935287475586  GigaBytes

torch.Size([2397, 1433])
torch.Size([2164, 16])
torch.Size([1662, 16])
torch.Size([835, 16])
torch.Size([238, 16])
-----------------------------------------batch_pred = model(blocks, batch_inputs) 
 Nvidia-smi: 1.2733154296875 GB
    Memory Allocated: 0.015572547912597656  GigaBytes
Max Memory Allocated: 0.02655935287475586  GigaBytes

----------------------------------------before batch_pred = model(blocks, batch_inputs) 
 Nvidia-smi: 1.2713623046875 GB
    Memory Allocated: 0.011036396026611328  GigaBytes
Max Memory Allocated: 0.02655935287475586  GigaBytes

torch.Size([1979, 1433])
torch.Size([1403, 16])
torch.Size([721, 16])
torch.Size([255, 16])
torch.Size([82, 16])
-----------------------------------------batch_pred = model(blocks, batch_inputs) 
 Nvidia-smi: 1.2713623046875 GB
    Memory Allocated: 0.011705875396728516  GigaBytes
Max Memory Allocated: 0.02655935287475586  GigaBytes

times | data loading | block to device | model prediction | loss calculation | loss backward |  optimizer step |
      |0.006243988871574402 |0.022480830550193787 |0.0549321174621582 |0.00014230608940124512 |0.005199894309043884 |0.0035696029663085938 |
----------------------------------------------------------pseudo_mini_loss sum 2.7336034774780273
 Run 0| Epoch 0 |
Number of nodes for computation during this epoch:  106859
Number of first layer input nodes during this epoch:  36619
----------------------------------------before generate_dataloader_block 
 Nvidia-smi: 1.2713623046875 GB
    Memory Allocated: 0.011619091033935547  GigaBytes
Max Memory Allocated: 0.02655935287475586  GigaBytes

The real block id is  5
get_global_graph_edges_ids_block function  spend 0.00048542022705078125
random selection method range initialization spend 0.000118255615234375
time for parepare:  6.842613220214844e-05
local_output_nid generation:  6.67572021484375e-06
local_in_edges_tensor generation:  0.00017261505126953125
mini_batch_src_global generation:  2.2172927856445312e-05
r_  generation:  3.528594970703125e-05
local_output_nid generation:  5.4836273193359375e-06
local_in_edges_tensor generation:  0.0001068115234375
mini_batch_src_global generation:  1.6450881958007812e-05
r_  generation:  2.4318695068359375e-05
local_output_nid generation:  5.0067901611328125e-06
local_in_edges_tensor generation:  0.00010037422180175781
mini_batch_src_global generation:  1.5735626220703125e-05
r_  generation:  2.47955322265625e-05
local_output_nid generation:  5.0067901611328125e-06
local_in_edges_tensor generation:  9.942054748535156e-05
mini_batch_src_global generation:  1.6927719116210938e-05
r_  generation:  3.647804260253906e-05
local_output_nid generation:  4.76837158203125e-06
local_in_edges_tensor generation:  9.822845458984375e-05
mini_batch_src_global generation:  1.5974044799804688e-05
r_  generation:  2.574920654296875e-05
local_output_nid generation:  4.5299530029296875e-06
local_in_edges_tensor generation:  0.00010776519775390625
mini_batch_src_global generation:  1.6450881958007812e-05
r_  generation:  2.86102294921875e-05
local_output_nid generation:  4.5299530029296875e-06
local_in_edges_tensor generation:  9.751319885253906e-05
mini_batch_src_global generation:  1.5735626220703125e-05
r_  generation:  2.3603439331054688e-05
local_output_nid generation:  4.76837158203125e-06
local_in_edges_tensor generation:  9.679794311523438e-05
mini_batch_src_global generation:  1.4543533325195312e-05
r_  generation:  2.2649765014648438e-05
local_output_nid generation:  4.76837158203125e-06
local_in_edges_tensor generation:  9.5367431640625e-05
mini_batch_src_global generation:  1.5497207641601562e-05
r_  generation:  2.2172927856445312e-05
local_output_nid generation:  4.5299530029296875e-06
local_in_edges_tensor generation:  9.72747802734375e-05
mini_batch_src_global generation:  1.4781951904296875e-05
r_  generation:  2.2649765014648438e-05
local_output_nid generation:  4.5299530029296875e-06
local_in_edges_tensor generation:  9.584426879882812e-05
mini_batch_src_global generation:  1.621246337890625e-05
r_  generation:  2.4557113647460938e-05
local_output_nid generation:  4.76837158203125e-06
local_in_edges_tensor generation:  9.72747802734375e-05
mini_batch_src_global generation:  1.5974044799804688e-05
r_  generation:  2.4318695068359375e-05
local_output_nid generation:  4.76837158203125e-06
local_in_edges_tensor generation:  9.72747802734375e-05
mini_batch_src_global generation:  1.5497207641601562e-05
r_  generation:  2.2649765014648438e-05
local_output_nid generation:  4.76837158203125e-06
local_in_edges_tensor generation:  9.703636169433594e-05
mini_batch_src_global generation:  1.6450881958007812e-05
r_  generation:  3.552436828613281e-05
local_output_nid generation:  4.5299530029296875e-06
local_in_edges_tensor generation:  9.822845458984375e-05
mini_batch_src_global generation:  1.5974044799804688e-05
r_  generation:  2.4318695068359375e-05
local_output_nid generation:  3.5762786865234375e-06
local_in_edges_tensor generation:  9.608268737792969e-05
mini_batch_src_global generation:  1.4543533325195312e-05
r_  generation:  1.7881393432617188e-05
----------------------check_connections_block total spend ----------------------------- 0.0031054019927978516
generate_one_block  0.0010828971862792969
generate_one_block  0.001043558120727539
generate_one_block  0.0010318756103515625
generate_one_block  0.00104522705078125
generate_one_block  0.0010328292846679688
generate_one_block  0.001046895980834961
generate_one_block  0.001031637191772461
generate_one_block  0.0010313987731933594
generate_one_block  0.0010406970977783203
generate_one_block  0.0015344619750976562
generate_one_block  0.001035928726196289
generate_one_block  0.0009613037109375
generate_one_block  0.0009479522705078125
generate_one_block  0.0009694099426269531
generate_one_block  0.0009493827819824219
generate_one_block  0.0010597705841064453
The real block id is  4
get_global_graph_edges_ids_block function  spend 0.0005769729614257812
gen group dst list time:  9.393692016601562e-05
time for parepare:  0.00016689300537109375
local_output_nid generation:  5.4836273193359375e-06
local_in_edges_tensor generation:  0.00019931793212890625
mini_batch_src_global generation:  3.4332275390625e-05
r_  generation:  0.00013518333435058594
local_output_nid generation:  6.4373016357421875e-06
local_in_edges_tensor generation:  0.00012612342834472656
mini_batch_src_global generation:  3.0517578125e-05
r_  generation:  8.869171142578125e-05
local_output_nid generation:  6.67572021484375e-06
local_in_edges_tensor generation:  0.00011348724365234375
mini_batch_src_global generation:  2.7179718017578125e-05
r_  generation:  0.00011324882507324219
local_output_nid generation:  9.059906005859375e-06
local_in_edges_tensor generation:  0.00011754035949707031
mini_batch_src_global generation:  3.2901763916015625e-05
r_  generation:  0.0001811981201171875
local_output_nid generation:  5.9604644775390625e-06
local_in_edges_tensor generation:  0.0001125335693359375
mini_batch_src_global generation:  2.9087066650390625e-05
r_  generation:  0.000125885009765625
local_output_nid generation:  5.9604644775390625e-06
local_in_edges_tensor generation:  0.00011420249938964844
mini_batch_src_global generation:  2.9325485229492188e-05
r_  generation:  0.0001480579376220703
local_output_nid generation:  6.198883056640625e-06
local_in_edges_tensor generation:  0.00011348724365234375
mini_batch_src_global generation:  2.6941299438476562e-05
r_  generation:  0.00011420249938964844
local_output_nid generation:  5.245208740234375e-06
local_in_edges_tensor generation:  0.00011491775512695312
mini_batch_src_global generation:  2.5033950805664062e-05
r_  generation:  0.00010633468627929688
local_output_nid generation:  5.0067901611328125e-06
local_in_edges_tensor generation:  0.00011038780212402344
mini_batch_src_global generation:  2.3126602172851562e-05
r_  generation:  9.250640869140625e-05
local_output_nid generation:  5.7220458984375e-06
local_in_edges_tensor generation:  0.00011086463928222656
mini_batch_src_global generation:  2.384185791015625e-05
r_  generation:  0.00010824203491210938
local_output_nid generation:  5.7220458984375e-06
local_in_edges_tensor generation:  0.00011277198791503906
mini_batch_src_global generation:  2.5510787963867188e-05
r_  generation:  0.00012302398681640625
local_output_nid generation:  5.9604644775390625e-06
local_in_edges_tensor generation:  0.00011134147644042969
mini_batch_src_global generation:  2.47955322265625e-05
r_  generation:  0.00011801719665527344
local_output_nid generation:  5.9604644775390625e-06
local_in_edges_tensor generation:  0.00011134147644042969
mini_batch_src_global generation:  2.7418136596679688e-05
r_  generation:  0.0001366138458251953
local_output_nid generation:  9.775161743164062e-06
local_in_edges_tensor generation:  0.00011587142944335938
mini_batch_src_global generation:  3.7670135498046875e-05
r_  generation:  0.0002353191375732422
local_output_nid generation:  5.9604644775390625e-06
local_in_edges_tensor generation:  0.00011563301086425781
mini_batch_src_global generation:  3.457069396972656e-05
r_  generation:  0.00014710426330566406
local_output_nid generation:  3.814697265625e-06
local_in_edges_tensor generation:  0.00011086463928222656
mini_batch_src_global generation:  2.47955322265625e-05
r_  generation:  8.630752563476562e-05
----------------------check_connections_block total spend ----------------------------- 0.005727529525756836
generate_one_block  0.001210927963256836
generate_one_block  0.0011076927185058594
generate_one_block  0.001149892807006836
generate_one_block  0.0012443065643310547
generate_one_block  0.0011723041534423828
generate_one_block  0.0012731552124023438
generate_one_block  0.0011522769927978516
generate_one_block  0.0011401176452636719
generate_one_block  0.0011265277862548828
generate_one_block  0.001093149185180664
generate_one_block  0.0010838508605957031
generate_one_block  0.0010557174682617188
generate_one_block  0.0011010169982910156
generate_one_block  0.001203298568725586
generate_one_block  0.0011098384857177734
generate_one_block  0.0010304450988769531
The real block id is  3
get_global_graph_edges_ids_block function  spend 0.0006685256958007812
gen group dst list time:  0.00015878677368164062
time for parepare:  0.0002090930938720703
local_output_nid generation:  1.8596649169921875e-05
local_in_edges_tensor generation:  0.00022935867309570312
mini_batch_src_global generation:  5.841255187988281e-05
r_  generation:  0.0004532337188720703
local_output_nid generation:  1.4066696166992188e-05
local_in_edges_tensor generation:  0.00013780593872070312
mini_batch_src_global generation:  5.245208740234375e-05
r_  generation:  0.0002598762512207031
local_output_nid generation:  2.0742416381835938e-05
local_in_edges_tensor generation:  0.000141143798828125
mini_batch_src_global generation:  5.650520324707031e-05
r_  generation:  0.0003757476806640625
local_output_nid generation:  2.6464462280273438e-05
local_in_edges_tensor generation:  0.00015425682067871094
mini_batch_src_global generation:  8.034706115722656e-05
r_  generation:  0.0005941390991210938
local_output_nid generation:  2.288818359375e-05
local_in_edges_tensor generation:  0.0001494884490966797
mini_batch_src_global generation:  7.2479248046875e-05
r_  generation:  0.0005018711090087891
local_output_nid generation:  2.3126602172851562e-05
local_in_edges_tensor generation:  0.0001494884490966797
mini_batch_src_global generation:  6.318092346191406e-05
r_  generation:  0.00048041343688964844
local_output_nid generation:  1.5974044799804688e-05
local_in_edges_tensor generation:  0.00013756752014160156
mini_batch_src_global generation:  5.340576171875e-05
r_  generation:  0.0003509521484375
local_output_nid generation:  1.9073486328125e-05
local_in_edges_tensor generation:  0.00013828277587890625
mini_batch_src_global generation:  5.1975250244140625e-05
r_  generation:  0.0003814697265625
local_output_nid generation:  1.7642974853515625e-05
local_in_edges_tensor generation:  0.0001361370086669922
mini_batch_src_global generation:  4.9591064453125e-05
r_  generation:  0.0003464221954345703
local_output_nid generation:  1.811981201171875e-05
local_in_edges_tensor generation:  0.0001373291015625
mini_batch_src_global generation:  5.125999450683594e-05
r_  generation:  0.0003819465637207031
local_output_nid generation:  2.2411346435546875e-05
local_in_edges_tensor generation:  0.00015401840209960938
mini_batch_src_global generation:  6.079673767089844e-05
r_  generation:  0.0004837512969970703
local_output_nid generation:  1.8596649169921875e-05
local_in_edges_tensor generation:  0.0001404285430908203
mini_batch_src_global generation:  5.4836273193359375e-05
r_  generation:  0.00036787986755371094
local_output_nid generation:  2.5987625122070312e-05
local_in_edges_tensor generation:  0.00014925003051757812
mini_batch_src_global generation:  6.437301635742188e-05
r_  generation:  0.0005614757537841797
local_output_nid generation:  3.337860107421875e-05
local_in_edges_tensor generation:  0.00016164779663085938
mini_batch_src_global generation:  8.893013000488281e-05
r_  generation:  0.0007228851318359375
local_output_nid generation:  2.7179718017578125e-05
local_in_edges_tensor generation:  0.00015544891357421875
mini_batch_src_global generation:  7.200241088867188e-05
r_  generation:  0.0005459785461425781
local_output_nid generation:  1.6689300537109375e-05
local_in_edges_tensor generation:  0.00014138221740722656
mini_batch_src_global generation:  5.435943603515625e-05
r_  generation:  0.00033855438232421875
----------------------check_connections_block total spend ----------------------------- 0.01328730583190918
generate_one_block  0.001577138900756836
generate_one_block  0.0014259815216064453
generate_one_block  0.0014955997467041016
generate_one_block  0.0015795230865478516
generate_one_block  0.0014634132385253906
generate_one_block  0.0014133453369140625
generate_one_block  0.001306295394897461
generate_one_block  0.0013515949249267578
generate_one_block  0.0012869834899902344
generate_one_block  0.0013759136199951172
generate_one_block  0.0014891624450683594
generate_one_block  0.0012981891632080078
generate_one_block  0.0015215873718261719
generate_one_block  0.001707315444946289
generate_one_block  0.0015804767608642578
generate_one_block  0.0013172626495361328
The real block id is  2
get_global_graph_edges_ids_block function  spend 0.0006992816925048828
gen group dst list time:  0.0003147125244140625
time for parepare:  0.00019884109497070312
local_output_nid generation:  4.9591064453125e-05
local_in_edges_tensor generation:  0.000331878662109375
mini_batch_src_global generation:  0.00015735626220703125
r_  generation:  0.001216888427734375
local_output_nid generation:  3.933906555175781e-05
local_in_edges_tensor generation:  0.00017762184143066406
mini_batch_src_global generation:  0.00010204315185546875
r_  generation:  0.0007636547088623047
local_output_nid generation:  5.555152893066406e-05
local_in_edges_tensor generation:  0.00019407272338867188
mini_batch_src_global generation:  0.00010991096496582031
r_  generation:  0.0011029243469238281
local_output_nid generation:  7.677078247070312e-05
local_in_edges_tensor generation:  0.00022935867309570312
mini_batch_src_global generation:  0.0001761913299560547
r_  generation:  0.0016183853149414062
local_output_nid generation:  6.008148193359375e-05
local_in_edges_tensor generation:  0.00020599365234375
mini_batch_src_global generation:  0.00013709068298339844
r_  generation:  0.0012979507446289062
local_output_nid generation:  5.1975250244140625e-05
local_in_edges_tensor generation:  0.00019240379333496094
mini_batch_src_global generation:  0.00012040138244628906
r_  generation:  0.0011034011840820312
local_output_nid generation:  4.3392181396484375e-05
local_in_edges_tensor generation:  0.00017762184143066406
mini_batch_src_global generation:  0.00010204315185546875
r_  generation:  0.0008823871612548828
local_output_nid generation:  5.173683166503906e-05
local_in_edges_tensor generation:  0.00019431114196777344
mini_batch_src_global generation:  0.00011610984802246094
r_  generation:  0.0011374950408935547
local_output_nid generation:  4.744529724121094e-05
local_in_edges_tensor generation:  0.00018334388732910156
mini_batch_src_global generation:  0.00010943412780761719
r_  generation:  0.0009524822235107422
local_output_nid generation:  6.699562072753906e-05
local_in_edges_tensor generation:  0.00020170211791992188
mini_batch_src_global generation:  0.00012350082397460938
r_  generation:  0.0012249946594238281
local_output_nid generation:  7.748603820800781e-05
local_in_edges_tensor generation:  0.00022077560424804688
mini_batch_src_global generation:  0.00014662742614746094
r_  generation:  0.0015399456024169922
local_output_nid generation:  4.887580871582031e-05
local_in_edges_tensor generation:  0.0001823902130126953
mini_batch_src_global generation:  0.00011754035949707031
r_  generation:  0.0009505748748779297
local_output_nid generation:  6.198883056640625e-05
local_in_edges_tensor generation:  0.00018978118896484375
mini_batch_src_global generation:  0.00012063980102539062
r_  generation:  0.0012278556823730469
local_output_nid generation:  7.43865966796875e-05
local_in_edges_tensor generation:  0.00020647048950195312
mini_batch_src_global generation:  0.00014710426330566406
r_  generation:  0.0014221668243408203
local_output_nid generation:  6.914138793945312e-05
local_in_edges_tensor generation:  0.00019550323486328125
mini_batch_src_global generation:  0.00013375282287597656
r_  generation:  0.0012819766998291016
local_output_nid generation:  5.14984130859375e-05
local_in_edges_tensor generation:  0.00017833709716796875
mini_batch_src_global generation:  0.00011038780212402344
r_  generation:  0.0009331703186035156
----------------------check_connections_block total spend ----------------------------- 0.02983713150024414
generate_one_block  0.0025262832641601562
generate_one_block  0.0017707347869873047
generate_one_block  0.0021126270294189453
generate_one_block  0.0026178359985351562
generate_one_block  0.002285003662109375
generate_one_block  0.0020868778228759766
generate_one_block  0.0018744468688964844
generate_one_block  0.0021619796752929688
generate_one_block  0.0019598007202148438
generate_one_block  0.0022335052490234375
generate_one_block  0.0026025772094726562
generate_one_block  0.0021419525146484375
generate_one_block  0.0024111270904541016
generate_one_block  0.0029077529907226562
generate_one_block  0.0024755001068115234
generate_one_block  0.0021610260009765625
The real block id is  1
get_global_graph_edges_ids_block function  spend 0.0007991790771484375
gen group dst list time:  0.0007030963897705078
time for parepare:  0.00020313262939453125
local_output_nid generation:  9.894371032714844e-05
local_in_edges_tensor generation:  0.0004057884216308594
mini_batch_src_global generation:  0.00018835067749023438
r_  generation:  0.0022118091583251953
local_output_nid generation:  9.274482727050781e-05
local_in_edges_tensor generation:  0.0002510547637939453
mini_batch_src_global generation:  0.0001862049102783203
r_  generation:  0.003129720687866211
local_output_nid generation:  0.00011086463928222656
local_in_edges_tensor generation:  0.00027179718017578125
mini_batch_src_global generation:  0.0001888275146484375
r_  generation:  0.002113819122314453
local_output_nid generation:  0.00013327598571777344
local_in_edges_tensor generation:  0.00031876564025878906
mini_batch_src_global generation:  0.0002689361572265625
r_  generation:  0.002651214599609375
local_output_nid generation:  0.0001125335693359375
local_in_edges_tensor generation:  0.0002810955047607422
mini_batch_src_global generation:  0.00020575523376464844
r_  generation:  0.0021941661834716797
local_output_nid generation:  0.00010514259338378906
local_in_edges_tensor generation:  0.0002663135528564453
mini_batch_src_global generation:  0.0001914501190185547
r_  generation:  0.0020384788513183594
local_output_nid generation:  9.179115295410156e-05
local_in_edges_tensor generation:  0.0002474784851074219
mini_batch_src_global generation:  0.00017571449279785156
r_  generation:  0.001827239990234375
local_output_nid generation:  0.00010395050048828125
local_in_edges_tensor generation:  0.0002658367156982422
mini_batch_src_global generation:  0.00019097328186035156
r_  generation:  0.0020570755004882812
local_output_nid generation:  9.799003601074219e-05
local_in_edges_tensor generation:  0.0002429485321044922
mini_batch_src_global generation:  0.0001735687255859375
r_  generation:  0.0018193721771240234
local_output_nid generation:  0.00010728836059570312
local_in_edges_tensor generation:  0.0002658367156982422
mini_batch_src_global generation:  0.00019693374633789062
r_  generation:  0.002076864242553711
local_output_nid generation:  0.00011801719665527344
local_in_edges_tensor generation:  0.0002818107604980469
mini_batch_src_global generation:  0.00020623207092285156
r_  generation:  0.002334117889404297
local_output_nid generation:  8.916854858398438e-05
local_in_edges_tensor generation:  0.0002295970916748047
mini_batch_src_global generation:  0.00017118453979492188
r_  generation:  0.0017061233520507812
local_output_nid generation:  0.00010943412780761719
local_in_edges_tensor generation:  0.0002644062042236328
mini_batch_src_global generation:  0.0001888275146484375
r_  generation:  0.00213623046875
local_output_nid generation:  0.00012445449829101562
local_in_edges_tensor generation:  0.0002856254577636719
mini_batch_src_global generation:  0.00021004676818847656
r_  generation:  0.0023810863494873047
local_output_nid generation:  0.00011706352233886719
local_in_edges_tensor generation:  0.0002701282501220703
mini_batch_src_global generation:  0.00021719932556152344
r_  generation:  0.002218484878540039
local_output_nid generation:  9.942054748535156e-05
local_in_edges_tensor generation:  0.0002484321594238281
mini_batch_src_global generation:  0.00018286705017089844
r_  generation:  0.0019030570983886719
----------------------check_connections_block total spend ----------------------------- 0.052045583724975586
generate_one_block  0.0038046836853027344
generate_one_block  0.002768278121948242
generate_one_block  0.0030617713928222656
generate_one_block  0.003680706024169922
generate_one_block  0.0031516551971435547
generate_one_block  0.0030078887939453125
generate_one_block  0.0028235912322998047
generate_one_block  0.003440380096435547
generate_one_block  0.003022909164428711
generate_one_block  0.003348112106323242
generate_one_block  0.003953456878662109
generate_one_block  0.002886533737182617
generate_one_block  0.003326416015625
generate_one_block  0.003587007522583008
generate_one_block  0.0034627914428710938
generate_one_block  0.0031049251556396484
The real block id is  0
get_global_graph_edges_ids_block function  spend 0.0007841587066650391
gen group dst list time:  0.0009706020355224609
time for parepare:  0.00019979476928710938
local_output_nid generation:  0.0001468658447265625
local_in_edges_tensor generation:  0.0004947185516357422
mini_batch_src_global generation:  0.00026869773864746094
r_  generation:  0.002896547317504883
local_output_nid generation:  0.0013518333435058594
local_in_edges_tensor generation:  0.0003421306610107422
mini_batch_src_global generation:  0.0002524852752685547
r_  generation:  0.0027010440826416016
local_output_nid generation:  0.00015473365783691406
local_in_edges_tensor generation:  0.0003437995910644531
mini_batch_src_global generation:  0.00023627281188964844
r_  generation:  0.002856016159057617
local_output_nid generation:  0.00017404556274414062
local_in_edges_tensor generation:  0.00036525726318359375
mini_batch_src_global generation:  0.00027298927307128906
r_  generation:  0.003186941146850586
local_output_nid generation:  0.000156402587890625
local_in_edges_tensor generation:  0.0003402233123779297
mini_batch_src_global generation:  0.0002474784851074219
r_  generation:  0.002893209457397461
local_output_nid generation:  0.000152587890625
local_in_edges_tensor generation:  0.00033283233642578125
mini_batch_src_global generation:  0.00024127960205078125
r_  generation:  0.0028052330017089844
local_output_nid generation:  0.000141143798828125
local_in_edges_tensor generation:  0.00029778480529785156
mini_batch_src_global generation:  0.0002181529998779297
r_  generation:  0.002505064010620117
local_output_nid generation:  0.0001404285430908203
local_in_edges_tensor generation:  0.00030684471130371094
mini_batch_src_global generation:  0.00022721290588378906
r_  generation:  0.0026092529296875
local_output_nid generation:  0.00013780593872070312
local_in_edges_tensor generation:  0.0003046989440917969
mini_batch_src_global generation:  0.00022673606872558594
r_  generation:  0.002581357955932617
local_output_nid generation:  0.00014853477478027344
local_in_edges_tensor generation:  0.0003178119659423828
mini_batch_src_global generation:  0.00023317337036132812
r_  generation:  0.002731800079345703
local_output_nid generation:  0.00015234947204589844
local_in_edges_tensor generation:  0.0003249645233154297
mini_batch_src_global generation:  0.00024390220642089844
r_  generation:  0.002790212631225586
local_output_nid generation:  0.0001316070556640625
local_in_edges_tensor generation:  0.00029158592224121094
mini_batch_src_global generation:  0.0002186298370361328
r_  generation:  0.0023996829986572266
local_output_nid generation:  0.00014209747314453125
local_in_edges_tensor generation:  0.0003151893615722656
mini_batch_src_global generation:  0.0002295970916748047
r_  generation:  0.002692699432373047
local_output_nid generation:  0.00015306472778320312
local_in_edges_tensor generation:  0.00032973289489746094
mini_batch_src_global generation:  0.0002434253692626953
r_  generation:  0.00286102294921875
local_output_nid generation:  0.00015115737915039062
local_in_edges_tensor generation:  0.0003256797790527344
mini_batch_src_global generation:  0.0002510547637939453
r_  generation:  0.002812623977661133
local_output_nid generation:  0.0001461505889892578
local_in_edges_tensor generation:  0.0003077983856201172
mini_batch_src_global generation:  0.0002319812774658203
r_  generation:  0.0026357173919677734
----------------------check_connections_block total spend ----------------------------- 0.0664372444152832
generate_one_block  0.004343271255493164
generate_one_block  0.003677845001220703
generate_one_block  0.00382232666015625
generate_one_block  0.0045013427734375
generate_one_block  0.0037779808044433594
generate_one_block  0.0036993026733398438
generate_one_block  0.003766775131225586
generate_one_block  0.004598140716552734
generate_one_block  0.0037703514099121094
generate_one_block  0.003887653350830078
generate_one_block  0.003938436508178711
generate_one_block  0.00460362434387207
generate_one_block  0.003834962844848633
generate_one_block  0.003993034362792969
generate_one_block  0.0040209293365478516
generate_one_block  0.0038161277770996094
-----------------------------------------after block dataloader generation 
 Nvidia-smi: 1.2713623046875 GB
    Memory Allocated: 0.011619091033935547  GigaBytes
Max Memory Allocated: 0.02655935287475586  GigaBytes

connection checking time:  0.16733479499816895
block generation total time  0.19425654411315918
average batch blocks generation time:  0.012141034007072449
block dataloader generation time/epoch 0.41451454162597656
----------------------------------------before batch_pred = model(blocks, batch_inputs) 
 Nvidia-smi: 1.2713623046875 GB
    Memory Allocated: 0.012959480285644531  GigaBytes
Max Memory Allocated: 0.02655935287475586  GigaBytes

torch.Size([2259, 1433])
torch.Size([1957, 16])
torch.Size([1382, 16])
torch.Size([667, 16])
torch.Size([238, 16])
-----------------------------------------batch_pred = model(blocks, batch_inputs) 
 Nvidia-smi: 1.2713623046875 GB
    Memory Allocated: 0.01412820816040039  GigaBytes
Max Memory Allocated: 0.02655935287475586  GigaBytes

----------------------------------------before batch_pred = model(blocks, batch_inputs) 
 Nvidia-smi: 1.2713623046875 GB
    Memory Allocated: 0.01268625259399414  GigaBytes
Max Memory Allocated: 0.02655935287475586  GigaBytes

torch.Size([2213, 1433])
torch.Size([1775, 16])
torch.Size([1046, 16])
torch.Size([403, 16])
torch.Size([118, 16])
-----------------------------------------batch_pred = model(blocks, batch_inputs) 
 Nvidia-smi: 1.2713623046875 GB
    Memory Allocated: 0.013597488403320312  GigaBytes
Max Memory Allocated: 0.02655935287475586  GigaBytes

----------------------------------------before batch_pred = model(blocks, batch_inputs) 
 Nvidia-smi: 1.2713623046875 GB
    Memory Allocated: 0.012830734252929688  GigaBytes
Max Memory Allocated: 0.02655935287475586  GigaBytes

torch.Size([2236, 1433])
torch.Size([1906, 16])
torch.Size([1279, 16])
torch.Size([597, 16])
torch.Size([181, 16])
-----------------------------------------batch_pred = model(blocks, batch_inputs) 
 Nvidia-smi: 1.2713623046875 GB
    Memory Allocated: 0.013919353485107422  GigaBytes
Max Memory Allocated: 0.02655935287475586  GigaBytes

----------------------------------------before batch_pred = model(blocks, batch_inputs) 
 Nvidia-smi: 1.2713623046875 GB
    Memory Allocated: 0.01460123062133789  GigaBytes
Max Memory Allocated: 0.02655935287475586  GigaBytes

torch.Size([2395, 1433])
torch.Size([2198, 16])
torch.Size([1688, 16])
torch.Size([923, 16])
torch.Size([283, 16])
-----------------------------------------batch_pred = model(blocks, batch_inputs) 
 Nvidia-smi: 1.2713623046875 GB
    Memory Allocated: 0.016012191772460938  GigaBytes
Max Memory Allocated: 0.02655935287475586  GigaBytes

----------------------------------------before batch_pred = model(blocks, batch_inputs) 
 Nvidia-smi: 1.2713623046875 GB
    Memory Allocated: 0.013005733489990234  GigaBytes
Max Memory Allocated: 0.02655935287475586  GigaBytes

torch.Size([2267, 1433])
torch.Size([1933, 16])
torch.Size([1381, 16])
torch.Size([710, 16])
torch.Size([221, 16])
-----------------------------------------batch_pred = model(blocks, batch_inputs) 
 Nvidia-smi: 1.2713623046875 GB
    Memory Allocated: 0.01417684555053711  GigaBytes
Max Memory Allocated: 0.02655935287475586  GigaBytes

----------------------------------------before batch_pred = model(blocks, batch_inputs) 
 Nvidia-smi: 1.2713623046875 GB
    Memory Allocated: 0.012740135192871094  GigaBytes
Max Memory Allocated: 0.02655935287475586  GigaBytes

torch.Size([2219, 1433])
torch.Size([1870, 16])
torch.Size([1259, 16])
torch.Size([574, 16])
torch.Size([230, 16])
-----------------------------------------batch_pred = model(blocks, batch_inputs) 
 Nvidia-smi: 1.2713623046875 GB
    Memory Allocated: 0.013825416564941406  GigaBytes
Max Memory Allocated: 0.02655935287475586  GigaBytes
Using backend: pytorch

----------------------------------------before batch_pred = model(blocks, batch_inputs) 
 Nvidia-smi: 1.2713623046875 GB
    Memory Allocated: 0.012948989868164062  GigaBytes
Max Memory Allocated: 0.02655935287475586  GigaBytes

torch.Size([2261, 1433])
torch.Size([1839, 16])
torch.Size([1089, 16])
torch.Size([473, 16])
torch.Size([154, 16])
-----------------------------------------batch_pred = model(blocks, batch_inputs) 
 Nvidia-smi: 1.2713623046875 GB
    Memory Allocated: 0.01392364501953125  GigaBytes
Max Memory Allocated: 0.02655935287475586  GigaBytes

----------------------------------------before batch_pred = model(blocks, batch_inputs) 
 Nvidia-smi: 1.2713623046875 GB
    Memory Allocated: 0.013136863708496094  GigaBytes
Max Memory Allocated: 0.02655935287475586  GigaBytes

torch.Size([2293, 1433])
torch.Size([1952, 16])
torch.Size([1320, 16])
torch.Size([621, 16])
torch.Size([186, 16])
-----------------------------------------batch_pred = model(blocks, batch_inputs) 
 Nvidia-smi: 1.2713623046875 GB
    Memory Allocated: 0.014253616333007812  GigaBytes
Max Memory Allocated: 0.02655935287475586  GigaBytes

----------------------------------------before batch_pred = model(blocks, batch_inputs) 
 Nvidia-smi: 1.2713623046875 GB
    Memory Allocated: 0.013128280639648438  GigaBytes
Max Memory Allocated: 0.02655935287475586  GigaBytes

torch.Size([2293, 1433])
torch.Size([1909, 16])
torch.Size([1249, 16])
torch.Size([520, 16])
torch.Size([170, 16])
-----------------------------------------batch_pred = model(blocks, batch_inputs) 
 Nvidia-smi: 1.2713623046875 GB
    Memory Allocated: 0.014180660247802734  GigaBytes
Max Memory Allocated: 0.02655935287475586  GigaBytes

----------------------------------------before batch_pred = model(blocks, batch_inputs) 
 Nvidia-smi: 1.2713623046875 GB
    Memory Allocated: 0.013268470764160156  GigaBytes
Max Memory Allocated: 0.02655935287475586  GigaBytes

torch.Size([2316, 1433])
torch.Size([2062, 16])
torch.Size([1445, 16])
torch.Size([679, 16])
torch.Size([174, 16])
-----------------------------------------batch_pred = model(blocks, batch_inputs) 
 Nvidia-smi: 1.2713623046875 GB
    Memory Allocated: 0.014463424682617188  GigaBytes
Max Memory Allocated: 0.02655935287475586  GigaBytes

----------------------------------------before batch_pred = model(blocks, batch_inputs) 
 Nvidia-smi: 1.2713623046875 GB
    Memory Allocated: 0.013515949249267578  GigaBytes
Max Memory Allocated: 0.02655935287475586  GigaBytes

torch.Size([2359, 1433])
torch.Size([2151, 16])
torch.Size([1685, 16])
torch.Size([851, 16])
torch.Size([226, 16])
-----------------------------------------batch_pred = model(blocks, batch_inputs) 
 Nvidia-smi: 1.2713623046875 GB
    Memory Allocated: 0.01486825942993164  GigaBytes
Max Memory Allocated: 0.02655935287475586  GigaBytes

----------------------------------------before batch_pred = model(blocks, batch_inputs) 
 Nvidia-smi: 1.2713623046875 GB
    Memory Allocated: 0.012349605560302734  GigaBytes
Max Memory Allocated: 0.02655935287475586  GigaBytes

torch.Size([2148, 1433])
torch.Size([1741, 16])
torch.Size([1131, 16])
torch.Size([498, 16])
torch.Size([182, 16])
-----------------------------------------batch_pred = model(blocks, batch_inputs) 
 Nvidia-smi: 1.2713623046875 GB
    Memory Allocated: 0.013332843780517578  GigaBytes
Max Memory Allocated: 0.02655935287475586  GigaBytes

----------------------------------------before batch_pred = model(blocks, batch_inputs) 
 Nvidia-smi: 1.2713623046875 GB
    Memory Allocated: 0.013390064239501953  GigaBytes
Max Memory Allocated: 0.02655935287475586  GigaBytes

torch.Size([2337, 1433])
torch.Size([2040, 16])
torch.Size([1523, 16])
torch.Size([736, 16])
torch.Size([272, 16])
-----------------------------------------batch_pred = model(blocks, batch_inputs) 
 Nvidia-smi: 1.2713623046875 GB
    Memory Allocated: 0.014647960662841797  GigaBytes
Max Memory Allocated: 0.02655935287475586  GigaBytes

----------------------------------------before batch_pred = model(blocks, batch_inputs) 
 Nvidia-smi: 1.2713623046875 GB
    Memory Allocated: 0.013611793518066406  GigaBytes
Max Memory Allocated: 0.02655935287475586  GigaBytes

torch.Size([2375, 1433])
torch.Size([2205, 16])
torch.Size([1715, 16])
torch.Size([926, 16])
torch.Size([365, 16])
-----------------------------------------batch_pred = model(blocks, batch_inputs) 
 Nvidia-smi: 1.2713623046875 GB
    Memory Allocated: 0.015058517456054688  GigaBytes
Max Memory Allocated: 0.02655935287475586  GigaBytes

----------------------------------------before batch_pred = model(blocks, batch_inputs) 
 Nvidia-smi: 1.2713623046875 GB
    Memory Allocated: 0.013592243194580078  GigaBytes
Max Memory Allocated: 0.02655935287475586  GigaBytes

torch.Size([2374, 1433])
torch.Size([2147, 16])
torch.Size([1584, 16])
torch.Size([800, 16])
torch.Size([299, 16])
-----------------------------------------batch_pred = model(blocks, batch_inputs) 
 Nvidia-smi: 1.2713623046875 GB
    Memory Allocated: 0.014918327331542969  GigaBytes
Max Memory Allocated: 0.02655935287475586  GigaBytes

----------------------------------------before batch_pred = model(blocks, batch_inputs) 
 Nvidia-smi: 1.2713623046875 GB
    Memory Allocated: 0.013006210327148438  GigaBytes
Max Memory Allocated: 0.02655935287475586  GigaBytes

torch.Size([2269, 1433])
torch.Size([1968, 16])
torch.Size([1321, 16])
torch.Size([557, 16])
torch.Size([168, 16])
-----------------------------------------batch_pred = model(blocks, batch_inputs) 
 Nvidia-smi: 1.2713623046875 GB
    Memory Allocated: 0.014101028442382812  GigaBytes
Max Memory Allocated: 0.02655935287475586  GigaBytes

times | data loading | block to device | model prediction | loss calculation | loss backward |  optimizer step |
      |0.003367811441421509 |0.0008338242769241333 |0.006481185555458069 |0.00011439621448516846 |0.0032698214054107666 |0.0037543773651123047 |
----------------------------------------------------------pseudo_mini_loss sum 3.3462939262390137
Total (block generation + training)time/epoch 0.6604888439178467
Training time/epoch 0.24572348594665527
Training time without block to device /epoch 0.23238229751586914
Training time without total dataloading part /epoch 0.16160082817077637
load block tensor time/epoch 0.05388498306274414
block to device time/epoch 0.013341188430786133
input features size transfer per epoch 2.1457672119140625e-06
blocks size to device per epoch 1.9073486328125e-06
 Run 0| Epoch 1 |
Number of nodes for computation during this epoch:  105128
Number of first layer input nodes during this epoch:  36614
