main start at this time 1648427885.466227
-----------------------------------------before load data 
 Nvidia-smi: 0.1717529296875 GB
    Memory Allocated: 0.0  GigaBytes
Max Memory Allocated: 0.0  GigaBytes

  NumNodes: 2708
  NumEdges: 10556
  NumFeats: 1433
  NumClasses: 7
  NumTrainingSamples: 140
  NumValidationSamples: 500
  NumTestSamples: 1000
Done loading data from cached files.
success----------------------------------------
140
500
2068
# Nodes: 2708
# Edges: 10556
# Train: 140
# Val: 500
# Test: 2068
# Classes: 7

in feats:  1433
----------------------------------------before generate_dataloader_block 
 Nvidia-smi: 1.0369873046875 GB
    Memory Allocated: 0.0032434463500976562  GigaBytes
Max Memory Allocated: 0.0032434463500976562  GigaBytes

The real block id is  2
get_global_graph_edges_ids_block function  spend 0.001338958740234375
random selection method range initialization spend 0.00024199485778808594
time for parepare:  6.67572021484375e-05
local_output_nid generation:  3.2901763916015625e-05
local_in_edges_tensor generation:  0.00018477439880371094
mini_batch_src_global generation:  2.4318695068359375e-05
r_  generation:  0.003559589385986328
local_output_nid generation:  6.4373016357421875e-06
local_in_edges_tensor generation:  0.0001323223114013672
mini_batch_src_global generation:  2.4318695068359375e-05
r_  generation:  2.7894973754882812e-05
local_output_nid generation:  5.4836273193359375e-06
local_in_edges_tensor generation:  0.00010323524475097656
mini_batch_src_global generation:  1.5974044799804688e-05
r_  generation:  2.9802322387695312e-05
local_output_nid generation:  5.245208740234375e-06
local_in_edges_tensor generation:  9.965896606445312e-05
mini_batch_src_global generation:  1.5735626220703125e-05
r_  generation:  2.3365020751953125e-05
local_output_nid generation:  4.76837158203125e-06
local_in_edges_tensor generation:  9.751319885253906e-05
mini_batch_src_global generation:  1.52587890625e-05
r_  generation:  2.6464462280273438e-05
local_output_nid generation:  5.245208740234375e-06
local_in_edges_tensor generation:  9.799003601074219e-05
mini_batch_src_global generation:  1.6927719116210938e-05
r_  generation:  2.6464462280273438e-05
local_output_nid generation:  4.5299530029296875e-06
local_in_edges_tensor generation:  9.632110595703125e-05
mini_batch_src_global generation:  1.6450881958007812e-05
r_  generation:  7.2479248046875e-05
local_output_nid generation:  3.814697265625e-06
local_in_edges_tensor generation:  0.00010251998901367188
mini_batch_src_global generation:  1.6689300537109375e-05
r_  generation:  2.2411346435546875e-05
local_output_nid generation:  4.5299530029296875e-06
local_in_edges_tensor generation:  9.918212890625e-05
mini_batch_src_global generation:  1.621246337890625e-05
r_  generation:  3.24249267578125e-05
local_output_nid generation:  4.5299530029296875e-06
local_in_edges_tensor generation:  9.584426879882812e-05
mini_batch_src_global generation:  1.4543533325195312e-05
r_  generation:  2.1696090698242188e-05
local_output_nid generation:  4.76837158203125e-06
local_in_edges_tensor generation:  9.584426879882812e-05
mini_batch_src_global generation:  1.5974044799804688e-05
r_  generation:  3.266334533691406e-05
local_output_nid generation:  5.0067901611328125e-06
local_in_edges_tensor generation:  9.584426879882812e-05
mini_batch_src_global generation:  1.4781951904296875e-05
r_  generation:  1.9073486328125e-05
local_output_nid generation:  4.76837158203125e-06
local_in_edges_tensor generation:  9.465217590332031e-05
mini_batch_src_global generation:  1.5974044799804688e-05
r_  generation:  3.337860107421875e-05
local_output_nid generation:  5.0067901611328125e-06
local_in_edges_tensor generation:  9.608268737792969e-05
mini_batch_src_global generation:  1.4543533325195312e-05
r_  generation:  1.7881393432617188e-05
local_output_nid generation:  4.291534423828125e-06
local_in_edges_tensor generation:  9.465217590332031e-05
mini_batch_src_global generation:  1.52587890625e-05
r_  generation:  2.6226043701171875e-05
local_output_nid generation:  3.337860107421875e-06
local_in_edges_tensor generation:  9.512901306152344e-05
mini_batch_src_global generation:  1.4543533325195312e-05
r_  generation:  1.6689300537109375e-05
----------------------check_connections_block total spend ----------------------------- 0.0068094730377197266
generate_one_block  0.001474142074584961
generate_one_block  0.001111745834350586
generate_one_block  0.0011396408081054688
generate_one_block  0.0010800361633300781
generate_one_block  0.0010731220245361328
generate_one_block  0.0010955333709716797
generate_one_block  0.0010848045349121094
generate_one_block  0.001069784164428711
generate_one_block  0.0011000633239746094
generate_one_block  0.0010576248168945312
generate_one_block  0.0010225772857666016
generate_one_block  0.0009796619415283203
generate_one_block  0.0011014938354492188
generate_one_block  0.0009751319885253906
generate_one_block  0.0009837150573730469
generate_one_block  0.0009768009185791016
The real block id is  1
get_global_graph_edges_ids_block function  spend 0.0006041526794433594
gen group dst list time:  9.393692016601562e-05
time for parepare:  0.00015020370483398438
local_output_nid generation:  5.7220458984375e-06
local_in_edges_tensor generation:  0.00019216537475585938
mini_batch_src_global generation:  2.956390380859375e-05
r_  generation:  0.00012993812561035156
local_output_nid generation:  5.7220458984375e-06
local_in_edges_tensor generation:  0.00011301040649414062
mini_batch_src_global generation:  2.4318695068359375e-05
r_  generation:  9.250640869140625e-05
local_output_nid generation:  6.9141387939453125e-06
local_in_edges_tensor generation:  0.00011110305786132812
mini_batch_src_global generation:  2.7418136596679688e-05
r_  generation:  0.0001518726348876953
local_output_nid generation:  5.245208740234375e-06
local_in_edges_tensor generation:  0.00010800361633300781
mini_batch_src_global generation:  2.3126602172851562e-05
r_  generation:  8.177757263183594e-05
local_output_nid generation:  5.9604644775390625e-06
local_in_edges_tensor generation:  0.0001068115234375
mini_batch_src_global generation:  2.288818359375e-05
r_  generation:  0.00010418891906738281
local_output_nid generation:  7.152557373046875e-06
local_in_edges_tensor generation:  0.0001087188720703125
mini_batch_src_global generation:  2.6702880859375e-05
r_  generation:  0.00014281272888183594
local_output_nid generation:  7.62939453125e-06
local_in_edges_tensor generation:  0.0001125335693359375
mini_batch_src_global generation:  3.0040740966796875e-05
r_  generation:  0.00016641616821289062
local_output_nid generation:  4.76837158203125e-06
local_in_edges_tensor generation:  0.00011539459228515625
mini_batch_src_global generation:  2.574920654296875e-05
r_  generation:  8.559226989746094e-05
local_output_nid generation:  7.867813110351562e-06
local_in_edges_tensor generation:  0.0001125335693359375
mini_batch_src_global generation:  3.0994415283203125e-05
r_  generation:  0.00021576881408691406
local_output_nid generation:  4.76837158203125e-06
local_in_edges_tensor generation:  0.00010824203491210938
mini_batch_src_global generation:  2.574920654296875e-05
r_  generation:  0.00010275840759277344
local_output_nid generation:  7.62939453125e-06
local_in_edges_tensor generation:  0.00011086463928222656
mini_batch_src_global generation:  2.8848648071289062e-05
r_  generation:  0.00018525123596191406
local_output_nid generation:  4.5299530029296875e-06
local_in_edges_tensor generation:  0.00010728836059570312
mini_batch_src_global generation:  2.4557113647460938e-05
r_  generation:  8.535385131835938e-05
local_output_nid generation:  8.821487426757812e-06
local_in_edges_tensor generation:  0.00011014938354492188
mini_batch_src_global generation:  2.7418136596679688e-05
r_  generation:  0.0001742839813232422
local_output_nid generation:  3.814697265625e-06
local_in_edges_tensor generation:  0.00010561943054199219
mini_batch_src_global generation:  2.5272369384765625e-05
r_  generation:  0.00010442733764648438
local_output_nid generation:  6.198883056640625e-06
local_in_edges_tensor generation:  0.00010633468627929688
mini_batch_src_global generation:  3.719329833984375e-05
r_  generation:  0.00015473365783691406
local_output_nid generation:  3.0994415283203125e-06
local_in_edges_tensor generation:  0.000118255615234375
mini_batch_src_global generation:  2.3603439331054688e-05
r_  generation:  6.699562072753906e-05
----------------------check_connections_block total spend ----------------------------- 0.005735158920288086
generate_one_block  0.0012993812561035156
generate_one_block  0.0011718273162841797
generate_one_block  0.0012531280517578125
generate_one_block  0.0011451244354248047
generate_one_block  0.001178741455078125
generate_one_block  0.0012364387512207031
generate_one_block  0.0012598037719726562
generate_one_block  0.0011501312255859375
generate_one_block  0.0013463497161865234
generate_one_block  0.001070261001586914
generate_one_block  0.0011715888977050781
generate_one_block  0.0010581016540527344
generate_one_block  0.0011548995971679688
generate_one_block  0.0011320114135742188
generate_one_block  0.0011327266693115234
generate_one_block  0.0010309219360351562
The real block id is  0
get_global_graph_edges_ids_block function  spend 0.0007479190826416016
gen group dst list time:  0.00014591217041015625
time for parepare:  0.00022101402282714844
local_output_nid generation:  2.2172927856445312e-05
local_in_edges_tensor generation:  0.0002391338348388672
mini_batch_src_global generation:  6.842613220214844e-05
r_  generation:  0.00046944618225097656
local_output_nid generation:  1.71661376953125e-05
local_in_edges_tensor generation:  0.00013947486877441406
mini_batch_src_global generation:  5.14984130859375e-05
r_  generation:  0.00033020973205566406
local_output_nid generation:  2.7418136596679688e-05
local_in_edges_tensor generation:  0.00015044212341308594
mini_batch_src_global generation:  6.079673767089844e-05
r_  generation:  0.0005755424499511719
local_output_nid generation:  1.049041748046875e-05
local_in_edges_tensor generation:  0.0001277923583984375
mini_batch_src_global generation:  4.673004150390625e-05
r_  generation:  0.00023102760314941406
local_output_nid generation:  1.7404556274414062e-05
local_in_edges_tensor generation:  0.00013399124145507812
mini_batch_src_global generation:  4.482269287109375e-05
r_  generation:  0.0003380775451660156
local_output_nid generation:  2.4080276489257812e-05
local_in_edges_tensor generation:  0.0002315044403076172
mini_batch_src_global generation:  6.127357482910156e-05
r_  generation:  0.0005083084106445312
local_output_nid generation:  1.9073486328125e-05
local_in_edges_tensor generation:  0.00014400482177734375
mini_batch_src_global generation:  5.9604644775390625e-05
r_  generation:  0.000457763671875
local_output_nid generation:  1.4066696166992188e-05
local_in_edges_tensor generation:  0.0001308917999267578
mini_batch_src_global generation:  4.363059997558594e-05
r_  generation:  0.0002682209014892578
local_output_nid generation:  3.0517578125e-05
local_in_edges_tensor generation:  0.00015664100646972656
mini_batch_src_global generation:  7.319450378417969e-05
r_  generation:  0.0007140636444091797
local_output_nid generation:  1.6927719116210938e-05
local_in_edges_tensor generation:  0.00013828277587890625
mini_batch_src_global generation:  5.626678466796875e-05
r_  generation:  0.00033283233642578125
local_output_nid generation:  2.6941299438476562e-05
local_in_edges_tensor generation:  0.0001506805419921875
mini_batch_src_global generation:  6.461143493652344e-05
r_  generation:  0.0005996227264404297
local_output_nid generation:  1.621246337890625e-05
local_in_edges_tensor generation:  0.00013446807861328125
mini_batch_src_global generation:  5.459785461425781e-05
r_  generation:  0.0003573894500732422
local_output_nid generation:  2.2411346435546875e-05
local_in_edges_tensor generation:  0.0001418590545654297
mini_batch_src_global generation:  5.6743621826171875e-05
r_  generation:  0.0004937648773193359
local_output_nid generation:  1.9788742065429688e-05
local_in_edges_tensor generation:  0.0001404285430908203
mini_batch_src_global generation:  5.53131103515625e-05
r_  generation:  0.00041604042053222656
local_output_nid generation:  2.5033950805664062e-05
local_in_edges_tensor generation:  0.00014925003051757812
mini_batch_src_global generation:  6.914138793945312e-05
r_  generation:  0.0006022453308105469
local_output_nid generation:  1.239776611328125e-05
local_in_edges_tensor generation:  0.0001304149627685547
mini_batch_src_global generation:  4.9591064453125e-05
r_  generation:  0.00024819374084472656
----------------------check_connections_block total spend ----------------------------- 0.012983560562133789
generate_one_block  0.0016329288482666016
generate_one_block  0.001447916030883789
generate_one_block  0.001743316650390625
generate_one_block  0.0013055801391601562
generate_one_block  0.0013458728790283203
generate_one_block  0.0014789104461669922
generate_one_block  0.0017690658569335938
generate_one_block  0.0012364387512207031
generate_one_block  0.001798391342163086
generate_one_block  0.001348733901977539
generate_one_block  0.0016169548034667969
generate_one_block  0.001360177993774414
generate_one_block  0.001508474349975586
generate_one_block  0.001451253890991211
generate_one_block  0.0016276836395263672
generate_one_block  0.0012748241424560547
-----------------------------------------after block dataloader generation 
 Nvidia-smi: 1.0369873046875 GB
    Memory Allocated: 0.0032434463500976562  GigaBytes
Max Memory Allocated: 0.0032434463500976562  GigaBytes

connection checking time:  0.018718719482421875
block generation total time  0.04273796081542969
average batch blocks generation time:  0.0026711225509643555
----------------------------------------before batch_pred = model(blocks, batch_inputs) 
 Nvidia-smi: 1.1014404296875 GB
    Memory Allocated: 0.007123470306396484  GigaBytes
Max Memory Allocated: 0.007123470306396484  GigaBytes

torch.Size([724, 1433])
torch.Size([268, 256])
-----------------------------------------batch_pred = model(blocks, batch_inputs) 
 Nvidia-smi: 1.2635498046875 GB
    Memory Allocated: 0.008156299591064453  GigaBytes
Max Memory Allocated: 0.008594036102294922  GigaBytes

----------------------------------------before batch_pred = model(blocks, batch_inputs) 
 Nvidia-smi: 1.2635498046875 GB
    Memory Allocated: 0.009430885314941406  GigaBytes
Max Memory Allocated: 0.013286113739013672  GigaBytes

torch.Size([550, 1433])
torch.Size([155, 256])
-----------------------------------------batch_pred = model(blocks, batch_inputs) 
 Nvidia-smi: 1.2635498046875 GB
    Memory Allocated: 0.010084152221679688  GigaBytes
Max Memory Allocated: 0.013286113739013672  GigaBytes

----------------------------------------before batch_pred = model(blocks, batch_inputs) 
 Nvidia-smi: 1.2635498046875 GB
    Memory Allocated: 0.010869026184082031  GigaBytes
Max Memory Allocated: 0.01378774642944336  GigaBytes

torch.Size([818, 1433])
torch.Size([292, 256])
-----------------------------------------batch_pred = model(blocks, batch_inputs) 
 Nvidia-smi: 1.2655029296875 GB
    Memory Allocated: 0.01201629638671875  GigaBytes
Max Memory Allocated: 0.01378774642944336  GigaBytes

----------------------------------------before batch_pred = model(blocks, batch_inputs) 
 Nvidia-smi: 1.2655029296875 GB
    Memory Allocated: 0.00830698013305664  GigaBytes
Max Memory Allocated: 0.01378774642944336  GigaBytes

torch.Size([340, 1433])
torch.Size([98, 256])
-----------------------------------------batch_pred = model(blocks, batch_inputs) 
 Nvidia-smi: 1.2655029296875 GB
    Memory Allocated: 0.008783817291259766  GigaBytes
Max Memory Allocated: 0.01378774642944336  GigaBytes

----------------------------------------before batch_pred = model(blocks, batch_inputs) 
 Nvidia-smi: 1.2655029296875 GB
    Memory Allocated: 0.009212017059326172  GigaBytes
Max Memory Allocated: 0.01378774642944336  GigaBytes

torch.Size([509, 1433])
torch.Size([169, 256])
-----------------------------------------batch_pred = model(blocks, batch_inputs) 
 Nvidia-smi: 1.2655029296875 GB
    Memory Allocated: 0.009937286376953125  GigaBytes
Max Memory Allocated: 0.01378774642944336  GigaBytes

----------------------------------------before batch_pred = model(blocks, batch_inputs) 
 Nvidia-smi: 1.2655029296875 GB
    Memory Allocated: 0.010428428649902344  GigaBytes
Max Memory Allocated: 0.01378774642944336  GigaBytes

torch.Size([736, 1433])
torch.Size([260, 256])
-----------------------------------------batch_pred = model(blocks, batch_inputs) 
 Nvidia-smi: 1.2655029296875 GB
    Memory Allocated: 0.01146554946899414  GigaBytes
Max Memory Allocated: 0.01378774642944336  GigaBytes

----------------------------------------before batch_pred = model(blocks, batch_inputs) 
 Nvidia-smi: 1.2655029296875 GB
    Memory Allocated: 0.010364532470703125  GigaBytes
Max Memory Allocated: 0.014278888702392578  GigaBytes

torch.Size([614, 1433])
torch.Size([220, 256])
-----------------------------------------batch_pred = model(blocks, batch_inputs) 
 Nvidia-smi: 1.2655029296875 GB
    Memory Allocated: 0.011341571807861328  GigaBytes
Max Memory Allocated: 0.014278888702392578  GigaBytes

----------------------------------------before batch_pred = model(blocks, batch_inputs) 
 Nvidia-smi: 1.2655029296875 GB
    Memory Allocated: 0.008601665496826172  GigaBytes
Max Memory Allocated: 0.014278888702392578  GigaBytes

torch.Size([395, 1433])
torch.Size([145, 256])
-----------------------------------------batch_pred = model(blocks, batch_inputs) 
 Nvidia-smi: 1.2655029296875 GB
    Memory Allocated: 0.009205818176269531  GigaBytes
Max Memory Allocated: 0.014278888702392578  GigaBytes

----------------------------------------before batch_pred = model(blocks, batch_inputs) 
 Nvidia-smi: 1.2655029296875 GB
    Memory Allocated: 0.011828422546386719  GigaBytes
Max Memory Allocated: 0.014278888702392578  GigaBytes

torch.Size([997, 1433])
torch.Size([388, 256])
-----------------------------------------batch_pred = model(blocks, batch_inputs) 
 Nvidia-smi: 1.2655029296875 GB
    Memory Allocated: 0.01335906982421875  GigaBytes
Max Memory Allocated: 0.014278888702392578  GigaBytes

----------------------------------------before batch_pred = model(blocks, batch_inputs) 
 Nvidia-smi: 1.2655029296875 GB
    Memory Allocated: 0.009262561798095703  GigaBytes
Max Memory Allocated: 0.014941692352294922  GigaBytes

torch.Size([469, 1433])
torch.Size([171, 256])
-----------------------------------------batch_pred = model(blocks, batch_inputs) 
 Nvidia-smi: 1.2655029296875 GB
    Memory Allocated: 0.009953498840332031  GigaBytes
Max Memory Allocated: 0.014941692352294922  GigaBytes

----------------------------------------before batch_pred = model(blocks, batch_inputs) 
 Nvidia-smi: 1.2655029296875 GB
    Memory Allocated: 0.010677814483642578  GigaBytes
Max Memory Allocated: 0.014941692352294922  GigaBytes

torch.Size([782, 1433])
torch.Size([314, 256])
-----------------------------------------batch_pred = model(blocks, batch_inputs) 
 Nvidia-smi: 1.2655029296875 GB
    Memory Allocated: 0.011967182159423828  GigaBytes
Max Memory Allocated: 0.014941692352294922  GigaBytes

----------------------------------------before batch_pred = model(blocks, batch_inputs) 
 Nvidia-smi: 1.2655029296875 GB
    Memory Allocated: 0.009340286254882812  GigaBytes
Max Memory Allocated: 0.014941692352294922  GigaBytes

torch.Size([533, 1433])
torch.Size([166, 256])
-----------------------------------------batch_pred = model(blocks, batch_inputs) 
 Nvidia-smi: 1.2655029296875 GB
    Memory Allocated: 0.009994983673095703  GigaBytes
Max Memory Allocated: 0.014941692352294922  GigaBytes

----------------------------------------before batch_pred = model(blocks, batch_inputs) 
 Nvidia-smi: 1.2655029296875 GB
    Memory Allocated: 0.010311126708984375  GigaBytes
Max Memory Allocated: 0.014941692352294922  GigaBytes

torch.Size([714, 1433])
torch.Size([248, 256])
-----------------------------------------batch_pred = model(blocks, batch_inputs) 
 Nvidia-smi: 1.2655029296875 GB
    Memory Allocated: 0.011431694030761719  GigaBytes
Max Memory Allocated: 0.014941692352294922  GigaBytes

----------------------------------------before batch_pred = model(blocks, batch_inputs) 
 Nvidia-smi: 1.2655029296875 GB
    Memory Allocated: 0.010362625122070312  GigaBytes
Max Memory Allocated: 0.014941692352294922  GigaBytes

torch.Size([646, 1433])
torch.Size([226, 256])
-----------------------------------------batch_pred = model(blocks, batch_inputs) 
 Nvidia-smi: 1.2655029296875 GB
    Memory Allocated: 0.011202335357666016  GigaBytes
Max Memory Allocated: 0.014941692352294922  GigaBytes

----------------------------------------before batch_pred = model(blocks, batch_inputs) 
 Nvidia-smi: 1.2655029296875 GB
    Memory Allocated: 0.011472225189208984  GigaBytes
Max Memory Allocated: 0.01531982421875  GigaBytes

torch.Size([931, 1433])
torch.Size([301, 256])
-----------------------------------------batch_pred = model(blocks, batch_inputs) 
 Nvidia-smi: 1.2655029296875 GB
    Memory Allocated: 0.012639522552490234  GigaBytes
Max Memory Allocated: 0.01531982421875  GigaBytes

----------------------------------------before batch_pred = model(blocks, batch_inputs) 
 Nvidia-smi: 1.2655029296875 GB
    Memory Allocated: 0.008761882781982422  GigaBytes
Max Memory Allocated: 0.01531982421875  GigaBytes

torch.Size([425, 1433])
torch.Size([117, 256])
-----------------------------------------batch_pred = model(blocks, batch_inputs) 
 Nvidia-smi: 1.2655029296875 GB
    Memory Allocated: 0.009221553802490234  GigaBytes
Max Memory Allocated: 0.01531982421875  GigaBytes

times | data loading | block to device | model prediction | loss calculation | loss backward |  optimizer step |
      |0.0017037838697433472 |0.021955132484436035 |0.05127836763858795 |0.00014124810695648193 |0.0034250766038894653 |0.002329587936401367 |
----------------------------------------------------------pseudo_mini_loss sum 3.9652514457702637
 Run 0| Epoch 0 |
Number of nodes for computation during this epoch:  14482
Number of first layer input nodes during this epoch:  10183
----------------------------------------before generate_dataloader_block 
 Nvidia-smi: 1.2655029296875 GB
    Memory Allocated: 0.015489578247070312  GigaBytes
Max Memory Allocated: 0.02158975601196289  GigaBytes

The real block id is  2
get_global_graph_edges_ids_block function  spend 0.00048089027404785156
random selection method range initialization spend 0.00011396408081054688
time for parepare:  6.222724914550781e-05
local_output_nid generation:  6.4373016357421875e-06
local_in_edges_tensor generation:  0.00016999244689941406
mini_batch_src_global generation:  2.09808349609375e-05
r_  generation:  2.9325485229492188e-05
local_output_nid generation:  5.4836273193359375e-06
local_in_edges_tensor generation:  0.00010323524475097656
mini_batch_src_global generation:  1.5974044799804688e-05
r_  generation:  2.574920654296875e-05
local_output_nid generation:  5.0067901611328125e-06
local_in_edges_tensor generation:  9.679794311523438e-05
mini_batch_src_global generation:  1.52587890625e-05
r_  generation:  2.09808349609375e-05
local_output_nid generation:  4.76837158203125e-06
local_in_edges_tensor generation:  9.5367431640625e-05
mini_batch_src_global generation:  1.5735626220703125e-05
r_  generation:  3.337860107421875e-05
local_output_nid generation:  4.76837158203125e-06
local_in_edges_tensor generation:  9.655952453613281e-05
mini_batch_src_global generation:  1.5497207641601562e-05
r_  generation:  2.7894973754882812e-05
local_output_nid generation:  4.76837158203125e-06
local_in_edges_tensor generation:  9.608268737792969e-05
mini_batch_src_global generation:  1.5020370483398438e-05
r_  generation:  2.3365020751953125e-05
local_output_nid generation:  4.76837158203125e-06
local_in_edges_tensor generation:  9.322166442871094e-05
mini_batch_src_global generation:  1.4781951904296875e-05
r_  generation:  2.002716064453125e-05
local_output_nid generation:  4.5299530029296875e-06
local_in_edges_tensor generation:  9.369850158691406e-05
mini_batch_src_global generation:  1.5497207641601562e-05
r_  generation:  3.147125244140625e-05
local_output_nid generation:  4.76837158203125e-06
local_in_edges_tensor generation:  9.298324584960938e-05
mini_batch_src_global generation:  1.4781951904296875e-05
r_  generation:  2.5272369384765625e-05
local_output_nid generation:  5.245208740234375e-06
local_in_edges_tensor generation:  0.00010609626770019531
mini_batch_src_global generation:  1.5497207641601562e-05
r_  generation:  3.24249267578125e-05
local_output_nid generation:  4.0531158447265625e-06
local_in_edges_tensor generation:  9.5367431640625e-05
mini_batch_src_global generation:  1.52587890625e-05
r_  generation:  2.2649765014648438e-05
local_output_nid generation:  4.76837158203125e-06
local_in_edges_tensor generation:  9.393692016601562e-05
mini_batch_src_global generation:  1.5020370483398438e-05
r_  generation:  2.4318695068359375e-05
local_output_nid generation:  5.0067901611328125e-06
local_in_edges_tensor generation:  9.369850158691406e-05
mini_batch_src_global generation:  1.5735626220703125e-05
r_  generation:  3.337860107421875e-05
local_output_nid generation:  4.76837158203125e-06
local_in_edges_tensor generation:  9.298324584960938e-05
mini_batch_src_global generation:  1.4781951904296875e-05
r_  generation:  2.8133392333984375e-05
local_output_nid generation:  4.5299530029296875e-06
local_in_edges_tensor generation:  9.417533874511719e-05
mini_batch_src_global generation:  1.4543533325195312e-05
r_  generation:  2.0742416381835938e-05
local_output_nid generation:  3.5762786865234375e-06
local_in_edges_tensor generation:  9.274482727050781e-05
mini_batch_src_global generation:  1.430511474609375e-05
r_  generation:  1.7404556274414062e-05
----------------------check_connections_block total spend ----------------------------- 0.003073453903198242
generate_one_block  0.0010485649108886719
generate_one_block  0.001016855239868164
generate_one_block  0.0009927749633789062
generate_one_block  0.0010340213775634766
generate_one_block  0.0010275840759277344
generate_one_block  0.000990152359008789
generate_one_block  0.0011506080627441406
generate_one_block  0.001039743423461914
generate_one_block  0.001005411148071289
generate_one_block  0.0009932518005371094
generate_one_block  0.0009443759918212891
generate_one_block  0.0009508132934570312
generate_one_block  0.0009615421295166016
generate_one_block  0.0009465217590332031
generate_one_block  0.0009458065032958984
generate_one_block  0.0009427070617675781
The real block id is  1
get_global_graph_edges_ids_block function  spend 0.0005943775177001953
gen group dst list time:  0.00010180473327636719
time for parepare:  0.00018596649169921875
local_output_nid generation:  4.291534423828125e-06
local_in_edges_tensor generation:  0.00019240379333496094
mini_batch_src_global generation:  3.147125244140625e-05
r_  generation:  0.00011730194091796875
local_output_nid generation:  5.0067901611328125e-06
local_in_edges_tensor generation:  0.00011014938354492188
mini_batch_src_global generation:  3.075599670410156e-05
r_  generation:  0.00011730194091796875
local_output_nid generation:  4.76837158203125e-06
local_in_edges_tensor generation:  0.0001049041748046875
mini_batch_src_global generation:  2.3365020751953125e-05
r_  generation:  9.322166442871094e-05
local_output_nid generation:  9.059906005859375e-06
local_in_edges_tensor generation:  0.00010895729064941406
mini_batch_src_global generation:  2.9802322387695312e-05
r_  generation:  0.00017881393432617188
local_output_nid generation:  5.9604644775390625e-06
local_in_edges_tensor generation:  0.00010776519775390625
mini_batch_src_global generation:  2.7179718017578125e-05
r_  generation:  0.00013875961303710938
local_output_nid generation:  5.0067901611328125e-06
local_in_edges_tensor generation:  0.00010824203491210938
mini_batch_src_global generation:  2.5272369384765625e-05
r_  generation:  0.00010561943054199219
local_output_nid generation:  4.5299530029296875e-06
local_in_edges_tensor generation:  0.00010251998901367188
mini_batch_src_global generation:  2.2411346435546875e-05
r_  generation:  9.584426879882812e-05
local_output_nid generation:  7.867813110351562e-06
local_in_edges_tensor generation:  0.00010704994201660156
mini_batch_src_global generation:  2.7894973754882812e-05
r_  generation:  0.0001761913299560547
local_output_nid generation:  5.0067901611328125e-06
local_in_edges_tensor generation:  0.00010895729064941406
mini_batch_src_global generation:  2.7179718017578125e-05
r_  generation:  0.00011086463928222656
local_output_nid generation:  5.245208740234375e-06
local_in_edges_tensor generation:  0.00010538101196289062
mini_batch_src_global generation:  2.5033950805664062e-05
r_  generation:  0.000125885009765625
local_output_nid generation:  4.291534423828125e-06
local_in_edges_tensor generation:  0.00010228157043457031
mini_batch_src_global generation:  2.0503997802734375e-05
r_  generation:  7.271766662597656e-05
local_output_nid generation:  5.7220458984375e-06
local_in_edges_tensor generation:  0.00010156631469726562
mini_batch_src_global generation:  2.3365020751953125e-05
r_  generation:  0.000118255615234375
local_output_nid generation:  7.152557373046875e-06
local_in_edges_tensor generation:  0.0001068115234375
mini_batch_src_global generation:  3.075599670410156e-05
r_  generation:  0.00021409988403320312
local_output_nid generation:  6.198883056640625e-06
local_in_edges_tensor generation:  0.00010728836059570312
mini_batch_src_global generation:  2.7418136596679688e-05
r_  generation:  0.00012350082397460938
local_output_nid generation:  4.5299530029296875e-06
local_in_edges_tensor generation:  0.00010204315185546875
mini_batch_src_global generation:  2.2649765014648438e-05
r_  generation:  9.417533874511719e-05
local_output_nid generation:  3.5762786865234375e-06
local_in_edges_tensor generation:  9.870529174804688e-05
mini_batch_src_global generation:  2.193450927734375e-05
r_  generation:  9.369850158691406e-05
----------------------check_connections_block total spend ----------------------------- 0.0053975582122802734
generate_one_block  0.001168966293334961
generate_one_block  0.0011234283447265625
generate_one_block  0.0011463165283203125
generate_one_block  0.0012259483337402344
generate_one_block  0.0011625289916992188
generate_one_block  0.0011489391326904297
generate_one_block  0.0011196136474609375
generate_one_block  0.0012128353118896484
generate_one_block  0.0011107921600341797
generate_one_block  0.0010914802551269531
generate_one_block  0.0010023117065429688
generate_one_block  0.0010685920715332031
generate_one_block  0.0011744499206542969
generate_one_block  0.0010805130004882812
generate_one_block  0.001043558120727539
generate_one_block  0.0010993480682373047
The real block id is  0
get_global_graph_edges_ids_block function  spend 0.0006594657897949219
gen group dst list time:  0.0002009868621826172
time for parepare:  0.0002262592315673828
local_output_nid generation:  2.193450927734375e-05
local_in_edges_tensor generation:  0.0002338886260986328
mini_batch_src_global generation:  7.700920104980469e-05
r_  generation:  0.00046372413635253906
local_output_nid generation:  1.9788742065429688e-05
local_in_edges_tensor generation:  0.0001442432403564453
mini_batch_src_global generation:  6.0558319091796875e-05
r_  generation:  0.0003733634948730469
local_output_nid generation:  1.7642974853515625e-05
local_in_edges_tensor generation:  0.0001361370086669922
mini_batch_src_global generation:  4.6253204345703125e-05
r_  generation:  0.00032639503479003906
local_output_nid generation:  2.6226043701171875e-05
local_in_edges_tensor generation:  0.00015044212341308594
mini_batch_src_global generation:  7.62939453125e-05
r_  generation:  0.0006005764007568359
local_output_nid generation:  2.2649765014648438e-05
local_in_edges_tensor generation:  0.00014638900756835938
mini_batch_src_global generation:  6.961822509765625e-05
r_  generation:  0.0005030632019042969
local_output_nid generation:  2.0265579223632812e-05
local_in_edges_tensor generation:  0.0001437664031982422
mini_batch_src_global generation:  5.221366882324219e-05
r_  generation:  0.00036597251892089844
local_output_nid generation:  1.8596649169921875e-05
local_in_edges_tensor generation:  0.00013446807861328125
mini_batch_src_global generation:  4.7206878662109375e-05
r_  generation:  0.0003497600555419922
local_output_nid generation:  2.47955322265625e-05
local_in_edges_tensor generation:  0.0001518726348876953
mini_batch_src_global generation:  6.270408630371094e-05
r_  generation:  0.0005469322204589844
local_output_nid generation:  1.9311904907226562e-05
local_in_edges_tensor generation:  0.00013971328735351562
mini_batch_src_global generation:  5.817413330078125e-05
r_  generation:  0.00043487548828125
local_output_nid generation:  2.09808349609375e-05
local_in_edges_tensor generation:  0.00013875961303710938
mini_batch_src_global generation:  5.602836608886719e-05
r_  generation:  0.00045108795166015625
local_output_nid generation:  9.059906005859375e-06
local_in_edges_tensor generation:  0.00012421607971191406
mini_batch_src_global generation:  3.814697265625e-05
r_  generation:  0.00017023086547851562
local_output_nid generation:  1.7404556274414062e-05
local_in_edges_tensor generation:  0.00013947486877441406
mini_batch_src_global generation:  4.315376281738281e-05
r_  generation:  0.00036907196044921875
local_output_nid generation:  2.9802322387695312e-05
local_in_edges_tensor generation:  0.0001518726348876953
mini_batch_src_global generation:  6.937980651855469e-05
r_  generation:  0.0006880760192871094
local_output_nid generation:  2.002716064453125e-05
local_in_edges_tensor generation:  0.00014019012451171875
mini_batch_src_global generation:  6.222724914550781e-05
r_  generation:  0.0004432201385498047
local_output_nid generation:  1.6927719116210938e-05
local_in_edges_tensor generation:  0.000133514404296875
mini_batch_src_global generation:  5.173683166503906e-05
r_  generation:  0.0003898143768310547
local_output_nid generation:  1.8835067749023438e-05
local_in_edges_tensor generation:  0.00013637542724609375
mini_batch_src_global generation:  5.316734313964844e-05
r_  generation:  0.0003998279571533203
----------------------check_connections_block total spend ----------------------------- 0.012907743453979492
generate_one_block  0.0015590190887451172
generate_one_block  0.0014712810516357422
generate_one_block  0.001453399658203125
generate_one_block  0.0016727447509765625
generate_one_block  0.0014853477478027344
generate_one_block  0.0013470649719238281
generate_one_block  0.0013613700866699219
generate_one_block  0.0015261173248291016
generate_one_block  0.0014193058013916016
generate_one_block  0.0014390945434570312
generate_one_block  0.0011050701141357422
generate_one_block  0.0014433860778808594
generate_one_block  0.002238750457763672
generate_one_block  0.0014357566833496094
generate_one_block  0.001371145248413086
generate_one_block  0.0013892650604248047
-----------------------------------------after block dataloader generation 
 Nvidia-smi: 1.2655029296875 GB
    Memory Allocated: 0.015489578247070312  GigaBytes
Max Memory Allocated: 0.02158975601196289  GigaBytes

connection checking time:  0.018305301666259766
block generation total time  0.04169774055480957
average batch blocks generation time:  0.002606108784675598
block dataloader generation time/epoch 0.09269213676452637
----------------------------------------before batch_pred = model(blocks, batch_inputs) 
 Nvidia-smi: 1.2655029296875 GB
    Memory Allocated: 0.016994476318359375  GigaBytes
Max Memory Allocated: 0.02158975601196289  GigaBytes

torch.Size([710, 1433])
torch.Size([251, 256])
-----------------------------------------batch_pred = model(blocks, batch_inputs) 
 Nvidia-smi: 1.2655029296875 GB
    Memory Allocated: 0.017945289611816406  GigaBytes
Max Memory Allocated: 0.02158975601196289  GigaBytes

----------------------------------------before batch_pred = model(blocks, batch_inputs) 
 Nvidia-smi: 1.2850341796875 GB
    Memory Allocated: 0.016550540924072266  GigaBytes
Max Memory Allocated: 0.02158975601196289  GigaBytes

torch.Size([627, 1433])
torch.Size([206, 256])
-----------------------------------------batch_pred = model(blocks, batch_inputs) 
 Nvidia-smi: 1.2850341796875 GB
    Memory Allocated: 0.01739215850830078  GigaBytes
Max Memory Allocated: 0.02158975601196289  GigaBytes

----------------------------------------before batch_pred = model(blocks, batch_inputs) 
 Nvidia-smi: 1.2850341796875 GB
    Memory Allocated: 0.016271114349365234  GigaBytes
Max Memory Allocated: 0.02158975601196289  GigaBytes

torch.Size([575, 1433])
torch.Size([190, 256])
-----------------------------------------batch_pred = model(blocks, batch_inputs) 
 Nvidia-smi: 1.2850341796875 GB
    Memory Allocated: 0.017012596130371094  GigaBytes
Max Memory Allocated: 0.02158975601196289  GigaBytes

----------------------------------------before batch_pred = model(blocks, batch_inputs) 
 Nvidia-smi: 1.2850341796875 GB
    Memory Allocated: 0.018238544464111328  GigaBytes
Max Memory Allocated: 0.02158975601196289  GigaBytes

torch.Size([942, 1433])
torch.Size([314, 256])
-----------------------------------------batch_pred = model(blocks, batch_inputs) 
 Nvidia-smi: 1.2869873046875 GB
    Memory Allocated: 0.019568443298339844  GigaBytes
Max Memory Allocated: 0.02158975601196289  GigaBytes

----------------------------------------before batch_pred = model(blocks, batch_inputs) 
 Nvidia-smi: 1.2869873046875 GB
    Memory Allocated: 0.017113685607910156  GigaBytes
Max Memory Allocated: 0.022127628326416016  GigaBytes

torch.Size([732, 1433])
torch.Size([264, 256])
-----------------------------------------batch_pred = model(blocks, batch_inputs) 
 Nvidia-smi: 1.2869873046875 GB
    Memory Allocated: 0.01816701889038086  GigaBytes
Max Memory Allocated: 0.022127628326416016  GigaBytes

----------------------------------------before batch_pred = model(blocks, batch_inputs) 
 Nvidia-smi: 1.2869873046875 GB
    Memory Allocated: 0.016368865966796875  GigaBytes
Max Memory Allocated: 0.022127628326416016  GigaBytes

torch.Size([593, 1433])
torch.Size([211, 256])
-----------------------------------------batch_pred = model(blocks, batch_inputs) 
 Nvidia-smi: 1.2869873046875 GB
    Memory Allocated: 0.01720571517944336  GigaBytes
Max Memory Allocated: 0.022127628326416016  GigaBytes

----------------------------------------before batch_pred = model(blocks, batch_inputs) 
 Nvidia-smi: 1.2869873046875 GB
    Memory Allocated: 0.01642751693725586  GigaBytes
Max Memory Allocated: 0.022127628326416016  GigaBytes

torch.Size([604, 1433])
torch.Size([206, 256])
-----------------------------------------batch_pred = model(blocks, batch_inputs) 
 Nvidia-smi: 1.2869873046875 GB
    Memory Allocated: 0.017216205596923828  GigaBytes
Max Memory Allocated: 0.022127628326416016  GigaBytes

----------------------------------------before batch_pred = model(blocks, batch_inputs) 
 Nvidia-smi: 1.2869873046875 GB
    Memory Allocated: 0.01723957061767578  GigaBytes
Max Memory Allocated: 0.022127628326416016  GigaBytes

torch.Size([755, 1433])
torch.Size([287, 256])
-----------------------------------------batch_pred = model(blocks, batch_inputs) 
 Nvidia-smi: 1.2869873046875 GB
    Memory Allocated: 0.018460750579833984  GigaBytes
Max Memory Allocated: 0.022127628326416016  GigaBytes

----------------------------------------before batch_pred = model(blocks, batch_inputs) 
 Nvidia-smi: 1.2869873046875 GB
    Memory Allocated: 0.016994476318359375  GigaBytes
Max Memory Allocated: 0.022127628326416016  GigaBytes

torch.Size([710, 1433])
torch.Size([217, 256])
-----------------------------------------batch_pred = model(blocks, batch_inputs) 
 Nvidia-smi: 1.2869873046875 GB
    Memory Allocated: 0.017855167388916016  GigaBytes
Max Memory Allocated: 0.022127628326416016  GigaBytes

----------------------------------------before batch_pred = model(blocks, batch_inputs) 
 Nvidia-smi: 1.2869873046875 GB
    Memory Allocated: 0.017278671264648438  GigaBytes
Max Memory Allocated: 0.022127628326416016  GigaBytes

torch.Size([763, 1433])
torch.Size([238, 256])
-----------------------------------------batch_pred = model(blocks, batch_inputs) 
 Nvidia-smi: 1.2869873046875 GB
    Memory Allocated: 0.018245697021484375  GigaBytes
Max Memory Allocated: 0.022127628326416016  GigaBytes

----------------------------------------before batch_pred = model(blocks, batch_inputs) 
 Nvidia-smi: 1.2869873046875 GB
    Memory Allocated: 0.01445770263671875  GigaBytes
Max Memory Allocated: 0.022127628326416016  GigaBytes
Using backend: pytorch

torch.Size([236, 1433])
torch.Size([81, 256])
-----------------------------------------batch_pred = model(blocks, batch_inputs) 
 Nvidia-smi: 1.2869873046875 GB
    Memory Allocated: 0.014881134033203125  GigaBytes
Max Memory Allocated: 0.022127628326416016  GigaBytes

----------------------------------------before batch_pred = model(blocks, batch_inputs) 
 Nvidia-smi: 1.2869873046875 GB
    Memory Allocated: 0.016059398651123047  GigaBytes
Max Memory Allocated: 0.022127628326416016  GigaBytes

torch.Size([535, 1433])
torch.Size([186, 256])
-----------------------------------------batch_pred = model(blocks, batch_inputs) 
 Nvidia-smi: 1.2869873046875 GB
    Memory Allocated: 0.016855239868164062  GigaBytes
Max Memory Allocated: 0.022127628326416016  GigaBytes

----------------------------------------before batch_pred = model(blocks, batch_inputs) 
 Nvidia-smi: 1.2869873046875 GB
    Memory Allocated: 0.018129348754882812  GigaBytes
Max Memory Allocated: 0.022127628326416016  GigaBytes

torch.Size([921, 1433])
torch.Size([383, 256])
-----------------------------------------batch_pred = model(blocks, batch_inputs) 
 Nvidia-smi: 1.2869873046875 GB
    Memory Allocated: 0.019668102264404297  GigaBytes
Max Memory Allocated: 0.022127628326416016  GigaBytes

----------------------------------------before batch_pred = model(blocks, batch_inputs) 
 Nvidia-smi: 1.2869873046875 GB
    Memory Allocated: 0.01704883575439453  GigaBytes
Max Memory Allocated: 0.022127628326416016  GigaBytes

torch.Size([720, 1433])
torch.Size([220, 256])
-----------------------------------------batch_pred = model(blocks, batch_inputs) 
 Nvidia-smi: 1.2869873046875 GB
    Memory Allocated: 0.01797199249267578  GigaBytes
Max Memory Allocated: 0.022127628326416016  GigaBytes

----------------------------------------before batch_pred = model(blocks, batch_inputs) 
 Nvidia-smi: 1.2869873046875 GB
    Memory Allocated: 0.016778945922851562  GigaBytes
Max Memory Allocated: 0.022127628326416016  GigaBytes

torch.Size([670, 1433])
torch.Size([192, 256])
-----------------------------------------batch_pred = model(blocks, batch_inputs) 
 Nvidia-smi: 1.2869873046875 GB
    Memory Allocated: 0.017543792724609375  GigaBytes
Max Memory Allocated: 0.022127628326416016  GigaBytes

----------------------------------------before batch_pred = model(blocks, batch_inputs) 
 Nvidia-smi: 1.2869873046875 GB
    Memory Allocated: 0.01640176773071289  GigaBytes
Max Memory Allocated: 0.022127628326416016  GigaBytes

torch.Size([599, 1433])
torch.Size([199, 256])
-----------------------------------------batch_pred = model(blocks, batch_inputs) 
 Nvidia-smi: 1.2869873046875 GB
    Memory Allocated: 0.017145633697509766  GigaBytes
Max Memory Allocated: 0.022127628326416016  GigaBytes

times | data loading | block to device | model prediction | loss calculation | loss backward |  optimizer step |
      |0.0012170374393463135 |0.0003975331783294678 |0.003174528479576111 |0.00010326504707336426 |0.003087460994720459 |0.0013022422790527344 |
----------------------------------------------------------pseudo_mini_loss sum 1.220128059387207
Total (block generation + training)time/epoch 0.23688101768493652
Training time/epoch 0.14382314682006836
Training time without block to device /epoch 0.13746261596679688
Training time without total dataloading part /epoch 0.10314631462097168
load block tensor time/epoch 0.019472599029541016
block to device time/epoch 0.006360530853271484
input features size transfer per epoch 2.1457672119140625e-06
blocks size to device per epoch 1.430511474609375e-06
 Run 0| Epoch 1 |
Number of nodes for computation during this epoch:  15108
Number of first layer input nodes during this epoch:  10692
