main start at this time 1648427511.8627572
-----------------------------------------before load data 
 Nvidia-smi: 0.1717529296875 GB
    Memory Allocated: 0.0  GigaBytes
Max Memory Allocated: 0.0  GigaBytes

  NumNodes: 2708
  NumEdges: 10556
  NumFeats: 1433
  NumClasses: 7
  NumTrainingSamples: 140
  NumValidationSamples: 500
  NumTestSamples: 1000
Done loading data from cached files.
success----------------------------------------
140
500
2068
# Nodes: 2708
# Edges: 10556
# Train: 140
# Val: 500
# Test: 2068
# Classes: 7

in feats:  1433
----------------------------------------before generate_dataloader_block 
 Nvidia-smi: 1.0174560546875 GB
    Memory Allocated: 0.0003566741943359375  GigaBytes
Max Memory Allocated: 0.0003566741943359375  GigaBytes

The real block id is  2
get_global_graph_edges_ids_block function  spend 0.0007395744323730469
random selection method range initialization spend 0.00018525123596191406
time for parepare:  7.724761962890625e-05
local_output_nid generation:  2.6226043701171875e-05
local_in_edges_tensor generation:  0.0002205371856689453
mini_batch_src_global generation:  2.7179718017578125e-05
r_  generation:  0.001295328140258789
local_output_nid generation:  7.62939453125e-06
local_in_edges_tensor generation:  0.0001533031463623047
mini_batch_src_global generation:  2.6464462280273438e-05
r_  generation:  4.458427429199219e-05
local_output_nid generation:  6.198883056640625e-06
local_in_edges_tensor generation:  0.000133514404296875
mini_batch_src_global generation:  1.9550323486328125e-05
r_  generation:  5.245208740234375e-05
local_output_nid generation:  5.0067901611328125e-06
local_in_edges_tensor generation:  0.00012111663818359375
mini_batch_src_global generation:  1.7642974853515625e-05
r_  generation:  2.7179718017578125e-05
local_output_nid generation:  5.7220458984375e-06
local_in_edges_tensor generation:  0.00011873245239257812
mini_batch_src_global generation:  1.6450881958007812e-05
r_  generation:  2.3365020751953125e-05
local_output_nid generation:  5.7220458984375e-06
local_in_edges_tensor generation:  0.0001163482666015625
mini_batch_src_global generation:  1.5735626220703125e-05
r_  generation:  2.7418136596679688e-05
local_output_nid generation:  4.76837158203125e-06
local_in_edges_tensor generation:  0.0001163482666015625
mini_batch_src_global generation:  1.6689300537109375e-05
r_  generation:  3.814697265625e-05
local_output_nid generation:  4.5299530029296875e-06
local_in_edges_tensor generation:  0.00011706352233886719
mini_batch_src_global generation:  1.621246337890625e-05
r_  generation:  2.7894973754882812e-05
local_output_nid generation:  5.0067901611328125e-06
local_in_edges_tensor generation:  0.0001163482666015625
mini_batch_src_global generation:  1.6450881958007812e-05
r_  generation:  2.7418136596679688e-05
local_output_nid generation:  5.0067901611328125e-06
local_in_edges_tensor generation:  0.00011706352233886719
mini_batch_src_global generation:  1.5974044799804688e-05
r_  generation:  2.86102294921875e-05
local_output_nid generation:  5.4836273193359375e-06
local_in_edges_tensor generation:  0.00011658668518066406
mini_batch_src_global generation:  1.621246337890625e-05
r_  generation:  2.6464462280273438e-05
local_output_nid generation:  4.5299530029296875e-06
local_in_edges_tensor generation:  0.00011539459228515625
mini_batch_src_global generation:  1.52587890625e-05
r_  generation:  2.956390380859375e-05
local_output_nid generation:  4.291534423828125e-06
local_in_edges_tensor generation:  0.00011587142944335938
mini_batch_src_global generation:  1.6450881958007812e-05
r_  generation:  2.5272369384765625e-05
local_output_nid generation:  4.76837158203125e-06
local_in_edges_tensor generation:  0.00011444091796875
mini_batch_src_global generation:  1.621246337890625e-05
r_  generation:  2.5510787963867188e-05
local_output_nid generation:  5.0067901611328125e-06
local_in_edges_tensor generation:  0.00011610984802246094
mini_batch_src_global generation:  1.6689300537109375e-05
r_  generation:  3.218650817871094e-05
local_output_nid generation:  3.814697265625e-06
local_in_edges_tensor generation:  0.00011467933654785156
mini_batch_src_global generation:  1.5735626220703125e-05
r_  generation:  1.7404556274414062e-05
----------------------check_connections_block total spend ----------------------------- 0.0049784183502197266
generate_one_block  0.0014867782592773438
generate_one_block  0.0013499259948730469
generate_one_block  0.0013935565948486328
generate_one_block  0.0013229846954345703
generate_one_block  0.001310110092163086
generate_one_block  0.0013196468353271484
generate_one_block  0.0011875629425048828
generate_one_block  0.001131296157836914
generate_one_block  0.0011298656463623047
generate_one_block  0.003012418746948242
generate_one_block  0.0011250972747802734
generate_one_block  0.0011539459228515625
generate_one_block  0.0010390281677246094
generate_one_block  0.0010385513305664062
generate_one_block  0.0010395050048828125
generate_one_block  0.0010166168212890625
The real block id is  1
get_global_graph_edges_ids_block function  spend 0.0006697177886962891
gen group dst list time:  0.0001246929168701172
time for parepare:  0.0001842975616455078
local_output_nid generation:  5.245208740234375e-06
local_in_edges_tensor generation:  0.000213623046875
mini_batch_src_global generation:  3.4809112548828125e-05
r_  generation:  0.0001609325408935547
local_output_nid generation:  1.2159347534179688e-05
local_in_edges_tensor generation:  0.00014448165893554688
mini_batch_src_global generation:  3.5762786865234375e-05
r_  generation:  0.00021600723266601562
local_output_nid generation:  1.1205673217773438e-05
local_in_edges_tensor generation:  0.00014257431030273438
mini_batch_src_global generation:  4.076957702636719e-05
r_  generation:  0.00026988983154296875
local_output_nid generation:  5.9604644775390625e-06
local_in_edges_tensor generation:  0.00013208389282226562
mini_batch_src_global generation:  2.86102294921875e-05
r_  generation:  0.00011563301086425781
local_output_nid generation:  5.9604644775390625e-06
local_in_edges_tensor generation:  0.00012755393981933594
mini_batch_src_global generation:  2.6464462280273438e-05
r_  generation:  0.00012803077697753906
local_output_nid generation:  7.152557373046875e-06
local_in_edges_tensor generation:  0.0001289844512939453
mini_batch_src_global generation:  3.0994415283203125e-05
r_  generation:  0.00017714500427246094
local_output_nid generation:  8.344650268554688e-06
local_in_edges_tensor generation:  0.00013113021850585938
mini_batch_src_global generation:  3.123283386230469e-05
r_  generation:  0.00018143653869628906
local_output_nid generation:  6.4373016357421875e-06
local_in_edges_tensor generation:  0.00012874603271484375
mini_batch_src_global generation:  3.314018249511719e-05
r_  generation:  0.00019121170043945312
local_output_nid generation:  7.62939453125e-06
local_in_edges_tensor generation:  0.00013113021850585938
mini_batch_src_global generation:  2.86102294921875e-05
r_  generation:  0.00014901161193847656
local_output_nid generation:  7.3909759521484375e-06
local_in_edges_tensor generation:  0.00013113021850585938
mini_batch_src_global generation:  3.4809112548828125e-05
r_  generation:  0.0002288818359375
local_output_nid generation:  6.9141387939453125e-06
local_in_edges_tensor generation:  0.00013017654418945312
mini_batch_src_global generation:  3.0517578125e-05
r_  generation:  0.00015401840209960938
local_output_nid generation:  5.7220458984375e-06
local_in_edges_tensor generation:  0.00013566017150878906
mini_batch_src_global generation:  2.8133392333984375e-05
r_  generation:  0.0001323223114013672
local_output_nid generation:  6.67572021484375e-06
local_in_edges_tensor generation:  0.00013113021850585938
mini_batch_src_global generation:  3.075599670410156e-05
r_  generation:  0.0001811981201171875
local_output_nid generation:  6.4373016357421875e-06
local_in_edges_tensor generation:  0.00012803077697753906
mini_batch_src_global generation:  2.6941299438476562e-05
r_  generation:  0.0001277923583984375
local_output_nid generation:  8.344650268554688e-06
local_in_edges_tensor generation:  0.00012993812561035156
mini_batch_src_global generation:  3.6716461181640625e-05
r_  generation:  0.00017452239990234375
local_output_nid generation:  3.814697265625e-06
local_in_edges_tensor generation:  0.00013780593872070312
mini_batch_src_global generation:  2.1457672119140625e-05
r_  generation:  5.030632019042969e-05
----------------------check_connections_block total spend ----------------------------- 0.006894826889038086
generate_one_block  0.0015804767608642578
generate_one_block  0.001550912857055664
generate_one_block  0.0016350746154785156
generate_one_block  0.0014357566833496094
generate_one_block  0.0013608932495117188
generate_one_block  0.001279592514038086
generate_one_block  0.0012276172637939453
generate_one_block  0.001207113265991211
generate_one_block  0.0011188983917236328
generate_one_block  0.0011684894561767578
generate_one_block  0.0010902881622314453
generate_one_block  0.0010712146759033203
generate_one_block  0.0011298656463623047
generate_one_block  0.0010530948638916016
generate_one_block  0.0010967254638671875
generate_one_block  0.000972747802734375
The real block id is  0
get_global_graph_edges_ids_block function  spend 0.0007352828979492188
gen group dst list time:  0.00020933151245117188
time for parepare:  0.0002741813659667969
local_output_nid generation:  2.9087066650390625e-05
local_in_edges_tensor generation:  0.0002853870391845703
mini_batch_src_global generation:  7.200241088867188e-05
r_  generation:  0.0005962848663330078
local_output_nid generation:  2.9802322387695312e-05
local_in_edges_tensor generation:  0.00018167495727539062
mini_batch_src_global generation:  7.724761962890625e-05
r_  generation:  0.0006003379821777344
local_output_nid generation:  4.124641418457031e-05
local_in_edges_tensor generation:  0.00019431114196777344
mini_batch_src_global generation:  9.202957153320312e-05
r_  generation:  0.0008571147918701172
local_output_nid generation:  1.9311904907226562e-05
local_in_edges_tensor generation:  0.0001685619354248047
mini_batch_src_global generation:  6.556510925292969e-05
r_  generation:  0.00040268898010253906
local_output_nid generation:  2.47955322265625e-05
local_in_edges_tensor generation:  0.0001628398895263672
mini_batch_src_global generation:  5.817413330078125e-05
r_  generation:  0.00045180320739746094
local_output_nid generation:  3.695487976074219e-05
local_in_edges_tensor generation:  0.00029969215393066406
mini_batch_src_global generation:  8.511543273925781e-05
r_  generation:  0.0007174015045166016
local_output_nid generation:  2.956390380859375e-05
local_in_edges_tensor generation:  0.0001900196075439453
mini_batch_src_global generation:  8.034706115722656e-05
r_  generation:  0.0006277561187744141
local_output_nid generation:  3.790855407714844e-05
local_in_edges_tensor generation:  0.0001881122589111328
mini_batch_src_global generation:  8.392333984375e-05
r_  generation:  0.0007233619689941406
local_output_nid generation:  2.6702880859375e-05
local_in_edges_tensor generation:  0.00017142295837402344
mini_batch_src_global generation:  7.152557373046875e-05
r_  generation:  0.0005183219909667969
local_output_nid generation:  4.57763671875e-05
local_in_edges_tensor generation:  0.0001976490020751953
mini_batch_src_global generation:  9.274482727050781e-05
r_  generation:  0.0008873939514160156
local_output_nid generation:  3.0279159545898438e-05
local_in_edges_tensor generation:  0.0001785755157470703
mini_batch_src_global generation:  7.867813110351562e-05
r_  generation:  0.0005707740783691406
local_output_nid generation:  2.5987625122070312e-05
local_in_edges_tensor generation:  0.0001697540283203125
mini_batch_src_global generation:  6.413459777832031e-05
r_  generation:  0.0004668235778808594
local_output_nid generation:  3.600120544433594e-05
local_in_edges_tensor generation:  0.00017976760864257812
mini_batch_src_global generation:  8.058547973632812e-05
r_  generation:  0.0006504058837890625
local_output_nid generation:  1.5735626220703125e-05
local_in_edges_tensor generation:  0.00014019012451171875
mini_batch_src_global generation:  5.5789947509765625e-05
r_  generation:  0.0003600120544433594
local_output_nid generation:  2.2411346435546875e-05
local_in_edges_tensor generation:  0.0001461505889892578
mini_batch_src_global generation:  5.9604644775390625e-05
r_  generation:  0.0005018711090087891
local_output_nid generation:  6.4373016357421875e-06
local_in_edges_tensor generation:  0.0001232624053955078
mini_batch_src_global generation:  3.600120544433594e-05
r_  generation:  0.00011801719665527344
----------------------check_connections_block total spend ----------------------------- 0.016635894775390625
generate_one_block  0.0016660690307617188
generate_one_block  0.0015752315521240234
generate_one_block  0.0017163753509521484
generate_one_block  0.001300811767578125
generate_one_block  0.0013515949249267578
generate_one_block  0.0015728473663330078
generate_one_block  0.0017917156219482422
generate_one_block  0.0018150806427001953
generate_one_block  0.0014564990997314453
generate_one_block  0.0017557144165039062
generate_one_block  0.0014491081237792969
generate_one_block  0.0013718605041503906
generate_one_block  0.0016069412231445312
generate_one_block  0.0013077259063720703
generate_one_block  0.00146484375
generate_one_block  0.001051187515258789
-----------------------------------------after block dataloader generation 
 Nvidia-smi: 1.0174560546875 GB
    Memory Allocated: 0.0003566741943359375  GigaBytes
Max Memory Allocated: 0.0003566741943359375  GigaBytes

connection checking time:  0.02353072166442871
block generation total time  0.04423236846923828
average batch blocks generation time:  0.0027645230293273926
----------------------------------------before batch_pred = model(blocks, batch_inputs) 
 Nvidia-smi: 1.1014404296875 GB
    Memory Allocated: 0.004750251770019531  GigaBytes
Max Memory Allocated: 0.004750251770019531  GigaBytes

torch.Size([820, 1433])
torch.Size([274, 32])
-----------------------------------------batch_pred = model(blocks, batch_inputs) 
 Nvidia-smi: 1.2615966796875 GB
    Memory Allocated: 0.004899024963378906  GigaBytes
Max Memory Allocated: 0.0049610137939453125  GigaBytes

----------------------------------------before batch_pred = model(blocks, batch_inputs) 
 Nvidia-smi: 1.2615966796875 GB
    Memory Allocated: 0.0045032501220703125  GigaBytes
Max Memory Allocated: 0.0088653564453125  GigaBytes

torch.Size([707, 1433])
torch.Size([251, 32])
-----------------------------------------batch_pred = model(blocks, batch_inputs) 
 Nvidia-smi: 1.2615966796875 GB
    Memory Allocated: 0.004668235778808594  GigaBytes
Max Memory Allocated: 0.0088653564453125  GigaBytes

----------------------------------------before batch_pred = model(blocks, batch_inputs) 
 Nvidia-smi: 1.2615966796875 GB
    Memory Allocated: 0.005838871002197266  GigaBytes
Max Memory Allocated: 0.009591102600097656  GigaBytes

torch.Size([956, 1433])
torch.Size([377, 32])
-----------------------------------------batch_pred = model(blocks, batch_inputs) 
 Nvidia-smi: 1.2615966796875 GB
    Memory Allocated: 0.006056785583496094  GigaBytes
Max Memory Allocated: 0.009591102600097656  GigaBytes

----------------------------------------before batch_pred = model(blocks, batch_inputs) 
 Nvidia-smi: 1.2615966796875 GB
    Memory Allocated: 0.003109455108642578  GigaBytes
Max Memory Allocated: 0.009591102600097656  GigaBytes

torch.Size([447, 1433])
torch.Size([157, 32])
-----------------------------------------batch_pred = model(blocks, batch_inputs) 
 Nvidia-smi: 1.2615966796875 GB
    Memory Allocated: 0.003208637237548828  GigaBytes
Max Memory Allocated: 0.009591102600097656  GigaBytes

----------------------------------------before batch_pred = model(blocks, batch_inputs) 
 Nvidia-smi: 1.2615966796875 GB
    Memory Allocated: 0.003399372100830078  GigaBytes
Max Memory Allocated: 0.009591102600097656  GigaBytes

torch.Size([501, 1433])
torch.Size([193, 32])
-----------------------------------------batch_pred = model(blocks, batch_inputs) 
 Nvidia-smi: 1.2615966796875 GB
    Memory Allocated: 0.003512859344482422  GigaBytes
Max Memory Allocated: 0.009591102600097656  GigaBytes

----------------------------------------before batch_pred = model(blocks, batch_inputs) 
 Nvidia-smi: 1.2615966796875 GB
    Memory Allocated: 0.005102634429931641  GigaBytes
Max Memory Allocated: 0.009591102600097656  GigaBytes

torch.Size([819, 1433])
torch.Size([333, 32])
-----------------------------------------batch_pred = model(blocks, batch_inputs) 
 Nvidia-smi: 1.2615966796875 GB
    Memory Allocated: 0.005282402038574219  GigaBytes
Max Memory Allocated: 0.009591102600097656  GigaBytes

----------------------------------------before batch_pred = model(blocks, batch_inputs) 
 Nvidia-smi: 1.2615966796875 GB
    Memory Allocated: 0.004823207855224609  GigaBytes
Max Memory Allocated: 0.009591102600097656  GigaBytes

torch.Size([767, 1433])
torch.Size([271, 32])
-----------------------------------------batch_pred = model(blocks, batch_inputs) 
 Nvidia-smi: 1.2615966796875 GB
    Memory Allocated: 0.004980564117431641  GigaBytes
Max Memory Allocated: 0.009591102600097656  GigaBytes

----------------------------------------before batch_pred = model(blocks, batch_inputs) 
 Nvidia-smi: 1.2615966796875 GB
    Memory Allocated: 0.005129337310791016  GigaBytes
Max Memory Allocated: 0.009591102600097656  GigaBytes

torch.Size([824, 1433])
torch.Size([338, 32])
-----------------------------------------batch_pred = model(blocks, batch_inputs) 
 Nvidia-smi: 1.2615966796875 GB
    Memory Allocated: 0.005309104919433594  GigaBytes
Max Memory Allocated: 0.009591102600097656  GigaBytes

----------------------------------------before batch_pred = model(blocks, batch_inputs) 
 Nvidia-smi: 1.2615966796875 GB
    Memory Allocated: 0.004382610321044922  GigaBytes
Max Memory Allocated: 0.009591102600097656  GigaBytes

torch.Size([685, 1433])
torch.Size([229, 32])
-----------------------------------------batch_pred = model(blocks, batch_inputs) 
 Nvidia-smi: 1.2615966796875 GB
    Memory Allocated: 0.0045166015625  GigaBytes
Max Memory Allocated: 0.009591102600097656  GigaBytes

----------------------------------------before batch_pred = model(blocks, batch_inputs) 
 Nvidia-smi: 1.2615966796875 GB
    Memory Allocated: 0.006330013275146484  GigaBytes
Max Memory Allocated: 0.009964466094970703  GigaBytes

torch.Size([1048, 1433])
torch.Size([431, 32])
-----------------------------------------batch_pred = model(blocks, batch_inputs) 
 Nvidia-smi: 1.2615966796875 GB
    Memory Allocated: 0.006555080413818359  GigaBytes
Max Memory Allocated: 0.009964466094970703  GigaBytes

----------------------------------------before batch_pred = model(blocks, batch_inputs) 
 Nvidia-smi: 1.2615966796875 GB
    Memory Allocated: 0.004565238952636719  GigaBytes
Max Memory Allocated: 0.010146141052246094  GigaBytes

torch.Size([719, 1433])
torch.Size([256, 32])
-----------------------------------------batch_pred = model(blocks, batch_inputs) 
 Nvidia-smi: 1.2615966796875 GB
    Memory Allocated: 0.004709720611572266  GigaBytes
Max Memory Allocated: 0.010146141052246094  GigaBytes

----------------------------------------before batch_pred = model(blocks, batch_inputs) 
 Nvidia-smi: 1.2615966796875 GB
    Memory Allocated: 0.003997325897216797  GigaBytes
Max Memory Allocated: 0.010146141052246094  GigaBytes

torch.Size([613, 1433])
torch.Size([227, 32])
-----------------------------------------batch_pred = model(blocks, batch_inputs) 
 Nvidia-smi: 1.2615966796875 GB
    Memory Allocated: 0.004123210906982422  GigaBytes
Max Memory Allocated: 0.010146141052246094  GigaBytes

----------------------------------------before batch_pred = model(blocks, batch_inputs) 
 Nvidia-smi: 1.2615966796875 GB
    Memory Allocated: 0.0051403045654296875  GigaBytes
Max Memory Allocated: 0.010146141052246094  GigaBytes

torch.Size([826, 1433])
torch.Size([320, 32])
-----------------------------------------batch_pred = model(blocks, batch_inputs) 
 Nvidia-smi: 1.2615966796875 GB
    Memory Allocated: 0.0053119659423828125  GigaBytes
Max Memory Allocated: 0.010146141052246094  GigaBytes

----------------------------------------before batch_pred = model(blocks, batch_inputs) 
 Nvidia-smi: 1.2615966796875 GB
    Memory Allocated: 0.003995418548583984  GigaBytes
Max Memory Allocated: 0.010146141052246094  GigaBytes

torch.Size([515, 1433])
torch.Size([161, 32])
-----------------------------------------batch_pred = model(blocks, batch_inputs) 
 Nvidia-smi: 1.2615966796875 GB
    Memory Allocated: 0.004100322723388672  GigaBytes
Max Memory Allocated: 0.010146141052246094  GigaBytes

----------------------------------------before batch_pred = model(blocks, batch_inputs) 
 Nvidia-smi: 1.2615966796875 GB
    Memory Allocated: 0.004368782043457031  GigaBytes
Max Memory Allocated: 0.010146141052246094  GigaBytes

torch.Size([682, 1433])
torch.Size([245, 32])
-----------------------------------------batch_pred = model(blocks, batch_inputs) 
 Nvidia-smi: 1.2615966796875 GB
    Memory Allocated: 0.004517078399658203  GigaBytes
Max Memory Allocated: 0.010146141052246094  GigaBytes

----------------------------------------before batch_pred = model(blocks, batch_inputs) 
 Nvidia-smi: 1.2615966796875 GB
    Memory Allocated: 0.0016345977783203125  GigaBytes
Max Memory Allocated: 0.010146141052246094  GigaBytes

torch.Size([172, 1433])
torch.Size([50, 32])
-----------------------------------------batch_pred = model(blocks, batch_inputs) 
 Nvidia-smi: 1.2615966796875 GB
    Memory Allocated: 0.001674652099609375  GigaBytes
Max Memory Allocated: 0.010146141052246094  GigaBytes

times | data loading | block to device | model prediction | loss calculation | loss backward |  optimizer step |
      |0.004121333360671997 |0.022141650319099426 |0.051070839166641235 |0.00013168156147003174 |0.0026579052209854126 |0.0018537044525146484 |
----------------------------------------------------------pseudo_mini_loss sum 3.456921339035034
 Run 0| Epoch 0 |
Number of nodes for computation during this epoch:  15975
Number of first layer input nodes during this epoch:  11101
----------------------------------------before generate_dataloader_block 
 Nvidia-smi: 1.2635498046875 GB
    Memory Allocated: 0.0023527145385742188  GigaBytes
Max Memory Allocated: 0.010146141052246094  GigaBytes

The real block id is  2
get_global_graph_edges_ids_block function  spend 0.0004677772521972656
random selection method range initialization spend 0.00011873245239257812
time for parepare:  6.365776062011719e-05
local_output_nid generation:  6.67572021484375e-06
local_in_edges_tensor generation:  0.00016736984252929688
mini_batch_src_global generation:  2.1219253540039062e-05
r_  generation:  3.170967102050781e-05
local_output_nid generation:  5.245208740234375e-06
local_in_edges_tensor generation:  0.0001277923583984375
mini_batch_src_global generation:  1.8596649169921875e-05
r_  generation:  3.8623809814453125e-05
local_output_nid generation:  5.0067901611328125e-06
local_in_edges_tensor generation:  0.00010323524475097656
mini_batch_src_global generation:  1.621246337890625e-05
r_  generation:  2.5272369384765625e-05
local_output_nid generation:  4.5299530029296875e-06
local_in_edges_tensor generation:  9.918212890625e-05
mini_batch_src_global generation:  1.5735626220703125e-05
r_  generation:  3.4332275390625e-05
local_output_nid generation:  3.337860107421875e-06
local_in_edges_tensor generation:  9.918212890625e-05
mini_batch_src_global generation:  1.6689300537109375e-05
r_  generation:  3.6716461181640625e-05
local_output_nid generation:  3.814697265625e-06
local_in_edges_tensor generation:  9.965896606445312e-05
mini_batch_src_global generation:  1.5497207641601562e-05
r_  generation:  2.4080276489257812e-05
local_output_nid generation:  4.76837158203125e-06
local_in_edges_tensor generation:  9.775161743164062e-05
mini_batch_src_global generation:  1.4543533325195312e-05
r_  generation:  2.3603439331054688e-05
local_output_nid generation:  4.5299530029296875e-06
local_in_edges_tensor generation:  0.00010752677917480469
mini_batch_src_global generation:  1.4543533325195312e-05
r_  generation:  2.288818359375e-05
local_output_nid generation:  4.291534423828125e-06
local_in_edges_tensor generation:  9.393692016601562e-05
mini_batch_src_global generation:  1.430511474609375e-05
r_  generation:  2.4080276489257812e-05
local_output_nid generation:  4.76837158203125e-06
local_in_edges_tensor generation:  0.00010657310485839844
mini_batch_src_global generation:  1.5735626220703125e-05
r_  generation:  2.7894973754882812e-05
local_output_nid generation:  4.5299530029296875e-06
local_in_edges_tensor generation:  9.655952453613281e-05
mini_batch_src_global generation:  1.4781951904296875e-05
r_  generation:  2.2172927856445312e-05
local_output_nid generation:  4.5299530029296875e-06
local_in_edges_tensor generation:  9.5367431640625e-05
mini_batch_src_global generation:  1.4781951904296875e-05
r_  generation:  2.6226043701171875e-05
local_output_nid generation:  4.5299530029296875e-06
local_in_edges_tensor generation:  9.465217590332031e-05
mini_batch_src_global generation:  1.4781951904296875e-05
r_  generation:  2.2172927856445312e-05
local_output_nid generation:  4.5299530029296875e-06
local_in_edges_tensor generation:  9.369850158691406e-05
mini_batch_src_global generation:  1.4066696166992188e-05
r_  generation:  2.0265579223632812e-05
local_output_nid generation:  4.76837158203125e-06
local_in_edges_tensor generation:  9.369850158691406e-05
mini_batch_src_global generation:  1.4781951904296875e-05
r_  generation:  3.0279159545898438e-05
local_output_nid generation:  3.5762786865234375e-06
local_in_edges_tensor generation:  9.417533874511719e-05
mini_batch_src_global generation:  1.430511474609375e-05
r_  generation:  1.7881393432617188e-05
----------------------check_connections_block total spend ----------------------------- 0.0031614303588867188
generate_one_block  0.0010738372802734375
generate_one_block  0.0010879039764404297
generate_one_block  0.0010123252868652344
generate_one_block  0.0010149478912353516
generate_one_block  0.001062154769897461
generate_one_block  0.0010347366333007812
generate_one_block  0.0011746883392333984
generate_one_block  0.001008749008178711
generate_one_block  0.0010058879852294922
generate_one_block  0.0010142326354980469
generate_one_block  0.0009469985961914062
generate_one_block  0.0009610652923583984
generate_one_block  0.0009441375732421875
generate_one_block  0.0009441375732421875
generate_one_block  0.0009605884552001953
generate_one_block  0.001020669937133789
The real block id is  1
get_global_graph_edges_ids_block function  spend 0.0005962848663330078
gen group dst list time:  9.202957153320312e-05
time for parepare:  0.00014162063598632812
local_output_nid generation:  5.0067901611328125e-06
local_in_edges_tensor generation:  0.00020599365234375
mini_batch_src_global generation:  2.5987625122070312e-05
r_  generation:  9.942054748535156e-05
local_output_nid generation:  1.1444091796875e-05
local_in_edges_tensor generation:  0.00012135505676269531
mini_batch_src_global generation:  3.314018249511719e-05
r_  generation:  0.0001952648162841797
local_output_nid generation:  5.4836273193359375e-06
local_in_edges_tensor generation:  0.00011038780212402344
mini_batch_src_global generation:  2.9802322387695312e-05
r_  generation:  0.0001201629638671875
local_output_nid generation:  7.62939453125e-06
local_in_edges_tensor generation:  0.00011110305786132812
mini_batch_src_global generation:  3.218650817871094e-05
r_  generation:  0.00019741058349609375
local_output_nid generation:  7.3909759521484375e-06
local_in_edges_tensor generation:  0.00011444091796875
mini_batch_src_global generation:  3.24249267578125e-05
r_  generation:  0.00018668174743652344
local_output_nid generation:  5.7220458984375e-06
local_in_edges_tensor generation:  0.00010991096496582031
mini_batch_src_global generation:  2.574920654296875e-05
r_  generation:  0.00011944770812988281
local_output_nid generation:  5.245208740234375e-06
local_in_edges_tensor generation:  0.00011110305786132812
mini_batch_src_global generation:  2.9802322387695312e-05
r_  generation:  0.00017142295837402344
local_output_nid generation:  6.198883056640625e-06
local_in_edges_tensor generation:  0.00010824203491210938
mini_batch_src_global generation:  2.574920654296875e-05
r_  generation:  0.00011444091796875
local_output_nid generation:  5.245208740234375e-06
local_in_edges_tensor generation:  0.00010728836059570312
mini_batch_src_global generation:  2.5987625122070312e-05
r_  generation:  0.00014138221740722656
local_output_nid generation:  6.4373016357421875e-06
local_in_edges_tensor generation:  0.00011181831359863281
mini_batch_src_global generation:  2.5987625122070312e-05
r_  generation:  0.0001327991485595703
local_output_nid generation:  5.0067901611328125e-06
local_in_edges_tensor generation:  0.00010919570922851562
mini_batch_src_global generation:  2.288818359375e-05
r_  generation:  8.988380432128906e-05
local_output_nid generation:  6.67572021484375e-06
local_in_edges_tensor generation:  0.00011110305786132812
mini_batch_src_global generation:  2.6941299438476562e-05
r_  generation:  0.0001533031463623047
local_output_nid generation:  5.245208740234375e-06
local_in_edges_tensor generation:  0.00011944770812988281
mini_batch_src_global generation:  2.5987625122070312e-05
r_  generation:  0.00012373924255371094
local_output_nid generation:  4.291534423828125e-06
local_in_edges_tensor generation:  0.00010251998901367188
mini_batch_src_global generation:  1.9550323486328125e-05
r_  generation:  6.103515625e-05
local_output_nid generation:  7.867813110351562e-06
local_in_edges_tensor generation:  0.00010895729064941406
mini_batch_src_global generation:  3.170967102050781e-05
r_  generation:  0.0002300739288330078
local_output_nid generation:  3.814697265625e-06
local_in_edges_tensor generation:  0.00010704994201660156
mini_batch_src_global generation:  2.5510787963867188e-05
r_  generation:  8.392333984375e-05
----------------------check_connections_block total spend ----------------------------- 0.005756855010986328
generate_one_block  0.0011332035064697266
generate_one_block  0.0012295246124267578
generate_one_block  0.0012187957763671875
generate_one_block  0.001283407211303711
generate_one_block  0.0012445449829101562
generate_one_block  0.0011203289031982422
generate_one_block  0.0012502670288085938
generate_one_block  0.0011615753173828125
generate_one_block  0.001073598861694336
generate_one_block  0.0010797977447509766
generate_one_block  0.0010182857513427734
generate_one_block  0.0011086463928222656
generate_one_block  0.0010738372802734375
generate_one_block  0.0009906291961669922
generate_one_block  0.0012090206146240234
generate_one_block  0.0011446475982666016
The real block id is  0
get_global_graph_edges_ids_block function  spend 0.0006878376007080078
gen group dst list time:  0.0001685619354248047
time for parepare:  0.00021839141845703125
local_output_nid generation:  1.5497207641601562e-05
local_in_edges_tensor generation:  0.0002384185791015625
mini_batch_src_global generation:  6.365776062011719e-05
r_  generation:  0.0003616809844970703
local_output_nid generation:  2.86102294921875e-05
local_in_edges_tensor generation:  0.00015783309936523438
mini_batch_src_global generation:  8.893013000488281e-05
r_  generation:  0.0006098747253417969
local_output_nid generation:  2.2411346435546875e-05
local_in_edges_tensor generation:  0.00014638900756835938
mini_batch_src_global generation:  5.984306335449219e-05
r_  generation:  0.0004527568817138672
local_output_nid generation:  3.552436828613281e-05
local_in_edges_tensor generation:  0.0001628398895263672
mini_batch_src_global generation:  7.486343383789062e-05
r_  generation:  0.0007121562957763672
local_output_nid generation:  2.765655517578125e-05
local_in_edges_tensor generation:  0.0001571178436279297
mini_batch_src_global generation:  7.62939453125e-05
r_  generation:  0.0006465911865234375
local_output_nid generation:  2.002716064453125e-05
local_in_edges_tensor generation:  0.0001437664031982422
mini_batch_src_global generation:  5.91278076171875e-05
r_  generation:  0.00039458274841308594
local_output_nid generation:  3.24249267578125e-05
local_in_edges_tensor generation:  0.0001595020294189453
mini_batch_src_global generation:  6.771087646484375e-05
r_  generation:  0.0006296634674072266
local_output_nid generation:  1.7881393432617188e-05
local_in_edges_tensor generation:  0.0001468658447265625
mini_batch_src_global generation:  6.222724914550781e-05
r_  generation:  0.00040435791015625
local_output_nid generation:  2.09808349609375e-05
local_in_edges_tensor generation:  0.00014257431030273438
mini_batch_src_global generation:  5.507469177246094e-05
r_  generation:  0.0004105567932128906
local_output_nid generation:  1.7881393432617188e-05
local_in_edges_tensor generation:  0.0001354217529296875
mini_batch_src_global generation:  4.982948303222656e-05
r_  generation:  0.0003597736358642578
local_output_nid generation:  1.33514404296875e-05
local_in_edges_tensor generation:  0.0001277923583984375
mini_batch_src_global generation:  4.267692565917969e-05
r_  generation:  0.00028514862060546875
local_output_nid generation:  2.47955322265625e-05
local_in_edges_tensor generation:  0.0001430511474609375
mini_batch_src_global generation:  5.888938903808594e-05
r_  generation:  0.0005395412445068359
local_output_nid generation:  2.2172927856445312e-05
local_in_edges_tensor generation:  0.00014162063598632812
mini_batch_src_global generation:  5.7697296142578125e-05
r_  generation:  0.00045943260192871094
local_output_nid generation:  9.059906005859375e-06
local_in_edges_tensor generation:  0.00012826919555664062
mini_batch_src_global generation:  3.981590270996094e-05
r_  generation:  0.00017309188842773438
local_output_nid generation:  3.8623809814453125e-05
local_in_edges_tensor generation:  0.00016641616821289062
mini_batch_src_global generation:  7.843971252441406e-05
r_  generation:  0.0008609294891357422
local_output_nid generation:  1.4781951904296875e-05
local_in_edges_tensor generation:  0.00013828277587890625
mini_batch_src_global generation:  5.7697296142578125e-05
r_  generation:  0.0003116130828857422
----------------------check_connections_block total spend ----------------------------- 0.014029979705810547
generate_one_block  0.0014657974243164062
generate_one_block  0.0017242431640625
generate_one_block  0.0014128684997558594
generate_one_block  0.0018210411071777344
generate_one_block  0.0016369819641113281
generate_one_block  0.001407623291015625
generate_one_block  0.001699209213256836
generate_one_block  0.0013935565948486328
generate_one_block  0.001390218734741211
generate_one_block  0.0013322830200195312
generate_one_block  0.0012466907501220703
generate_one_block  0.001833200454711914
generate_one_block  0.0014302730560302734
generate_one_block  0.0011069774627685547
generate_one_block  0.0018851757049560547
generate_one_block  0.001264810562133789
-----------------------------------------after block dataloader generation 
 Nvidia-smi: 1.2635498046875 GB
    Memory Allocated: 0.0023527145385742188  GigaBytes
Max Memory Allocated: 0.010146141052246094  GigaBytes

connection checking time:  0.019786834716796875
block generation total time  0.042391061782836914
average batch blocks generation time:  0.002649441361427307
block dataloader generation time/epoch 0.0963449478149414
----------------------------------------before batch_pred = model(blocks, batch_inputs) 
 Nvidia-smi: 1.2635498046875 GB
    Memory Allocated: 0.004756450653076172  GigaBytes
Max Memory Allocated: 0.010146141052246094  GigaBytes

torch.Size([623, 1433])
torch.Size([166, 32])
-----------------------------------------batch_pred = model(blocks, batch_inputs) 
 Nvidia-smi: 1.2635498046875 GB
    Memory Allocated: 0.0048618316650390625  GigaBytes
Max Memory Allocated: 0.010146141052246094  GigaBytes

----------------------------------------before batch_pred = model(blocks, batch_inputs) 
 Nvidia-smi: 1.2635498046875 GB
    Memory Allocated: 0.0059299468994140625  GigaBytes
Max Memory Allocated: 0.010146141052246094  GigaBytes

torch.Size([841, 1433])
torch.Size([312, 32])
-----------------------------------------batch_pred = model(blocks, batch_inputs) 
 Nvidia-smi: 1.2635498046875 GB
    Memory Allocated: 0.006123065948486328  GigaBytes
Max Memory Allocated: 0.010146141052246094  GigaBytes

----------------------------------------before batch_pred = model(blocks, batch_inputs) 
 Nvidia-smi: 1.2635498046875 GB
    Memory Allocated: 0.004760265350341797  GigaBytes
Max Memory Allocated: 0.010146141052246094  GigaBytes

torch.Size([606, 1433])
torch.Size([243, 32])
-----------------------------------------batch_pred = model(blocks, batch_inputs) 
 Nvidia-smi: 1.2635498046875 GB
    Memory Allocated: 0.0048961639404296875  GigaBytes
Max Memory Allocated: 0.010146141052246094  GigaBytes

----------------------------------------before batch_pred = model(blocks, batch_inputs) 
 Nvidia-smi: 1.2635498046875 GB
    Memory Allocated: 0.006781578063964844  GigaBytes
Max Memory Allocated: 0.010146141052246094  GigaBytes

torch.Size([1000, 1433])
torch.Size([415, 32])
-----------------------------------------batch_pred = model(blocks, batch_inputs) 
 Nvidia-smi: 1.2635498046875 GB
    Memory Allocated: 0.007002353668212891  GigaBytes
Max Memory Allocated: 0.010146141052246094  GigaBytes

----------------------------------------before batch_pred = model(blocks, batch_inputs) 
 Nvidia-smi: 1.2635498046875 GB
    Memory Allocated: 0.006335735321044922  GigaBytes
Max Memory Allocated: 0.011654853820800781  GigaBytes

torch.Size([917, 1433])
torch.Size([335, 32])
-----------------------------------------batch_pred = model(blocks, batch_inputs) 
 Nvidia-smi: 1.2635498046875 GB
    Memory Allocated: 0.006527900695800781  GigaBytes
Max Memory Allocated: 0.011654853820800781  GigaBytes

----------------------------------------before batch_pred = model(blocks, batch_inputs) 
 Nvidia-smi: 1.2635498046875 GB
    Memory Allocated: 0.004731655120849609  GigaBytes
Max Memory Allocated: 0.011654853820800781  GigaBytes

torch.Size([618, 1433])
torch.Size([204, 32])
-----------------------------------------batch_pred = model(blocks, batch_inputs) 
 Nvidia-smi: 1.2635498046875 GB
    Memory Allocated: 0.004851818084716797  GigaBytes
Max Memory Allocated: 0.011654853820800781  GigaBytes

----------------------------------------before batch_pred = model(blocks, batch_inputs) 
 Nvidia-smi: 1.2635498046875 GB
    Memory Allocated: 0.006511688232421875  GigaBytes
Max Memory Allocated: 0.011654853820800781  GigaBytes

torch.Size([950, 1433])
torch.Size([396, 32])
-----------------------------------------batch_pred = model(blocks, batch_inputs) 
 Nvidia-smi: 1.2635498046875 GB
    Memory Allocated: 0.0067138671875  GigaBytes
Max Memory Allocated: 0.011654853820800781  GigaBytes

----------------------------------------before batch_pred = model(blocks, batch_inputs) 
 Nvidia-smi: 1.2635498046875 GB
    Memory Allocated: 0.004909038543701172  GigaBytes
Max Memory Allocated: 0.011654853820800781  GigaBytes

torch.Size([651, 1433])
torch.Size([193, 32])
-----------------------------------------batch_pred = model(blocks, batch_inputs) 
 Nvidia-smi: 1.2635498046875 GB
    Memory Allocated: 0.005027294158935547  GigaBytes
Max Memory Allocated: 0.011654853820800781  GigaBytes

----------------------------------------before batch_pred = model(blocks, batch_inputs) 
 Nvidia-smi: 1.2635498046875 GB
    Memory Allocated: 0.0043163299560546875  GigaBytes
Max Memory Allocated: 0.011654853820800781  GigaBytes

torch.Size([540, 1433])
torch.Size([236, 32])
-----------------------------------------batch_pred = model(blocks, batch_inputs) 
 Nvidia-smi: 1.2635498046875 GB
    Memory Allocated: 0.0044460296630859375  GigaBytes
Max Memory Allocated: 0.011654853820800781  GigaBytes

----------------------------------------before batch_pred = model(blocks, batch_inputs) 
 Nvidia-smi: 1.2635498046875 GB
    Memory Allocated: 0.004336833953857422  GigaBytes
Max Memory Allocated: 0.011654853820800781  GigaBytes

torch.Size([544, 1433])
torch.Size([204, 32])
-----------------------------------------batch_pred = model(blocks, batch_inputs) 
 Nvidia-smi: 1.2635498046875 GB
    Memory Allocated: 0.00446319580078125  GigaBytes
Max Memory Allocated: 0.011654853820800781  GigaBytes

----------------------------------------before batch_pred = model(blocks, batch_inputs) 
 Nvidia-smi: 1.2635498046875 GB
    Memory Allocated: 0.0043125152587890625  GigaBytes
Max Memory Allocated: 0.011654853820800781  GigaBytes
Using backend: pytorch

torch.Size([469, 1433])
torch.Size([133, 32])
-----------------------------------------batch_pred = model(blocks, batch_inputs) 
 Nvidia-smi: 1.2635498046875 GB
    Memory Allocated: 0.004401683807373047  GigaBytes
Max Memory Allocated: 0.011654853820800781  GigaBytes

----------------------------------------before batch_pred = model(blocks, batch_inputs) 
 Nvidia-smi: 1.2635498046875 GB
    Memory Allocated: 0.005692005157470703  GigaBytes
Max Memory Allocated: 0.011654853820800781  GigaBytes

torch.Size([797, 1433])
torch.Size([282, 32])
-----------------------------------------batch_pred = model(blocks, batch_inputs) 
 Nvidia-smi: 1.2635498046875 GB
    Memory Allocated: 0.005855083465576172  GigaBytes
Max Memory Allocated: 0.011654853820800781  GigaBytes

----------------------------------------before batch_pred = model(blocks, batch_inputs) 
 Nvidia-smi: 1.2635498046875 GB
    Memory Allocated: 0.0051116943359375  GigaBytes
Max Memory Allocated: 0.011654853820800781  GigaBytes

torch.Size([689, 1433])
torch.Size([255, 32])
-----------------------------------------batch_pred = model(blocks, batch_inputs) 
 Nvidia-smi: 1.2635498046875 GB
    Memory Allocated: 0.005252838134765625  GigaBytes
Max Memory Allocated: 0.011654853820800781  GigaBytes

----------------------------------------before batch_pred = model(blocks, batch_inputs) 
 Nvidia-smi: 1.2635498046875 GB
    Memory Allocated: 0.003032684326171875  GigaBytes
Max Memory Allocated: 0.011654853820800781  GigaBytes

torch.Size([301, 1433])
torch.Size([76, 32])
-----------------------------------------batch_pred = model(blocks, batch_inputs) 
 Nvidia-smi: 1.2635498046875 GB
    Memory Allocated: 0.003089427947998047  GigaBytes
Max Memory Allocated: 0.011654853820800781  GigaBytes

----------------------------------------before batch_pred = model(blocks, batch_inputs) 
 Nvidia-smi: 1.2635498046875 GB
    Memory Allocated: 0.007927894592285156  GigaBytes
Max Memory Allocated: 0.011654853820800781  GigaBytes

torch.Size([1214, 1433])
torch.Size([474, 32])
-----------------------------------------batch_pred = model(blocks, batch_inputs) 
 Nvidia-smi: 1.2635498046875 GB
    Memory Allocated: 0.008183956146240234  GigaBytes
Max Memory Allocated: 0.011654853820800781  GigaBytes

----------------------------------------before batch_pred = model(blocks, batch_inputs) 
 Nvidia-smi: 1.2635498046875 GB
    Memory Allocated: 0.003826618194580078  GigaBytes
Max Memory Allocated: 0.011654853820800781  GigaBytes

torch.Size([449, 1433])
torch.Size([161, 32])
-----------------------------------------batch_pred = model(blocks, batch_inputs) 
 Nvidia-smi: 1.2635498046875 GB
    Memory Allocated: 0.003920555114746094  GigaBytes
Max Memory Allocated: 0.011654853820800781  GigaBytes

times | data loading | block to device | model prediction | loss calculation | loss backward |  optimizer step |
      |0.001192733645439148 |0.00042301416397094727 |0.003303423523902893 |0.00011022388935089111 |0.0030125677585601807 |0.0027205944061279297 |
----------------------------------------------------------pseudo_mini_loss sum 2.61330246925354
Total (block generation + training)time/epoch 0.24400663375854492
Training time/epoch 0.14725899696350098
Training time without block to device /epoch 0.14049077033996582
Training time without total dataloading part /epoch 0.10554003715515137
load block tensor time/epoch 0.019083738327026367
block to device time/epoch 0.006768226623535156
input features size transfer per epoch 2.1457672119140625e-06
blocks size to device per epoch 1.430511474609375e-06
 Run 0| Epoch 1 |
Number of nodes for computation during this epoch:  16055
Number of first layer input nodes during this epoch:  11209
