main start at this time 1648529560.412234
-----------------------------------------before load data 
 Nvidia-smi: 0.1717529296875 GB
    Memory Allocated: 0.0  GigaBytes
Max Memory Allocated: 0.0  GigaBytes

  NumNodes: 19717
  NumEdges: 88651
  NumFeats: 500
  NumClasses: 3
  NumTrainingSamples: 60
  NumValidationSamples: 500
  NumTestSamples: 1000
Done loading data from cached files.
success----------------------------------------
60
500
19157
# Nodes: 19717
# Edges: 88648
# Train: 60
# Val: 500
# Test: 19157
# Classes: 3

in feats:  500
----------------------------------------before generate_dataloader_block 
 Nvidia-smi: 1.0369873046875 GB
    Memory Allocated: 0.0076618194580078125  GigaBytes
Max Memory Allocated: 0.0076618194580078125  GigaBytes

The real block id is  2
get_global_graph_edges_ids_block function  spend 0.0028624534606933594
range selection method range initialization spend 9.059906005859375e-05
time for parepare:  4.649162292480469e-05
local_output_nid generation:  5.9604644775390625e-06
local_in_edges_tensor generation:  0.00019240379333496094
mini_batch_src_global generation:  2.384185791015625e-05
r_  generation:  0.0010745525360107422
local_output_nid generation:  5.245208740234375e-06
local_in_edges_tensor generation:  0.0001308917999267578
mini_batch_src_global generation:  2.2411346435546875e-05
r_  generation:  3.1948089599609375e-05
local_output_nid generation:  4.0531158447265625e-06
local_in_edges_tensor generation:  0.00010323524475097656
mini_batch_src_global generation:  1.5974044799804688e-05
r_  generation:  2.5272369384765625e-05
local_output_nid generation:  3.5762786865234375e-06
local_in_edges_tensor generation:  9.894371032714844e-05
mini_batch_src_global generation:  1.52587890625e-05
r_  generation:  2.2172927856445312e-05
local_output_nid generation:  3.5762786865234375e-06
local_in_edges_tensor generation:  9.703636169433594e-05
mini_batch_src_global generation:  1.4543533325195312e-05
r_  generation:  1.4781951904296875e-05
local_output_nid generation:  3.5762786865234375e-06
local_in_edges_tensor generation:  9.584426879882812e-05
mini_batch_src_global generation:  1.4781951904296875e-05
r_  generation:  1.5735626220703125e-05
local_output_nid generation:  3.337860107421875e-06
local_in_edges_tensor generation:  9.560585021972656e-05
mini_batch_src_global generation:  1.430511474609375e-05
r_  generation:  1.239776611328125e-05
local_output_nid generation:  3.337860107421875e-06
local_in_edges_tensor generation:  9.5367431640625e-05
mini_batch_src_global generation:  1.3828277587890625e-05
r_  generation:  1.3828277587890625e-05
local_output_nid generation:  3.337860107421875e-06
local_in_edges_tensor generation:  9.655952453613281e-05
mini_batch_src_global generation:  1.430511474609375e-05
r_  generation:  1.2636184692382812e-05
local_output_nid generation:  3.337860107421875e-06
local_in_edges_tensor generation:  9.465217590332031e-05
mini_batch_src_global generation:  1.5020370483398438e-05
r_  generation:  2.9802322387695312e-05
local_output_nid generation:  3.5762786865234375e-06
local_in_edges_tensor generation:  0.0001010894775390625
mini_batch_src_global generation:  1.6689300537109375e-05
r_  generation:  1.8358230590820312e-05
local_output_nid generation:  3.337860107421875e-06
local_in_edges_tensor generation:  9.465217590332031e-05
mini_batch_src_global generation:  1.4066696166992188e-05
r_  generation:  1.2159347534179688e-05
local_output_nid generation:  2.86102294921875e-06
local_in_edges_tensor generation:  0.00014853477478027344
mini_batch_src_global generation:  1.5974044799804688e-05
r_  generation:  1.3828277587890625e-05
local_output_nid generation:  3.337860107421875e-06
local_in_edges_tensor generation:  0.00010251998901367188
mini_batch_src_global generation:  1.5497207641601562e-05
r_  generation:  2.6226043701171875e-05
local_output_nid generation:  3.0994415283203125e-06
local_in_edges_tensor generation:  9.775161743164062e-05
mini_batch_src_global generation:  1.4781951904296875e-05
r_  generation:  1.6689300537109375e-05
----------------------check_connections_block total spend ----------------------------- 0.00389862060546875
generate_one_block  0.001155853271484375
generate_one_block  0.0010347366333007812
generate_one_block  0.0010256767272949219
generate_one_block  0.0010159015655517578
generate_one_block  0.0010044574737548828
generate_one_block  0.0010094642639160156
generate_one_block  0.001008749008178711
generate_one_block  0.0010499954223632812
generate_one_block  0.0009984970092773438
generate_one_block  0.001032114028930664
generate_one_block  0.0010094642639160156
generate_one_block  0.0009980201721191406
generate_one_block  0.0010004043579101562
generate_one_block  0.0010297298431396484
generate_one_block  0.0010082721710205078
The real block id is  1
get_global_graph_edges_ids_block function  spend 0.0013437271118164062
gen group dst list time:  8.344650268554688e-05
time for parepare:  0.0002646446228027344
local_output_nid generation:  3.0994415283203125e-06
local_in_edges_tensor generation:  0.00018978118896484375
mini_batch_src_global generation:  2.3126602172851562e-05
r_  generation:  6.413459777832031e-05
local_output_nid generation:  7.3909759521484375e-06
local_in_edges_tensor generation:  0.00011873245239257812
mini_batch_src_global generation:  3.743171691894531e-05
r_  generation:  0.00020623207092285156
local_output_nid generation:  4.0531158447265625e-06
local_in_edges_tensor generation:  0.00011420249938964844
mini_batch_src_global generation:  2.47955322265625e-05
r_  generation:  8.416175842285156e-05
local_output_nid generation:  3.814697265625e-06
local_in_edges_tensor generation:  0.00010943412780761719
mini_batch_src_global generation:  3.0040740966796875e-05
r_  generation:  0.0001900196075439453
local_output_nid generation:  2.384185791015625e-06
local_in_edges_tensor generation:  0.00017547607421875
mini_batch_src_global generation:  2.6941299438476562e-05
r_  generation:  6.723403930664062e-05
local_output_nid generation:  2.384185791015625e-06
local_in_edges_tensor generation:  0.00011229515075683594
mini_batch_src_global generation:  2.1219253540039062e-05
r_  generation:  6.461143493652344e-05
local_output_nid generation:  1.9073486328125e-06
local_in_edges_tensor generation:  0.00010251998901367188
mini_batch_src_global generation:  2.0742416381835938e-05
r_  generation:  6.008148193359375e-05
local_output_nid generation:  2.1457672119140625e-06
local_in_edges_tensor generation:  0.00010204315185546875
mini_batch_src_global generation:  2.1219253540039062e-05
r_  generation:  8.463859558105469e-05
local_output_nid generation:  1.9073486328125e-06
local_in_edges_tensor generation:  0.00010132789611816406
mini_batch_src_global generation:  1.71661376953125e-05
r_  generation:  3.838539123535156e-05
local_output_nid generation:  5.9604644775390625e-06
local_in_edges_tensor generation:  0.0001068115234375
mini_batch_src_global generation:  2.5987625122070312e-05
r_  generation:  0.0001747608184814453
local_output_nid generation:  3.0994415283203125e-06
local_in_edges_tensor generation:  0.00010609626770019531
mini_batch_src_global generation:  3.337860107421875e-05
r_  generation:  0.00011181831359863281
local_output_nid generation:  1.9073486328125e-06
local_in_edges_tensor generation:  0.00010514259338378906
mini_batch_src_global generation:  2.0265579223632812e-05
r_  generation:  5.340576171875e-05
local_output_nid generation:  1.9073486328125e-06
local_in_edges_tensor generation:  0.00010085105895996094
mini_batch_src_global generation:  1.6927719116210938e-05
r_  generation:  4.0531158447265625e-05
local_output_nid generation:  5.7220458984375e-06
local_in_edges_tensor generation:  0.00010585784912109375
mini_batch_src_global generation:  3.1948089599609375e-05
r_  generation:  0.0002396106719970703
local_output_nid generation:  2.6226043701171875e-06
local_in_edges_tensor generation:  0.00011205673217773438
mini_batch_src_global generation:  2.7418136596679688e-05
r_  generation:  7.700920104980469e-05
----------------------check_connections_block total spend ----------------------------- 0.004814863204956055
generate_one_block  0.0010819435119628906
generate_one_block  0.0013234615325927734
generate_one_block  0.0011076927185058594
generate_one_block  0.0012791156768798828
generate_one_block  0.0010814666748046875
generate_one_block  0.0010960102081298828
generate_one_block  0.0011248588562011719
generate_one_block  0.0011336803436279297
generate_one_block  0.0009458065032958984
generate_one_block  0.0011370182037353516
generate_one_block  0.0010581016540527344
generate_one_block  0.000978708267211914
generate_one_block  0.0010309219360351562
generate_one_block  0.001338958740234375
generate_one_block  0.001043081283569336
The real block id is  0
get_global_graph_edges_ids_block function  spend 0.0011906623840332031
gen group dst list time:  0.00012826919555664062
time for parepare:  0.0007636547088623047
local_output_nid generation:  9.298324584960938e-06
local_in_edges_tensor generation:  0.0002548694610595703
mini_batch_src_global generation:  3.123283386230469e-05
r_  generation:  0.00015878677368164062
local_output_nid generation:  3.600120544433594e-05
local_in_edges_tensor generation:  0.0001704692840576172
mini_batch_src_global generation:  0.00010895729064941406
r_  generation:  0.0011777877807617188
local_output_nid generation:  1.0728836059570312e-05
local_in_edges_tensor generation:  0.0001385211944580078
mini_batch_src_global generation:  6.961822509765625e-05
r_  generation:  0.0002741813659667969
local_output_nid generation:  3.123283386230469e-05
local_in_edges_tensor generation:  0.00019049644470214844
mini_batch_src_global generation:  0.0001285076141357422
r_  generation:  0.0013782978057861328
local_output_nid generation:  1.0967254638671875e-05
local_in_edges_tensor generation:  0.0001380443572998047
mini_batch_src_global generation:  7.05718994140625e-05
r_  generation:  0.0002846717834472656
local_output_nid generation:  1.2636184692382812e-05
local_in_edges_tensor generation:  0.00013399124145507812
mini_batch_src_global generation:  4.220008850097656e-05
r_  generation:  0.000274658203125
local_output_nid generation:  1.33514404296875e-05
local_in_edges_tensor generation:  0.00012874603271484375
mini_batch_src_global generation:  4.172325134277344e-05
r_  generation:  0.00029540061950683594
local_output_nid generation:  1.811981201171875e-05
local_in_edges_tensor generation:  0.00014591217041015625
mini_batch_src_global generation:  5.793571472167969e-05
r_  generation:  0.00048661231994628906
local_output_nid generation:  5.9604644775390625e-06
local_in_edges_tensor generation:  0.00011944770812988281
mini_batch_src_global generation:  3.3855438232421875e-05
r_  generation:  0.00011682510375976562
local_output_nid generation:  3.075599670410156e-05
local_in_edges_tensor generation:  0.00015735626220703125
mini_batch_src_global generation:  7.939338684082031e-05
r_  generation:  0.0009222030639648438
local_output_nid generation:  2.3126602172851562e-05
local_in_edges_tensor generation:  0.00015664100646972656
mini_batch_src_global generation:  0.00011205673217773438
r_  generation:  0.0008399486541748047
local_output_nid generation:  1.239776611328125e-05
local_in_edges_tensor generation:  0.00014448165893554688
mini_batch_src_global generation:  6.604194641113281e-05
r_  generation:  0.0003902912139892578
local_output_nid generation:  6.9141387939453125e-06
local_in_edges_tensor generation:  0.00012302398681640625
mini_batch_src_global generation:  4.124641418457031e-05
r_  generation:  0.00019621849060058594
local_output_nid generation:  3.8623809814453125e-05
local_in_edges_tensor generation:  0.00018024444580078125
mini_batch_src_global generation:  0.00013899803161621094
r_  generation:  0.0016283988952636719
local_output_nid generation:  1.5735626220703125e-05
local_in_edges_tensor generation:  0.00014328956604003906
mini_batch_src_global generation:  9.036064147949219e-05
r_  generation:  0.0004725456237792969
----------------------check_connections_block total spend ----------------------------- 0.01613163948059082
generate_one_block  0.001230001449584961
generate_one_block  0.002507925033569336
generate_one_block  0.0012340545654296875
generate_one_block  0.0025873184204101562
generate_one_block  0.0012247562408447266
generate_one_block  0.0013210773468017578
generate_one_block  0.001260519027709961
generate_one_block  0.0014884471893310547
generate_one_block  0.001001119613647461
generate_one_block  0.0019648075103759766
generate_one_block  0.0019652843475341797
generate_one_block  0.0013873577117919922
generate_one_block  0.0011310577392578125
generate_one_block  0.0032143592834472656
generate_one_block  0.0014226436614990234
-----------------------------------------after block dataloader generation 
 Nvidia-smi: 1.0369873046875 GB
    Memory Allocated: 0.0076618194580078125  GigaBytes
Max Memory Allocated: 0.0076618194580078125  GigaBytes

connection checking time:  0.020946502685546875
block generation total time  0.041701555252075195
average batch blocks generation time:  0.0027801036834716798
----------------------------------------before batch_pred = model(blocks, batch_inputs) 
 Nvidia-smi: 1.1014404296875 GB
    Memory Allocated: 0.008143901824951172  GigaBytes
Max Memory Allocated: 0.008143901824951172  GigaBytes

torch.Size([256, 500])
torch.Size([83, 32])
-----------------------------------------batch_pred = model(blocks, batch_inputs) 
 Nvidia-smi: 1.2147216796875 GB
    Memory Allocated: 0.019792556762695312  GigaBytes
Max Memory Allocated: 0.020474910736083984  GigaBytes

----------------------------------------before batch_pred = model(blocks, batch_inputs) 
 Nvidia-smi: 1.2342529296875 GB
    Memory Allocated: 0.020004749298095703  GigaBytes
Max Memory Allocated: 0.035134315490722656  GigaBytes

torch.Size([2010, 500])
torch.Size([440, 32])
-----------------------------------------batch_pred = model(blocks, batch_inputs) 
 Nvidia-smi: 1.3319091796875 GB
    Memory Allocated: 0.1305990219116211  GigaBytes
Max Memory Allocated: 0.13762235641479492  GigaBytes

----------------------------------------before batch_pred = model(blocks, batch_inputs) 
 Nvidia-smi: 1.3319091796875 GB
    Memory Allocated: 0.0170135498046875  GigaBytes
Max Memory Allocated: 0.1421375274658203  GigaBytes

torch.Size([418, 500])
torch.Size([114, 32])
-----------------------------------------batch_pred = model(blocks, batch_inputs) 
 Nvidia-smi: 1.3319091796875 GB
    Memory Allocated: 0.036820411682128906  GigaBytes
Max Memory Allocated: 0.1421375274658203  GigaBytes

----------------------------------------before batch_pred = model(blocks, batch_inputs) 
 Nvidia-smi: 1.3319091796875 GB
    Memory Allocated: 0.019298076629638672  GigaBytes
Max Memory Allocated: 0.1421375274658203  GigaBytes

torch.Size([1627, 500])
torch.Size([390, 32])
-----------------------------------------batch_pred = model(blocks, batch_inputs) 
 Nvidia-smi: 1.3553466796875 GB
    Memory Allocated: 0.15501880645751953  GigaBytes
Max Memory Allocated: 0.16522216796875  GigaBytes

----------------------------------------before batch_pred = model(blocks, batch_inputs) 
 Nvidia-smi: 1.3553466796875 GB
    Memory Allocated: 0.01706218719482422  GigaBytes
Max Memory Allocated: 0.16522216796875  GigaBytes

torch.Size([444, 500])
torch.Size([113, 32])
-----------------------------------------batch_pred = model(blocks, batch_inputs) 
 Nvidia-smi: 1.3553466796875 GB
    Memory Allocated: 0.03923845291137695  GigaBytes
Max Memory Allocated: 0.16522216796875  GigaBytes

----------------------------------------before batch_pred = model(blocks, batch_inputs) 
 Nvidia-smi: 1.3553466796875 GB
    Memory Allocated: 0.017215728759765625  GigaBytes
Max Memory Allocated: 0.16522216796875  GigaBytes

torch.Size([526, 500])
torch.Size([134, 32])
-----------------------------------------batch_pred = model(blocks, batch_inputs) 
 Nvidia-smi: 1.3553466796875 GB
    Memory Allocated: 0.04113912582397461  GigaBytes
Max Memory Allocated: 0.16522216796875  GigaBytes

----------------------------------------before batch_pred = model(blocks, batch_inputs) 
 Nvidia-smi: 1.3553466796875 GB
    Memory Allocated: 0.017068862915039062  GigaBytes
Max Memory Allocated: 0.16522216796875  GigaBytes

torch.Size([447, 500])
torch.Size([145, 32])
-----------------------------------------batch_pred = model(blocks, batch_inputs) 
 Nvidia-smi: 1.3553466796875 GB
    Memory Allocated: 0.042120933532714844  GigaBytes
Max Memory Allocated: 0.16522216796875  GigaBytes

----------------------------------------before batch_pred = model(blocks, batch_inputs) 
 Nvidia-smi: 1.3553466796875 GB
    Memory Allocated: 0.0177459716796875  GigaBytes
Max Memory Allocated: 0.16522216796875  GigaBytes

torch.Size([808, 500])
torch.Size([195, 32])
-----------------------------------------batch_pred = model(blocks, batch_inputs) 
 Nvidia-smi: 1.3553466796875 GB
    Memory Allocated: 0.06112480163574219  GigaBytes
Max Memory Allocated: 0.16522216796875  GigaBytes

----------------------------------------before batch_pred = model(blocks, batch_inputs) 
 Nvidia-smi: 1.3553466796875 GB
    Memory Allocated: 0.016457557678222656  GigaBytes
Max Memory Allocated: 0.16522216796875  GigaBytes

torch.Size([122, 500])
torch.Size([50, 32])
-----------------------------------------batch_pred = model(blocks, batch_inputs) 
 Nvidia-smi: 1.3553466796875 GB
    Memory Allocated: 0.022087574005126953  GigaBytes
Max Memory Allocated: 0.16522216796875  GigaBytes

----------------------------------------before batch_pred = model(blocks, batch_inputs) 
 Nvidia-smi: 1.3553466796875 GB
    Memory Allocated: 0.019116878509521484  GigaBytes
Max Memory Allocated: 0.16522216796875  GigaBytes

torch.Size([1538, 500])
torch.Size([370, 32])
-----------------------------------------batch_pred = model(blocks, batch_inputs) 
 Nvidia-smi: 1.3553466796875 GB
    Memory Allocated: 0.10182476043701172  GigaBytes
Max Memory Allocated: 0.16522216796875  GigaBytes

----------------------------------------before batch_pred = model(blocks, batch_inputs) 
 Nvidia-smi: 1.3553466796875 GB
    Memory Allocated: 0.01946878433227539  GigaBytes
Max Memory Allocated: 0.16522216796875  GigaBytes

torch.Size([1728, 500])
torch.Size([258, 32])
-----------------------------------------batch_pred = model(blocks, batch_inputs) 
 Nvidia-smi: 1.3553466796875 GB
    Memory Allocated: 0.09750747680664062  GigaBytes
Max Memory Allocated: 0.16522216796875  GigaBytes

----------------------------------------before batch_pred = model(blocks, batch_inputs) 
 Nvidia-smi: 1.3553466796875 GB
    Memory Allocated: 0.017605304718017578  GigaBytes
Max Memory Allocated: 0.16522216796875  GigaBytes

torch.Size([612, 500])
torch.Size([118, 32])
-----------------------------------------batch_pred = model(blocks, batch_inputs) 
 Nvidia-smi: 1.3553466796875 GB
    Memory Allocated: 0.05245494842529297  GigaBytes
Max Memory Allocated: 0.16522216796875  GigaBytes

----------------------------------------before batch_pred = model(blocks, batch_inputs) 
 Nvidia-smi: 1.3553466796875 GB
    Memory Allocated: 0.016931533813476562  GigaBytes
Max Memory Allocated: 0.16522216796875  GigaBytes

torch.Size([375, 500])
torch.Size([63, 32])
-----------------------------------------batch_pred = model(blocks, batch_inputs) 
 Nvidia-smi: 1.3553466796875 GB
    Memory Allocated: 0.03238248825073242  GigaBytes
Max Memory Allocated: 0.16522216796875  GigaBytes

----------------------------------------before batch_pred = model(blocks, batch_inputs) 
 Nvidia-smi: 1.3553466796875 GB
    Memory Allocated: 0.01983165740966797  GigaBytes
Max Memory Allocated: 0.16522216796875  GigaBytes

torch.Size([1910, 500])
torch.Size([455, 32])
-----------------------------------------batch_pred = model(blocks, batch_inputs) 
 Nvidia-smi: 1.4041748046875 GB
    Memory Allocated: 0.1796398162841797  GigaBytes
Max Memory Allocated: 0.19214487075805664  GigaBytes

----------------------------------------before batch_pred = model(blocks, batch_inputs) 
 Nvidia-smi: 1.4041748046875 GB
    Memory Allocated: 0.017646312713623047  GigaBytes
Max Memory Allocated: 0.19214487075805664  GigaBytes

torch.Size([755, 500])
torch.Size([151, 32])
-----------------------------------------batch_pred = model(blocks, batch_inputs) 
 Nvidia-smi: 1.4041748046875 GB
    Memory Allocated: 0.056600093841552734  GigaBytes
Max Memory Allocated: 0.19214487075805664  GigaBytes

times | data loading | block to device | model prediction | loss calculation | loss backward |  optimizer step |
      |0.0028219699859619142 |0.02397778828938802 |0.10621212323506674 |0.00012539227803548176 |0.08145235379536947 |0.010226249694824219 |
----------------------------------------------------------pseudo_mini_loss sum 2.2270336151123047
 Run 0| Epoch 0 |
Number of nodes for computation during this epoch:  17012
Number of first layer input nodes during this epoch:  13576
----------------------------------------before generate_dataloader_block 
 Nvidia-smi: 1.4041748046875 GB
    Memory Allocated: 0.03388690948486328  GigaBytes
Max Memory Allocated: 0.19214487075805664  GigaBytes

The real block id is  2
get_global_graph_edges_ids_block function  spend 0.0005192756652832031
range selection method range initialization spend 5.53131103515625e-05
time for parepare:  5.6743621826171875e-05
local_output_nid generation:  5.4836273193359375e-06
local_in_edges_tensor generation:  0.00017595291137695312
mini_batch_src_global generation:  2.193450927734375e-05
r_  generation:  2.3365020751953125e-05
local_output_nid generation:  4.0531158447265625e-06
local_in_edges_tensor generation:  0.00010752677917480469
mini_batch_src_global generation:  1.621246337890625e-05
r_  generation:  1.7642974853515625e-05
local_output_nid generation:  3.5762786865234375e-06
local_in_edges_tensor generation:  9.989738464355469e-05
mini_batch_src_global generation:  1.5497207641601562e-05
r_  generation:  2.384185791015625e-05
local_output_nid generation:  3.337860107421875e-06
local_in_edges_tensor generation:  0.00010037422180175781
mini_batch_src_global generation:  1.7404556274414062e-05
r_  generation:  2.6464462280273438e-05
local_output_nid generation:  3.0994415283203125e-06
local_in_edges_tensor generation:  9.822845458984375e-05
mini_batch_src_global generation:  1.5974044799804688e-05
r_  generation:  1.6927719116210938e-05
local_output_nid generation:  2.6226043701171875e-06
local_in_edges_tensor generation:  9.822845458984375e-05
mini_batch_src_global generation:  1.430511474609375e-05
r_  generation:  1.3113021850585938e-05
local_output_nid generation:  3.0994415283203125e-06
local_in_edges_tensor generation:  9.775161743164062e-05
mini_batch_src_global generation:  1.52587890625e-05
r_  generation:  1.7404556274414062e-05
local_output_nid generation:  3.337860107421875e-06
local_in_edges_tensor generation:  9.870529174804688e-05
mini_batch_src_global generation:  1.4781951904296875e-05
r_  generation:  1.7404556274414062e-05
local_output_nid generation:  3.0994415283203125e-06
local_in_edges_tensor generation:  9.632110595703125e-05
mini_batch_src_global generation:  1.5497207641601562e-05
r_  generation:  1.3589859008789062e-05
local_output_nid generation:  3.337860107421875e-06
local_in_edges_tensor generation:  9.799003601074219e-05
mini_batch_src_global generation:  1.4781951904296875e-05
r_  generation:  1.5735626220703125e-05
local_output_nid generation:  3.337860107421875e-06
local_in_edges_tensor generation:  9.5367431640625e-05
mini_batch_src_global generation:  1.430511474609375e-05
r_  generation:  1.621246337890625e-05
local_output_nid generation:  3.337860107421875e-06
local_in_edges_tensor generation:  9.751319885253906e-05
mini_batch_src_global generation:  1.4781951904296875e-05
r_  generation:  2.1696090698242188e-05
local_output_nid generation:  3.337860107421875e-06
local_in_edges_tensor generation:  9.703636169433594e-05
mini_batch_src_global generation:  1.621246337890625e-05
r_  generation:  2.4318695068359375e-05
local_output_nid generation:  2.6226043701171875e-06
local_in_edges_tensor generation:  0.00010728836059570312
mini_batch_src_global generation:  1.7404556274414062e-05
r_  generation:  2.3603439331054688e-05
local_output_nid generation:  3.337860107421875e-06
local_in_edges_tensor generation:  9.870529174804688e-05
mini_batch_src_global generation:  1.5735626220703125e-05
r_  generation:  2.002716064453125e-05
----------------------check_connections_block total spend ----------------------------- 0.0027794837951660156
generate_one_block  0.001146554946899414
generate_one_block  0.0010728836059570312
generate_one_block  0.0010731220245361328
generate_one_block  0.001096487045288086
generate_one_block  0.0010683536529541016
generate_one_block  0.0010657310485839844
generate_one_block  0.0010809898376464844
generate_one_block  0.0010695457458496094
generate_one_block  0.0010607242584228516
generate_one_block  0.0011587142944335938
generate_one_block  0.0010714530944824219
generate_one_block  0.0010743141174316406
generate_one_block  0.001081228256225586
generate_one_block  0.0010919570922851562
generate_one_block  0.0010485649108886719
The real block id is  1
get_global_graph_edges_ids_block function  spend 0.0006222724914550781
gen group dst list time:  8.368492126464844e-05
time for parepare:  0.0002694129943847656
local_output_nid generation:  2.1457672119140625e-06
local_in_edges_tensor generation:  0.00017595291137695312
mini_batch_src_global generation:  2.4318695068359375e-05
r_  generation:  5.125999450683594e-05
local_output_nid generation:  3.337860107421875e-06
local_in_edges_tensor generation:  0.00010991096496582031
mini_batch_src_global generation:  2.2649765014648438e-05
r_  generation:  7.557868957519531e-05
local_output_nid generation:  4.0531158447265625e-06
local_in_edges_tensor generation:  0.00011968612670898438
mini_batch_src_global generation:  2.9087066650390625e-05
r_  generation:  0.00015044212341308594
local_output_nid generation:  5.7220458984375e-06
local_in_edges_tensor generation:  0.00012040138244628906
mini_batch_src_global generation:  2.9087066650390625e-05
r_  generation:  0.00013399124145507812
local_output_nid generation:  3.337860107421875e-06
local_in_edges_tensor generation:  0.00011229515075683594
mini_batch_src_global generation:  2.5033950805664062e-05
r_  generation:  8.678436279296875e-05
local_output_nid generation:  2.6226043701171875e-06
local_in_edges_tensor generation:  0.00010585784912109375
mini_batch_src_global generation:  2.193450927734375e-05
r_  generation:  5.745887756347656e-05
local_output_nid generation:  3.337860107421875e-06
local_in_edges_tensor generation:  0.0001087188720703125
mini_batch_src_global generation:  2.7179718017578125e-05
r_  generation:  0.00012612342834472656
local_output_nid generation:  3.5762786865234375e-06
local_in_edges_tensor generation:  0.00010776519775390625
mini_batch_src_global generation:  2.2411346435546875e-05
r_  generation:  6.151199340820312e-05
local_output_nid generation:  2.6226043701171875e-06
local_in_edges_tensor generation:  0.00010609626770019531
mini_batch_src_global generation:  2.193450927734375e-05
r_  generation:  6.246566772460938e-05
local_output_nid generation:  3.337860107421875e-06
local_in_edges_tensor generation:  0.00010514259338378906
mini_batch_src_global generation:  2.3365020751953125e-05
r_  generation:  8.249282836914062e-05
local_output_nid generation:  2.86102294921875e-06
local_in_edges_tensor generation:  0.00010561943054199219
mini_batch_src_global generation:  2.4080276489257812e-05
r_  generation:  0.00010228157043457031
local_output_nid generation:  5.0067901611328125e-06
local_in_edges_tensor generation:  0.00011181831359863281
mini_batch_src_global generation:  3.337860107421875e-05
r_  generation:  0.00018286705017089844
local_output_nid generation:  6.198883056640625e-06
local_in_edges_tensor generation:  0.00011420249938964844
mini_batch_src_global generation:  3.0040740966796875e-05
r_  generation:  0.0001399517059326172
local_output_nid generation:  4.76837158203125e-06
local_in_edges_tensor generation:  0.00011539459228515625
mini_batch_src_global generation:  3.647804260253906e-05
r_  generation:  0.00020313262939453125
local_output_nid generation:  4.0531158447265625e-06
local_in_edges_tensor generation:  0.00011467933654785156
mini_batch_src_global generation:  2.86102294921875e-05
r_  generation:  8.726119995117188e-05
----------------------check_connections_block total spend ----------------------------- 0.004914760589599609
generate_one_block  0.0011556148529052734
generate_one_block  0.0011646747589111328
generate_one_block  0.0012695789337158203
generate_one_block  0.0012412071228027344
generate_one_block  0.0011763572692871094
generate_one_block  0.0011341571807861328
generate_one_block  0.001323699951171875
generate_one_block  0.001140594482421875
generate_one_block  0.0010437965393066406
generate_one_block  0.0010755062103271484
generate_one_block  0.0010952949523925781
generate_one_block  0.0012085437774658203
generate_one_block  0.0022912025451660156
generate_one_block  0.001230001449584961
generate_one_block  0.0010750293731689453
The real block id is  0
get_global_graph_edges_ids_block function  spend 0.0011203289031982422
gen group dst list time:  0.00013971328735351562
time for parepare:  0.0008552074432373047
local_output_nid generation:  1.0967254638671875e-05
local_in_edges_tensor generation:  0.0002448558807373047
mini_batch_src_global generation:  4.029273986816406e-05
r_  generation:  0.00018644332885742188
local_output_nid generation:  1.5974044799804688e-05
local_in_edges_tensor generation:  0.0001442432403564453
mini_batch_src_global generation:  7.557868957519531e-05
r_  generation:  0.0004589557647705078
local_output_nid generation:  3.695487976074219e-05
local_in_edges_tensor generation:  0.00017452239990234375
mini_batch_src_global generation:  0.00010347366333007812
r_  generation:  0.0007922649383544922
local_output_nid generation:  2.2649765014648438e-05
local_in_edges_tensor generation:  0.00016808509826660156
mini_batch_src_global generation:  8.0108642578125e-05
r_  generation:  0.0005555152893066406
local_output_nid generation:  1.5020370483398438e-05
local_in_edges_tensor generation:  0.00015020370483398438
mini_batch_src_global generation:  6.341934204101562e-05
r_  generation:  0.00037598609924316406
local_output_nid generation:  1.1920928955078125e-05
local_in_edges_tensor generation:  0.0001385211944580078
mini_batch_src_global generation:  5.125999450683594e-05
r_  generation:  0.0003371238708496094
local_output_nid generation:  3.0040740966796875e-05
local_in_edges_tensor generation:  0.00016570091247558594
mini_batch_src_global generation:  0.00010251998901367188
r_  generation:  0.000904083251953125
local_output_nid generation:  1.049041748046875e-05
local_in_edges_tensor generation:  0.00014448165893554688
mini_batch_src_global generation:  6.270408630371094e-05
r_  generation:  0.00026535987854003906
local_output_nid generation:  1.3589859008789062e-05
local_in_edges_tensor generation:  0.0001418590545654297
mini_batch_src_global generation:  5.2928924560546875e-05
r_  generation:  0.0003857612609863281
local_output_nid generation:  1.9550323486328125e-05
local_in_edges_tensor generation:  0.0001480579376220703
mini_batch_src_global generation:  7.486343383789062e-05
r_  generation:  0.0005786418914794922
local_output_nid generation:  2.2649765014648438e-05
local_in_edges_tensor generation:  0.00015807151794433594
mini_batch_src_global generation:  7.510185241699219e-05
r_  generation:  0.0005857944488525391
local_output_nid generation:  3.2901763916015625e-05
local_in_edges_tensor generation:  0.000179290771484375
mini_batch_src_global generation:  0.00014972686767578125
r_  generation:  0.0012755393981933594
local_output_nid generation:  2.6464462280273438e-05
local_in_edges_tensor generation:  0.00017070770263671875
mini_batch_src_global generation:  0.00010800361633300781
r_  generation:  0.0007517337799072266
local_output_nid generation:  4.172325134277344e-05
local_in_edges_tensor generation:  0.0001983642578125
mini_batch_src_global generation:  0.00015020370483398438
r_  generation:  0.0014069080352783203
local_output_nid generation:  1.71661376953125e-05
local_in_edges_tensor generation:  0.0001513957977294922
mini_batch_src_global generation:  8.106231689453125e-05
r_  generation:  0.00039124488830566406
----------------------check_connections_block total spend ----------------------------- 0.017182350158691406
generate_one_block  0.001401662826538086
generate_one_block  0.0017294883728027344
generate_one_block  0.0021216869354248047
generate_one_block  0.0017483234405517578
generate_one_block  0.0014128684997558594
generate_one_block  0.001386880874633789
generate_one_block  0.00222015380859375
generate_one_block  0.001280069351196289
generate_one_block  0.0015168190002441406
generate_one_block  0.001712799072265625
generate_one_block  0.0016825199127197266
generate_one_block  0.002572774887084961
generate_one_block  0.0018775463104248047
generate_one_block  0.002721548080444336
generate_one_block  0.0014262199401855469
-----------------------------------------after block dataloader generation 
 Nvidia-smi: 1.4041748046875 GB
    Memory Allocated: 0.03388690948486328  GigaBytes
Max Memory Allocated: 0.19214487075805664  GigaBytes

connection checking time:  0.022097110748291016
block generation total time  0.04543662071228027
average batch blocks generation time:  0.0030291080474853516
block dataloader generation time/epoch 0.1351921558380127
----------------------------------------before batch_pred = model(blocks, batch_inputs) 
 Nvidia-smi: 1.4041748046875 GB
    Memory Allocated: 0.03308248519897461  GigaBytes
Max Memory Allocated: 0.19214487075805664  GigaBytes

torch.Size([338, 500])
torch.Size([75, 32])
-----------------------------------------batch_pred = model(blocks, batch_inputs) 
 Nvidia-smi: 1.4041748046875 GB
    Memory Allocated: 0.04715108871459961  GigaBytes
Max Memory Allocated: 0.19214487075805664  GigaBytes

----------------------------------------before batch_pred = model(blocks, batch_inputs) 
 Nvidia-smi: 1.4041748046875 GB
    Memory Allocated: 0.03410816192626953  GigaBytes
Max Memory Allocated: 0.19214487075805664  GigaBytes

torch.Size([884, 500])
torch.Size([150, 32])
-----------------------------------------batch_pred = model(blocks, batch_inputs) 
 Nvidia-smi: 1.4041748046875 GB
    Memory Allocated: 0.07452726364135742  GigaBytes
Max Memory Allocated: 0.19214487075805664  GigaBytes

----------------------------------------before batch_pred = model(blocks, batch_inputs) 
 Nvidia-smi: 1.4041748046875 GB
    Memory Allocated: 0.03494739532470703  GigaBytes
Max Memory Allocated: 0.19214487075805664  GigaBytes

torch.Size([1330, 500])
torch.Size([349, 32])
-----------------------------------------batch_pred = model(blocks, batch_inputs) 
 Nvidia-smi: 1.4041748046875 GB
    Memory Allocated: 0.10273075103759766  GigaBytes
Max Memory Allocated: 0.19214487075805664  GigaBytes

----------------------------------------before batch_pred = model(blocks, batch_inputs) 
 Nvidia-smi: 1.4041748046875 GB
    Memory Allocated: 0.03411102294921875  GigaBytes
Max Memory Allocated: 0.19214487075805664  GigaBytes

torch.Size([883, 500])
torch.Size([222, 32])
-----------------------------------------batch_pred = model(blocks, batch_inputs) 
 Nvidia-smi: 1.4041748046875 GB
    Memory Allocated: 0.08129310607910156  GigaBytes
Max Memory Allocated: 0.19214487075805664  GigaBytes

----------------------------------------before batch_pred = model(blocks, batch_inputs) 
 Nvidia-smi: 1.4041748046875 GB
    Memory Allocated: 0.0334320068359375  GigaBytes
Max Memory Allocated: 0.19214487075805664  GigaBytes

torch.Size([522, 500])
torch.Size([149, 32])
-----------------------------------------batch_pred = model(blocks, batch_inputs) 
 Nvidia-smi: 1.4041748046875 GB
    Memory Allocated: 0.06418752670288086  GigaBytes
Max Memory Allocated: 0.19214487075805664  GigaBytes

----------------------------------------before batch_pred = model(blocks, batch_inputs) 
 Nvidia-smi: 1.4041748046875 GB
    Memory Allocated: 0.03349494934082031  GigaBytes
Max Memory Allocated: 0.19214487075805664  GigaBytes

torch.Size([557, 500])
torch.Size([115, 32])
-----------------------------------------batch_pred = model(blocks, batch_inputs) 
 Nvidia-smi: 1.4041748046875 GB
    Memory Allocated: 0.0618433952331543  GigaBytes
Max Memory Allocated: 0.19214487075805664  GigaBytes

----------------------------------------before batch_pred = model(blocks, batch_inputs) 
 Nvidia-smi: 1.4041748046875 GB
    Memory Allocated: 0.03577995300292969  GigaBytes
Max Memory Allocated: 0.19214487075805664  GigaBytes

torch.Size([1775, 500])
torch.Size([281, 32])
-----------------------------------------batch_pred = model(blocks, batch_inputs) 
 Nvidia-smi: 1.4041748046875 GB
    Memory Allocated: 0.11953401565551758  GigaBytes
Max Memory Allocated: 0.19214487075805664  GigaBytes

----------------------------------------before batch_pred = model(blocks, batch_inputs) 
 Nvidia-smi: 1.4041748046875 GB
    Memory Allocated: 0.033188819885253906  GigaBytes
Max Memory Allocated: 0.19214487075805664  GigaBytes

torch.Size([394, 500])
torch.Size([96, 32])
-----------------------------------------batch_pred = model(blocks, batch_inputs) 
 Nvidia-smi: 1.4041748046875 GB
    Memory Allocated: 0.05216217041015625  GigaBytes
Max Memory Allocated: 0.19214487075805664  GigaBytes

----------------------------------------before batch_pred = model(blocks, batch_inputs) 
 Nvidia-smi: 1.4041748046875 GB
    Memory Allocated: 0.03364706039428711  GigaBytes
Max Memory Allocated: 0.19214487075805664  GigaBytes

torch.Size([637, 500])
torch.Size([134, 32])
-----------------------------------------batch_pred = model(blocks, batch_inputs) 
 Nvidia-smi: 1.4041748046875 GB
    Memory Allocated: 0.06828546524047852  GigaBytes
Max Memory Allocated: 0.19214487075805664  GigaBytes

----------------------------------------before batch_pred = model(blocks, batch_inputs) 
 Nvidia-smi: 1.4041748046875 GB
    Memory Allocated: 0.034420013427734375  GigaBytes
Max Memory Allocated: 0.19214487075805664  GigaBytes

torch.Size([1050, 500])
torch.Size([166, 32])
-----------------------------------------batch_pred = model(blocks, batch_inputs) 
 Nvidia-smi: 1.4041748046875 GB
    Memory Allocated: 0.0859074592590332  GigaBytes
Max Memory Allocated: 0.19214487075805664  GigaBytes

----------------------------------------before batch_pred = model(blocks, batch_inputs) 
 Nvidia-smi: 1.4041748046875 GB
    Memory Allocated: 0.03419923782348633  GigaBytes
Max Memory Allocated: 0.19214487075805664  GigaBytes

torch.Size([931, 500])
torch.Size([210, 32])
-----------------------------------------batch_pred = model(blocks, batch_inputs) 
 Nvidia-smi: 1.4041748046875 GB
    Memory Allocated: 0.08416986465454102  GigaBytes
Max Memory Allocated: 0.19214487075805664  GigaBytes

----------------------------------------before batch_pred = model(blocks, batch_inputs) 
 Nvidia-smi: 1.4041748046875 GB
    Memory Allocated: 0.03505992889404297  GigaBytes
Max Memory Allocated: 0.19214487075805664  GigaBytes

torch.Size([1338, 500])
torch.Size([326, 32])
-----------------------------------------batch_pred = model(blocks, batch_inputs) 
 Nvidia-smi: 1.4041748046875 GB
    Memory Allocated: 0.1611928939819336  GigaBytes
Max Memory Allocated: 0.19214487075805664  GigaBytes

----------------------------------------before batch_pred = model(blocks, batch_inputs) 
 Nvidia-smi: 1.4041748046875 GB
    Memory Allocated: 0.03488492965698242  GigaBytes
Max Memory Allocated: 0.19214487075805664  GigaBytes

torch.Size([1297, 500])
torch.Size([269, 32])
-----------------------------------------batch_pred = model(blocks, batch_inputs) 
 Nvidia-smi: 1.4041748046875 GB
    Memory Allocated: 0.100738525390625  GigaBytes
Max Memory Allocated: 0.19214487075805664  GigaBytes

----------------------------------------before batch_pred = model(blocks, batch_inputs) 
 Nvidia-smi: 1.4041748046875 GB
    Memory Allocated: 0.03567314147949219  GigaBytes
Max Memory Allocated: 0.19214487075805664  GigaBytes

torch.Size([1710, 500])
torch.Size([407, 32])
-----------------------------------------batch_pred = model(blocks, batch_inputs) 
 Nvidia-smi: 1.4041748046875 GB
    Memory Allocated: 0.16812944412231445  GigaBytes
Max Memory Allocated: 0.19214487075805664  GigaBytes

----------------------------------------before batch_pred = model(blocks, batch_inputs) 
 Nvidia-smi: 1.4237060546875 GB
    Memory Allocated: 0.03430795669555664  GigaBytes
Max Memory Allocated: 0.19214487075805664  GigaBytes

torch.Size([711, 500])
torch.Size([156, 32])
-----------------------------------------batch_pred = model(blocks, batch_inputs) 
 Nvidia-smi: 1.4237060546875 GB
    Memory Allocated: 0.06427621841430664  GigaBytes
Max Memory Allocated: 0.19214487075805664  GigaBytes
Using backend: pytorch

times | data loading | block to device | model prediction | loss calculation | loss backward |  optimizer step |
      |0.004716825485229492 |0.0008264859517415365 |0.07761532465616862 |0.00011801719665527344 |0.08566020329793295 |0.0065288543701171875 |
----------------------------------------------------------pseudo_mini_loss sum 1.4641839265823364
Total (block generation + training)time/epoch 2.702813148498535
Training time/epoch 2.567298650741577
Training time without block to device /epoch 2.554901361465454
Training time without total dataloading part /epoch 2.4574320316314697
load block tensor time/epoch 0.07075238227844238
block to device time/epoch 0.012397289276123047
input features size transfer per epoch 2.0116567611694336e-06
blocks size to device per epoch 1.341104507446289e-06
 Run 0| Epoch 1 |
Number of nodes for computation during this epoch:  17819
Number of first layer input nodes during this epoch:  14357
