main start at this time 1648529627.9187636
-----------------------------------------before load data 
 Nvidia-smi: 0.1717529296875 GB
    Memory Allocated: 0.0  GigaBytes
Max Memory Allocated: 0.0  GigaBytes

  NumNodes: 19717
  NumEdges: 88651
  NumFeats: 500
  NumClasses: 3
  NumTrainingSamples: 60
  NumValidationSamples: 500
  NumTestSamples: 1000
Done loading data from cached files.
success----------------------------------------
60
500
19157
# Nodes: 19717
# Edges: 88648
# Train: 60
# Val: 500
# Test: 19157
# Classes: 3

in feats:  500
----------------------------------------before generate_dataloader_block 
 Nvidia-smi: 1.0369873046875 GB
    Memory Allocated: 0.0076618194580078125  GigaBytes
Max Memory Allocated: 0.0076618194580078125  GigaBytes

The real block id is  2
get_global_graph_edges_ids_block function  spend 0.0006034374237060547
range selection method range initialization spend 9.72747802734375e-05
time for parepare:  4.7206878662109375e-05
local_output_nid generation:  1.9788742065429688e-05
local_in_edges_tensor generation:  0.00018072128295898438
mini_batch_src_global generation:  2.4080276489257812e-05
r_  generation:  0.0013036727905273438
local_output_nid generation:  4.76837158203125e-06
local_in_edges_tensor generation:  0.00013375282287597656
mini_batch_src_global generation:  2.3603439331054688e-05
r_  generation:  3.147125244140625e-05
local_output_nid generation:  4.5299530029296875e-06
local_in_edges_tensor generation:  0.00010418891906738281
mini_batch_src_global generation:  1.621246337890625e-05
r_  generation:  2.4557113647460938e-05
local_output_nid generation:  3.337860107421875e-06
local_in_edges_tensor generation:  9.942054748535156e-05
mini_batch_src_global generation:  1.5020370483398438e-05
r_  generation:  2.1457672119140625e-05
local_output_nid generation:  3.5762786865234375e-06
local_in_edges_tensor generation:  9.822845458984375e-05
mini_batch_src_global generation:  1.4543533325195312e-05
r_  generation:  1.5020370483398438e-05
local_output_nid generation:  3.337860107421875e-06
local_in_edges_tensor generation:  9.72747802734375e-05
mini_batch_src_global generation:  1.4543533325195312e-05
r_  generation:  1.4781951904296875e-05
local_output_nid generation:  3.5762786865234375e-06
local_in_edges_tensor generation:  9.608268737792969e-05
mini_batch_src_global generation:  1.430511474609375e-05
r_  generation:  1.239776611328125e-05
local_output_nid generation:  3.814697265625e-06
local_in_edges_tensor generation:  9.632110595703125e-05
mini_batch_src_global generation:  1.4543533325195312e-05
r_  generation:  1.33514404296875e-05
local_output_nid generation:  3.0994415283203125e-06
local_in_edges_tensor generation:  9.655952453613281e-05
mini_batch_src_global generation:  1.4781951904296875e-05
r_  generation:  1.2636184692382812e-05
local_output_nid generation:  3.0994415283203125e-06
local_in_edges_tensor generation:  9.632110595703125e-05
mini_batch_src_global generation:  1.52587890625e-05
r_  generation:  2.956390380859375e-05
local_output_nid generation:  3.337860107421875e-06
local_in_edges_tensor generation:  0.00010800361633300781
mini_batch_src_global generation:  1.621246337890625e-05
r_  generation:  1.8358230590820312e-05
local_output_nid generation:  3.5762786865234375e-06
local_in_edges_tensor generation:  9.72747802734375e-05
mini_batch_src_global generation:  1.3828277587890625e-05
r_  generation:  1.239776611328125e-05
local_output_nid generation:  3.0994415283203125e-06
local_in_edges_tensor generation:  0.0001506805419921875
mini_batch_src_global generation:  1.5974044799804688e-05
r_  generation:  1.4543533325195312e-05
local_output_nid generation:  3.814697265625e-06
local_in_edges_tensor generation:  0.00010180473327636719
mini_batch_src_global generation:  1.52587890625e-05
r_  generation:  2.5510787963867188e-05
local_output_nid generation:  3.337860107421875e-06
local_in_edges_tensor generation:  9.918212890625e-05
mini_batch_src_global generation:  1.5020370483398438e-05
r_  generation:  1.71661376953125e-05
----------------------check_connections_block total spend ----------------------------- 0.00416254997253418
generate_one_block  0.0011861324310302734
generate_one_block  0.001050710678100586
generate_one_block  0.00104522705078125
generate_one_block  0.001032114028930664
generate_one_block  0.0010135173797607422
generate_one_block  0.001024007797241211
generate_one_block  0.001024007797241211
generate_one_block  0.0010676383972167969
generate_one_block  0.0010187625885009766
generate_one_block  0.001046895980834961
generate_one_block  0.0010294914245605469
generate_one_block  0.0010211467742919922
generate_one_block  0.0010154247283935547
generate_one_block  0.0010402202606201172
generate_one_block  0.001058340072631836
The real block id is  1
get_global_graph_edges_ids_block function  spend 0.0006191730499267578
gen group dst list time:  9.226799011230469e-05
time for parepare:  0.0002658367156982422
local_output_nid generation:  3.337860107421875e-06
local_in_edges_tensor generation:  0.0001804828643798828
mini_batch_src_global generation:  2.3126602172851562e-05
r_  generation:  6.103515625e-05
local_output_nid generation:  7.867813110351562e-06
local_in_edges_tensor generation:  0.00012040138244628906
mini_batch_src_global generation:  3.8623809814453125e-05
r_  generation:  0.0002143383026123047
local_output_nid generation:  3.814697265625e-06
local_in_edges_tensor generation:  0.00011754035949707031
mini_batch_src_global generation:  2.5033950805664062e-05
r_  generation:  8.440017700195312e-05
local_output_nid generation:  3.814697265625e-06
local_in_edges_tensor generation:  0.00011134147644042969
mini_batch_src_global generation:  3.0040740966796875e-05
r_  generation:  0.00019216537475585938
local_output_nid generation:  2.1457672119140625e-06
local_in_edges_tensor generation:  0.00017571449279785156
mini_batch_src_global generation:  2.7418136596679688e-05
r_  generation:  6.723403930664062e-05
local_output_nid generation:  2.6226043701171875e-06
local_in_edges_tensor generation:  0.00011301040649414062
mini_batch_src_global generation:  2.1219253540039062e-05
r_  generation:  6.4849853515625e-05
local_output_nid generation:  1.9073486328125e-06
local_in_edges_tensor generation:  0.00010323524475097656
mini_batch_src_global generation:  1.9311904907226562e-05
r_  generation:  5.91278076171875e-05
local_output_nid generation:  1.9073486328125e-06
local_in_edges_tensor generation:  0.00010347366333007812
mini_batch_src_global generation:  2.0503997802734375e-05
r_  generation:  8.487701416015625e-05
local_output_nid generation:  1.9073486328125e-06
local_in_edges_tensor generation:  9.989738464355469e-05
mini_batch_src_global generation:  1.71661376953125e-05
r_  generation:  3.7670135498046875e-05
local_output_nid generation:  6.198883056640625e-06
local_in_edges_tensor generation:  0.00010704994201660156
mini_batch_src_global generation:  2.5987625122070312e-05
r_  generation:  0.0001773834228515625
local_output_nid generation:  3.0994415283203125e-06
local_in_edges_tensor generation:  0.00010728836059570312
mini_batch_src_global generation:  3.218650817871094e-05
r_  generation:  0.00011420249938964844
local_output_nid generation:  1.9073486328125e-06
local_in_edges_tensor generation:  0.00010704994201660156
mini_batch_src_global generation:  2.0265579223632812e-05
r_  generation:  5.2928924560546875e-05
local_output_nid generation:  1.9073486328125e-06
local_in_edges_tensor generation:  0.00010156631469726562
mini_batch_src_global generation:  1.621246337890625e-05
r_  generation:  4.0531158447265625e-05
local_output_nid generation:  5.0067901611328125e-06
local_in_edges_tensor generation:  0.00010752677917480469
mini_batch_src_global generation:  3.170967102050781e-05
r_  generation:  0.0002353191375732422
local_output_nid generation:  2.86102294921875e-06
local_in_edges_tensor generation:  0.00011134147644042969
mini_batch_src_global generation:  2.5987625122070312e-05
r_  generation:  7.724761962890625e-05
----------------------check_connections_block total spend ----------------------------- 0.004832744598388672
generate_one_block  0.0011010169982910156
generate_one_block  0.0013043880462646484
generate_one_block  0.0011134147644042969
generate_one_block  0.0012874603271484375
generate_one_block  0.0010938644409179688
generate_one_block  0.0011005401611328125
generate_one_block  0.0011472702026367188
generate_one_block  0.001135110855102539
generate_one_block  0.0009603500366210938
generate_one_block  0.0012121200561523438
generate_one_block  0.0010673999786376953
generate_one_block  0.0009942054748535156
generate_one_block  0.0009691715240478516
generate_one_block  0.0013349056243896484
generate_one_block  0.0010616779327392578
The real block id is  0
get_global_graph_edges_ids_block function  spend 0.0012199878692626953
gen group dst list time:  0.00013065338134765625
time for parepare:  0.0008111000061035156
local_output_nid generation:  1.0013580322265625e-05
local_in_edges_tensor generation:  0.0002384185791015625
mini_batch_src_global generation:  3.24249267578125e-05
r_  generation:  0.00018525123596191406
local_output_nid generation:  3.409385681152344e-05
local_in_edges_tensor generation:  0.0001761913299560547
mini_batch_src_global generation:  0.00012040138244628906
r_  generation:  0.0013339519500732422
local_output_nid generation:  1.1205673217773438e-05
local_in_edges_tensor generation:  0.0001404285430908203
mini_batch_src_global generation:  7.200241088867188e-05
r_  generation:  0.00030517578125
local_output_nid generation:  3.123283386230469e-05
local_in_edges_tensor generation:  0.0001811981201171875
mini_batch_src_global generation:  0.00013971328735351562
r_  generation:  0.0015561580657958984
local_output_nid generation:  1.0967254638671875e-05
local_in_edges_tensor generation:  0.00013971328735351562
mini_batch_src_global generation:  7.939338684082031e-05
r_  generation:  0.00031757354736328125
local_output_nid generation:  1.3113021850585938e-05
local_in_edges_tensor generation:  0.0001361370086669922
mini_batch_src_global generation:  4.553794860839844e-05
r_  generation:  0.0003037452697753906
local_output_nid generation:  1.2874603271484375e-05
local_in_edges_tensor generation:  0.00013065338134765625
mini_batch_src_global generation:  4.38690185546875e-05
r_  generation:  0.00032901763916015625
local_output_nid generation:  1.8358230590820312e-05
local_in_edges_tensor generation:  0.0001404285430908203
mini_batch_src_global generation:  6.198883056640625e-05
r_  generation:  0.0005552768707275391
local_output_nid generation:  5.4836273193359375e-06
local_in_edges_tensor generation:  0.00012302398681640625
mini_batch_src_global generation:  3.62396240234375e-05
r_  generation:  0.00010371208190917969
local_output_nid generation:  2.956390380859375e-05
local_in_edges_tensor generation:  0.00015664100646972656
mini_batch_src_global generation:  8.416175842285156e-05
r_  generation:  0.0009610652923583984
local_output_nid generation:  2.384185791015625e-05
local_in_edges_tensor generation:  0.000156402587890625
mini_batch_src_global generation:  0.00011229515075683594
r_  generation:  0.000982046127319336
local_output_nid generation:  1.2636184692382812e-05
local_in_edges_tensor generation:  0.0001423358917236328
mini_batch_src_global generation:  7.700920104980469e-05
r_  generation:  0.0004990100860595703
local_output_nid generation:  7.62939453125e-06
local_in_edges_tensor generation:  0.00012969970703125
mini_batch_src_global generation:  4.744529724121094e-05
r_  generation:  0.00021839141845703125
local_output_nid generation:  4.100799560546875e-05
local_in_edges_tensor generation:  0.00018358230590820312
mini_batch_src_global generation:  0.000164031982421875
r_  generation:  0.0019245147705078125
local_output_nid generation:  1.52587890625e-05
local_in_edges_tensor generation:  0.0001499652862548828
mini_batch_src_global generation:  0.0001049041748046875
r_  generation:  0.0005369186401367188
----------------------check_connections_block total spend ----------------------------- 0.01770758628845215
generate_one_block  0.001417398452758789
generate_one_block  0.0027587413787841797
generate_one_block  0.0012323856353759766
generate_one_block  0.002724885940551758
generate_one_block  0.0012636184692382812
generate_one_block  0.0013499259948730469
generate_one_block  0.0012812614440917969
generate_one_block  0.001538991928100586
generate_one_block  0.0010247230529785156
generate_one_block  0.0020036697387695312
generate_one_block  0.002280712127685547
generate_one_block  0.0014960765838623047
generate_one_block  0.0011856555938720703
generate_one_block  0.003519773483276367
generate_one_block  0.0015101432800292969
-----------------------------------------after block dataloader generation 
 Nvidia-smi: 1.0369873046875 GB
    Memory Allocated: 0.0076618194580078125  GigaBytes
Max Memory Allocated: 0.0076618194580078125  GigaBytes

connection checking time:  0.02254033088684082
block generation total time  0.04347085952758789
average batch blocks generation time:  0.002898057301839193
----------------------------------------before batch_pred = model(blocks, batch_inputs) 
 Nvidia-smi: 1.1014404296875 GB
    Memory Allocated: 0.008242130279541016  GigaBytes
Max Memory Allocated: 0.008242130279541016  GigaBytes

torch.Size([308, 500])
torch.Size([83, 32])
-----------------------------------------batch_pred = model(blocks, batch_inputs) 
 Nvidia-smi: 1.2186279296875 GB
    Memory Allocated: 0.022312641143798828  GigaBytes
Max Memory Allocated: 0.023156166076660156  GigaBytes

----------------------------------------before batch_pred = model(blocks, batch_inputs) 
 Nvidia-smi: 1.2381591796875 GB
    Memory Allocated: 0.019989967346191406  GigaBytes
Max Memory Allocated: 0.03769826889038086  GigaBytes

torch.Size([2236, 500])
torch.Size([440, 32])
-----------------------------------------batch_pred = model(blocks, batch_inputs) 
 Nvidia-smi: 1.3475341796875 GB
    Memory Allocated: 0.1468949317932129  GigaBytes
Max Memory Allocated: 0.15498590469360352  GigaBytes

----------------------------------------before batch_pred = model(blocks, batch_inputs) 
 Nvidia-smi: 1.3494873046875 GB
    Memory Allocated: 0.01621246337890625  GigaBytes
Max Memory Allocated: 0.15967655181884766  GigaBytes

torch.Size([473, 500])
torch.Size([114, 32])
-----------------------------------------batch_pred = model(blocks, batch_inputs) 
 Nvidia-smi: 1.3494873046875 GB
    Memory Allocated: 0.03860616683959961  GigaBytes
Max Memory Allocated: 0.15967655181884766  GigaBytes

----------------------------------------before batch_pred = model(blocks, batch_inputs) 
 Nvidia-smi: 1.3494873046875 GB
    Memory Allocated: 0.01909494400024414  GigaBytes
Max Memory Allocated: 0.15967655181884766  GigaBytes

torch.Size([1770, 500])
torch.Size([390, 32])
-----------------------------------------batch_pred = model(blocks, batch_inputs) 
 Nvidia-smi: 1.3807373046875 GB
    Memory Allocated: 0.17754793167114258  GigaBytes
Max Memory Allocated: 0.187591552734375  GigaBytes

----------------------------------------before batch_pred = model(blocks, batch_inputs) 
 Nvidia-smi: 1.3807373046875 GB
    Memory Allocated: 0.016256332397460938  GigaBytes
Max Memory Allocated: 0.1904768943786621  GigaBytes

torch.Size([496, 500])
torch.Size([113, 32])
-----------------------------------------batch_pred = model(blocks, batch_inputs) 
 Nvidia-smi: 1.3807373046875 GB
    Memory Allocated: 0.04152631759643555  GigaBytes
Max Memory Allocated: 0.1904768943786621  GigaBytes

----------------------------------------before batch_pred = model(blocks, batch_inputs) 
 Nvidia-smi: 1.3807373046875 GB
    Memory Allocated: 0.016360759735107422  GigaBytes
Max Memory Allocated: 0.1904768943786621  GigaBytes

torch.Size([552, 500])
torch.Size([134, 32])
-----------------------------------------batch_pred = model(blocks, batch_inputs) 
 Nvidia-smi: 1.3807373046875 GB
    Memory Allocated: 0.04224205017089844  GigaBytes
Max Memory Allocated: 0.1904768943786621  GigaBytes

----------------------------------------before batch_pred = model(blocks, batch_inputs) 
 Nvidia-smi: 1.3807373046875 GB
    Memory Allocated: 0.016214370727539062  GigaBytes
Max Memory Allocated: 0.1904768943786621  GigaBytes

torch.Size([473, 500])
torch.Size([145, 32])
-----------------------------------------batch_pred = model(blocks, batch_inputs) 
 Nvidia-smi: 1.3807373046875 GB
    Memory Allocated: 0.04331159591674805  GigaBytes
Max Memory Allocated: 0.1904768943786621  GigaBytes

----------------------------------------before batch_pred = model(blocks, batch_inputs) 
 Nvidia-smi: 1.3807373046875 GB
    Memory Allocated: 0.017000675201416016  GigaBytes
Max Memory Allocated: 0.1904768943786621  GigaBytes

torch.Size([892, 500])
torch.Size([195, 32])
-----------------------------------------batch_pred = model(blocks, batch_inputs) 
 Nvidia-smi: 1.3807373046875 GB
    Memory Allocated: 0.06660699844360352  GigaBytes
Max Memory Allocated: 0.1904768943786621  GigaBytes

----------------------------------------before batch_pred = model(blocks, batch_inputs) 
 Nvidia-smi: 1.3807373046875 GB
    Memory Allocated: 0.01559305191040039  GigaBytes
Max Memory Allocated: 0.1904768943786621  GigaBytes

torch.Size([143, 500])
torch.Size([50, 32])
-----------------------------------------batch_pred = model(blocks, batch_inputs) 
 Nvidia-smi: 1.3807373046875 GB
    Memory Allocated: 0.02182292938232422  GigaBytes
Max Memory Allocated: 0.1904768943786621  GigaBytes

----------------------------------------before batch_pred = model(blocks, batch_inputs) 
 Nvidia-smi: 1.3807373046875 GB
    Memory Allocated: 0.019075870513916016  GigaBytes
Max Memory Allocated: 0.1904768943786621  GigaBytes

torch.Size([1633, 500])
torch.Size([370, 32])
-----------------------------------------batch_pred = model(blocks, batch_inputs) 
 Nvidia-smi: 1.3807373046875 GB
    Memory Allocated: 0.10640621185302734  GigaBytes
Max Memory Allocated: 0.1904768943786621  GigaBytes

----------------------------------------before batch_pred = model(blocks, batch_inputs) 
 Nvidia-smi: 1.3807373046875 GB
    Memory Allocated: 0.019979476928710938  GigaBytes
Max Memory Allocated: 0.1904768943786621  GigaBytes

torch.Size([2024, 500])
torch.Size([260, 32])
-----------------------------------------batch_pred = model(blocks, batch_inputs) 
 Nvidia-smi: 1.3807373046875 GB
    Memory Allocated: 0.11322164535522461  GigaBytes
Max Memory Allocated: 0.1904768943786621  GigaBytes

----------------------------------------before batch_pred = model(blocks, batch_inputs) 
 Nvidia-smi: 1.3807373046875 GB
    Memory Allocated: 0.01666545867919922  GigaBytes
Max Memory Allocated: 0.1904768943786621  GigaBytes

torch.Size([713, 500])
torch.Size([117, 32])
-----------------------------------------batch_pred = model(blocks, batch_inputs) 
 Nvidia-smi: 1.3807373046875 GB
    Memory Allocated: 0.06227588653564453  GigaBytes
Max Memory Allocated: 0.1904768943786621  GigaBytes

----------------------------------------before batch_pred = model(blocks, batch_inputs) 
 Nvidia-smi: 1.3807373046875 GB
    Memory Allocated: 0.016147136688232422  GigaBytes
Max Memory Allocated: 0.1904768943786621  GigaBytes

torch.Size([439, 500])
torch.Size([63, 32])
-----------------------------------------batch_pred = model(blocks, batch_inputs) 
 Nvidia-smi: 1.3807373046875 GB
    Memory Allocated: 0.03395652770996094  GigaBytes
Max Memory Allocated: 0.1904768943786621  GigaBytes

----------------------------------------before batch_pred = model(blocks, batch_inputs) 
 Nvidia-smi: 1.3807373046875 GB
    Memory Allocated: 0.02000904083251953  GigaBytes
Max Memory Allocated: 0.1904768943786621  GigaBytes

torch.Size([2138, 500])
torch.Size([455, 32])
-----------------------------------------batch_pred = model(blocks, batch_inputs) 
 Nvidia-smi: 1.4139404296875 GB
    Memory Allocated: 0.2140955924987793  GigaBytes
Max Memory Allocated: 0.2263474464416504  GigaBytes

----------------------------------------before batch_pred = model(blocks, batch_inputs) 
 Nvidia-smi: 1.4158935546875 GB
    Memory Allocated: 0.01699209213256836  GigaBytes
Max Memory Allocated: 0.2263474464416504  GigaBytes

torch.Size([888, 500])
torch.Size([151, 32])
-----------------------------------------batch_pred = model(blocks, batch_inputs) 
 Nvidia-smi: 1.4158935546875 GB
    Memory Allocated: 0.06360101699829102  GigaBytes
Max Memory Allocated: 0.2263474464416504  GigaBytes

times | data loading | block to device | model prediction | loss calculation | loss backward |  optimizer step |
      |0.0025780200958251953 |0.024017794926961263 |0.13662927945454914 |0.00012989044189453124 |0.12988818486531575 |0.008331298828125 |
----------------------------------------------------------pseudo_mini_loss sum 2.2373642921447754
 Run 0| Epoch 0 |
Number of nodes for computation during this epoch:  18615
Number of first layer input nodes during this epoch:  15178
----------------------------------------before generate_dataloader_block 
 Nvidia-smi: 1.4354248046875 GB
    Memory Allocated: 0.033234596252441406  GigaBytes
Max Memory Allocated: 0.2263474464416504  GigaBytes

The real block id is  2
get_global_graph_edges_ids_block function  spend 0.0027217864990234375
range selection method range initialization spend 5.8650970458984375e-05
time for parepare:  6.079673767089844e-05
local_output_nid generation:  5.7220458984375e-06
local_in_edges_tensor generation:  0.0001780986785888672
mini_batch_src_global generation:  2.1696090698242188e-05
r_  generation:  3.0040740966796875e-05
local_output_nid generation:  3.814697265625e-06
local_in_edges_tensor generation:  0.0001049041748046875
mini_batch_src_global generation:  1.6450881958007812e-05
r_  generation:  1.7881393432617188e-05
local_output_nid generation:  3.5762786865234375e-06
local_in_edges_tensor generation:  9.965896606445312e-05
mini_batch_src_global generation:  1.6927719116210938e-05
r_  generation:  2.47955322265625e-05
local_output_nid generation:  3.337860107421875e-06
local_in_edges_tensor generation:  9.965896606445312e-05
mini_batch_src_global generation:  1.8596649169921875e-05
r_  generation:  2.7418136596679688e-05
local_output_nid generation:  2.6226043701171875e-06
local_in_edges_tensor generation:  9.608268737792969e-05
mini_batch_src_global generation:  1.5497207641601562e-05
r_  generation:  1.6689300537109375e-05
local_output_nid generation:  3.0994415283203125e-06
local_in_edges_tensor generation:  9.417533874511719e-05
mini_batch_src_global generation:  1.4781951904296875e-05
r_  generation:  1.2636184692382812e-05
local_output_nid generation:  3.0994415283203125e-06
local_in_edges_tensor generation:  9.489059448242188e-05
mini_batch_src_global generation:  1.5735626220703125e-05
r_  generation:  1.6927719116210938e-05
local_output_nid generation:  3.337860107421875e-06
local_in_edges_tensor generation:  9.417533874511719e-05
mini_batch_src_global generation:  1.5974044799804688e-05
r_  generation:  1.6927719116210938e-05
local_output_nid generation:  3.337860107421875e-06
local_in_edges_tensor generation:  9.34600830078125e-05
mini_batch_src_global generation:  1.430511474609375e-05
r_  generation:  1.33514404296875e-05
local_output_nid generation:  3.0994415283203125e-06
local_in_edges_tensor generation:  9.465217590332031e-05
mini_batch_src_global generation:  1.5020370483398438e-05
r_  generation:  1.5974044799804688e-05
local_output_nid generation:  3.0994415283203125e-06
local_in_edges_tensor generation:  9.298324584960938e-05
mini_batch_src_global generation:  1.430511474609375e-05
r_  generation:  1.4781951904296875e-05
local_output_nid generation:  2.86102294921875e-06
local_in_edges_tensor generation:  9.441375732421875e-05
mini_batch_src_global generation:  1.5974044799804688e-05
r_  generation:  2.1696090698242188e-05
local_output_nid generation:  3.5762786865234375e-06
local_in_edges_tensor generation:  9.703636169433594e-05
mini_batch_src_global generation:  1.6689300537109375e-05
r_  generation:  2.384185791015625e-05
local_output_nid generation:  3.0994415283203125e-06
local_in_edges_tensor generation:  9.441375732421875e-05
mini_batch_src_global generation:  2.574920654296875e-05
r_  generation:  2.3126602172851562e-05
local_output_nid generation:  3.5762786865234375e-06
local_in_edges_tensor generation:  9.918212890625e-05
mini_batch_src_global generation:  1.5735626220703125e-05
r_  generation:  2.0265579223632812e-05
----------------------check_connections_block total spend ----------------------------- 0.002785205841064453
generate_one_block  0.0012083053588867188
generate_one_block  0.0010788440704345703
generate_one_block  0.0010411739349365234
generate_one_block  0.0010504722595214844
generate_one_block  0.0010190010070800781
generate_one_block  0.0010137557983398438
generate_one_block  0.0010318756103515625
generate_one_block  0.001020193099975586
generate_one_block  0.0010182857513427734
generate_one_block  0.0010938644409179688
generate_one_block  0.0010204315185546875
generate_one_block  0.0010199546813964844
generate_one_block  0.0010259151458740234
generate_one_block  0.0009963512420654297
generate_one_block  0.0009772777557373047
The real block id is  1
get_global_graph_edges_ids_block function  spend 0.0015130043029785156
gen group dst list time:  7.987022399902344e-05
time for parepare:  0.0002703666687011719
local_output_nid generation:  2.384185791015625e-06
local_in_edges_tensor generation:  0.0001761913299560547
mini_batch_src_global generation:  2.3603439331054688e-05
r_  generation:  4.8160552978515625e-05
local_output_nid generation:  3.337860107421875e-06
local_in_edges_tensor generation:  0.00010633468627929688
mini_batch_src_global generation:  2.3126602172851562e-05
r_  generation:  8.225440979003906e-05
local_output_nid generation:  4.0531158447265625e-06
local_in_edges_tensor generation:  0.00011301040649414062
mini_batch_src_global generation:  2.8371810913085938e-05
r_  generation:  0.00014972686767578125
local_output_nid generation:  5.0067901611328125e-06
local_in_edges_tensor generation:  0.00011301040649414062
mini_batch_src_global generation:  2.8848648071289062e-05
r_  generation:  0.0001316070556640625
local_output_nid generation:  3.5762786865234375e-06
local_in_edges_tensor generation:  0.00010752677917480469
mini_batch_src_global generation:  2.5510787963867188e-05
r_  generation:  8.463859558105469e-05
local_output_nid generation:  2.1457672119140625e-06
local_in_edges_tensor generation:  0.00010228157043457031
mini_batch_src_global generation:  2.09808349609375e-05
r_  generation:  5.626678466796875e-05
local_output_nid generation:  3.337860107421875e-06
local_in_edges_tensor generation:  0.0001049041748046875
mini_batch_src_global generation:  2.7179718017578125e-05
r_  generation:  0.0001201629638671875
local_output_nid generation:  3.5762786865234375e-06
local_in_edges_tensor generation:  0.00010251998901367188
mini_batch_src_global generation:  2.0742416381835938e-05
r_  generation:  5.888938903808594e-05
local_output_nid generation:  1.9073486328125e-06
local_in_edges_tensor generation:  0.00010204315185546875
mini_batch_src_global generation:  2.1457672119140625e-05
r_  generation:  5.9604644775390625e-05
local_output_nid generation:  3.337860107421875e-06
local_in_edges_tensor generation:  0.0001010894775390625
mini_batch_src_global generation:  2.3603439331054688e-05
r_  generation:  8.0108642578125e-05
local_output_nid generation:  2.86102294921875e-06
local_in_edges_tensor generation:  0.00010418891906738281
mini_batch_src_global generation:  2.4080276489257812e-05
r_  generation:  9.799003601074219e-05
local_output_nid generation:  5.0067901611328125e-06
local_in_edges_tensor generation:  0.00010919570922851562
mini_batch_src_global generation:  3.8623809814453125e-05
r_  generation:  0.0001742839813232422
local_output_nid generation:  6.4373016357421875e-06
local_in_edges_tensor generation:  0.00011157989501953125
mini_batch_src_global generation:  2.9802322387695312e-05
r_  generation:  0.0001347064971923828
local_output_nid generation:  4.5299530029296875e-06
local_in_edges_tensor generation:  0.00011324882507324219
mini_batch_src_global generation:  3.719329833984375e-05
r_  generation:  0.00019550323486328125
local_output_nid generation:  4.0531158447265625e-06
local_in_edges_tensor generation:  0.00011301040649414062
mini_batch_src_global generation:  2.8848648071289062e-05
r_  generation:  8.463859558105469e-05
----------------------check_connections_block total spend ----------------------------- 0.004818439483642578
generate_one_block  0.0010945796966552734
generate_one_block  0.0011200904846191406
generate_one_block  0.0012264251708984375
generate_one_block  0.0011799335479736328
generate_one_block  0.0011169910430908203
generate_one_block  0.0010764598846435547
generate_one_block  0.0012907981872558594
generate_one_block  0.001049041748046875
generate_one_block  0.0010361671447753906
generate_one_block  0.001077890396118164
generate_one_block  0.0010976791381835938
generate_one_block  0.0012021064758300781
generate_one_block  0.0011458396911621094
generate_one_block  0.0012280941009521484
generate_one_block  0.0010597705841064453
The real block id is  0
get_global_graph_edges_ids_block function  spend 0.0013265609741210938
gen group dst list time:  0.00013566017150878906
time for parepare:  0.0009033679962158203
local_output_nid generation:  1.0967254638671875e-05
local_in_edges_tensor generation:  0.0002715587615966797
mini_batch_src_global generation:  4.3392181396484375e-05
r_  generation:  0.00020742416381835938
local_output_nid generation:  1.6927719116210938e-05
local_in_edges_tensor generation:  0.00015044212341308594
mini_batch_src_global generation:  8.106231689453125e-05
r_  generation:  0.0005068778991699219
local_output_nid generation:  3.5762786865234375e-05
local_in_edges_tensor generation:  0.0001785755157470703
mini_batch_src_global generation:  0.00012230873107910156
r_  generation:  0.0008959770202636719
local_output_nid generation:  2.193450927734375e-05
local_in_edges_tensor generation:  0.00016736984252929688
mini_batch_src_global generation:  8.273124694824219e-05
r_  generation:  0.0005757808685302734
local_output_nid generation:  1.52587890625e-05
local_in_edges_tensor generation:  0.00014519691467285156
mini_batch_src_global generation:  6.341934204101562e-05
r_  generation:  0.0003910064697265625
local_output_nid generation:  1.2636184692382812e-05
local_in_edges_tensor generation:  0.00013709068298339844
mini_batch_src_global generation:  5.4836273193359375e-05
r_  generation:  0.0003535747528076172
local_output_nid generation:  2.8848648071289062e-05
local_in_edges_tensor generation:  0.0001671314239501953
mini_batch_src_global generation:  0.00010347366333007812
r_  generation:  0.000997781753540039
local_output_nid generation:  1.1205673217773438e-05
local_in_edges_tensor generation:  0.0001430511474609375
mini_batch_src_global generation:  6.437301635742188e-05
r_  generation:  0.00027680397033691406
local_output_nid generation:  1.4543533325195312e-05
local_in_edges_tensor generation:  0.00014829635620117188
mini_batch_src_global generation:  5.7697296142578125e-05
r_  generation:  0.0004324913024902344
local_output_nid generation:  1.8358230590820312e-05
local_in_edges_tensor generation:  0.00014781951904296875
mini_batch_src_global generation:  8.296966552734375e-05
r_  generation:  0.0006232261657714844
local_output_nid generation:  2.47955322265625e-05
local_in_edges_tensor generation:  0.00016188621520996094
mini_batch_src_global generation:  9.083747863769531e-05
r_  generation:  0.0006167888641357422
local_output_nid generation:  3.600120544433594e-05
local_in_edges_tensor generation:  0.00020074844360351562
mini_batch_src_global generation:  0.00017023086547851562
r_  generation:  0.0014634132385253906
local_output_nid generation:  2.7418136596679688e-05
local_in_edges_tensor generation:  0.00016999244689941406
mini_batch_src_global generation:  0.0001246929168701172
r_  generation:  0.000797271728515625
local_output_nid generation:  4.291534423828125e-05
local_in_edges_tensor generation:  0.00019741058349609375
mini_batch_src_global generation:  0.0001556873321533203
r_  generation:  0.0015254020690917969
local_output_nid generation:  1.6689300537109375e-05
local_in_edges_tensor generation:  0.00014734268188476562
mini_batch_src_global generation:  9.465217590332031e-05
r_  generation:  0.00040984153747558594
----------------------check_connections_block total spend ----------------------------- 0.018529653549194336
generate_one_block  0.001394033432006836
generate_one_block  0.0016982555389404297
generate_one_block  0.0021233558654785156
generate_one_block  0.0018427371978759766
generate_one_block  0.0014395713806152344
generate_one_block  0.0014278888702392578
generate_one_block  0.0024018287658691406
generate_one_block  0.0012936592102050781
generate_one_block  0.0016055107116699219
generate_one_block  0.0018143653869628906
generate_one_block  0.0017542839050292969
generate_one_block  0.0028595924377441406
generate_one_block  0.0019474029541015625
generate_one_block  0.0029420852661132812
generate_one_block  0.0014503002166748047
-----------------------------------------after block dataloader generation 
 Nvidia-smi: 1.4354248046875 GB
    Memory Allocated: 0.033234596252441406  GigaBytes
Max Memory Allocated: 0.2263474464416504  GigaBytes

connection checking time:  0.023348093032836914
block generation total time  0.04499673843383789
average batch blocks generation time:  0.0029997825622558594
block dataloader generation time/epoch 0.16475343704223633
----------------------------------------before batch_pred = model(blocks, batch_inputs) 
 Nvidia-smi: 1.4354248046875 GB
    Memory Allocated: 0.032250404357910156  GigaBytes
Max Memory Allocated: 0.2263474464416504  GigaBytes

torch.Size([376, 500])
torch.Size([75, 32])
-----------------------------------------batch_pred = model(blocks, batch_inputs) 
 Nvidia-smi: 1.4354248046875 GB
    Memory Allocated: 0.0487980842590332  GigaBytes
Max Memory Allocated: 0.2263474464416504  GigaBytes

----------------------------------------before batch_pred = model(blocks, batch_inputs) 
 Nvidia-smi: 1.4354248046875 GB
    Memory Allocated: 0.03348588943481445  GigaBytes
Max Memory Allocated: 0.2263474464416504  GigaBytes

torch.Size([1034, 500])
torch.Size([150, 32])
-----------------------------------------batch_pred = model(blocks, batch_inputs) 
 Nvidia-smi: 1.4354248046875 GB
    Memory Allocated: 0.0810089111328125  GigaBytes
Max Memory Allocated: 0.2263474464416504  GigaBytes

----------------------------------------before batch_pred = model(blocks, batch_inputs) 
 Nvidia-smi: 1.4354248046875 GB
    Memory Allocated: 0.034308433532714844  GigaBytes
Max Memory Allocated: 0.2263474464416504  GigaBytes

torch.Size([1470, 500])
torch.Size([349, 32])
-----------------------------------------batch_pred = model(blocks, batch_inputs) 
 Nvidia-smi: 1.4354248046875 GB
    Memory Allocated: 0.11420679092407227  GigaBytes
Max Memory Allocated: 0.2263474464416504  GigaBytes

----------------------------------------before batch_pred = model(blocks, batch_inputs) 
 Nvidia-smi: 1.4354248046875 GB
    Memory Allocated: 0.03345203399658203  GigaBytes
Max Memory Allocated: 0.2263474464416504  GigaBytes

torch.Size([972, 500])
torch.Size([222, 32])
-----------------------------------------batch_pred = model(blocks, batch_inputs) 
 Nvidia-smi: 1.4354248046875 GB
    Memory Allocated: 0.08533048629760742  GigaBytes
Max Memory Allocated: 0.2263474464416504  GigaBytes

----------------------------------------before batch_pred = model(blocks, batch_inputs) 
 Nvidia-smi: 1.4354248046875 GB
    Memory Allocated: 0.03264904022216797  GigaBytes
Max Memory Allocated: 0.2263474464416504  GigaBytes

torch.Size([587, 500])
torch.Size([149, 32])
-----------------------------------------batch_pred = model(blocks, batch_inputs) 
 Nvidia-smi: 1.4354248046875 GB
    Memory Allocated: 0.06669759750366211  GigaBytes
Max Memory Allocated: 0.2263474464416504  GigaBytes

----------------------------------------before batch_pred = model(blocks, batch_inputs) 
 Nvidia-smi: 1.4354248046875 GB
    Memory Allocated: 0.0327301025390625  GigaBytes
Max Memory Allocated: 0.2263474464416504  GigaBytes

torch.Size([631, 500])
torch.Size([115, 32])
-----------------------------------------batch_pred = model(blocks, batch_inputs) 
 Nvidia-smi: 1.4354248046875 GB
    Memory Allocated: 0.06560564041137695  GigaBytes
Max Memory Allocated: 0.2263474464416504  GigaBytes

----------------------------------------before batch_pred = model(blocks, batch_inputs) 
 Nvidia-smi: 1.4354248046875 GB
    Memory Allocated: 0.03539609909057617  GigaBytes
Max Memory Allocated: 0.2263474464416504  GigaBytes

torch.Size([2052, 500])
torch.Size([280, 32])
-----------------------------------------batch_pred = model(blocks, batch_inputs) 
 Nvidia-smi: 1.4354248046875 GB
    Memory Allocated: 0.13408851623535156  GigaBytes
Max Memory Allocated: 0.2263474464416504  GigaBytes

----------------------------------------before batch_pred = model(blocks, batch_inputs) 
 Nvidia-smi: 1.4354248046875 GB
    Memory Allocated: 0.032392024993896484  GigaBytes
Max Memory Allocated: 0.2263474464416504  GigaBytes

torch.Size([451, 500])
torch.Size([96, 32])
-----------------------------------------batch_pred = model(blocks, batch_inputs) 
 Nvidia-smi: 1.4354248046875 GB
    Memory Allocated: 0.05407428741455078  GigaBytes
Max Memory Allocated: 0.2263474464416504  GigaBytes

----------------------------------------before batch_pred = model(blocks, batch_inputs) 
 Nvidia-smi: 1.4354248046875 GB
    Memory Allocated: 0.03282451629638672  GigaBytes
Max Memory Allocated: 0.2263474464416504  GigaBytes

torch.Size([680, 500])
torch.Size([135, 32])
-----------------------------------------batch_pred = model(blocks, batch_inputs) 
 Nvidia-smi: 1.4354248046875 GB
    Memory Allocated: 0.07411956787109375  GigaBytes
Max Memory Allocated: 0.2263474464416504  GigaBytes

----------------------------------------before batch_pred = model(blocks, batch_inputs) 
 Nvidia-smi: 1.4354248046875 GB
    Memory Allocated: 0.034021854400634766  GigaBytes
Max Memory Allocated: 0.2263474464416504  GigaBytes

torch.Size([1198, 500])
torch.Size([166, 32])
-----------------------------------------batch_pred = model(blocks, batch_inputs) 
 Nvidia-smi: 1.4354248046875 GB
    Memory Allocated: 0.09473896026611328  GigaBytes
Max Memory Allocated: 0.2263474464416504  GigaBytes

----------------------------------------before batch_pred = model(blocks, batch_inputs) 
 Nvidia-smi: 1.4354248046875 GB
    Memory Allocated: 0.033501625061035156  GigaBytes
Max Memory Allocated: 0.2263474464416504  GigaBytes

torch.Size([1041, 500])
torch.Size([210, 32])
-----------------------------------------batch_pred = model(blocks, batch_inputs) 
 Nvidia-smi: 1.4354248046875 GB
    Memory Allocated: 0.09003353118896484  GigaBytes
Max Memory Allocated: 0.2263474464416504  GigaBytes

----------------------------------------before batch_pred = model(blocks, batch_inputs) 
 Nvidia-smi: 1.4354248046875 GB
    Memory Allocated: 0.035315513610839844  GigaBytes
Max Memory Allocated: 0.2263474464416504  GigaBytes

torch.Size([1485, 500])
torch.Size([326, 32])
-----------------------------------------batch_pred = model(blocks, batch_inputs) 
 Nvidia-smi: 1.4354248046875 GB
    Memory Allocated: 0.19025468826293945  GigaBytes
Max Memory Allocated: 0.2263474464416504  GigaBytes

----------------------------------------before batch_pred = model(blocks, batch_inputs) 
 Nvidia-smi: 1.4354248046875 GB
    Memory Allocated: 0.034224510192871094  GigaBytes
Max Memory Allocated: 0.2263474464416504  GigaBytes

torch.Size([1427, 500])
torch.Size([269, 32])
-----------------------------------------batch_pred = model(blocks, batch_inputs) 
 Nvidia-smi: 1.4354248046875 GB
    Memory Allocated: 0.10528326034545898  GigaBytes
Max Memory Allocated: 0.2263474464416504  GigaBytes

----------------------------------------before batch_pred = model(blocks, batch_inputs) 
 Nvidia-smi: 1.4354248046875 GB
    Memory Allocated: 0.03531646728515625  GigaBytes
Max Memory Allocated: 0.2263474464416504  GigaBytes

torch.Size([1879, 500])
torch.Size([407, 32])
-----------------------------------------batch_pred = model(blocks, batch_inputs) 
 Nvidia-smi: 1.4354248046875 GB
    Memory Allocated: 0.19234561920166016  GigaBytes
Max Memory Allocated: 0.2263474464416504  GigaBytes

----------------------------------------before batch_pred = model(blocks, batch_inputs) 
 Nvidia-smi: 1.4354248046875 GB
    Memory Allocated: 0.03296041488647461  GigaBytes
Max Memory Allocated: 0.2263474464416504  GigaBytes

torch.Size([754, 500])
torch.Size([156, 32])
-----------------------------------------batch_pred = model(blocks, batch_inputs) 
 Nvidia-smi: 1.4354248046875 GB
    Memory Allocated: 0.06529474258422852  GigaBytes
Max Memory Allocated: 0.2263474464416504  GigaBytes
Using backend: pytorch

times | data loading | block to device | model prediction | loss calculation | loss backward |  optimizer step |
      |0.002342478434244792 |0.0008681774139404297 |0.11277793248494467 |0.00012146631876627604 |0.14238169987996419 |0.006788492202758789 |
----------------------------------------------------------pseudo_mini_loss sum 1.3550148010253906
Total (block generation + training)time/epoch 4.076596260070801
Training time/epoch 3.911531686782837
Training time without block to device /epoch 3.8985090255737305
Training time without total dataloading part /epoch 3.8360049724578857
load block tensor time/epoch 0.035137176513671875
block to device time/epoch 0.013022661209106445
input features size transfer per epoch 2.0116567611694336e-06
blocks size to device per epoch 1.341104507446289e-06
 Run 0| Epoch 1 |
Number of nodes for computation during this epoch:  19499
Number of first layer input nodes during this epoch:  16037
