main start at this time 1648531057.4026427
-----------------------------------------before load data 
 Nvidia-smi: 0.1717529296875 GB
    Memory Allocated: 0.0  GigaBytes
Max Memory Allocated: 0.0  GigaBytes

  NumNodes: 19717
  NumEdges: 88651
  NumFeats: 500
  NumClasses: 3
  NumTrainingSamples: 60
  NumValidationSamples: 500
  NumTestSamples: 1000
Done loading data from cached files.
success----------------------------------------
60
500
19157
# Nodes: 19717
# Edges: 88648
# Train: 60
# Val: 500
# Test: 19157
# Classes: 3

in feats:  500
----------------------------------------before generate_dataloader_block 
 Nvidia-smi: 1.0369873046875 GB
    Memory Allocated: 0.007703304290771484  GigaBytes
Max Memory Allocated: 0.007703304290771484  GigaBytes

The real block id is  3
get_global_graph_edges_ids_block function  spend 0.002120494842529297
random selection method range initialization spend 0.00018072128295898438
time for parepare:  4.4345855712890625e-05
local_output_nid generation:  1.9788742065429688e-05
local_in_edges_tensor generation:  0.0001742839813232422
mini_batch_src_global generation:  2.3126602172851562e-05
r_  generation:  0.0011529922485351562
local_output_nid generation:  4.5299530029296875e-06
local_in_edges_tensor generation:  0.00013303756713867188
mini_batch_src_global generation:  2.1219253540039062e-05
r_  generation:  1.9788742065429688e-05
local_output_nid generation:  4.291534423828125e-06
local_in_edges_tensor generation:  9.918212890625e-05
mini_batch_src_global generation:  1.5497207641601562e-05
r_  generation:  2.3603439331054688e-05
local_output_nid generation:  3.337860107421875e-06
local_in_edges_tensor generation:  9.393692016601562e-05
mini_batch_src_global generation:  1.430511474609375e-05
r_  generation:  1.6450881958007812e-05
local_output_nid generation:  3.337860107421875e-06
local_in_edges_tensor generation:  9.107589721679688e-05
mini_batch_src_global generation:  1.430511474609375e-05
r_  generation:  2.0742416381835938e-05
local_output_nid generation:  3.337860107421875e-06
local_in_edges_tensor generation:  9.107589721679688e-05
mini_batch_src_global generation:  1.3828277587890625e-05
r_  generation:  1.2159347534179688e-05
local_output_nid generation:  3.337860107421875e-06
local_in_edges_tensor generation:  8.940696716308594e-05
mini_batch_src_global generation:  1.3828277587890625e-05
r_  generation:  2.09808349609375e-05
local_output_nid generation:  3.0994415283203125e-06
local_in_edges_tensor generation:  9.083747863769531e-05
mini_batch_src_global generation:  1.4543533325195312e-05
r_  generation:  1.71661376953125e-05
local_output_nid generation:  3.0994415283203125e-06
local_in_edges_tensor generation:  0.00014901161193847656
mini_batch_src_global generation:  1.6450881958007812e-05
r_  generation:  1.5735626220703125e-05
local_output_nid generation:  3.5762786865234375e-06
local_in_edges_tensor generation:  9.942054748535156e-05
mini_batch_src_global generation:  1.3828277587890625e-05
r_  generation:  1.3828277587890625e-05
local_output_nid generation:  3.337860107421875e-06
local_in_edges_tensor generation:  9.059906005859375e-05
mini_batch_src_global generation:  1.3113021850585938e-05
r_  generation:  1.2874603271484375e-05
local_output_nid generation:  3.0994415283203125e-06
local_in_edges_tensor generation:  8.988380432128906e-05
mini_batch_src_global generation:  1.3828277587890625e-05
r_  generation:  2.0742416381835938e-05
local_output_nid generation:  3.337860107421875e-06
local_in_edges_tensor generation:  9.131431579589844e-05
mini_batch_src_global generation:  1.3589859008789062e-05
r_  generation:  1.5974044799804688e-05
local_output_nid generation:  3.0994415283203125e-06
local_in_edges_tensor generation:  9.012222290039062e-05
mini_batch_src_global generation:  1.3113021850585938e-05
r_  generation:  1.239776611328125e-05
local_output_nid generation:  2.6226043701171875e-06
local_in_edges_tensor generation:  8.893013000488281e-05
mini_batch_src_global generation:  1.2874603271484375e-05
r_  generation:  1.33514404296875e-05
----------------------check_connections_block total spend ----------------------------- 0.00383758544921875
generate_one_block  0.0011487007141113281
generate_one_block  0.0009911060333251953
generate_one_block  0.0009906291961669922
generate_one_block  0.0009813308715820312
generate_one_block  0.0009877681732177734
generate_one_block  0.000993967056274414
generate_one_block  0.0010285377502441406
generate_one_block  0.0009775161743164062
generate_one_block  0.0009844303131103516
generate_one_block  0.0009708404541015625
generate_one_block  0.0009698867797851562
generate_one_block  0.0009851455688476562
generate_one_block  0.0009541511535644531
generate_one_block  0.0009582042694091797
generate_one_block  0.0009636878967285156
The real block id is  2
get_global_graph_edges_ids_block function  spend 0.0013539791107177734
gen group dst list time:  8.153915405273438e-05
time for parepare:  0.0002627372741699219
local_output_nid generation:  7.3909759521484375e-06
local_in_edges_tensor generation:  0.0001742839813232422
mini_batch_src_global generation:  4.7206878662109375e-05
r_  generation:  0.0002219676971435547
local_output_nid generation:  2.86102294921875e-06
local_in_edges_tensor generation:  0.00010776519775390625
mini_batch_src_global generation:  2.3365020751953125e-05
r_  generation:  5.555152893066406e-05
local_output_nid generation:  5.0067901611328125e-06
local_in_edges_tensor generation:  0.00010848045349121094
mini_batch_src_global generation:  2.5033950805664062e-05
r_  generation:  0.000133514404296875
local_output_nid generation:  3.5762786865234375e-06
local_in_edges_tensor generation:  0.00010275840759277344
mini_batch_src_global generation:  2.09808349609375e-05
r_  generation:  6.4849853515625e-05
local_output_nid generation:  5.245208740234375e-06
local_in_edges_tensor generation:  0.000102996826171875
mini_batch_src_global generation:  2.6702880859375e-05
r_  generation:  0.0001652240753173828
local_output_nid generation:  2.384185791015625e-06
local_in_edges_tensor generation:  0.00010037422180175781
mini_batch_src_global generation:  2.193450927734375e-05
r_  generation:  6.246566772460938e-05
local_output_nid generation:  5.4836273193359375e-06
local_in_edges_tensor generation:  0.00010442733764648438
mini_batch_src_global generation:  2.6226043701171875e-05
r_  generation:  0.00015735626220703125
local_output_nid generation:  3.337860107421875e-06
local_in_edges_tensor generation:  0.00010347366333007812
mini_batch_src_global generation:  2.3126602172851562e-05
r_  generation:  7.772445678710938e-05
local_output_nid generation:  2.86102294921875e-06
local_in_edges_tensor generation:  9.894371032714844e-05
mini_batch_src_global generation:  2.0742416381835938e-05
r_  generation:  7.534027099609375e-05
local_output_nid generation:  3.0994415283203125e-06
local_in_edges_tensor generation:  9.894371032714844e-05
mini_batch_src_global generation:  1.9311904907226562e-05
r_  generation:  6.198883056640625e-05
local_output_nid generation:  2.1457672119140625e-06
local_in_edges_tensor generation:  9.822845458984375e-05
mini_batch_src_global generation:  1.9073486328125e-05
r_  generation:  6.0558319091796875e-05
local_output_nid generation:  5.0067901611328125e-06
local_in_edges_tensor generation:  9.894371032714844e-05
mini_batch_src_global generation:  2.09808349609375e-05
r_  generation:  0.000118255615234375
local_output_nid generation:  3.5762786865234375e-06
local_in_edges_tensor generation:  0.00010633468627929688
mini_batch_src_global generation:  2.4557113647460938e-05
r_  generation:  0.00012159347534179688
local_output_nid generation:  1.9073486328125e-06
local_in_edges_tensor generation:  0.00010228157043457031
mini_batch_src_global generation:  1.9073486328125e-05
r_  generation:  4.363059997558594e-05
local_output_nid generation:  2.384185791015625e-06
local_in_edges_tensor generation:  9.918212890625e-05
mini_batch_src_global generation:  1.811981201171875e-05
r_  generation:  5.125999450683594e-05
----------------------check_connections_block total spend ----------------------------- 0.004544496536254883
generate_one_block  0.0012857913970947266
generate_one_block  0.0010304450988769531
generate_one_block  0.0012013912200927734
generate_one_block  0.0010728836059570312
generate_one_block  0.0011973381042480469
generate_one_block  0.0011255741119384766
generate_one_block  0.0012142658233642578
generate_one_block  0.001070261001586914
generate_one_block  0.001035451889038086
generate_one_block  0.0010066032409667969
generate_one_block  0.0010061264038085938
generate_one_block  0.0010352134704589844
generate_one_block  0.0010881423950195312
generate_one_block  0.0010013580322265625
generate_one_block  0.0009818077087402344
The real block id is  1
get_global_graph_edges_ids_block function  spend 0.0012271404266357422
gen group dst list time:  0.0001246929168701172
time for parepare:  0.0007710456848144531
local_output_nid generation:  2.765655517578125e-05
local_in_edges_tensor generation:  0.0003018379211425781
mini_batch_src_global generation:  0.0001304149627685547
r_  generation:  0.001421213150024414
local_output_nid generation:  1.1444091796875e-05
local_in_edges_tensor generation:  0.00013709068298339844
mini_batch_src_global generation:  8.225440979003906e-05
r_  generation:  0.00032138824462890625
local_output_nid generation:  2.7894973754882812e-05
local_in_edges_tensor generation:  0.00016307830810546875
mini_batch_src_global generation:  8.487701416015625e-05
r_  generation:  0.0008594989776611328
local_output_nid generation:  1.0728836059570312e-05
local_in_edges_tensor generation:  0.0001342296600341797
mini_batch_src_global generation:  6.699562072753906e-05
r_  generation:  0.0004222393035888672
local_output_nid generation:  3.790855407714844e-05
local_in_edges_tensor generation:  0.000179290771484375
mini_batch_src_global generation:  9.202957153320312e-05
r_  generation:  0.0009853839874267578
local_output_nid generation:  1.239776611328125e-05
local_in_edges_tensor generation:  0.0001628398895263672
mini_batch_src_global generation:  5.984306335449219e-05
r_  generation:  0.000274658203125
local_output_nid generation:  3.075599670410156e-05
local_in_edges_tensor generation:  0.00016379356384277344
mini_batch_src_global generation:  0.00011515617370605469
r_  generation:  0.001207590103149414
local_output_nid generation:  1.3828277587890625e-05
local_in_edges_tensor generation:  0.00014019012451171875
mini_batch_src_global generation:  9.1552734375e-05
r_  generation:  0.0005834102630615234
local_output_nid generation:  1.6450881958007812e-05
local_in_edges_tensor generation:  0.00013589859008789062
mini_batch_src_global generation:  5.7697296142578125e-05
r_  generation:  0.00041937828063964844
local_output_nid generation:  1.2636184692382812e-05
local_in_edges_tensor generation:  0.0001342296600341797
mini_batch_src_global generation:  4.6253204345703125e-05
r_  generation:  0.0002949237823486328
local_output_nid generation:  1.2874603271484375e-05
local_in_edges_tensor generation:  0.0001285076141357422
mini_batch_src_global generation:  4.506111145019531e-05
r_  generation:  0.0003287792205810547
local_output_nid generation:  1.7642974853515625e-05
local_in_edges_tensor generation:  0.00013375282287597656
mini_batch_src_global generation:  6.270408630371094e-05
r_  generation:  0.0005152225494384766
local_output_nid generation:  2.384185791015625e-05
local_in_edges_tensor generation:  0.00015091896057128906
mini_batch_src_global generation:  9.059906005859375e-05
r_  generation:  0.000827789306640625
local_output_nid generation:  7.62939453125e-06
local_in_edges_tensor generation:  0.0001239776611328125
mini_batch_src_global generation:  4.410743713378906e-05
r_  generation:  0.00019884109497070312
local_output_nid generation:  9.298324584960938e-06
local_in_edges_tensor generation:  0.0001285076141357422
mini_batch_src_global generation:  4.458427429199219e-05
r_  generation:  0.0003132820129394531
----------------------check_connections_block total spend ----------------------------- 0.016213417053222656
generate_one_block  0.0030031204223632812
generate_one_block  0.0013720989227294922
generate_one_block  0.0019893646240234375
generate_one_block  0.001596689224243164
generate_one_block  0.0022165775299072266
generate_one_block  0.0012574195861816406
generate_one_block  0.002445697784423828
generate_one_block  0.0017271041870117188
generate_one_block  0.0013763904571533203
generate_one_block  0.001277923583984375
generate_one_block  0.0013382434844970703
generate_one_block  0.0015735626220703125
generate_one_block  0.0023114681243896484
generate_one_block  0.0010788440704345703
generate_one_block  0.0013124942779541016
The real block id is  0
get_global_graph_edges_ids_block function  spend 0.002062082290649414
gen group dst list time:  0.0003027915954589844
time for parepare:  0.0016391277313232422
local_output_nid generation:  0.0001392364501953125
local_in_edges_tensor generation:  0.00067901611328125
mini_batch_src_global generation:  0.0006203651428222656
r_  generation:  0.0050547122955322266
local_output_nid generation:  5.5789947509765625e-05
local_in_edges_tensor generation:  0.00022792816162109375
mini_batch_src_global generation:  0.0003571510314941406
r_  generation:  0.0022211074829101562
local_output_nid generation:  0.00016164779663085938
local_in_edges_tensor generation:  0.0003647804260253906
mini_batch_src_global generation:  0.00037550926208496094
r_  generation:  0.0042688846588134766
local_output_nid generation:  9.250640869140625e-05
local_in_edges_tensor generation:  0.0002703666687011719
mini_batch_src_global generation:  0.0003216266632080078
r_  generation:  0.0030624866485595703
local_output_nid generation:  0.00014781951904296875
local_in_edges_tensor generation:  0.00036787986755371094
mini_batch_src_global generation:  0.0004124641418457031
r_  generation:  0.004543781280517578
local_output_nid generation:  3.337860107421875e-05
local_in_edges_tensor generation:  0.0001647472381591797
mini_batch_src_global generation:  0.00019860267639160156
r_  generation:  0.0009877681732177734
local_output_nid generation:  0.00013494491577148438
local_in_edges_tensor generation:  0.00032448768615722656
mini_batch_src_global generation:  0.0003714561462402344
r_  generation:  0.0045032501220703125
local_output_nid generation:  8.988380432128906e-05
local_in_edges_tensor generation:  0.0002655982971191406
mini_batch_src_global generation:  0.00036835670471191406
r_  generation:  0.0030629634857177734
local_output_nid generation:  5.7697296142578125e-05
local_in_edges_tensor generation:  0.000213623046875
mini_batch_src_global generation:  0.0002646446228027344
r_  generation:  0.002153635025024414
local_output_nid generation:  4.410743713378906e-05
local_in_edges_tensor generation:  0.00017523765563964844
mini_batch_src_global generation:  0.0001678466796875
r_  generation:  0.0013000965118408203
local_output_nid generation:  4.792213439941406e-05
local_in_edges_tensor generation:  0.00018668174743652344
mini_batch_src_global generation:  0.00017833709716796875
r_  generation:  0.001689910888671875
local_output_nid generation:  7.534027099609375e-05
local_in_edges_tensor generation:  0.00023365020751953125
mini_batch_src_global generation:  0.000274658203125
r_  generation:  0.002740144729614258
local_output_nid generation:  0.00013399124145507812
local_in_edges_tensor generation:  0.0003218650817871094
mini_batch_src_global generation:  0.0003991127014160156
r_  generation:  0.004255771636962891
local_output_nid generation:  2.5033950805664062e-05
local_in_edges_tensor generation:  0.0001518726348876953
mini_batch_src_global generation:  0.00017952919006347656
r_  generation:  0.0007567405700683594
local_output_nid generation:  5.316734313964844e-05
local_in_edges_tensor generation:  0.0001900196075439453
mini_batch_src_global generation:  0.00015997886657714844
r_  generation:  0.0017311573028564453
----------------------check_connections_block total spend ----------------------------- 0.06519365310668945
generate_one_block  0.008160114288330078
generate_one_block  0.003633260726928711
generate_one_block  0.006331443786621094
generate_one_block  0.004934549331665039
generate_one_block  0.008015871047973633
generate_one_block  0.0021278858184814453
generate_one_block  0.007091999053955078
generate_one_block  0.005017757415771484
generate_one_block  0.004292488098144531
generate_one_block  0.002623319625854492
generate_one_block  0.0032799243927001953
generate_one_block  0.004851341247558594
generate_one_block  0.007420539855957031
generate_one_block  0.0018265247344970703
generate_one_block  0.003245115280151367
-----------------------------------------after block dataloader generation 
 Nvidia-smi: 1.0369873046875 GB
    Memory Allocated: 0.007703304290771484  GigaBytes
Max Memory Allocated: 0.007703304290771484  GigaBytes

connection checking time:  0.08595156669616699
block generation total time  0.115081787109375
average batch blocks generation time:  0.007672119140625
----------------------------------------before batch_pred = model(blocks, batch_inputs) 
 Nvidia-smi: 1.1014404296875 GB
    Memory Allocated: 0.01783466339111328  GigaBytes
Max Memory Allocated: 0.01783466339111328  GigaBytes

torch.Size([5342, 500])
torch.Size([1656, 32])
torch.Size([366, 32])
-----------------------------------------batch_pred = model(blocks, batch_inputs) 
 Nvidia-smi: 1.7869873046875 GB
    Memory Allocated: 0.5523700714111328  GigaBytes
Max Memory Allocated: 0.5829305648803711  GigaBytes

----------------------------------------before batch_pred = model(blocks, batch_inputs) 
 Nvidia-smi: 1.7869873046875 GB
    Memory Allocated: 0.021017074584960938  GigaBytes
Max Memory Allocated: 0.5829305648803711  GigaBytes

torch.Size([2978, 500])
torch.Size([536, 32])
torch.Size([90, 32])
-----------------------------------------batch_pred = model(blocks, batch_inputs) 
 Nvidia-smi: 1.7869873046875 GB
    Memory Allocated: 0.24424409866333008  GigaBytes
Max Memory Allocated: 0.5829305648803711  GigaBytes

----------------------------------------before batch_pred = model(blocks, batch_inputs) 
 Nvidia-smi: 1.7869873046875 GB
    Memory Allocated: 0.02761983871459961  GigaBytes
Max Memory Allocated: 0.5829305648803711  GigaBytes

torch.Size([6274, 500])
torch.Size([1593, 32])
torch.Size([305, 32])
-----------------------------------------batch_pred = model(blocks, batch_inputs) 
 Nvidia-smi: 1.7869873046875 GB
    Memory Allocated: 0.4576444625854492  GigaBytes
Max Memory Allocated: 0.5829305648803711  GigaBytes

----------------------------------------before batch_pred = model(blocks, batch_inputs) 
 Nvidia-smi: 1.7869873046875 GB
    Memory Allocated: 0.023705482482910156  GigaBytes
Max Memory Allocated: 0.5829305648803711  GigaBytes

torch.Size([4406, 500])
torch.Size([1029, 32])
torch.Size([103, 32])
-----------------------------------------batch_pred = model(blocks, batch_inputs) 
 Nvidia-smi: 1.7869873046875 GB
    Memory Allocated: 0.3423185348510742  GigaBytes
Max Memory Allocated: 0.5829305648803711  GigaBytes

----------------------------------------before batch_pred = model(blocks, batch_inputs) 
 Nvidia-smi: 1.7869873046875 GB
    Memory Allocated: 0.02983713150024414  GigaBytes
Max Memory Allocated: 0.5829305648803711  GigaBytes

torch.Size([7666, 500])
torch.Size([1661, 32])
torch.Size([392, 32])
-----------------------------------------batch_pred = model(blocks, batch_inputs) 
 Nvidia-smi: 1.7908935546875 GB
    Memory Allocated: 0.5208249092102051  GigaBytes
Max Memory Allocated: 0.5829305648803711  GigaBytes

----------------------------------------before batch_pred = model(blocks, batch_inputs) 
 Nvidia-smi: 1.7908935546875 GB
    Memory Allocated: 0.018729209899902344  GigaBytes
Max Memory Allocated: 0.5829305648803711  GigaBytes

torch.Size([1768, 500])
torch.Size([348, 32])
torch.Size([124, 32])
-----------------------------------------batch_pred = model(blocks, batch_inputs) 
 Nvidia-smi: 1.7908935546875 GB
    Memory Allocated: 0.10819768905639648  GigaBytes
Max Memory Allocated: 0.5829305648803711  GigaBytes

----------------------------------------before batch_pred = model(blocks, batch_inputs) 
 Nvidia-smi: 1.7908935546875 GB
    Memory Allocated: 0.02498149871826172  GigaBytes
Max Memory Allocated: 0.5829305648803711  GigaBytes

torch.Size([5051, 500])
torch.Size([1585, 32])
torch.Size([336, 32])
-----------------------------------------batch_pred = model(blocks, batch_inputs) 
 Nvidia-smi: 1.8026123046875 GB
    Memory Allocated: 0.5395631790161133  GigaBytes
Max Memory Allocated: 0.5829305648803711  GigaBytes

----------------------------------------before batch_pred = model(blocks, batch_inputs) 
 Nvidia-smi: 1.8026123046875 GB
    Memory Allocated: 0.02373647689819336  GigaBytes
Max Memory Allocated: 0.5829305648803711  GigaBytes

torch.Size([4419, 500])
torch.Size([1151, 32])
torch.Size([152, 32])
-----------------------------------------batch_pred = model(blocks, batch_inputs) 
 Nvidia-smi: 1.8026123046875 GB
    Memory Allocated: 0.3497490882873535  GigaBytes
Max Memory Allocated: 0.5829305648803711  GigaBytes

----------------------------------------before batch_pred = model(blocks, batch_inputs) 
 Nvidia-smi: 1.8026123046875 GB
    Memory Allocated: 0.024137020111083984  GigaBytes
Max Memory Allocated: 0.5829305648803711  GigaBytes

torch.Size([4651, 500])
torch.Size([663, 32])
torch.Size([186, 32])
-----------------------------------------batch_pred = model(blocks, batch_inputs) 
 Nvidia-smi: 1.8026123046875 GB
    Memory Allocated: 0.25076913833618164  GigaBytes
Max Memory Allocated: 0.5829305648803711  GigaBytes

----------------------------------------before batch_pred = model(blocks, batch_inputs) 
 Nvidia-smi: 1.8026123046875 GB
    Memory Allocated: 0.019257545471191406  GigaBytes
Max Memory Allocated: 0.5829305648803711  GigaBytes

torch.Size([2045, 500])
torch.Size([444, 32])
torch.Size([122, 32])
-----------------------------------------batch_pred = model(blocks, batch_inputs) 
 Nvidia-smi: 1.8026123046875 GB
    Memory Allocated: 0.15222597122192383  GigaBytes
Max Memory Allocated: 0.5829305648803711  GigaBytes

----------------------------------------before batch_pred = model(blocks, batch_inputs) 
 Nvidia-smi: 1.8026123046875 GB
    Memory Allocated: 0.022480010986328125  GigaBytes
Max Memory Allocated: 0.5829305648803711  GigaBytes

torch.Size([3363, 500])
torch.Size([548, 32])
torch.Size([135, 32])
-----------------------------------------batch_pred = model(blocks, batch_inputs) 
 Nvidia-smi: 1.8026123046875 GB
    Memory Allocated: 0.20168113708496094  GigaBytes
Max Memory Allocated: 0.5829305648803711  GigaBytes

----------------------------------------before batch_pred = model(blocks, batch_inputs) 
 Nvidia-smi: 1.8026123046875 GB
    Memory Allocated: 0.023552894592285156  GigaBytes
Max Memory Allocated: 0.5829305648803711  GigaBytes

torch.Size([4325, 500])
torch.Size([962, 32])
torch.Size([196, 32])
-----------------------------------------batch_pred = model(blocks, batch_inputs) 
 Nvidia-smi: 1.8026123046875 GB
    Memory Allocated: 0.32225656509399414  GigaBytes
Max Memory Allocated: 0.5829305648803711  GigaBytes

----------------------------------------before batch_pred = model(blocks, batch_inputs) 
 Nvidia-smi: 1.8026123046875 GB
    Memory Allocated: 0.027622699737548828  GigaBytes
Max Memory Allocated: 0.5829305648803711  GigaBytes

torch.Size([6359, 500])
torch.Size([1743, 32])
torch.Size([288, 32])
-----------------------------------------batch_pred = model(blocks, batch_inputs) 
 Nvidia-smi: 1.8026123046875 GB
    Memory Allocated: 0.47551965713500977  GigaBytes
Max Memory Allocated: 0.5829305648803711  GigaBytes

----------------------------------------before batch_pred = model(blocks, batch_inputs) 
 Nvidia-smi: 1.8026123046875 GB
    Memory Allocated: 0.018126487731933594  GigaBytes
Max Memory Allocated: 0.5829305648803711  GigaBytes

torch.Size([1449, 500])
torch.Size([232, 32])
torch.Size([68, 32])
-----------------------------------------batch_pred = model(blocks, batch_inputs) 
 Nvidia-smi: 1.8026123046875 GB
    Memory Allocated: 0.08576774597167969  GigaBytes
Max Memory Allocated: 0.5829305648803711  GigaBytes

----------------------------------------before batch_pred = model(blocks, batch_inputs) 
 Nvidia-smi: 1.8026123046875 GB
    Memory Allocated: 0.020936965942382812  GigaBytes
Max Memory Allocated: 0.5829305648803711  GigaBytes

torch.Size([2940, 500])
torch.Size([622, 32])
torch.Size([81, 32])
-----------------------------------------batch_pred = model(blocks, batch_inputs) 
 Nvidia-smi: 1.8026123046875 GB
    Memory Allocated: 0.20213699340820312  GigaBytes
Max Memory Allocated: 0.5829305648803711  GigaBytes

times | data loading | block to device | model prediction | loss calculation | loss backward |  optimizer step |
      |0.004903920491536458 |0.024279403686523437 |0.1605125109354655 |0.0001304785410563151 |0.21172488530476888 |0.01049661636352539 |
----------------------------------------------------------pseudo_mini_loss sum 2.1105120182037354
 Run 0| Epoch 0 |
Number of nodes for computation during this epoch:  81110
Number of first layer input nodes during this epoch:  63036
----------------------------------------before generate_dataloader_block 
 Nvidia-smi: 1.8026123046875 GB
    Memory Allocated: 0.03694963455200195  GigaBytes
Max Memory Allocated: 0.5829305648803711  GigaBytes

The real block id is  3
get_global_graph_edges_ids_block function  spend 0.0005471706390380859
random selection method range initialization spend 0.0001442432403564453
time for parepare:  6.818771362304688e-05
local_output_nid generation:  7.152557373046875e-06
local_in_edges_tensor generation:  0.00018310546875
mini_batch_src_global generation:  2.2172927856445312e-05
r_  generation:  4.172325134277344e-05
local_output_nid generation:  4.291534423828125e-06
local_in_edges_tensor generation:  0.0001049041748046875
mini_batch_src_global generation:  1.5974044799804688e-05
r_  generation:  1.621246337890625e-05
local_output_nid generation:  3.337860107421875e-06
local_in_edges_tensor generation:  9.679794311523438e-05
mini_batch_src_global generation:  1.5020370483398438e-05
r_  generation:  2.6226043701171875e-05
local_output_nid generation:  3.814697265625e-06
local_in_edges_tensor generation:  9.799003601074219e-05
mini_batch_src_global generation:  1.7642974853515625e-05
r_  generation:  3.719329833984375e-05
local_output_nid generation:  3.5762786865234375e-06
local_in_edges_tensor generation:  9.822845458984375e-05
mini_batch_src_global generation:  1.5020370483398438e-05
r_  generation:  1.4066696166992188e-05
local_output_nid generation:  3.5762786865234375e-06
local_in_edges_tensor generation:  0.00010704994201660156
mini_batch_src_global generation:  1.9788742065429688e-05
r_  generation:  2.7179718017578125e-05
local_output_nid generation:  3.5762786865234375e-06
local_in_edges_tensor generation:  9.5367431640625e-05
mini_batch_src_global generation:  1.52587890625e-05
r_  generation:  1.4543533325195312e-05
local_output_nid generation:  3.337860107421875e-06
local_in_edges_tensor generation:  9.489059448242188e-05
mini_batch_src_global generation:  1.4543533325195312e-05
r_  generation:  1.3113021850585938e-05
local_output_nid generation:  3.337860107421875e-06
local_in_edges_tensor generation:  9.250640869140625e-05
mini_batch_src_global generation:  1.9073486328125e-05
r_  generation:  2.4557113647460938e-05
local_output_nid generation:  3.337860107421875e-06
local_in_edges_tensor generation:  9.703636169433594e-05
mini_batch_src_global generation:  1.52587890625e-05
r_  generation:  1.2874603271484375e-05
local_output_nid generation:  3.337860107421875e-06
local_in_edges_tensor generation:  9.489059448242188e-05
mini_batch_src_global generation:  1.430511474609375e-05
r_  generation:  1.5020370483398438e-05
local_output_nid generation:  3.0994415283203125e-06
local_in_edges_tensor generation:  9.226799011230469e-05
mini_batch_src_global generation:  1.430511474609375e-05
r_  generation:  1.4781951904296875e-05
local_output_nid generation:  3.0994415283203125e-06
local_in_edges_tensor generation:  9.489059448242188e-05
mini_batch_src_global generation:  1.430511474609375e-05
r_  generation:  1.3113021850585938e-05
local_output_nid generation:  2.86102294921875e-06
local_in_edges_tensor generation:  9.131431579589844e-05
mini_batch_src_global generation:  1.430511474609375e-05
r_  generation:  1.4781951904296875e-05
local_output_nid generation:  3.5762786865234375e-06
local_in_edges_tensor generation:  9.1552734375e-05
mini_batch_src_global generation:  1.4781951904296875e-05
r_  generation:  2.0742416381835938e-05
----------------------check_connections_block total spend ----------------------------- 0.0028085708618164062
generate_one_block  0.0011737346649169922
generate_one_block  0.0010447502136230469
generate_one_block  0.0010519027709960938
generate_one_block  0.0010445117950439453
generate_one_block  0.001001119613647461
generate_one_block  0.0010223388671875
generate_one_block  0.0011556148529052734
generate_one_block  0.0010082721710205078
generate_one_block  0.0010495185852050781
generate_one_block  0.0010190010070800781
generate_one_block  0.0010180473327636719
generate_one_block  0.0009999275207519531
generate_one_block  0.0010027885437011719
generate_one_block  0.0010001659393310547
generate_one_block  0.0010063648223876953
The real block id is  2
get_global_graph_edges_ids_block function  spend 0.0006449222564697266
gen group dst list time:  8.535385131835938e-05
time for parepare:  0.0003151893615722656
local_output_nid generation:  3.5762786865234375e-06
local_in_edges_tensor generation:  0.00017881393432617188
mini_batch_src_global generation:  2.5272369384765625e-05
r_  generation:  6.341934204101562e-05
local_output_nid generation:  2.1457672119140625e-06
local_in_edges_tensor generation:  0.00011086463928222656
mini_batch_src_global generation:  2.4318695068359375e-05
r_  generation:  8.249282836914062e-05
local_output_nid generation:  5.245208740234375e-06
local_in_edges_tensor generation:  0.00011229515075683594
mini_batch_src_global generation:  3.147125244140625e-05
r_  generation:  0.00013065338134765625
local_output_nid generation:  8.344650268554688e-06
local_in_edges_tensor generation:  0.00013184547424316406
mini_batch_src_global generation:  3.314018249511719e-05
r_  generation:  0.00017023086547851562
local_output_nid generation:  2.384185791015625e-06
local_in_edges_tensor generation:  0.00010800361633300781
mini_batch_src_global generation:  2.6941299438476562e-05
r_  generation:  6.67572021484375e-05
local_output_nid generation:  5.245208740234375e-06
local_in_edges_tensor generation:  0.00010848045349121094
mini_batch_src_global generation:  2.9802322387695312e-05
r_  generation:  0.0001590251922607422
local_output_nid generation:  3.0994415283203125e-06
local_in_edges_tensor generation:  0.00010395050048828125
mini_batch_src_global generation:  2.384185791015625e-05
r_  generation:  6.341934204101562e-05
local_output_nid generation:  2.384185791015625e-06
local_in_edges_tensor generation:  0.00010037422180175781
mini_batch_src_global generation:  2.1457672119140625e-05
r_  generation:  3.552436828613281e-05
local_output_nid generation:  6.9141387939453125e-06
local_in_edges_tensor generation:  0.00012445449829101562
mini_batch_src_global generation:  3.147125244140625e-05
r_  generation:  0.0001862049102783203
local_output_nid generation:  2.384185791015625e-06
local_in_edges_tensor generation:  0.00011038780212402344
mini_batch_src_global generation:  2.5272369384765625e-05
r_  generation:  5.7220458984375e-05
local_output_nid generation:  3.337860107421875e-06
local_in_edges_tensor generation:  0.00010800361633300781
mini_batch_src_global generation:  2.1696090698242188e-05
r_  generation:  7.653236389160156e-05
local_output_nid generation:  3.5762786865234375e-06
local_in_edges_tensor generation:  0.00010585784912109375
mini_batch_src_global generation:  2.4080276489257812e-05
r_  generation:  7.605552673339844e-05
local_output_nid generation:  2.384185791015625e-06
local_in_edges_tensor generation:  0.00010204315185546875
mini_batch_src_global generation:  2.0503997802734375e-05
r_  generation:  5.14984130859375e-05
local_output_nid generation:  3.337860107421875e-06
local_in_edges_tensor generation:  0.00011491775512695312
mini_batch_src_global generation:  2.7179718017578125e-05
r_  generation:  0.0001010894775390625
local_output_nid generation:  4.0531158447265625e-06
local_in_edges_tensor generation:  0.00011301040649414062
mini_batch_src_global generation:  4.839897155761719e-05
r_  generation:  0.0002105236053466797
----------------------check_connections_block total spend ----------------------------- 0.0050201416015625
generate_one_block  0.001115560531616211
generate_one_block  0.0011098384857177734
generate_one_block  0.001192331314086914
generate_one_block  0.001287698745727539
generate_one_block  0.0010776519775390625
generate_one_block  0.001256704330444336
generate_one_block  0.0010912418365478516
generate_one_block  0.001018524169921875
generate_one_block  0.0012159347534179688
generate_one_block  0.0010120868682861328
generate_one_block  0.0010554790496826172
generate_one_block  0.0010483264923095703
generate_one_block  0.0010123252868652344
generate_one_block  0.0010881423950195312
generate_one_block  0.0012049674987792969
The real block id is  1
get_global_graph_edges_ids_block function  spend 0.0012829303741455078
gen group dst list time:  0.00014400482177734375
time for parepare:  0.0008988380432128906
local_output_nid generation:  1.33514404296875e-05
local_in_edges_tensor generation:  0.0003681182861328125
mini_batch_src_global generation:  4.172325134277344e-05
r_  generation:  0.0001690387725830078
local_output_nid generation:  2.5272369384765625e-05
local_in_edges_tensor generation:  0.00014781951904296875
mini_batch_src_global generation:  7.081031799316406e-05
r_  generation:  0.0004162788391113281
local_output_nid generation:  3.409385681152344e-05
local_in_edges_tensor generation:  0.00018095970153808594
mini_batch_src_global generation:  0.00014472007751464844
r_  generation:  0.001005411148071289
local_output_nid generation:  3.2901763916015625e-05
local_in_edges_tensor generation:  0.00017499923706054688
mini_batch_src_global generation:  0.00015020370483398438
r_  generation:  0.0008633136749267578
local_output_nid generation:  1.52587890625e-05
local_in_edges_tensor generation:  0.000148773193359375
mini_batch_src_global generation:  6.175041198730469e-05
r_  generation:  0.00032138824462890625
local_output_nid generation:  3.1948089599609375e-05
local_in_edges_tensor generation:  0.00017404556274414062
mini_batch_src_global generation:  0.00014281272888183594
r_  generation:  0.0013380050659179688
local_output_nid generation:  1.5735626220703125e-05
local_in_edges_tensor generation:  0.00014829635620117188
mini_batch_src_global generation:  9.322166442871094e-05
r_  generation:  0.0004494190216064453
local_output_nid generation:  6.67572021484375e-06
local_in_edges_tensor generation:  0.00013494491577148438
mini_batch_src_global generation:  4.4345855712890625e-05
r_  generation:  0.00018167495727539062
local_output_nid generation:  4.458427429199219e-05
local_in_edges_tensor generation:  0.00017952919006347656
mini_batch_src_global generation:  9.679794311523438e-05
r_  generation:  0.0010578632354736328
local_output_nid generation:  1.2636184692382812e-05
local_in_edges_tensor generation:  0.0001456737518310547
mini_batch_src_global generation:  8.392333984375e-05
r_  generation:  0.0003921985626220703
local_output_nid generation:  1.7404556274414062e-05
local_in_edges_tensor generation:  0.00014662742614746094
mini_batch_src_global generation:  5.507469177246094e-05
r_  generation:  0.00034117698669433594
local_output_nid generation:  1.9550323486328125e-05
local_in_edges_tensor generation:  0.0001513957977294922
mini_batch_src_global generation:  6.389617919921875e-05
r_  generation:  0.0005080699920654297
local_output_nid generation:  1.0728836059570312e-05
local_in_edges_tensor generation:  0.00013756752014160156
mini_batch_src_global generation:  5.030632019042969e-05
r_  generation:  0.0002281665802001953
local_output_nid generation:  2.2649765014648438e-05
local_in_edges_tensor generation:  0.00015783309936523438
mini_batch_src_global generation:  7.390975952148438e-05
r_  generation:  0.0006835460662841797
local_output_nid generation:  3.314018249511719e-05
local_in_edges_tensor generation:  0.0001900196075439453
mini_batch_src_global generation:  0.0001647472381591797
r_  generation:  0.0013709068298339844
----------------------check_connections_block total spend ----------------------------- 0.017690420150756836
generate_one_block  0.0013015270233154297
generate_one_block  0.001729726791381836
generate_one_block  0.0022907257080078125
generate_one_block  0.0020265579223632812
generate_one_block  0.001331329345703125
generate_one_block  0.002622365951538086
generate_one_block  0.0015451908111572266
generate_one_block  0.0011525154113769531
generate_one_block  0.0022995471954345703
generate_one_block  0.001481771469116211
generate_one_block  0.0013604164123535156
generate_one_block  0.0016260147094726562
generate_one_block  0.0012178421020507812
generate_one_block  0.001806497573852539
generate_one_block  0.0027441978454589844
The real block id is  0
get_global_graph_edges_ids_block function  spend 0.0019729137420654297
gen group dst list time:  0.0003528594970703125
time for parepare:  0.001708984375
local_output_nid generation:  3.4809112548828125e-05
local_in_edges_tensor generation:  0.0006692409515380859
mini_batch_src_global generation:  0.00011730194091796875
r_  generation:  0.0007467269897460938
local_output_nid generation:  9.202957153320312e-05
local_in_edges_tensor generation:  0.0002601146697998047
mini_batch_src_global generation:  0.00033020973205566406
r_  generation:  0.0024116039276123047
local_output_nid generation:  0.0002353191375732422
local_in_edges_tensor generation:  0.00044083595275878906
mini_batch_src_global generation:  0.0005886554718017578
r_  generation:  0.00481867790222168
local_output_nid generation:  0.00014781951904296875
local_in_edges_tensor generation:  0.0003437995910644531
mini_batch_src_global generation:  0.00036144256591796875
r_  generation:  0.0033576488494873047
local_output_nid generation:  5.8650970458984375e-05
local_in_edges_tensor generation:  0.0002205371856689453
mini_batch_src_global generation:  0.0002193450927734375
r_  generation:  0.001729726791381836
local_output_nid generation:  0.0001671314239501953
local_in_edges_tensor generation:  0.00035691261291503906
mini_batch_src_global generation:  0.0004286766052246094
r_  generation:  0.004602909088134766
local_output_nid generation:  0.00010561943054199219
local_in_edges_tensor generation:  0.00028395652770996094
mini_batch_src_global generation:  0.0003426074981689453
r_  generation:  0.0029065608978271484
local_output_nid generation:  3.981590270996094e-05
local_in_edges_tensor generation:  0.00018215179443359375
mini_batch_src_global generation:  0.00016927719116210938
r_  generation:  0.0009684562683105469
local_output_nid generation:  0.00017595291137695312
local_in_edges_tensor generation:  0.00036597251892089844
mini_batch_src_global generation:  0.0003650188446044922
r_  generation:  0.004583835601806641
local_output_nid generation:  7.462501525878906e-05
local_in_edges_tensor generation:  0.00024366378784179688
mini_batch_src_global generation:  0.00033736228942871094
r_  generation:  0.002423524856567383
local_output_nid generation:  4.8160552978515625e-05
local_in_edges_tensor generation:  0.00018787384033203125
mini_batch_src_global generation:  0.0001647472381591797
r_  generation:  0.0013022422790527344
local_output_nid generation:  9.822845458984375e-05
local_in_edges_tensor generation:  0.0002582073211669922
mini_batch_src_global generation:  0.0002067089080810547
r_  generation:  0.002324819564819336
local_output_nid generation:  4.792213439941406e-05
local_in_edges_tensor generation:  0.0001983642578125
mini_batch_src_global generation:  0.00019240379333496094
r_  generation:  0.0012302398681640625
local_output_nid generation:  0.00011897087097167969
local_in_edges_tensor generation:  0.0002892017364501953
mini_batch_src_global generation:  0.0002925395965576172
r_  generation:  0.003159046173095703
local_output_nid generation:  0.0001404285430908203
local_in_edges_tensor generation:  0.0003376007080078125
mini_batch_src_global generation:  0.0004839897155761719
r_  generation:  0.0046384334564208984
----------------------check_connections_block total spend ----------------------------- 0.06516385078430176
generate_one_block  0.002556324005126953
generate_one_block  0.004645586013793945
generate_one_block  0.007317066192626953
generate_one_block  0.005389690399169922
generate_one_block  0.003276348114013672
generate_one_block  0.007097482681274414
generate_one_block  0.0048944950103759766
generate_one_block  0.0024433135986328125
generate_one_block  0.007638692855834961
generate_one_block  0.0043337345123291016
generate_one_block  0.002702474594116211
generate_one_block  0.004513978958129883
generate_one_block  0.002748250961303711
generate_one_block  0.005459785461425781
generate_one_block  0.007328510284423828
-----------------------------------------after block dataloader generation 
 Nvidia-smi: 1.8026123046875 GB
    Memory Allocated: 0.03694963455200195  GigaBytes
Max Memory Allocated: 0.5829305648803711  GigaBytes

connection checking time:  0.0878744125366211
block generation total time  0.11566877365112305
average batch blocks generation time:  0.007711251576741536
block dataloader generation time/epoch 0.32225894927978516
----------------------------------------before batch_pred = model(blocks, batch_inputs) 
 Nvidia-smi: 1.8026123046875 GB
    Memory Allocated: 0.034046173095703125  GigaBytes
Max Memory Allocated: 0.5829305648803711  GigaBytes

torch.Size([1438, 500])
torch.Size([254, 32])
torch.Size([89, 32])
-----------------------------------------batch_pred = model(blocks, batch_inputs) 
 Nvidia-smi: 1.8026123046875 GB
    Memory Allocated: 0.10361576080322266  GigaBytes
Max Memory Allocated: 0.5829305648803711  GigaBytes

----------------------------------------before batch_pred = model(blocks, batch_inputs) 
 Nvidia-smi: 1.8026123046875 GB
    Memory Allocated: 0.04082012176513672  GigaBytes
Max Memory Allocated: 0.5829305648803711  GigaBytes

torch.Size([4592, 500])
torch.Size([667, 32])
torch.Size([185, 32])
-----------------------------------------batch_pred = model(blocks, batch_inputs) 
 Nvidia-smi: 1.8026123046875 GB
    Memory Allocated: 0.28051328659057617  GigaBytes
Max Memory Allocated: 0.5829305648803711  GigaBytes

----------------------------------------before batch_pred = model(blocks, batch_inputs) 
 Nvidia-smi: 1.8026123046875 GB
    Memory Allocated: 0.04366302490234375  GigaBytes
Max Memory Allocated: 0.5829305648803711  GigaBytes

torch.Size([6534, 500])
torch.Size([1824, 32])
torch.Size([262, 32])
-----------------------------------------batch_pred = model(blocks, batch_inputs) 
 Nvidia-smi: 1.8026123046875 GB
    Memory Allocated: 0.5177149772644043  GigaBytes
Max Memory Allocated: 0.5829305648803711  GigaBytes

----------------------------------------before batch_pred = model(blocks, batch_inputs) 
 Nvidia-smi: 1.8026123046875 GB
    Memory Allocated: 0.0405421257019043  GigaBytes
Max Memory Allocated: 0.5829305648803711  GigaBytes

torch.Size([4882, 500])
torch.Size([1469, 32])
torch.Size([308, 32])
-----------------------------------------batch_pred = model(blocks, batch_inputs) 
 Nvidia-smi: 1.8026123046875 GB
    Memory Allocated: 0.35784482955932617  GigaBytes
Max Memory Allocated: 0.5829305648803711  GigaBytes

----------------------------------------before batch_pred = model(blocks, batch_inputs) 
 Nvidia-smi: 1.8026123046875 GB
    Memory Allocated: 0.03706026077270508  GigaBytes
Max Memory Allocated: 0.5829305648803711  GigaBytes

torch.Size([3041, 500])
torch.Size([467, 32])
torch.Size([129, 32])
-----------------------------------------batch_pred = model(blocks, batch_inputs) 
 Nvidia-smi: 1.8026123046875 GB
    Memory Allocated: 0.19921445846557617  GigaBytes
Max Memory Allocated: 0.5829305648803711  GigaBytes

----------------------------------------before batch_pred = model(blocks, batch_inputs) 
 Nvidia-smi: 1.8026123046875 GB
    Memory Allocated: 0.03992033004760742  GigaBytes
Max Memory Allocated: 0.5829305648803711  GigaBytes

torch.Size([4515, 500])
torch.Size([1526, 32])
torch.Size([322, 32])
-----------------------------------------batch_pred = model(blocks, batch_inputs) 
 Nvidia-smi: 1.8026123046875 GB
    Memory Allocated: 0.537010669708252  GigaBytes
Max Memory Allocated: 0.5829305648803711  GigaBytes

----------------------------------------before batch_pred = model(blocks, batch_inputs) 
 Nvidia-smi: 1.8026123046875 GB
    Memory Allocated: 0.038660526275634766  GigaBytes
Max Memory Allocated: 0.5829305648803711  GigaBytes

torch.Size([3879, 500])
torch.Size([957, 32])
torch.Size([115, 32])
-----------------------------------------batch_pred = model(blocks, batch_inputs) 
 Nvidia-smi: 1.8026123046875 GB
    Memory Allocated: 0.34124183654785156  GigaBytes
Max Memory Allocated: 0.5829305648803711  GigaBytes

----------------------------------------before batch_pred = model(blocks, batch_inputs) 
 Nvidia-smi: 1.8026123046875 GB
    Memory Allocated: 0.03509855270385742  GigaBytes
Max Memory Allocated: 0.5829305648803711  GigaBytes

torch.Size([1999, 500])
torch.Size([325, 32])
torch.Size([42, 32])
-----------------------------------------batch_pred = model(blocks, batch_inputs) 
 Nvidia-smi: 1.8026123046875 GB
    Memory Allocated: 0.12922954559326172  GigaBytes
Max Memory Allocated: 0.5829305648803711  GigaBytes

----------------------------------------before batch_pred = model(blocks, batch_inputs) 
 Nvidia-smi: 1.8026123046875 GB
    Memory Allocated: 0.04562711715698242  GigaBytes
Max Memory Allocated: 0.5829305648803711  GigaBytes

torch.Size([7586, 500])
torch.Size([1770, 32])
torch.Size([410, 32])
-----------------------------------------batch_pred = model(blocks, batch_inputs) 
 Nvidia-smi: 1.8026123046875 GB
    Memory Allocated: 0.5341639518737793  GigaBytes
Max Memory Allocated: 0.5829305648803711  GigaBytes

----------------------------------------before batch_pred = model(blocks, batch_inputs) 
 Nvidia-smi: 1.8026123046875 GB
    Memory Allocated: 0.03737497329711914  GigaBytes
Max Memory Allocated: 0.5829305648803711  GigaBytes

torch.Size([3196, 500])
torch.Size([670, 32])
torch.Size([100, 32])
-----------------------------------------batch_pred = model(blocks, batch_inputs) 
 Nvidia-smi: 1.8026123046875 GB
    Memory Allocated: 0.293337345123291  GigaBytes
Max Memory Allocated: 0.5829305648803711  GigaBytes

----------------------------------------before batch_pred = model(blocks, batch_inputs) 
 Nvidia-smi: 1.8026123046875 GB
    Memory Allocated: 0.0358576774597168  GigaBytes
Max Memory Allocated: 0.5829305648803711  GigaBytes

torch.Size([2401, 500])
torch.Size([466, 32])
torch.Size([153, 32])
-----------------------------------------batch_pred = model(blocks, batch_inputs) 
 Nvidia-smi: 1.8026123046875 GB
    Memory Allocated: 0.15495872497558594  GigaBytes
Max Memory Allocated: 0.5829305648803711  GigaBytes

----------------------------------------before batch_pred = model(blocks, batch_inputs) 
 Nvidia-smi: 1.8026123046875 GB
    Memory Allocated: 0.038434505462646484  GigaBytes
Max Memory Allocated: 0.5829305648803711  GigaBytes

torch.Size([3707, 500])
torch.Size([896, 32])
torch.Size([167, 32])
-----------------------------------------batch_pred = model(blocks, batch_inputs) 
 Nvidia-smi: 1.8026123046875 GB
    Memory Allocated: 0.26052427291870117  GigaBytes
Max Memory Allocated: 0.5829305648803711  GigaBytes

----------------------------------------before batch_pred = model(blocks, batch_inputs) 
 Nvidia-smi: 1.8026123046875 GB
    Memory Allocated: 0.03598737716674805  GigaBytes
Max Memory Allocated: 0.5829305648803711  GigaBytes

torch.Size([2472, 500])
torch.Size([377, 32])
torch.Size([88, 32])
-----------------------------------------batch_pred = model(blocks, batch_inputs) 
 Nvidia-smi: 1.8026123046875 GB
    Memory Allocated: 0.1588892936706543  GigaBytes
Max Memory Allocated: 0.5829305648803711  GigaBytes

----------------------------------------before batch_pred = model(blocks, batch_inputs) 
 Nvidia-smi: 1.8026123046875 GB
    Memory Allocated: 0.04042387008666992  GigaBytes
Max Memory Allocated: 0.5829305648803711  GigaBytes

torch.Size([4817, 500])
torch.Size([1068, 32])
torch.Size([198, 32])
-----------------------------------------batch_pred = model(blocks, batch_inputs) 
 Nvidia-smi: 1.8026123046875 GB
    Memory Allocated: 0.37991762161254883  GigaBytes
Max Memory Allocated: 0.5829305648803711  GigaBytes
Using backend: pytorch

----------------------------------------before batch_pred = model(blocks, batch_inputs) 
 Nvidia-smi: 1.8026123046875 GB
    Memory Allocated: 0.04207658767700195  GigaBytes
Max Memory Allocated: 0.5829305648803711  GigaBytes

torch.Size([5201, 500])
torch.Size([1416, 32])
torch.Size([346, 32])
-----------------------------------------batch_pred = model(blocks, batch_inputs) 
 Nvidia-smi: 1.8026123046875 GB
    Memory Allocated: 0.5582566261291504  GigaBytes
Max Memory Allocated: 0.5892629623413086  GigaBytes

times | data loading | block to device | model prediction | loss calculation | loss backward |  optimizer step |
      |0.005774211883544922 |0.0013702710469563801 |0.1274031162261963 |0.00013248125712076822 |0.20360361735026042 |0.009037017822265625 |
----------------------------------------------------------pseudo_mini_loss sum 1.6904916763305664
Total (block generation + training)time/epoch 5.4372828006744385
Training time/epoch 5.1147894859313965
Training time without block to device /epoch 5.094235420227051
Training time without total dataloading part /epoch 4.976125240325928
load block tensor time/epoch 0.08661317825317383
block to device time/epoch 0.020554065704345703
input features size transfer per epoch 2.0116567611694336e-06
blocks size to device per epoch 1.341104507446289e-06
 Run 0| Epoch 1 |
Number of nodes for computation during this epoch:  77683
Number of first layer input nodes during this epoch:  60260
