main start at this time 1648427848.0375197
-----------------------------------------before load data 
 Nvidia-smi: 0.1717529296875 GB
    Memory Allocated: 0.0  GigaBytes
Max Memory Allocated: 0.0  GigaBytes

  NumNodes: 2708
  NumEdges: 10556
  NumFeats: 1433
  NumClasses: 7
  NumTrainingSamples: 140
  NumValidationSamples: 500
  NumTestSamples: 1000
Done loading data from cached files.
success----------------------------------------
140
500
2068
# Nodes: 2708
# Edges: 10556
# Train: 140
# Val: 500
# Test: 2068
# Classes: 7

in feats:  1433
----------------------------------------before generate_dataloader_block 
 Nvidia-smi: 1.0174560546875 GB
    Memory Allocated: 0.0015001296997070312  GigaBytes
Max Memory Allocated: 0.0015001296997070312  GigaBytes

The real block id is  2
get_global_graph_edges_ids_block function  spend 0.0013582706451416016
random selection method range initialization spend 0.0001990795135498047
time for parepare:  7.915496826171875e-05
local_output_nid generation:  3.814697265625e-05
local_in_edges_tensor generation:  0.0001957416534423828
mini_batch_src_global generation:  2.7179718017578125e-05
r_  generation:  0.0025794506072998047
local_output_nid generation:  6.198883056640625e-06
local_in_edges_tensor generation:  0.00013065338134765625
mini_batch_src_global generation:  2.4080276489257812e-05
r_  generation:  4.9114227294921875e-05
local_output_nid generation:  4.0531158447265625e-06
local_in_edges_tensor generation:  0.00010347366333007812
mini_batch_src_global generation:  1.5974044799804688e-05
r_  generation:  2.5510787963867188e-05
local_output_nid generation:  4.76837158203125e-06
local_in_edges_tensor generation:  9.632110595703125e-05
mini_batch_src_global generation:  1.5020370483398438e-05
r_  generation:  2.3365020751953125e-05
local_output_nid generation:  4.76837158203125e-06
local_in_edges_tensor generation:  9.489059448242188e-05
mini_batch_src_global generation:  1.5974044799804688e-05
r_  generation:  3.552436828613281e-05
local_output_nid generation:  4.76837158203125e-06
local_in_edges_tensor generation:  9.799003601074219e-05
mini_batch_src_global generation:  1.5497207641601562e-05
r_  generation:  2.1696090698242188e-05
local_output_nid generation:  4.0531158447265625e-06
local_in_edges_tensor generation:  9.417533874511719e-05
mini_batch_src_global generation:  1.4781951904296875e-05
r_  generation:  2.193450927734375e-05
local_output_nid generation:  4.291534423828125e-06
local_in_edges_tensor generation:  9.441375732421875e-05
mini_batch_src_global generation:  1.52587890625e-05
r_  generation:  2.4557113647460938e-05
local_output_nid generation:  4.5299530029296875e-06
local_in_edges_tensor generation:  9.417533874511719e-05
mini_batch_src_global generation:  1.5735626220703125e-05
r_  generation:  3.0994415283203125e-05
local_output_nid generation:  4.291534423828125e-06
local_in_edges_tensor generation:  9.441375732421875e-05
mini_batch_src_global generation:  1.5020370483398438e-05
r_  generation:  2.47955322265625e-05
local_output_nid generation:  4.76837158203125e-06
local_in_edges_tensor generation:  9.465217590332031e-05
mini_batch_src_global generation:  1.5020370483398438e-05
r_  generation:  2.288818359375e-05
local_output_nid generation:  4.291534423828125e-06
local_in_edges_tensor generation:  9.34600830078125e-05
mini_batch_src_global generation:  1.430511474609375e-05
r_  generation:  2.09808349609375e-05
local_output_nid generation:  4.5299530029296875e-06
local_in_edges_tensor generation:  9.274482727050781e-05
mini_batch_src_global generation:  1.4543533325195312e-05
r_  generation:  2.002716064453125e-05
local_output_nid generation:  4.0531158447265625e-06
local_in_edges_tensor generation:  9.226799011230469e-05
mini_batch_src_global generation:  1.430511474609375e-05
r_  generation:  1.9311904907226562e-05
local_output_nid generation:  4.5299530029296875e-06
local_in_edges_tensor generation:  9.179115295410156e-05
mini_batch_src_global generation:  1.4781951904296875e-05
r_  generation:  2.956390380859375e-05
local_output_nid generation:  3.5762786865234375e-06
local_in_edges_tensor generation:  9.655952453613281e-05
mini_batch_src_global generation:  1.5020370483398438e-05
r_  generation:  2.6226043701171875e-05
----------------------check_connections_block total spend ----------------------------- 0.0057430267333984375
generate_one_block  0.0014810562133789062
generate_one_block  0.0011494159698486328
generate_one_block  0.001169443130493164
generate_one_block  0.0011088848114013672
generate_one_block  0.0011205673217773438
generate_one_block  0.0011019706726074219
generate_one_block  0.0010979175567626953
generate_one_block  0.0011088848114013672
generate_one_block  0.0011222362518310547
generate_one_block  0.0011107921600341797
generate_one_block  0.0011374950408935547
generate_one_block  0.0010945796966552734
generate_one_block  0.0010311603546142578
generate_one_block  0.0010209083557128906
generate_one_block  0.0010313987731933594
generate_one_block  0.001024484634399414
The real block id is  1
get_global_graph_edges_ids_block function  spend 0.0006279945373535156
gen group dst list time:  9.298324584960938e-05
time for parepare:  0.00015497207641601562
local_output_nid generation:  5.7220458984375e-06
local_in_edges_tensor generation:  0.00019812583923339844
mini_batch_src_global generation:  2.8848648071289062e-05
r_  generation:  0.00010442733764648438
local_output_nid generation:  8.821487426757812e-06
local_in_edges_tensor generation:  0.00011897087097167969
mini_batch_src_global generation:  3.62396240234375e-05
r_  generation:  0.00020432472229003906
local_output_nid generation:  5.9604644775390625e-06
local_in_edges_tensor generation:  0.0001125335693359375
mini_batch_src_global generation:  2.7418136596679688e-05
r_  generation:  0.00011014938354492188
local_output_nid generation:  5.0067901611328125e-06
local_in_edges_tensor generation:  0.0001087188720703125
mini_batch_src_global generation:  2.7418136596679688e-05
r_  generation:  0.0001499652862548828
local_output_nid generation:  7.867813110351562e-06
local_in_edges_tensor generation:  0.00011372566223144531
mini_batch_src_global generation:  3.3855438232421875e-05
r_  generation:  0.00020837783813476562
local_output_nid generation:  4.5299530029296875e-06
local_in_edges_tensor generation:  0.00010848045349121094
mini_batch_src_global generation:  2.7418136596679688e-05
r_  generation:  0.00010538101196289062
local_output_nid generation:  5.4836273193359375e-06
local_in_edges_tensor generation:  0.00010585784912109375
mini_batch_src_global generation:  2.2649765014648438e-05
r_  generation:  9.083747863769531e-05
local_output_nid generation:  5.9604644775390625e-06
local_in_edges_tensor generation:  0.00010752677917480469
mini_batch_src_global generation:  2.8133392333984375e-05
r_  generation:  0.0001671314239501953
local_output_nid generation:  8.344650268554688e-06
local_in_edges_tensor generation:  0.0001125335693359375
mini_batch_src_global generation:  3.3855438232421875e-05
r_  generation:  0.0002224445343017578
local_output_nid generation:  5.4836273193359375e-06
local_in_edges_tensor generation:  0.00011515617370605469
mini_batch_src_global generation:  3.1948089599609375e-05
r_  generation:  0.000164031982421875
local_output_nid generation:  5.7220458984375e-06
local_in_edges_tensor generation:  0.00010967254638671875
mini_batch_src_global generation:  2.4080276489257812e-05
r_  generation:  9.632110595703125e-05
local_output_nid generation:  5.0067901611328125e-06
local_in_edges_tensor generation:  0.00010704994201660156
mini_batch_src_global generation:  2.4557113647460938e-05
r_  generation:  0.00011348724365234375
local_output_nid generation:  4.5299530029296875e-06
local_in_edges_tensor generation:  0.00010561943054199219
mini_batch_src_global generation:  2.765655517578125e-05
r_  generation:  0.00013327598571777344
local_output_nid generation:  4.5299530029296875e-06
local_in_edges_tensor generation:  0.0001049041748046875
mini_batch_src_global generation:  2.2172927856445312e-05
r_  generation:  7.486343383789062e-05
local_output_nid generation:  5.4836273193359375e-06
local_in_edges_tensor generation:  0.00010633468627929688
mini_batch_src_global generation:  3.123283386230469e-05
r_  generation:  0.00012230873107910156
local_output_nid generation:  3.814697265625e-06
local_in_edges_tensor generation:  0.000118255615234375
mini_batch_src_global generation:  2.5272369384765625e-05
r_  generation:  0.00010371208190917969
----------------------check_connections_block total spend ----------------------------- 0.005762815475463867
generate_one_block  0.0012650489807128906
generate_one_block  0.0013475418090820312
generate_one_block  0.0012197494506835938
generate_one_block  0.0012700557708740234
generate_one_block  0.0013337135314941406
generate_one_block  0.0012118816375732422
generate_one_block  0.0011897087097167969
generate_one_block  0.0012373924255371094
generate_one_block  0.0012972354888916016
generate_one_block  0.0011959075927734375
generate_one_block  0.0011105537414550781
generate_one_block  0.0011398792266845703
generate_one_block  0.0011780261993408203
generate_one_block  0.001077890396118164
generate_one_block  0.0011506080627441406
generate_one_block  0.0011293888092041016
The real block id is  0
get_global_graph_edges_ids_block function  spend 0.0007269382476806641
gen group dst list time:  0.0001595020294189453
time for parepare:  0.00022530555725097656
local_output_nid generation:  1.4066696166992188e-05
local_in_edges_tensor generation:  0.0002562999725341797
mini_batch_src_global generation:  4.9114227294921875e-05
r_  generation:  0.00033593177795410156
local_output_nid generation:  3.218650817871094e-05
local_in_edges_tensor generation:  0.0001690387725830078
mini_batch_src_global generation:  7.62939453125e-05
r_  generation:  0.0007431507110595703
local_output_nid generation:  1.8835067749023438e-05
local_in_edges_tensor generation:  0.0001437664031982422
mini_batch_src_global generation:  6.413459777832031e-05
r_  generation:  0.0003809928894042969
local_output_nid generation:  2.9325485229492188e-05
local_in_edges_tensor generation:  0.00015926361083984375
mini_batch_src_global generation:  6.914138793945312e-05
r_  generation:  0.000614166259765625
local_output_nid generation:  2.8371810913085938e-05
local_in_edges_tensor generation:  0.00016236305236816406
mini_batch_src_global generation:  8.082389831542969e-05
r_  generation:  0.0006728172302246094
local_output_nid generation:  2.002716064453125e-05
local_in_edges_tensor generation:  0.0002491474151611328
mini_batch_src_global generation:  6.747245788574219e-05
r_  generation:  0.0004341602325439453
local_output_nid generation:  1.3589859008789062e-05
local_in_edges_tensor generation:  0.0001361370086669922
mini_batch_src_global generation:  4.935264587402344e-05
r_  generation:  0.00031828880310058594
local_output_nid generation:  3.075599670410156e-05
local_in_edges_tensor generation:  0.0001556873321533203
mini_batch_src_global generation:  7.009506225585938e-05
r_  generation:  0.0006742477416992188
local_output_nid generation:  3.147125244140625e-05
local_in_edges_tensor generation:  0.0001621246337890625
mini_batch_src_global generation:  8.654594421386719e-05
r_  generation:  0.0007507801055908203
local_output_nid generation:  2.7894973754882812e-05
local_in_edges_tensor generation:  0.0001571178436279297
mini_batch_src_global generation:  8.082389831542969e-05
r_  generation:  0.0006444454193115234
local_output_nid generation:  1.430511474609375e-05
local_in_edges_tensor generation:  0.00013446807861328125
mini_batch_src_global generation:  5.245208740234375e-05
r_  generation:  0.00028705596923828125
local_output_nid generation:  1.7881393432617188e-05
local_in_edges_tensor generation:  0.00013494491577148438
mini_batch_src_global generation:  5.030632019042969e-05
r_  generation:  0.00040268898010253906
local_output_nid generation:  2.5987625122070312e-05
local_in_edges_tensor generation:  0.00014925003051757812
mini_batch_src_global generation:  6.29425048828125e-05
r_  generation:  0.0005393028259277344
local_output_nid generation:  1.0967254638671875e-05
local_in_edges_tensor generation:  0.00012564659118652344
mini_batch_src_global generation:  4.673004150390625e-05
r_  generation:  0.00023794174194335938
local_output_nid generation:  2.002716064453125e-05
local_in_edges_tensor generation:  0.0001366138458251953
mini_batch_src_global generation:  5.173683166503906e-05
r_  generation:  0.0004410743713378906
local_output_nid generation:  1.5735626220703125e-05
local_in_edges_tensor generation:  0.0001308917999267578
mini_batch_src_global generation:  5.340576171875e-05
r_  generation:  0.00036907196044921875
----------------------check_connections_block total spend ----------------------------- 0.014384269714355469
generate_one_block  0.0015039443969726562
generate_one_block  0.001950979232788086
generate_one_block  0.0014295578002929688
generate_one_block  0.0016400814056396484
generate_one_block  0.0017154216766357422
generate_one_block  0.0014922618865966797
generate_one_block  0.0015823841094970703
generate_one_block  0.0019927024841308594
generate_one_block  0.001791238784790039
generate_one_block  0.001678466796875
generate_one_block  0.0012350082397460938
generate_one_block  0.0013649463653564453
generate_one_block  0.0015437602996826172
generate_one_block  0.0011858940124511719
generate_one_block  0.0014460086822509766
generate_one_block  0.0013363361358642578
-----------------------------------------after block dataloader generation 
 Nvidia-smi: 1.0174560546875 GB
    Memory Allocated: 0.0015001296997070312  GigaBytes
Max Memory Allocated: 0.0015001296997070312  GigaBytes

connection checking time:  0.020147085189819336
block generation total time  0.044243574142456055
average batch blocks generation time:  0.0027652233839035034
----------------------------------------before batch_pred = model(blocks, batch_inputs) 
 Nvidia-smi: 1.1014404296875 GB
    Memory Allocated: 0.004751682281494141  GigaBytes
Max Memory Allocated: 0.004751682281494141  GigaBytes

torch.Size([607, 1433])
torch.Size([147, 128])
-----------------------------------------batch_pred = model(blocks, batch_inputs) 
 Nvidia-smi: 1.2635498046875 GB
    Memory Allocated: 0.005100250244140625  GigaBytes
Max Memory Allocated: 0.005260944366455078  GigaBytes

----------------------------------------before batch_pred = model(blocks, batch_inputs) 
 Nvidia-smi: 1.2635498046875 GB
    Memory Allocated: 0.008761882781982422  GigaBytes
Max Memory Allocated: 0.011979103088378906  GigaBytes

torch.Size([1075, 1433])
torch.Size([380, 128])
-----------------------------------------batch_pred = model(blocks, batch_inputs) 
 Nvidia-smi: 1.2655029296875 GB
    Memory Allocated: 0.00953817367553711  GigaBytes
Max Memory Allocated: 0.011979103088378906  GigaBytes

----------------------------------------before batch_pred = model(blocks, batch_inputs) 
 Nvidia-smi: 1.2655029296875 GB
    Memory Allocated: 0.006402015686035156  GigaBytes
Max Memory Allocated: 0.012128829956054688  GigaBytes

torch.Size([635, 1433])
torch.Size([188, 128])
-----------------------------------------batch_pred = model(blocks, batch_inputs) 
 Nvidia-smi: 1.2655029296875 GB
    Memory Allocated: 0.0068035125732421875  GigaBytes
Max Memory Allocated: 0.012128829956054688  GigaBytes

----------------------------------------before batch_pred = model(blocks, batch_inputs) 
 Nvidia-smi: 1.2655029296875 GB
    Memory Allocated: 0.008180618286132812  GigaBytes
Max Memory Allocated: 0.012128829956054688  GigaBytes

torch.Size([967, 1433])
torch.Size([346, 128])
-----------------------------------------batch_pred = model(blocks, batch_inputs) 
 Nvidia-smi: 1.2655029296875 GB
    Memory Allocated: 0.008824348449707031  GigaBytes
Max Memory Allocated: 0.012128829956054688  GigaBytes

----------------------------------------before batch_pred = model(blocks, batch_inputs) 
 Nvidia-smi: 1.2655029296875 GB
    Memory Allocated: 0.00769805908203125  GigaBytes
Max Memory Allocated: 0.01283884048461914  GigaBytes

torch.Size([876, 1433])
torch.Size([351, 128])
-----------------------------------------batch_pred = model(blocks, batch_inputs) 
 Nvidia-smi: 1.2655029296875 GB
    Memory Allocated: 0.008423328399658203  GigaBytes
Max Memory Allocated: 0.01283884048461914  GigaBytes

----------------------------------------before batch_pred = model(blocks, batch_inputs) 
 Nvidia-smi: 1.2655029296875 GB
    Memory Allocated: 0.006398200988769531  GigaBytes
Max Memory Allocated: 0.01283884048461914  GigaBytes

torch.Size([634, 1433])
torch.Size([224, 128])
-----------------------------------------batch_pred = model(blocks, batch_inputs) 
 Nvidia-smi: 1.2655029296875 GB
    Memory Allocated: 0.006828784942626953  GigaBytes
Max Memory Allocated: 0.01283884048461914  GigaBytes

----------------------------------------before batch_pred = model(blocks, batch_inputs) 
 Nvidia-smi: 1.2655029296875 GB
    Memory Allocated: 0.005860805511474609  GigaBytes
Max Memory Allocated: 0.01283884048461914  GigaBytes

torch.Size([534, 1433])
torch.Size([139, 128])
-----------------------------------------batch_pred = model(blocks, batch_inputs) 
 Nvidia-smi: 1.2655029296875 GB
    Memory Allocated: 0.006178379058837891  GigaBytes
Max Memory Allocated: 0.01283884048461914  GigaBytes

----------------------------------------before batch_pred = model(blocks, batch_inputs) 
 Nvidia-smi: 1.2655029296875 GB
    Memory Allocated: 0.00852346420288086  GigaBytes
Max Memory Allocated: 0.01283884048461914  GigaBytes

torch.Size([1031, 1433])
torch.Size([384, 128])
-----------------------------------------batch_pred = model(blocks, batch_inputs) 
 Nvidia-smi: 1.2655029296875 GB
    Memory Allocated: 0.009247779846191406  GigaBytes
Max Memory Allocated: 0.01283884048461914  GigaBytes

----------------------------------------before batch_pred = model(blocks, batch_inputs) 
 Nvidia-smi: 1.2655029296875 GB
    Memory Allocated: 0.008687496185302734  GigaBytes
Max Memory Allocated: 0.014168262481689453  GigaBytes

torch.Size([1061, 1433])
torch.Size([391, 128])
-----------------------------------------batch_pred = model(blocks, batch_inputs) 
 Nvidia-smi: 1.2655029296875 GB
    Memory Allocated: 0.009477615356445312  GigaBytes
Max Memory Allocated: 0.014168262481689453  GigaBytes

----------------------------------------before batch_pred = model(blocks, batch_inputs) 
 Nvidia-smi: 1.2655029296875 GB
    Memory Allocated: 0.00853109359741211  GigaBytes
Max Memory Allocated: 0.014175891876220703  GigaBytes

torch.Size([960, 1433])
torch.Size([343, 128])
-----------------------------------------batch_pred = model(blocks, batch_inputs) 
 Nvidia-smi: 1.2655029296875 GB
    Memory Allocated: 0.009185314178466797  GigaBytes
Max Memory Allocated: 0.014175891876220703  GigaBytes

----------------------------------------before batch_pred = model(blocks, batch_inputs) 
 Nvidia-smi: 1.2655029296875 GB
    Memory Allocated: 0.005299091339111328  GigaBytes
Max Memory Allocated: 0.014175891876220703  GigaBytes

torch.Size([429, 1433])
torch.Size([143, 128])
-----------------------------------------batch_pred = model(blocks, batch_inputs) 
 Nvidia-smi: 1.2655029296875 GB
    Memory Allocated: 0.005621910095214844  GigaBytes
Max Memory Allocated: 0.014175891876220703  GigaBytes

----------------------------------------before batch_pred = model(blocks, batch_inputs) 
 Nvidia-smi: 1.2655029296875 GB
    Memory Allocated: 0.006253242492675781  GigaBytes
Max Memory Allocated: 0.014175891876220703  GigaBytes

torch.Size([607, 1433])
torch.Size([201, 128])
-----------------------------------------batch_pred = model(blocks, batch_inputs) 
 Nvidia-smi: 1.2655029296875 GB
    Memory Allocated: 0.0066699981689453125  GigaBytes
Max Memory Allocated: 0.014175891876220703  GigaBytes

----------------------------------------before batch_pred = model(blocks, batch_inputs) 
 Nvidia-smi: 1.2655029296875 GB
    Memory Allocated: 0.007324695587158203  GigaBytes
Max Memory Allocated: 0.014175891876220703  GigaBytes

torch.Size([807, 1433])
torch.Size([321, 128])
-----------------------------------------batch_pred = model(blocks, batch_inputs) 
 Nvidia-smi: 1.2655029296875 GB
    Memory Allocated: 0.007919788360595703  GigaBytes
Max Memory Allocated: 0.014175891876220703  GigaBytes

----------------------------------------before batch_pred = model(blocks, batch_inputs) 
 Nvidia-smi: 1.2655029296875 GB
    Memory Allocated: 0.0050678253173828125  GigaBytes
Max Memory Allocated: 0.014175891876220703  GigaBytes

torch.Size([386, 1433])
torch.Size([102, 128])
-----------------------------------------batch_pred = model(blocks, batch_inputs) 
 Nvidia-smi: 1.2655029296875 GB
    Memory Allocated: 0.005306243896484375  GigaBytes
Max Memory Allocated: 0.014175891876220703  GigaBytes

----------------------------------------before batch_pred = model(blocks, batch_inputs) 
 Nvidia-smi: 1.2655029296875 GB
    Memory Allocated: 0.007092475891113281  GigaBytes
Max Memory Allocated: 0.014175891876220703  GigaBytes

torch.Size([764, 1433])
torch.Size([232, 128])
-----------------------------------------batch_pred = model(blocks, batch_inputs) 
 Nvidia-smi: 1.2655029296875 GB
    Memory Allocated: 0.007564067840576172  GigaBytes
Max Memory Allocated: 0.014175891876220703  GigaBytes

----------------------------------------before batch_pred = model(blocks, batch_inputs) 
 Nvidia-smi: 1.2655029296875 GB
    Memory Allocated: 0.005568981170654297  GigaBytes
Max Memory Allocated: 0.014175891876220703  GigaBytes

torch.Size([479, 1433])
torch.Size([165, 128])
-----------------------------------------batch_pred = model(blocks, batch_inputs) 
 Nvidia-smi: 1.2655029296875 GB
    Memory Allocated: 0.005902767181396484  GigaBytes
Max Memory Allocated: 0.014175891876220703  GigaBytes

times | data loading | block to device | model prediction | loss calculation | loss backward |  optimizer step |
      |0.0025793612003326416 |0.022086769342422485 |0.051832959055900574 |0.00012792646884918213 |0.002673998475074768 |0.002801656723022461 |
----------------------------------------------------------pseudo_mini_loss sum 3.773024797439575
 Run 0| Epoch 0 |
Number of nodes for computation during this epoch:  16669
Number of first layer input nodes during this epoch:  11852
----------------------------------------before generate_dataloader_block 
 Nvidia-smi: 1.2713623046875 GB
    Memory Allocated: 0.008593082427978516  GigaBytes
Max Memory Allocated: 0.014175891876220703  GigaBytes

The real block id is  2
get_global_graph_edges_ids_block function  spend 0.0004715919494628906
random selection method range initialization spend 0.00011348724365234375
time for parepare:  6.365776062011719e-05
local_output_nid generation:  6.4373016357421875e-06
local_in_edges_tensor generation:  0.00016880035400390625
mini_batch_src_global generation:  2.1696090698242188e-05
r_  generation:  3.0994415283203125e-05
local_output_nid generation:  5.4836273193359375e-06
local_in_edges_tensor generation:  0.00010442733764648438
mini_batch_src_global generation:  1.5735626220703125e-05
r_  generation:  2.574920654296875e-05
local_output_nid generation:  5.0067901611328125e-06
local_in_edges_tensor generation:  9.679794311523438e-05
mini_batch_src_global generation:  1.5497207641601562e-05
r_  generation:  2.288818359375e-05
local_output_nid generation:  4.5299530029296875e-06
local_in_edges_tensor generation:  9.465217590332031e-05
mini_batch_src_global generation:  1.5497207641601562e-05
r_  generation:  2.8133392333984375e-05
local_output_nid generation:  4.5299530029296875e-06
local_in_edges_tensor generation:  9.5367431640625e-05
mini_batch_src_global generation:  1.52587890625e-05
r_  generation:  2.193450927734375e-05
local_output_nid generation:  4.76837158203125e-06
local_in_edges_tensor generation:  9.465217590332031e-05
mini_batch_src_global generation:  1.52587890625e-05
r_  generation:  2.2172927856445312e-05
local_output_nid generation:  4.5299530029296875e-06
local_in_edges_tensor generation:  9.34600830078125e-05
mini_batch_src_global generation:  1.4781951904296875e-05
r_  generation:  2.8848648071289062e-05
local_output_nid generation:  3.5762786865234375e-06
local_in_edges_tensor generation:  9.465217590332031e-05
mini_batch_src_global generation:  1.52587890625e-05
r_  generation:  2.9325485229492188e-05
local_output_nid generation:  4.5299530029296875e-06
local_in_edges_tensor generation:  9.417533874511719e-05
mini_batch_src_global generation:  2.193450927734375e-05
r_  generation:  2.6464462280273438e-05
local_output_nid generation:  5.0067901611328125e-06
local_in_edges_tensor generation:  0.00010895729064941406
mini_batch_src_global generation:  1.6689300537109375e-05
r_  generation:  2.765655517578125e-05
local_output_nid generation:  4.76837158203125e-06
local_in_edges_tensor generation:  9.799003601074219e-05
mini_batch_src_global generation:  1.5735626220703125e-05
r_  generation:  2.86102294921875e-05
local_output_nid generation:  4.5299530029296875e-06
local_in_edges_tensor generation:  9.417533874511719e-05
mini_batch_src_global generation:  1.5020370483398438e-05
r_  generation:  2.4080276489257812e-05
local_output_nid generation:  4.5299530029296875e-06
local_in_edges_tensor generation:  9.250640869140625e-05
mini_batch_src_global generation:  1.430511474609375e-05
r_  generation:  2.5272369384765625e-05
local_output_nid generation:  3.337860107421875e-06
local_in_edges_tensor generation:  9.34600830078125e-05
mini_batch_src_global generation:  1.52587890625e-05
r_  generation:  3.0517578125e-05
local_output_nid generation:  4.5299530029296875e-06
local_in_edges_tensor generation:  9.489059448242188e-05
mini_batch_src_global generation:  1.52587890625e-05
r_  generation:  3.0279159545898438e-05
local_output_nid generation:  3.814697265625e-06
local_in_edges_tensor generation:  9.369850158691406e-05
mini_batch_src_global generation:  1.430511474609375e-05
r_  generation:  1.621246337890625e-05
----------------------check_connections_block total spend ----------------------------- 0.0030770301818847656
generate_one_block  0.0010828971862792969
generate_one_block  0.0009965896606445312
generate_one_block  0.0010373592376708984
generate_one_block  0.0010225772857666016
generate_one_block  0.0009958744049072266
generate_one_block  0.0010063648223876953
generate_one_block  0.0011670589447021484
generate_one_block  0.0010085105895996094
generate_one_block  0.0009958744049072266
generate_one_block  0.0010521411895751953
generate_one_block  0.0009853839874267578
generate_one_block  0.0009548664093017578
generate_one_block  0.0009512901306152344
generate_one_block  0.0009808540344238281
generate_one_block  0.0009691715240478516
generate_one_block  0.0009512901306152344
The real block id is  1
get_global_graph_edges_ids_block function  spend 0.0006074905395507812
gen group dst list time:  0.00010132789611816406
time for parepare:  0.00018858909606933594
local_output_nid generation:  7.3909759521484375e-06
local_in_edges_tensor generation:  0.000186920166015625
mini_batch_src_global generation:  3.4809112548828125e-05
r_  generation:  0.00012803077697753906
local_output_nid generation:  4.76837158203125e-06
local_in_edges_tensor generation:  0.00011420249938964844
mini_batch_src_global generation:  2.7418136596679688e-05
r_  generation:  8.630752563476562e-05
local_output_nid generation:  4.76837158203125e-06
local_in_edges_tensor generation:  0.00011992454528808594
mini_batch_src_global generation:  2.5033950805664062e-05
r_  generation:  0.00013208389282226562
local_output_nid generation:  5.9604644775390625e-06
local_in_edges_tensor generation:  0.00011181831359863281
mini_batch_src_global generation:  3.337860107421875e-05
r_  generation:  0.00015616416931152344
local_output_nid generation:  4.5299530029296875e-06
local_in_edges_tensor generation:  0.0001087188720703125
mini_batch_src_global generation:  2.6702880859375e-05
r_  generation:  0.00012135505676269531
local_output_nid generation:  4.76837158203125e-06
local_in_edges_tensor generation:  0.00010514259338378906
mini_batch_src_global generation:  2.5987625122070312e-05
r_  generation:  0.00012803077697753906
local_output_nid generation:  5.7220458984375e-06
local_in_edges_tensor generation:  0.00010728836059570312
mini_batch_src_global generation:  2.6941299438476562e-05
r_  generation:  0.00013780593872070312
local_output_nid generation:  7.3909759521484375e-06
local_in_edges_tensor generation:  0.00010919570922851562
mini_batch_src_global generation:  2.8133392333984375e-05
r_  generation:  0.00015974044799804688
local_output_nid generation:  5.0067901611328125e-06
local_in_edges_tensor generation:  0.00010704994201660156
mini_batch_src_global generation:  2.86102294921875e-05
r_  generation:  0.00014781951904296875
local_output_nid generation:  5.9604644775390625e-06
local_in_edges_tensor generation:  0.00010943412780761719
mini_batch_src_global generation:  2.8848648071289062e-05
r_  generation:  0.00016999244689941406
local_output_nid generation:  6.67572021484375e-06
local_in_edges_tensor generation:  0.00011038780212402344
mini_batch_src_global generation:  4.029273986816406e-05
r_  generation:  0.00018024444580078125
local_output_nid generation:  5.4836273193359375e-06
local_in_edges_tensor generation:  0.00011181831359863281
mini_batch_src_global generation:  2.9087066650390625e-05
r_  generation:  0.00014138221740722656
local_output_nid generation:  4.76837158203125e-06
local_in_edges_tensor generation:  0.00010466575622558594
mini_batch_src_global generation:  2.3603439331054688e-05
r_  generation:  9.250640869140625e-05
local_output_nid generation:  7.62939453125e-06
local_in_edges_tensor generation:  0.00010848045349121094
mini_batch_src_global generation:  2.574920654296875e-05
r_  generation:  0.00015354156494140625
local_output_nid generation:  7.152557373046875e-06
local_in_edges_tensor generation:  0.00010776519775390625
mini_batch_src_global generation:  2.956390380859375e-05
r_  generation:  0.0001671314239501953
local_output_nid generation:  2.86102294921875e-06
local_in_edges_tensor generation:  9.989738464355469e-05
mini_batch_src_global generation:  2.09808349609375e-05
r_  generation:  5.030632019042969e-05
----------------------check_connections_block total spend ----------------------------- 0.005719900131225586
generate_one_block  0.0011835098266601562
generate_one_block  0.0011191368103027344
generate_one_block  0.0012454986572265625
generate_one_block  0.0011730194091796875
generate_one_block  0.0011587142944335938
generate_one_block  0.0011682510375976562
generate_one_block  0.0011546611785888672
generate_one_block  0.0011937618255615234
generate_one_block  0.0011904239654541016
generate_one_block  0.0011425018310546875
generate_one_block  0.0011513233184814453
generate_one_block  0.0011699199676513672
generate_one_block  0.0010366439819335938
generate_one_block  0.0011134147644042969
generate_one_block  0.0011494159698486328
generate_one_block  0.0010266304016113281
The real block id is  0
get_global_graph_edges_ids_block function  spend 0.0007226467132568359
gen group dst list time:  0.0001895427703857422
time for parepare:  0.00021958351135253906
local_output_nid generation:  2.002716064453125e-05
local_in_edges_tensor generation:  0.00022125244140625
mini_batch_src_global generation:  7.05718994140625e-05
r_  generation:  0.0005104541778564453
local_output_nid generation:  1.5974044799804688e-05
local_in_edges_tensor generation:  0.0001392364501953125
mini_batch_src_global generation:  5.984306335449219e-05
r_  generation:  0.00029587745666503906
local_output_nid generation:  2.86102294921875e-05
local_in_edges_tensor generation:  0.0001647472381591797
mini_batch_src_global generation:  6.628036499023438e-05
r_  generation:  0.0005581378936767578
local_output_nid generation:  2.7894973754882812e-05
local_in_edges_tensor generation:  0.0001533031463623047
mini_batch_src_global generation:  7.200241088867188e-05
r_  generation:  0.0005736351013183594
local_output_nid generation:  2.288818359375e-05
local_in_edges_tensor generation:  0.0001518726348876953
mini_batch_src_global generation:  6.818771362304688e-05
r_  generation:  0.0005285739898681641
local_output_nid generation:  2.5987625122070312e-05
local_in_edges_tensor generation:  0.00015974044799804688
mini_batch_src_global generation:  6.723403930664062e-05
r_  generation:  0.0005486011505126953
local_output_nid generation:  2.4557113647460938e-05
local_in_edges_tensor generation:  0.00015163421630859375
mini_batch_src_global generation:  6.890296936035156e-05
r_  generation:  0.0005898475646972656
local_output_nid generation:  2.47955322265625e-05
local_in_edges_tensor generation:  0.00015926361083984375
mini_batch_src_global generation:  7.2479248046875e-05
r_  generation:  0.0005736351013183594
local_output_nid generation:  2.7179718017578125e-05
local_in_edges_tensor generation:  0.00015473365783691406
mini_batch_src_global generation:  7.271766662597656e-05
r_  generation:  0.0006184577941894531
local_output_nid generation:  3.743171691894531e-05
local_in_edges_tensor generation:  0.00016498565673828125
mini_batch_src_global generation:  7.796287536621094e-05
r_  generation:  0.000652313232421875
local_output_nid generation:  2.8848648071289062e-05
local_in_edges_tensor generation:  0.00016236305236816406
mini_batch_src_global generation:  8.916854858398438e-05
r_  generation:  0.0006597042083740234
local_output_nid generation:  2.765655517578125e-05
local_in_edges_tensor generation:  0.00015687942504882812
mini_batch_src_global generation:  7.343292236328125e-05
r_  generation:  0.0006053447723388672
local_output_nid generation:  1.7642974853515625e-05
local_in_edges_tensor generation:  0.00014519691467285156
mini_batch_src_global generation:  5.7697296142578125e-05
r_  generation:  0.00035381317138671875
local_output_nid generation:  2.193450927734375e-05
local_in_edges_tensor generation:  0.00014591217041015625
mini_batch_src_global generation:  6.151199340820312e-05
r_  generation:  0.0005078315734863281
local_output_nid generation:  2.6226043701171875e-05
local_in_edges_tensor generation:  0.00015163421630859375
mini_batch_src_global generation:  7.271766662597656e-05
r_  generation:  0.0006034374237060547
local_output_nid generation:  7.867813110351562e-06
local_in_edges_tensor generation:  0.00012445449829101562
mini_batch_src_global generation:  4.315376281738281e-05
r_  generation:  0.0001723766326904297
----------------------check_connections_block total spend ----------------------------- 0.015178203582763672
generate_one_block  0.0015859603881835938
generate_one_block  0.0013616085052490234
generate_one_block  0.0016808509826660156
generate_one_block  0.0016579627990722656
generate_one_block  0.0015711784362792969
generate_one_block  0.0015988349914550781
generate_one_block  0.0015757083892822266
generate_one_block  0.0015990734100341797
generate_one_block  0.0016338825225830078
generate_one_block  0.001661539077758789
generate_one_block  0.0017445087432861328
generate_one_block  0.0017211437225341797
generate_one_block  0.0013494491577148438
generate_one_block  0.0014755725860595703
generate_one_block  0.0015773773193359375
generate_one_block  0.001127481460571289
-----------------------------------------after block dataloader generation 
 Nvidia-smi: 1.2713623046875 GB
    Memory Allocated: 0.008593082427978516  GigaBytes
Max Memory Allocated: 0.014175891876220703  GigaBytes

connection checking time:  0.020898103713989258
block generation total time  0.043298959732055664
average batch blocks generation time:  0.002706184983253479
block dataloader generation time/epoch 0.09770894050598145
----------------------------------------before batch_pred = model(blocks, batch_inputs) 
 Nvidia-smi: 1.2713623046875 GB
    Memory Allocated: 0.009670257568359375  GigaBytes
Max Memory Allocated: 0.014175891876220703  GigaBytes

torch.Size([686, 1433])
torch.Size([221, 128])
-----------------------------------------batch_pred = model(blocks, batch_inputs) 
 Nvidia-smi: 1.2713623046875 GB
    Memory Allocated: 0.010121822357177734  GigaBytes
Max Memory Allocated: 0.014175891876220703  GigaBytes

----------------------------------------before batch_pred = model(blocks, batch_inputs) 
 Nvidia-smi: 1.2713623046875 GB
    Memory Allocated: 0.008720874786376953  GigaBytes
Max Memory Allocated: 0.014175891876220703  GigaBytes

torch.Size([509, 1433])
torch.Size([119, 128])
-----------------------------------------batch_pred = model(blocks, batch_inputs) 
 Nvidia-smi: 1.2713623046875 GB
    Memory Allocated: 0.00900125503540039  GigaBytes
Max Memory Allocated: 0.014175891876220703  GigaBytes

----------------------------------------before batch_pred = model(blocks, batch_inputs) 
 Nvidia-smi: 1.2713623046875 GB
    Memory Allocated: 0.010021209716796875  GigaBytes
Max Memory Allocated: 0.014175891876220703  GigaBytes

torch.Size([751, 1433])
torch.Size([304, 128])
-----------------------------------------batch_pred = model(blocks, batch_inputs) 
 Nvidia-smi: 1.2713623046875 GB
    Memory Allocated: 0.010588645935058594  GigaBytes
Max Memory Allocated: 0.014175891876220703  GigaBytes

----------------------------------------before batch_pred = model(blocks, batch_inputs) 
 Nvidia-smi: 1.2713623046875 GB
    Memory Allocated: 0.01078033447265625  GigaBytes
Max Memory Allocated: 0.014770984649658203  GigaBytes

torch.Size([893, 1433])
torch.Size([310, 128])
-----------------------------------------batch_pred = model(blocks, batch_inputs) 
 Nvidia-smi: 1.2713623046875 GB
    Memory Allocated: 0.011404991149902344  GigaBytes
Max Memory Allocated: 0.014770984649658203  GigaBytes

----------------------------------------before batch_pred = model(blocks, batch_inputs) 
 Nvidia-smi: 1.2713623046875 GB
    Memory Allocated: 0.010136604309082031  GigaBytes
Max Memory Allocated: 0.014888286590576172  GigaBytes

torch.Size([773, 1433])
torch.Size([250, 128])
-----------------------------------------batch_pred = model(blocks, batch_inputs) 
 Nvidia-smi: 1.2713623046875 GB
    Memory Allocated: 0.010625839233398438  GigaBytes
Max Memory Allocated: 0.014888286590576172  GigaBytes

----------------------------------------before batch_pred = model(blocks, batch_inputs) 
 Nvidia-smi: 1.2713623046875 GB
    Memory Allocated: 0.010777473449707031  GigaBytes
Max Memory Allocated: 0.014888286590576172  GigaBytes

torch.Size([849, 1433])
torch.Size([287, 128])
-----------------------------------------batch_pred = model(blocks, batch_inputs) 
 Nvidia-smi: 1.2713623046875 GB
    Memory Allocated: 0.011322975158691406  GigaBytes
Max Memory Allocated: 0.014888286590576172  GigaBytes

----------------------------------------before batch_pred = model(blocks, batch_inputs) 
 Nvidia-smi: 1.2713623046875 GB
    Memory Allocated: 0.010325431823730469  GigaBytes
Max Memory Allocated: 0.015075206756591797  GigaBytes

torch.Size([808, 1433])
torch.Size([282, 128])
-----------------------------------------batch_pred = model(blocks, batch_inputs) 
 Nvidia-smi: 1.2713623046875 GB
    Memory Allocated: 0.010883331298828125  GigaBytes
Max Memory Allocated: 0.015075206756591797  GigaBytes

----------------------------------------before batch_pred = model(blocks, batch_inputs) 
 Nvidia-smi: 1.2713623046875 GB
    Memory Allocated: 0.010891437530517578  GigaBytes
Max Memory Allocated: 0.015187263488769531  GigaBytes

torch.Size([914, 1433])
torch.Size([286, 128])
-----------------------------------------batch_pred = model(blocks, batch_inputs) 
 Nvidia-smi: 1.2713623046875 GB
    Memory Allocated: 0.011497974395751953  GigaBytes
Max Memory Allocated: 0.015187263488769531  GigaBytes

----------------------------------------before batch_pred = model(blocks, batch_inputs) 
 Nvidia-smi: 1.2713623046875 GB
    Memory Allocated: 0.010406494140625  GigaBytes
Max Memory Allocated: 0.015267372131347656  GigaBytes

torch.Size([823, 1433])
torch.Size([329, 128])
-----------------------------------------batch_pred = model(blocks, batch_inputs) 
 Nvidia-smi: 1.2713623046875 GB
    Memory Allocated: 0.011026382446289062  GigaBytes
Max Memory Allocated: 0.015267372131347656  GigaBytes

----------------------------------------before batch_pred = model(blocks, batch_inputs) 
 Nvidia-smi: 1.2713623046875 GB
    Memory Allocated: 0.01108551025390625  GigaBytes
Max Memory Allocated: 0.015459537506103516  GigaBytes

torch.Size([950, 1433])
torch.Size([364, 128])
-----------------------------------------batch_pred = model(blocks, batch_inputs) 
 Nvidia-smi: 1.2713623046875 GB
    Memory Allocated: 0.011788368225097656  GigaBytes
Max Memory Allocated: 0.015459537506103516  GigaBytes

----------------------------------------before batch_pred = model(blocks, batch_inputs) 
 Nvidia-smi: 1.2713623046875 GB
    Memory Allocated: 0.010755538940429688  GigaBytes
Max Memory Allocated: 0.01580667495727539  GigaBytes
Using backend: pytorch

torch.Size([888, 1433])
torch.Size([339, 128])
-----------------------------------------batch_pred = model(blocks, batch_inputs) 
 Nvidia-smi: 1.2713623046875 GB
    Memory Allocated: 0.011433124542236328  GigaBytes
Max Memory Allocated: 0.01580667495727539  GigaBytes

----------------------------------------before batch_pred = model(blocks, batch_inputs) 
 Nvidia-smi: 1.2713623046875 GB
    Memory Allocated: 0.011083602905273438  GigaBytes
Max Memory Allocated: 0.01580667495727539  GigaBytes

torch.Size([919, 1433])
torch.Size([320, 128])
-----------------------------------------batch_pred = model(blocks, batch_inputs) 
 Nvidia-smi: 1.2713623046875 GB
    Memory Allocated: 0.01170206069946289  GigaBytes
Max Memory Allocated: 0.01580667495727539  GigaBytes

----------------------------------------before batch_pred = model(blocks, batch_inputs) 
 Nvidia-smi: 1.2713623046875 GB
    Memory Allocated: 0.00898885726928711  GigaBytes
Max Memory Allocated: 0.01580667495727539  GigaBytes

torch.Size([559, 1433])
torch.Size([185, 128])
-----------------------------------------batch_pred = model(blocks, batch_inputs) 
 Nvidia-smi: 1.2713623046875 GB
    Memory Allocated: 0.00935983657836914  GigaBytes
Max Memory Allocated: 0.01580667495727539  GigaBytes

----------------------------------------before batch_pred = model(blocks, batch_inputs) 
 Nvidia-smi: 1.2713623046875 GB
    Memory Allocated: 0.011081695556640625  GigaBytes
Max Memory Allocated: 0.01580667495727539  GigaBytes

torch.Size([806, 1433])
torch.Size([251, 128])
-----------------------------------------batch_pred = model(blocks, batch_inputs) 
 Nvidia-smi: 1.2713623046875 GB
    Memory Allocated: 0.011647224426269531  GigaBytes
Max Memory Allocated: 0.01580667495727539  GigaBytes

----------------------------------------before batch_pred = model(blocks, batch_inputs) 
 Nvidia-smi: 1.2713623046875 GB
    Memory Allocated: 0.010294437408447266  GigaBytes
Max Memory Allocated: 0.01580667495727539  GigaBytes

torch.Size([802, 1433])
torch.Size([299, 128])
-----------------------------------------batch_pred = model(blocks, batch_inputs) 
 Nvidia-smi: 1.2713623046875 GB
    Memory Allocated: 0.010918140411376953  GigaBytes
Max Memory Allocated: 0.01580667495727539  GigaBytes

----------------------------------------before batch_pred = model(blocks, batch_inputs) 
 Nvidia-smi: 1.2713623046875 GB
    Memory Allocated: 0.007686614990234375  GigaBytes
Max Memory Allocated: 0.01580667495727539  GigaBytes

torch.Size([316, 1433])
torch.Size([65, 128])
-----------------------------------------batch_pred = model(blocks, batch_inputs) 
 Nvidia-smi: 1.2713623046875 GB
    Memory Allocated: 0.007837295532226562  GigaBytes
Max Memory Allocated: 0.01580667495727539  GigaBytes

times | data loading | block to device | model prediction | loss calculation | loss backward |  optimizer step |
      |0.0012745410203933716 |0.00038573145866394043 |0.0031261593103408813 |0.00010538101196289062 |0.003090277314186096 |0.002788543701171875 |
----------------------------------------------------------pseudo_mini_loss sum 1.7315775156021118
Total (block generation + training)time/epoch 0.24333643913269043
Training time/epoch 0.1452629566192627
Training time without block to device /epoch 0.13909125328063965
Training time without total dataloading part /epoch 0.10393762588500977
load block tensor time/epoch 0.020392656326293945
block to device time/epoch 0.006171703338623047
input features size transfer per epoch 2.1457672119140625e-06
blocks size to device per epoch 1.430511474609375e-06
 Run 0| Epoch 1 |
Number of nodes for computation during this epoch:  17224
Number of first layer input nodes during this epoch:  12246
