main start at this time 1648529473.3641508
-----------------------------------------before load data 
 Nvidia-smi: 0.1717529296875 GB
    Memory Allocated: 0.0  GigaBytes
Max Memory Allocated: 0.0  GigaBytes

  NumNodes: 19717
  NumEdges: 88651
  NumFeats: 500
  NumClasses: 3
  NumTrainingSamples: 60
  NumValidationSamples: 500
  NumTestSamples: 1000
Done loading data from cached files.
success----------------------------------------
60
500
19157
# Nodes: 19717
# Edges: 88648
# Train: 60
# Val: 500
# Test: 19157
# Classes: 3

in feats:  500
----------------------------------------before generate_dataloader_block 
 Nvidia-smi: 1.0369873046875 GB
    Memory Allocated: 0.0076618194580078125  GigaBytes
Max Memory Allocated: 0.0076618194580078125  GigaBytes

The real block id is  2
get_global_graph_edges_ids_block function  spend 0.0012519359588623047
range selection method range initialization spend 0.00010037422180175781
time for parepare:  4.1961669921875e-05
local_output_nid generation:  2.0742416381835938e-05
local_in_edges_tensor generation:  0.00016808509826660156
mini_batch_src_global generation:  2.47955322265625e-05
r_  generation:  0.0014371871948242188
local_output_nid generation:  7.62939453125e-06
local_in_edges_tensor generation:  0.0001289844512939453
mini_batch_src_global generation:  2.288818359375e-05
r_  generation:  2.8371810913085938e-05
local_output_nid generation:  6.9141387939453125e-06
local_in_edges_tensor generation:  0.00010037422180175781
mini_batch_src_global generation:  2.574920654296875e-05
r_  generation:  3.3855438232421875e-05
local_output_nid generation:  6.198883056640625e-06
local_in_edges_tensor generation:  9.202957153320312e-05
mini_batch_src_global generation:  1.5020370483398438e-05
r_  generation:  3.123283386230469e-05
----------------------check_connections_block total spend ----------------------------- 0.0023908615112304688
generate_one_block  0.0012805461883544922
generate_one_block  0.0010523796081542969
generate_one_block  0.0009779930114746094
generate_one_block  0.0010135173797607422
The real block id is  1
get_global_graph_edges_ids_block function  spend 0.0007963180541992188
gen group dst list time:  3.361701965332031e-05
time for parepare:  0.00021529197692871094
local_output_nid generation:  1.3828277587890625e-05
local_in_edges_tensor generation:  0.00017786026000976562
mini_batch_src_global generation:  4.9114227294921875e-05
r_  generation:  0.00039887428283691406
local_output_nid generation:  6.4373016357421875e-06
local_in_edges_tensor generation:  0.0001285076141357422
mini_batch_src_global generation:  4.5299530029296875e-05
r_  generation:  0.00018548965454101562
local_output_nid generation:  9.5367431640625e-06
local_in_edges_tensor generation:  0.00011754035949707031
mini_batch_src_global generation:  3.910064697265625e-05
r_  generation:  0.0003046989440917969
local_output_nid generation:  8.106231689453125e-06
local_in_edges_tensor generation:  0.00011515617370605469
mini_batch_src_global generation:  4.410743713378906e-05
r_  generation:  0.00029277801513671875
----------------------check_connections_block total spend ----------------------------- 0.0025551319122314453
generate_one_block  0.0016062259674072266
generate_one_block  0.0011801719665527344
generate_one_block  0.0013535022735595703
generate_one_block  0.0013751983642578125
The real block id is  0
get_global_graph_edges_ids_block function  spend 0.0009472370147705078
gen group dst list time:  6.580352783203125e-05
time for parepare:  0.0007011890411376953
local_output_nid generation:  5.793571472167969e-05
local_in_edges_tensor generation:  0.0003342628479003906
mini_batch_src_global generation:  0.00019097328186035156
r_  generation:  0.002251863479614258
local_output_nid generation:  3.790855407714844e-05
local_in_edges_tensor generation:  0.00017642974853515625
mini_batch_src_global generation:  0.00017023086547851562
r_  generation:  0.0010025501251220703
local_output_nid generation:  5.221366882324219e-05
local_in_edges_tensor generation:  0.0002079010009765625
mini_batch_src_global generation:  0.00016927719116210938
r_  generation:  0.001810312271118164
local_output_nid generation:  5.054473876953125e-05
local_in_edges_tensor generation:  0.00038433074951171875
mini_batch_src_global generation:  0.0002486705780029297
r_  generation:  0.001962423324584961
----------------------check_connections_block total spend ----------------------------- 0.011707782745361328
generate_one_block  0.004362583160400391
generate_one_block  0.002107858657836914
generate_one_block  0.0032770633697509766
generate_one_block  0.0035333633422851562
-----------------------------------------after block dataloader generation 
 Nvidia-smi: 1.0369873046875 GB
    Memory Allocated: 0.0076618194580078125  GigaBytes
Max Memory Allocated: 0.0076618194580078125  GigaBytes

connection checking time:  0.014262914657592773
block generation total time  0.01879596710205078
average batch blocks generation time:  0.004698991775512695
----------------------------------------before batch_pred = model(blocks, batch_inputs) 
 Nvidia-smi: 1.1014404296875 GB
    Memory Allocated: 0.014558792114257812  GigaBytes
Max Memory Allocated: 0.014558792114257812  GigaBytes

torch.Size([3664, 500])
torch.Size([875, 32])
-----------------------------------------batch_pred = model(blocks, batch_inputs) 
 Nvidia-smi: 1.4608154296875 GB
    Memory Allocated: 0.24785947799682617  GigaBytes
Max Memory Allocated: 0.2640042304992676  GigaBytes

----------------------------------------before batch_pred = model(blocks, batch_inputs) 
 Nvidia-smi: 1.4608154296875 GB
    Memory Allocated: 0.018406391143798828  GigaBytes
Max Memory Allocated: 0.2640042304992676  GigaBytes

torch.Size([1640, 500])
torch.Size([466, 32])
-----------------------------------------batch_pred = model(blocks, batch_inputs) 
 Nvidia-smi: 1.4608154296875 GB
    Memory Allocated: 0.10771608352661133  GigaBytes
Max Memory Allocated: 0.2640042304992676  GigaBytes

----------------------------------------before batch_pred = model(blocks, batch_inputs) 
 Nvidia-smi: 1.4608154296875 GB
    Memory Allocated: 0.022202014923095703  GigaBytes
Max Memory Allocated: 0.2640042304992676  GigaBytes

torch.Size([3344, 500])
torch.Size([716, 32])
-----------------------------------------batch_pred = model(blocks, batch_inputs) 
 Nvidia-smi: 1.4608154296875 GB
    Memory Allocated: 0.20183038711547852  GigaBytes
Max Memory Allocated: 0.2640042304992676  GigaBytes

----------------------------------------before batch_pred = model(blocks, batch_inputs) 
 Nvidia-smi: 1.4608154296875 GB
    Memory Allocated: 0.020399093627929688  GigaBytes
Max Memory Allocated: 0.2640042304992676  GigaBytes

torch.Size([2692, 500])
torch.Size([682, 32])
-----------------------------------------batch_pred = model(blocks, batch_inputs) 
 Nvidia-smi: 1.4608154296875 GB
    Memory Allocated: 0.22664642333984375  GigaBytes
Max Memory Allocated: 0.2640042304992676  GigaBytes

times | data loading | block to device | model prediction | loss calculation | loss backward |  optimizer step |
      |0.0032370686531066895 |0.08550405502319336 |0.22651082277297974 |0.00016307830810546875 |0.1260162591934204 |0.008629798889160156 |
----------------------------------------------------------pseudo_mini_loss sum 2.149724245071411
 Run 0| Epoch 0 |
Number of nodes for computation during this epoch:  14434
Number of first layer input nodes during this epoch:  11340
----------------------------------------before generate_dataloader_block 
 Nvidia-smi: 1.4803466796875 GB
    Memory Allocated: 0.03579425811767578  GigaBytes
Max Memory Allocated: 0.2640042304992676  GigaBytes

The real block id is  2
get_global_graph_edges_ids_block function  spend 0.0005855560302734375
range selection method range initialization spend 5.9604644775390625e-05
time for parepare:  6.008148193359375e-05
local_output_nid generation:  9.059906005859375e-06
local_in_edges_tensor generation:  0.00020956993103027344
mini_batch_src_global generation:  2.7418136596679688e-05
r_  generation:  5.1975250244140625e-05
local_output_nid generation:  8.106231689453125e-06
local_in_edges_tensor generation: Using backend: pytorch
 0.0001277923583984375
mini_batch_src_global generation:  2.4080276489257812e-05
r_  generation:  4.553794860839844e-05
local_output_nid generation:  9.059906005859375e-06
local_in_edges_tensor generation:  0.00013875961303710938
mini_batch_src_global generation:  2.1457672119140625e-05
r_  generation:  4.076957702636719e-05
local_output_nid generation:  7.867813110351562e-06
local_in_edges_tensor generation:  0.0001266002655029297
mini_batch_src_global generation:  2.1696090698242188e-05
r_  generation:  5.412101745605469e-05
----------------------check_connections_block total spend ----------------------------- 0.0013027191162109375
generate_one_block  0.0013670921325683594
generate_one_block  0.0012919902801513672
generate_one_block  0.001283407211303711
generate_one_block  0.001316070556640625
The real block id is  1
get_global_graph_edges_ids_block function  spend 0.0006399154663085938
gen group dst list time:  4.410743713378906e-05
time for parepare:  0.00030231475830078125
local_output_nid generation:  1.2159347534179688e-05
local_in_edges_tensor generation:  0.00023055076599121094
mini_batch_src_global generation:  5.435943603515625e-05
r_  generation:  0.00035953521728515625
local_output_nid generation:  9.775161743164062e-06
local_in_edges_tensor generation:  0.00015354156494140625
mini_batch_src_global generation:  6.270408630371094e-05
r_  generation:  0.0003209114074707031
local_output_nid generation:  1.1444091796875e-05
local_in_edges_tensor generation:  0.00015401840209960938
mini_batch_src_global generation:  5.91278076171875e-05
r_  generation:  0.00042629241943359375
local_output_nid generation:  1.621246337890625e-05
local_in_edges_tensor generation:  0.00016045570373535156
mini_batch_src_global generation:  6.699562072753906e-05
r_  generation:  0.00047588348388671875
----------------------check_connections_block total spend ----------------------------- 0.0034265518188476562
generate_one_block  0.0017940998077392578
generate_one_block  0.0016872882843017578
generate_one_block  0.002171754837036133
generate_one_block  0.0019011497497558594
The real block id is  0
get_global_graph_edges_ids_block function  spend 0.0011420249938964844
gen group dst list time:  9.846687316894531e-05
time for parepare:  0.0008661746978759766
local_output_nid generation:  8.988380432128906e-05
local_in_edges_tensor generation:  0.00035119056701660156
mini_batch_src_global generation:  0.00021409988403320312
r_  generation:  0.001984119415283203
local_output_nid generation:  6.723403930664062e-05
local_in_edges_tensor generation:  0.00024127960205078125
mini_batch_src_global generation:  0.00025272369384765625
r_  generation:  0.0019049644470214844
local_output_nid generation:  8.96453857421875e-05
local_in_edges_tensor generation:  0.00026488304138183594
mini_batch_src_global generation:  0.00028395652770996094
r_  generation:  0.0027494430541992188
local_output_nid generation:  0.00010347366333007812
local_in_edges_tensor generation:  0.0002827644348144531
mini_batch_src_global generation:  0.00029087066650390625
r_  generation:  0.0028374195098876953
----------------------check_connections_block total spend ----------------------------- 0.01549077033996582
generate_one_block  0.0032045841217041016
generate_one_block  0.0030019283294677734
generate_one_block  0.003796100616455078
generate_one_block  0.00400853157043457
-----------------------------------------after block dataloader generation 
 Nvidia-smi: 1.4803466796875 GB
    Memory Allocated: 0.03579425811767578  GigaBytes
Max Memory Allocated: 0.2640042304992676  GigaBytes

connection checking time:  0.018917322158813477
block generation total time  0.02156543731689453
average batch blocks generation time:  0.005391359329223633
block dataloader generation time/epoch 0.07261776924133301
----------------------------------------before batch_pred = model(blocks, batch_inputs) 
 Nvidia-smi: 1.4803466796875 GB
    Memory Allocated: 0.035952091217041016  GigaBytes
Max Memory Allocated: 0.2640042304992676  GigaBytes

torch.Size([2828, 500])
torch.Size([677, 32])
-----------------------------------------batch_pred = model(blocks, batch_inputs) 
 Nvidia-smi: 1.4803466796875 GB
    Memory Allocated: 0.1841444969177246  GigaBytes
Max Memory Allocated: 0.2640042304992676  GigaBytes

----------------------------------------before batch_pred = model(blocks, batch_inputs) 
 Nvidia-smi: 1.4803466796875 GB
    Memory Allocated: 0.035715579986572266  GigaBytes
Max Memory Allocated: 0.2640042304992676  GigaBytes

torch.Size([2701, 500])
torch.Size([589, 32])
-----------------------------------------batch_pred = model(blocks, batch_inputs) 
 Nvidia-smi: 1.4803466796875 GB
    Memory Allocated: 0.18134307861328125  GigaBytes
Max Memory Allocated: 0.2640042304992676  GigaBytes

----------------------------------------before batch_pred = model(blocks, batch_inputs) 
 Nvidia-smi: 1.4803466796875 GB
    Memory Allocated: 0.03608417510986328  GigaBytes
Max Memory Allocated: 0.2640042304992676  GigaBytes

torch.Size([2887, 500])
torch.Size([702, 32])
-----------------------------------------batch_pred = model(blocks, batch_inputs) 
 Nvidia-smi: 1.4803466796875 GB
    Memory Allocated: 0.25336503982543945  GigaBytes
Max Memory Allocated: 0.2694525718688965  GigaBytes

----------------------------------------before batch_pred = model(blocks, batch_inputs) 
 Nvidia-smi: 1.4803466796875 GB
    Memory Allocated: 0.03720998764038086  GigaBytes
Max Memory Allocated: 0.2694525718688965  GigaBytes

torch.Size([3491, 500])
torch.Size([846, 32])
-----------------------------------------batch_pred = model(blocks, batch_inputs) 
 Nvidia-smi: 1.4803466796875 GB
    Memory Allocated: 0.2583427429199219  GigaBytes
Max Memory Allocated: 0.27240991592407227  GigaBytes

times | data loading | block to device | model prediction | loss calculation | loss backward |  optimizer step |
      |0.00426560640335083 |0.0007876157760620117 |0.1083371639251709 |0.0001265406608581543 |0.1290135383605957 |0.010757684707641602 |
----------------------------------------------------------pseudo_mini_loss sum 1.9948288202285767
Total (block generation + training)time/epoch 1.0615644454956055
Training time/epoch 0.9887175559997559
Training time without block to device /epoch 0.9855670928955078
Training time without total dataloading part /epoch 0.9606666564941406
load block tensor time/epoch 0.01706242561340332
block to device time/epoch 0.003150463104248047
input features size transfer per epoch 5.364418029785156e-07
blocks size to device per epoch 3.5762786865234375e-07
 Run 0| Epoch 1 |
Number of nodes for computation during this epoch:  15078
Number of first layer input nodes during this epoch:  11907
