main start at this time 1648526293.4262667
-----------------------------------------before load data 
 Nvidia-smi: 0.1717529296875 GB
    Memory Allocated: 0.0  GigaBytes
Max Memory Allocated: 0.0  GigaBytes

  NumNodes: 19717
  NumEdges: 88651
  NumFeats: 500
  NumClasses: 3
  NumTrainingSamples: 60
  NumValidationSamples: 500
  NumTestSamples: 1000
Done loading data from cached files.
success----------------------------------------
60
500
19157
# Nodes: 19717
# Edges: 88648
# Train: 60
# Val: 500
# Test: 19157
# Classes: 3

in feats:  500
----------------------------------------before generate_dataloader_block 
 Nvidia-smi: 1.0174560546875 GB
    Memory Allocated: 0.00027561187744140625  GigaBytes
Max Memory Allocated: 0.00027561187744140625  GigaBytes

The real block id is  2
get_global_graph_edges_ids_block function  spend 0.0029633045196533203
random selection method range initialization spend 0.00019407272338867188
time for parepare:  4.649162292480469e-05
local_output_nid generation:  2.0503997802734375e-05
local_in_edges_tensor generation:  0.0001850128173828125
mini_batch_src_global generation:  2.3365020751953125e-05
r_  generation:  0.001434326171875
local_output_nid generation:  5.9604644775390625e-06
local_in_edges_tensor generation:  0.00012946128845214844
mini_batch_src_global generation:  2.2411346435546875e-05
r_  generation:  3.075599670410156e-05
local_output_nid generation:  5.245208740234375e-06
local_in_edges_tensor generation:  0.00010347366333007812
mini_batch_src_global generation:  1.5020370483398438e-05
r_  generation:  3.0517578125e-05
local_output_nid generation:  5.245208740234375e-06
local_in_edges_tensor generation:  9.989738464355469e-05
mini_batch_src_global generation:  1.6927719116210938e-05
r_  generation:  3.7670135498046875e-05
local_output_nid generation:  4.5299530029296875e-06
local_in_edges_tensor generation:  9.775161743164062e-05
mini_batch_src_global generation:  1.5974044799804688e-05
r_  generation:  2.765655517578125e-05
local_output_nid generation:  5.0067901611328125e-06
local_in_edges_tensor generation:  9.584426879882812e-05
mini_batch_src_global generation:  1.52587890625e-05
r_  generation:  2.3365020751953125e-05
local_output_nid generation:  4.5299530029296875e-06
local_in_edges_tensor generation:  9.489059448242188e-05
mini_batch_src_global generation:  1.430511474609375e-05
r_  generation:  2.09808349609375e-05
local_output_nid generation:  3.337860107421875e-06
local_in_edges_tensor generation:  9.441375732421875e-05
mini_batch_src_global generation:  1.3828277587890625e-05
r_  generation:  1.5020370483398438e-05
----------------------check_connections_block total spend ----------------------------- 0.003108501434326172
generate_one_block  0.0012781620025634766
generate_one_block  0.0011086463928222656
generate_one_block  0.0010271072387695312
generate_one_block  0.0010514259338378906
generate_one_block  0.0010275840759277344
generate_one_block  0.0010340213775634766
generate_one_block  0.0010292530059814453
generate_one_block  0.001008749008178711
The real block id is  1
get_global_graph_edges_ids_block function  spend 0.0014181137084960938
gen group dst list time:  5.698204040527344e-05
time for parepare:  0.0002269744873046875
local_output_nid generation:  5.245208740234375e-06
local_in_edges_tensor generation:  0.00017642974853515625
mini_batch_src_global generation:  2.8848648071289062e-05
r_  generation:  0.00012922286987304688
local_output_nid generation:  5.7220458984375e-06
local_in_edges_tensor generation:  0.00011444091796875
mini_batch_src_global generation:  2.574920654296875e-05
r_  generation:  0.00011706352233886719
local_output_nid generation:  4.76837158203125e-06
local_in_edges_tensor generation:  0.00010657310485839844
mini_batch_src_global generation:  2.6226043701171875e-05
r_  generation:  0.00012993812561035156
local_output_nid generation:  9.298324584960938e-06
local_in_edges_tensor generation:  0.00011539459228515625
mini_batch_src_global generation:  3.552436828613281e-05
r_  generation:  0.0002574920654296875
local_output_nid generation:  6.9141387939453125e-06
local_in_edges_tensor generation:  0.00011372566223144531
mini_batch_src_global generation:  3.457069396972656e-05
r_  generation:  0.00020623207092285156
local_output_nid generation:  4.5299530029296875e-06
local_in_edges_tensor generation:  0.00011110305786132812
mini_batch_src_global generation:  2.9802322387695312e-05
r_  generation:  0.0001595020294189453
local_output_nid generation:  4.76837158203125e-06
local_in_edges_tensor generation:  0.00011014938354492188
mini_batch_src_global generation:  3.337860107421875e-05
r_  generation:  0.0002219676971435547
local_output_nid generation:  2.6226043701171875e-06
local_in_edges_tensor generation:  0.00010752677917480469
mini_batch_src_global generation:  2.7179718017578125e-05
r_  generation:  9.822845458984375e-05
----------------------check_connections_block total spend ----------------------------- 0.0033283233642578125
generate_one_block  0.0012545585632324219
generate_one_block  0.0011518001556396484
generate_one_block  0.0011882781982421875
generate_one_block  0.0013797283172607422
generate_one_block  0.0012860298156738281
generate_one_block  0.0012292861938476562
generate_one_block  0.0013225078582763672
generate_one_block  0.0011372566223144531
The real block id is  0
get_global_graph_edges_ids_block function  spend 0.0010762214660644531
gen group dst list time:  8.916854858398438e-05
time for parepare:  0.0007441043853759766
local_output_nid generation:  2.5272369384765625e-05
local_in_edges_tensor generation:  0.00025725364685058594
mini_batch_src_global generation:  7.128715515136719e-05
r_  generation:  0.0006906986236572266
local_output_nid generation:  2.0742416381835938e-05
local_in_edges_tensor generation:  0.00027632713317871094
mini_batch_src_global generation:  8.273124694824219e-05
r_  generation:  0.0005831718444824219
local_output_nid generation:  2.4080276489257812e-05
local_in_edges_tensor generation:  0.00015664100646972656
mini_batch_src_global generation:  8.106231689453125e-05
r_  generation:  0.0006945133209228516
local_output_nid generation:  4.4345855712890625e-05
local_in_edges_tensor generation:  0.00019788742065429688
mini_batch_src_global generation:  0.00015664100646972656
r_  generation:  0.0015914440155029297
local_output_nid generation:  3.695487976074219e-05
local_in_edges_tensor generation:  0.00017786026000976562
mini_batch_src_global generation:  0.00017690658569335938
r_  generation:  0.0013823509216308594
local_output_nid generation:  3.123283386230469e-05
local_in_edges_tensor generation:  0.00016760826110839844
mini_batch_src_global generation:  0.00011086463928222656
r_  generation:  0.0008673667907714844
local_output_nid generation:  3.719329833984375e-05
local_in_edges_tensor generation:  0.00017881393432617188
mini_batch_src_global generation:  0.0001442432403564453
r_  generation:  0.001468658447265625
local_output_nid generation:  2.0742416381835938e-05
local_in_edges_tensor generation:  0.00015401840209960938
mini_batch_src_global generation:  9.012222290039062e-05
r_  generation:  0.0005083084106445312
----------------------check_connections_block total spend ----------------------------- 0.013351917266845703
generate_one_block  0.0027332305908203125
generate_one_block  0.0016353130340576172
generate_one_block  0.0017464160919189453
generate_one_block  0.002907991409301758
generate_one_block  0.002610445022583008
generate_one_block  0.0019283294677734375
generate_one_block  0.0026781558990478516
generate_one_block  0.0015573501586914062
-----------------------------------------after block dataloader generation 
 Nvidia-smi: 1.0174560546875 GB
    Memory Allocated: 0.00027561187744140625  GigaBytes
Max Memory Allocated: 0.00027561187744140625  GigaBytes

connection checking time:  0.016680240631103516
block generation total time  0.02774667739868164
average batch blocks generation time:  0.003468334674835205
----------------------------------------before batch_pred = model(blocks, batch_inputs) 
 Nvidia-smi: 1.1014404296875 GB
    Memory Allocated: 0.0027375221252441406  GigaBytes
Max Memory Allocated: 0.0027375221252441406  GigaBytes

torch.Size([1310, 500])
torch.Size([250, 64])
-----------------------------------------batch_pred = model(blocks, batch_inputs) 
 Nvidia-smi: 1.2615966796875 GB
    Memory Allocated: 0.003002166748046875  GigaBytes
Max Memory Allocated: 0.0032477378845214844  GigaBytes

----------------------------------------before batch_pred = model(blocks, batch_inputs) 
 Nvidia-smi: 1.2615966796875 GB
    Memory Allocated: 0.0025124549865722656  GigaBytes
Max Memory Allocated: 0.00493621826171875  GigaBytes

torch.Size([1044, 500])
torch.Size([206, 64])
-----------------------------------------batch_pred = model(blocks, batch_inputs) 
 Nvidia-smi: 1.2615966796875 GB
    Memory Allocated: 0.0027441978454589844  GigaBytes
Max Memory Allocated: 0.00493621826171875  GigaBytes

----------------------------------------before batch_pred = model(blocks, batch_inputs) 
 Nvidia-smi: 1.2615966796875 GB
    Memory Allocated: 0.0030117034912109375  GigaBytes
Max Memory Allocated: 0.00493621826171875  GigaBytes

torch.Size([1040, 500])
torch.Size([281, 64])
-----------------------------------------batch_pred = model(blocks, batch_inputs) 
 Nvidia-smi: 1.2615966796875 GB
    Memory Allocated: 0.0032892227172851562  GigaBytes
Max Memory Allocated: 0.00493621826171875  GigaBytes

----------------------------------------before batch_pred = model(blocks, batch_inputs) 
 Nvidia-smi: 1.2615966796875 GB
    Memory Allocated: 0.00632476806640625  GigaBytes
Max Memory Allocated: 0.008720874786376953  GigaBytes

torch.Size([3076, 500])
torch.Size([580, 64])
-----------------------------------------batch_pred = model(blocks, batch_inputs) 
 Nvidia-smi: 1.2615966796875 GB
    Memory Allocated: 0.00691986083984375  GigaBytes
Max Memory Allocated: 0.008720874786376953  GigaBytes

----------------------------------------before batch_pred = model(blocks, batch_inputs) 
 Nvidia-smi: 1.2635498046875 GB
    Memory Allocated: 0.004421234130859375  GigaBytes
Max Memory Allocated: 0.01011037826538086  GigaBytes

torch.Size([2056, 500])
torch.Size([413, 64])
-----------------------------------------batch_pred = model(blocks, batch_inputs) 
 Nvidia-smi: 1.2635498046875 GB
    Memory Allocated: 0.004846096038818359  GigaBytes
Max Memory Allocated: 0.01011037826538086  GigaBytes

----------------------------------------before batch_pred = model(blocks, batch_inputs) 
 Nvidia-smi: 1.2635498046875 GB
    Memory Allocated: 0.003264904022216797  GigaBytes
Max Memory Allocated: 0.01011037826538086  GigaBytes

torch.Size([1444, 500])
torch.Size([386, 64])
-----------------------------------------batch_pred = model(blocks, batch_inputs) 
 Nvidia-smi: 1.2635498046875 GB
    Memory Allocated: 0.0036377906799316406  GigaBytes
Max Memory Allocated: 0.01011037826538086  GigaBytes

----------------------------------------before batch_pred = model(blocks, batch_inputs) 
 Nvidia-smi: 1.2635498046875 GB
    Memory Allocated: 0.003609180450439453  GigaBytes
Max Memory Allocated: 0.01011037826538086  GigaBytes

torch.Size([1618, 500])
torch.Size([463, 64])
-----------------------------------------batch_pred = model(blocks, batch_inputs) 
 Nvidia-smi: 1.2635498046875 GB
    Memory Allocated: 0.004060268402099609  GigaBytes
Max Memory Allocated: 0.01011037826538086  GigaBytes

----------------------------------------before batch_pred = model(blocks, batch_inputs) 
 Nvidia-smi: 1.2635498046875 GB
    Memory Allocated: 0.0023927688598632812  GigaBytes
Max Memory Allocated: 0.01011037826538086  GigaBytes

torch.Size([777, 500])
torch.Size([226, 64])
-----------------------------------------batch_pred = model(blocks, batch_inputs) 
 Nvidia-smi: 1.2635498046875 GB
    Memory Allocated: 0.0026082992553710938  GigaBytes
Max Memory Allocated: 0.01011037826538086  GigaBytes

times | data loading | block to device | model prediction | loss calculation | loss backward |  optimizer step |
      |0.0036078691482543945 |0.04343855381011963 |0.09876978397369385 |0.00015631318092346191 |0.0025871098041534424 |0.0019850730895996094 |
----------------------------------------------------------pseudo_mini_loss sum 2.477086305618286
 Run 0| Epoch 0 |
Number of nodes for computation during this epoch:  15526
Number of first layer input nodes during this epoch:  12365
----------------------------------------before generate_dataloader_block 
 Nvidia-smi: 1.2635498046875 GB
    Memory Allocated: 0.002974987030029297  GigaBytes
Max Memory Allocated: 0.01011037826538086  GigaBytes

The real block id is  2
get_global_graph_edges_ids_block function  spend 0.0004858970642089844
random selection method range initialization spend 0.00010466575622558594
time for parepare:  4.553794860839844e-05
local_output_nid generation:  6.4373016357421875e-06
local_in_edges_tensor generation:  0.00017023086547851562
mini_batch_src_global generation:  2.1457672119140625e-05
r_  generation:  3.8623809814453125e-05
local_output_nid generation:  5.0067901611328125e-06
local_in_edges_tensor generation:  0.00010466575622558594
mini_batch_src_global generation:  1.6689300537109375e-05
r_  generation:  2.0742416381835938e-05
local_output_nid generation:  5.0067901611328125e-06
local_in_edges_tensor generation:  0.00010776519775390625
mini_batch_src_global generation:  1.430511474609375e-05
r_  generation:  1.6927719116210938e-05
local_output_nid generation:  4.291534423828125e-06
local_in_edges_tensor generation:  9.34600830078125e-05
mini_batch_src_global generation:  1.4781951904296875e-05
r_  generation:  2.0265579223632812e-05
local_output_nid generation:  4.5299530029296875e-06
local_in_edges_tensor generation:  9.34600830078125e-05
mini_batch_src_global generation:  1.5497207641601562e-05
r_  generation:  3.075599670410156e-05
local_output_nid generation:  4.0531158447265625e-06
local_in_edges_tensor generation:  9.393692016601562e-05
mini_batch_src_global generation:  1.5974044799804688e-05
r_  generation:  2.7418136596679688e-05
local_output_nid generation:  4.0531158447265625e-06
local_in_edges_tensor generation:  9.369850158691406e-05
mini_batch_src_global generation:  1.6450881958007812e-05
r_  generation:  3.1948089599609375e-05
local_output_nid generation:  3.337860107421875e-06
local_in_edges_tensor generation:  9.250640869140625e-05
mini_batch_src_global generation:  1.4543533325195312e-05
r_  generation:  1.3828277587890625e-05
----------------------check_connections_block total spend ----------------------------- 0.0015842914581298828
generate_one_block  0.0010457038879394531
generate_one_block  0.001027822494506836
generate_one_block  0.001016378402709961
generate_one_block  0.0011239051818847656
generate_one_block  0.0010461807250976562
generate_one_block  0.0010406970977783203
generate_one_block  0.0010349750518798828
generate_one_block  0.0009906291961669922
The real block id is  1
get_global_graph_edges_ids_block function  spend 0.0004935264587402344
gen group dst list time:  4.935264587402344e-05
time for parepare:  0.0002646446228027344
local_output_nid generation:  7.152557373046875e-06
local_in_edges_tensor generation:  0.0001850128173828125
mini_batch_src_global generation:  5.173683166503906e-05
r_  generation:  0.0003361701965332031
local_output_nid generation:  3.814697265625e-06
local_in_edges_tensor generation:  0.00011610984802246094
mini_batch_src_global generation:  3.600120544433594e-05
r_  generation:  0.00011920928955078125
local_output_nid generation:  3.814697265625e-06
local_in_edges_tensor generation:  0.00010609626770019531
mini_batch_src_global generation:  2.2411346435546875e-05
r_  generation:  7.081031799316406e-05
local_output_nid generation:  5.0067901611328125e-06
local_in_edges_tensor generation:  0.00010418891906738281
mini_batch_src_global generation:  2.8848648071289062e-05
r_  generation:  0.00015664100646972656
local_output_nid generation:  7.867813110351562e-06
local_in_edges_tensor generation:  0.0001087188720703125
mini_batch_src_global generation:  3.0994415283203125e-05
r_  generation:  0.00019860267639160156
local_output_nid generation:  5.9604644775390625e-06
local_in_edges_tensor generation:  0.00011181831359863281
mini_batch_src_global generation:  3.337860107421875e-05
r_  generation:  0.00020766258239746094
local_output_nid generation:  8.344650268554688e-06
local_in_edges_tensor generation:  0.0001277923583984375
mini_batch_src_global generation:  3.743171691894531e-05
r_  generation:  0.00020503997802734375
local_output_nid generation:  1.9073486328125e-06
local_in_edges_tensor generation:  0.00010776519775390625
mini_batch_src_global generation:  2.288818359375e-05
r_  generation:  4.7206878662109375e-05
----------------------check_connections_block total spend ----------------------------- 0.0034868717193603516
generate_one_block  0.001493215560913086
generate_one_block  0.0011324882507324219
generate_one_block  0.001117706298828125
generate_one_block  0.0012383460998535156
generate_one_block  0.0012552738189697266
generate_one_block  0.0012633800506591797
generate_one_block  0.0012590885162353516
generate_one_block  0.001056671142578125
The real block id is  0
get_global_graph_edges_ids_block function  spend 0.001079559326171875
gen group dst list time:  9.250640869140625e-05
time for parepare:  0.0007276535034179688
local_output_nid generation:  5.221366882324219e-05
local_in_edges_tensor generation:  0.0003218650817871094
mini_batch_src_global generation:  0.00021076202392578125
r_  generation:  0.002084493637084961
local_output_nid generation:  2.4080276489257812e-05
local_in_edges_tensor generation:  0.00015783309936523438
mini_batch_src_global generation:  0.00010657310485839844
r_  generation:  0.0006043910980224609
local_output_nid generation:  1.5497207641601562e-05
local_in_edges_tensor generation:  0.00014328956604003906
mini_batch_src_global generation:  4.9114227294921875e-05
r_  generation:  0.00026488304138183594
local_output_nid generation:  3.695487976074219e-05
local_in_edges_tensor generation:  0.0001685619354248047
mini_batch_src_global generation:  8.797645568847656e-05
r_  generation:  0.0009627342224121094
local_output_nid generation:  3.910064697265625e-05
local_in_edges_tensor generation:  0.00018024444580078125
mini_batch_src_global generation:  0.0001270771026611328
r_  generation:  0.0012524127960205078
local_output_nid generation:  3.9577484130859375e-05
local_in_edges_tensor generation:  0.0001842975616455078
mini_batch_src_global generation:  0.000152587890625
r_  generation:  0.0014233589172363281
local_output_nid generation:  3.170967102050781e-05
local_in_edges_tensor generation:  0.0001704692840576172
mini_batch_src_global generation:  0.0001251697540283203
r_  generation:  0.0010609626770019531
local_output_nid generation:  7.867813110351562e-06
local_in_edges_tensor generation:  0.00013399124145507812
mini_batch_src_global generation:  5.53131103515625e-05
r_  generation:  0.00018930435180664062
----------------------check_connections_block total spend ----------------------------- 0.013459920883178711
generate_one_block  0.003876209259033203
generate_one_block  0.0016665458679199219
generate_one_block  0.0013074874877929688
generate_one_block  0.00222015380859375
generate_one_block  0.002565622329711914
generate_one_block  0.002661466598510742
generate_one_block  0.0022673606872558594
generate_one_block  0.0011410713195800781
-----------------------------------------after block dataloader generation 
 Nvidia-smi: 1.2635498046875 GB
    Memory Allocated: 0.002974987030029297  GigaBytes
Max Memory Allocated: 0.01011037826538086  GigaBytes

connection checking time:  0.016946792602539062
block generation total time  0.02752208709716797
average batch blocks generation time:  0.003440260887145996
block dataloader generation time/epoch 0.06608152389526367
----------------------------------------before batch_pred = model(blocks, batch_inputs) 
 Nvidia-smi: 1.2635498046875 GB
    Memory Allocated: 0.006844520568847656  GigaBytes
Max Memory Allocated: 0.01011037826538086  GigaBytes

torch.Size([3052, 500])
torch.Size([692, 64])
-----------------------------------------batch_pred = model(blocks, batch_inputs) 
 Nvidia-smi: 1.2655029296875 GB
    Memory Allocated: 0.007524967193603516  GigaBytes
Max Memory Allocated: 0.01011037826538086  GigaBytes

----------------------------------------before batch_pred = model(blocks, batch_inputs) 
 Nvidia-smi: 1.2655029296875 GB
    Memory Allocated: 0.00283050537109375  GigaBytes
Max Memory Allocated: 0.01011037826538086  GigaBytes

torch.Size([922, 500])
torch.Size([230, 64])
-----------------------------------------batch_pred = model(blocks, batch_inputs) 
 Nvidia-smi: 1.2655029296875 GB
    Memory Allocated: 0.003058910369873047  GigaBytes
Max Memory Allocated: 0.01011037826538086  GigaBytes

----------------------------------------before batch_pred = model(blocks, batch_inputs) 
 Nvidia-smi: 1.2655029296875 GB
    Memory Allocated: 0.0018606185913085938  GigaBytes
Max Memory Allocated: 0.01011037826538086  GigaBytes

torch.Size([406, 500])
torch.Size([148, 64])
-----------------------------------------batch_pred = model(blocks, batch_inputs) 
 Nvidia-smi: 1.2655029296875 GB
    Memory Allocated: 0.0020127296447753906  GigaBytes
Max Memory Allocated: 0.01011037826538086  GigaBytes

----------------------------------------before batch_pred = model(blocks, batch_inputs) 
 Nvidia-smi: 1.2655029296875 GB
    Memory Allocated: 0.004051685333251953  GigaBytes
Max Memory Allocated: 0.01011037826538086  GigaBytes

torch.Size([1572, 500])
torch.Size([405, 64])
-----------------------------------------batch_pred = model(blocks, batch_inputs) 
 Nvidia-smi: 1.2655029296875 GB
    Memory Allocated: 0.0044345855712890625  GigaBytes
Max Memory Allocated: 0.01011037826538086  GigaBytes

----------------------------------------before batch_pred = model(blocks, batch_inputs) 
 Nvidia-smi: 1.2655029296875 GB
    Memory Allocated: 0.005587577819824219  GigaBytes
Max Memory Allocated: 0.01011037826538086  GigaBytes

torch.Size([2392, 500])
torch.Size([446, 64])
-----------------------------------------batch_pred = model(blocks, batch_inputs) 
 Nvidia-smi: 1.2655029296875 GB
    Memory Allocated: 0.006044864654541016  GigaBytes
Max Memory Allocated: 0.01011037826538086  GigaBytes

----------------------------------------before batch_pred = model(blocks, batch_inputs) 
 Nvidia-smi: 1.2655029296875 GB
    Memory Allocated: 0.00479888916015625  GigaBytes
Max Memory Allocated: 0.01011037826538086  GigaBytes

torch.Size([1965, 500])
torch.Size([461, 64])
-----------------------------------------batch_pred = model(blocks, batch_inputs) 
 Nvidia-smi: 1.2655029296875 GB
    Memory Allocated: 0.005262851715087891  GigaBytes
Max Memory Allocated: 0.01011037826538086  GigaBytes

----------------------------------------before batch_pred = model(blocks, batch_inputs) 
 Nvidia-smi: 1.2655029296875 GB
    Memory Allocated: 0.004872322082519531  GigaBytes
Max Memory Allocated: 0.01011037826538086  GigaBytes

torch.Size([2011, 500])
torch.Size([368, 64])
-----------------------------------------batch_pred = model(blocks, batch_inputs) 
 Nvidia-smi: 1.2655029296875 GB
    Memory Allocated: 0.005276203155517578  GigaBytes
Max Memory Allocated: 0.01011037826538086  GigaBytes

----------------------------------------before batch_pred = model(blocks, batch_inputs) 
 Nvidia-smi: 1.2655029296875 GB
    Memory Allocated: 0.0016736984252929688  GigaBytes
Max Memory Allocated: 0.01011037826538086  GigaBytes

torch.Size([307, 500])
torch.Size([75, 64])
-----------------------------------------batch_pred = model(blocks, batch_inputs) 
 Nvidia-smi: 1.2655029296875 GB
    Memory Allocated: 0.0017561912536621094  GigaBytes
Max Memory Allocated: 0.01011037826538086  GigaBytes

times | data loading | block to device | model prediction | loss calculation | loss backward |  optimizer step |
      |0.0011038482189178467 |0.00043401122093200684 |0.00336301326751709 |0.0001207590103149414 |0.0032033026218414307 |0.0014421939849853516 |
----------------------------------------------------------pseudo_mini_loss sum 1.7655521631240845
Total (block generation + training)time/epoch 0.14334321022033691
Training time/epoch 0.07695484161376953
Training time without block to device /epoch 0.07348275184631348
Training time without total dataloading part /epoch 0.05493879318237305
load block tensor time/epoch 0.008830785751342773
block to device time/epoch 0.0034720897674560547Using backend: pytorch

input features size transfer per epoch 1.0728836059570312e-06
blocks size to device per epoch 7.152557373046875e-07
 Run 0| Epoch 1 |
Number of nodes for computation during this epoch:  15808
Number of first layer input nodes during this epoch:  12627
