main start at this time 1648432065.4141562
-----------------------------------------before load data 
 Nvidia-smi: 0.1717529296875 GB
    Memory Allocated: 0.0  GigaBytes
Max Memory Allocated: 0.0  GigaBytes

  NumNodes: 2708
  NumEdges: 10556
  NumFeats: 1433
  NumClasses: 7
  NumTrainingSamples: 140
  NumValidationSamples: 500
  NumTestSamples: 1000
Done loading data from cached files.
success----------------------------------------
140
500
2068
# Nodes: 2708
# Edges: 10556
# Train: 140
# Val: 500
# Test: 2068
# Classes: 7

in feats:  1433
----------------------------------------before generate_dataloader_block 
 Nvidia-smi: 1.0174560546875 GB
    Memory Allocated: 0.00037670135498046875  GigaBytes
Max Memory Allocated: 0.00037670135498046875  GigaBytes

The real block id is  4
get_global_graph_edges_ids_block function  spend 0.00067901611328125
random selection method range initialization spend 0.00017404556274414062
time for parepare:  6.580352783203125e-05
local_output_nid generation:  3.314018249511719e-05
local_in_edges_tensor generation:  0.0001900196075439453
mini_batch_src_global generation:  2.4318695068359375e-05
r_  generation:  0.0011684894561767578
local_output_nid generation:  6.67572021484375e-06
local_in_edges_tensor generation:  0.0001304149627685547
mini_batch_src_global generation:  2.5033950805664062e-05
r_  generation:  3.910064697265625e-05
local_output_nid generation:  5.7220458984375e-06
local_in_edges_tensor generation:  0.00010728836059570312
mini_batch_src_global generation:  1.621246337890625e-05
r_  generation:  2.6464462280273438e-05
local_output_nid generation:  5.0067901611328125e-06
local_in_edges_tensor generation:  0.000102996826171875
mini_batch_src_global generation:  1.6689300537109375e-05
r_  generation:  3.552436828613281e-05
local_output_nid generation:  4.76837158203125e-06
local_in_edges_tensor generation:  0.00011157989501953125
mini_batch_src_global generation:  1.6450881958007812e-05
r_  generation:  2.4080276489257812e-05
local_output_nid generation:  4.76837158203125e-06
local_in_edges_tensor generation:  0.00010132789611816406
mini_batch_src_global generation:  1.52587890625e-05
r_  generation:  3.3855438232421875e-05
local_output_nid generation:  4.5299530029296875e-06
local_in_edges_tensor generation:  0.00010180473327636719
mini_batch_src_global generation:  1.5974044799804688e-05
r_  generation:  2.5272369384765625e-05
local_output_nid generation:  4.76837158203125e-06
local_in_edges_tensor generation:  9.942054748535156e-05
mini_batch_src_global generation:  1.5735626220703125e-05
r_  generation:  2.956390380859375e-05
local_output_nid generation:  4.76837158203125e-06
local_in_edges_tensor generation:  9.942054748535156e-05
mini_batch_src_global generation:  1.4781951904296875e-05
r_  generation:  2.3126602172851562e-05
local_output_nid generation:  4.76837158203125e-06
local_in_edges_tensor generation:  9.775161743164062e-05
mini_batch_src_global generation:  1.4781951904296875e-05
r_  generation:  2.002716064453125e-05
local_output_nid generation:  4.291534423828125e-06
local_in_edges_tensor generation:  9.703636169433594e-05
mini_batch_src_global generation:  1.4543533325195312e-05
r_  generation:  2.86102294921875e-05
local_output_nid generation:  3.337860107421875e-06
local_in_edges_tensor generation:  9.822845458984375e-05
mini_batch_src_global generation:  1.5497207641601562e-05
r_  generation:  2.4080276489257812e-05
local_output_nid generation:  4.291534423828125e-06
local_in_edges_tensor generation:  9.822845458984375e-05
mini_batch_src_global generation:  1.4781951904296875e-05
r_  generation:  2.8371810913085938e-05
local_output_nid generation:  4.291534423828125e-06
local_in_edges_tensor generation:  9.799003601074219e-05
mini_batch_src_global generation:  1.5020370483398438e-05
r_  generation:  2.3365020751953125e-05
local_output_nid generation:  4.291534423828125e-06
local_in_edges_tensor generation:  0.0001506805419921875
mini_batch_src_global generation:  1.8358230590820312e-05
r_  generation:  3.0040740966796875e-05
local_output_nid generation:  3.814697265625e-06
local_in_edges_tensor generation:  0.00010657310485839844
mini_batch_src_global generation:  1.52587890625e-05
r_  generation:  2.3603439331054688e-05
----------------------check_connections_block total spend ----------------------------- 0.004487752914428711
generate_one_block  0.0013697147369384766
generate_one_block  0.001100778579711914
generate_one_block  0.0010714530944824219
generate_one_block  0.001088857650756836
generate_one_block  0.0010726451873779297
generate_one_block  0.0010728836059570312
generate_one_block  0.0010728836059570312
generate_one_block  0.001123666763305664
generate_one_block  0.0010712146759033203
generate_one_block  0.0010635852813720703
generate_one_block  0.001065969467163086
generate_one_block  0.0010800361633300781
generate_one_block  0.001062154769897461
generate_one_block  0.0009791851043701172
generate_one_block  0.0010960102081298828
generate_one_block  0.0009706020355224609
The real block id is  3
get_global_graph_edges_ids_block function  spend 0.0005664825439453125
gen group dst list time:  9.1552734375e-05
time for parepare:  0.0001437664031982422
local_output_nid generation:  4.601478576660156e-05
local_in_edges_tensor generation:  0.00020360946655273438
mini_batch_src_global generation:  3.075599670410156e-05
r_  generation:  0.0001385211944580078
local_output_nid generation:  9.298324584960938e-06
local_in_edges_tensor generation:  0.00012159347534179688
mini_batch_src_global generation:  3.218650817871094e-05
r_  generation:  0.00017952919006347656
local_output_nid generation:  6.198883056640625e-06
local_in_edges_tensor generation:  0.00011348724365234375
mini_batch_src_global generation:  2.7418136596679688e-05
r_  generation:  0.00011754035949707031
local_output_nid generation:  9.775161743164062e-06
local_in_edges_tensor generation:  0.00011706352233886719
mini_batch_src_global generation:  3.1948089599609375e-05
r_  generation:  0.00022292137145996094
local_output_nid generation:  5.4836273193359375e-06
local_in_edges_tensor generation:  0.00011563301086425781
mini_batch_src_global generation:  2.8848648071289062e-05
r_  generation:  0.00010943412780761719
local_output_nid generation:  5.0067901611328125e-06
local_in_edges_tensor generation:  0.00011110305786132812
mini_batch_src_global generation:  2.4318695068359375e-05
r_  generation:  0.00011205673217773438
local_output_nid generation:  5.4836273193359375e-06
local_in_edges_tensor generation:  0.00010943412780761719
mini_batch_src_global generation:  2.6702880859375e-05
r_  generation:  0.00013899803161621094
local_output_nid generation:  6.9141387939453125e-06
local_in_edges_tensor generation:  0.0001125335693359375
mini_batch_src_global generation:  2.956390380859375e-05
r_  generation:  0.0001761913299560547
local_output_nid generation:  5.4836273193359375e-06
local_in_edges_tensor generation:  0.00011110305786132812
mini_batch_src_global generation:  2.5033950805664062e-05
r_  generation:  0.00010061264038085938
local_output_nid generation:  4.0531158447265625e-06
local_in_edges_tensor generation:  0.00010848045349121094
mini_batch_src_global generation:  2.193450927734375e-05
r_  generation:  7.939338684082031e-05
local_output_nid generation:  5.4836273193359375e-06
local_in_edges_tensor generation:  0.00010848045349121094
mini_batch_src_global generation:  2.5510787963867188e-05
r_  generation:  0.0001361370086669922
local_output_nid generation:  5.4836273193359375e-06
local_in_edges_tensor generation:  0.00011157989501953125
mini_batch_src_global generation:  2.6941299438476562e-05
r_  generation:  0.00013899803161621094
local_output_nid generation:  5.9604644775390625e-06
local_in_edges_tensor generation:  0.00011181831359863281
mini_batch_src_global generation:  2.86102294921875e-05
r_  generation:  0.00016236305236816406
local_output_nid generation:  5.245208740234375e-06
local_in_edges_tensor generation:  0.00011014938354492188
mini_batch_src_global generation:  2.4318695068359375e-05
r_  generation:  0.00010132789611816406
local_output_nid generation:  6.198883056640625e-06
local_in_edges_tensor generation:  0.00011157989501953125
mini_batch_src_global generation:  3.3855438232421875e-05
r_  generation:  0.00016307830810546875
local_output_nid generation:  4.291534423828125e-06
local_in_edges_tensor generation:  0.00011920928955078125
mini_batch_src_global generation:  2.47955322265625e-05
r_  generation:  8.153915405273438e-05
----------------------check_connections_block total spend ----------------------------- 0.005816221237182617
generate_one_block  0.0012333393096923828
generate_one_block  0.0012619495391845703
generate_one_block  0.0011796951293945312
generate_one_block  0.0013031959533691406
generate_one_block  0.0011715888977050781
generate_one_block  0.003717184066772461
generate_one_block  0.001338958740234375
generate_one_block  0.0011601448059082031
generate_one_block  0.0010554790496826172
generate_one_block  0.0010366439819335938
generate_one_block  0.0011184215545654297
generate_one_block  0.0011093616485595703
generate_one_block  0.0011456012725830078
generate_one_block  0.0010957717895507812
generate_one_block  0.001135110855102539
generate_one_block  0.0010268688201904297
The real block id is  2
get_global_graph_edges_ids_block function  spend 0.0008158683776855469
gen group dst list time:  0.00018167495727539062
time for parepare:  0.0002307891845703125
local_output_nid generation:  2.09808349609375e-05
local_in_edges_tensor generation:  0.00024127960205078125
mini_batch_src_global generation:  5.8650970458984375e-05
r_  generation:  0.0005347728729248047
local_output_nid generation:  2.8371810913085938e-05
local_in_edges_tensor generation:  0.00016069412231445312
mini_batch_src_global generation:  7.891654968261719e-05
r_  generation:  0.0006287097930908203
local_output_nid generation:  1.9788742065429688e-05
local_in_edges_tensor generation:  0.0001468658447265625
mini_batch_src_global generation:  6.580352783203125e-05
r_  generation:  0.0004425048828125
local_output_nid generation:  3.170967102050781e-05
local_in_edges_tensor generation:  0.00016307830810546875
mini_batch_src_global generation:  7.939338684082031e-05
r_  generation:  0.0007529258728027344
local_output_nid generation:  1.811981201171875e-05
local_in_edges_tensor generation:  0.0001442432403564453
mini_batch_src_global generation:  6.031990051269531e-05
r_  generation:  0.0003685951232910156
local_output_nid generation:  1.7642974853515625e-05
local_in_edges_tensor generation:  0.00013899803161621094
mini_batch_src_global generation:  5.221366882324219e-05
r_  generation:  0.00037217140197753906
local_output_nid generation:  2.5033950805664062e-05
local_in_edges_tensor generation:  0.00014925003051757812
mini_batch_src_global generation:  6.175041198730469e-05
r_  generation:  0.0005517005920410156
local_output_nid generation:  2.8848648071289062e-05
local_in_edges_tensor generation:  0.00015664100646972656
mini_batch_src_global generation:  7.534027099609375e-05
r_  generation:  0.0006496906280517578
local_output_nid generation:  1.71661376953125e-05
local_in_edges_tensor generation:  0.00014853477478027344
mini_batch_src_global generation:  6.079673767089844e-05
r_  generation:  0.0003695487976074219
local_output_nid generation:  1.430511474609375e-05
local_in_edges_tensor generation:  0.0001327991485595703
mini_batch_src_global generation:  4.2438507080078125e-05
r_  generation:  0.0002658367156982422
local_output_nid generation:  2.3126602172851562e-05
local_in_edges_tensor generation:  0.0001437664031982422
mini_batch_src_global generation:  5.888938903808594e-05
r_  generation:  0.0005435943603515625
local_output_nid generation:  2.3603439331054688e-05
local_in_edges_tensor generation:  0.00014734268188476562
mini_batch_src_global generation:  6.604194641113281e-05
r_  generation:  0.0005359649658203125
local_output_nid generation:  2.6941299438476562e-05
local_in_edges_tensor generation:  0.00015282630920410156
mini_batch_src_global generation:  7.343292236328125e-05
r_  generation:  0.0006418228149414062
local_output_nid generation:  1.4781951904296875e-05
local_in_edges_tensor generation:  0.00013828277587890625
mini_batch_src_global generation:  5.555152893066406e-05
r_  generation:  0.000339508056640625
local_output_nid generation:  2.5033950805664062e-05
local_in_edges_tensor generation:  0.00014972686767578125
mini_batch_src_global generation:  6.222724914550781e-05
r_  generation:  0.0005846023559570312
local_output_nid generation:  1.0251998901367188e-05
local_in_edges_tensor generation:  0.00012922286987304688
mini_batch_src_global generation:  4.982948303222656e-05
r_  generation:  0.00025653839111328125
----------------------check_connections_block total spend ----------------------------- 0.014172554016113281
generate_one_block  0.0016834735870361328
generate_one_block  0.0017671585083007812
generate_one_block  0.0015728473663330078
generate_one_block  0.0023059844970703125
generate_one_block  0.0013513565063476562
generate_one_block  0.001348257064819336
generate_one_block  0.001554250717163086
generate_one_block  0.0018651485443115234
generate_one_block  0.0013375282287597656
generate_one_block  0.001211404800415039
generate_one_block  0.001519918441772461
generate_one_block  0.0015189647674560547
generate_one_block  0.0016360282897949219
generate_one_block  0.0012927055358886719
generate_one_block  0.0015361309051513672
generate_one_block  0.0012218952178955078
The real block id is  1
get_global_graph_edges_ids_block function  spend 0.0007011890411376953
gen group dst list time:  0.0003414154052734375
time for parepare:  0.00020456314086914062
local_output_nid generation:  5.53131103515625e-05
local_in_edges_tensor generation:  0.00031638145446777344
mini_batch_src_global generation:  0.00015401840209960938
r_  generation:  0.0012867450714111328
local_output_nid generation:  7.176399230957031e-05
local_in_edges_tensor generation:  0.00023055076599121094
mini_batch_src_global generation:  0.00017905235290527344
r_  generation:  0.001561880111694336
local_output_nid generation:  5.555152893066406e-05
local_in_edges_tensor generation:  0.0001995563507080078
mini_batch_src_global generation:  0.00012373924255371094
r_  generation:  0.001190185546875
local_output_nid generation:  7.653236389160156e-05
local_in_edges_tensor generation:  0.00023484230041503906
mini_batch_src_global generation:  0.00014901161193847656
r_  generation:  0.0016837120056152344
local_output_nid generation:  4.863739013671875e-05
local_in_edges_tensor generation:  0.0001895427703857422
mini_batch_src_global generation:  0.00011777877807617188
r_  generation:  0.0009992122650146484
local_output_nid generation:  4.267692565917969e-05
local_in_edges_tensor generation:  0.00018072128295898438
mini_batch_src_global generation:  0.00010347366333007812
r_  generation:  0.0009281635284423828
local_output_nid generation:  6.699562072753906e-05
local_in_edges_tensor generation:  0.00021576881408691406
mini_batch_src_global generation:  0.00013303756713867188
r_  generation:  0.0014562606811523438
local_output_nid generation:  7.200241088867188e-05
local_in_edges_tensor generation:  0.00022482872009277344
mini_batch_src_global generation:  0.00015282630920410156
r_  generation:  0.0015635490417480469
local_output_nid generation:  5.3882598876953125e-05
local_in_edges_tensor generation:  0.0001952648162841797
mini_batch_src_global generation:  0.0001277923583984375
r_  generation:  0.0011620521545410156
local_output_nid generation:  3.910064697265625e-05
local_in_edges_tensor generation:  0.00017189979553222656
mini_batch_src_global generation:  9.655952453613281e-05
r_  generation:  0.0007674694061279297
local_output_nid generation:  6.175041198730469e-05
local_in_edges_tensor generation:  0.0002079010009765625
mini_batch_src_global generation:  0.0001246929168701172
r_  generation:  0.0013394355773925781
local_output_nid generation:  5.7220458984375e-05
local_in_edges_tensor generation:  0.00020265579223632812
mini_batch_src_global generation:  0.00013065338134765625
r_  generation:  0.001220703125
local_output_nid generation:  7.796287536621094e-05
local_in_edges_tensor generation:  0.00023508071899414062
mini_batch_src_global generation:  0.0001571178436279297
r_  generation:  0.0015652179718017578
local_output_nid generation:  4.673004150390625e-05
local_in_edges_tensor generation:  0.00017333030700683594
mini_batch_src_global generation:  0.00011301040649414062
r_  generation:  0.0009119510650634766
local_output_nid generation:  5.841255187988281e-05
local_in_edges_tensor generation:  0.00019502639770507812
mini_batch_src_global generation:  0.00012302398681640625
r_  generation:  0.001486063003540039
local_output_nid generation:  3.62396240234375e-05
local_in_edges_tensor generation:  0.00016045570373535156
mini_batch_src_global generation:  9.608268737792969e-05
r_  generation:  0.0007383823394775391
----------------------check_connections_block total spend ----------------------------- 0.03132963180541992
generate_one_block  0.002331256866455078
generate_one_block  0.0025568008422851562
generate_one_block  0.0022122859954833984
generate_one_block  0.0034198760986328125
generate_one_block  0.002012014389038086
generate_one_block  0.0019114017486572266
generate_one_block  0.002468109130859375
generate_one_block  0.002779245376586914
generate_one_block  0.002167940139770508
generate_one_block  0.0017499923706054688
generate_one_block  0.002349853515625
generate_one_block  0.002198457717895508
generate_one_block  0.0027332305908203125
generate_one_block  0.0020465850830078125
generate_one_block  0.0023660659790039062
generate_one_block  0.0017917156219482422
The real block id is  0
get_global_graph_edges_ids_block function  spend 0.0007224082946777344
gen group dst list time:  0.0007197856903076172
time for parepare:  0.0001957416534423828
local_output_nid generation:  0.00010538101196289062
local_in_edges_tensor generation:  0.00040149688720703125
mini_batch_src_global generation:  0.0001659393310546875
r_  generation:  0.002351522445678711
local_output_nid generation:  0.00012731552124023438
local_in_edges_tensor generation:  0.0003077983856201172
mini_batch_src_global generation:  0.00025081634521484375
r_  generation:  0.0025069713592529297
local_output_nid generation:  0.00010943412780761719
local_in_edges_tensor generation:  0.0002779960632324219
mini_batch_src_global generation:  0.0001976490020751953
r_  generation:  0.002179861068725586
local_output_nid generation:  0.00012731552124023438
local_in_edges_tensor generation:  0.00031256675720214844
mini_batch_src_global generation:  0.00021982192993164062
r_  generation:  0.0026085376739501953
local_output_nid generation:  0.00010156631469726562
local_in_edges_tensor generation:  0.0002624988555908203
mini_batch_src_global generation:  0.0001857280731201172
r_  generation:  0.001959562301635742
local_output_nid generation:  8.7738037109375e-05
local_in_edges_tensor generation:  0.00024437904357910156
mini_batch_src_global generation:  0.0001678466796875
r_  generation:  0.0017282962799072266
local_output_nid generation:  0.00011706352233886719
local_in_edges_tensor generation:  0.0002918243408203125
mini_batch_src_global generation:  0.00019860267639160156
r_  generation:  0.0022246837615966797
local_output_nid generation:  0.00011491775512695312
local_in_edges_tensor generation:  0.0002772808074951172
mini_batch_src_global generation:  0.0001995563507080078
r_  generation:  0.0022678375244140625
local_output_nid generation:  0.00010514259338378906
local_in_edges_tensor generation:  0.0002574920654296875
mini_batch_src_global generation:  0.00019097328186035156
r_  generation:  0.0020666122436523438
local_output_nid generation:  7.867813110351562e-05
local_in_edges_tensor generation:  0.0002155303955078125
mini_batch_src_global generation:  0.00015354156494140625
r_  generation:  0.0014908313751220703
local_output_nid generation:  0.00010371208190917969
local_in_edges_tensor generation:  0.00025653839111328125
mini_batch_src_global generation:  0.00017762184143066406
r_  generation:  0.0020422935485839844
local_output_nid generation:  9.846687316894531e-05
local_in_edges_tensor generation:  0.0002491474151611328
mini_batch_src_global generation:  0.00017404556274414062
r_  generation:  0.0018939971923828125
local_output_nid generation:  0.00012040138244628906
local_in_edges_tensor generation:  0.00028824806213378906
mini_batch_src_global generation:  0.0002052783966064453
r_  generation:  0.0024111270904541016
local_output_nid generation:  9.799003601074219e-05
local_in_edges_tensor generation:  0.00024628639221191406
mini_batch_src_global generation:  0.0001842975616455078
r_  generation:  0.001889944076538086
local_output_nid generation:  0.00010895729064941406
local_in_edges_tensor generation:  0.0002636909484863281
mini_batch_src_global generation:  0.0001900196075439453
r_  generation:  0.0021233558654785156
local_output_nid generation:  7.2479248046875e-05
local_in_edges_tensor generation:  0.00021076202392578125
mini_batch_src_global generation:  0.00015115737915039062
r_  generation:  0.001434326171875
----------------------check_connections_block total spend ----------------------------- 0.05015873908996582
generate_one_block  0.004292964935302734
generate_one_block  0.0034492015838623047
generate_one_block  0.0031812191009521484
generate_one_block  0.0039217472076416016
generate_one_block  0.002994537353515625
generate_one_block  0.0027608871459960938
generate_one_block  0.004126548767089844
generate_one_block  0.0034525394439697266
generate_one_block  0.0032885074615478516
generate_one_block  0.002680540084838867
generate_one_block  0.003225088119506836
generate_one_block  0.003038644790649414
generate_one_block  0.0035974979400634766
generate_one_block  0.0031023025512695312
generate_one_block  0.0033159255981445312
generate_one_block  0.002573251724243164
-----------------------------------------after block dataloader generation 
 Nvidia-smi: 1.0174560546875 GB
    Memory Allocated: 0.00037670135498046875  GigaBytes
Max Memory Allocated: 0.00037670135498046875  GigaBytes

connection checking time:  0.10147714614868164
block generation total time  0.1359086036682129
average batch blocks generation time:  0.008494287729263306
----------------------------------------before batch_pred = model(blocks, batch_inputs) 
 Nvidia-smi: 1.0936279296875 GB
    Memory Allocated: 0.012191295623779297  GigaBytes
Max Memory Allocated: 0.012191295623779297  GigaBytes

torch.Size([2098, 1433])
torch.Size([1513, 32])
torch.Size([736, 32])
torch.Size([274, 32])
-----------------------------------------batch_pred = model(blocks, batch_inputs) 
 Nvidia-smi: 1.2537841796875 GB
    Memory Allocated: 0.013438224792480469  GigaBytes
Max Memory Allocated: 0.013441085815429688  GigaBytes

----------------------------------------before batch_pred = model(blocks, batch_inputs) 
 Nvidia-smi: 1.2655029296875 GB
    Memory Allocated: 0.012577056884765625  GigaBytes
Max Memory Allocated: 0.024187564849853516  GigaBytes

torch.Size([2107, 1433])
torch.Size([1639, 32])
torch.Size([920, 32])
torch.Size([320, 32])
-----------------------------------------batch_pred = model(blocks, batch_inputs) 
 Nvidia-smi: 1.2674560546875 GB
    Memory Allocated: 0.014015674591064453  GigaBytes
Max Memory Allocated: 0.024187564849853516  GigaBytes

----------------------------------------before batch_pred = model(blocks, batch_inputs) 
 Nvidia-smi: 1.2674560546875 GB
    Memory Allocated: 0.012556076049804688  GigaBytes
Max Memory Allocated: 0.024187564849853516  GigaBytes

torch.Size([2049, 1433])
torch.Size([1373, 32])
torch.Size([665, 32])
torch.Size([211, 32])
-----------------------------------------batch_pred = model(blocks, batch_inputs) 
 Nvidia-smi: 1.2674560546875 GB
    Memory Allocated: 0.013669967651367188  GigaBytes
Max Memory Allocated: 0.024187564849853516  GigaBytes

----------------------------------------before batch_pred = model(blocks, batch_inputs) 
 Nvidia-smi: 1.2674560546875 GB
    Memory Allocated: 0.012585639953613281  GigaBytes
Max Memory Allocated: 0.024187564849853516  GigaBytes

torch.Size([2195, 1433])
torch.Size([1716, 32])
torch.Size([1001, 32])
torch.Size([381, 32])
-----------------------------------------batch_pred = model(blocks, batch_inputs) 
 Nvidia-smi: 1.2674560546875 GB
    Memory Allocated: 0.014142036437988281  GigaBytes
Max Memory Allocated: 0.024187564849853516  GigaBytes

----------------------------------------before batch_pred = model(blocks, batch_inputs) 
 Nvidia-smi: 1.2674560546875 GB
    Memory Allocated: 0.011033058166503906  GigaBytes
Max Memory Allocated: 0.024187564849853516  GigaBytes

torch.Size([1912, 1433])
torch.Size([1232, 32])
torch.Size([567, 32])
torch.Size([198, 32])
-----------------------------------------batch_pred = model(blocks, batch_inputs) 
 Nvidia-smi: 1.2674560546875 GB
    Memory Allocated: 0.012019157409667969  GigaBytes
Max Memory Allocated: 0.024187564849853516  GigaBytes

----------------------------------------before batch_pred = model(blocks, batch_inputs) 
 Nvidia-smi: 1.2674560546875 GB
    Memory Allocated: 0.010147571563720703  GigaBytes
Max Memory Allocated: 0.024187564849853516  GigaBytes

torch.Size([1747, 1433])
torch.Size([1070, 32])
torch.Size([486, 32])
torch.Size([176, 32])
-----------------------------------------batch_pred = model(blocks, batch_inputs) 
 Nvidia-smi: 1.2674560546875 GB
    Memory Allocated: 0.011012077331542969  GigaBytes
Max Memory Allocated: 0.024187564849853516  GigaBytes

----------------------------------------before batch_pred = model(blocks, batch_inputs) 
 Nvidia-smi: 1.2674560546875 GB
    Memory Allocated: 0.012568473815917969  GigaBytes
Max Memory Allocated: 0.024187564849853516  GigaBytes

torch.Size([2105, 1433])
torch.Size([1541, 32])
torch.Size([835, 32])
torch.Size([289, 32])
-----------------------------------------batch_pred = model(blocks, batch_inputs) 
 Nvidia-smi: 1.2674560546875 GB
    Memory Allocated: 0.013889789581298828  GigaBytes
Max Memory Allocated: 0.024187564849853516  GigaBytes

----------------------------------------before batch_pred = model(blocks, batch_inputs) 
 Nvidia-smi: 1.2674560546875 GB
    Memory Allocated: 0.012578964233398438  GigaBytes
Max Memory Allocated: 0.024187564849853516  GigaBytes

torch.Size([2129, 1433])
torch.Size([1669, 32])
torch.Size([904, 32])
torch.Size([331, 32])
-----------------------------------------batch_pred = model(blocks, batch_inputs) 
 Nvidia-smi: 1.2674560546875 GB
    Memory Allocated: 0.014024734497070312  GigaBytes
Max Memory Allocated: 0.024187564849853516  GigaBytes

----------------------------------------before batch_pred = model(blocks, batch_inputs) 
 Nvidia-smi: 1.2674560546875 GB
    Memory Allocated: 0.012557029724121094  GigaBytes
Max Memory Allocated: 0.024187564849853516  GigaBytes

torch.Size([2071, 1433])
torch.Size([1448, 32])
torch.Size([620, 32])
torch.Size([182, 32])
-----------------------------------------batch_pred = model(blocks, batch_inputs) 
 Nvidia-smi: 1.2674560546875 GB
    Memory Allocated: 0.013659477233886719  GigaBytes
Max Memory Allocated: 0.024187564849853516  GigaBytes

----------------------------------------before batch_pred = model(blocks, batch_inputs) 
 Nvidia-smi: 1.2674560546875 GB
    Memory Allocated: 0.010388851165771484  GigaBytes
Max Memory Allocated: 0.024187564849853516  GigaBytes

torch.Size([1794, 1433])
torch.Size([1010, 32])
torch.Size([421, 32])
torch.Size([138, 32])
-----------------------------------------batch_pred = model(blocks, batch_inputs) 
 Nvidia-smi: 1.2674560546875 GB
    Memory Allocated: 0.011165142059326172  GigaBytes
Max Memory Allocated: 0.024187564849853516  GigaBytes

----------------------------------------before batch_pred = model(blocks, batch_inputs) 
 Nvidia-smi: 1.2674560546875 GB
    Memory Allocated: 0.011522769927978516  GigaBytes
Max Memory Allocated: 0.024187564849853516  GigaBytes

torch.Size([2000, 1433])
torch.Size([1471, 32])
torch.Size([752, 32])
torch.Size([263, 32])
-----------------------------------------batch_pred = model(blocks, batch_inputs) 
 Nvidia-smi: 1.2674560546875 GB
    Memory Allocated: 0.012753009796142578  GigaBytes
Max Memory Allocated: 0.024187564849853516  GigaBytes

----------------------------------------before batch_pred = model(blocks, batch_inputs) 
 Nvidia-smi: 1.2674560546875 GB
    Memory Allocated: 0.011206626892089844  GigaBytes
Max Memory Allocated: 0.024187564849853516  GigaBytes

torch.Size([1942, 1433])
torch.Size([1360, 32])
torch.Size([682, 32])
torch.Size([262, 32])
-----------------------------------------batch_pred = model(blocks, batch_inputs) 
 Nvidia-smi: 1.2674560546875 GB
    Memory Allocated: 0.01235342025756836  GigaBytes
Max Memory Allocated: 0.024187564849853516  GigaBytes

----------------------------------------before batch_pred = model(blocks, batch_inputs) 
 Nvidia-smi: 1.2811279296875 GB
    Memory Allocated: 0.012642383575439453  GigaBytes
Max Memory Allocated: 0.024187564849853516  GigaBytes

torch.Size([2206, 1433])
torch.Size([1769, 32])
torch.Size([999, 32])
torch.Size([319, 32])
-----------------------------------------batch_pred = model(blocks, batch_inputs) 
 Nvidia-smi: 1.2811279296875 GB
    Memory Allocated: 0.014173030853271484  GigaBytes
Max Memory Allocated: 0.024187564849853516  GigaBytes

----------------------------------------before batch_pred = model(blocks, batch_inputs) 
 Nvidia-smi: 1.2811279296875 GB
    Memory Allocated: 0.011490821838378906  GigaBytes
Max Memory Allocated: 0.024187564849853516  GigaBytes

torch.Size([1997, 1433])
torch.Size([1320, 32])
torch.Size([554, 32])
torch.Size([151, 32])
-----------------------------------------batch_pred = model(blocks, batch_inputs) 
 Nvidia-smi: 1.2811279296875 GB
    Memory Allocated: 0.012487411499023438  GigaBytes
Max Memory Allocated: 0.024187564849853516  GigaBytes

----------------------------------------before batch_pred = model(blocks, batch_inputs) 
 Nvidia-smi: 1.2811279296875 GB
    Memory Allocated: 0.012570381164550781  GigaBytes
Max Memory Allocated: 0.024187564849853516  GigaBytes

torch.Size([2108, 1433])
torch.Size([1540, 32])
torch.Size([798, 32])
torch.Size([295, 32])
-----------------------------------------batch_pred = model(blocks, batch_inputs) 
 Nvidia-smi: 1.2811279296875 GB
    Memory Allocated: 0.013883590698242188  GigaBytes
Max Memory Allocated: 0.024187564849853516  GigaBytes

----------------------------------------before batch_pred = model(blocks, batch_inputs) 
 Nvidia-smi: 1.2811279296875 GB
    Memory Allocated: 0.009016990661621094  GigaBytes
Max Memory Allocated: 0.024187564849853516  GigaBytes

torch.Size([1537, 1433])
torch.Size([952, 32])
torch.Size([439, 32])
torch.Size([99, 32])
-----------------------------------------batch_pred = model(blocks, batch_inputs) 
 Nvidia-smi: 1.2811279296875 GB
    Memory Allocated: 0.00975942611694336  GigaBytes
Max Memory Allocated: 0.024187564849853516  GigaBytes

times | data loading | block to device | model prediction | loss calculation | loss backward |  optimizer step |
      |0.0034838467836380005 |0.021983087062835693 |0.05304887890815735 |0.00012218952178955078 |0.0034500062465667725 |0.003159046173095703 |
----------------------------------------------------------pseudo_mini_loss sum 4.2125983238220215
 Run 0| Epoch 0 |
Number of nodes for computation during this epoch:  70657
Number of first layer input nodes during this epoch:  31997
----------------------------------------before generate_dataloader_block 
 Nvidia-smi: 1.2811279296875 GB
    Memory Allocated: 0.009902477264404297  GigaBytes
Max Memory Allocated: 0.024187564849853516  GigaBytes

The real block id is  4
get_global_graph_edges_ids_block function  spend 0.0005602836608886719
random selection method range initialization spend 0.0001418590545654297
time for parepare:  9.322166442871094e-05
local_output_nid generation:  7.3909759521484375e-06
local_in_edges_tensor generation:  0.00020885467529296875
mini_batch_src_global generation:  2.956390380859375e-05
r_  generation:  4.4345855712890625e-05
local_output_nid generation:  6.198883056640625e-06
local_in_edges_tensor generation:  0.0001316070556640625
mini_batch_src_global generation:  1.9311904907226562e-05
r_  generation:  3.123283386230469e-05
local_output_nid generation:  5.4836273193359375e-06
local_in_edges_tensor generation:  0.00012040138244628906
mini_batch_src_global generation:  1.6689300537109375e-05
r_  generation:  2.5033950805664062e-05
local_output_nid generation:  5.7220458984375e-06
local_in_edges_tensor generation:  0.00011801719665527344
mini_batch_src_global generation:  2.288818359375e-05
r_  generation:  3.886222839355469e-05
local_output_nid generation:  5.7220458984375e-06
local_in_edges_tensor generation:  0.00012922286987304688
mini_batch_src_global generation:  1.9311904907226562e-05
r_  generation:  3.9577484130859375e-05
local_output_nid generation:  5.4836273193359375e-06
local_in_edges_tensor generation:  0.00011920928955078125
mini_batch_src_global generation:  1.8358230590820312e-05
r_  generation:  3.838539123535156e-05
local_output_nid generation:  5.7220458984375e-06
local_in_edges_tensor generation:  0.00011849403381347656
mini_batch_src_global generation:  1.7881393432617188e-05
r_  generation:  3.790855407714844e-05
local_output_nid generation:  4.76837158203125e-06
local_in_edges_tensor generation:  0.00011754035949707031
mini_batch_src_global generation:  1.71661376953125e-05
r_  generation:  2.574920654296875e-05
local_output_nid generation:  5.7220458984375e-06
local_in_edges_tensor generation:  0.00011682510375976562
mini_batch_src_global generation:  1.6927719116210938e-05
r_  generation:  2.574920654296875e-05
local_output_nid generation:  5.7220458984375e-06
local_in_edges_tensor generation:  0.00011777877807617188
mini_batch_src_global generation:  1.6927719116210938e-05
r_  generation:  2.7894973754882812e-05
local_output_nid generation:  5.0067901611328125e-06
local_in_edges_tensor generation:  0.00011658668518066406
mini_batch_src_global generation:  1.5974044799804688e-05
r_  generation:  2.2649765014648438e-05
local_output_nid generation:  5.0067901611328125e-06
local_in_edges_tensor generation:  0.00011587142944335938
mini_batch_src_global generation:  1.7881393432617188e-05
r_  generation:  3.504753112792969e-05
local_output_nid generation:  4.76837158203125e-06
local_in_edges_tensor generation:  0.00011777877807617188
mini_batch_src_global generation:  1.6450881958007812e-05
r_  generation:  2.6941299438476562e-05
local_output_nid generation:  4.76837158203125e-06
local_in_edges_tensor generation:  0.00011706352233886719
mini_batch_src_global generation:  1.621246337890625e-05
r_  generation:  2.5033950805664062e-05
local_output_nid generation:  5.245208740234375e-06
local_in_edges_tensor generation:  0.00011587142944335938
mini_batch_src_global generation:  1.6689300537109375e-05
r_  generation:  2.384185791015625e-05
local_output_nid generation:  3.814697265625e-06
local_in_edges_tensor generation:  0.0001163482666015625
mini_batch_src_global generation:  1.5735626220703125e-05
r_  generation:  1.7404556274414062e-05
----------------------check_connections_block total spend ----------------------------- 0.0037543773651123047
generate_one_block  0.0013151168823242188
generate_one_block  0.001561880111694336
generate_one_block  0.0012359619140625
generate_one_block  0.0012593269348144531
generate_one_block  0.001256704330444336
generate_one_block  0.0012524127960205078
generate_one_block  0.0013453960418701172
generate_one_block  0.0010769367218017578
generate_one_block  0.0009629726409912109
generate_one_block  0.0009717941284179688
generate_one_block  0.0009562969207763672
generate_one_block  0.0009739398956298828
generate_one_block  0.0009555816650390625
generate_one_block  0.0009717941284179688
generate_one_block  0.0009605884552001953
generate_one_block  0.0010046958923339844
The real block id is  3
get_global_graph_edges_ids_block function  spend 0.0005788803100585938
gen group dst list time:  0.00013256072998046875
time for parepare:  0.0001914501190185547
local_output_nid generation:  1.4781951904296875e-05
local_in_edges_tensor generation:  0.00024271011352539062
mini_batch_src_global generation:  4.363059997558594e-05
r_  generation:  0.0001842975616455078
local_output_nid generation:  7.3909759521484375e-06
local_in_edges_tensor generation:  0.00014066696166992188
mini_batch_src_global generation:  3.528594970703125e-05
r_  generation:  0.00014472007751464844
local_output_nid generation:  6.67572021484375e-06
local_in_edges_tensor generation:  0.00013303756713867188
mini_batch_src_global generation:  2.3603439331054688e-05
r_  generation:  8.177757263183594e-05
local_output_nid generation:  9.059906005859375e-06
local_in_edges_tensor generation:  0.00013303756713867188
mini_batch_src_global generation:  2.9087066650390625e-05
r_  generation:  0.000152587890625
local_output_nid generation:  1.1920928955078125e-05
local_in_edges_tensor generation:  0.00013899803161621094
mini_batch_src_global generation:  3.743171691894531e-05
r_  generation:  0.00021910667419433594
local_output_nid generation:  9.775161743164062e-06
local_in_edges_tensor generation:  0.00013971328735351562
mini_batch_src_global generation:  3.528594970703125e-05
r_  generation:  0.0001990795135498047
local_output_nid generation:  1.1205673217773438e-05
local_in_edges_tensor generation:  0.00014162063598632812
mini_batch_src_global generation:  3.695487976074219e-05
r_  generation:  0.00022840499877929688
local_output_nid generation:  6.67572021484375e-06
local_in_edges_tensor generation:  0.0001323223114013672
mini_batch_src_global generation:  2.9802322387695312e-05
r_  generation:  0.00013899803161621094
local_output_nid generation:  7.152557373046875e-06
local_in_edges_tensor generation:  0.0001308917999267578
mini_batch_src_global generation:  2.86102294921875e-05
r_  generation:  0.00014543533325195312
local_output_nid generation:  7.62939453125e-06
local_in_edges_tensor generation:  0.0001354217529296875
mini_batch_src_global generation:  2.86102294921875e-05
r_  generation:  0.00014495849609375
local_output_nid generation:  5.7220458984375e-06
local_in_edges_tensor generation:  0.00012731552124023438
mini_batch_src_global generation:  2.4318695068359375e-05
r_  generation:  8.96453857421875e-05
local_output_nid generation:  9.775161743164062e-06
local_in_edges_tensor generation:  0.00013399124145507812
mini_batch_src_global generation:  3.6716461181640625e-05
r_  generation:  0.00025010108947753906
local_output_nid generation:  7.3909759521484375e-06
local_in_edges_tensor generation:  0.00013303756713867188
mini_batch_src_global generation:  3.147125244140625e-05
r_  generation:  0.0001430511474609375
local_output_nid generation:  6.9141387939453125e-06
local_in_edges_tensor generation:  0.00013136863708496094
mini_batch_src_global generation:  2.8848648071289062e-05
r_  generation:  0.0001399517059326172
local_output_nid generation:  6.198883056640625e-06
local_in_edges_tensor generation:  0.0001289844512939453
mini_batch_src_global generation:  2.765655517578125e-05
r_  generation:  0.0001323223114013672
local_output_nid generation:  3.814697265625e-06
local_in_edges_tensor generation:  0.00012540817260742188
mini_batch_src_global generation:  2.0265579223632812e-05
r_  generation:  5.054473876953125e-05
----------------------check_connections_block total spend ----------------------------- 0.0067098140716552734
generate_one_block  0.0014612674713134766
generate_one_block  0.0014007091522216797
generate_one_block  0.0012981891632080078
generate_one_block  0.0014090538024902344
generate_one_block  0.0014865398406982422
generate_one_block  0.0012395381927490234
generate_one_block  0.001280069351196289
generate_one_block  0.00118255615234375
generate_one_block  0.001171112060546875
generate_one_block  0.0010921955108642578
generate_one_block  0.0010225772857666016
generate_one_block  0.001251220703125
generate_one_block  0.001085519790649414
generate_one_block  0.001085042953491211
generate_one_block  0.0010726451873779297
generate_one_block  0.0009868144989013672
The real block id is  2
get_global_graph_edges_ids_block function  spend 0.0006756782531738281
gen group dst list time:  0.00020265579223632812
time for parepare:  0.00027942657470703125
local_output_nid generation:  2.7418136596679688e-05
local_in_edges_tensor generation:  0.00030541419982910156
mini_batch_src_global generation:  8.487701416015625e-05
r_  generation:  0.0005934238433837891
local_output_nid generation:  3.361701965332031e-05
local_in_edges_tensor generation:  0.00018858909606933594
mini_batch_src_global generation:  9.083747863769531e-05
r_  generation:  0.000614166259765625
local_output_nid generation:  1.5497207641601562e-05
local_in_edges_tensor generation:  0.00017642974853515625
mini_batch_src_global generation:  5.125999450683594e-05
r_  generation:  0.0002646446228027344
local_output_nid generation:  2.86102294921875e-05
local_in_edges_tensor generation:  0.00017261505126953125
mini_batch_src_global generation:  6.127357482910156e-05
r_  generation:  0.0005629062652587891
local_output_nid generation:  3.838539123535156e-05
local_in_edges_tensor generation:  0.00019240379333496094
mini_batch_src_global generation:  8.535385131835938e-05
r_  generation:  0.0007371902465820312
local_output_nid generation:  3.4809112548828125e-05
local_in_edges_tensor generation:  0.0001857280731201172
mini_batch_src_global generation:  8.082389831542969e-05
r_  generation:  0.0006873607635498047
local_output_nid generation:  3.528594970703125e-05
local_in_edges_tensor generation:  0.00019407272338867188
mini_batch_src_global generation:  8.654594421386719e-05
r_  generation:  0.000720977783203125
local_output_nid generation:  2.7894973754882812e-05
local_in_edges_tensor generation:  0.00017380714416503906
mini_batch_src_global generation:  7.2479248046875e-05
r_  generation:  0.0005462169647216797
local_output_nid generation:  3.0279159545898438e-05
local_in_edges_tensor generation:  0.00017452239990234375
mini_batch_src_global generation:  7.462501525878906e-05
r_  generation:  0.0006034374237060547
local_output_nid generation:  2.5033950805664062e-05
local_in_edges_tensor generation:  0.0001685619354248047
mini_batch_src_global generation:  6.985664367675781e-05
r_  generation:  0.0005359649658203125
local_output_nid generation:  1.5974044799804688e-05
local_in_edges_tensor generation:  0.00015497207641601562
mini_batch_src_global generation:  4.76837158203125e-05
r_  generation:  0.0002593994140625
local_output_nid generation:  4.506111145019531e-05
local_in_edges_tensor generation:  0.00019073486328125
mini_batch_src_global generation:  8.7738037109375e-05
r_  generation:  0.0008971691131591797
local_output_nid generation:  2.7894973754882812e-05
local_in_edges_tensor generation:  0.0001742839813232422
mini_batch_src_global generation:  7.414817810058594e-05
r_  generation:  0.0005161762237548828
local_output_nid generation:  3.123283386230469e-05
local_in_edges_tensor generation:  0.00017499923706054688
mini_batch_src_global generation:  6.890296936035156e-05
r_  generation:  0.0005054473876953125
local_output_nid generation:  1.9550323486328125e-05
local_in_edges_tensor generation:  0.00014638900756835938
mini_batch_src_global generation:  5.459785461425781e-05
r_  generation:  0.00037550926208496094
local_output_nid generation:  5.245208740234375e-06
local_in_edges_tensor generation:  0.0001220703125
mini_batch_src_global generation:  3.3855438232421875e-05
r_  generation:  0.00012230873107910156
----------------------check_connections_block total spend ----------------------------- 0.015885114669799805
generate_one_block  0.0016181468963623047
generate_one_block  0.0016551017761230469
generate_one_block  0.0012786388397216797
generate_one_block  0.0014317035675048828
generate_one_block  0.0017261505126953125
generate_one_block  0.0016016960144042969
generate_one_block  0.0015838146209716797
generate_one_block  0.0019583702087402344
generate_one_block  0.0014848709106445312
generate_one_block  0.0014102458953857422
generate_one_block  0.0011839866638183594
generate_one_block  0.0017573833465576172
generate_one_block  0.0013985633850097656
generate_one_block  0.0014629364013671875
generate_one_block  0.0013575553894042969
generate_one_block  0.0010776519775390625
The real block id is  1
get_global_graph_edges_ids_block function  spend 0.0007233619689941406
gen group dst list time:  0.00036787986755371094
time for parepare:  0.0002079010009765625
local_output_nid generation:  5.245208740234375e-05
local_in_edges_tensor generation:  0.0003185272216796875
mini_batch_src_global generation:  0.00015425682067871094
r_  generation:  0.0012564659118652344
local_output_nid generation:  6.67572021484375e-05
local_in_edges_tensor generation:  0.00021839141845703125
mini_batch_src_global generation:  0.00015592575073242188
r_  generation:  0.0013203620910644531
local_output_nid generation:  3.409385681152344e-05
local_in_edges_tensor generation:  0.000171661376953125
mini_batch_src_global generation:  8.869171142578125e-05
r_  generation:  0.0006573200225830078
local_output_nid generation:  6.318092346191406e-05
local_in_edges_tensor generation:  0.00020933151245117188
mini_batch_src_global generation:  0.00012159347534179688
r_  generation:  0.0013287067413330078
local_output_nid generation:  8.249282836914062e-05
local_in_edges_tensor generation:  0.0002300739288330078
mini_batch_src_global generation:  0.00016760826110839844
r_  generation:  0.0015878677368164062
local_output_nid generation:  6.508827209472656e-05
local_in_edges_tensor generation:  0.00021266937255859375
mini_batch_src_global generation:  0.00013947486877441406
r_  generation:  0.0013663768768310547
local_output_nid generation:  6.818771362304688e-05
local_in_edges_tensor generation:  0.00021767616271972656
mini_batch_src_global generation:  0.0001366138458251953
r_  generation:  0.001369476318359375
local_output_nid generation:  5.7220458984375e-05
local_in_edges_tensor generation:  0.00020360946655273438
mini_batch_src_global generation:  0.00012922286987304688
r_  generation:  0.0012230873107910156
local_output_nid generation:  6.0558319091796875e-05
local_in_edges_tensor generation:  0.0002071857452392578
mini_batch_src_global generation:  0.0001289844512939453
r_  generation:  0.0012652873992919922
local_output_nid generation:  5.555152893066406e-05
local_in_edges_tensor generation:  0.0001964569091796875
mini_batch_src_global generation:  0.00012755393981933594
r_  generation:  0.0011909008026123047
local_output_nid generation:  3.218650817871094e-05
local_in_edges_tensor generation:  0.00016617774963378906
mini_batch_src_global generation:  9.083747863769531e-05
r_  generation:  0.0006766319274902344
local_output_nid generation:  7.677078247070312e-05
local_in_edges_tensor generation:  0.0002346038818359375
mini_batch_src_global generation:  0.0001571178436279297
r_  generation:  0.001608133316040039
local_output_nid generation:  5.8650970458984375e-05
local_in_edges_tensor generation:  0.00019025802612304688
mini_batch_src_global generation:  0.00012183189392089844
r_  generation:  0.0010383129119873047
local_output_nid generation:  5.650520324707031e-05
local_in_edges_tensor generation:  0.00018906593322753906
mini_batch_src_global generation:  0.00012040138244628906
r_  generation:  0.0012073516845703125
local_output_nid generation:  4.6253204345703125e-05
local_in_edges_tensor generation:  0.0001735687255859375
mini_batch_src_global generation:  0.00010657310485839844
r_  generation:  0.0009174346923828125
local_output_nid generation:  2.09808349609375e-05
local_in_edges_tensor generation:  0.00013971328735351562
mini_batch_src_global generation:  6.699562072753906e-05
r_  generation:  0.0004038810729980469
----------------------check_connections_block total spend ----------------------------- 0.029558181762695312
generate_one_block  0.002408266067504883
generate_one_block  0.002345561981201172
generate_one_block  0.001665353775024414
generate_one_block  0.0027594566345214844
generate_one_block  0.0026519298553466797
generate_one_block  0.0023415088653564453
generate_one_block  0.0023779869079589844
generate_one_block  0.0022509098052978516
generate_one_block  0.0022764205932617188
generate_one_block  0.0021886825561523438
generate_one_block  0.0016307830810546875
generate_one_block  0.0026960372924804688
generate_one_block  0.002157449722290039
generate_one_block  0.0023937225341796875
generate_one_block  0.0020453929901123047
generate_one_block  0.0014188289642333984
The real block id is  0
get_global_graph_edges_ids_block function  spend 0.0007724761962890625
gen group dst list time:  0.0006439685821533203
time for parepare:  0.0002281665802001953
local_output_nid generation:  0.00010251998901367188
local_in_edges_tensor generation:  0.0004050731658935547
mini_batch_src_global generation:  0.00016736984252929688
r_  generation:  0.0021944046020507812
local_output_nid generation:  0.00013494491577148438
local_in_edges_tensor generation:  0.00029921531677246094
mini_batch_src_global generation:  0.0002727508544921875
r_  generation:  0.0023632049560546875
local_output_nid generation:  8.463859558105469e-05
local_in_edges_tensor generation:  0.00023674964904785156
mini_batch_src_global generation:  0.00019669532775878906
r_  generation:  0.0016112327575683594
local_output_nid generation:  0.0001239776611328125
local_in_edges_tensor generation:  0.0002925395965576172
mini_batch_src_global generation:  0.0001971721649169922
r_  generation:  0.0023941993713378906
local_output_nid generation:  0.00013589859008789062
local_in_edges_tensor generation:  0.00031447410583496094
mini_batch_src_global generation:  0.0002243518829345703
r_  generation:  0.0025968551635742188
local_output_nid generation:  0.00011754035949707031
local_in_edges_tensor generation:  0.00028634071350097656
mini_batch_src_global generation:  0.00020575523376464844
r_  generation:  0.002226591110229492
local_output_nid generation:  0.00012373924255371094
local_in_edges_tensor generation:  0.0002963542938232422
mini_batch_src_global generation:  0.00021338462829589844
r_  generation:  0.0022623538970947266
local_output_nid generation:  9.870529174804688e-05
local_in_edges_tensor generation:  0.000247955322265625
mini_batch_src_global generation:  0.00018167495727539062
r_  generation:  0.0018856525421142578
local_output_nid generation:  0.00010514259338378906
local_in_edges_tensor generation:  0.0002570152282714844
mini_batch_src_global generation:  0.00018453598022460938
r_  generation:  0.0019998550415039062
local_output_nid generation:  0.00010442733764648438
local_in_edges_tensor generation:  0.00025534629821777344
mini_batch_src_global generation:  0.00018739700317382812
r_  generation:  0.0019915103912353516
local_output_nid generation:  6.794929504394531e-05
local_in_edges_tensor generation:  0.00019931793212890625
mini_batch_src_global generation:  0.0001404285430908203
r_  generation:  0.0012385845184326172
local_output_nid generation:  0.0001227855682373047
local_in_edges_tensor generation:  0.0002875328063964844
mini_batch_src_global generation:  0.00019431114196777344
r_  generation:  0.0023555755615234375
local_output_nid generation:  0.00010132789611816406
local_in_edges_tensor generation:  0.0002560615539550781
mini_batch_src_global generation:  0.0001857280731201172
r_  generation:  0.0019011497497558594
local_output_nid generation:  0.00011301040649414062
local_in_edges_tensor generation:  0.0002639293670654297
mini_batch_src_global generation:  0.00019025802612304688
r_  generation:  0.0021147727966308594
local_output_nid generation:  9.679794311523438e-05
local_in_edges_tensor generation:  0.00024437904357910156
mini_batch_src_global generation:  0.0001761913299560547
r_  generation:  0.0018157958984375
local_output_nid generation:  5.364418029785156e-05
local_in_edges_tensor generation:  0.00018310546875
mini_batch_src_global generation:  0.0001239776611328125
r_  generation:  0.0009970664978027344
----------------------check_connections_block total spend ----------------------------- 0.04886603355407715
generate_one_block  0.003960371017456055
generate_one_block  0.003707408905029297
generate_one_block  0.0027070045471191406
generate_one_block  0.0034253597259521484
generate_one_block  0.003860950469970703
generate_one_block  0.0032701492309570312
generate_one_block  0.003465414047241211
generate_one_block  0.003183126449584961
generate_one_block  0.0033693313598632812
generate_one_block  0.00333404541015625
generate_one_block  0.002465486526489258
generate_one_block  0.0036268234252929688
generate_one_block  0.0031630992889404297
generate_one_block  0.0034530162811279297
generate_one_block  0.003033161163330078
generate_one_block  0.0021538734436035156
-----------------------------------------after block dataloader generation 
 Nvidia-smi: 1.2811279296875 GB
    Memory Allocated: 0.009902477264404297  GigaBytes
Max Memory Allocated: 0.024187564849853516  GigaBytes

connection checking time:  0.10101914405822754
block generation total time  0.13129878044128418
average batch blocks generation time:  0.008206173777580261
block dataloader generation time/epoch 0.28174853324890137
----------------------------------------before batch_pred = model(blocks, batch_inputs) 
 Nvidia-smi: 1.2811279296875 GB
    Memory Allocated: 0.012153148651123047  GigaBytes
Max Memory Allocated: 0.024187564849853516  GigaBytes

torch.Size([1980, 1433])
torch.Size([1377, 32])
torch.Size([683, 32])
torch.Size([242, 32])
-----------------------------------------batch_pred = model(blocks, batch_inputs) 
 Nvidia-smi: 1.2811279296875 GB
    Memory Allocated: 0.013306140899658203  GigaBytes
Max Memory Allocated: 0.024187564849853516  GigaBytes

----------------------------------------before batch_pred = model(blocks, batch_inputs) 
 Nvidia-smi: 1.2811279296875 GB
    Memory Allocated: 0.013306617736816406  GigaBytes
Max Memory Allocated: 0.024187564849853516  GigaBytes

torch.Size([2119, 1433])
torch.Size([1496, 32])
torch.Size([763, 32])
torch.Size([252, 32])
-----------------------------------------batch_pred = model(blocks, batch_inputs) 
 Nvidia-smi: 1.2811279296875 GB
    Memory Allocated: 0.014543533325195312  GigaBytes
Max Memory Allocated: 0.024187564849853516  GigaBytes

----------------------------------------before batch_pred = model(blocks, batch_inputs) 
 Nvidia-smi: 1.2811279296875 GB
    Memory Allocated: 0.010351181030273438  GigaBytes
Max Memory Allocated: 0.024187564849853516  GigaBytes

torch.Size([1649, 1433])
torch.Size([957, 32])
torch.Size([368, 32])
torch.Size([99, 32])
-----------------------------------------batch_pred = model(blocks, batch_inputs) 
 Nvidia-smi: 1.2811279296875 GB
    Memory Allocated: 0.011053085327148438  GigaBytes
Max Memory Allocated: 0.024187564849853516  GigaBytes

----------------------------------------before batch_pred = model(blocks, batch_inputs) 
 Nvidia-smi: 1.2811279296875 GB
    Memory Allocated: 0.013306617736816406  GigaBytes
Max Memory Allocated: 0.024187564849853516  GigaBytes

torch.Size([2024, 1433])
torch.Size([1519, 32])
torch.Size([750, 32])
torch.Size([212, 32])
-----------------------------------------batch_pred = model(blocks, batch_inputs) 
 Nvidia-smi: 1.2811279296875 GB
    Memory Allocated: 0.014534473419189453  GigaBytes
Max Memory Allocated: 0.024187564849853516  GigaBytes

----------------------------------------before batch_pred = model(blocks, batch_inputs) 
 Nvidia-smi: 1.2811279296875 GB
    Memory Allocated: 0.0133209228515625  GigaBytes
Max Memory Allocated: 0.024929523468017578  GigaBytes

torch.Size([2180, 1433])
torch.Size([1702, 32])
torch.Size([912, 32])
torch.Size([329, 32])
-----------------------------------------batch_pred = model(blocks, batch_inputs) 
 Nvidia-smi: 1.2811279296875 GB
    Memory Allocated: 0.014792919158935547  GigaBytes
Max Memory Allocated: 0.024929523468017578  GigaBytes

----------------------------------------before batch_pred = model(blocks, batch_inputs) 
 Nvidia-smi: 1.2811279296875 GB
    Memory Allocated: 0.012173175811767578  GigaBytes
Max Memory Allocated: 0.024929523468017578  GigaBytes

torch.Size([1983, 1433])
torch.Size([1423, 32])
torch.Size([765, 32])
torch.Size([283, 32])
-----------------------------------------batch_pred = model(blocks, batch_inputs) 
 Nvidia-smi: 1.2811279296875 GB
    Memory Allocated: 0.013414382934570312  GigaBytes
Max Memory Allocated: 0.024929523468017578  GigaBytes

----------------------------------------before batch_pred = model(blocks, batch_inputs) 
 Nvidia-smi: 1.2811279296875 GB
    Memory Allocated: 0.01331329345703125  GigaBytes
Max Memory Allocated: 0.024929523468017578  GigaBytes

torch.Size([2173, 1433])
torch.Size([1549, 32])
torch.Size([801, 32])
torch.Size([285, 32])
-----------------------------------------batch_pred = model(blocks, batch_inputs) 
 Nvidia-smi: 1.2811279296875 GB
    Memory Allocated: 0.014639854431152344  GigaBytes
Max Memory Allocated: 0.024929523468017578  GigaBytes
Using backend: pytorch

----------------------------------------before batch_pred = model(blocks, batch_inputs) 
 Nvidia-smi: 1.2811279296875 GB
    Memory Allocated: 0.011866569519042969  GigaBytes
Max Memory Allocated: 0.024929523468017578  GigaBytes

torch.Size([1927, 1433])
torch.Size([1340, 32])
torch.Size([680, 32])
torch.Size([230, 32])
-----------------------------------------batch_pred = model(blocks, batch_inputs) 
 Nvidia-smi: 1.2811279296875 GB
    Memory Allocated: 0.012980937957763672  GigaBytes
Max Memory Allocated: 0.024929523468017578  GigaBytes

----------------------------------------before batch_pred = model(blocks, batch_inputs) 
 Nvidia-smi: 1.2811279296875 GB
    Memory Allocated: 0.013302803039550781  GigaBytes
Max Memory Allocated: 0.024929523468017578  GigaBytes

torch.Size([2032, 1433])
torch.Size([1420, 32])
torch.Size([713, 32])
torch.Size([241, 32])
-----------------------------------------batch_pred = model(blocks, batch_inputs) 
 Nvidia-smi: 1.2811279296875 GB
    Memory Allocated: 0.014480113983154297  GigaBytes
Max Memory Allocated: 0.024929523468017578  GigaBytes

----------------------------------------before batch_pred = model(blocks, batch_inputs) 
 Nvidia-smi: 1.2811279296875 GB
    Memory Allocated: 0.012178897857666016  GigaBytes
Max Memory Allocated: 0.024929523468017578  GigaBytes

torch.Size([1985, 1433])
torch.Size([1406, 32])
torch.Size([624, 32])
torch.Size([199, 32])
-----------------------------------------batch_pred = model(blocks, batch_inputs) 
 Nvidia-smi: 1.2811279296875 GB
    Memory Allocated: 0.013280391693115234  GigaBytes
Max Memory Allocated: 0.024929523468017578  GigaBytes

----------------------------------------before batch_pred = model(blocks, batch_inputs) 
 Nvidia-smi: 1.2811279296875 GB
    Memory Allocated: 0.009471893310546875  GigaBytes
Max Memory Allocated: 0.024929523468017578  GigaBytes

torch.Size([1485, 1433])
torch.Size([813, 32])
torch.Size([327, 32])
torch.Size([108, 32])
-----------------------------------------batch_pred = model(blocks, batch_inputs) 
 Nvidia-smi: 1.2811279296875 GB
    Memory Allocated: 0.010094642639160156  GigaBytes
Max Memory Allocated: 0.024929523468017578  GigaBytes

----------------------------------------before batch_pred = model(blocks, batch_inputs) 
 Nvidia-smi: 1.2811279296875 GB
    Memory Allocated: 0.013385295867919922  GigaBytes
Max Memory Allocated: 0.024929523468017578  GigaBytes

torch.Size([2206, 1433])
torch.Size([1738, 32])
torch.Size([976, 32])
torch.Size([387, 32])
-----------------------------------------batch_pred = model(blocks, batch_inputs) 
 Nvidia-smi: 1.2811279296875 GB
    Memory Allocated: 0.014931678771972656  GigaBytes
Max Memory Allocated: 0.024929523468017578  GigaBytes

----------------------------------------before batch_pred = model(blocks, batch_inputs) 
 Nvidia-smi: 1.2811279296875 GB
    Memory Allocated: 0.01200246810913086  GigaBytes
Max Memory Allocated: 0.024929523468017578  GigaBytes

torch.Size([1953, 1433])
torch.Size([1349, 32])
torch.Size([616, 32])
torch.Size([229, 32])
-----------------------------------------batch_pred = model(blocks, batch_inputs) 
 Nvidia-smi: 1.2811279296875 GB
    Memory Allocated: 0.013087272644042969  GigaBytes
Max Memory Allocated: 0.024929523468017578  GigaBytes

----------------------------------------before batch_pred = model(blocks, batch_inputs) 
 Nvidia-smi: 1.2811279296875 GB
    Memory Allocated: 0.013306617736816406  GigaBytes
Max Memory Allocated: 0.024929523468017578  GigaBytes

torch.Size([2022, 1433])
torch.Size([1516, 32])
torch.Size([734, 32])
torch.Size([247, 32])
-----------------------------------------batch_pred = model(blocks, batch_inputs) 
 Nvidia-smi: 1.2811279296875 GB
    Memory Allocated: 0.014534950256347656  GigaBytes
Max Memory Allocated: 0.024929523468017578  GigaBytes

----------------------------------------before batch_pred = model(blocks, batch_inputs) 
 Nvidia-smi: 1.2811279296875 GB
    Memory Allocated: 0.011976242065429688  GigaBytes
Max Memory Allocated: 0.024929523468017578  GigaBytes

torch.Size([1949, 1433])
torch.Size([1272, 32])
torch.Size([572, 32])
torch.Size([203, 32])
-----------------------------------------batch_pred = model(blocks, batch_inputs) 
 Nvidia-smi: 1.2811279296875 GB
    Memory Allocated: 0.012985706329345703  GigaBytes
Max Memory Allocated: 0.024929523468017578  GigaBytes

----------------------------------------before batch_pred = model(blocks, batch_inputs) 
 Nvidia-smi: 1.2811279296875 GB
    Memory Allocated: 0.008801937103271484  GigaBytes
Max Memory Allocated: 0.024929523468017578  GigaBytes

torch.Size([1362, 1433])
torch.Size([642, 32])
torch.Size([228, 32])
torch.Size([40, 32])
-----------------------------------------batch_pred = model(blocks, batch_inputs) 
 Nvidia-smi: 1.2811279296875 GB
    Memory Allocated: 0.009252548217773438  GigaBytes
Max Memory Allocated: 0.024929523468017578  GigaBytes

times | data loading | block to device | model prediction | loss calculation | loss backward |  optimizer step |
      |0.002803802490234375 |0.0007147639989852905 |0.00536617636680603 |0.00013136863708496094 |0.003209441900253296 |0.002375364303588867 |
----------------------------------------------------------pseudo_mini_loss sum 3.544085741043091
Total (block generation + training)time/epoch 0.4961555004119873
Training time/epoch 0.21419930458068848
Training time without block to device /epoch 0.20276308059692383
Training time without total dataloading part /epoch 0.14168715476989746
load block tensor time/epoch 0.04486083984375
block to device time/epoch 0.011436223983764648
input features size transfer per epoch 2.1457672119140625e-06
blocks size to device per epoch 1.9073486328125e-06
 Run 0| Epoch 1 |
Number of nodes for computation during this epoch:  67411
Number of first layer input nodes during this epoch:  31029
