main start at this time 1648431213.3268619
-----------------------------------------before load data 
 Nvidia-smi: 0.1717529296875 GB
    Memory Allocated: 0.0  GigaBytes
Max Memory Allocated: 0.0  GigaBytes

  NumNodes: 2708
  NumEdges: 10556
  NumFeats: 1433
  NumClasses: 7
  NumTrainingSamples: 140
  NumValidationSamples: 500
  NumTestSamples: 1000
Done loading data from cached files.
success----------------------------------------
140
500
2068
# Nodes: 2708
# Edges: 10556
# Train: 140
# Val: 500
# Test: 2068
# Classes: 7

in feats:  1433
----------------------------------------before generate_dataloader_block 
 Nvidia-smi: 1.0174560546875 GB
    Memory Allocated: 0.00018358230590820312  GigaBytes
Max Memory Allocated: 0.00018358230590820312  GigaBytes

The real block id is  3
get_global_graph_edges_ids_block function  spend 0.0013408660888671875
range selection method range initialization spend 7.939338684082031e-05
time for parepare:  5.8650970458984375e-05
local_output_nid generation:  2.0265579223632812e-05
local_in_edges_tensor generation:  0.00018405914306640625
mini_batch_src_global generation:  2.4318695068359375e-05
r_  generation:  0.0025038719177246094
local_output_nid generation:  5.9604644775390625e-06
local_in_edges_tensor generation:  0.0001251697540283203
mini_batch_src_global generation:  2.3603439331054688e-05
r_  generation:  2.9087066650390625e-05
local_output_nid generation:  5.0067901611328125e-06
local_in_edges_tensor generation:  9.608268737792969e-05
mini_batch_src_global generation:  1.4781951904296875e-05
r_  generation:  2.4557113647460938e-05
local_output_nid generation:  4.5299530029296875e-06
local_in_edges_tensor generation:  9.083747863769531e-05
mini_batch_src_global generation:  1.4066696166992188e-05
r_  generation:  6.604194641113281e-05
local_output_nid generation:  3.0994415283203125e-06
local_in_edges_tensor generation:  9.632110595703125e-05
mini_batch_src_global generation:  1.621246337890625e-05
r_  generation:  2.3603439331054688e-05
local_output_nid generation:  4.0531158447265625e-06
local_in_edges_tensor generation:  9.059906005859375e-05
mini_batch_src_global generation:  1.3589859008789062e-05
r_  generation:  2.3603439331054688e-05
local_output_nid generation:  4.76837158203125e-06
local_in_edges_tensor generation:  8.821487426757812e-05
mini_batch_src_global generation:  1.4066696166992188e-05
r_  generation:  2.0742416381835938e-05
local_output_nid generation:  4.0531158447265625e-06
local_in_edges_tensor generation:  8.726119995117188e-05
mini_batch_src_global generation:  1.430511474609375e-05
r_  generation:  2.3603439331054688e-05
local_output_nid generation:  3.814697265625e-06
local_in_edges_tensor generation:  8.940696716308594e-05
mini_batch_src_global generation:  1.33514404296875e-05
r_  generation:  2.0742416381835938e-05
local_output_nid generation:  3.814697265625e-06
local_in_edges_tensor generation:  8.821487426757812e-05
mini_batch_src_global generation:  1.3589859008789062e-05
r_  generation:  4.38690185546875e-05
local_output_nid generation:  4.5299530029296875e-06
local_in_edges_tensor generation:  9.703636169433594e-05
mini_batch_src_global generation:  1.5020370483398438e-05
r_  generation:  2.3603439331054688e-05
local_output_nid generation:  4.76837158203125e-06
local_in_edges_tensor generation:  9.322166442871094e-05
mini_batch_src_global generation:  1.621246337890625e-05
r_  generation:  4.0531158447265625e-05
local_output_nid generation:  3.337860107421875e-06
local_in_edges_tensor generation:  9.322166442871094e-05
mini_batch_src_global generation:  1.4543533325195312e-05
r_  generation:  2.4080276489257812e-05
local_output_nid generation:  4.291534423828125e-06
local_in_edges_tensor generation:  9.107589721679688e-05
mini_batch_src_global generation:  1.430511474609375e-05
r_  generation:  2.288818359375e-05
local_output_nid generation:  4.291534423828125e-06
local_in_edges_tensor generation:  9.226799011230469e-05
mini_batch_src_global generation:  1.430511474609375e-05
r_  generation:  2.2649765014648438e-05
local_output_nid generation:  3.5762786865234375e-06
local_in_edges_tensor generation:  9.059906005859375e-05
mini_batch_src_global generation:  1.3828277587890625e-05
r_  generation:  1.9311904907226562e-05
----------------------check_connections_block total spend ----------------------------- 0.005516529083251953
generate_one_block  0.0012333393096923828
generate_one_block  0.0010221004486083984
generate_one_block  0.0010073184967041016
generate_one_block  0.0009889602661132812
generate_one_block  0.0009648799896240234
generate_one_block  0.0009629726409912109
generate_one_block  0.0010218620300292969
generate_one_block  0.0009706020355224609
generate_one_block  0.0009510517120361328
generate_one_block  0.0010333061218261719
generate_one_block  0.0009953975677490234
generate_one_block  0.0009737014770507812
generate_one_block  0.0009551048278808594
generate_one_block  0.0009608268737792969
generate_one_block  0.0009560585021972656
generate_one_block  0.0009522438049316406
The real block id is  2
get_global_graph_edges_ids_block function  spend 0.0005779266357421875
gen group dst list time:  0.00010347366333007812
time for parepare:  0.00013566017150878906
local_output_nid generation:  6.4373016357421875e-06
local_in_edges_tensor generation:  0.00020122528076171875
mini_batch_src_global generation:  3.814697265625e-05
r_  generation:  0.00015807151794433594
local_output_nid generation:  5.7220458984375e-06
local_in_edges_tensor generation:  0.00011372566223144531
mini_batch_src_global generation:  2.9802322387695312e-05
r_  generation:  0.00014162063598632812
local_output_nid generation:  4.76837158203125e-06
local_in_edges_tensor generation:  0.00010704994201660156
mini_batch_src_global generation:  2.6941299438476562e-05
r_  generation:  0.0001323223114013672
local_output_nid generation:  5.245208740234375e-06
local_in_edges_tensor generation:  0.00010013580322265625
mini_batch_src_global generation:  2.2649765014648438e-05
r_  generation:  0.00010037422180175781
local_output_nid generation:  4.5299530029296875e-06
local_in_edges_tensor generation:  9.965896606445312e-05
mini_batch_src_global generation:  2.193450927734375e-05
r_  generation:  0.00010704994201660156
local_output_nid generation:  4.76837158203125e-06
local_in_edges_tensor generation:  9.894371032714844e-05
mini_batch_src_global generation:  2.3126602172851562e-05
r_  generation:  0.0001163482666015625
local_output_nid generation:  4.291534423828125e-06
local_in_edges_tensor generation:  9.703636169433594e-05
mini_batch_src_global generation:  2.1219253540039062e-05
r_  generation:  9.012222290039062e-05
local_output_nid generation:  5.0067901611328125e-06
local_in_edges_tensor generation:  9.775161743164062e-05
mini_batch_src_global generation:  2.3126602172851562e-05
r_  generation:  0.00011539459228515625
local_output_nid generation:  4.291534423828125e-06
local_in_edges_tensor generation:  9.799003601074219e-05
mini_batch_src_global generation:  2.2649765014648438e-05
r_  generation:  0.00010204315185546875
local_output_nid generation:  4.291534423828125e-06
local_in_edges_tensor generation:  9.72747802734375e-05
mini_batch_src_global generation:  2.0742416381835938e-05
r_  generation:  9.1552734375e-05
local_output_nid generation:  5.245208740234375e-06
local_in_edges_tensor generation:  0.0001552104949951172
mini_batch_src_global generation:  2.6941299438476562e-05
r_  generation:  0.00011849403381347656
local_output_nid generation:  8.344650268554688e-06
local_in_edges_tensor generation:  0.00011134147644042969
mini_batch_src_global generation:  2.9802322387695312e-05
r_  generation:  0.0001888275146484375
local_output_nid generation:  4.291534423828125e-06
local_in_edges_tensor generation:  0.00010204315185546875
mini_batch_src_global generation:  2.6464462280273438e-05
r_  generation:  0.00012135505676269531
local_output_nid generation:  4.0531158447265625e-06
local_in_edges_tensor generation:  0.0001068115234375
mini_batch_src_global generation:  2.4557113647460938e-05
r_  generation:  0.0001068115234375
local_output_nid generation:  5.7220458984375e-06
local_in_edges_tensor generation:  0.00010657310485839844
mini_batch_src_global generation:  3.314018249511719e-05
r_  generation:  0.000125885009765625
local_output_nid generation:  3.814697265625e-06
local_in_edges_tensor generation:  0.00011754035949707031
mini_batch_src_global generation:  2.47955322265625e-05
r_  generation:  0.000102996826171875
----------------------check_connections_block total spend ----------------------------- 0.005435466766357422
generate_one_block  0.0012009143829345703
generate_one_block  0.0011534690856933594
generate_one_block  0.001165151596069336
generate_one_block  0.00107574462890625
generate_one_block  0.001065969467163086
generate_one_block  0.0011196136474609375
generate_one_block  0.001070261001586914
generate_one_block  0.00112152099609375
generate_one_block  0.0010640621185302734
generate_one_block  0.00104522705078125
generate_one_block  0.0010900497436523438
generate_one_block  0.0011720657348632812
generate_one_block  0.0010952949523925781
generate_one_block  0.0010528564453125
generate_one_block  0.0010797977447509766
generate_one_block  0.0011069774627685547
The real block id is  1
get_global_graph_edges_ids_block function  spend 0.0006687641143798828
gen group dst list time:  0.0001423358917236328
time for parepare:  0.0002033710479736328
local_output_nid generation:  1.9550323486328125e-05
local_in_edges_tensor generation:  0.0002524852752685547
mini_batch_src_global generation:  5.53131103515625e-05
r_  generation:  0.0004782676696777344
local_output_nid generation:  2.09808349609375e-05
local_in_edges_tensor generation:  0.0001418590545654297
mini_batch_src_global generation:  6.580352783203125e-05
r_  generation:  0.00049591064453125
local_output_nid generation:  2.3126602172851562e-05
local_in_edges_tensor generation:  0.00014448165893554688
mini_batch_src_global generation:  6.67572021484375e-05
r_  generation:  0.0005106925964355469
local_output_nid generation:  1.4066696166992188e-05
local_in_edges_tensor generation:  0.00012946128845214844
mini_batch_src_global generation:  5.078315734863281e-05
r_  generation:  0.0003046989440917969
local_output_nid generation:  1.7642974853515625e-05
local_in_edges_tensor generation:  0.0001289844512939453
mini_batch_src_global generation:  5.125999450683594e-05
r_  generation:  0.0003914833068847656
local_output_nid generation:  1.9788742065429688e-05
local_in_edges_tensor generation:  0.00013208389282226562
mini_batch_src_global generation:  5.650520324707031e-05
r_  generation:  0.00046515464782714844
local_output_nid generation:  1.8358230590820312e-05
local_in_edges_tensor generation:  0.0001308917999267578
mini_batch_src_global generation:  5.1021575927734375e-05
r_  generation:  0.000324249267578125
local_output_nid generation:  2.0265579223632812e-05
local_in_edges_tensor generation:  0.0001366138458251953
mini_batch_src_global generation:  5.173683166503906e-05
r_  generation:  0.00041365623474121094
local_output_nid generation:  1.9073486328125e-05
local_in_edges_tensor generation:  0.0001304149627685547
mini_batch_src_global generation:  5.054473876953125e-05
r_  generation:  0.0003681182861328125
local_output_nid generation:  1.430511474609375e-05
local_in_edges_tensor generation:  0.00012421607971191406
mini_batch_src_global generation:  4.5299530029296875e-05
r_  generation:  0.0003101825714111328
local_output_nid generation:  2.0503997802734375e-05
local_in_edges_tensor generation:  0.00013256072998046875
mini_batch_src_global generation:  5.602836608886719e-05
r_  generation:  0.00047969818115234375
local_output_nid generation:  2.5510787963867188e-05
local_in_edges_tensor generation:  0.0001461505889892578
mini_batch_src_global generation:  7.081031799316406e-05
r_  generation:  0.000606536865234375
local_output_nid generation:  2.1219253540039062e-05
local_in_edges_tensor generation:  0.0001380443572998047
mini_batch_src_global generation:  6.341934204101562e-05
r_  generation:  0.0004677772521972656
local_output_nid generation:  1.6689300537109375e-05
local_in_edges_tensor generation:  0.00012946128845214844
mini_batch_src_global generation:  5.269050598144531e-05
r_  generation:  0.0004031658172607422
local_output_nid generation:  2.09808349609375e-05
local_in_edges_tensor generation:  0.00014066696166992188
mini_batch_src_global generation:  5.91278076171875e-05
r_  generation:  0.0004782676696777344
local_output_nid generation:  1.8596649169921875e-05
local_in_edges_tensor generation:  0.0001316070556640625
mini_batch_src_global generation:  5.3882598876953125e-05
r_  generation:  0.00039267539978027344
----------------------check_connections_block total spend ----------------------------- 0.012610435485839844
generate_one_block  0.001520395278930664
generate_one_block  0.001619100570678711
generate_one_block  0.0015413761138916016
generate_one_block  0.0013103485107421875
generate_one_block  0.0013911724090576172
generate_one_block  0.0017290115356445312
generate_one_block  0.0013287067413330078
generate_one_block  0.0014188289642333984
generate_one_block  0.0013966560363769531
generate_one_block  0.0012977123260498047
generate_one_block  0.0014986991882324219
generate_one_block  0.0016815662384033203
generate_one_block  0.0014982223510742188
generate_one_block  0.0013632774353027344
generate_one_block  0.001539468765258789
generate_one_block  0.0013875961303710938
The real block id is  0
get_global_graph_edges_ids_block function  spend 0.0007922649383544922
gen group dst list time:  0.00033283233642578125
time for parepare:  0.0002009868621826172
local_output_nid generation:  6.437301635742188e-05
local_in_edges_tensor generation:  0.000308990478515625
mini_batch_src_global generation:  0.0001366138458251953
r_  generation:  0.0011317729949951172
local_output_nid generation:  5.602836608886719e-05
local_in_edges_tensor generation:  0.00019812583923339844
mini_batch_src_global generation:  0.0001556873321533203
r_  generation:  0.0012886524200439453
local_output_nid generation:  6.365776062011719e-05
local_in_edges_tensor generation:  0.000209808349609375
mini_batch_src_global generation:  0.00013208389282226562
r_  generation:  0.0012743473052978516
local_output_nid generation:  4.5299530029296875e-05
local_in_edges_tensor generation:  0.0001728534698486328
mini_batch_src_global generation:  0.00010180473327636719
r_  generation:  0.0009276866912841797
local_output_nid generation:  5.269050598144531e-05
local_in_edges_tensor generation:  0.0001900196075439453
mini_batch_src_global generation:  0.00011324882507324219
r_  generation:  0.0010840892791748047
local_output_nid generation:  5.817413330078125e-05
local_in_edges_tensor generation:  0.0001938343048095703
mini_batch_src_global generation:  0.0001220703125
r_  generation:  0.001252889633178711
local_output_nid generation:  4.410743713378906e-05
local_in_edges_tensor generation:  0.00017976760864257812
mini_batch_src_global generation:  0.0001087188720703125
r_  generation:  0.0008993148803710938
local_output_nid generation:  5.1975250244140625e-05
local_in_edges_tensor generation:  0.00018453598022460938
mini_batch_src_global generation:  0.00010776519775390625
r_  generation:  0.0010771751403808594
local_output_nid generation:  5.0067901611328125e-05
local_in_edges_tensor generation:  0.00018143653869628906
mini_batch_src_global generation:  0.00011205673217773438
r_  generation:  0.0011153221130371094
local_output_nid generation:  4.363059997558594e-05
local_in_edges_tensor generation:  0.00018286705017089844
mini_batch_src_global generation:  9.799003601074219e-05
r_  generation:  0.0008285045623779297
local_output_nid generation:  5.888938903808594e-05
local_in_edges_tensor generation:  0.00019311904907226562
mini_batch_src_global generation:  0.00011801719665527344
r_  generation:  0.0012290477752685547
local_output_nid generation:  7.581710815429688e-05
local_in_edges_tensor generation:  0.0002238750457763672
mini_batch_src_global generation:  0.00015592575073242188
r_  generation:  0.001455545425415039
local_output_nid generation:  5.650520324707031e-05
local_in_edges_tensor generation:  0.0001919269561767578
mini_batch_src_global generation:  0.00012564659118652344
r_  generation:  0.0012290477752685547
local_output_nid generation:  5.555152893066406e-05
local_in_edges_tensor generation:  0.00019288063049316406
mini_batch_src_global generation:  0.00011992454528808594
r_  generation:  0.0010666847229003906
local_output_nid generation:  6.175041198730469e-05
local_in_edges_tensor generation:  0.0001957416534423828
mini_batch_src_global generation:  0.00012612342834472656
r_  generation:  0.0012707710266113281
local_output_nid generation:  5.269050598144531e-05
local_in_edges_tensor generation:  0.0001850128173828125
mini_batch_src_global generation:  0.00011968612670898438
r_  generation:  0.001089334487915039
----------------------check_connections_block total spend ----------------------------- 0.029096364974975586
generate_one_block  0.0023927688598632812
generate_one_block  0.0024123191833496094
generate_one_block  0.002464771270751953
generate_one_block  0.001978158950805664
generate_one_block  0.0022058486938476562
generate_one_block  0.0024111270904541016
generate_one_block  0.001964092254638672
generate_one_block  0.0022263526916503906
generate_one_block  0.002194643020629883
generate_one_block  0.0019526481628417969
generate_one_block  0.0026006698608398438
generate_one_block  0.0034101009368896484
generate_one_block  0.0023794174194335938
generate_one_block  0.002171039581298828
generate_one_block  0.002424001693725586
generate_one_block  0.002203226089477539
-----------------------------------------after block dataloader generation 
 Nvidia-smi: 1.0174560546875 GB
    Memory Allocated: 0.00018358230590820312  GigaBytes
Max Memory Allocated: 0.00018358230590820312  GigaBytes

connection checking time:  0.04714226722717285
block generation total time  0.07859230041503906
average batch blocks generation time:  0.004912018775939941
----------------------------------------before batch_pred = model(blocks, batch_inputs) 
 Nvidia-smi: 1.1014404296875 GB
    Memory Allocated: 0.00817251205444336  GigaBytes
Max Memory Allocated: 0.00817251205444336  GigaBytes

torch.Size([1488, 1433])
torch.Size([758, 16])
torch.Size([259, 16])
-----------------------------------------batch_pred = model(blocks, batch_inputs) 
 Nvidia-smi: 1.2615966796875 GB
    Memory Allocated: 0.00846242904663086  GigaBytes
Max Memory Allocated: 0.008464813232421875  GigaBytes

----------------------------------------before batch_pred = model(blocks, batch_inputs) 
 Nvidia-smi: 1.2615966796875 GB
    Memory Allocated: 0.008735179901123047  GigaBytes
Max Memory Allocated: 0.016631603240966797  GigaBytes

torch.Size([1559, 1433])
torch.Size([777, 16])
torch.Size([280, 16])
-----------------------------------------batch_pred = model(blocks, batch_inputs) 
 Nvidia-smi: 1.2615966796875 GB
    Memory Allocated: 0.009033203125  GigaBytes
Max Memory Allocated: 0.016631603240966797  GigaBytes

----------------------------------------before batch_pred = model(blocks, batch_inputs) 
 Nvidia-smi: 1.2811279296875 GB
    Memory Allocated: 0.009302139282226562  GigaBytes
Max Memory Allocated: 0.01757669448852539  GigaBytes

torch.Size([1665, 1433])
torch.Size([828, 16])
torch.Size([310, 16])
-----------------------------------------batch_pred = model(blocks, batch_inputs) 
 Nvidia-smi: 1.2811279296875 GB
    Memory Allocated: 0.009618282318115234  GigaBytes
Max Memory Allocated: 0.01757669448852539  GigaBytes

----------------------------------------before batch_pred = model(blocks, batch_inputs) 
 Nvidia-smi: 1.2811279296875 GB
    Memory Allocated: 0.006980419158935547  GigaBytes
Max Memory Allocated: 0.01757669448852539  GigaBytes

torch.Size([1233, 1433])
torch.Size([550, 16])
torch.Size([160, 16])
-----------------------------------------batch_pred = model(blocks, batch_inputs) 
 Nvidia-smi: 1.2811279296875 GB
    Memory Allocated: 0.007187843322753906  GigaBytes
Max Memory Allocated: 0.01757669448852539  GigaBytes

----------------------------------------before batch_pred = model(blocks, batch_inputs) 
 Nvidia-smi: 1.2811279296875 GB
    Memory Allocated: 0.008070945739746094  GigaBytes
Max Memory Allocated: 0.01757669448852539  GigaBytes

torch.Size([1436, 1433])
torch.Size([655, 16])
torch.Size([212, 16])
-----------------------------------------batch_pred = model(blocks, batch_inputs) 
 Nvidia-smi: 1.2811279296875 GB
    Memory Allocated: 0.008318424224853516  GigaBytes
Max Memory Allocated: 0.01757669448852539  GigaBytes

----------------------------------------before batch_pred = model(blocks, batch_inputs) 
 Nvidia-smi: 1.2811279296875 GB
    Memory Allocated: 0.008855819702148438  GigaBytes
Max Memory Allocated: 0.01757669448852539  GigaBytes

torch.Size([1582, 1433])
torch.Size([789, 16])
torch.Size([249, 16])
-----------------------------------------batch_pred = model(blocks, batch_inputs) 
 Nvidia-smi: 1.2811279296875 GB
    Memory Allocated: 0.009148120880126953  GigaBytes
Max Memory Allocated: 0.01757669448852539  GigaBytes

----------------------------------------before batch_pred = model(blocks, batch_inputs) 
 Nvidia-smi: 1.2811279296875 GB
    Memory Allocated: 0.0063495635986328125  GigaBytes
Max Memory Allocated: 0.01757669448852539  GigaBytes

torch.Size([1115, 1433])
torch.Size([537, 16])
torch.Size([157, 16])
-----------------------------------------batch_pred = model(blocks, batch_inputs) 
 Nvidia-smi: 1.2811279296875 GB
    Memory Allocated: 0.006550312042236328  GigaBytes
Max Memory Allocated: 0.01757669448852539  GigaBytes

----------------------------------------before batch_pred = model(blocks, batch_inputs) 
 Nvidia-smi: 1.2811279296875 GB
    Memory Allocated: 0.008274555206298828  GigaBytes
Max Memory Allocated: 0.01757669448852539  GigaBytes

torch.Size([1474, 1433])
torch.Size([700, 16])
torch.Size([240, 16])
-----------------------------------------batch_pred = model(blocks, batch_inputs) 
 Nvidia-smi: 1.2811279296875 GB
    Memory Allocated: 0.008540153503417969  GigaBytes
Max Memory Allocated: 0.01757669448852539  GigaBytes

----------------------------------------before batch_pred = model(blocks, batch_inputs) 
 Nvidia-smi: 1.2811279296875 GB
    Memory Allocated: 0.007908821105957031  GigaBytes
Max Memory Allocated: 0.01757669448852539  GigaBytes

torch.Size([1406, 1433])
torch.Size([659, 16])
torch.Size([230, 16])
-----------------------------------------batch_pred = model(blocks, batch_inputs) 
 Nvidia-smi: 1.2811279296875 GB
    Memory Allocated: 0.008158206939697266  GigaBytes
Max Memory Allocated: 0.01757669448852539  GigaBytes

----------------------------------------before batch_pred = model(blocks, batch_inputs) 
 Nvidia-smi: 1.2811279296875 GB
    Memory Allocated: 0.006493091583251953  GigaBytes
Max Memory Allocated: 0.01757669448852539  GigaBytes

torch.Size([1142, 1433])
torch.Size([516, 16])
torch.Size([163, 16])
-----------------------------------------batch_pred = model(blocks, batch_inputs) 
 Nvidia-smi: 1.2811279296875 GB
    Memory Allocated: 0.0066928863525390625  GigaBytes
Max Memory Allocated: 0.01757669448852539  GigaBytes

----------------------------------------before batch_pred = model(blocks, batch_inputs) 
 Nvidia-smi: 1.2811279296875 GB
    Memory Allocated: 0.008444786071777344  GigaBytes
Max Memory Allocated: 0.01757669448852539  GigaBytes

torch.Size([1505, 1433])
torch.Size([783, 16])
torch.Size([256, 16])
-----------------------------------------batch_pred = model(blocks, batch_inputs) 
 Nvidia-smi: 1.2811279296875 GB
    Memory Allocated: 0.00873422622680664  GigaBytes
Max Memory Allocated: 0.01757669448852539  GigaBytes

----------------------------------------before batch_pred = model(blocks, batch_inputs) 
 Nvidia-smi: 1.2811279296875 GB
    Memory Allocated: 0.009202957153320312  GigaBytes
Max Memory Allocated: 0.01757669448852539  GigaBytes

torch.Size([1645, 1433])
torch.Size([981, 16])
torch.Size([340, 16])
-----------------------------------------batch_pred = model(blocks, batch_inputs) 
 Nvidia-smi: 1.2811279296875 GB
    Memory Allocated: 0.009577274322509766  GigaBytes
Max Memory Allocated: 0.01757669448852539  GigaBytes

----------------------------------------before batch_pred = model(blocks, batch_inputs) 
 Nvidia-smi: 1.2811279296875 GB
    Memory Allocated: 0.008443832397460938  GigaBytes
Max Memory Allocated: 0.01757669448852539  GigaBytes

torch.Size([1471, 1433])
torch.Size([764, 16])
torch.Size([252, 16])
-----------------------------------------batch_pred = model(blocks, batch_inputs) 
 Nvidia-smi: 1.2811279296875 GB
    Memory Allocated: 0.008727550506591797  GigaBytes
Max Memory Allocated: 0.01757669448852539  GigaBytes

----------------------------------------before batch_pred = model(blocks, batch_inputs) 
 Nvidia-smi: 1.2811279296875 GB
    Memory Allocated: 0.007585048675537109  GigaBytes
Max Memory Allocated: 0.01757669448852539  GigaBytes

torch.Size([1345, 1433])
torch.Size([644, 16])
torch.Size([182, 16])
-----------------------------------------batch_pred = model(blocks, batch_inputs) 
 Nvidia-smi: 1.2811279296875 GB
    Memory Allocated: 0.007822990417480469  GigaBytes
Max Memory Allocated: 0.01757669448852539  GigaBytes

----------------------------------------before batch_pred = model(blocks, batch_inputs) 
 Nvidia-smi: 1.2811279296875 GB
    Memory Allocated: 0.009113311767578125  GigaBytes
Max Memory Allocated: 0.01757669448852539  GigaBytes

torch.Size([1630, 1433])
torch.Size([819, 16])
torch.Size([240, 16])
-----------------------------------------batch_pred = model(blocks, batch_inputs) 
 Nvidia-smi: 1.2811279296875 GB
    Memory Allocated: 0.00940704345703125  GigaBytes
Max Memory Allocated: 0.01757669448852539  GigaBytes

----------------------------------------before batch_pred = model(blocks, batch_inputs) 
 Nvidia-smi: 1.2811279296875 GB
    Memory Allocated: 0.007953643798828125  GigaBytes
Max Memory Allocated: 0.01757669448852539  GigaBytes

torch.Size([1414, 1433])
torch.Size([661, 16])
torch.Size([213, 16])
-----------------------------------------batch_pred = model(blocks, batch_inputs) 
 Nvidia-smi: 1.2811279296875 GB
    Memory Allocated: 0.008198261260986328  GigaBytes
Max Memory Allocated: 0.01757669448852539  GigaBytes

times | data loading | block to device | model prediction | loss calculation | loss backward |  optimizer step |
      |0.0035594701766967773 |0.02216234803199768 |0.053409501910209656 |0.0001254826784133911 |0.0027910470962524414 |0.0027675628662109375 |
----------------------------------------------------------pseudo_mini_loss sum 3.7333197593688965
 Run 0| Epoch 0 |
Number of nodes for computation during this epoch:  39040
Number of first layer input nodes during this epoch:  23110
----------------------------------------before generate_dataloader_block 
 Nvidia-smi: 1.2811279296875 GB
    Memory Allocated: 0.008406639099121094  GigaBytes
Max Memory Allocated: 0.01757669448852539  GigaBytes

The real block id is  3
get_global_graph_edges_ids_block function  spend 0.0004737377166748047
range selection method range initialization spend 6.580352783203125e-05
time for parepare:  6.222724914550781e-05
local_output_nid generation:  6.4373016357421875e-06
local_in_edges_tensor generation:  0.00016736984252929688
mini_batch_src_global generation:  2.09808349609375e-05
r_  generation:  3.719329833984375e-05
local_output_nid generation:  5.0067901611328125e-06
local_in_edges_tensor generation:  0.00010418891906738281
mini_batch_src_global generation:  1.811981201171875e-05
r_  generation:  3.9577484130859375e-05
local_output_nid generation:  4.76837158203125e-06
local_in_edges_tensor generation:  9.846687316894531e-05
mini_batch_src_global generation:  1.52587890625e-05
r_  generation:  2.1219253540039062e-05
local_output_nid generation:  4.5299530029296875e-06
local_in_edges_tensor generation:  9.679794311523438e-05
mini_batch_src_global generation:  1.4543533325195312e-05
r_  generation:  1.9788742065429688e-05
local_output_nid generation:  5.0067901611328125e-06
local_in_edges_tensor generation:  9.489059448242188e-05
mini_batch_src_global generation:  1.4543533325195312e-05
r_  generation:  2.2411346435546875e-05
local_output_nid generation:  4.291534423828125e-06
local_in_edges_tensor generation:  9.489059448242188e-05
mini_batch_src_global generation:  1.4781951904296875e-05
r_  generation:  2.2172927856445312e-05
local_output_nid generation:  4.76837158203125e-06
local_in_edges_tensor generation:  9.393692016601562e-05
mini_batch_src_global generation:  1.4781951904296875e-05
r_  generation:  3.075599670410156e-05
local_output_nid generation:  3.5762786865234375e-06
local_in_edges_tensor generation:  9.393692016601562e-05
mini_batch_src_global generation:  1.4543533325195312e-05
r_  generation:  2.3365020751953125e-05
local_output_nid generation:  4.291534423828125e-06
local_in_edges_tensor generation:  9.417533874511719e-05
mini_batch_src_global generation:  1.4543533325195312e-05
r_  generation:  2.09808349609375e-05
local_output_nid generation:  4.5299530029296875e-06
local_in_edges_tensor generation:  9.441375732421875e-05
mini_batch_src_global generation:  1.430511474609375e-05
r_  generation:  2.2411346435546875e-05
local_output_nid generation:  4.291534423828125e-06
local_in_edges_tensor generation:  9.608268737792969e-05
mini_batch_src_global generation:  1.5020370483398438e-05
r_  generation:  2.1457672119140625e-05
local_output_nid generation:  4.5299530029296875e-06
local_in_edges_tensor generation:  9.441375732421875e-05
mini_batch_src_global generation:  1.4781951904296875e-05
r_  generation:  2.384185791015625e-05
local_output_nid generation:  4.291534423828125e-06
local_in_edges_tensor generation:  9.34600830078125e-05
mini_batch_src_global generation:  1.4781951904296875e-05
r_  generation:  3.4332275390625e-05
local_output_nid generation:  3.5762786865234375e-06
local_in_edges_tensor generation:  9.512901306152344e-05
mini_batch_src_global generation:  1.621246337890625e-05
r_  generation:  3.504753112792969e-05
local_output_nid generation:  3.814697265625e-06
local_in_edges_tensor generation:  9.655952453613281e-05
mini_batch_src_global generation:  1.5497207641601562e-05
r_  generation:  2.8371810913085938e-05
local_output_nid generation:  3.337860107421875e-06
local_in_edges_tensor generation:  9.489059448242188e-05
mini_batch_src_global generation:  1.430511474609375e-05
r_  generation:  2.0742416381835938e-05
----------------------check_connections_block total spend ----------------------------- 0.0030133724212646484
generate_one_block  0.001066446304321289
generate_one_block  0.0010313987731933594
generate_one_block  0.0010142326354980469
generate_one_block  0.0010080337524414062
generate_one_block  0.0010080337524414062
generate_one_block  0.0010142326354980469
generate_one_block  0.001024484634399414
generate_one_block  0.00101470947265625
generate_one_block  0.0010113716125488281
generate_one_block  0.0010182857513427734
generate_one_block  0.0010170936584472656
generate_one_block  0.0009567737579345703
generate_one_block  0.0009584426879882812
generate_one_block  0.0009713172912597656
generate_one_block  0.0009610652923583984
generate_one_block  0.0010187625885009766
The real block id is  2
get_global_graph_edges_ids_block function  spend 0.0005817413330078125
gen group dst list time:  9.036064147949219e-05
time for parepare:  0.00015473365783691406
local_output_nid generation:  6.198883056640625e-06
local_in_edges_tensor generation:  0.00020647048950195312
mini_batch_src_global generation:  3.123283386230469e-05
r_  generation:  0.00016260147094726562
local_output_nid generation:  8.344650268554688e-06
local_in_edges_tensor generation:  0.00011968612670898438
mini_batch_src_global generation:  3.409385681152344e-05
r_  generation:  0.0002608299255371094
local_output_nid generation:  4.5299530029296875e-06
local_in_edges_tensor generation:  0.0001163482666015625
mini_batch_src_global generation:  2.7894973754882812e-05
r_  generation:  7.748603820800781e-05
local_output_nid generation:  4.0531158447265625e-06
local_in_edges_tensor generation:  0.00010728836059570312
mini_batch_src_global generation:  1.9550323486328125e-05
r_  generation:  6.580352783203125e-05
local_output_nid generation:  5.245208740234375e-06
local_in_edges_tensor generation:  0.00010585784912109375
mini_batch_src_global generation:  2.2172927856445312e-05
r_  generation:  0.00010776519775390625
local_output_nid generation:  5.245208740234375e-06
local_in_edges_tensor generation:  0.00010728836059570312
mini_batch_src_global generation:  2.6702880859375e-05
r_  generation:  0.00014448165893554688
local_output_nid generation:  5.4836273193359375e-06
local_in_edges_tensor generation:  0.0001201629638671875
mini_batch_src_global generation:  2.9087066650390625e-05
r_  generation:  0.0001537799835205078
local_output_nid generation:  6.198883056640625e-06
local_in_edges_tensor generation:  0.00011730194091796875
mini_batch_src_global generation:  2.7894973754882812e-05
r_  generation:  0.0001308917999267578
local_output_nid generation:  4.76837158203125e-06
local_in_edges_tensor generation:  0.00011229515075683594
mini_batch_src_global generation:  2.3365020751953125e-05
r_  generation:  8.940696716308594e-05
local_output_nid generation:  5.245208740234375e-06
local_in_edges_tensor generation:  0.00010609626770019531
mini_batch_src_global generation:  2.193450927734375e-05
r_  generation:  9.369850158691406e-05
local_output_nid generation:  4.76837158203125e-06
local_in_edges_tensor generation:  0.00010514259338378906
mini_batch_src_global generation:  2.1696090698242188e-05
r_  generation:  9.942054748535156e-05
local_output_nid generation:  5.7220458984375e-06
local_in_edges_tensor generation:  0.00010824203491210938
mini_batch_src_global generation:  2.9087066650390625e-05
r_  generation:  0.00016546249389648438
local_output_nid generation:  6.4373016357421875e-06
local_in_edges_tensor generation:  0.00011396408081054688
mini_batch_src_global generation:  2.86102294921875e-05
r_  generation:  0.00014352798461914062
local_output_nid generation:  7.152557373046875e-06
local_in_edges_tensor generation:  0.00011134147644042969
mini_batch_src_global generation:  2.7418136596679688e-05
r_  generation:  0.00014972686767578125
local_output_nid generation:  6.198883056640625e-06
local_in_edges_tensor generation:  0.00011205673217773438
mini_batch_src_global generation:  2.8371810913085938e-05
r_  generation:  0.00014901161193847656
local_output_nid generation:  4.0531158447265625e-06
local_in_edges_tensor generation:  0.00010704994201660156
mini_batch_src_global generation:  2.3603439331054688e-05
r_  generation:  8.249282836914062e-05
----------------------check_connections_block total spend ----------------------------- 0.005659341812133789
generate_one_block  0.0012135505676269531
generate_one_block  0.0012845993041992188
generate_one_block  0.0010759830474853516
generate_one_block  0.0010607242584228516
generate_one_block  0.0011239051818847656
generate_one_block  0.0011909008026123047
generate_one_block  0.0012574195861816406
generate_one_block  0.001161336898803711
generate_one_block  0.0011115074157714844
generate_one_block  0.0010361671447753906
generate_one_block  0.0010387897491455078
generate_one_block  0.0012280941009521484
generate_one_block  0.001142263412475586
generate_one_block  0.001107931137084961
generate_one_block  0.0011441707611083984
generate_one_block  0.0010602474212646484
The real block id is  1
get_global_graph_edges_ids_block function  spend 0.0006542205810546875
gen group dst list time:  0.00016760826110839844
time for parepare:  0.00021004676818847656
local_output_nid generation:  2.2172927856445312e-05
local_in_edges_tensor generation:  0.00022220611572265625
mini_batch_src_global generation:  7.176399230957031e-05
r_  generation:  0.0004999637603759766
local_output_nid generation:  3.123283386230469e-05
local_in_edges_tensor generation:  0.0001647472381591797
mini_batch_src_global generation:  0.00011873245239257812
r_  generation:  0.000789642333984375
local_output_nid generation:  1.2636184692382812e-05
local_in_edges_tensor generation:  0.00013518333435058594
mini_batch_src_global generation:  5.269050598144531e-05
r_  generation:  0.0002989768981933594
local_output_nid generation:  9.298324584960938e-06
local_in_edges_tensor generation:  0.00012493133544921875
mini_batch_src_global generation:  3.361701965332031e-05
r_  generation:  0.00017261505126953125
local_output_nid generation:  1.9311904907226562e-05
local_in_edges_tensor generation:  0.0001323223114013672
mini_batch_src_global generation:  4.3392181396484375e-05
r_  generation:  0.00038313865661621094
local_output_nid generation:  2.7179718017578125e-05
local_in_edges_tensor generation:  0.0001506805419921875
mini_batch_src_global generation:  7.414817810058594e-05
r_  generation:  0.0005993843078613281
local_output_nid generation:  2.5272369384765625e-05
local_in_edges_tensor generation:  0.0001533031463623047
mini_batch_src_global generation:  7.224082946777344e-05
r_  generation:  0.0005891323089599609
local_output_nid generation:  2.002716064453125e-05
local_in_edges_tensor generation:  0.00014352798461914062
mini_batch_src_global generation:  6.198883056640625e-05
r_  generation:  0.00046062469482421875
local_output_nid generation:  1.3828277587890625e-05
local_in_edges_tensor generation:  0.00013136863708496094
mini_batch_src_global generation:  4.744529724121094e-05
r_  generation:  0.00030994415283203125
local_output_nid generation:  1.52587890625e-05
local_in_edges_tensor generation:  0.0001289844512939453
mini_batch_src_global generation:  4.482269287109375e-05
r_  generation:  0.00032782554626464844
local_output_nid generation:  1.71661376953125e-05
local_in_edges_tensor generation:  0.00013136863708496094
mini_batch_src_global generation:  4.673004150390625e-05
r_  generation:  0.0003490447998046875
local_output_nid generation:  2.7179718017578125e-05
local_in_edges_tensor generation:  0.00014781951904296875
mini_batch_src_global generation:  6.890296936035156e-05
r_  generation:  0.0006265640258789062
local_output_nid generation:  2.1696090698242188e-05
local_in_edges_tensor generation:  0.0001442432403564453
mini_batch_src_global generation:  6.318092346191406e-05
r_  generation:  0.0005061626434326172
local_output_nid generation:  2.3603439331054688e-05
local_in_edges_tensor generation:  0.00014972686767578125
mini_batch_src_global generation:  6.365776062011719e-05
r_  generation:  0.0005147457122802734
local_output_nid generation:  2.3365020751953125e-05
local_in_edges_tensor generation:  0.00014638900756835938
mini_batch_src_global generation:  6.67572021484375e-05
r_  generation:  0.0005474090576171875
local_output_nid generation:  1.2874603271484375e-05
local_in_edges_tensor generation:  0.0001289844512939453
mini_batch_src_global generation:  4.982948303222656e-05
r_  generation:  0.0002963542938232422
----------------------check_connections_block total spend ----------------------------- 0.013312101364135742
generate_one_block  0.0016360282897949219
generate_one_block  0.0019321441650390625
generate_one_block  0.0013916492462158203
generate_one_block  0.001112222671508789
generate_one_block  0.0013556480407714844
generate_one_block  0.0016062259674072266
generate_one_block  0.0015842914581298828
generate_one_block  0.0014498233795166016
generate_one_block  0.0012891292572021484
generate_one_block  0.0012917518615722656
generate_one_block  0.0013988018035888672
generate_one_block  0.0016536712646484375
generate_one_block  0.0014426708221435547
generate_one_block  0.0014710426330566406
generate_one_block  0.0015194416046142578
generate_one_block  0.001344442367553711
The real block id is  0
get_global_graph_edges_ids_block function  spend 0.0007474422454833984
gen group dst list time:  0.0003478527069091797
time for parepare:  0.0002162456512451172
local_output_nid generation:  5.3882598876953125e-05
local_in_edges_tensor generation:  0.000324249267578125
mini_batch_src_global generation:  0.00015807151794433594
r_  generation:  0.0012860298156738281
local_output_nid generation:  8.249282836914062e-05
local_in_edges_tensor generation:  0.0002422332763671875
mini_batch_src_global generation:  0.00020503997802734375
r_  generation:  0.0017244815826416016
local_output_nid generation:  3.933906555175781e-05
local_in_edges_tensor generation:  0.000171661376953125
mini_batch_src_global generation:  9.918212890625e-05
r_  generation:  0.0007798671722412109
local_output_nid generation:  2.384185791015625e-05
local_in_edges_tensor generation:  0.000148773193359375
mini_batch_src_global generation:  6.508827209472656e-05
r_  generation:  0.0005035400390625
local_output_nid generation:  5.1021575927734375e-05
local_in_edges_tensor generation:  0.00019216537475585938
mini_batch_src_global generation:  9.870529174804688e-05
r_  generation:  0.0010786056518554688
local_output_nid generation:  6.389617919921875e-05
local_in_edges_tensor generation:  0.000213623046875
mini_batch_src_global generation:  0.00013256072998046875
r_  generation:  0.001416921615600586
local_output_nid generation:  6.4849853515625e-05
local_in_edges_tensor generation:  0.00021147727966308594
mini_batch_src_global generation:  0.0001430511474609375
r_  generation:  0.0013432502746582031
local_output_nid generation:  5.3882598876953125e-05
local_in_edges_tensor generation:  0.00019407272338867188
mini_batch_src_global generation:  0.00011754035949707031
r_  generation:  0.001104593276977539
local_output_nid generation:  4.5299530029296875e-05
local_in_edges_tensor generation:  0.00018262863159179688
mini_batch_src_global generation:  0.00010538101196289062
r_  generation:  0.0009765625
local_output_nid generation:  4.76837158203125e-05
local_in_edges_tensor generation:  0.00018477439880371094
mini_batch_src_global generation:  0.00010466575622558594
r_  generation:  0.0009837150573730469
local_output_nid generation:  4.649162292480469e-05
local_in_edges_tensor generation:  0.00018286705017089844
mini_batch_src_global generation:  0.00010967254638671875
r_  generation:  0.0010023117065429688
local_output_nid generation:  6.914138793945312e-05
local_in_edges_tensor generation:  0.00021719932556152344
mini_batch_src_global generation:  0.00013709068298339844
r_  generation:  0.0014843940734863281
local_output_nid generation:  5.9604644775390625e-05
local_in_edges_tensor generation:  0.0002009868621826172
mini_batch_src_global generation:  0.0001316070556640625
r_  generation:  0.0012547969818115234
local_output_nid generation:  6.365776062011719e-05
local_in_edges_tensor generation:  0.0002071857452392578
mini_batch_src_global generation:  0.00013184547424316406
r_  generation:  0.001277923583984375
local_output_nid generation:  6.031990051269531e-05
local_in_edges_tensor generation:  0.00019407272338867188
mini_batch_src_global generation:  0.0001270771026611328
r_  generation:  0.0012352466583251953
local_output_nid generation:  4.5299530029296875e-05
local_in_edges_tensor generation:  0.00017142295837402344
mini_batch_src_global generation:  0.00010371208190917969
r_  generation:  0.0008847713470458984
----------------------check_connections_block total spend ----------------------------- 0.029400110244750977
generate_one_block  0.0027136802673339844
generate_one_block  0.0028226375579833984
generate_one_block  0.0017926692962646484
generate_one_block  0.0014307498931884766
generate_one_block  0.0021076202392578125
generate_one_block  0.002457141876220703
generate_one_block  0.0023882389068603516
generate_one_block  0.0022554397583007812
generate_one_block  0.0020554065704345703
generate_one_block  0.0020322799682617188
generate_one_block  0.002057790756225586
generate_one_block  0.003557920455932617
generate_one_block  0.00232696533203125
generate_one_block  0.002383708953857422
generate_one_block  0.002368927001953125
generate_one_block  0.0020058155059814453
-----------------------------------------after block dataloader generation 
 Nvidia-smi: 1.2811279296875 GB
    Memory Allocated: 0.008406639099121094  GigaBytes
Max Memory Allocated: 0.01757669448852539  GigaBytes

connection checking time:  0.04837155342102051
block generation total time  0.07847356796264648
average batch blocks generation time:  0.004904597997665405
block dataloader generation time/epoch 0.16543245315551758
----------------------------------------before batch_pred = model(blocks, batch_inputs) 
 Nvidia-smi: 1.2811279296875 GB
    Memory Allocated: 0.009469985961914062  GigaBytes
Max Memory Allocated: 0.01757669448852539  GigaBytes

torch.Size([1557, 1433])
torch.Size([762, 16])
torch.Size([278, 16])
-----------------------------------------batch_pred = model(blocks, batch_inputs) 
 Nvidia-smi: 1.2811279296875 GB
    Memory Allocated: 0.009765625  GigaBytes
Max Memory Allocated: 0.01757669448852539  GigaBytes

----------------------------------------before batch_pred = model(blocks, batch_inputs) 
 Nvidia-smi: 1.2811279296875 GB
    Memory Allocated: 0.010477542877197266  GigaBytes
Max Memory Allocated: 0.019114971160888672  GigaBytes

torch.Size([1815, 1433])
torch.Size([1088, 16])
torch.Size([394, 16])
-----------------------------------------batch_pred = model(blocks, batch_inputs) 
 Nvidia-smi: 1.2811279296875 GB
    Memory Allocated: 0.010894775390625  GigaBytes
Max Memory Allocated: 0.019114971160888672  GigaBytes

----------------------------------------before batch_pred = model(blocks, batch_inputs) 
 Nvidia-smi: 1.2811279296875 GB
    Memory Allocated: 0.006365299224853516  GigaBytes
Max Memory Allocated: 0.019114971160888672  GigaBytes

torch.Size([1052, 1433])
torch.Size([449, 16])
torch.Size([120, 16])
-----------------------------------------batch_pred = model(blocks, batch_inputs) 
 Nvidia-smi: 1.2811279296875 GB
    Memory Allocated: 0.00653076171875  GigaBytes
Max Memory Allocated: 0.019114971160888672  GigaBytes

----------------------------------------before batch_pred = model(blocks, batch_inputs) 
 Nvidia-smi: 1.2811279296875 GB
    Memory Allocated: 0.004365444183349609  GigaBytes
Max Memory Allocated: 0.019114971160888672  GigaBytes

torch.Size([679, 1433])
torch.Size([254, 16])
torch.Size([94, 16])
-----------------------------------------batch_pred = model(blocks, batch_inputs) 
 Nvidia-smi: 1.2811279296875 GB
    Memory Allocated: 0.0044727325439453125  GigaBytes
Max Memory Allocated: 0.019114971160888672  GigaBytes

----------------------------------------before batch_pred = model(blocks, batch_inputs) 
 Nvidia-smi: 1.2811279296875 GB
    Memory Allocated: 0.007925033569335938  GigaBytes
Max Memory Allocated: 0.019114971160888672  GigaBytes

torch.Size([1342, 1433])
torch.Size([614, 16])
torch.Size([206, 16])
-----------------------------------------batch_pred = model(blocks, batch_inputs) 
 Nvidia-smi: 1.2811279296875 GB
    Memory Allocated: 0.00815725326538086  GigaBytes
Max Memory Allocated: 0.019114971160888672  GigaBytes

----------------------------------------before batch_pred = model(blocks, batch_inputs) 
 Nvidia-smi: 1.2811279296875 GB
    Memory Allocated: 0.009033679962158203  GigaBytes
Max Memory Allocated: 0.019114971160888672  GigaBytes

torch.Size([1547, 1433])
torch.Size([840, 16])
torch.Size([317, 16])
-----------------------------------------batch_pred = model(blocks, batch_inputs) 
 Nvidia-smi: 1.2811279296875 GB
    Memory Allocated: 0.009356498718261719  GigaBytes
Max Memory Allocated: 0.019114971160888672  GigaBytes

----------------------------------------before batch_pred = model(blocks, batch_inputs) 
 Nvidia-smi: 1.2811279296875 GB
    Memory Allocated: 0.00868368148803711  GigaBytes
Max Memory Allocated: 0.019114971160888672  GigaBytes

torch.Size([1482, 1433])
torch.Size([810, 16])
torch.Size([304, 16])
-----------------------------------------batch_pred = model(blocks, batch_inputs) 
 Nvidia-smi: 1.2811279296875 GB
    Memory Allocated: 0.00899505615234375  GigaBytes
Max Memory Allocated: 0.019114971160888672  GigaBytes

----------------------------------------before batch_pred = model(blocks, batch_inputs) 
 Nvidia-smi: 1.2811279296875 GB
    Memory Allocated: 0.009022235870361328  GigaBytes
Max Memory Allocated: 0.019114971160888672  GigaBytes

torch.Size([1366, 1433])
torch.Size([668, 16])
torch.Size([224, 16])
-----------------------------------------batch_pred = model(blocks, batch_inputs) 
 Nvidia-smi: 1.2811279296875 GB
    Memory Allocated: 0.009274482727050781  GigaBytes
Max Memory Allocated: 0.019114971160888672  GigaBytes

----------------------------------------before batch_pred = model(blocks, batch_inputs) 
 Nvidia-smi: 1.2811279296875 GB
    Memory Allocated: 0.007561683654785156  GigaBytes
Max Memory Allocated: 0.019114971160888672  GigaBytes

torch.Size([1275, 1433])
torch.Size([559, 16])
torch.Size([151, 16])
-----------------------------------------batch_pred = model(blocks, batch_inputs) 
 Nvidia-smi: 1.2811279296875 GB
    Memory Allocated: 0.007762908935546875  GigaBytes
Max Memory Allocated: 0.019114971160888672  GigaBytes
Using backend: pytorch

----------------------------------------before batch_pred = model(blocks, batch_inputs) 
 Nvidia-smi: 1.2811279296875 GB
    Memory Allocated: 0.00799560546875  GigaBytes
Max Memory Allocated: 0.019114971160888672  GigaBytes

torch.Size([1356, 1433])
torch.Size([566, 16])
torch.Size([159, 16])
-----------------------------------------batch_pred = model(blocks, batch_inputs) 
 Nvidia-smi: 1.2811279296875 GB
    Memory Allocated: 0.008202075958251953  GigaBytes
Max Memory Allocated: 0.019114971160888672  GigaBytes

----------------------------------------before batch_pred = model(blocks, batch_inputs) 
 Nvidia-smi: 1.2811279296875 GB
    Memory Allocated: 0.008012771606445312  GigaBytes
Max Memory Allocated: 0.019114971160888672  GigaBytes

torch.Size([1359, 1433])
torch.Size([557, 16])
torch.Size([174, 16])
-----------------------------------------batch_pred = model(blocks, batch_inputs) 
 Nvidia-smi: 1.2811279296875 GB
    Memory Allocated: 0.00822305679321289  GigaBytes
Max Memory Allocated: 0.019114971160888672  GigaBytes

----------------------------------------before batch_pred = model(blocks, batch_inputs) 
 Nvidia-smi: 1.2811279296875 GB
    Memory Allocated: 0.009537220001220703  GigaBytes
Max Memory Allocated: 0.019114971160888672  GigaBytes

torch.Size([1641, 1433])
torch.Size([900, 16])
torch.Size([324, 16])
-----------------------------------------batch_pred = model(blocks, batch_inputs) 
 Nvidia-smi: 1.2811279296875 GB
    Memory Allocated: 0.009877681732177734  GigaBytes
Max Memory Allocated: 0.019114971160888672  GigaBytes

----------------------------------------before batch_pred = model(blocks, batch_inputs) 
 Nvidia-smi: 1.2811279296875 GB
    Memory Allocated: 0.008646011352539062  GigaBytes
Max Memory Allocated: 0.019114971160888672  GigaBytes

torch.Size([1476, 1433])
torch.Size([729, 16])
torch.Size([245, 16])
-----------------------------------------batch_pred = model(blocks, batch_inputs) 
 Nvidia-smi: 1.2811279296875 GB
    Memory Allocated: 0.008923530578613281  GigaBytes
Max Memory Allocated: 0.019114971160888672  GigaBytes

----------------------------------------before batch_pred = model(blocks, batch_inputs) 
 Nvidia-smi: 1.2811279296875 GB
    Memory Allocated: 0.00953054428100586  GigaBytes
Max Memory Allocated: 0.019114971160888672  GigaBytes

torch.Size([1531, 1433])
torch.Size([787, 16])
torch.Size([259, 16])
-----------------------------------------batch_pred = model(blocks, batch_inputs) 
 Nvidia-smi: 1.2811279296875 GB
    Memory Allocated: 0.009831428527832031  GigaBytes
Max Memory Allocated: 0.019114971160888672  GigaBytes

----------------------------------------before batch_pred = model(blocks, batch_inputs) 
 Nvidia-smi: 1.2811279296875 GB
    Memory Allocated: 0.008913040161132812  GigaBytes
Max Memory Allocated: 0.019114971160888672  GigaBytes

torch.Size([1525, 1433])
torch.Size([792, 16])
torch.Size([265, 16])
-----------------------------------------batch_pred = model(blocks, batch_inputs) 
 Nvidia-smi: 1.2811279296875 GB
    Memory Allocated: 0.009215354919433594  GigaBytes
Max Memory Allocated: 0.019114971160888672  GigaBytes

----------------------------------------before batch_pred = model(blocks, batch_inputs) 
 Nvidia-smi: 1.2811279296875 GB
    Memory Allocated: 0.007305145263671875  GigaBytes
Max Memory Allocated: 0.019114971160888672  GigaBytes

torch.Size([1227, 1433])
torch.Size([570, 16])
torch.Size([125, 16])
-----------------------------------------batch_pred = model(blocks, batch_inputs) 
 Nvidia-smi: 1.2811279296875 GB
    Memory Allocated: 0.007502079010009766  GigaBytes
Max Memory Allocated: 0.019114971160888672  GigaBytes

times | data loading | block to device | model prediction | loss calculation | loss backward |  optimizer step |
      |0.001349523663520813 |0.000639110803604126 |0.004593387246131897 |0.0001122206449508667 |0.002348765730857849 |0.002189159393310547 |
----------------------------------------------------------pseudo_mini_loss sum 3.163902521133423
Total (block generation + training)time/epoch 0.3311288356781006
Training time/epoch 0.16544413566589355
Training time without block to device /epoch 0.15521836280822754
Training time without total dataloading part /epoch 0.11505913734436035
load block tensor time/epoch 0.021592378616333008
block to device time/epoch 0.010225772857666016
input features size transfer per epoch 2.1457672119140625e-06
blocks size to device per epoch 1.430511474609375e-06
 Run 0| Epoch 1 |
Number of nodes for computation during this epoch:  37577
Number of first layer input nodes during this epoch:  22230
