main start at this time 1648530663.35199
-----------------------------------------before load data 
 Nvidia-smi: 0.1717529296875 GB
    Memory Allocated: 0.0  GigaBytes
Max Memory Allocated: 0.0  GigaBytes

  NumNodes: 19717
  NumEdges: 88651
  NumFeats: 500
  NumClasses: 3
  NumTrainingSamples: 60
  NumValidationSamples: 500
  NumTestSamples: 1000
Done loading data from cached files.
success----------------------------------------
60
500
19157
# Nodes: 19717
# Edges: 88648
# Train: 60
# Val: 500
# Test: 19157
# Classes: 3

in feats:  500
----------------------------------------before generate_dataloader_block 
 Nvidia-smi: 1.0174560546875 GB
    Memory Allocated: 0.0019488334655761719  GigaBytes
Max Memory Allocated: 0.0019488334655761719  GigaBytes

The real block id is  3
get_global_graph_edges_ids_block function  spend 0.002221345901489258
random selection method range initialization spend 0.00018477439880371094
time for parepare:  4.458427429199219e-05
local_output_nid generation:  6.198883056640625e-06
local_in_edges_tensor generation:  0.00018715858459472656
mini_batch_src_global generation:  2.2649765014648438e-05
r_  generation:  0.0010457038879394531
local_output_nid generation:  4.76837158203125e-06
local_in_edges_tensor generation:  0.0001316070556640625
mini_batch_src_global generation:  2.288818359375e-05
r_  generation:  3.075599670410156e-05
local_output_nid generation:  4.0531158447265625e-06
local_in_edges_tensor generation:  0.00011396408081054688
mini_batch_src_global generation:  1.4066696166992188e-05
r_  generation:  1.7881393432617188e-05
local_output_nid generation:  4.291534423828125e-06
local_in_edges_tensor generation:  9.560585021972656e-05
mini_batch_src_global generation:  1.4543533325195312e-05
r_  generation:  2.0265579223632812e-05
local_output_nid generation:  3.5762786865234375e-06
local_in_edges_tensor generation:  9.369850158691406e-05
mini_batch_src_global generation:  1.430511474609375e-05
r_  generation:  1.3589859008789062e-05
local_output_nid generation:  3.337860107421875e-06
local_in_edges_tensor generation:  9.274482727050781e-05
mini_batch_src_global generation:  1.3589859008789062e-05
r_  generation:  1.3589859008789062e-05
local_output_nid generation:  3.337860107421875e-06
local_in_edges_tensor generation:  9.036064147949219e-05
mini_batch_src_global generation:  1.3828277587890625e-05
r_  generation:  1.52587890625e-05
local_output_nid generation:  3.337860107421875e-06
local_in_edges_tensor generation:  9.107589721679688e-05
mini_batch_src_global generation:  1.3113021850585938e-05
r_  generation:  1.5497207641601562e-05
local_output_nid generation:  3.814697265625e-06
local_in_edges_tensor generation:  9.226799011230469e-05
mini_batch_src_global generation:  1.3828277587890625e-05
r_  generation:  2.5272369384765625e-05
local_output_nid generation:  3.337860107421875e-06
local_in_edges_tensor generation:  0.00015544891357421875
mini_batch_src_global generation:  1.7642974853515625e-05
r_  generation:  3.24249267578125e-05
local_output_nid generation:  3.5762786865234375e-06
local_in_edges_tensor generation:  0.00010323524475097656
mini_batch_src_global generation:  1.430511474609375e-05
r_  generation:  1.4066696166992188e-05
local_output_nid generation:  3.5762786865234375e-06
local_in_edges_tensor generation:  9.298324584960938e-05
mini_batch_src_global generation:  1.3828277587890625e-05
r_  generation:  1.5974044799804688e-05
local_output_nid generation:  2.6226043701171875e-06
local_in_edges_tensor generation:  9.179115295410156e-05
mini_batch_src_global generation:  1.3113021850585938e-05
r_  generation:  1.430511474609375e-05
local_output_nid generation:  2.86102294921875e-06
local_in_edges_tensor generation:  9.059906005859375e-05
mini_batch_src_global generation:  1.4066696166992188e-05
r_  generation:  2.2649765014648438e-05
local_output_nid generation:  3.0994415283203125e-06
local_in_edges_tensor generation:  9.107589721679688e-05
mini_batch_src_global generation:  1.3828277587890625e-05
r_  generation:  1.52587890625e-05
----------------------check_connections_block total spend ----------------------------- 0.003813505172729492
generate_one_block  0.0012366771697998047
generate_one_block  0.0011000633239746094
generate_one_block  0.0010495185852050781
generate_one_block  0.0010852813720703125
generate_one_block  0.0010807514190673828
generate_one_block  0.001051187515258789
generate_one_block  0.0010976791381835938
generate_one_block  0.001100301742553711
generate_one_block  0.0010776519775390625
generate_one_block  0.0010724067687988281
generate_one_block  0.0010840892791748047
generate_one_block  0.0011076927185058594
generate_one_block  0.0010824203491210938
generate_one_block  0.0010280609130859375
generate_one_block  0.0010616779327392578
The real block id is  2
get_global_graph_edges_ids_block function  spend 0.0010898113250732422
gen group dst list time:  8.0108642578125e-05
time for parepare:  0.0002505779266357422
local_output_nid generation:  3.0994415283203125e-06
local_in_edges_tensor generation:  0.0001857280731201172
mini_batch_src_global generation:  3.24249267578125e-05
r_  generation:  9.512901306152344e-05
local_output_nid generation:  6.198883056640625e-06
local_in_edges_tensor generation:  0.00011515617370605469
mini_batch_src_global generation:  3.600120544433594e-05
r_  generation:  0.0001609325408935547
local_output_nid generation:  3.337860107421875e-06
local_in_edges_tensor generation:  0.00011014938354492188
mini_batch_src_global generation:  2.4318695068359375e-05
r_  generation:  0.0001068115234375
local_output_nid generation:  4.0531158447265625e-06
local_in_edges_tensor generation:  0.00013494491577148438
mini_batch_src_global generation:  3.0279159545898438e-05
r_  generation:  0.00015854835510253906
local_output_nid generation:  2.1457672119140625e-06
local_in_edges_tensor generation:  0.00010848045349121094
mini_batch_src_global generation:  2.1219253540039062e-05
r_  generation:  4.482269287109375e-05
local_output_nid generation:  2.86102294921875e-06
local_in_edges_tensor generation:  0.00010251998901367188
mini_batch_src_global generation:  1.8835067749023438e-05
r_  generation:  5.435943603515625e-05
local_output_nid generation:  3.337860107421875e-06
local_in_edges_tensor generation:  0.00010061264038085938
mini_batch_src_global generation:  2.193450927734375e-05
r_  generation:  9.083747863769531e-05
local_output_nid generation:  3.0994415283203125e-06
local_in_edges_tensor generation:  0.00011229515075683594
mini_batch_src_global generation:  1.8358230590820312e-05
r_  generation:  5.4836273193359375e-05
local_output_nid generation:  3.814697265625e-06
local_in_edges_tensor generation:  0.00010156631469726562
mini_batch_src_global generation:  2.5033950805664062e-05
r_  generation:  0.0001437664031982422
local_output_nid generation:  5.7220458984375e-06
local_in_edges_tensor generation:  0.00010466575622558594
mini_batch_src_global generation:  2.3365020751953125e-05
r_  generation:  9.393692016601562e-05
local_output_nid generation:  1.9073486328125e-06
local_in_edges_tensor generation:  9.965896606445312e-05
mini_batch_src_global generation:  2.002716064453125e-05
r_  generation:  5.3882598876953125e-05
local_output_nid generation:  3.337860107421875e-06
local_in_edges_tensor generation:  9.870529174804688e-05
mini_batch_src_global generation:  2.002716064453125e-05
r_  generation:  7.605552673339844e-05
local_output_nid generation:  2.6226043701171875e-06
local_in_edges_tensor generation:  9.942054748535156e-05
mini_batch_src_global generation:  2.193450927734375e-05
r_  generation:  9.393692016601562e-05
local_output_nid generation:  4.291534423828125e-06
local_in_edges_tensor generation:  0.00010228157043457031
mini_batch_src_global generation:  2.5272369384765625e-05
r_  generation:  0.0001373291015625
local_output_nid generation:  1.9073486328125e-06
local_in_edges_tensor generation:  0.00010395050048828125
mini_batch_src_global generation:  2.09808349609375e-05
r_  generation:  5.507469177246094e-05
----------------------check_connections_block total spend ----------------------------- 0.004555225372314453
generate_one_block  0.0012180805206298828
generate_one_block  0.0013217926025390625
generate_one_block  0.001207113265991211
generate_one_block  0.0013093948364257812
generate_one_block  0.0011143684387207031
generate_one_block  0.00115203857421875
generate_one_block  0.0012137889862060547
generate_one_block  0.0011374950408935547
generate_one_block  0.0011954307556152344
generate_one_block  0.0011439323425292969
generate_one_block  0.0011510848999023438
generate_one_block  0.0010933876037597656
generate_one_block  0.0011563301086425781
generate_one_block  0.0012617111206054688
generate_one_block  0.0010650157928466797
The real block id is  1
get_global_graph_edges_ids_block function  spend 0.0011849403381347656
gen group dst list time:  0.00012922286987304688
time for parepare:  0.0007603168487548828
local_output_nid generation:  1.5735626220703125e-05
local_in_edges_tensor generation:  0.00026035308837890625
mini_batch_src_global generation:  4.792213439941406e-05
r_  generation:  0.0003752708435058594
local_output_nid generation:  3.361701965332031e-05
local_in_edges_tensor generation:  0.0001704692840576172
mini_batch_src_global generation:  0.00010347366333007812
r_  generation:  0.0010187625885009766
local_output_nid generation:  2.4080276489257812e-05
local_in_edges_tensor generation:  0.0001552104949951172
mini_batch_src_global generation:  9.965896606445312e-05
r_  generation:  0.0006411075592041016
local_output_nid generation:  2.8133392333984375e-05
local_in_edges_tensor generation:  0.00017189979553222656
mini_batch_src_global generation:  0.000141143798828125
r_  generation:  0.0012645721435546875
local_output_nid generation:  8.821487426757812e-06
local_in_edges_tensor generation:  0.00013017654418945312
mini_batch_src_global generation:  6.151199340820312e-05
r_  generation:  0.0001804828643798828
local_output_nid generation:  1.1205673217773438e-05
local_in_edges_tensor generation:  0.00012683868408203125
mini_batch_src_global generation:  3.4332275390625e-05
r_  generation:  0.00021505355834960938
local_output_nid generation:  1.8835067749023438e-05
local_in_edges_tensor generation:  0.00013399124145507812
mini_batch_src_global generation:  5.340576171875e-05
r_  generation:  0.0004940032958984375
local_output_nid generation:  1.0013580322265625e-05
local_in_edges_tensor generation:  0.0001285076141357422
mini_batch_src_global generation:  5.53131103515625e-05
r_  generation:  0.0003662109375
local_output_nid generation:  2.4318695068359375e-05
local_in_edges_tensor generation:  0.0001556873321533203
mini_batch_src_global generation:  0.00011157989501953125
r_  generation:  0.0011641979217529297
local_output_nid generation:  1.2874603271484375e-05
local_in_edges_tensor generation:  0.0001380443572998047
mini_batch_src_global generation:  6.794929504394531e-05
r_  generation:  0.0003147125244140625
local_output_nid generation:  1.33514404296875e-05
local_in_edges_tensor generation:  0.00013256072998046875
mini_batch_src_global generation:  4.2438507080078125e-05
r_  generation:  0.0002834796905517578
local_output_nid generation:  1.5735626220703125e-05
local_in_edges_tensor generation:  0.00014066696166992188
mini_batch_src_global generation:  7.390975952148438e-05
r_  generation:  0.0006890296936035156
local_output_nid generation:  1.9550323486328125e-05
local_in_edges_tensor generation:  0.0001575946807861328
mini_batch_src_global generation:  6.604194641113281e-05
r_  generation:  0.0005192756652832031
local_output_nid generation:  2.9087066650390625e-05
local_in_edges_tensor generation:  0.0001556873321533203
mini_batch_src_global generation:  8.225440979003906e-05
r_  generation:  0.0007796287536621094
local_output_nid generation:  1.1682510375976562e-05
local_in_edges_tensor generation:  0.00013518333435058594
mini_batch_src_global generation:  6.890296936035156e-05
r_  generation:  0.00046539306640625
----------------------check_connections_block total spend ----------------------------- 0.015944242477416992
generate_one_block  0.0015645027160644531
generate_one_block  0.0024335384368896484
generate_one_block  0.0018055438995361328
generate_one_block  0.0026302337646484375
generate_one_block  0.0013501644134521484
generate_one_block  0.0011851787567138672
generate_one_block  0.0015308856964111328
generate_one_block  0.0014195442199707031
generate_one_block  0.0023627281188964844
generate_one_block  0.0013251304626464844
generate_one_block  0.0012993812561035156
generate_one_block  0.001856088638305664
generate_one_block  0.0018270015716552734
generate_one_block  0.0018587112426757812
generate_one_block  0.0015015602111816406
The real block id is  0
get_global_graph_edges_ids_block function  spend 0.002056598663330078
gen group dst list time:  0.00029850006103515625
time for parepare:  0.0016143321990966797
local_output_nid generation:  4.9591064453125e-05
local_in_edges_tensor generation:  0.0004711151123046875
mini_batch_src_global generation:  0.0001678466796875
r_  generation:  0.0012862682342529297
local_output_nid generation:  0.00014901161193847656
local_in_edges_tensor generation:  0.00041961669921875
mini_batch_src_global generation:  0.0006964206695556641
r_  generation:  0.005555391311645508
local_output_nid generation:  0.00010442733764648438
local_in_edges_tensor generation:  0.0002913475036621094
mini_batch_src_global generation:  0.00046443939208984375
r_  generation:  0.003549337387084961
local_output_nid generation:  0.0001246929168701172
local_in_edges_tensor generation:  0.0003402233123779297
mini_batch_src_global generation:  0.00045680999755859375
r_  generation:  0.004685163497924805
local_output_nid generation:  3.218650817871094e-05
local_in_edges_tensor generation:  0.00016379356384277344
mini_batch_src_global generation:  0.00021004676818847656
r_  generation:  0.0012619495391845703
local_output_nid generation:  3.528594970703125e-05
local_in_edges_tensor generation:  0.0001704692840576172
mini_batch_src_global generation:  0.00012373924255371094
r_  generation:  0.0010094642639160156
local_output_nid generation:  7.510185241699219e-05
local_in_edges_tensor generation:  0.00022649765014648438
mini_batch_src_global generation:  0.0002124309539794922
r_  generation:  0.002332925796508789
local_output_nid generation:  8.0108642578125e-05
local_in_edges_tensor generation:  0.000240325927734375
mini_batch_src_global generation:  0.0002682209014892578
r_  generation:  0.002608060836791992
local_output_nid generation:  0.00011658668518066406
local_in_edges_tensor generation:  0.00030541419982910156
mini_batch_src_global generation:  0.00047516822814941406
r_  generation:  0.0044689178466796875
local_output_nid generation:  4.649162292480469e-05
local_in_edges_tensor generation:  0.0001838207244873047
mini_batch_src_global generation:  0.00020051002502441406
r_  generation:  0.0011563301086425781
local_output_nid generation:  4.506111145019531e-05
local_in_edges_tensor generation:  0.0001850128173828125
mini_batch_src_global generation:  0.0001430511474609375
r_  generation:  0.0013129711151123047
local_output_nid generation:  0.00012683868408203125
local_in_edges_tensor generation:  0.00031304359436035156
mini_batch_src_global generation:  0.0003788471221923828
r_  generation:  0.004436969757080078
local_output_nid generation:  7.2479248046875e-05
local_in_edges_tensor generation:  0.00023126602172851562
mini_batch_src_global generation:  0.00033783912658691406
r_  generation:  0.002737760543823242
local_output_nid generation:  0.00011396408081054688
local_in_edges_tensor generation:  0.00028061866760253906
mini_batch_src_global generation:  0.0003139972686767578
r_  generation:  0.0032854080200195312
local_output_nid generation:  6.461143493652344e-05
local_in_edges_tensor generation:  0.0002167224884033203
mini_batch_src_global generation:  0.00029754638671875
r_  generation:  0.002528667449951172
----------------------check_connections_block total spend ----------------------------- 0.06503868103027344
generate_one_block  0.003358125686645508
generate_one_block  0.008484125137329102
generate_one_block  0.005459785461425781
generate_one_block  0.007124185562133789
generate_one_block  0.0024361610412597656
generate_one_block  0.002213001251220703
generate_one_block  0.0041997432708740234
generate_one_block  0.005211830139160156
generate_one_block  0.0073642730712890625
generate_one_block  0.0022974014282226562
generate_one_block  0.0026655197143554688
generate_one_block  0.006865739822387695
generate_one_block  0.004870891571044922
generate_one_block  0.005333423614501953
generate_one_block  0.004282474517822266
-----------------------------------------after block dataloader generation 
 Nvidia-smi: 1.0174560546875 GB
    Memory Allocated: 0.0019488334655761719  GigaBytes
Max Memory Allocated: 0.0019488334655761719  GigaBytes

connection checking time:  0.08553814888000488
block generation total time  0.11585783958435059
average batch blocks generation time:  0.007723855972290039
----------------------------------------before batch_pred = model(blocks, batch_inputs) 
 Nvidia-smi: 1.1033935546875 GB
    Memory Allocated: 0.005736351013183594  GigaBytes
Max Memory Allocated: 0.005736351013183594  GigaBytes

torch.Size([2009, 500])
torch.Size([510, 256])
torch.Size([152, 256])
-----------------------------------------batch_pred = model(blocks, batch_inputs) 
 Nvidia-smi: 1.2655029296875 GB
    Memory Allocated: 0.00807332992553711  GigaBytes
Max Memory Allocated: 0.00914764404296875  GigaBytes

----------------------------------------before batch_pred = model(blocks, batch_inputs) 
 Nvidia-smi: 1.2869873046875 GB
    Memory Allocated: 0.02011394500732422  GigaBytes
Max Memory Allocated: 0.023676395416259766  GigaBytes

torch.Size([8612, 500])
torch.Size([1954, 256])
torch.Size([390, 256])
-----------------------------------------batch_pred = model(blocks, batch_inputs) 
 Nvidia-smi: 1.2889404296875 GB
    Memory Allocated: 0.028278350830078125  GigaBytes
Max Memory Allocated: 0.03408336639404297  GigaBytes

----------------------------------------before batch_pred = model(blocks, batch_inputs) 
 Nvidia-smi: 1.2967529296875 GB
    Memory Allocated: 0.01534414291381836  GigaBytes
Max Memory Allocated: 0.03408336639404297  GigaBytes

torch.Size([6089, 500])
torch.Size([1166, 256])
torch.Size([241, 256])
-----------------------------------------batch_pred = model(blocks, batch_inputs) 
 Nvidia-smi: 1.2967529296875 GB
    Memory Allocated: 0.020153522491455078  GigaBytes
Max Memory Allocated: 0.03408336639404297  GigaBytes

----------------------------------------before batch_pred = model(blocks, batch_inputs) 
 Nvidia-smi: 1.2967529296875 GB
    Memory Allocated: 0.013522624969482422  GigaBytes
Max Memory Allocated: 0.03408336639404297  GigaBytes

torch.Size([5078, 500])
torch.Size([1377, 256])
torch.Size([285, 256])
-----------------------------------------batch_pred = model(blocks, batch_inputs) 
 Nvidia-smi: 1.2967529296875 GB
    Memory Allocated: 0.019244670867919922  GigaBytes
Max Memory Allocated: 0.03408336639404297  GigaBytes

----------------------------------------before batch_pred = model(blocks, batch_inputs) 
 Nvidia-smi: 1.2967529296875 GB
    Memory Allocated: 0.008511066436767578  GigaBytes
Max Memory Allocated: 0.03408336639404297  GigaBytes

torch.Size([2460, 500])
torch.Size([319, 256])
torch.Size([80, 256])
-----------------------------------------batch_pred = model(blocks, batch_inputs) 
 Nvidia-smi: 1.2967529296875 GB
    Memory Allocated: 0.009912967681884766  GigaBytes
Max Memory Allocated: 0.03408336639404297  GigaBytes

----------------------------------------before batch_pred = model(blocks, batch_inputs) 
 Nvidia-smi: 1.2967529296875 GB
    Memory Allocated: 0.007462024688720703  GigaBytes
Max Memory Allocated: 0.03408336639404297  GigaBytes

torch.Size([1833, 500])
torch.Size([345, 256])
torch.Size([102, 256])
-----------------------------------------batch_pred = model(blocks, batch_inputs) 
 Nvidia-smi: 1.2967529296875 GB
    Memory Allocated: 0.009046077728271484  GigaBytes
Max Memory Allocated: 0.03408336639404297  GigaBytes

----------------------------------------before batch_pred = model(blocks, batch_inputs) 
 Nvidia-smi: 1.2967529296875 GB
    Memory Allocated: 0.01178741455078125  GigaBytes
Max Memory Allocated: 0.03408336639404297  GigaBytes

torch.Size([4196, 500])
torch.Size([872, 256])
torch.Size([193, 256])
-----------------------------------------batch_pred = model(blocks, batch_inputs) 
 Nvidia-smi: 1.2987060546875 GB
    Memory Allocated: 0.01544952392578125  GigaBytes
Max Memory Allocated: 0.03408336639404297  GigaBytes

----------------------------------------before batch_pred = model(blocks, batch_inputs) 
 Nvidia-smi: 1.2987060546875 GB
    Memory Allocated: 0.010756492614746094  GigaBytes
Max Memory Allocated: 0.03408336639404297  GigaBytes

torch.Size([3640, 500])
torch.Size([923, 256])
torch.Size([87, 256])
-----------------------------------------batch_pred = model(blocks, batch_inputs) 
 Nvidia-smi: 1.2987060546875 GB
    Memory Allocated: 0.014148235321044922  GigaBytes
Max Memory Allocated: 0.03408336639404297  GigaBytes

----------------------------------------before batch_pred = model(blocks, batch_inputs) 
 Nvidia-smi: 1.3006591796875 GB
    Memory Allocated: 0.013071060180664062  GigaBytes
Max Memory Allocated: 0.03408336639404297  GigaBytes

torch.Size([4839, 500])
torch.Size([1530, 256])
torch.Size([306, 256])
-----------------------------------------batch_pred = model(blocks, batch_inputs) 
 Nvidia-smi: 1.3006591796875 GB
    Memory Allocated: 0.019433021545410156  GigaBytes
Max Memory Allocated: 0.03408336639404297  GigaBytes

----------------------------------------before batch_pred = model(blocks, batch_inputs) 
 Nvidia-smi: 1.3006591796875 GB
    Memory Allocated: 0.0074481964111328125  GigaBytes
Max Memory Allocated: 0.03408336639404297  GigaBytes

torch.Size([1890, 500])
torch.Size([537, 256])
torch.Size([142, 256])
-----------------------------------------batch_pred = model(blocks, batch_inputs) 
 Nvidia-smi: 1.3006591796875 GB
    Memory Allocated: 0.009945392608642578  GigaBytes
Max Memory Allocated: 0.03408336639404297  GigaBytes

----------------------------------------before batch_pred = model(blocks, batch_inputs) 
 Nvidia-smi: 1.3006591796875 GB
    Memory Allocated: 0.008839130401611328  GigaBytes
Max Memory Allocated: 0.03408336639404297  GigaBytes

torch.Size([2632, 500])
torch.Size([484, 256])
torch.Size([140, 256])
-----------------------------------------batch_pred = model(blocks, batch_inputs) 
 Nvidia-smi: 1.3006591796875 GB
    Memory Allocated: 0.011001110076904297  GigaBytes
Max Memory Allocated: 0.03408336639404297  GigaBytes

----------------------------------------before batch_pred = model(blocks, batch_inputs) 
 Nvidia-smi: 1.3006591796875 GB
    Memory Allocated: 0.01656961441040039  GigaBytes
Max Memory Allocated: 0.03408336639404297  GigaBytes

torch.Size([6374, 500])
torch.Size([1694, 256])
torch.Size([165, 256])
-----------------------------------------batch_pred = model(blocks, batch_inputs) 
 Nvidia-smi: 1.3006591796875 GB
    Memory Allocated: 0.022752761840820312  GigaBytes
Max Memory Allocated: 0.03408336639404297  GigaBytes

----------------------------------------before batch_pred = model(blocks, batch_inputs) 
 Nvidia-smi: 1.3006591796875 GB
    Memory Allocated: 0.012993812561035156  GigaBytes
Max Memory Allocated: 0.03408336639404297  GigaBytes

torch.Size([4838, 500])
torch.Size([840, 256])
torch.Size([216, 256])
-----------------------------------------batch_pred = model(blocks, batch_inputs) 
 Nvidia-smi: 1.3006591796875 GB
    Memory Allocated: 0.016644001007080078  GigaBytes
Max Memory Allocated: 0.03408336639404297  GigaBytes

----------------------------------------before batch_pred = model(blocks, batch_inputs) 
 Nvidia-smi: 1.3006591796875 GB
    Memory Allocated: 0.013926506042480469  GigaBytes
Max Memory Allocated: 0.03408336639404297  GigaBytes

torch.Size([5328, 500])
torch.Size([1422, 256])
torch.Size([315, 256])
-----------------------------------------batch_pred = model(blocks, batch_inputs) 
 Nvidia-smi: 1.3006591796875 GB
    Memory Allocated: 0.020358562469482422  GigaBytes
Max Memory Allocated: 0.03408336639404297  GigaBytes

----------------------------------------before batch_pred = model(blocks, batch_inputs) 
 Nvidia-smi: 1.3006591796875 GB
    Memory Allocated: 0.009383678436279297  GigaBytes
Max Memory Allocated: 0.03408336639404297  GigaBytes

torch.Size([2902, 500])
torch.Size([790, 256])
torch.Size([114, 256])
-----------------------------------------batch_pred = model(blocks, batch_inputs) 
 Nvidia-smi: 1.3006591796875 GB
    Memory Allocated: 0.012440681457519531  GigaBytes
Max Memory Allocated: 0.03408336639404297  GigaBytes

times | data loading | block to device | model prediction | loss calculation | loss backward |  optimizer step |
      |0.0025878270467122396 |0.023840904235839844 |0.05630265871683757 |0.00014588038126627604 |0.003981367746988932 |0.002738475799560547 |
----------------------------------------------------------pseudo_mini_loss sum 2.9691760540008545
 Run 0| Epoch 0 |
Number of nodes for computation during this epoch:  80768
Number of first layer input nodes during this epoch:  62720
----------------------------------------before generate_dataloader_block 
 Nvidia-smi: 1.3006591796875 GB
    Memory Allocated: 0.013458251953125  GigaBytes
Max Memory Allocated: 0.03408336639404297  GigaBytes

The real block id is  3
get_global_graph_edges_ids_block function  spend 0.0005137920379638672
random selection method range initialization spend 0.00011777877807617188
time for parepare:  5.0067901611328125e-05
local_output_nid generation:  6.67572021484375e-06
local_in_edges_tensor generation:  0.00018453598022460938
mini_batch_src_global generation:  2.2172927856445312e-05
r_  generation:  2.5510787963867188e-05
local_output_nid generation:  4.5299530029296875e-06
local_in_edges_tensor generation:  0.00011587142944335938
mini_batch_src_global generation:  1.6450881958007812e-05
r_  generation:  1.811981201171875e-05
local_output_nid generation:  4.291534423828125e-06
local_in_edges_tensor generation:  0.00011110305786132812
mini_batch_src_global generation:  1.5974044799804688e-05
r_  generation:  1.7642974853515625e-05
local_output_nid generation:  3.5762786865234375e-06
local_in_edges_tensor generation:  0.00010657310485839844
mini_batch_src_global generation:  1.5020370483398438e-05
r_  generation:  1.3589859008789062e-05
local_output_nid generation:  3.337860107421875e-06
local_in_edges_tensor generation:  0.00010633468627929688
mini_batch_src_global generation:  2.4557113647460938e-05
r_  generation:  1.3828277587890625e-05
local_output_nid generation:  3.0994415283203125e-06
local_in_edges_tensor generation:  8.702278137207031e-05
mini_batch_src_global generation:  1.3828277587890625e-05
r_  generation:  1.9311904907226562e-05
local_output_nid generation:  3.0994415283203125e-06
local_in_edges_tensor generation:  8.845329284667969e-05
mini_batch_src_global generation:  1.4066696166992188e-05
r_  generation:  2.3365020751953125e-05
local_output_nid generation:  2.86102294921875e-06
local_in_edges_tensor generation:  8.869171142578125e-05
mini_batch_src_global generation:  1.3828277587890625e-05
r_  generation:  2.6464462280273438e-05
local_output_nid generation:  2.6226043701171875e-06
local_in_edges_tensor generation:  8.726119995117188e-05
mini_batch_src_global generation:  1.3828277587890625e-05
r_  generation:  1.9550323486328125e-05
local_output_nid generation:  3.0994415283203125e-06
local_in_edges_tensor generation:  8.702278137207031e-05
mini_batch_src_global generation:  1.3113021850585938e-05
r_  generation:  1.9788742065429688e-05
local_output_nid generation:  2.86102294921875e-06
local_in_edges_tensor generation:  8.845329284667969e-05
mini_batch_src_global generation:  1.3589859008789062e-05
r_  generation:  1.7881393432617188e-05
local_output_nid generation:  3.0994415283203125e-06
local_in_edges_tensor generation:  0.0001201629638671875
mini_batch_src_global generation:  1.5020370483398438e-05
r_  generation:  1.6689300537109375e-05
local_output_nid generation:  3.5762786865234375e-06
local_in_edges_tensor generation:  9.1552734375e-05
mini_batch_src_global generation:  1.3589859008789062e-05
r_  generation:  1.1920928955078125e-05
local_output_nid generation:  3.0994415283203125e-06
local_in_edges_tensor generation:  8.96453857421875e-05
mini_batch_src_global generation:  1.3589859008789062e-05
r_  generation:  1.1920928955078125e-05
local_output_nid generation:  3.337860107421875e-06
local_in_edges_tensor generation:  8.869171142578125e-05
mini_batch_src_global generation:  1.4543533325195312e-05
r_  generation:  1.9550323486328125e-05
----------------------check_connections_block total spend ----------------------------- 0.0026967525482177734
generate_one_block  0.001191854476928711
generate_one_block  0.0009584426879882812
generate_one_block  0.00099945068359375
generate_one_block  0.0009920597076416016
generate_one_block  0.0009458065032958984
generate_one_block  0.0009920597076416016
generate_one_block  0.0010166168212890625
generate_one_block  0.001115560531616211
generate_one_block  0.0009603500366210938
generate_one_block  0.0009605884552001953
generate_one_block  0.0009596347808837891
generate_one_block  0.0009477138519287109
generate_one_block  0.0009372234344482422
generate_one_block  0.0009396076202392578
generate_one_block  0.0009529590606689453
The real block id is  2
get_global_graph_edges_ids_block function  spend 0.0006048679351806641
gen group dst list time:  7.200241088867188e-05
time for parepare:  0.000225067138671875
local_output_nid generation:  2.6226043701171875e-06
local_in_edges_tensor generation:  0.0001900196075439453
mini_batch_src_global generation:  2.6464462280273438e-05
r_  generation:  7.867813110351562e-05
local_output_nid generation:  2.6226043701171875e-06
local_in_edges_tensor generation:  0.0001010894775390625
mini_batch_src_global generation:  2.1457672119140625e-05
r_  generation:  5.5789947509765625e-05
local_output_nid generation:  2.6226043701171875e-06
local_in_edges_tensor generation:  9.608268737792969e-05
mini_batch_src_global generation:  1.9073486328125e-05
r_  generation:  5.53131103515625e-05
local_output_nid generation:  1.6689300537109375e-06
local_in_edges_tensor generation:  9.274482727050781e-05
mini_batch_src_global generation:  1.621246337890625e-05
r_  generation:  2.9087066650390625e-05
local_output_nid generation:  2.6226043701171875e-06
local_in_edges_tensor generation:  9.274482727050781e-05
mini_batch_src_global generation:  1.9788742065429688e-05
r_  generation:  8.058547973632812e-05
local_output_nid generation:  4.291534423828125e-06
local_in_edges_tensor generation:  9.72747802734375e-05
mini_batch_src_global generation:  2.193450927734375e-05
r_  generation:  7.390975952148438e-05
local_output_nid generation:  6.4373016357421875e-06
local_in_edges_tensor generation:  9.846687316894531e-05
mini_batch_src_global generation:  2.002716064453125e-05
r_  generation:  7.724761962890625e-05
local_output_nid generation:  5.245208740234375e-06
local_in_edges_tensor generation:  0.00010132789611816406
mini_batch_src_global generation:  2.956390380859375e-05
r_  generation:  0.00018715858459472656
local_output_nid generation:  3.814697265625e-06
local_in_edges_tensor generation:  0.00010657310485839844
mini_batch_src_global generation:  2.8371810913085938e-05
r_  generation:  0.00011205673217773438
local_output_nid generation:  4.291534423828125e-06
local_in_edges_tensor generation:  0.00010323524475097656
mini_batch_src_global generation:  2.9325485229492188e-05
r_  generation:  0.0001914501190185547
local_output_nid generation:  4.0531158447265625e-06
local_in_edges_tensor generation:  0.00010347366333007812
mini_batch_src_global generation:  3.409385681152344e-05
r_  generation:  0.00017571449279785156
local_output_nid generation:  3.0994415283203125e-06
local_in_edges_tensor generation:  0.00010132789611816406
mini_batch_src_global generation:  2.4080276489257812e-05
r_  generation:  7.534027099609375e-05
local_output_nid generation:  1.6689300537109375e-06
local_in_edges_tensor generation:  9.465217590332031e-05
mini_batch_src_global generation:  1.6450881958007812e-05
r_  generation:  4.100799560546875e-05
local_output_nid generation:  1.9073486328125e-06
local_in_edges_tensor generation:  9.107589721679688e-05
mini_batch_src_global generation:  1.5020370483398438e-05
r_  generation:  3.600120544433594e-05
local_output_nid generation:  3.814697265625e-06
local_in_edges_tensor generation:  9.322166442871094e-05
mini_batch_src_global generation:  2.7418136596679688e-05
r_  generation:  0.0001010894775390625
----------------------check_connections_block total spend ----------------------------- 0.004346609115600586
generate_one_block  0.0011143684387207031
generate_one_block  0.0011057853698730469
generate_one_block  0.0010693073272705078
generate_one_block  0.0009665489196777344
generate_one_block  0.0011372566223144531
generate_one_block  0.0010750293731689453
generate_one_block  0.0010271072387695312
generate_one_block  0.0011637210845947266
generate_one_block  0.00115203857421875
generate_one_block  0.0012476444244384766
generate_one_block  0.0011775493621826172
generate_one_block  0.0010883808135986328
generate_one_block  0.0009987354278564453
generate_one_block  0.000972747802734375
generate_one_block  0.001112222671508789
The real block id is  1
get_global_graph_edges_ids_block function  spend 0.0010123252868652344
gen group dst list time:  0.00012493133544921875
time for parepare:  0.0007364749908447266
local_output_nid generation:  1.621246337890625e-05
local_in_edges_tensor generation:  0.00024509429931640625
mini_batch_src_global generation:  7.367134094238281e-05
r_  generation:  0.0005316734313964844
local_output_nid generation:  1.33514404296875e-05
local_in_edges_tensor generation:  0.00012803077697753906
mini_batch_src_global generation:  5.221366882324219e-05
r_  generation:  0.00027823448181152344
local_output_nid generation:  1.1205673217773438e-05
local_in_edges_tensor generation:  0.000152587890625
mini_batch_src_global generation:  4.792213439941406e-05
r_  generation:  0.0003020763397216797
local_output_nid generation:  6.198883056640625e-06
local_in_edges_tensor generation:  0.00011897087097167969
mini_batch_src_global generation:  3.075599670410156e-05
r_  generation:  0.00011730194091796875
local_output_nid generation:  2.0265579223632812e-05
local_in_edges_tensor generation:  0.00013065338134765625
mini_batch_src_global generation:  4.6253204345703125e-05
r_  generation:  0.0004189014434814453
local_output_nid generation:  1.5735626220703125e-05
local_in_edges_tensor generation:  0.00012683868408203125
mini_batch_src_global generation:  5.8650970458984375e-05
r_  generation:  0.00044083595275878906
local_output_nid generation:  1.239776611328125e-05
local_in_edges_tensor generation:  0.0001246929168701172
mini_batch_src_global generation:  4.267692565917969e-05
r_  generation:  0.0002551078796386719
local_output_nid generation:  3.528594970703125e-05
local_in_edges_tensor generation:  0.0001583099365234375
mini_batch_src_global generation:  0.00010180473327636719
r_  generation:  0.0010395050048828125
local_output_nid generation:  2.5033950805664062e-05
local_in_edges_tensor generation:  0.0001552104949951172
mini_batch_src_global generation:  0.00010323524475097656
r_  generation:  0.0006887912750244141
local_output_nid generation:  3.719329833984375e-05
local_in_edges_tensor generation:  0.0001690387725830078
mini_batch_src_global generation:  0.00014925003051757812
r_  generation:  0.0013659000396728516
local_output_nid generation:  3.6716461181640625e-05
local_in_edges_tensor generation:  0.00019502639770507812
mini_batch_src_global generation:  0.000194549560546875
r_  generation:  0.0013954639434814453
local_output_nid generation:  1.6927719116210938e-05
local_in_edges_tensor generation:  0.0001461505889892578
mini_batch_src_global generation:  0.00010538101196289062
r_  generation:  0.0007064342498779297
local_output_nid generation:  8.58306884765625e-06
local_in_edges_tensor generation:  0.00012493133544921875
mini_batch_src_global generation:  4.863739013671875e-05
r_  generation:  0.00023674964904785156
local_output_nid generation:  7.62939453125e-06
local_in_edges_tensor generation:  0.00011539459228515625
mini_batch_src_global generation:  2.9325485229492188e-05
r_  generation:  0.0001804828643798828
local_output_nid generation:  2.4318695068359375e-05
local_in_edges_tensor generation:  0.00014257431030273438
mini_batch_src_global generation:  5.7220458984375e-05
r_  generation:  0.0005517005920410156
----------------------check_connections_block total spend ----------------------------- 0.015580415725708008
generate_one_block  0.0016701221466064453
generate_one_block  0.001360177993774414
generate_one_block  0.0013022422790527344
generate_one_block  0.0010564327239990234
generate_one_block  0.0015003681182861328
generate_one_block  0.0015382766723632812
generate_one_block  0.0012400150299072266
generate_one_block  0.0022275447845458984
generate_one_block  0.0017709732055664062
generate_one_block  0.002733469009399414
generate_one_block  0.0026798248291015625
generate_one_block  0.001880645751953125
generate_one_block  0.0012302398681640625
generate_one_block  0.0010738372802734375
generate_one_block  0.0016486644744873047
The real block id is  0
get_global_graph_edges_ids_block function  spend 0.0019752979278564453
gen group dst list time:  0.0002949237823486328
time for parepare:  0.001497507095336914
local_output_nid generation:  9.274482727050781e-05
local_in_edges_tensor generation:  0.000553131103515625
mini_batch_src_global generation:  0.0004296302795410156
r_  generation:  0.003170490264892578
local_output_nid generation:  4.5299530029296875e-05
local_in_edges_tensor generation:  0.0001990795135498047
mini_batch_src_global generation:  0.00016760826110839844
r_  generation:  0.001142740249633789
local_output_nid generation:  5.7697296142578125e-05
local_in_edges_tensor generation:  0.000213623046875
mini_batch_src_global generation:  0.0001418590545654297
r_  generation:  0.0014827251434326172
local_output_nid generation:  2.0742416381835938e-05
local_in_edges_tensor generation:  0.000148773193359375
mini_batch_src_global generation:  9.012222290039062e-05
r_  generation:  0.0005440711975097656
local_output_nid generation:  6.556510925292969e-05
local_in_edges_tensor generation:  0.0002238750457763672
mini_batch_src_global generation:  0.00021123886108398438
r_  generation:  0.0024373531341552734
local_output_nid generation:  8.487701416015625e-05
local_in_edges_tensor generation:  0.0002536773681640625
mini_batch_src_global generation:  0.0003402233123779297
r_  generation:  0.0029153823852539062
local_output_nid generation:  4.792213439941406e-05
local_in_edges_tensor generation:  0.00020265579223632812
mini_batch_src_global generation:  0.00017189979553222656
r_  generation:  0.0012292861938476562
local_output_nid generation:  0.00015544891357421875
local_in_edges_tensor generation:  0.0003581047058105469
mini_batch_src_global generation:  0.0003581047058105469
r_  generation:  0.004239797592163086
local_output_nid generation:  9.632110595703125e-05
local_in_edges_tensor generation:  0.0002856254577636719
mini_batch_src_global generation:  0.0004591941833496094
r_  generation:  0.0036287307739257812
local_output_nid generation:  0.0001494884490966797
local_in_edges_tensor generation:  0.00037288665771484375
mini_batch_src_global generation:  0.0005583763122558594
r_  generation:  0.005448341369628906
local_output_nid generation:  0.0001342296600341797
local_in_edges_tensor generation:  0.0003426074981689453
mini_batch_src_global generation:  0.0005290508270263672
r_  generation:  0.00530552864074707
local_output_nid generation:  0.00014972686767578125
local_in_edges_tensor generation:  0.00033855438232421875
mini_batch_src_global generation:  0.0004918575286865234
r_  generation:  0.004484891891479492
local_output_nid generation:  4.649162292480469e-05
local_in_edges_tensor generation:  0.0001842975616455078
mini_batch_src_global generation:  0.00025844573974609375
r_  generation:  0.0017671585083007812
local_output_nid generation:  2.384185791015625e-05
local_in_edges_tensor generation:  0.0001533031463623047
mini_batch_src_global generation:  0.000118255615234375
r_  generation:  0.0005550384521484375
local_output_nid generation:  9.1552734375e-05
local_in_edges_tensor generation:  0.0002472400665283203
mini_batch_src_global generation:  0.0002162456512451172
r_  generation:  0.0026171207427978516
----------------------check_connections_block total spend ----------------------------- 0.06318902969360352
generate_one_block  0.005797386169433594
generate_one_block  0.0025014877319335938
generate_one_block  0.0027341842651367188
generate_one_block  0.0016679763793945312
generate_one_block  0.004255056381225586
generate_one_block  0.004663705825805664
generate_one_block  0.002402067184448242
generate_one_block  0.006612062454223633
generate_one_block  0.0060083866119384766
generate_one_block  0.008387565612792969
generate_one_block  0.007877111434936523
generate_one_block  0.007299900054931641
generate_one_block  0.0031468868255615234
generate_one_block  0.001676321029663086
generate_one_block  0.004533052444458008
-----------------------------------------after block dataloader generation 
 Nvidia-smi: 1.3006591796875 GB
    Memory Allocated: 0.013458251953125  GigaBytes
Max Memory Allocated: 0.03408336639404297  GigaBytes

connection checking time:  0.08311605453491211
block generation total time  0.11088442802429199
average batch blocks generation time:  0.007392295201619466
block dataloader generation time/epoch 0.23698806762695312
----------------------------------------before batch_pred = model(blocks, batch_inputs) 
 Nvidia-smi: 1.3006591796875 GB
    Memory Allocated: 0.015325069427490234  GigaBytes
Max Memory Allocated: 0.03408336639404297  GigaBytes

torch.Size([3995, 500])
torch.Size([959, 256])
torch.Size([165, 256])
-----------------------------------------batch_pred = model(blocks, batch_inputs) 
 Nvidia-smi: 1.3026123046875 GB
    Memory Allocated: 0.0191497802734375  GigaBytes
Max Memory Allocated: 0.03408336639404297  GigaBytes

----------------------------------------before batch_pred = model(blocks, batch_inputs) 
 Nvidia-smi: 1.3026123046875 GB
    Memory Allocated: 0.011446475982666016  GigaBytes
Max Memory Allocated: 0.03408336639404297  GigaBytes

torch.Size([1951, 500])
torch.Size([386, 256])
torch.Size([101, 256])
-----------------------------------------batch_pred = model(blocks, batch_inputs) 
 Nvidia-smi: 1.3026123046875 GB
    Memory Allocated: 0.01315450668334961  GigaBytes
Max Memory Allocated: 0.03408336639404297  GigaBytes

----------------------------------------before batch_pred = model(blocks, batch_inputs) 
 Nvidia-smi: 1.3026123046875 GB
    Memory Allocated: 0.012206554412841797  GigaBytes
Max Memory Allocated: 0.03408336639404297  GigaBytes

torch.Size([2354, 500])
torch.Size([597, 256])
torch.Size([94, 256])
-----------------------------------------batch_pred = model(blocks, batch_inputs) 
 Nvidia-smi: 1.3026123046875 GB
    Memory Allocated: 0.014566898345947266  GigaBytes
Max Memory Allocated: 0.03408336639404297  GigaBytes

----------------------------------------before batch_pred = model(blocks, batch_inputs) 
 Nvidia-smi: 1.3026123046875 GB
    Memory Allocated: 0.010274410247802734  GigaBytes
Max Memory Allocated: 0.03408336639404297  GigaBytes

torch.Size([1332, 500])
torch.Size([189, 256])
torch.Size([41, 256])
-----------------------------------------batch_pred = model(blocks, batch_inputs) 
 Nvidia-smi: 1.3026123046875 GB
    Memory Allocated: 0.011087417602539062  GigaBytes
Max Memory Allocated: 0.03408336639404297  GigaBytes

----------------------------------------before batch_pred = model(blocks, batch_inputs) 
 Nvidia-smi: 1.3026123046875 GB
    Memory Allocated: 0.016025543212890625  GigaBytes
Max Memory Allocated: 0.03408336639404297  GigaBytes

torch.Size([4387, 500])
torch.Size([746, 256])
torch.Size([195, 256])
-----------------------------------------batch_pred = model(blocks, batch_inputs) 
 Nvidia-smi: 1.3026123046875 GB
    Memory Allocated: 0.019283294677734375  GigaBytes
Max Memory Allocated: 0.03408336639404297  GigaBytes

----------------------------------------before batch_pred = model(blocks, batch_inputs) 
 Nvidia-smi: 1.3026123046875 GB
    Memory Allocated: 0.01474142074584961  GigaBytes
Max Memory Allocated: 0.03408336639404297  GigaBytes

torch.Size([3691, 500])
torch.Size([1017, 256])
torch.Size([149, 256])
-----------------------------------------batch_pred = model(blocks, batch_inputs) 
 Nvidia-smi: 1.3026123046875 GB
    Memory Allocated: 0.01871967315673828  GigaBytes
Max Memory Allocated: 0.03408336639404297  GigaBytes

----------------------------------------before batch_pred = model(blocks, batch_inputs) 
 Nvidia-smi: 1.3026123046875 GB
    Memory Allocated: 0.0114898681640625  GigaBytes
Max Memory Allocated: 0.03408336639404297  GigaBytes

torch.Size([1974, 500])
torch.Size([476, 256])
torch.Size([113, 256])
-----------------------------------------batch_pred = model(blocks, batch_inputs) 
 Nvidia-smi: 1.3026123046875 GB
    Memory Allocated: 0.013651847839355469  GigaBytes
Max Memory Allocated: 0.03408336639404297  GigaBytes

----------------------------------------before batch_pred = model(blocks, batch_inputs) 
 Nvidia-smi: 1.3026123046875 GB
    Memory Allocated: 0.02011394500732422  GigaBytes
Max Memory Allocated: 0.03408336639404297  GigaBytes

torch.Size([6546, 500])
torch.Size([1865, 256])
torch.Size([395, 256])
-----------------------------------------batch_pred = model(blocks, batch_inputs) 
 Nvidia-smi: 1.3026123046875 GB
    Memory Allocated: 0.0278778076171875  GigaBytes
Max Memory Allocated: 0.03408336639404297  GigaBytes

----------------------------------------before batch_pred = model(blocks, batch_inputs) 
 Nvidia-smi: 1.3026123046875 GB
    Memory Allocated: 0.020044326782226562  GigaBytes
Max Memory Allocated: 0.03408336639404297  GigaBytes

torch.Size([6522, 500])
torch.Size([1282, 256])
torch.Size([282, 256])
-----------------------------------------batch_pred = model(blocks, batch_inputs) 
 Nvidia-smi: 1.3026123046875 GB
    Memory Allocated: 0.02596759796142578  GigaBytes
Max Memory Allocated: 0.03408336639404297  GigaBytes

----------------------------------------before batch_pred = model(blocks, batch_inputs) 
 Nvidia-smi: 1.3026123046875 GB
    Memory Allocated: 0.01925182342529297  GigaBytes
Max Memory Allocated: 0.03408336639404297  GigaBytes

torch.Size([6056, 500])
torch.Size([1882, 256])
torch.Size([405, 256])
-----------------------------------------batch_pred = model(blocks, batch_inputs) 
 Nvidia-smi: 1.3026123046875 GB
    Memory Allocated: 0.02710247039794922  GigaBytes
Max Memory Allocated: 0.03408336639404297  GigaBytes

----------------------------------------before batch_pred = model(blocks, batch_inputs) 
 Nvidia-smi: 1.3026123046875 GB
    Memory Allocated: 0.01973581314086914  GigaBytes
Max Memory Allocated: 0.03408336639404297  GigaBytes

torch.Size([6318, 500])
torch.Size([1588, 256])
torch.Size([375, 256])
-----------------------------------------batch_pred = model(blocks, batch_inputs) 
 Nvidia-smi: 1.3026123046875 GB
    Memory Allocated: 0.02649831771850586  GigaBytes
Max Memory Allocated: 0.03408336639404297  GigaBytes

----------------------------------------before batch_pred = model(blocks, batch_inputs) 
 Nvidia-smi: 1.3026123046875 GB
    Memory Allocated: 0.019145965576171875  GigaBytes
Max Memory Allocated: 0.03408336639404297  GigaBytes

torch.Size([6028, 500])
torch.Size([1702, 256])
torch.Size([168, 256])
-----------------------------------------batch_pred = model(blocks, batch_inputs) 
 Nvidia-smi: 1.3026123046875 GB
    Memory Allocated: 0.02536487579345703  GigaBytes
Max Memory Allocated: 0.03408336639404297  GigaBytes

----------------------------------------before batch_pred = model(blocks, batch_inputs) 
 Nvidia-smi: 1.3026123046875 GB
    Memory Allocated: 0.012924671173095703  GigaBytes
Max Memory Allocated: 0.03408336639404297  GigaBytes

torch.Size([2735, 500])
torch.Size([451, 256])
torch.Size([77, 256])
-----------------------------------------batch_pred = model(blocks, batch_inputs) 
 Nvidia-smi: 1.3026123046875 GB
    Memory Allocated: 0.014739036560058594  GigaBytes
Max Memory Allocated: 0.03408336639404297  GigaBytes

----------------------------------------before batch_pred = model(blocks, batch_inputs) 
 Nvidia-smi: 1.3026123046875 GB
    Memory Allocated: 0.009772300720214844  GigaBytes
Max Memory Allocated: 0.03408336639404297  GigaBytes

torch.Size([1062, 500])
torch.Size([207, 256])
torch.Size([71, 256])
-----------------------------------------batch_pred = model(blocks, batch_inputs) 
 Nvidia-smi: 1.3026123046875 GB
    Memory Allocated: 0.010771751403808594  GigaBytes
Max Memory Allocated: 0.03408336639404297  GigaBytes
Using backend: pytorch

----------------------------------------before batch_pred = model(blocks, batch_inputs) 
 Nvidia-smi: 1.3026123046875 GB
    Memory Allocated: 0.01711750030517578  GigaBytes
Max Memory Allocated: 0.03408336639404297  GigaBytes

torch.Size([4968, 500])
torch.Size([1017, 256])
torch.Size([258, 256])
-----------------------------------------batch_pred = model(blocks, batch_inputs) 
 Nvidia-smi: 1.3026123046875 GB
    Memory Allocated: 0.02153158187866211  GigaBytes
Max Memory Allocated: 0.03408336639404297  GigaBytes

times | data loading | block to device | model prediction | loss calculation | loss backward |  optimizer step |
      |0.0021974722544352214 |0.0005397796630859375 |0.004259904225667317 |0.00011723836263020834 |0.004179732004801432 |0.0022475719451904297 |
----------------------------------------------------------pseudo_mini_loss sum 1.6235071420669556
Total (block generation + training)time/epoch 0.4263184070587158
Training time/epoch 0.18909764289855957
Training time without block to device /epoch 0.1810009479522705
Training time without total dataloading part /epoch 0.1306006908416748
load block tensor time/epoch 0.03296208381652832
block to device time/epoch 0.008096694946289062
input features size transfer per epoch 2.0116567611694336e-06
blocks size to device per epoch 1.341104507446289e-06
 Run 0| Epoch 1 |
Number of nodes for computation during this epoch:  77528
Number of first layer input nodes during this epoch:  59919
