main start at this time 1648531581.5863156
-----------------------------------------before load data 
 Nvidia-smi: 0.1717529296875 GB
    Memory Allocated: 0.0  GigaBytes
Max Memory Allocated: 0.0  GigaBytes

  NumNodes: 19717
  NumEdges: 88651
  NumFeats: 500
  NumClasses: 3
  NumTrainingSamples: 60
  NumValidationSamples: 500
  NumTestSamples: 1000
Done loading data from cached files.
success----------------------------------------
60
500
19157
# Nodes: 19717
# Edges: 88648
# Train: 60
# Val: 500
# Test: 19157
# Classes: 3

in feats:  500
----------------------------------------before generate_dataloader_block 
 Nvidia-smi: 1.0447998046875 GB
    Memory Allocated: 0.015297412872314453  GigaBytes
Max Memory Allocated: 0.015297412872314453  GigaBytes

The real block id is  3
get_global_graph_edges_ids_block function  spend 0.0026044845581054688
range selection method range initialization spend 8.034706115722656e-05
time for parepare:  4.673004150390625e-05
local_output_nid generation:  3.409385681152344e-05
local_in_edges_tensor generation:  0.0001919269561767578
mini_batch_src_global generation:  3.0040740966796875e-05
r_  generation:  0.001239776611328125
----------------------check_connections_block total spend ----------------------------- 0.0016477108001708984
generate_one_block  0.001504659652709961
The real block id is  2
get_global_graph_edges_ids_block function  spend 0.0012922286987304688
gen group dst list time:  1.9788742065429688e-05
time for parepare:  0.00023794174194335938
local_output_nid generation:  2.765655517578125e-05
local_in_edges_tensor generation:  0.00022172927856445312
mini_batch_src_global generation:  0.00013303756713867188
r_  generation:  0.0011663436889648438
----------------------check_connections_block total spend ----------------------------- 0.002131938934326172
generate_one_block  0.002841949462890625
The real block id is  1
get_global_graph_edges_ids_block function  spend 0.001043081283569336
gen group dst list time:  5.14984130859375e-05
time for parepare:  0.0007505416870117188
local_output_nid generation:  0.000171661376953125
local_in_edges_tensor generation:  0.0005691051483154297
mini_batch_src_global generation:  0.0005652904510498047
r_  generation:  0.006685495376586914
----------------------check_connections_block total spend ----------------------------- 0.01073455810546875
generate_one_block  0.009747028350830078
The real block id is  0
get_global_graph_edges_ids_block function  spend 0.0019626617431640625
gen group dst list time:  0.00013899803161621094
time for parepare:  0.0013535022735595703
local_output_nid generation:  0.0005273818969726562
local_in_edges_tensor generation:  0.001318216323852539
mini_batch_src_global generation:  0.0015773773193359375
r_  generation:  0.01689624786376953
----------------------check_connections_block total spend ----------------------------- 0.02637624740600586
generate_one_block  0.0213470458984375
-----------------------------------------after block dataloader generation 
 Nvidia-smi: 1.0447998046875 GB
    Memory Allocated: 0.015297412872314453  GigaBytes
Max Memory Allocated: 0.015297412872314453  GigaBytes

connection checking time:  0.03924274444580078
block generation total time  0.0339360237121582
average batch blocks generation time:  0.0339360237121582
----------------------------------------before batch_pred = model(blocks, batch_inputs) 
 Nvidia-smi: 1.1405029296875 GB
    Memory Allocated: 0.04559659957885742  GigaBytes
Max Memory Allocated: 0.04559659957885742  GigaBytes

torch.Size([15930, 500])
torch.Size([7974, 256])
torch.Size([2578, 256])
-----------------------------------------batch_pred = model(blocks, batch_inputs) 
 Nvidia-smi: 3.4393310546875 GB
    Memory Allocated: 2.1456503868103027  GigaBytes
Max Memory Allocated: 2.146063804626465  GigaBytes

times | data loading | block to device | model prediction | loss calculation | loss backward |  optimizer step |
      |0.00962066650390625 |0.3439936637878418 |0.7555732727050781 |0.00021886825561523438 |0.30147552490234375 |0.012740612030029297 |
----------------------------------------------------------pseudo_mini_loss sum 1.75146484375
 Run 0| Epoch 0 |
Number of nodes for computation during this epoch:  26836
Number of first layer input nodes during this epoch:  15930
----------------------------------------before generate_dataloader_block 
 Nvidia-smi: 3.4432373046875 GB
    Memory Allocated: 0.09238100051879883  GigaBytes
Max Memory Allocated: 2.1492109298706055  GigaBytes

The real block id is  3
get_global_graph_edges_ids_block function  spend 0.0005331039428710938
range selection method range initialization spend 5.0067901611328125e-05
time for parepare:  4.839897155761719e-05
local_output_nid generation:  1.811981201171875e-05
local_in_edges_tensor generation:  0.0001895427703857422
mini_batch_src_global generation:  3.647804260253906e-05
r_  generation:  0.00011038780212402344
----------------------check_connections_block total spend ----------------------------- 0.0005116462707519531
generate_one_block  0.001379251480102539
The real block id is  2
get_global_graph_edges_ids_block function  spend 0.0005490779876708984
gen group dst list time:  2.09808349609375e-05
time for parepare:  0.0002651214599609375
local_output_nid generation:  3.838539123535156e-05
local_in_edges_tensor generation:  0.00023603439331054688
mini_batch_src_global generation:  0.00013899803161621094
r_  generation:  0.001190185546875
----------------------check_connections_block total spend ----------------------------- 0.002202272415161133
generate_one_block  0.003357410430908203
The real block id is  1
get_global_graph_edges_ids_block function  spend 0.001018524169921875
gen group dst list time:  6.031990051269531e-05
time for parepare:  0.0007159709930419922
local_output_nid generation:  0.0001842975616455078
local_in_edges_tensor generation:  0.0005488395690917969
mini_batch_src_global generation:  0.0005865097045898438
r_  generation:  0.0069599151611328125
----------------------check_connections_block total spend ----------------------------- 0.010964393615722656
generate_one_block  0.010927677154541016
The real block id is  0
get_global_graph_edges_ids_block function  spend 0.0020952224731445312
gen group dst list time:  0.0001480579376220703
time for parepare:  0.0012514591217041016
local_output_nid generation:  0.0005276203155517578
local_in_edges_tensor generation:  0.0013175010681152344
mini_batch_src_global generation:  0.0015652179718017578
r_  generation:  0.01690816879272461
----------------------check_connections_block total spend ----------------------------- 0.02633500099182129
generate_one_block  0.025194168090820312
-----------------------------------------after block dataloader generation 
 Nvidia-smi: 3.4432373046875 GB
    Memory Allocated: 0.09238100051879883  GigaBytes
Max Memory Allocated: 2.1492109298706055  GigaBytes

connection checking time:  0.03950166702270508
block generation total time  0.03947925567626953
average batch blocks generation time:  0.03947925567626953
block dataloader generation time/epoch 0.10297060012817383
----------------------------------------before batch_pred = model(blocks, batch_inputs) 
 Nvidia-smi: 3.4432373046875 GB
    Memory Allocated: 0.09137916564941406  GigaBytes
Max Memory Allocated: 2.1492109298706055  GigaBytes

torch.Size([15881, 500])
torch.Size([8054, 256])
torch.Size([2579, 256])
-----------------------------------------batch_pred = model(blocks, batch_inputs) 
 Nvidia-smi: 3.5701904296875 GB
    Memory Allocated: 2.199096202850342  GigaBytes
Max Memory Allocated: 2.1995105743408203  GigaBytes

times | data loading | block to device | model prediction | loss calculation | loss backward |  optimizer step |
      |0.007752180099487305 |0.0009143352508544922 |0.2212216854095459 |0.00013685226440429688 |0.30887889862060547 |0.009319543838500977 |
----------------------------------------------------------pseudo_mini_loss sum 3.871398448944092
Total (block generation + training)time/epoch 0.6549358367919922
Training time/epoch 0.5517735481262207
Training time without block to device /epoch 0.5508592128753662
Training time without total dataloading part /epoch 0.5395569801330566Using backend: pytorch

load block tensor time/epoch 0.007752180099487305
block to device time/epoch 0.0009143352508544922
input features size transfer per epoch 1.341104507446289e-07
blocks size to device per epoch 8.940696716308594e-08
 Run 0| Epoch 1 |
Number of nodes for computation during this epoch:  26868
Number of first layer input nodes during this epoch:  15881
