main start at this time 1648526733.362993
-----------------------------------------before load data 
 Nvidia-smi: 0.1717529296875 GB
    Memory Allocated: 0.0  GigaBytes
Max Memory Allocated: 0.0  GigaBytes

  NumNodes: 19717
  NumEdges: 88651
  NumFeats: 500
  NumClasses: 3
  NumTrainingSamples: 60
  NumValidationSamples: 500
  NumTestSamples: 1000
Done loading data from cached files.
success----------------------------------------
60
500
19157
# Nodes: 19717
# Edges: 88648
# Train: 60
# Val: 500
# Test: 19157
# Classes: 3

in feats:  500
----------------------------------------before generate_dataloader_block 
 Nvidia-smi: 1.0174560546875 GB
    Memory Allocated: 0.0014562606811523438  GigaBytes
Max Memory Allocated: 0.0014562606811523438  GigaBytes

The real block id is  2
get_global_graph_edges_ids_block function  spend 0.0010459423065185547
random selection method range initialization spend 0.00020384788513183594
time for parepare:  5.555152893066406e-05
local_output_nid generation:  2.4318695068359375e-05
local_in_edges_tensor generation:  0.00020503997802734375
mini_batch_src_global generation:  3.0040740966796875e-05
r_  generation:  0.0017185211181640625
local_output_nid generation:  9.298324584960938e-06
local_in_edges_tensor generation:  0.00015592575073242188
mini_batch_src_global generation:  2.574920654296875e-05
r_  generation:  4.0531158447265625e-05
local_output_nid generation:  7.867813110351562e-06
local_in_edges_tensor generation:  0.00012373924255371094
mini_batch_src_global generation:  1.811981201171875e-05
r_  generation:  4.4345855712890625e-05
local_output_nid generation:  7.867813110351562e-06
local_in_edges_tensor generation:  0.0001277923583984375
mini_batch_src_global generation:  1.8358230590820312e-05
r_  generation:  3.2901763916015625e-05
----------------------check_connections_block total spend ----------------------------- 0.002897977828979492
generate_one_block  0.0017542839050292969
generate_one_block  0.0013041496276855469
generate_one_block  0.0013589859008789062
generate_one_block  0.0012698173522949219
The real block id is  1
get_global_graph_edges_ids_block function  spend 0.0007526874542236328
gen group dst list time:  4.2438507080078125e-05
time for parepare:  0.00028634071350097656
local_output_nid generation:  1.9311904907226562e-05
local_in_edges_tensor generation:  0.00022935867309570312
mini_batch_src_global generation:  6.0558319091796875e-05
r_  generation:  0.0005071163177490234
local_output_nid generation:  1.049041748046875e-05
local_in_edges_tensor generation:  0.00015306472778320312
mini_batch_src_global generation:  5.030632019042969e-05
r_  generation:  0.0002601146697998047
local_output_nid generation:  1.239776611328125e-05
local_in_edges_tensor generation:  0.0001475811004638672
mini_batch_src_global generation:  5.984306335449219e-05
r_  generation:  0.0005283355712890625
local_output_nid generation:  8.58306884765625e-06
local_in_edges_tensor generation:  0.00014281272888183594
mini_batch_src_global generation:  4.6253204345703125e-05
r_  generation:  0.00024771690368652344
----------------------check_connections_block total spend ----------------------------- 0.003263711929321289
generate_one_block  0.001953125
generate_one_block  0.0015752315521240234
generate_one_block  0.0019464492797851562
generate_one_block  0.0015599727630615234
The real block id is  0
get_global_graph_edges_ids_block function  spend 0.0011892318725585938
gen group dst list time:  9.489059448242188e-05
time for parepare:  0.0009329319000244141
local_output_nid generation:  9.059906005859375e-05
local_in_edges_tensor generation:  0.0003705024719238281
mini_batch_src_global generation:  0.00025153160095214844
r_  generation:  0.002923727035522461
local_output_nid generation:  6.365776062011719e-05
local_in_edges_tensor generation:  0.00023508071899414062
mini_batch_src_global generation:  0.0002307891845703125
r_  generation:  0.001735687255859375
local_output_nid generation:  9.72747802734375e-05
local_in_edges_tensor generation:  0.00029969215393066406
mini_batch_src_global generation:  0.00029087066650390625
r_  generation:  0.0032231807708740234
local_output_nid generation:  5.698204040527344e-05
local_in_edges_tensor generation:  0.00022125244140625
mini_batch_src_global generation:  0.00020384788513183594
r_  generation:  0.0015094280242919922
----------------------check_connections_block total spend ----------------------------- 0.015181541442871094
generate_one_block  0.004222393035888672
generate_one_block  0.0026924610137939453
generate_one_block  0.004106760025024414
generate_one_block  0.0024292469024658203
-----------------------------------------after block dataloader generation 
 Nvidia-smi: 1.0174560546875 GB
    Memory Allocated: 0.0014562606811523438  GigaBytes
Max Memory Allocated: 0.0014562606811523438  GigaBytes

connection checking time:  0.018445253372192383
block generation total time  0.020485639572143555
average batch blocks generation time:  0.005121409893035889
----------------------------------------before batch_pred = model(blocks, batch_inputs) 
 Nvidia-smi: 1.1014404296875 GB
    Memory Allocated: 0.008602619171142578  GigaBytes
Max Memory Allocated: 0.008602619171142578  GigaBytes

torch.Size([3799, 500])
torch.Size([880, 256])
-----------------------------------------batch_pred = model(blocks, batch_inputs) 
 Nvidia-smi: 1.2655029296875 GB
    Memory Allocated: 0.01198577880859375  GigaBytes
Max Memory Allocated: 0.014809131622314453  GigaBytes

----------------------------------------before batch_pred = model(blocks, batch_inputs) 
 Nvidia-smi: 1.2733154296875 GB
    Memory Allocated: 0.007641792297363281  GigaBytes
Max Memory Allocated: 0.014809131622314453  GigaBytes

torch.Size([2519, 500])
torch.Size([508, 256])
-----------------------------------------batch_pred = model(blocks, batch_inputs) 
 Nvidia-smi: 1.2733154296875 GB
    Memory Allocated: 0.00951385498046875  GigaBytes
Max Memory Allocated: 0.014809131622314453  GigaBytes

----------------------------------------before batch_pred = model(blocks, batch_inputs) 
 Nvidia-smi: 1.2733154296875 GB
    Memory Allocated: 0.010062217712402344  GigaBytes
Max Memory Allocated: 0.014809131622314453  GigaBytes

torch.Size([3444, 500])
torch.Size([960, 256])
-----------------------------------------batch_pred = model(blocks, batch_inputs) 
 Nvidia-smi: 1.2752685546875 GB
    Memory Allocated: 0.013516902923583984  GigaBytes
Max Memory Allocated: 0.016165733337402344  GigaBytes

----------------------------------------before batch_pred = model(blocks, batch_inputs) 
 Nvidia-smi: 1.2752685546875 GB
    Memory Allocated: 0.006984233856201172  GigaBytes
Max Memory Allocated: 0.016165733337402344  GigaBytes

torch.Size([2169, 500])
torch.Size([476, 256])
-----------------------------------------batch_pred = model(blocks, batch_inputs) 
 Nvidia-smi: 1.2752685546875 GB
    Memory Allocated: 0.008738994598388672  GigaBytes
Max Memory Allocated: 0.016165733337402344  GigaBytes

times | data loading | block to device | model prediction | loss calculation | loss backward |  optimizer step |
      |0.007327437400817871 |0.08831721544265747 |0.19249755144119263 |0.0001760721206665039 |0.0036970973014831543 |0.0022814273834228516 |
----------------------------------------------------------pseudo_mini_loss sum 2.934032917022705
 Run 0| Epoch 0 |
Number of nodes for computation during this epoch:  15111
Number of first layer input nodes during this epoch:  11931
----------------------------------------before generate_dataloader_block 
 Nvidia-smi: 1.2752685546875 GB
    Memory Allocated: 0.009968757629394531  GigaBytes
Max Memory Allocated: 0.016165733337402344  GigaBytes

The real block id is  2
get_global_graph_edges_ids_block function  spend 0.0005662441253662109
random selection method range initialization spend 0.00013375282287597656
time for parepare:  6.29425048828125e-05
local_output_nid generation:  1.049041748046875e-05
local_in_edges_tensor generation:  0.0002143383026123047
mini_batch_src_global generation:  2.384185791015625e-05
r_  generation:  4.935264587402344e-05
local_output_nid generation:  8.106231689453125e-06
local_in_edges_tensor generation: Using backend: pytorch
 0.00012803077697753906
mini_batch_src_global generation:  2.5272369384765625e-05
r_  generation:  5.030632019042969e-05
local_output_nid generation:  8.58306884765625e-06
local_in_edges_tensor generation:  0.0001316070556640625
mini_batch_src_global generation:  1.8358230590820312e-05
r_  generation:  4.220008850097656e-05
local_output_nid generation:  7.867813110351562e-06
local_in_edges_tensor generation:  0.00012087821960449219
mini_batch_src_global generation:  1.8358230590820312e-05
r_  generation:  4.9591064453125e-05
----------------------check_connections_block total spend ----------------------------- 0.0012888908386230469
generate_one_block  0.0013244152069091797
generate_one_block  0.0012764930725097656
generate_one_block  0.001413106918334961
generate_one_block  0.0012700557708740234
The real block id is  1
get_global_graph_edges_ids_block function  spend 0.0006170272827148438
gen group dst list time:  4.220008850097656e-05
time for parepare:  0.0003170967102050781
local_output_nid generation:  9.775161743164062e-06
local_in_edges_tensor generation:  0.00021219253540039062
mini_batch_src_global generation:  5.14984130859375e-05
r_  generation:  0.00031638145446777344
local_output_nid generation:  1.2159347534179688e-05
local_in_edges_tensor generation:  0.00014853477478027344
mini_batch_src_global generation:  6.341934204101562e-05
r_  generation:  0.0004253387451171875
local_output_nid generation:  1.2159347534179688e-05
local_in_edges_tensor generation:  0.00014734268188476562
mini_batch_src_global generation:  5.745887756347656e-05
r_  generation:  0.00040841102600097656
local_output_nid generation:  1.3589859008789062e-05
local_in_edges_tensor generation:  0.00014781951904296875
mini_batch_src_global generation:  6.103515625e-05
r_  generation:  0.0004241466522216797
----------------------check_connections_block total spend ----------------------------- 0.0033597946166992188
generate_one_block  0.0016486644744873047
generate_one_block  0.0017430782318115234
generate_one_block  0.0019221305847167969
generate_one_block  0.0017483234405517578
The real block id is  0
get_global_graph_edges_ids_block function  spend 0.0011906623840332031
gen group dst list time:  0.00011134147644042969
time for parepare:  0.0009737014770507812
local_output_nid generation:  6.699562072753906e-05
local_in_edges_tensor generation:  0.00034499168395996094
mini_batch_src_global generation:  0.0002589225769042969
r_  generation:  0.0020711421966552734
local_output_nid generation:  9.036064147949219e-05
local_in_edges_tensor generation:  0.0002684593200683594
mini_batch_src_global generation:  0.0003407001495361328
r_  generation:  0.0026366710662841797
local_output_nid generation:  8.869171142578125e-05
local_in_edges_tensor generation:  0.0002651214599609375
mini_batch_src_global generation:  0.0002956390380859375
r_  generation:  0.0026662349700927734
local_output_nid generation:  8.845329284667969e-05
local_in_edges_tensor generation:  0.0002617835998535156
mini_batch_src_global generation:  0.0002353191375732422
r_  generation:  0.003110170364379883
----------------------check_connections_block total spend ----------------------------- 0.017180919647216797
generate_one_block  0.008661508560180664
generate_one_block  0.005899190902709961
generate_one_block  0.00528407096862793
generate_one_block  0.0032339096069335938
-----------------------------------------after block dataloader generation 
 Nvidia-smi: 1.2752685546875 GB
    Memory Allocated: 0.009968757629394531  GigaBytes
Max Memory Allocated: 0.016165733337402344  GigaBytes

connection checking time:  0.020540714263916016
block generation total time  0.03014087677001953
average batch blocks generation time:  0.007535219192504883
block dataloader generation time/epoch 0.06937050819396973
----------------------------------------before batch_pred = model(blocks, batch_inputs) 
 Nvidia-smi: 1.2752685546875 GB
    Memory Allocated: 0.011024951934814453  GigaBytes
Max Memory Allocated: 0.016165733337402344  GigaBytes

torch.Size([2773, 500])
torch.Size([592, 256])
-----------------------------------------batch_pred = model(blocks, batch_inputs) 
 Nvidia-smi: 1.2752685546875 GB
    Memory Allocated: 0.013194084167480469  GigaBytes
Max Memory Allocated: 0.016165733337402344  GigaBytes

----------------------------------------before batch_pred = model(blocks, batch_inputs) 
 Nvidia-smi: 1.2752685546875 GB
    Memory Allocated: 0.011898517608642578  GigaBytes
Max Memory Allocated: 0.017002582550048828  GigaBytes

torch.Size([3234, 500])
torch.Size([741, 256])
-----------------------------------------batch_pred = model(blocks, batch_inputs) 
 Nvidia-smi: 1.2772216796875 GB
    Memory Allocated: 0.01465463638305664  GigaBytes
Max Memory Allocated: 0.017160892486572266  GigaBytes

----------------------------------------before batch_pred = model(blocks, batch_inputs) 
 Nvidia-smi: 1.2772216796875 GB
    Memory Allocated: 0.011770248413085938  GigaBytes
Max Memory Allocated: 0.017730712890625  GigaBytes

torch.Size([3164, 500])
torch.Size([708, 256])
-----------------------------------------batch_pred = model(blocks, batch_inputs) 
 Nvidia-smi: 1.2772216796875 GB
    Memory Allocated: 0.0143890380859375  GigaBytes
Max Memory Allocated: 0.017730712890625  GigaBytes

----------------------------------------before batch_pred = model(blocks, batch_inputs) 
 Nvidia-smi: 1.2772216796875 GB
    Memory Allocated: 0.011240005493164062  GigaBytes
Max Memory Allocated: 0.017730712890625  GigaBytes

torch.Size([2887, 500])
torch.Size([772, 256])
-----------------------------------------batch_pred = model(blocks, batch_inputs) 
 Nvidia-smi: 1.2772216796875 GB
    Memory Allocated: 0.014129161834716797  GigaBytes
Max Memory Allocated: 0.017730712890625  GigaBytes

times | data loading | block to device | model prediction | loss calculation | loss backward |  optimizer step |
      |0.0014652609825134277 |0.0005486607551574707 |0.004146218299865723 |0.00014203786849975586 |0.0024689435958862305 |0.0017821788787841797 |
----------------------------------------------------------pseudo_mini_loss sum 1.0856075286865234
Total (block generation + training)time/epoch 0.1125633716583252
Training time/epoch 0.04290032386779785
Training time without block to device /epoch 0.04070568084716797
Training time without total dataloading part /epoch 0.028810977935791016
load block tensor time/epoch 0.005861043930053711
block to device time/epoch 0.002194643020629883
input features size transfer per epoch 5.364418029785156e-07
blocks size to device per epoch 3.5762786865234375e-07
 Run 0| Epoch 1 |
Number of nodes for computation during this epoch:  15227
Number of first layer input nodes during this epoch:  12058
