main start at this time 1648429789.7852137
-----------------------------------------before load data 
 Nvidia-smi: 0.1717529296875 GB
    Memory Allocated: 0.0  GigaBytes
Max Memory Allocated: 0.0  GigaBytes

  NumNodes: 2708
  NumEdges: 10556
  NumFeats: 1433
  NumClasses: 7
  NumTrainingSamples: 140
  NumValidationSamples: 500
  NumTestSamples: 1000
Done loading data from cached files.
success----------------------------------------
140
500
2068
# Nodes: 2708
# Edges: 10556
# Train: 140
# Val: 500
# Test: 2068
# Classes: 7

in feats:  1433
----------------------------------------before generate_dataloader_block 
 Nvidia-smi: 1.1033935546875 GB
    Memory Allocated: 0.06970787048339844  GigaBytes
Max Memory Allocated: 0.06970787048339844  GigaBytes

The real block id is  2
get_global_graph_edges_ids_block function  spend 0.0009143352508544922
random selection method range initialization spend 0.00019478797912597656
time for parepare:  6.961822509765625e-05
local_output_nid generation:  1.0728836059570312e-05
local_in_edges_tensor generation:  0.00019741058349609375
mini_batch_src_global generation:  2.5272369384765625e-05
r_  generation:  0.0014543533325195312
local_output_nid generation:  7.62939453125e-06
local_in_edges_tensor generation:  0.00013756752014160156
mini_batch_src_global generation:  2.574920654296875e-05
r_  generation:  3.147125244140625e-05
local_output_nid generation:  7.152557373046875e-06
local_in_edges_tensor generation:  0.0001068115234375
mini_batch_src_global generation:  1.71661376953125e-05
r_  generation:  3.218650817871094e-05
local_output_nid generation:  6.4373016357421875e-06
local_in_edges_tensor generation:  9.989738464355469e-05
mini_batch_src_global generation:  1.5497207641601562e-05
r_  generation:  2.3603439331054688e-05
local_output_nid generation:  5.0067901611328125e-06
local_in_edges_tensor generation:  9.775161743164062e-05
mini_batch_src_global generation:  1.5020370483398438e-05
r_  generation:  3.0279159545898438e-05
local_output_nid generation:  5.245208740234375e-06
local_in_edges_tensor generation:  9.822845458984375e-05
mini_batch_src_global generation:  1.5974044799804688e-05
r_  generation:  2.765655517578125e-05
local_output_nid generation:  4.76837158203125e-06
local_in_edges_tensor generation:  9.72747802734375e-05
mini_batch_src_global generation:  1.6450881958007812e-05
r_  generation:  3.147125244140625e-05
local_output_nid generation:  4.76837158203125e-06
local_in_edges_tensor generation:  9.965896606445312e-05
mini_batch_src_global generation:  1.7404556274414062e-05
r_  generation:  3.743171691894531e-05
local_output_nid generation:  5.4836273193359375e-06
local_in_edges_tensor generation:  9.560585021972656e-05
mini_batch_src_global generation:  1.5020370483398438e-05
r_  generation:  2.193450927734375e-05
local_output_nid generation:  5.245208740234375e-06
local_in_edges_tensor generation:  9.679794311523438e-05
mini_batch_src_global generation:  1.5497207641601562e-05
r_  generation:  2.956390380859375e-05
local_output_nid generation:  5.245208740234375e-06
local_in_edges_tensor generation:  9.703636169433594e-05
mini_batch_src_global generation:  1.6450881958007812e-05
r_  generation:  3.409385681152344e-05
local_output_nid generation:  5.245208740234375e-06
local_in_edges_tensor generation:  9.584426879882812e-05
mini_batch_src_global generation:  1.5497207641601562e-05
r_  generation:  2.288818359375e-05
local_output_nid generation:  5.245208740234375e-06
local_in_edges_tensor generation:  9.632110595703125e-05
mini_batch_src_global generation:  1.4543533325195312e-05
r_  generation:  1.9788742065429688e-05
local_output_nid generation:  4.5299530029296875e-06
local_in_edges_tensor generation:  9.512901306152344e-05
mini_batch_src_global generation:  1.5497207641601562e-05
r_  generation:  2.2649765014648438e-05
local_output_nid generation:  4.5299530029296875e-06
local_in_edges_tensor generation:  9.5367431640625e-05
mini_batch_src_global generation:  1.4781951904296875e-05
r_  generation:  2.5987625122070312e-05
local_output_nid generation:  3.5762786865234375e-06
local_in_edges_tensor generation:  9.465217590332031e-05
mini_batch_src_global generation:  1.4781951904296875e-05
r_  generation:  2.7894973754882812e-05
----------------------check_connections_block total spend ----------------------------- 0.0046617984771728516
generate_one_block  0.001275777816772461
generate_one_block  0.0011649131774902344
generate_one_block  0.0010967254638671875
generate_one_block  0.0010824203491210938
generate_one_block  0.0010769367218017578
generate_one_block  0.001073598861694336
generate_one_block  0.001087188720703125
generate_one_block  0.0010962486267089844
generate_one_block  0.0010654926300048828
generate_one_block  0.0011310577392578125
generate_one_block  0.001093149185180664
generate_one_block  0.0010700225830078125
generate_one_block  0.0010721683502197266
generate_one_block  0.001074075698852539
generate_one_block  0.0010738372802734375
generate_one_block  0.0010459423065185547
The real block id is  1
get_global_graph_edges_ids_block function  spend 0.0006282329559326172
gen group dst list time:  9.465217590332031e-05
time for parepare:  0.00017118453979492188
local_output_nid generation:  4.5299530029296875e-06
local_in_edges_tensor generation:  0.0002014636993408203
mini_batch_src_global generation:  3.170967102050781e-05
r_  generation:  0.00012183189392089844
local_output_nid generation:  6.198883056640625e-06
local_in_edges_tensor generation:  0.00011897087097167969
mini_batch_src_global generation:  2.9802322387695312e-05
r_  generation:  0.0001304149627685547
local_output_nid generation:  8.344650268554688e-06
local_in_edges_tensor generation:  0.00011491775512695312
mini_batch_src_global generation:  3.170967102050781e-05
r_  generation:  0.00017571449279785156
local_output_nid generation:  5.245208740234375e-06
local_in_edges_tensor generation:  0.00011086463928222656
mini_batch_src_global generation:  2.6941299438476562e-05
r_  generation:  0.00010347366333007812
local_output_nid generation:  7.152557373046875e-06
local_in_edges_tensor generation:  0.0001125335693359375
mini_batch_src_global generation:  3.0517578125e-05
r_  generation:  0.00014519691467285156
local_output_nid generation:  6.198883056640625e-06
local_in_edges_tensor generation:  0.00011157989501953125
mini_batch_src_global generation:  3.0279159545898438e-05
r_  generation:  0.0001506805419921875
local_output_nid generation:  6.9141387939453125e-06
local_in_edges_tensor generation:  0.00011205673217773438
mini_batch_src_global generation:  3.0040740966796875e-05
r_  generation:  0.00013375282287597656
local_output_nid generation:  1.0967254638671875e-05
local_in_edges_tensor generation:  0.00011777877807617188
mini_batch_src_global generation:  3.552436828613281e-05
r_  generation:  0.00021958351135253906
local_output_nid generation:  4.291534423828125e-06
local_in_edges_tensor generation:  0.00011014938354492188
mini_batch_src_global generation:  2.5033950805664062e-05
r_  generation:  6.818771362304688e-05
local_output_nid generation:  8.58306884765625e-06
local_in_edges_tensor generation:  0.000110626220703125
mini_batch_src_global generation:  2.5987625122070312e-05
r_  generation:  0.00014281272888183594
local_output_nid generation:  8.821487426757812e-06
local_in_edges_tensor generation:  0.00011682510375976562
mini_batch_src_global generation:  3.743171691894531e-05
r_  generation:  0.0002346038818359375
local_output_nid generation:  5.245208740234375e-06
local_in_edges_tensor generation:  0.00011181831359863281
mini_batch_src_global generation:  3.0279159545898438e-05
r_  generation:  0.0001583099365234375
local_output_nid generation:  4.76837158203125e-06
local_in_edges_tensor generation:  0.0001761913299560547
mini_batch_src_global generation:  2.6464462280273438e-05
r_  generation:  8.368492126464844e-05
local_output_nid generation:  5.245208740234375e-06
local_in_edges_tensor generation:  0.00011515617370605469
mini_batch_src_global generation:  2.4318695068359375e-05
r_  generation:  0.00011038780212402344
local_output_nid generation:  5.4836273193359375e-06
local_in_edges_tensor generation:  0.00011110305786132812
mini_batch_src_global generation:  3.457069396972656e-05
r_  generation:  0.0001418590545654297
local_output_nid generation:  3.814697265625e-06
local_in_edges_tensor generation:  0.00011873245239257812
mini_batch_src_global generation:  2.2411346435546875e-05
r_  generation:  6.318092346191406e-05
----------------------check_connections_block total spend ----------------------------- 0.005974292755126953
generate_one_block  0.001220703125
generate_one_block  0.001226663589477539
generate_one_block  0.0012664794921875
generate_one_block  0.0011720657348632812
generate_one_block  0.0012564659118652344
generate_one_block  0.0012404918670654297
generate_one_block  0.0011854171752929688
generate_one_block  0.00127410888671875
generate_one_block  0.0010471343994140625
generate_one_block  0.001138925552368164
generate_one_block  0.0013523101806640625
generate_one_block  0.0011677742004394531
generate_one_block  0.0010707378387451172
generate_one_block  0.0011146068572998047
generate_one_block  0.0011529922485351562
generate_one_block  0.0010766983032226562
The real block id is  0
get_global_graph_edges_ids_block function  spend 0.0007398128509521484
gen group dst list time:  0.000194549560546875
time for parepare:  0.00022983551025390625
local_output_nid generation:  2.1696090698242188e-05
local_in_edges_tensor generation:  0.000240325927734375
mini_batch_src_global generation:  5.555152893066406e-05
r_  generation:  0.0005135536193847656
local_output_nid generation:  2.5272369384765625e-05
local_in_edges_tensor generation:  0.00015401840209960938
mini_batch_src_global generation:  7.009506225585938e-05
r_  generation:  0.0004374980926513672
local_output_nid generation:  3.266334533691406e-05
local_in_edges_tensor generation:  0.00016260147094726562
mini_batch_src_global generation:  7.700920104980469e-05
r_  generation:  0.0006012916564941406
local_output_nid generation:  1.8596649169921875e-05
local_in_edges_tensor generation:  0.00014257431030273438
mini_batch_src_global generation:  6.127357482910156e-05
r_  generation:  0.00033736228942871094
local_output_nid generation:  2.5510787963867188e-05
local_in_edges_tensor generation:  0.00015544891357421875
mini_batch_src_global generation:  7.104873657226562e-05
r_  generation:  0.0005469322204589844
local_output_nid generation:  2.5272369384765625e-05
local_in_edges_tensor generation:  0.00015401840209960938
mini_batch_src_global generation:  6.961822509765625e-05
r_  generation:  0.0005164146423339844
local_output_nid generation:  2.1457672119140625e-05
local_in_edges_tensor generation:  0.00014781951904296875
mini_batch_src_global generation:  6.365776062011719e-05
r_  generation:  0.0004429817199707031
local_output_nid generation:  3.1948089599609375e-05
local_in_edges_tensor generation:  0.00016498565673828125
mini_batch_src_global generation:  7.700920104980469e-05
r_  generation:  0.0006759166717529297
local_output_nid generation:  1.0967254638671875e-05
local_in_edges_tensor generation:  0.0001323223114013672
mini_batch_src_global generation:  5.817413330078125e-05
r_  generation:  0.00021409988403320312
local_output_nid generation:  2.1457672119140625e-05
local_in_edges_tensor generation:  0.0001442432403564453
mini_batch_src_global generation:  5.245208740234375e-05
r_  generation:  0.0004334449768066406
local_output_nid generation:  3.838539123535156e-05
local_in_edges_tensor generation:  0.0001728534698486328
mini_batch_src_global generation:  9.918212890625e-05
r_  generation:  0.0008151531219482422
local_output_nid generation:  2.7894973754882812e-05
local_in_edges_tensor generation:  0.00016117095947265625
mini_batch_src_global generation:  7.653236389160156e-05
r_  generation:  0.0005385875701904297
local_output_nid generation:  1.239776611328125e-05
local_in_edges_tensor generation:  0.0001361370086669922
mini_batch_src_global generation:  5.2928924560546875e-05
r_  generation:  0.000301361083984375
local_output_nid generation:  1.8358230590820312e-05
local_in_edges_tensor generation:  0.000141143798828125
mini_batch_src_global generation:  4.935264587402344e-05
r_  generation:  0.0003523826599121094
local_output_nid generation:  2.288818359375e-05
local_in_edges_tensor generation:  0.00015401840209960938
mini_batch_src_global generation:  5.9604644775390625e-05
r_  generation:  0.00047016143798828125
local_output_nid generation:  1.0728836059570312e-05
local_in_edges_tensor generation:  0.0001277923583984375
mini_batch_src_global generation:  4.315376281738281e-05
r_  generation:  0.00021147727966308594
----------------------check_connections_block total spend ----------------------------- 0.013836383819580078
generate_one_block  0.0016667842864990234
generate_one_block  0.0015757083892822266
generate_one_block  0.0017633438110351562
generate_one_block  0.001371145248413086
generate_one_block  0.001603841781616211
generate_one_block  0.0018489360809326172
generate_one_block  0.0014829635620117188
generate_one_block  0.001753091812133789
generate_one_block  0.001207113265991211
generate_one_block  0.001476287841796875
generate_one_block  0.0019555091857910156
generate_one_block  0.0016024112701416016
generate_one_block  0.0013213157653808594
generate_one_block  0.0013840198516845703
generate_one_block  0.0015494823455810547
generate_one_block  0.0012176036834716797
-----------------------------------------after block dataloader generation 
 Nvidia-smi: 1.1033935546875 GB
    Memory Allocated: 0.06970787048339844  GigaBytes
Max Memory Allocated: 0.06970787048339844  GigaBytes

connection checking time:  0.01981067657470703
block generation total time  0.043743133544921875
average batch blocks generation time:  0.002733945846557617
----------------------------------------before batch_pred = model(blocks, batch_inputs) 
 Nvidia-smi: 1.1678466796875 GB
    Memory Allocated: 0.07363700866699219  GigaBytes
Max Memory Allocated: 0.07363700866699219  GigaBytes

torch.Size([733, 1433])
torch.Size([266, 256])
-----------------------------------------batch_pred = model(blocks, batch_inputs) 
 Nvidia-smi: 1.4041748046875 GB
    Memory Allocated: 0.20165491104125977  GigaBytes
Max Memory Allocated: 0.20621871948242188  GigaBytes

----------------------------------------before batch_pred = model(blocks, batch_inputs) 
 Nvidia-smi: 1.5350341796875 GB
    Memory Allocated: 0.14309406280517578  GigaBytes
Max Memory Allocated: 0.32512712478637695  GigaBytes

torch.Size([677, 1433])
torch.Size([244, 256])
-----------------------------------------batch_pred = model(blocks, batch_inputs) 
 Nvidia-smi: 1.5389404296875 GB
    Memory Allocated: 0.2580533027648926  GigaBytes
Max Memory Allocated: 0.32512712478637695  GigaBytes

----------------------------------------before batch_pred = model(blocks, batch_inputs) 
 Nvidia-smi: 1.6053466796875 GB
    Memory Allocated: 0.14373397827148438  GigaBytes
Max Memory Allocated: 0.37480688095092773  GigaBytes

torch.Size([796, 1433])
torch.Size([324, 256])
-----------------------------------------batch_pred = model(blocks, batch_inputs) 
 Nvidia-smi: 1.6053466796875 GB
    Memory Allocated: 0.30325746536254883  GigaBytes
Max Memory Allocated: 0.37480688095092773  GigaBytes

----------------------------------------before batch_pred = model(blocks, batch_inputs) 
 Nvidia-smi: 1.6365966796875 GB
    Memory Allocated: 0.14339017868041992  GigaBytes
Max Memory Allocated: 0.41649580001831055  GigaBytes

torch.Size([553, 1433])
torch.Size([166, 256])
-----------------------------------------batch_pred = model(blocks, batch_inputs) 
 Nvidia-smi: 1.6365966796875 GB
    Memory Allocated: 0.22885942459106445  GigaBytes
Max Memory Allocated: 0.41649580001831055  GigaBytes

----------------------------------------before batch_pred = model(blocks, batch_inputs) 
 Nvidia-smi: 1.6365966796875 GB
    Memory Allocated: 0.14362096786499023  GigaBytes
Max Memory Allocated: 0.41649580001831055  GigaBytes

torch.Size([775, 1433])
torch.Size([296, 256])
-----------------------------------------batch_pred = model(blocks, batch_inputs) 
 Nvidia-smi: 1.6424560546875 GB
    Memory Allocated: 0.2906155586242676  GigaBytes
Max Memory Allocated: 0.41649580001831055  GigaBytes

----------------------------------------before batch_pred = model(blocks, batch_inputs) 
 Nvidia-smi: 1.6463623046875 GB
    Memory Allocated: 0.1435561180114746  GigaBytes
Max Memory Allocated: 0.41649580001831055  GigaBytes

torch.Size([763, 1433])
torch.Size([274, 256])
-----------------------------------------batch_pred = model(blocks, batch_inputs) 
 Nvidia-smi: 1.6463623046875 GB
    Memory Allocated: 0.28104496002197266  GigaBytes
Max Memory Allocated: 0.41649580001831055  GigaBytes

----------------------------------------before batch_pred = model(blocks, batch_inputs) 
 Nvidia-smi: 1.6463623046875 GB
    Memory Allocated: 0.14339399337768555  GigaBytes
Max Memory Allocated: 0.41649580001831055  GigaBytes

torch.Size([730, 1433])
torch.Size([242, 256])
-----------------------------------------batch_pred = model(blocks, batch_inputs) 
 Nvidia-smi: 1.6463623046875 GB
    Memory Allocated: 0.2596316337585449  GigaBytes
Max Memory Allocated: 0.41649580001831055  GigaBytes

----------------------------------------before batch_pred = model(blocks, batch_inputs) 
 Nvidia-smi: 1.6483154296875 GB
    Memory Allocated: 0.14490175247192383  GigaBytes
Max Memory Allocated: 0.41649580001831055  GigaBytes

torch.Size([1014, 1433])
torch.Size([368, 256])
-----------------------------------------batch_pred = model(blocks, batch_inputs) 
 Nvidia-smi: 1.6541748046875 GB
    Memory Allocated: 0.3300819396972656  GigaBytes
Max Memory Allocated: 0.41649580001831055  GigaBytes

----------------------------------------before batch_pred = model(blocks, batch_inputs) 
 Nvidia-smi: 1.6580810546875 GB
    Memory Allocated: 0.14147520065307617  GigaBytes
Max Memory Allocated: 0.44007158279418945  GigaBytes

torch.Size([375, 1433])
torch.Size([95, 256])
-----------------------------------------batch_pred = model(blocks, batch_inputs) 
 Nvidia-smi: 1.6580810546875 GB
    Memory Allocated: 0.18992185592651367  GigaBytes
Max Memory Allocated: 0.44007158279418945  GigaBytes

----------------------------------------before batch_pred = model(blocks, batch_inputs) 
 Nvidia-smi: 1.6580810546875 GB
    Memory Allocated: 0.14330291748046875  GigaBytes
Max Memory Allocated: 0.44007158279418945  GigaBytes

torch.Size([716, 1433])
torch.Size([231, 256])
-----------------------------------------batch_pred = model(blocks, batch_inputs) 
 Nvidia-smi: 1.6580810546875 GB
    Memory Allocated: 0.260282039642334  GigaBytes
Max Memory Allocated: 0.44007158279418945  GigaBytes

----------------------------------------before batch_pred = model(blocks, batch_inputs) 
 Nvidia-smi: 1.6580810546875 GB
    Memory Allocated: 0.14574337005615234  GigaBytes
Max Memory Allocated: 0.44007158279418945  GigaBytes

torch.Size([1171, 1433])
torch.Size([460, 256])
-----------------------------------------batch_pred = model(blocks, batch_inputs) 
 Nvidia-smi: 1.6795654296875 GB
    Memory Allocated: 0.3758416175842285  GigaBytes
Max Memory Allocated: 0.44007158279418945  GigaBytes

----------------------------------------before batch_pred = model(blocks, batch_inputs) 
 Nvidia-smi: 1.7147216796875 GB
    Memory Allocated: 0.14375972747802734  GigaBytes
Max Memory Allocated: 0.48388004302978516  GigaBytes

torch.Size([801, 1433])
torch.Size([343, 256])
-----------------------------------------batch_pred = model(blocks, batch_inputs) 
 Nvidia-smi: 1.7147216796875 GB
    Memory Allocated: 0.28652524948120117  GigaBytes
Max Memory Allocated: 0.48388004302978516  GigaBytes

----------------------------------------before batch_pred = model(blocks, batch_inputs) 
 Nvidia-smi: 1.7147216796875 GB
    Memory Allocated: 0.1421985626220703  GigaBytes
Max Memory Allocated: 0.48388004302978516  GigaBytes

torch.Size([510, 1433])
torch.Size([126, 256])
-----------------------------------------batch_pred = model(blocks, batch_inputs) 
 Nvidia-smi: 1.7147216796875 GB
    Memory Allocated: 0.21852731704711914  GigaBytes
Max Memory Allocated: 0.48388004302978516  GigaBytes

----------------------------------------before batch_pred = model(blocks, batch_inputs) 
 Nvidia-smi: 1.7147216796875 GB
    Memory Allocated: 0.14253664016723633  GigaBytes
Max Memory Allocated: 0.48388004302978516  GigaBytes

torch.Size([573, 1433])
torch.Size([198, 256])
-----------------------------------------batch_pred = model(blocks, batch_inputs) 
 Nvidia-smi: 1.7147216796875 GB
    Memory Allocated: 0.2343883514404297  GigaBytes
Max Memory Allocated: 0.48388004302978516  GigaBytes

----------------------------------------before batch_pred = model(blocks, batch_inputs) 
 Nvidia-smi: 1.7147216796875 GB
    Memory Allocated: 0.14339494705200195  GigaBytes
Max Memory Allocated: 0.48388004302978516  GigaBytes

torch.Size([642, 1433])
torch.Size([259, 256])
-----------------------------------------batch_pred = model(blocks, batch_inputs) 
 Nvidia-smi: 1.7147216796875 GB
    Memory Allocated: 0.26976490020751953  GigaBytes
Max Memory Allocated: 0.48388004302978516  GigaBytes

----------------------------------------before batch_pred = model(blocks, batch_inputs) 
 Nvidia-smi: 1.7147216796875 GB
    Memory Allocated: 0.1413254737854004  GigaBytes
Max Memory Allocated: 0.48388004302978516  GigaBytes

torch.Size([347, 1433])
torch.Size([96, 256])
-----------------------------------------batch_pred = model(blocks, batch_inputs) 
 Nvidia-smi: 1.7147216796875 GB
    Memory Allocated: 0.19072484970092773  GigaBytes
Max Memory Allocated: 0.48388004302978516  GigaBytes

times | data loading | block to device | model prediction | loss calculation | loss backward |  optimizer step |
      |0.05281613767147064 |0.02342917025089264 |0.1070791631937027 |0.00011844933032989502 |0.11344397068023682 |0.009429931640625 |
----------------------------------------------------------pseudo_mini_loss sum 3.1187288761138916
 Run 0| Epoch 0 |
Number of nodes for computation during this epoch:  15928
Number of first layer input nodes during this epoch:  11176
----------------------------------------before generate_dataloader_block 
 Nvidia-smi: 1.7772216796875 GB
    Memory Allocated: 0.28074216842651367  GigaBytes
Max Memory Allocated: 0.48388004302978516  GigaBytes

The real block id is  2
get_global_graph_edges_ids_block function  spend 0.0005538463592529297
random selection method range initialization spend 0.0001392364501953125
time for parepare:  8.320808410644531e-05
local_output_nid generation:  7.62939453125e-06
local_in_edges_tensor generation:  0.0001933574676513672
mini_batch_src_global generation:  2.3603439331054688e-05
r_  generation:  4.506111145019531e-05
local_output_nid generation:  5.9604644775390625e-06
local_in_edges_tensor generation:  0.00011491775512695312
mini_batch_src_global generation:  1.8358230590820312e-05
r_  generation:  3.3855438232421875e-05
local_output_nid generation:  5.4836273193359375e-06
local_in_edges_tensor generation:  0.00010561943054199219
mini_batch_src_global generation:  1.621246337890625e-05
r_  generation:  3.075599670410156e-05
local_output_nid generation:  5.245208740234375e-06
local_in_edges_tensor generation:  0.00010323524475097656
mini_batch_src_global generation:  1.5974044799804688e-05
r_  generation:  2.4080276489257812e-05
local_output_nid generation:  5.245208740234375e-06
local_in_edges_tensor generation:  0.00010228157043457031
mini_batch_src_global generation:  1.9788742065429688e-05
r_  generation:  3.0279159545898438e-05
local_output_nid generation:  5.0067901611328125e-06
local_in_edges_tensor generation:  0.00010228157043457031
mini_batch_src_global generation:  1.5735626220703125e-05
r_  generation:  2.5510787963867188e-05
local_output_nid generation:  5.0067901611328125e-06
local_in_edges_tensor generation:  9.965896606445312e-05
mini_batch_src_global generation:  1.52587890625e-05
r_  generation:  2.6941299438476562e-05
local_output_nid generation:  5.245208740234375e-06
local_in_edges_tensor generation:  0.00010228157043457031
mini_batch_src_global generation:  1.621246337890625e-05
r_  generation:  2.8133392333984375e-05
local_output_nid generation:  4.76837158203125e-06
local_in_edges_tensor generation:  9.942054748535156e-05
mini_batch_src_global generation:  2.002716064453125e-05
r_  generation:  3.0994415283203125e-05
local_output_nid generation:  6.198883056640625e-06
local_in_edges_tensor generation:  0.00012755393981933594
mini_batch_src_global generation:  2.1696090698242188e-05
r_  generation:  2.8371810913085938e-05
local_output_nid generation:  5.0067901611328125e-06
local_in_edges_tensor generation:  0.000102996826171875
mini_batch_src_global generation:  1.6450881958007812e-05
r_  generation:  2.3126602172851562e-05
local_output_nid generation:  5.0067901611328125e-06
local_in_edges_tensor generation:  0.00010037422180175781
mini_batch_src_global generation:  1.621246337890625e-05
r_  generation:  2.384185791015625e-05
local_output_nid generation:  4.76837158203125e-06
local_in_edges_tensor generation:  9.799003601074219e-05
mini_batch_src_global generation:  1.5735626220703125e-05
r_  generation:  2.3603439331054688e-05
local_output_nid generation:  4.76837158203125e-06
local_in_edges_tensor generation:  0.0001010894775390625
mini_batch_src_global generation:  1.811981201171875e-05
r_  generation:  3.3855438232421875e-05
local_output_nid generation:  4.291534423828125e-06
local_in_edges_tensor generation:  9.846687316894531e-05
mini_batch_src_global generation:  1.5735626220703125e-05
r_  generation:  2.384185791015625e-05
local_output_nid generation:  3.814697265625e-06
local_in_edges_tensor generation:  9.72747802734375e-05
mini_batch_src_global generation:  1.52587890625e-05
r_  generation:  2.0265579223632812e-05
----------------------check_connections_block total spend ----------------------------- 0.0033724308013916016
generate_one_block  0.0012264251708984375
generate_one_block  0.0010941028594970703
generate_one_block  0.0010831356048583984
generate_one_block  0.0014472007751464844
generate_one_block  0.0010879039764404297
generate_one_block  0.0010869503021240234
generate_one_block  0.0010650157928466797
generate_one_block  0.001074075698852539
generate_one_block  0.0010814666748046875
generate_one_block  0.0010704994201660156
generate_one_block  0.0010709762573242188
generate_one_block  0.0010819435119628906
generate_one_block  0.0010657310485839844
generate_one_block  0.0010828971862792969
generate_one_block  0.001066446304321289
generate_one_block  0.00101470947265625
The real block id is  1
get_global_graph_edges_ids_block function  spend 0.0005915164947509766
gen group dst list time:  0.00010085105895996094
time for parepare:  0.00019240379333496094
local_output_nid generation:  1.4781951904296875e-05
local_in_edges_tensor generation:  0.0002579689025878906
mini_batch_src_global generation:  3.910064697265625e-05
r_  generation:  0.0001747608184814453
local_output_nid generation:  7.152557373046875e-06
local_in_edges_tensor generation:  0.00012803077697753906
mini_batch_src_global generation:  3.790855407714844e-05
r_  generation:  0.00017976760864257812
local_output_nid generation:  6.9141387939453125e-06
local_in_edges_tensor generation:  0.0001239776611328125
mini_batch_src_global generation:  3.4332275390625e-05
r_  generation:  0.0001571178436279297
local_output_nid generation:  5.4836273193359375e-06
local_in_edges_tensor generation:  0.00011777877807617188
mini_batch_src_global generation:  2.8848648071289062e-05
r_  generation:  0.0001227855682373047
local_output_nid generation:  7.62939453125e-06
local_in_edges_tensor generation:  0.00011944770812988281
mini_batch_src_global generation:  3.457069396972656e-05
r_  generation:  0.00019121170043945312
local_output_nid generation:  6.9141387939453125e-06
local_in_edges_tensor generation:  0.00013113021850585938
mini_batch_src_global generation:  3.0994415283203125e-05
r_  generation:  0.00013589859008789062
local_output_nid generation:  6.67572021484375e-06
local_in_edges_tensor generation:  0.00011658668518066406
mini_batch_src_global generation:  2.86102294921875e-05
r_  generation:  0.0001308917999267578
local_output_nid generation:  6.198883056640625e-06
local_in_edges_tensor generation:  0.00011944770812988281
mini_batch_src_global generation:  2.8848648071289062e-05
r_  generation:  0.00013899803161621094
local_output_nid generation:  7.3909759521484375e-06
local_in_edges_tensor generation:  0.00011944770812988281
mini_batch_src_global generation:  3.552436828613281e-05
r_  generation:  0.0002110004425048828
local_output_nid generation:  6.9141387939453125e-06
local_in_edges_tensor generation:  0.00012302398681640625
mini_batch_src_global generation:  3.528594970703125e-05
r_  generation:  0.0001537799835205078
local_output_nid generation:  5.0067901611328125e-06
local_in_edges_tensor generation:  0.0001220703125
mini_batch_src_global generation:  3.075599670410156e-05
r_  generation:  0.00011396408081054688
local_output_nid generation:  6.4373016357421875e-06
local_in_edges_tensor generation:  0.000118255615234375
mini_batch_src_global generation:  3.218650817871094e-05
r_  generation:  0.00015783309936523438
local_output_nid generation:  5.9604644775390625e-06
local_in_edges_tensor generation:  0.00011682510375976562
mini_batch_src_global generation:  2.6226043701171875e-05
r_  generation:  8.845329284667969e-05
local_output_nid generation:  7.62939453125e-06
local_in_edges_tensor generation:  0.00012230873107910156
mini_batch_src_global generation:  3.218650817871094e-05
r_  generation:  0.00018525123596191406
local_output_nid generation:  6.198883056640625e-06
local_in_edges_tensor generation:  0.00011730194091796875
mini_batch_src_global generation:  3.3855438232421875e-05
r_  generation:  0.0001423358917236328
local_output_nid generation:  3.814697265625e-06
local_in_edges_tensor generation:  0.00011444091796875
mini_batch_src_global generation:  2.5272369384765625e-05
r_  generation:  7.700920104980469e-05
----------------------check_connections_block total spend ----------------------------- 0.006319761276245117
generate_one_block  0.0014007091522216797
generate_one_block  0.0012946128845214844
generate_one_block  0.0012772083282470703
generate_one_block  0.0012164115905761719
generate_one_block  0.0013010501861572266
generate_one_block  0.0012233257293701172
generate_one_block  0.001134634017944336
generate_one_block  0.0011248588562011719
generate_one_block  0.0012121200561523438
generate_one_block  0.0011396408081054688
generate_one_block  0.0010917186737060547
generate_one_block  0.0011577606201171875
generate_one_block  0.0010535717010498047
generate_one_block  0.0012273788452148438
generate_one_block  0.0011320114135742188
generate_one_block  0.001056671142578125
The real block id is  0
get_global_graph_edges_ids_block function  spend 0.0007369518280029297
gen group dst list time:  0.00020003318786621094
time for parepare:  0.0002338886260986328
local_output_nid generation:  2.956390380859375e-05
local_in_edges_tensor generation:  0.0003712177276611328
mini_batch_src_global generation:  7.867813110351562e-05
r_  generation:  0.0005335807800292969
local_output_nid generation:  2.8371810913085938e-05
local_in_edges_tensor generation:  0.00017452239990234375
mini_batch_src_global generation:  8.416175842285156e-05
r_  generation:  0.0005900859832763672
local_output_nid generation:  2.6941299438476562e-05
local_in_edges_tensor generation:  0.00017142295837402344
mini_batch_src_global generation:  7.653236389160156e-05
r_  generation:  0.0005810260772705078
local_output_nid generation:  2.1696090698242188e-05
local_in_edges_tensor generation:  0.00015807151794433594
mini_batch_src_global generation:  7.2479248046875e-05
r_  generation:  0.0004780292510986328
local_output_nid generation:  3.504753112792969e-05
local_in_edges_tensor generation:  0.00018072128295898438
mini_batch_src_global generation:  8.20159912109375e-05
r_  generation:  0.0006566047668457031
local_output_nid generation:  2.193450927734375e-05
local_in_edges_tensor generation:  0.0001533031463623047
mini_batch_src_global generation:  6.67572021484375e-05
r_  generation:  0.0004296302795410156
local_output_nid generation:  2.5033950805664062e-05
local_in_edges_tensor generation:  0.00015687942504882812
mini_batch_src_global generation:  6.437301635742188e-05
r_  generation:  0.0004620552062988281
local_output_nid generation:  2.4318695068359375e-05
local_in_edges_tensor generation:  0.0001552104949951172
mini_batch_src_global generation:  7.43865966796875e-05
r_  generation:  0.0004947185516357422
local_output_nid generation:  3.600120544433594e-05
local_in_edges_tensor generation:  0.0001800060272216797
mini_batch_src_global generation:  8.535385131835938e-05
r_  generation:  0.0006649494171142578
local_output_nid generation:  2.8133392333984375e-05
local_in_edges_tensor generation:  0.00017309188842773438
mini_batch_src_global generation:  8.273124694824219e-05
r_  generation:  0.0006079673767089844
local_output_nid generation:  2.2172927856445312e-05
local_in_edges_tensor generation:  0.00015473365783691406
mini_batch_src_global generation:  6.794929504394531e-05
r_  generation:  0.0004138946533203125
local_output_nid generation:  3.0279159545898438e-05
local_in_edges_tensor generation:  0.00016760826110839844
mini_batch_src_global generation:  7.295608520507812e-05
r_  generation:  0.0005924701690673828
local_output_nid generation:  1.0967254638671875e-05
local_in_edges_tensor generation:  0.0001385211944580078
mini_batch_src_global generation:  4.982948303222656e-05
r_  generation:  0.00020694732666015625
local_output_nid generation:  3.218650817871094e-05
local_in_edges_tensor generation:  0.00016927719116210938
mini_batch_src_global generation:  7.414817810058594e-05
r_  generation:  0.0006563663482666016
local_output_nid generation:  2.574920654296875e-05
local_in_edges_tensor generation:  0.0001704692840576172
mini_batch_src_global generation:  7.534027099609375e-05
r_  generation:  0.0005581378936767578
local_output_nid generation:  1.430511474609375e-05
local_in_edges_tensor generation:  0.00014495849609375
mini_batch_src_global generation:  5.7220458984375e-05
r_  generation:  0.00026535987854003906
----------------------check_connections_block total spend ----------------------------- 0.015481710433959961
generate_one_block  0.0017578601837158203
generate_one_block  0.001821279525756836
generate_one_block  0.0017185211181640625
generate_one_block  0.0015292167663574219
generate_one_block  0.0017557144165039062
generate_one_block  0.0014345645904541016
generate_one_block  0.001470327377319336
generate_one_block  0.0015263557434082031
generate_one_block  0.001733541488647461
generate_one_block  0.0017850399017333984
generate_one_block  0.001524209976196289
generate_one_block  0.0016429424285888672
generate_one_block  0.001188039779663086
generate_one_block  0.0017642974853515625
generate_one_block  0.0016090869903564453
generate_one_block  0.001257181167602539
-----------------------------------------after block dataloader generation 
 Nvidia-smi: 1.7772216796875 GB
    Memory Allocated: 0.28074216842651367  GigaBytes
Max Memory Allocated: 0.48388004302978516  GigaBytes

connection checking time:  0.021801471710205078
block generation total time  0.04456186294555664
average batch blocks generation time:  0.00278511643409729
block dataloader generation time/epoch 0.13394808769226074
----------------------------------------before batch_pred = model(blocks, batch_inputs) 
 Nvidia-smi: 1.7772216796875 GB
    Memory Allocated: 0.2825927734375  GigaBytes
Max Memory Allocated: 0.48388004302978516  GigaBytes

torch.Size([694, 1433])
torch.Size([270, 256])
-----------------------------------------batch_pred = model(blocks, batch_inputs) 
 Nvidia-smi: 1.7772216796875 GB
    Memory Allocated: 0.42014646530151367  GigaBytes
Max Memory Allocated: 0.48388004302978516  GigaBytes

----------------------------------------before batch_pred = model(blocks, batch_inputs) 
 Nvidia-smi: 1.7772216796875 GB
    Memory Allocated: 0.2832150459289551  GigaBytes
Max Memory Allocated: 0.5354666709899902  GigaBytes

torch.Size([810, 1433])
torch.Size([294, 256])
-----------------------------------------batch_pred = model(blocks, batch_inputs) 
 Nvidia-smi: 1.7772216796875 GB
    Memory Allocated: 0.43452978134155273  GigaBytes
Max Memory Allocated: 0.5354666709899902  GigaBytes

----------------------------------------before batch_pred = model(blocks, batch_inputs) 
 Nvidia-smi: 1.8084716796875 GB
    Memory Allocated: 0.2827763557434082  GigaBytes
Max Memory Allocated: 0.5476694107055664  GigaBytes

torch.Size([728, 1433])
torch.Size([290, 256])
-----------------------------------------batch_pred = model(blocks, batch_inputs) 
 Nvidia-smi: 1.8084716796875 GB
    Memory Allocated: 0.42899036407470703  GigaBytes
Max Memory Allocated: 0.5476694107055664  GigaBytes

----------------------------------------before batch_pred = model(blocks, batch_inputs) 
 Nvidia-smi: 1.8084716796875 GB
    Memory Allocated: 0.28255462646484375  GigaBytes
Max Memory Allocated: 0.5476694107055664  GigaBytes

torch.Size([687, 1433])
torch.Size([225, 256])
-----------------------------------------batch_pred = model(blocks, batch_inputs) 
 Nvidia-smi: 1.8084716796875 GB
    Memory Allocated: 0.40374755859375  GigaBytes
Max Memory Allocated: 0.5476694107055664  GigaBytes

----------------------------------------before batch_pred = model(blocks, batch_inputs) 
 Nvidia-smi: 1.8084716796875 GB
    Memory Allocated: 0.28394174575805664  GigaBytes
Max Memory Allocated: 0.5476694107055664  GigaBytes

torch.Size([946, 1433])
torch.Size([370, 256])
-----------------------------------------batch_pred = model(blocks, batch_inputs) 
 Nvidia-smi: 1.8084716796875 GB
    Memory Allocated: 0.45398855209350586  GigaBytes
Max Memory Allocated: 0.5476694107055664  GigaBytes

----------------------------------------before batch_pred = model(blocks, batch_inputs) 
 Nvidia-smi: 1.8084716796875 GB
    Memory Allocated: 0.28166627883911133  GigaBytes
Max Memory Allocated: 0.5662646293640137  GigaBytes

torch.Size([521, 1433])
torch.Size([202, 256])
-----------------------------------------batch_pred = model(blocks, batch_inputs) 
 Nvidia-smi: 1.8084716796875 GB
    Memory Allocated: 0.38822269439697266  GigaBytes
Max Memory Allocated: 0.5662646293640137  GigaBytes

----------------------------------------before batch_pred = model(blocks, batch_inputs) 
 Nvidia-smi: 1.8084716796875 GB
    Memory Allocated: 0.28257226943969727  GigaBytes
Max Memory Allocated: 0.5662646293640137  GigaBytes

torch.Size([638, 1433])
torch.Size([238, 256])
-----------------------------------------batch_pred = model(blocks, batch_inputs) 
 Nvidia-smi: 1.8084716796875 GB
    Memory Allocated: 0.3987159729003906  GigaBytes
Max Memory Allocated: 0.5662646293640137  GigaBytes

----------------------------------------before batch_pred = model(blocks, batch_inputs) 
 Nvidia-smi: 1.8084716796875 GB
    Memory Allocated: 0.2829442024230957  GigaBytes
Max Memory Allocated: 0.5662646293640137  GigaBytes

torch.Size([760, 1433])
torch.Size([235, 256])
-----------------------------------------batch_pred = model(blocks, batch_inputs) 
 Nvidia-smi: 1.8084716796875 GB
    Memory Allocated: 0.40715742111206055  GigaBytes
Max Memory Allocated: 0.5662646293640137  GigaBytes

----------------------------------------before batch_pred = model(blocks, batch_inputs) 
 Nvidia-smi: 1.8084716796875 GB
    Memory Allocated: 0.2832913398742676  GigaBytes
Max Memory Allocated: 0.5662646293640137  GigaBytes

torch.Size([824, 1433])
torch.Size([372, 256])
-----------------------------------------batch_pred = model(blocks, batch_inputs) 
 Nvidia-smi: 1.8084716796875 GB
    Memory Allocated: 0.4542727470397949  GigaBytes
Max Memory Allocated: 0.5662646293640137  GigaBytes

----------------------------------------before batch_pred = model(blocks, batch_inputs) 
 Nvidia-smi: 1.8397216796875 GB
    Memory Allocated: 0.2837538719177246  GigaBytes
Max Memory Allocated: 0.5662646293640137  GigaBytes

torch.Size([911, 1433])
torch.Size([313, 256])
-----------------------------------------batch_pred = model(blocks, batch_inputs) 
 Nvidia-smi: 1.8397216796875 GB
    Memory Allocated: 0.4382944107055664  GigaBytes
Max Memory Allocated: 0.5662646293640137  GigaBytes

----------------------------------------before batch_pred = model(blocks, batch_inputs) 
 Nvidia-smi: 1.8397216796875 GB
    Memory Allocated: 0.28238725662231445  GigaBytes
Max Memory Allocated: 0.5662646293640137  GigaBytes

torch.Size([656, 1433])
torch.Size([219, 256])
-----------------------------------------batch_pred = model(blocks, batch_inputs) 
 Nvidia-smi: 1.8397216796875 GB
    Memory Allocated: 0.38425397872924805  GigaBytes
Max Memory Allocated: 0.5662646293640137  GigaBytes
Using backend: pytorch

----------------------------------------before batch_pred = model(blocks, batch_inputs) 
 Nvidia-smi: 1.8397216796875 GB
    Memory Allocated: 0.2837538719177246  GigaBytes
Max Memory Allocated: 0.5662646293640137  GigaBytes

torch.Size([814, 1433])
torch.Size([318, 256])
-----------------------------------------batch_pred = model(blocks, batch_inputs) 
 Nvidia-smi: 1.8397216796875 GB
    Memory Allocated: 0.4388108253479004  GigaBytes
Max Memory Allocated: 0.5662646293640137  GigaBytes

----------------------------------------before batch_pred = model(blocks, batch_inputs) 
 Nvidia-smi: 1.8397216796875 GB
    Memory Allocated: 0.2806844711303711  GigaBytes
Max Memory Allocated: 0.5662646293640137  GigaBytes

torch.Size([274, 1433])
torch.Size([99, 256])
-----------------------------------------batch_pred = model(blocks, batch_inputs) 
 Nvidia-smi: 1.8397216796875 GB
    Memory Allocated: 0.32526636123657227  GigaBytes
Max Memory Allocated: 0.5662646293640137  GigaBytes

----------------------------------------before batch_pred = model(blocks, batch_inputs) 
 Nvidia-smi: 1.8397216796875 GB
    Memory Allocated: 0.2834954261779785  GigaBytes
Max Memory Allocated: 0.5662646293640137  GigaBytes

torch.Size([862, 1433])
torch.Size([325, 256])
-----------------------------------------batch_pred = model(blocks, batch_inputs) 
 Nvidia-smi: 1.8397216796875 GB
    Memory Allocated: 0.45714473724365234  GigaBytes
Max Memory Allocated: 0.5662646293640137  GigaBytes

----------------------------------------before batch_pred = model(blocks, batch_inputs) 
 Nvidia-smi: 1.8397216796875 GB
    Memory Allocated: 0.2832183837890625  GigaBytes
Max Memory Allocated: 0.5690908432006836  GigaBytes

torch.Size([811, 1433])
torch.Size([282, 256])
-----------------------------------------batch_pred = model(blocks, batch_inputs) 
 Nvidia-smi: 1.8397216796875 GB
    Memory Allocated: 0.4272608757019043  GigaBytes
Max Memory Allocated: 0.5690908432006836  GigaBytes

----------------------------------------before batch_pred = model(blocks, batch_inputs) 
 Nvidia-smi: 1.8397216796875 GB
    Memory Allocated: 0.2814674377441406  GigaBytes
Max Memory Allocated: 0.5690908432006836  GigaBytes

torch.Size([402, 1433])
torch.Size([127, 256])
-----------------------------------------batch_pred = model(blocks, batch_inputs) 
 Nvidia-smi: 1.8397216796875 GB
    Memory Allocated: 0.33972597122192383  GigaBytes
Max Memory Allocated: 0.5690908432006836  GigaBytes

times | data loading | block to device | model prediction | loss calculation | loss backward |  optimizer step |
      |0.05173307657241821 |0.0004347562789916992 |0.07950794696807861 |0.00010912120342254639 |0.11835947632789612 |0.010027408599853516 |
----------------------------------------------------------pseudo_mini_loss sum 3.1166751384735107
Total (block generation + training)time/epoch 4.211331129074097
Training time/epoch 4.0770299434661865
Training time without block to device /epoch 4.070073843002319
Training time without total dataloading part /epoch 3.17765212059021
load block tensor time/epoch 0.8277292251586914
block to device time/epoch 0.0069561004638671875
input features size transfer per epoch 2.1457672119140625e-06
blocks size to device per epoch 1.430511474609375e-06
 Run 0| Epoch 1 |
Number of nodes for computation during this epoch:  16288
Number of first layer input nodes during this epoch:  11338
