main start at this time 1648431416.2378323
-----------------------------------------before load data 
 Nvidia-smi: 0.1717529296875 GB
    Memory Allocated: 0.0  GigaBytes
Max Memory Allocated: 0.0  GigaBytes

  NumNodes: 2708
  NumEdges: 10556
  NumFeats: 1433
  NumClasses: 7
  NumTrainingSamples: 140
  NumValidationSamples: 500
  NumTestSamples: 1000
Done loading data from cached files.
success----------------------------------------
140
500
2068
# Nodes: 2708
# Edges: 10556
# Train: 140
# Val: 500
# Test: 2068
# Classes: 7

in feats:  1433
----------------------------------------before generate_dataloader_block 
 Nvidia-smi: 1.0799560546875 GB
    Memory Allocated: 0.06275224685668945  GigaBytes
Max Memory Allocated: 0.06275224685668945  GigaBytes

The real block id is  3
get_global_graph_edges_ids_block function  spend 0.0012500286102294922
random selection method range initialization spend 0.00016427040100097656
time for parepare:  6.580352783203125e-05
local_output_nid generation:  3.7670135498046875e-05
local_in_edges_tensor generation:  0.00018668174743652344
mini_batch_src_global generation:  2.288818359375e-05
r_  generation:  0.001260519027709961
local_output_nid generation:  4.76837158203125e-06
local_in_edges_tensor generation:  0.00012421607971191406
mini_batch_src_global generation:  2.2649765014648438e-05
r_  generation:  3.5762786865234375e-05
local_output_nid generation:  5.245208740234375e-06
local_in_edges_tensor generation:  9.942054748535156e-05
mini_batch_src_global generation:  1.5020370483398438e-05
r_  generation:  3.886222839355469e-05
local_output_nid generation:  5.7220458984375e-06
local_in_edges_tensor generation:  0.00010132789611816406
mini_batch_src_global generation:  1.52587890625e-05
r_  generation:  2.5272369384765625e-05
local_output_nid generation:  4.76837158203125e-06
local_in_edges_tensor generation:  9.560585021972656e-05
mini_batch_src_global generation:  1.5020370483398438e-05
r_  generation:  2.2172927856445312e-05
local_output_nid generation:  5.0067901611328125e-06
local_in_edges_tensor generation:  9.512901306152344e-05
mini_batch_src_global generation:  1.5974044799804688e-05
r_  generation:  3.552436828613281e-05
local_output_nid generation:  4.76837158203125e-06
local_in_edges_tensor generation:  9.489059448242188e-05
mini_batch_src_global generation:  1.52587890625e-05
r_  generation:  2.384185791015625e-05
local_output_nid generation:  4.76837158203125e-06
local_in_edges_tensor generation:  9.465217590332031e-05
mini_batch_src_global generation:  1.5020370483398438e-05
r_  generation:  2.4318695068359375e-05
local_output_nid generation:  4.5299530029296875e-06
local_in_edges_tensor generation:  9.441375732421875e-05
mini_batch_src_global generation:  1.4781951904296875e-05
r_  generation:  2.5272369384765625e-05
local_output_nid generation:  4.291534423828125e-06
local_in_edges_tensor generation:  9.107589721679688e-05
mini_batch_src_global generation:  1.3828277587890625e-05
r_  generation:  2.574920654296875e-05
local_output_nid generation:  4.291534423828125e-06
local_in_edges_tensor generation:  9.250640869140625e-05
mini_batch_src_global generation:  1.4781951904296875e-05
r_  generation:  2.8371810913085938e-05
local_output_nid generation:  4.291534423828125e-06
local_in_edges_tensor generation:  9.250640869140625e-05
mini_batch_src_global generation:  1.430511474609375e-05
r_  generation:  2.6464462280273438e-05
local_output_nid generation:  4.5299530029296875e-06
local_in_edges_tensor generation:  9.274482727050781e-05
mini_batch_src_global generation:  1.4066696166992188e-05
r_  generation:  2.1219253540039062e-05
local_output_nid generation:  4.5299530029296875e-06
local_in_edges_tensor generation:  9.1552734375e-05
mini_batch_src_global generation:  1.3589859008789062e-05
r_  generation:  1.9311904907226562e-05
local_output_nid generation:  4.291534423828125e-06
local_in_edges_tensor generation:  9.179115295410156e-05
mini_batch_src_global generation:  1.4066696166992188e-05
r_  generation:  2.0503997802734375e-05
local_output_nid generation:  3.5762786865234375e-06
local_in_edges_tensor generation:  8.988380432128906e-05
mini_batch_src_global generation:  1.33514404296875e-05
r_  generation:  1.5497207641601562e-05
----------------------check_connections_block total spend ----------------------------- 0.00437617301940918
generate_one_block  0.0013980865478515625
generate_one_block  0.0010688304901123047
generate_one_block  0.0010097026824951172
generate_one_block  0.0010039806365966797
generate_one_block  0.0010333061218261719
generate_one_block  0.0010404586791992188
generate_one_block  0.0010025501251220703
generate_one_block  0.0009984970092773438
generate_one_block  0.0010864734649658203
generate_one_block  0.0010132789611816406
generate_one_block  0.0010061264038085938
generate_one_block  0.0010335445404052734
generate_one_block  0.001020669937133789
generate_one_block  0.000990152359008789
generate_one_block  0.0009906291961669922
generate_one_block  0.00095367431640625
The real block id is  2
get_global_graph_edges_ids_block function  spend 0.0006105899810791016
gen group dst list time:  8.940696716308594e-05
time for parepare:  0.00014448165893554688
local_output_nid generation:  5.245208740234375e-06
local_in_edges_tensor generation:  0.00019431114196777344
mini_batch_src_global generation:  2.8133392333984375e-05
r_  generation:  0.00011181831359863281
local_output_nid generation:  7.152557373046875e-06
local_in_edges_tensor generation:  0.00011396408081054688
mini_batch_src_global generation:  2.9087066650390625e-05
r_  generation:  0.0001633167266845703
local_output_nid generation:  5.4836273193359375e-06
local_in_edges_tensor generation:  0.00010609626770019531
mini_batch_src_global generation:  2.288818359375e-05
r_  generation:  7.367134094238281e-05
local_output_nid generation:  6.198883056640625e-06
local_in_edges_tensor generation:  0.00016164779663085938
mini_batch_src_global generation:  2.6702880859375e-05
r_  generation:  0.00011920928955078125
local_output_nid generation:  4.5299530029296875e-06
local_in_edges_tensor generation:  0.00011134147644042969
mini_batch_src_global generation:  2.4318695068359375e-05
r_  generation:  0.00010204315185546875
local_output_nid generation:  8.344650268554688e-06
local_in_edges_tensor generation:  0.00011181831359863281
mini_batch_src_global generation:  2.9325485229492188e-05
r_  generation:  0.00019311904907226562
local_output_nid generation:  5.245208740234375e-06
local_in_edges_tensor generation:  0.00011563301086425781
mini_batch_src_global generation:  2.8848648071289062e-05
r_  generation:  0.00011467933654785156
local_output_nid generation:  5.245208740234375e-06
local_in_edges_tensor generation:  0.00010776519775390625
mini_batch_src_global generation:  2.3603439331054688e-05
r_  generation:  0.00010752677917480469
local_output_nid generation:  5.4836273193359375e-06
local_in_edges_tensor generation:  0.00010466575622558594
mini_batch_src_global generation:  2.1457672119140625e-05
r_  generation:  9.489059448242188e-05
local_output_nid generation:  5.9604644775390625e-06
local_in_edges_tensor generation:  0.00010442733764648438
mini_batch_src_global generation:  2.47955322265625e-05
r_  generation:  0.0001423358917236328
local_output_nid generation:  6.9141387939453125e-06
local_in_edges_tensor generation:  0.00010848045349121094
mini_batch_src_global generation:  3.218650817871094e-05
r_  generation:  0.0002052783966064453
local_output_nid generation:  5.4836273193359375e-06
local_in_edges_tensor generation:  0.00011110305786132812
mini_batch_src_global generation:  2.9325485229492188e-05
r_  generation:  0.00014495849609375
local_output_nid generation:  4.76837158203125e-06
local_in_edges_tensor generation:  0.00010609626770019531
mini_batch_src_global generation:  2.5510787963867188e-05
r_  generation:  0.00012564659118652344
local_output_nid generation:  4.5299530029296875e-06
local_in_edges_tensor generation:  0.00010514259338378906
mini_batch_src_global generation:  2.5033950805664062e-05
r_  generation:  0.000118255615234375
local_output_nid generation:  4.5299530029296875e-06
local_in_edges_tensor generation:  0.00010323524475097656
mini_batch_src_global generation:  3.0040740966796875e-05
r_  generation:  0.00011086463928222656
local_output_nid generation:  3.337860107421875e-06
local_in_edges_tensor generation:  0.00011515617370605469
mini_batch_src_global generation:  2.2411346435546875e-05
r_  generation:  8.034706115722656e-05
----------------------check_connections_block total spend ----------------------------- 0.005552530288696289
generate_one_block  0.0011513233184814453
generate_one_block  0.0012197494506835938
generate_one_block  0.0010499954223632812
generate_one_block  0.0011432170867919922
generate_one_block  0.0011348724365234375
generate_one_block  0.0012302398681640625
generate_one_block  0.0012023448944091797
generate_one_block  0.0010585784912109375
generate_one_block  0.0010421276092529297
generate_one_block  0.0011060237884521484
generate_one_block  0.0011980533599853516
generate_one_block  0.0011096000671386719
generate_one_block  0.0010924339294433594
generate_one_block  0.0010955333709716797
generate_one_block  0.0010983943939208984
generate_one_block  0.0010318756103515625
The real block id is  1
get_global_graph_edges_ids_block function  spend 0.0007047653198242188
gen group dst list time:  0.0001659393310546875
time for parepare:  0.0002148151397705078
local_output_nid generation:  1.5497207641601562e-05
local_in_edges_tensor generation:  0.00021719932556152344
mini_batch_src_global generation:  4.76837158203125e-05
r_  generation:  0.0003955364227294922
local_output_nid generation:  2.7418136596679688e-05
local_in_edges_tensor generation:  0.0001595020294189453
mini_batch_src_global generation:  7.224082946777344e-05
r_  generation:  0.0006105899810791016
local_output_nid generation:  1.1920928955078125e-05
local_in_edges_tensor generation:  0.00012922286987304688
mini_batch_src_global generation:  4.8160552978515625e-05
r_  generation:  0.00022292137145996094
local_output_nid generation:  1.9550323486328125e-05
local_in_edges_tensor generation:  0.0001323223114013672
mini_batch_src_global generation:  4.410743713378906e-05
r_  generation:  0.00034880638122558594
local_output_nid generation:  1.9550323486328125e-05
local_in_edges_tensor generation:  0.00013566017150878906
mini_batch_src_global generation:  5.0067901611328125e-05
r_  generation:  0.00039315223693847656
local_output_nid generation:  2.5987625122070312e-05
local_in_edges_tensor generation:  0.0001761913299560547
mini_batch_src_global generation:  7.581710815429688e-05
r_  generation:  0.0006411075592041016
local_output_nid generation:  2.2172927856445312e-05
local_in_edges_tensor generation:  0.00014734268188476562
mini_batch_src_global generation:  7.295608520507812e-05
r_  generation:  0.00043320655822753906
local_output_nid generation:  1.621246337890625e-05
local_in_edges_tensor generation:  0.00013303756713867188
mini_batch_src_global generation:  5.125999450683594e-05
r_  generation:  0.0003478527069091797
local_output_nid generation:  1.3828277587890625e-05
local_in_edges_tensor generation:  0.00012731552124023438
mini_batch_src_global generation:  4.506111145019531e-05
r_  generation:  0.0003075599670410156
local_output_nid generation:  2.2649765014648438e-05
local_in_edges_tensor generation:  0.00013875961303710938
mini_batch_src_global generation:  6.175041198730469e-05
r_  generation:  0.0005276203155517578
local_output_nid generation:  3.409385681152344e-05
local_in_edges_tensor generation:  0.00019216537475585938
mini_batch_src_global generation:  9.036064147949219e-05
r_  generation:  0.0008196830749511719
local_output_nid generation:  2.4318695068359375e-05
local_in_edges_tensor generation:  0.00014972686767578125
mini_batch_src_global generation:  7.772445678710938e-05
r_  generation:  0.0005564689636230469
local_output_nid generation:  2.2411346435546875e-05
local_in_edges_tensor generation:  0.00014710426330566406
mini_batch_src_global generation:  6.794929504394531e-05
r_  generation:  0.0005357265472412109
local_output_nid generation:  2.4318695068359375e-05
local_in_edges_tensor generation:  0.00014543533325195312
mini_batch_src_global generation:  6.532669067382812e-05
r_  generation:  0.0005102157592773438
local_output_nid generation:  3.504753112792969e-05
local_in_edges_tensor generation:  0.0001423358917236328
mini_batch_src_global generation:  5.6743621826171875e-05
r_  generation:  0.00039124488830566406
local_output_nid generation:  1.5020370483398438e-05
local_in_edges_tensor generation:  0.0001323223114013672
mini_batch_src_global generation:  5.030632019042969e-05
r_  generation:  0.00034809112548828125
----------------------check_connections_block total spend ----------------------------- 0.01354837417602539
generate_one_block  0.0014660358428955078
generate_one_block  0.0017189979553222656
generate_one_block  0.0012252330780029297
generate_one_block  0.00135040283203125
generate_one_block  0.00168609619140625
generate_one_block  0.001623392105102539
generate_one_block  0.0014386177062988281
generate_one_block  0.0013480186462402344
generate_one_block  0.001277923583984375
generate_one_block  0.0015437602996826172
generate_one_block  0.0018606185913085938
generate_one_block  0.0015556812286376953
generate_one_block  0.001596689224243164
generate_one_block  0.0015239715576171875
generate_one_block  0.0013692378997802734
generate_one_block  0.0013175010681152344
The real block id is  0
get_global_graph_edges_ids_block function  spend 0.0007460117340087891
gen group dst list time:  0.0003361701965332031
time for parepare:  0.00020384788513183594
local_output_nid generation:  5.14984130859375e-05
local_in_edges_tensor generation:  0.00032329559326171875
mini_batch_src_global generation:  0.00015425682067871094
r_  generation:  0.0011284351348876953
local_output_nid generation:  7.128715515136719e-05
local_in_edges_tensor generation:  0.00023508071899414062
mini_batch_src_global generation:  0.0001735687255859375
r_  generation:  0.0015475749969482422
local_output_nid generation:  3.457069396972656e-05
local_in_edges_tensor generation:  0.00017595291137695312
mini_batch_src_global generation:  9.250640869140625e-05
r_  generation:  0.0006721019744873047
local_output_nid generation:  4.124641418457031e-05
local_in_edges_tensor generation:  0.00017452239990234375
mini_batch_src_global generation:  8.559226989746094e-05
r_  generation:  0.0007884502410888672
local_output_nid generation:  5.626678466796875e-05
local_in_edges_tensor generation:  0.0001957416534423828
mini_batch_src_global generation:  0.00010848045349121094
r_  generation:  0.0011801719665527344
local_output_nid generation:  7.414817810058594e-05
local_in_edges_tensor generation:  0.00022721290588378906
mini_batch_src_global generation:  0.00014257431030273438
r_  generation:  0.0015375614166259766
local_output_nid generation:  6.0558319091796875e-05
local_in_edges_tensor generation:  0.00022482872009277344
mini_batch_src_global generation:  0.00013637542724609375
r_  generation:  0.0012466907501220703
local_output_nid generation:  4.887580871582031e-05
local_in_edges_tensor generation:  0.00018477439880371094
mini_batch_src_global generation:  0.00011181831359863281
r_  generation:  0.0009846687316894531
local_output_nid generation:  4.649162292480469e-05
local_in_edges_tensor generation:  0.00017905235290527344
mini_batch_src_global generation:  0.00010156631469726562
r_  generation:  0.0009288787841796875
local_output_nid generation:  6.318092346191406e-05
local_in_edges_tensor generation:  0.00021147727966308594
mini_batch_src_global generation:  0.00013756752014160156
r_  generation:  0.0013277530670166016
local_output_nid generation:  8.20159912109375e-05
local_in_edges_tensor generation:  0.0002472400665283203
mini_batch_src_global generation:  0.00017762184143066406
r_  generation:  0.001756429672241211
local_output_nid generation:  6.246566772460938e-05
local_in_edges_tensor generation:  0.00020170211791992188
mini_batch_src_global generation:  0.0001361370086669922
r_  generation:  0.0012662410736083984
local_output_nid generation:  6.318092346191406e-05
local_in_edges_tensor generation:  0.00020194053649902344
mini_batch_src_global generation:  0.00013566017150878906
r_  generation:  0.0013051033020019531
local_output_nid generation:  5.9604644775390625e-05
local_in_edges_tensor generation:  0.00019931793212890625
mini_batch_src_global generation:  0.00012493133544921875
r_  generation:  0.0011796951293945312
local_output_nid generation:  4.696846008300781e-05
local_in_edges_tensor generation:  0.00017452239990234375
mini_batch_src_global generation:  0.00010442733764648438
r_  generation:  0.0008833408355712891
local_output_nid generation:  3.933906555175781e-05
local_in_edges_tensor generation:  0.00016808509826660156
mini_batch_src_global generation:  9.608268737792969e-05
r_  generation:  0.0008156299591064453
----------------------check_connections_block total spend ----------------------------- 0.029754161834716797
generate_one_block  0.0022406578063964844
generate_one_block  0.0034193992614746094
generate_one_block  0.0017087459564208984
generate_one_block  0.0018091201782226562
generate_one_block  0.0022270679473876953
generate_one_block  0.002632617950439453
generate_one_block  0.0023229122161865234
generate_one_block  0.0020630359649658203
generate_one_block  0.002123117446899414
generate_one_block  0.0024404525756835938
generate_one_block  0.0028994083404541016
generate_one_block  0.0024280548095703125
generate_one_block  0.0024709701538085938
generate_one_block  0.002330780029296875
generate_one_block  0.001992940902709961
generate_one_block  0.001928567886352539
-----------------------------------------after block dataloader generation 
 Nvidia-smi: 1.0799560546875 GB
    Memory Allocated: 0.06275224685668945  GigaBytes
Max Memory Allocated: 0.06275224685668945  GigaBytes

connection checking time:  0.04885506629943848
block generation total time  0.07890439033508301
average batch blocks generation time:  0.004931524395942688
----------------------------------------before batch_pred = model(blocks, batch_inputs) 
 Nvidia-smi: 1.1639404296875 GB
    Memory Allocated: 0.07033061981201172  GigaBytes
Max Memory Allocated: 0.07033061981201172  GigaBytes

torch.Size([1412, 1433])
torch.Size([685, 16])
torch.Size([192, 16])
-----------------------------------------batch_pred = model(blocks, batch_inputs) 
 Nvidia-smi: 1.5994873046875 GB
    Memory Allocated: 0.37461185455322266  GigaBytes
Max Memory Allocated: 0.3992314338684082  GigaBytes

----------------------------------------before batch_pred = model(blocks, batch_inputs) 
 Nvidia-smi: 1.7244873046875 GB
    Memory Allocated: 0.13438749313354492  GigaBytes
Max Memory Allocated: 0.49187183380126953  GigaBytes

torch.Size([1654, 1433])
torch.Size([934, 16])
torch.Size([300, 16])
-----------------------------------------batch_pred = model(blocks, batch_inputs) 
 Nvidia-smi: 1.7596435546875 GB
    Memory Allocated: 0.5369324684143066  GigaBytes
Max Memory Allocated: 0.5684585571289062  GigaBytes

----------------------------------------before batch_pred = model(blocks, batch_inputs) 
 Nvidia-smi: 1.8846435546875 GB
    Memory Allocated: 0.1306018829345703  GigaBytes
Max Memory Allocated: 0.6516523361206055  GigaBytes

torch.Size([951, 1433])
torch.Size([380, 16])
torch.Size([107, 16])
-----------------------------------------batch_pred = model(blocks, batch_inputs) 
 Nvidia-smi: 1.8846435546875 GB
    Memory Allocated: 0.3025965690612793  GigaBytes
Max Memory Allocated: 0.6516523361206055  GigaBytes

----------------------------------------before batch_pred = model(blocks, batch_inputs) 
 Nvidia-smi: 1.8846435546875 GB
    Memory Allocated: 0.13053512573242188  GigaBytes
Max Memory Allocated: 0.6516523361206055  GigaBytes

torch.Size([937, 1433])
torch.Size([481, 16])
torch.Size([184, 16])
-----------------------------------------batch_pred = model(blocks, batch_inputs) 
 Nvidia-smi: 1.8846435546875 GB
    Memory Allocated: 0.33788442611694336  GigaBytes
Max Memory Allocated: 0.6516523361206055  GigaBytes

----------------------------------------before batch_pred = model(blocks, batch_inputs) 
 Nvidia-smi: 1.8846435546875 GB
    Memory Allocated: 0.13333654403686523  GigaBytes
Max Memory Allocated: 0.6516523361206055  GigaBytes

torch.Size([1460, 1433])
torch.Size([693, 16])
torch.Size([215, 16])
-----------------------------------------batch_pred = model(blocks, batch_inputs) 
 Nvidia-smi: 1.8846435546875 GB
    Memory Allocated: 0.4352993965148926  GigaBytes
Max Memory Allocated: 0.6516523361206055  GigaBytes

----------------------------------------before batch_pred = model(blocks, batch_inputs) 
 Nvidia-smi: 1.8846435546875 GB
    Memory Allocated: 0.13465595245361328  GigaBytes
Max Memory Allocated: 0.6516523361206055  GigaBytes

torch.Size([1704, 1433])
torch.Size([964, 16])
torch.Size([321, 16])
-----------------------------------------batch_pred = model(blocks, batch_inputs) 
 Nvidia-smi: 1.8846435546875 GB
    Memory Allocated: 0.5491304397583008  GigaBytes
Max Memory Allocated: 0.6516523361206055  GigaBytes

----------------------------------------before batch_pred = model(blocks, batch_inputs) 
 Nvidia-smi: 1.9158935546875 GB
    Memory Allocated: 0.13377618789672852  GigaBytes
Max Memory Allocated: 0.6636261940002441  GigaBytes

torch.Size([1542, 1433])
torch.Size([721, 16])
torch.Size([232, 16])
-----------------------------------------batch_pred = model(blocks, batch_inputs) 
 Nvidia-smi: 1.9158935546875 GB
    Memory Allocated: 0.4599003791809082  GigaBytes
Max Memory Allocated: 0.6636261940002441  GigaBytes

----------------------------------------before batch_pred = model(blocks, batch_inputs) 
 Nvidia-smi: 1.9158935546875 GB
    Memory Allocated: 0.1320033073425293  GigaBytes
Max Memory Allocated: 0.6636261940002441  GigaBytes

torch.Size([1211, 1433])
torch.Size([580, 16])
torch.Size([173, 16])
-----------------------------------------batch_pred = model(blocks, batch_inputs) 
 Nvidia-smi: 1.9158935546875 GB
    Memory Allocated: 0.39556121826171875  GigaBytes
Max Memory Allocated: 0.6636261940002441  GigaBytes

----------------------------------------before batch_pred = model(blocks, batch_inputs) 
 Nvidia-smi: 1.9158935546875 GB
    Memory Allocated: 0.13151264190673828  GigaBytes
Max Memory Allocated: 0.6636261940002441  GigaBytes

torch.Size([1120, 1433])
torch.Size([537, 16])
torch.Size([139, 16])
-----------------------------------------batch_pred = model(blocks, batch_inputs) 
 Nvidia-smi: 1.9158935546875 GB
    Memory Allocated: 0.3626441955566406  GigaBytes
Max Memory Allocated: 0.6636261940002441  GigaBytes

----------------------------------------before batch_pred = model(blocks, batch_inputs) 
 Nvidia-smi: 1.9158935546875 GB
    Memory Allocated: 0.13390016555786133  GigaBytes
Max Memory Allocated: 0.6636261940002441  GigaBytes

torch.Size([1564, 1433])
torch.Size([795, 16])
torch.Size([265, 16])
-----------------------------------------batch_pred = model(blocks, batch_inputs) 
 Nvidia-smi: 1.9158935546875 GB
    Memory Allocated: 0.49184322357177734  GigaBytes
Max Memory Allocated: 0.6636261940002441  GigaBytes

----------------------------------------before batch_pred = model(blocks, batch_inputs) 
 Nvidia-smi: 1.9158935546875 GB
    Memory Allocated: 0.13534879684448242  GigaBytes
Max Memory Allocated: 0.6636261940002441  GigaBytes

torch.Size([1832, 1433])
torch.Size([1156, 16])
torch.Size([448, 16])
-----------------------------------------batch_pred = model(blocks, batch_inputs) 
 Nvidia-smi: 1.9158935546875 GB
    Memory Allocated: 0.6182045936584473  GigaBytes
Max Memory Allocated: 0.6636261940002441  GigaBytes

----------------------------------------before batch_pred = model(blocks, batch_inputs) 
 Nvidia-smi: 1.9783935546875 GB
    Memory Allocated: 0.13390111923217773  GigaBytes
Max Memory Allocated: 0.7306394577026367  GigaBytes

torch.Size([1512, 1433])
torch.Size([807, 16])
torch.Size([294, 16])
-----------------------------------------batch_pred = model(blocks, batch_inputs) 
 Nvidia-smi: 1.9783935546875 GB
    Memory Allocated: 0.48958492279052734  GigaBytes
Max Memory Allocated: 0.7306394577026367  GigaBytes

----------------------------------------before batch_pred = model(blocks, batch_inputs) 
 Nvidia-smi: 1.9783935546875 GB
    Memory Allocated: 0.1339116096496582  GigaBytes
Max Memory Allocated: 0.7306394577026367  GigaBytes

torch.Size([1566, 1433])
torch.Size([837, 16])
torch.Size([267, 16])
-----------------------------------------batch_pred = model(blocks, batch_inputs) 
 Nvidia-smi: 1.9783935546875 GB
    Memory Allocated: 0.5037050247192383  GigaBytes
Max Memory Allocated: 0.7306394577026367  GigaBytes

----------------------------------------before batch_pred = model(blocks, batch_inputs) 
 Nvidia-smi: 1.9783935546875 GB
    Memory Allocated: 0.1338963508605957  GigaBytes
Max Memory Allocated: 0.7306394577026367  GigaBytes

torch.Size([1496, 1433])
torch.Size([772, 16])
torch.Size([281, 16])
-----------------------------------------batch_pred = model(blocks, batch_inputs) 
 Nvidia-smi: 1.9783935546875 GB
    Memory Allocated: 0.4609971046447754  GigaBytes
Max Memory Allocated: 0.7306394577026367  GigaBytes

----------------------------------------before batch_pred = model(blocks, batch_inputs) 
 Nvidia-smi: 1.9783935546875 GB
    Memory Allocated: 0.13209199905395508  GigaBytes
Max Memory Allocated: 0.7306394577026367  GigaBytes

torch.Size([1228, 1433])
torch.Size([562, 16])
torch.Size([205, 16])
-----------------------------------------batch_pred = model(blocks, batch_inputs) 
 Nvidia-smi: 1.9783935546875 GB
    Memory Allocated: 0.37685251235961914  GigaBytes
Max Memory Allocated: 0.7306394577026367  GigaBytes

----------------------------------------before batch_pred = model(blocks, batch_inputs) 
 Nvidia-smi: 1.9783935546875 GB
    Memory Allocated: 0.1314868927001953  GigaBytes
Max Memory Allocated: 0.7306394577026367  GigaBytes

torch.Size([1115, 1433])
torch.Size([493, 16])
torch.Size([159, 16])
-----------------------------------------batch_pred = model(blocks, batch_inputs) 
 Nvidia-smi: 1.9783935546875 GB
    Memory Allocated: 0.3645334243774414  GigaBytes
Max Memory Allocated: 0.7306394577026367  GigaBytes

times | data loading | block to device | model prediction | loss calculation | loss backward |  optimizer step |
      |0.056461185216903687 |0.022243469953536987 |0.1594318449497223 |0.00012373924255371094 |0.17596592009067535 |0.01716136932373047 |
----------------------------------------------------------pseudo_mini_loss sum 2.5891823768615723
 Run 0| Epoch 0 |
Number of nodes for computation during this epoch:  38252
Number of first layer input nodes during this epoch:  22304
----------------------------------------before generate_dataloader_block 
 Nvidia-smi: 1.9783935546875 GB
    Memory Allocated: 0.2570333480834961  GigaBytes
Max Memory Allocated: 0.7306394577026367  GigaBytes

The real block id is  3
get_global_graph_edges_ids_block function  spend 0.0005881786346435547
random selection method range initialization spend 0.00015687942504882812
time for parepare:  8.726119995117188e-05
local_output_nid generation:  7.152557373046875e-06
local_in_edges_tensor generation:  0.00019550323486328125
mini_batch_src_global generation:  2.7179718017578125e-05
r_  generation:  8.463859558105469e-05
local_output_nid generation:  5.245208740234375e-06
local_in_edges_tensor generation:  0.00011014938354492188
mini_batch_src_global generation:  1.8358230590820312e-05
r_  generation:  2.9087066650390625e-05
local_output_nid generation:  5.0067901611328125e-06
local_in_edges_tensor generation:  0.0001010894775390625
mini_batch_src_global generation:  1.6689300537109375e-05
r_  generation:  2.4318695068359375e-05
local_output_nid generation:  5.7220458984375e-06
local_in_edges_tensor generation:  9.775161743164062e-05
mini_batch_src_global generation:  2.002716064453125e-05
r_  generation:  3.123283386230469e-05
local_output_nid generation:  4.76837158203125e-06
local_in_edges_tensor generation:  9.894371032714844e-05
mini_batch_src_global generation:  1.621246337890625e-05
r_  generation:  2.5987625122070312e-05
local_output_nid generation:  4.76837158203125e-06
local_in_edges_tensor generation:  9.679794311523438e-05
mini_batch_src_global generation:  1.6689300537109375e-05
r_  generation:  2.2172927856445312e-05
local_output_nid generation:  4.76837158203125e-06
local_in_edges_tensor generation:  9.5367431640625e-05
mini_batch_src_global generation:  1.6450881958007812e-05
r_  generation:  2.6464462280273438e-05
local_output_nid generation:  5.0067901611328125e-06
local_in_edges_tensor generation:  9.751319885253906e-05
mini_batch_src_global generation:  2.0503997802734375e-05
r_  generation:  2.574920654296875e-05
local_output_nid generation:  4.291534423828125e-06
local_in_edges_tensor generation:  9.799003601074219e-05
mini_batch_src_global generation:  2.2172927856445312e-05
r_  generation:  2.9802322387695312e-05
local_output_nid generation:  4.291534423828125e-06
local_in_edges_tensor generation:  9.72747802734375e-05
mini_batch_src_global generation:  1.7404556274414062e-05
r_  generation:  3.0994415283203125e-05
local_output_nid generation:  4.76837158203125e-06
local_in_edges_tensor generation:  9.5367431640625e-05
mini_batch_src_global generation:  1.6450881958007812e-05
r_  generation:  2.47955322265625e-05
local_output_nid generation:  4.5299530029296875e-06
local_in_edges_tensor generation:  9.417533874511719e-05
mini_batch_src_global generation:  1.5974044799804688e-05
r_  generation:  2.09808349609375e-05
local_output_nid generation:  4.76837158203125e-06
local_in_edges_tensor generation:  9.489059448242188e-05
mini_batch_src_global generation:  1.52587890625e-05
r_  generation:  2.193450927734375e-05
local_output_nid generation:  4.291534423828125e-06
local_in_edges_tensor generation:  9.489059448242188e-05
mini_batch_src_global generation:  1.5020370483398438e-05
r_  generation:  2.193450927734375e-05
local_output_nid generation:  4.76837158203125e-06
local_in_edges_tensor generation:  9.751319885253906e-05
mini_batch_src_global generation:  1.621246337890625e-05
r_  generation:  2.574920654296875e-05
local_output_nid generation:  3.814697265625e-06
local_in_edges_tensor generation:  9.393692016601562e-05
mini_batch_src_global generation:  1.5020370483398438e-05
r_  generation:  2.2172927856445312e-05
----------------------check_connections_block total spend ----------------------------- 0.003268003463745117
generate_one_block  0.0012912750244140625
generate_one_block  0.0010578632354736328
generate_one_block  0.0010209083557128906
generate_one_block  0.001302480697631836
generate_one_block  0.0010318756103515625
generate_one_block  0.0010097026824951172
generate_one_block  0.001054525375366211
generate_one_block  0.0010416507720947266
generate_one_block  0.0010221004486083984
generate_one_block  0.0010275840759277344
generate_one_block  0.0010657310485839844
generate_one_block  0.0010116100311279297
generate_one_block  0.0010008811950683594
generate_one_block  0.0010302066802978516
generate_one_block  0.0010256767272949219
generate_one_block  0.0009605884552001953
The real block id is  2
get_global_graph_edges_ids_block function  spend 0.0006241798400878906
gen group dst list time:  9.918212890625e-05
time for parepare:  0.00018548965454101562
local_output_nid generation:  1.1682510375976562e-05
local_in_edges_tensor generation:  0.00023794174194335938
mini_batch_src_global generation:  5.1021575927734375e-05
r_  generation:  0.0002732276916503906
local_output_nid generation:  4.76837158203125e-06
local_in_edges_tensor generation:  0.00011873245239257812
mini_batch_src_global generation:  3.1948089599609375e-05
r_  generation:  7.271766662597656e-05
local_output_nid generation:  5.7220458984375e-06
local_in_edges_tensor generation:  0.00011134147644042969
mini_batch_src_global generation:  2.4080276489257812e-05
r_  generation:  9.274482727050781e-05
local_output_nid generation:  7.62939453125e-06
local_in_edges_tensor generation:  0.00011348724365234375
mini_batch_src_global generation:  3.24249267578125e-05
r_  generation:  0.00016736984252929688
local_output_nid generation:  5.9604644775390625e-06
local_in_edges_tensor generation:  0.00011014938354492188
mini_batch_src_global generation:  3.0279159545898438e-05
r_  generation:  0.0001220703125
local_output_nid generation:  4.76837158203125e-06
local_in_edges_tensor generation:  0.00011110305786132812
mini_batch_src_global generation:  2.7418136596679688e-05
r_  generation:  0.0001010894775390625
local_output_nid generation:  8.344650268554688e-06
local_in_edges_tensor generation:  0.00012421607971191406
mini_batch_src_global generation:  3.123283386230469e-05
r_  generation:  0.00010657310485839844
local_output_nid generation:  5.7220458984375e-06
local_in_edges_tensor generation:  0.00011324882507324219
mini_batch_src_global generation:  2.8371810913085938e-05
r_  generation:  0.0001227855682373047
local_output_nid generation:  6.67572021484375e-06
local_in_edges_tensor generation:  0.00011301040649414062
mini_batch_src_global generation:  2.956390380859375e-05
r_  generation:  0.00015115737915039062
local_output_nid generation:  6.67572021484375e-06
local_in_edges_tensor generation:  0.00011682510375976562
mini_batch_src_global generation:  3.647804260253906e-05
r_  generation:  0.00019478797912597656
local_output_nid generation:  6.198883056640625e-06
local_in_edges_tensor generation:  0.00011420249938964844
mini_batch_src_global generation:  3.218650817871094e-05
r_  generation:  0.00012946128845214844
local_output_nid generation:  4.291534423828125e-06
local_in_edges_tensor generation:  0.0001087188720703125
mini_batch_src_global generation:  2.5510787963867188e-05
r_  generation:  0.00012373924255371094
local_output_nid generation:  5.245208740234375e-06
local_in_edges_tensor generation:  0.0001983642578125
mini_batch_src_global generation:  3.0517578125e-05
r_  generation:  0.00012111663818359375
local_output_nid generation:  5.0067901611328125e-06
local_in_edges_tensor generation:  0.00011944770812988281
mini_batch_src_global generation:  2.5272369384765625e-05
r_  generation:  0.00010800361633300781
local_output_nid generation:  5.4836273193359375e-06
local_in_edges_tensor generation:  0.00011467933654785156
mini_batch_src_global generation:  3.0994415283203125e-05
r_  generation:  0.00014209747314453125
local_output_nid generation:  4.5299530029296875e-06
local_in_edges_tensor generation:  0.0001087188720703125
mini_batch_src_global generation:  2.6226043701171875e-05
r_  generation:  0.00011992454528808594
----------------------check_connections_block total spend ----------------------------- 0.006116151809692383
generate_one_block  0.0013668537139892578
generate_one_block  0.0011012554168701172
generate_one_block  0.001134634017944336
generate_one_block  0.001230001449584961
generate_one_block  0.0011780261993408203
generate_one_block  0.0011434555053710938
generate_one_block  0.0010950565338134766
generate_one_block  0.0011026859283447266
generate_one_block  0.001155853271484375
generate_one_block  0.0012042522430419922
generate_one_block  0.0010993480682373047
generate_one_block  0.0010750293731689453
generate_one_block  0.0011484622955322266
generate_one_block  0.0010831356048583984
generate_one_block  0.0011234283447265625
generate_one_block  0.0011124610900878906
The real block id is  1
get_global_graph_edges_ids_block function  spend 0.0007631778717041016
gen group dst list time:  0.00017976760864257812
time for parepare:  0.00023436546325683594
local_output_nid generation:  5.936622619628906e-05
local_in_edges_tensor generation:  0.00031185150146484375
mini_batch_src_global generation:  0.00011944770812988281
r_  generation:  0.0008368492126464844
local_output_nid generation:  1.7404556274414062e-05
local_in_edges_tensor generation:  0.0001461505889892578
mini_batch_src_global generation:  6.389617919921875e-05
r_  generation:  0.0003032684326171875
local_output_nid generation:  2.288818359375e-05
local_in_edges_tensor generation:  0.00014734268188476562
mini_batch_src_global generation:  5.2928924560546875e-05
r_  generation:  0.00034618377685546875
local_output_nid generation:  3.457069396972656e-05
local_in_edges_tensor generation:  0.00017833709716796875
mini_batch_src_global generation:  7.843971252441406e-05
r_  generation:  0.0006310939788818359
local_output_nid generation:  2.6226043701171875e-05
local_in_edges_tensor generation:  0.00016021728515625
mini_batch_src_global generation:  7.176399230957031e-05
r_  generation:  0.0004949569702148438
local_output_nid generation:  2.0265579223632812e-05
local_in_edges_tensor generation:  0.00014901161193847656
mini_batch_src_global generation:  6.270408630371094e-05
r_  generation:  0.0003871917724609375
local_output_nid generation:  1.7404556274414062e-05
local_in_edges_tensor generation:  0.00014328956604003906
mini_batch_src_global generation:  5.412101745605469e-05
r_  generation:  0.0003066062927246094
local_output_nid generation:  2.384185791015625e-05
local_in_edges_tensor generation:  0.0001430511474609375
mini_batch_src_global generation:  5.698204040527344e-05
r_  generation:  0.0003955364227294922
local_output_nid generation:  2.7894973754882812e-05
local_in_edges_tensor generation:  0.00015926361083984375
mini_batch_src_global generation:  6.604194641113281e-05
r_  generation:  0.000537872314453125
local_output_nid generation:  4.00543212890625e-05
local_in_edges_tensor generation:  0.0001723766326904297
mini_batch_src_global generation:  0.00010204315185546875
r_  generation:  0.0007374286651611328
local_output_nid generation:  2.002716064453125e-05
local_in_edges_tensor generation:  0.0001518726348876953
mini_batch_src_global generation:  8.511543273925781e-05
r_  generation:  0.0004551410675048828
local_output_nid generation:  2.1696090698242188e-05
local_in_edges_tensor generation:  0.0001442432403564453
mini_batch_src_global generation:  6.389617919921875e-05
r_  generation:  0.00039267539978027344
local_output_nid generation:  2.5510787963867188e-05
local_in_edges_tensor generation:  0.00014543533325195312
mini_batch_src_global generation:  6.4849853515625e-05
r_  generation:  0.00042128562927246094
local_output_nid generation:  2.1457672119140625e-05
local_in_edges_tensor generation:  0.00014400482177734375
mini_batch_src_global generation:  6.365776062011719e-05
r_  generation:  0.0004036426544189453
local_output_nid generation:  2.3603439331054688e-05
local_in_edges_tensor generation:  0.00014591217041015625
mini_batch_src_global generation:  6.151199340820312e-05
r_  generation:  0.00047016143798828125
local_output_nid generation:  2.47955322265625e-05
local_in_edges_tensor generation:  0.00015091896057128906
mini_batch_src_global generation:  6.556510925292969e-05
r_  generation:  0.00046324729919433594
----------------------check_connections_block total spend ----------------------------- 0.01455378532409668
generate_one_block  0.002117633819580078
generate_one_block  0.001402139663696289
generate_one_block  0.0014176368713378906
generate_one_block  0.0017604827880859375
generate_one_block  0.0015294551849365234
generate_one_block  0.001409769058227539
generate_one_block  0.0013265609741210938
generate_one_block  0.0014252662658691406
generate_one_block  0.001714944839477539
generate_one_block  0.0018765926361083984
generate_one_block  0.001466989517211914
generate_one_block  0.001447916030883789
generate_one_block  0.0014688968658447266
generate_one_block  0.0014698505401611328
generate_one_block  0.0014791488647460938
generate_one_block  0.0014796257019042969
The real block id is  0
get_global_graph_edges_ids_block function  spend 0.0008082389831542969
gen group dst list time:  0.0003628730773925781
time for parepare:  0.00021004676818847656
local_output_nid generation:  0.00011110305786132812
local_in_edges_tensor generation:  0.0004229545593261719
mini_batch_src_global generation:  0.00021004676818847656
r_  generation:  0.0018470287322998047
local_output_nid generation:  4.935264587402344e-05
local_in_edges_tensor generation:  0.000225067138671875
mini_batch_src_global generation:  0.00012969970703125
r_  generation:  0.0008738040924072266
local_output_nid generation:  5.245208740234375e-05
local_in_edges_tensor generation:  0.0002117156982421875
mini_batch_src_global generation:  0.00010228157043457031
r_  generation:  0.0009770393371582031
local_output_nid generation:  8.034706115722656e-05
local_in_edges_tensor generation:  0.00023412704467773438
mini_batch_src_global generation:  0.00013828277587890625
r_  generation:  0.0014255046844482422
local_output_nid generation:  7.128715515136719e-05
local_in_edges_tensor generation:  0.0002205371856689453
mini_batch_src_global generation:  0.00015211105346679688
r_  generation:  0.0013616085052490234
local_output_nid generation:  5.4836273193359375e-05
local_in_edges_tensor generation:  0.0002048015594482422
mini_batch_src_global generation:  0.00012063980102539062
r_  generation:  0.0009784698486328125
local_output_nid generation:  4.482269287109375e-05
local_in_edges_tensor generation:  0.00018739700317382812
mini_batch_src_global generation:  0.00011110305786132812
r_  generation:  0.0008831024169921875
local_output_nid generation:  5.650520324707031e-05
local_in_edges_tensor generation:  0.00020122528076171875
mini_batch_src_global generation:  0.00014400482177734375
r_  generation:  0.0010361671447753906
local_output_nid generation:  6.532669067382812e-05
local_in_edges_tensor generation:  0.0002129077911376953
mini_batch_src_global generation:  0.00012826919555664062
r_  generation:  0.0012781620025634766
local_output_nid generation:  9.822845458984375e-05
local_in_edges_tensor generation:  0.0002522468566894531
mini_batch_src_global generation:  0.00018525123596191406
r_  generation:  0.001779794692993164
local_output_nid generation:  5.435943603515625e-05
local_in_edges_tensor generation:  0.00020647048950195312
mini_batch_src_global generation:  0.00013947486877441406
r_  generation:  0.0010356903076171875
local_output_nid generation:  7.367134094238281e-05
local_in_edges_tensor generation:  0.00020551681518554688
mini_batch_src_global generation:  0.00012230873107910156
r_  generation:  0.0010547637939453125
local_output_nid generation:  5.91278076171875e-05
local_in_edges_tensor generation:  0.00020766258239746094
mini_batch_src_global generation:  0.00012636184692382812
r_  generation:  0.0010421276092529297
local_output_nid generation:  5.6743621826171875e-05
local_in_edges_tensor generation:  0.00019884109497070312
mini_batch_src_global generation:  0.00011730194091796875
r_  generation:  0.0010368824005126953
local_output_nid generation:  5.7220458984375e-05
local_in_edges_tensor generation:  0.0001919269561767578
mini_batch_src_global generation:  0.00011420249938964844
r_  generation:  0.0010361671447753906
local_output_nid generation:  5.1021575927734375e-05
local_in_edges_tensor generation:  0.00018668174743652344
mini_batch_src_global generation:  0.00010919570922851562
r_  generation:  0.000990152359008789
----------------------check_connections_block total spend ----------------------------- 0.030988693237304688
generate_one_block  0.0032567977905273438
generate_one_block  0.0020685195922851562
generate_one_block  0.002123594284057617
generate_one_block  0.002630472183227539
generate_one_block  0.002516031265258789
generate_one_block  0.00289154052734375
generate_one_block  0.0020360946655273438
generate_one_block  0.0021741390228271484
generate_one_block  0.002470254898071289
generate_one_block  0.0030374526977539062
generate_one_block  0.0022170543670654297
generate_one_block  0.0022478103637695312
generate_one_block  0.002282857894897461
generate_one_block  0.0022766590118408203
generate_one_block  0.002295255661010742
generate_one_block  0.0021805763244628906
-----------------------------------------after block dataloader generation 
 Nvidia-smi: 1.9783935546875 GB
    Memory Allocated: 0.2570333480834961  GigaBytes
Max Memory Allocated: 0.7306394577026367  GigaBytes

connection checking time:  0.05165863037109375
block generation total time  0.08185195922851562
average batch blocks generation time:  0.0051157474517822266
block dataloader generation time/epoch 0.23249435424804688
----------------------------------------before batch_pred = model(blocks, batch_inputs) 
 Nvidia-smi: 1.9783935546875 GB
    Memory Allocated: 0.2607264518737793  GigaBytes
Max Memory Allocated: 0.7306394577026367  GigaBytes

torch.Size([1810, 1433])
torch.Size([1129, 16])
torch.Size([416, 16])
-----------------------------------------batch_pred = model(blocks, batch_inputs) 
 Nvidia-smi: 1.9783935546875 GB
    Memory Allocated: 0.7370972633361816  GigaBytes
Max Memory Allocated: 0.7743439674377441  GigaBytes

----------------------------------------before batch_pred = model(blocks, batch_inputs) 
 Nvidia-smi: 2.1033935546875 GB
    Memory Allocated: 0.25716590881347656  GigaBytes
Max Memory Allocated: 0.8498082160949707  GigaBytes

torch.Size([1150, 1433])
torch.Size([475, 16])
torch.Size([112, 16])
-----------------------------------------batch_pred = model(blocks, batch_inputs) 
 Nvidia-smi: 2.1033935546875 GB
    Memory Allocated: 0.48259878158569336  GigaBytes
Max Memory Allocated: 0.8498082160949707  GigaBytes

----------------------------------------before batch_pred = model(blocks, batch_inputs) 
 Nvidia-smi: 2.1033935546875 GB
    Memory Allocated: 0.2579226493835449  GigaBytes
Max Memory Allocated: 0.8498082160949707  GigaBytes

torch.Size([1291, 1433])
torch.Size([563, 16])
torch.Size([164, 16])
-----------------------------------------batch_pred = model(blocks, batch_inputs) 
 Nvidia-smi: 2.1033935546875 GB
    Memory Allocated: 0.5030717849731445  GigaBytes
Max Memory Allocated: 0.8498082160949707  GigaBytes

----------------------------------------before batch_pred = model(blocks, batch_inputs) 
 Nvidia-smi: 2.1033935546875 GB
    Memory Allocated: 0.259371280670166  GigaBytes
Max Memory Allocated: 0.8498082160949707  GigaBytes

torch.Size([1559, 1433])
torch.Size([842, 16])
torch.Size([311, 16])
-----------------------------------------batch_pred = model(blocks, batch_inputs) 
 Nvidia-smi: 2.1033935546875 GB
    Memory Allocated: 0.6210842132568359  GigaBytes
Max Memory Allocated: 0.8498082160949707  GigaBytes

----------------------------------------before batch_pred = model(blocks, batch_inputs) 
 Nvidia-smi: 2.1033935546875 GB
    Memory Allocated: 0.25934314727783203  GigaBytes
Max Memory Allocated: 0.8498082160949707  GigaBytes

torch.Size([1555, 1433])
torch.Size([778, 16])
torch.Size([246, 16])
-----------------------------------------batch_pred = model(blocks, batch_inputs) 
 Nvidia-smi: 2.1033935546875 GB
    Memory Allocated: 0.5924863815307617  GigaBytes
Max Memory Allocated: 0.8498082160949707  GigaBytes

----------------------------------------before batch_pred = model(blocks, batch_inputs) 
 Nvidia-smi: 2.1033935546875 GB
    Memory Allocated: 0.2574014663696289  GigaBytes
Max Memory Allocated: 0.8498082160949707  GigaBytes

torch.Size([1193, 1433])
torch.Size([536, 16])
torch.Size([177, 16])
-----------------------------------------batch_pred = model(blocks, batch_inputs) 
 Nvidia-smi: 2.1033935546875 GB
    Memory Allocated: 0.5115728378295898  GigaBytes
Max Memory Allocated: 0.8498082160949707  GigaBytes

----------------------------------------before batch_pred = model(blocks, batch_inputs) 
 Nvidia-smi: 2.1033935546875 GB
    Memory Allocated: 0.25725746154785156  GigaBytes
Max Memory Allocated: 0.8498082160949707  GigaBytes

torch.Size([1167, 1433])
torch.Size([470, 16])
torch.Size([148, 16])
-----------------------------------------batch_pred = model(blocks, batch_inputs) 
 Nvidia-smi: 2.1033935546875 GB
    Memory Allocated: 0.48673248291015625  GigaBytes
Max Memory Allocated: 0.8498082160949707  GigaBytes

----------------------------------------before batch_pred = model(blocks, batch_inputs) 
 Nvidia-smi: 2.1033935546875 GB
    Memory Allocated: 0.2579789161682129  GigaBytes
Max Memory Allocated: 0.8498082160949707  GigaBytes

torch.Size([1301, 1433])
torch.Size([598, 16])
torch.Size([216, 16])
-----------------------------------------batch_pred = model(blocks, batch_inputs) 
 Nvidia-smi: 2.1033935546875 GB
    Memory Allocated: 0.5157709121704102  GigaBytes
Max Memory Allocated: 0.8498082160949707  GigaBytes

----------------------------------------before batch_pred = model(blocks, batch_inputs) 
 Nvidia-smi: 2.1033935546875 GB
    Memory Allocated: 0.25858259201049805  GigaBytes
Max Memory Allocated: 0.8498082160949707  GigaBytes

torch.Size([1412, 1433])
torch.Size([749, 16])
torch.Size([268, 16])
-----------------------------------------batch_pred = model(blocks, batch_inputs) 
 Nvidia-smi: 2.1053466796875 GB
    Memory Allocated: 0.5912322998046875  GigaBytes
Max Memory Allocated: 0.8498082160949707  GigaBytes
Using backend: pytorch

----------------------------------------before batch_pred = model(blocks, batch_inputs) 
 Nvidia-smi: 2.1053466796875 GB
    Memory Allocated: 0.26103782653808594  GigaBytes
Max Memory Allocated: 0.8498082160949707  GigaBytes

torch.Size([1869, 1433])
torch.Size([1092, 16])
torch.Size([389, 16])
-----------------------------------------batch_pred = model(blocks, batch_inputs) 
 Nvidia-smi: 2.1092529296875 GB
    Memory Allocated: 0.722602367401123  GigaBytes
Max Memory Allocated: 0.8498082160949707  GigaBytes

----------------------------------------before batch_pred = model(blocks, batch_inputs) 
 Nvidia-smi: 2.1092529296875 GB
    Memory Allocated: 0.25786304473876953  GigaBytes
Max Memory Allocated: 0.8498082160949707  GigaBytes

torch.Size([1279, 1433])
torch.Size([597, 16])
torch.Size([195, 16])
-----------------------------------------batch_pred = model(blocks, batch_inputs) 
 Nvidia-smi: 2.1092529296875 GB
    Memory Allocated: 0.5314764976501465  GigaBytes
Max Memory Allocated: 0.8498082160949707  GigaBytes

----------------------------------------before batch_pred = model(blocks, batch_inputs) 
 Nvidia-smi: 2.1092529296875 GB
    Memory Allocated: 0.25788259506225586  GigaBytes
Max Memory Allocated: 0.8498082160949707  GigaBytes

torch.Size([1283, 1433])
torch.Size([622, 16])
torch.Size([188, 16])
-----------------------------------------batch_pred = model(blocks, batch_inputs) 
 Nvidia-smi: 2.1092529296875 GB
    Memory Allocated: 0.5322890281677246  GigaBytes
Max Memory Allocated: 0.8498082160949707  GigaBytes

----------------------------------------before batch_pred = model(blocks, batch_inputs) 
 Nvidia-smi: 2.1092529296875 GB
    Memory Allocated: 0.2583456039428711  GigaBytes
Max Memory Allocated: 0.8498082160949707  GigaBytes

torch.Size([1369, 1433])
torch.Size([656, 16])
torch.Size([219, 16])
-----------------------------------------batch_pred = model(blocks, batch_inputs) 
 Nvidia-smi: 2.1092529296875 GB
    Memory Allocated: 0.5440959930419922  GigaBytes
Max Memory Allocated: 0.8498082160949707  GigaBytes

----------------------------------------before batch_pred = model(blocks, batch_inputs) 
 Nvidia-smi: 2.1092529296875 GB
    Memory Allocated: 0.25795412063598633  GigaBytes
Max Memory Allocated: 0.8498082160949707  GigaBytes

torch.Size([1296, 1433])
torch.Size([648, 16])
torch.Size([201, 16])
-----------------------------------------batch_pred = model(blocks, batch_inputs) 
 Nvidia-smi: 2.1092529296875 GB
    Memory Allocated: 0.542503833770752  GigaBytes
Max Memory Allocated: 0.8498082160949707  GigaBytes

----------------------------------------before batch_pred = model(blocks, batch_inputs) 
 Nvidia-smi: 2.1092529296875 GB
    Memory Allocated: 0.2583498954772949  GigaBytes
Max Memory Allocated: 0.8498082160949707  GigaBytes

torch.Size([1370, 1433])
torch.Size([657, 16])
torch.Size([211, 16])
-----------------------------------------batch_pred = model(blocks, batch_inputs) 
 Nvidia-smi: 2.1092529296875 GB
    Memory Allocated: 0.5437836647033691  GigaBytes
Max Memory Allocated: 0.8498082160949707  GigaBytes

----------------------------------------before batch_pred = model(blocks, batch_inputs) 
 Nvidia-smi: 2.1092529296875 GB
    Memory Allocated: 0.25795507431030273  GigaBytes
Max Memory Allocated: 0.8498082160949707  GigaBytes

torch.Size([1234, 1433])
torch.Size([581, 16])
torch.Size([224, 16])
-----------------------------------------batch_pred = model(blocks, batch_inputs) 
 Nvidia-smi: 2.1092529296875 GB
    Memory Allocated: 0.5290169715881348  GigaBytes
Max Memory Allocated: 0.8498082160949707  GigaBytes

times | data loading | block to device | model prediction | loss calculation | loss backward |  optimizer step |
      |0.05596710741519928 |0.0005862265825271606 |0.1271592676639557 |0.0001138150691986084 |0.17320014536380768 |0.011045217514038086 |
----------------------------------------------------------pseudo_mini_loss sum 2.2268292903900146
Total (block generation + training)time/epoch 6.020209312438965
Training time/epoch 5.787447690963745
Training time without block to device /epoch 5.7780680656433105
Training time without total dataloading part /epoch 4.81861686706543
load block tensor time/epoch 0.8954737186431885
block to device time/epoch 0.00937962532043457
input features size transfer per epoch 2.1457672119140625e-06
blocks size to device per epoch 1.430511474609375e-06
 Run 0| Epoch 1 |
Number of nodes for computation during this epoch:  37585
Number of first layer input nodes during this epoch:  22138
