main start at this time 1648430957.2017608
-----------------------------------------before load data 
 Nvidia-smi: 0.1717529296875 GB
    Memory Allocated: 0.0  GigaBytes
Max Memory Allocated: 0.0  GigaBytes

  NumNodes: 2708
  NumEdges: 10556
  NumFeats: 1433
  NumClasses: 7
  NumTrainingSamples: 140
  NumValidationSamples: 500
  NumTestSamples: 1000
Done loading data from cached files.
success----------------------------------------
140
500
2068
# Nodes: 2708
# Edges: 10556
# Train: 140
# Val: 500
# Test: 2068
# Classes: 7

in feats:  1433
----------------------------------------before generate_dataloader_block 
 Nvidia-smi: 1.1033935546875 GB
    Memory Allocated: 0.06970787048339844  GigaBytes
Max Memory Allocated: 0.06970787048339844  GigaBytes

The real block id is  2
get_global_graph_edges_ids_block function  spend 0.0018808841705322266
range selection method range initialization spend 0.00015687942504882812
time for parepare:  0.0001442432403564453
local_output_nid generation:  2.5272369384765625e-05
local_in_edges_tensor generation:  0.0003521442413330078
mini_batch_src_global generation:  4.1961669921875e-05
r_  generation:  0.0027399063110351562
local_output_nid generation:  1.8358230590820312e-05
local_in_edges_tensor generation:  0.00021767616271972656
mini_batch_src_global generation:  3.075599670410156e-05
r_  generation:  5.8650970458984375e-05
local_output_nid generation:  1.1205673217773438e-05
local_in_edges_tensor generation:  0.00015664100646972656
mini_batch_src_global generation:  2.3603439331054688e-05
r_  generation:  6.747245788574219e-05
local_output_nid generation:  1.0967254638671875e-05
local_in_edges_tensor generation:  0.0001533031463623047
mini_batch_src_global generation:  2.1457672119140625e-05
r_  generation:  6.222724914550781e-05
local_output_nid generation:  9.775161743164062e-06
local_in_edges_tensor generation:  0.0001537799835205078
mini_batch_src_global generation:  2.2411346435546875e-05
r_  generation:  5.53131103515625e-05
local_output_nid generation:  9.5367431640625e-06
local_in_edges_tensor generation:  0.00015282630920410156
mini_batch_src_global generation:  2.47955322265625e-05
r_  generation:  8.511543273925781e-05
local_output_nid generation:  9.298324584960938e-06
local_in_edges_tensor generation:  0.0001609325408935547
mini_batch_src_global generation:  2.5987625122070312e-05
r_  generation:  7.295608520507812e-05
local_output_nid generation:  7.867813110351562e-06
local_in_edges_tensor generation:  0.00015234947204589844
mini_batch_src_global generation:  2.2172927856445312e-05
r_  generation:  4.9591064453125e-05
----------------------check_connections_block total spend ----------------------------- 0.005736589431762695
generate_one_block  0.0017385482788085938
generate_one_block  0.0015537738800048828
generate_one_block  0.001573324203491211
generate_one_block  0.0015916824340820312
generate_one_block  0.0013971328735351562
generate_one_block  0.0012943744659423828
generate_one_block  0.0012903213500976562
generate_one_block  0.0011658668518066406
The real block id is  1
get_global_graph_edges_ids_block function  spend 0.0006082057952880859
gen group dst list time:  7.653236389160156e-05
time for parepare:  0.0002009868621826172
local_output_nid generation:  1.2636184692382812e-05
local_in_edges_tensor generation:  0.00020742416381835938
mini_batch_src_global generation:  4.76837158203125e-05
r_  generation:  0.0003533363342285156
local_output_nid generation:  1.0251998901367188e-05
local_in_edges_tensor generation:  0.00015020370483398438
mini_batch_src_global generation:  4.935264587402344e-05
r_  generation:  0.0003197193145751953
local_output_nid generation:  1.33514404296875e-05
local_in_edges_tensor generation:  0.0001475811004638672
mini_batch_src_global generation:  5.91278076171875e-05
r_  generation:  0.0003681182861328125
local_output_nid generation:  8.821487426757812e-06
local_in_edges_tensor generation:  0.00014352798461914062
mini_batch_src_global generation:  3.647804260253906e-05
r_  generation:  0.0002014636993408203
local_output_nid generation:  8.821487426757812e-06
local_in_edges_tensor generation:  0.00013780593872070312
mini_batch_src_global generation:  3.6716461181640625e-05
r_  generation:  0.00024199485778808594
local_output_nid generation:  1.5974044799804688e-05
local_in_edges_tensor generation:  0.00014591217041015625
mini_batch_src_global generation:  5.245208740234375e-05
r_  generation:  0.0003848075866699219
local_output_nid generation:  1.2636184692382812e-05
local_in_edges_tensor generation:  0.00014495849609375
mini_batch_src_global generation:  4.982948303222656e-05
r_  generation:  0.0003466606140136719
local_output_nid generation:  7.3909759521484375e-06
local_in_edges_tensor generation:  0.0001380443572998047
mini_batch_src_global generation:  3.719329833984375e-05
r_  generation:  0.0002014636993408203
----------------------check_connections_block total spend ----------------------------- 0.005110740661621094
generate_one_block  0.0016722679138183594
generate_one_block  0.001596689224243164
generate_one_block  0.0017256736755371094
generate_one_block  0.001430511474609375
generate_one_block  0.0014929771423339844
generate_one_block  0.0014870166778564453
generate_one_block  0.0012774467468261719
generate_one_block  0.0011341571807861328
The real block id is  0
get_global_graph_edges_ids_block function  spend 0.0006971359252929688
gen group dst list time:  0.00013899803161621094
time for parepare:  0.00023126602172851562
local_output_nid generation:  6.222724914550781e-05
local_in_edges_tensor generation:  0.0003058910369873047
mini_batch_src_global generation:  0.00017881393432617188
r_  generation:  0.001316070556640625
local_output_nid generation:  5.7697296142578125e-05
local_in_edges_tensor generation:  0.00023126602172851562
mini_batch_src_global generation:  0.0001575946807861328
r_  generation:  0.001216888427734375
local_output_nid generation:  5.555152893066406e-05
local_in_edges_tensor generation:  0.0002238750457763672
mini_batch_src_global generation:  0.0001399517059326172
r_  generation:  0.0012354850769042969
local_output_nid generation:  3.1948089599609375e-05
local_in_edges_tensor generation:  0.00018262863159179688
mini_batch_src_global generation:  9.202957153320312e-05
r_  generation:  0.0006597042083740234
local_output_nid generation:  4.410743713378906e-05
local_in_edges_tensor generation:  0.0001990795135498047
mini_batch_src_global generation:  0.00010609626770019531
r_  generation:  0.000957489013671875
local_output_nid generation:  5.698204040527344e-05
local_in_edges_tensor generation:  0.00021791458129882812
mini_batch_src_global generation:  0.00012993812561035156
r_  generation:  0.0012392997741699219
local_output_nid generation:  5.817413330078125e-05
local_in_edges_tensor generation:  0.00022411346435546875
mini_batch_src_global generation:  0.00014829635620117188
r_  generation:  0.0012311935424804688
local_output_nid generation:  3.719329833984375e-05
local_in_edges_tensor generation:  0.0001900196075439453
mini_batch_src_global generation:  0.00010395050048828125
r_  generation:  0.0007519721984863281
----------------------check_connections_block total spend ----------------------------- 0.014357805252075195
generate_one_block  0.0023250579833984375
generate_one_block  0.002138853073120117
generate_one_block  0.0035789012908935547
generate_one_block  0.0020165443420410156
generate_one_block  0.002417325973510742
generate_one_block  0.0021352767944335938
generate_one_block  0.002046346664428711
generate_one_block  0.0015788078308105469
-----------------------------------------after block dataloader generation 
 Nvidia-smi: 1.1033935546875 GB
    Memory Allocated: 0.06970787048339844  GigaBytes
Max Memory Allocated: 0.06970787048339844  GigaBytes

connection checking time:  0.01946854591369629
block generation total time  0.03005385398864746
average batch blocks generation time:  0.0037567317485809326
----------------------------------------before batch_pred = model(blocks, batch_inputs) 
 Nvidia-smi: 1.1678466796875 GB
    Memory Allocated: 0.07686758041381836  GigaBytes
Max Memory Allocated: 0.07686758041381836  GigaBytes

torch.Size([1335, 1433])
torch.Size([611, 256])
-----------------------------------------batch_pred = model(blocks, batch_inputs) 
 Nvidia-smi: 1.5838623046875 GB
    Memory Allocated: 0.3721613883972168  GigaBytes
Max Memory Allocated: 0.38045310974121094  GigaBytes

----------------------------------------before batch_pred = model(blocks, batch_inputs) 
 Nvidia-smi: 1.7147216796875 GB
    Memory Allocated: 0.14668703079223633  GigaBytes
Max Memory Allocated: 0.4852919578552246  GigaBytes

torch.Size([1258, 1433])
torch.Size([551, 256])
-----------------------------------------batch_pred = model(blocks, batch_inputs) 
 Nvidia-smi: 1.7147216796875 GB
    Memory Allocated: 0.41615962982177734  GigaBytes
Max Memory Allocated: 0.4852919578552246  GigaBytes

----------------------------------------before batch_pred = model(blocks, batch_inputs) 
 Nvidia-smi: 1.7772216796875 GB
    Memory Allocated: 0.14709997177124023  GigaBytes
Max Memory Allocated: 0.5230154991149902  GigaBytes

torch.Size([1274, 1433])
torch.Size([542, 256])
-----------------------------------------batch_pred = model(blocks, batch_inputs) 
 Nvidia-smi: 1.7772216796875 GB
    Memory Allocated: 0.4260745048522949  GigaBytes
Max Memory Allocated: 0.5230154991149902  GigaBytes

----------------------------------------before batch_pred = model(blocks, batch_inputs) 
 Nvidia-smi: 1.7791748046875 GB
    Memory Allocated: 0.14384984970092773  GigaBytes
Max Memory Allocated: 0.5310115814208984  GigaBytes

torch.Size([729, 1433])
torch.Size([272, 256])
-----------------------------------------batch_pred = model(blocks, batch_inputs) 
 Nvidia-smi: 1.7791748046875 GB
    Memory Allocated: 0.27895402908325195  GigaBytes
Max Memory Allocated: 0.5310115814208984  GigaBytes

----------------------------------------before batch_pred = model(blocks, batch_inputs) 
 Nvidia-smi: 1.7791748046875 GB
    Memory Allocated: 0.14622783660888672  GigaBytes
Max Memory Allocated: 0.5310115814208984  GigaBytes

torch.Size([1173, 1433])
torch.Size([403, 256])
-----------------------------------------batch_pred = model(blocks, batch_inputs) 
 Nvidia-smi: 1.7791748046875 GB
    Memory Allocated: 0.36152219772338867  GigaBytes
Max Memory Allocated: 0.5310115814208984  GigaBytes

----------------------------------------before batch_pred = model(blocks, batch_inputs) 
 Nvidia-smi: 1.7791748046875 GB
    Memory Allocated: 0.14697742462158203  GigaBytes
Max Memory Allocated: 0.5310115814208984  GigaBytes

torch.Size([1312, 1433])
torch.Size([536, 256])
-----------------------------------------batch_pred = model(blocks, batch_inputs) 
 Nvidia-smi: 1.7791748046875 GB
    Memory Allocated: 0.41985416412353516  GigaBytes
Max Memory Allocated: 0.5310115814208984  GigaBytes

----------------------------------------before batch_pred = model(blocks, batch_inputs) 
 Nvidia-smi: 1.7791748046875 GB
    Memory Allocated: 0.14694976806640625  GigaBytes
Max Memory Allocated: 0.5310115814208984  GigaBytes

torch.Size([1307, 1433])
torch.Size([558, 256])
-----------------------------------------batch_pred = model(blocks, batch_inputs) 
 Nvidia-smi: 1.7791748046875 GB
    Memory Allocated: 0.42128562927246094  GigaBytes
Max Memory Allocated: 0.5310115814208984  GigaBytes

----------------------------------------before batch_pred = model(blocks, batch_inputs) 
 Nvidia-smi: 1.7791748046875 GB
    Memory Allocated: 0.1451864242553711  GigaBytes
Max Memory Allocated: 0.5310115814208984  GigaBytes

torch.Size([858, 1433])
torch.Size([318, 256])
-----------------------------------------batch_pred = model(blocks, batch_inputs) 
 Nvidia-smi: 1.7791748046875 GB
    Memory Allocated: 0.30455684661865234  GigaBytes
Max Memory Allocated: 0.5310115814208984  GigaBytes

times | data loading | block to device | model prediction | loss calculation | loss backward |  optimizer step |
      |0.05003061890602112 |0.044510215520858765 |0.19967669248580933 |0.00013127923011779785 |0.3282512128353119 |0.01323246955871582 |
----------------------------------------------------------pseudo_mini_loss sum 3.0921149253845215
 Run 0| Epoch 0 |
Number of nodes for computation during this epoch:  13783
Number of first layer input nodes during this epoch:  9246
----------------------------------------before generate_dataloader_block 
 Nvidia-smi: 1.9041748046875 GB
    Memory Allocated: 0.2846193313598633  GigaBytes
Max Memory Allocated: 0.5310115814208984  GigaBytes

The real block id is  2
get_global_graph_edges_ids_block function  spend 0.0005714893341064453
range selection method range initialization spend 8.440017700195312e-05
time for parepare:  8.630752563476562e-05
local_output_nid generation:  1.0967254638671875e-05
local_in_edges_tensor generation:  0.00022649765014648438
mini_batch_src_global generation:  2.5272369384765625e-05
r_  generation:  6.4849853515625e-05
local_output_nid generation:  1.0013580322265625e-05
local_in_edges_tensor generation:  0.00011515617370605469
mini_batch_src_global generation:  2.2411346435546875e-05
r_  generation:  5.698204040527344e-05
local_output_nid generation:  1.0251998901367188e-05
local_in_edges_tensor generation:  0.00010728836059570312
mini_batch_src_global generation:  1.9311904907226562e-05
r_  generation:  4.696846008300781e-05
local_output_nid generation:  6.9141387939453125e-06
local_in_edges_tensor generation:  0.00010609626770019531
mini_batch_src_global generation:  2.002716064453125e-05
r_  generation:  3.7670135498046875e-05
local_output_nid generation:  7.62939453125e-06
local_in_edges_tensor generation:  0.00010585784912109375
mini_batch_src_global generation:  2.0503997802734375e-05
r_  generation:  4.696846008300781e-05
local_output_nid generation:  9.059906005859375e-06
local_in_edges_tensor generation:  0.00010561943054199219
mini_batch_src_global generation:  2.0503997802734375e-05
r_  generation:  4.863739013671875e-05
local_output_nid generation:  7.867813110351562e-06
local_in_edges_tensor generation:  0.00010442733764648438
mini_batch_src_global generation:  1.9788742065429688e-05
r_  generation:  4.124641418457031e-05
local_output_nid generation:  7.152557373046875e-06
local_in_edges_tensor generation:  0.00010371208190917969
mini_batch_src_global generation:  1.8835067749023438e-05
r_  generation:  3.2901763916015625e-05
----------------------check_connections_block total spend ----------------------------- 0.0020754337310791016
generate_one_block  0.0012652873992919922
generate_one_block  0.00112152099609375
generate_one_block  0.0010764598846435547
generate_one_block  0.0010769367218017578
generate_one_block  0.0010859966278076172
generate_one_block  0.001092672348022461
generate_one_block  0.0010755062103271484
generate_one_block  0.0012049674987792969
The real block id is  1
get_global_graph_edges_ids_block function  spend 0.0005388259887695312
gen group dst list time:  6.532669067382812e-05
time for parepare:  0.0002086162567138672
local_output_nid generation:  1.3113021850585938e-05
local_in_edges_tensor generation:  0.00025010108947753906
mini_batch_src_global generation:  4.00543212890625e-05
r_  generation:  0.00024056434631347656
local_output_nid generation:  1.5020370483398438e-05
local_in_edges_tensor generation:  0.00013637542724609375
mini_batch_src_global generation:  5.340576171875e-05
r_  generation:  0.0002963542938232422
local_output_nid generation:  1.0251998901367188e-05
local_in_edges_tensor generation:  0.00013184547424316406
mini_batch_src_global generation:  5.078315734863281e-05
r_  generation:  0.0002665519714355469
local_output_nid generation:  1.0728836059570312e-05
local_in_edges_tensor generation:  0.00013136863708496094
mini_batch_src_global generation:  4.601478576660156e-05
r_  generation:  0.0002472400665283203
local_output_nid generation:  1.3113021850585938e-05
local_in_edges_tensor generation:  0.0001354217529296875
mini_batch_src_global generation:  5.3882598876953125e-05
r_  generation:  0.000335693359375
local_output_nid generation:  1.3113021850585938e-05
local_in_edges_tensor generation:  0.00013971328735351562
mini_batch_src_global generation:  5.53131103515625e-05
r_  generation:  0.0003154277801513672
local_output_nid generation:  1.1682510375976562e-05
local_in_edges_tensor generation:  0.0001475811004638672
mini_batch_src_global generation:  5.412101745605469e-05
r_  generation:  0.000263214111328125
local_output_nid generation:  8.344650268554688e-06
local_in_edges_tensor generation:  0.00012969970703125
mini_batch_src_global generation:  4.363059997558594e-05
r_  generation:  0.0002300739288330078
----------------------check_connections_block total spend ----------------------------- 0.004979848861694336
generate_one_block  0.0013740062713623047
generate_one_block  0.0014052391052246094
generate_one_block  0.0013821125030517578
generate_one_block  0.0013415813446044922
generate_one_block  0.0014750957489013672
generate_one_block  0.0014386177062988281
generate_one_block  0.0013523101806640625
generate_one_block  0.0013420581817626953
The real block id is  0
get_global_graph_edges_ids_block function  spend 0.0007836818695068359
gen group dst list time:  0.00012493133544921875
time for parepare:  0.00023436546325683594
local_output_nid generation:  4.506111145019531e-05
local_in_edges_tensor generation:  0.0003180503845214844
mini_batch_src_global generation:  0.00011157989501953125
r_  generation:  0.0007729530334472656
local_output_nid generation:  4.2438507080078125e-05
local_in_edges_tensor generation:  0.0001914501190185547
mini_batch_src_global generation:  0.00013136863708496094
r_  generation:  0.0008692741394042969
local_output_nid generation:  4.553794860839844e-05
local_in_edges_tensor generation:  0.00019216537475585938
mini_batch_src_global generation:  0.00011754035949707031
r_  generation:  0.0009124279022216797
local_output_nid generation:  3.790855407714844e-05
local_in_edges_tensor generation:  0.000186920166015625
mini_batch_src_global generation:  0.00010633468627929688
r_  generation:  0.0008518695831298828
local_output_nid generation:  5.936622619628906e-05
local_in_edges_tensor generation:  0.0002033710479736328
mini_batch_src_global generation:  0.00013637542724609375
r_  generation:  0.0011379718780517578
local_output_nid generation:  4.863739013671875e-05
local_in_edges_tensor generation:  0.0002067089080810547
mini_batch_src_global generation:  0.00012922286987304688
r_  generation:  0.001020193099975586
local_output_nid generation:  3.647804260253906e-05
local_in_edges_tensor generation:  0.00018072128295898438
mini_batch_src_global generation:  0.00010180473327636719
r_  generation:  0.0007853507995605469
local_output_nid generation:  4.38690185546875e-05
local_in_edges_tensor generation:  0.00018453598022460938
mini_batch_src_global generation:  0.0001049041748046875
r_  generation:  0.0008955001831054688
----------------------check_connections_block total spend ----------------------------- 0.012547969818115234
generate_one_block  0.002088785171508789
generate_one_block  0.0019998550415039062
generate_one_block  0.001993894577026367
generate_one_block  0.0020678043365478516
generate_one_block  0.0022449493408203125
generate_one_block  0.0021491050720214844
generate_one_block  0.0018222332000732422
generate_one_block  0.0019817352294921875
-----------------------------------------after block dataloader generation 
 Nvidia-smi: 1.9041748046875 GB
    Memory Allocated: 0.2846193313598633  GigaBytes
Max Memory Allocated: 0.5310115814208984  GigaBytes

connection checking time:  0.01752781867980957
block generation total time  0.027459383010864258
average batch blocks generation time:  0.0034324228763580322
block dataloader generation time/epoch 0.10131597518920898
----------------------------------------before batch_pred = model(blocks, batch_inputs) 
 Nvidia-smi: 1.9041748046875 GB
    Memory Allocated: 0.2849459648132324  GigaBytes
Max Memory Allocated: 0.5310115814208984  GigaBytes

torch.Size([1027, 1433])
torch.Size([385, 256])
-----------------------------------------batch_pred = model(blocks, batch_inputs) 
 Nvidia-smi: 1.9041748046875 GB
    Memory Allocated: 0.48822784423828125  GigaBytes
Max Memory Allocated: 0.5310115814208984  GigaBytes

----------------------------------------before batch_pred = model(blocks, batch_inputs) 
 Nvidia-smi: 1.9041748046875 GB
    Memory Allocated: 0.2856626510620117  GigaBytes
Max Memory Allocated: 0.5995564460754395  GigaBytes

torch.Size([1178, 1433])
torch.Size([461, 256])
-----------------------------------------batch_pred = model(blocks, batch_inputs) 
 Nvidia-smi: 1.9041748046875 GB
    Memory Allocated: 0.513401985168457  GigaBytes
Max Memory Allocated: 0.5995564460754395  GigaBytes

----------------------------------------before batch_pred = model(blocks, batch_inputs) 
 Nvidia-smi: 1.9041748046875 GB
    Memory Allocated: 0.2855672836303711  GigaBytes
Max Memory Allocated: 0.6210184097290039  GigaBytes

torch.Size([1160, 1433])
torch.Size([492, 256])
-----------------------------------------batch_pred = model(blocks, batch_inputs) 
 Nvidia-smi: 1.9041748046875 GB
    Memory Allocated: 0.5229959487915039  GigaBytes
Max Memory Allocated: 0.6210184097290039  GigaBytes

----------------------------------------before batch_pred = model(blocks, batch_inputs) 
 Nvidia-smi: 1.9041748046875 GB
    Memory Allocated: 0.2856616973876953  GigaBytes
Max Memory Allocated: 0.631777286529541  GigaBytes

torch.Size([1156, 1433])
torch.Size([425, 256])
-----------------------------------------batch_pred = model(blocks, batch_inputs) 
 Nvidia-smi: 1.9041748046875 GB
    Memory Allocated: 0.5094046592712402  GigaBytes
Max Memory Allocated: 0.631777286529541  GigaBytes

----------------------------------------before batch_pred = model(blocks, batch_inputs) 
 Nvidia-smi: 1.9041748046875 GB
    Memory Allocated: 0.286679744720459  GigaBytes
Max Memory Allocated: 0.631777286529541  GigaBytes

torch.Size([1367, 1433])
torch.Size([602, 256])
-----------------------------------------batch_pred = model(blocks, batch_inputs) 
 Nvidia-smi: 1.9061279296875 GB
    Memory Allocated: 0.5929183959960938  GigaBytes
Max Memory Allocated: 0.631777286529541  GigaBytes

----------------------------------------before batch_pred = model(blocks, batch_inputs) 
 Nvidia-smi: 1.9412841796875 GB
    Memory Allocated: 0.2863612174987793  GigaBytes
Max Memory Allocated: 0.6965522766113281  GigaBytes

torch.Size([1308, 1433])
torch.Size([535, 256])
-----------------------------------------batch_pred = model(blocks, batch_inputs) 
 Nvidia-smi: 1.9412841796875 GB
    Memory Allocated: 0.5555510520935059  GigaBytes
Max Memory Allocated: 0.6965522766113281  GigaBytes

----------------------------------------before batch_pred = model(blocks, batch_inputs) 
 Nvidia-smi: 1.9412841796875 GB
    Memory Allocated: 0.28459835052490234  GigaBytes
Max Memory Allocated: 0.6965522766113281  GigaBytes

torch.Size([966, 1433])
torch.Size([390, 256])
-----------------------------------------batch_pred = model(blocks, batch_inputs) 
 Nvidia-smi: 1.9412841796875 GB
    Memory Allocated: 0.48810815811157227  GigaBytes
Max Memory Allocated: 0.6965522766113281  GigaBytes

----------------------------------------before batch_pred = model(blocks, batch_inputs) 
 Nvidia-smi: 1.9412841796875 GB
    Memory Allocated: 0.28572654724121094  GigaBytes
Max Memory Allocated: 0.6965522766113281  GigaBytes

torch.Size([1190, 1433])
torch.Size([454, 256])
-----------------------------------------batch_pred = model(blocks, batch_inputs) 
 Nvidia-smi: 1.9412841796875 GB
    Memory Allocated: 0.5212559700012207  GigaBytes
Max Memory Allocated: 0.6965522766113281  GigaBytes

times | data loading | block to device | model prediction | loss calculation | loss backward |  optimizer step |
      |0.05074721574783325 |0.0004920065402984619 |0.14321914315223694 |0.00011879205703735352 |0.3352542817592621 |0.007539510726928711 |
----------------------------------------------------------pseudo_mini_loss sum 2.768960952758789
Total (block generation + training)time/epoch 4.405297517776489
Training time/epoch 4.303677797317505
Training time without block to device /epoch 4.299741744995117
Training time without total dataloading part /epoch 3.8362772464752197
load block tensor time/epoch 0.405977725982666
block to device time/epoch 0.003936052322387695
input features size transfer per epoch 1.0728836059570312e-06Using backend: pytorch

blocks size to device per epoch 7.152557373046875e-07
 Run 0| Epoch 1 |
Number of nodes for computation during this epoch:  13860
Number of first layer input nodes during this epoch:  9352
