main start at this time 1648430898.469486
-----------------------------------------before load data 
 Nvidia-smi: 0.1717529296875 GB
    Memory Allocated: 0.0  GigaBytes
Max Memory Allocated: 0.0  GigaBytes

  NumNodes: 2708
  NumEdges: 10556
  NumFeats: 1433
  NumClasses: 7
  NumTrainingSamples: 140
  NumValidationSamples: 500
  NumTestSamples: 1000
Done loading data from cached files.
success----------------------------------------
140
500
2068
# Nodes: 2708
# Edges: 10556
# Train: 140
# Val: 500
# Test: 2068
# Classes: 7

in feats:  1433
----------------------------------------before generate_dataloader_block 
 Nvidia-smi: 1.1033935546875 GB
    Memory Allocated: 0.06970787048339844  GigaBytes
Max Memory Allocated: 0.06970787048339844  GigaBytes

The real block id is  2
get_global_graph_edges_ids_block function  spend 0.0014276504516601562
range selection method range initialization spend 0.00010633468627929688
time for parepare:  6.318092346191406e-05
local_output_nid generation:  3.457069396972656e-05
local_in_edges_tensor generation:  0.0001919269561767578
mini_batch_src_global generation:  2.4080276489257812e-05
r_  generation:  0.0022373199462890625
local_output_nid generation:  8.106231689453125e-06
local_in_edges_tensor generation:  0.00012946128845214844
mini_batch_src_global generation:  2.5510787963867188e-05
r_  generation:  4.2438507080078125e-05
local_output_nid generation:  8.58306884765625e-06
local_in_edges_tensor generation:  0.00011491775512695312
mini_batch_src_global generation:  1.8596649169921875e-05
r_  generation:  4.8160552978515625e-05
local_output_nid generation:  6.9141387939453125e-06
local_in_edges_tensor generation:  0.00010061264038085938
mini_batch_src_global generation:  1.6450881958007812e-05
r_  generation:  4.220008850097656e-05
local_output_nid generation:  5.7220458984375e-06
local_in_edges_tensor generation:  0.00010204315185546875
mini_batch_src_global generation:  1.6450881958007812e-05
r_  generation:  3.790855407714844e-05
local_output_nid generation:  5.7220458984375e-06
local_in_edges_tensor generation:  9.894371032714844e-05
mini_batch_src_global generation:  1.811981201171875e-05
r_  generation:  5.555152893066406e-05
local_output_nid generation:  5.245208740234375e-06
local_in_edges_tensor generation:  0.00010013580322265625
mini_batch_src_global generation:  1.6927719116210938e-05
r_  generation:  4.76837158203125e-05
local_output_nid generation:  4.76837158203125e-06
local_in_edges_tensor generation:  9.822845458984375e-05
mini_batch_src_global generation:  1.5735626220703125e-05
r_  generation:  3.2901763916015625e-05
----------------------check_connections_block total spend ----------------------------- 0.0041735172271728516
generate_one_block  0.0013988018035888672
generate_one_block  0.0010478496551513672
generate_one_block  0.0010960102081298828
generate_one_block  0.001069784164428711
generate_one_block  0.0010175704956054688
generate_one_block  0.0010797977447509766
generate_one_block  0.0010569095611572266
generate_one_block  0.0010135173797607422
The real block id is  1
get_global_graph_edges_ids_block function  spend 0.0005190372467041016
gen group dst list time:  5.745887756347656e-05
time for parepare:  0.00014519691467285156
local_output_nid generation:  9.059906005859375e-06
local_in_edges_tensor generation:  0.00020051002502441406
mini_batch_src_global generation:  4.029273986816406e-05
r_  generation:  0.0002799034118652344
local_output_nid generation:  1.0013580322265625e-05
local_in_edges_tensor generation:  0.00012493133544921875
mini_batch_src_global generation:  4.076957702636719e-05
r_  generation:  0.00025343894958496094
local_output_nid generation:  1.1682510375976562e-05
local_in_edges_tensor generation:  0.0001251697540283203
mini_batch_src_global generation:  4.315376281738281e-05
r_  generation:  0.0002911090850830078
local_output_nid generation:  6.9141387939453125e-06
local_in_edges_tensor generation:  0.00011658668518066406
mini_batch_src_global generation:  3.24249267578125e-05
r_  generation:  0.00016617774963378906
local_output_nid generation:  8.106231689453125e-06
local_in_edges_tensor generation:  0.00011467933654785156
mini_batch_src_global generation:  3.170967102050781e-05
r_  generation:  0.00019359588623046875
local_output_nid generation:  1.3589859008789062e-05
local_in_edges_tensor generation:  0.00012230873107910156
mini_batch_src_global generation:  4.1961669921875e-05
r_  generation:  0.0003018379211425781
local_output_nid generation:  1.0013580322265625e-05
local_in_edges_tensor generation:  0.0001227855682373047
mini_batch_src_global generation:  4.1484832763671875e-05
r_  generation:  0.00027871131896972656
local_output_nid generation:  6.9141387939453125e-06
local_in_edges_tensor generation:  0.00011587142944335938
mini_batch_src_global generation:  3.218650817871094e-05
r_  generation:  0.0001628398895263672
----------------------check_connections_block total spend ----------------------------- 0.004157304763793945
generate_one_block  0.0013704299926757812
generate_one_block  0.0013093948364257812
generate_one_block  0.0014142990112304688
generate_one_block  0.0011641979217529297
generate_one_block  0.0012242794036865234
generate_one_block  0.0013887882232666016
generate_one_block  0.001369476318359375
generate_one_block  0.0011813640594482422
The real block id is  0
get_global_graph_edges_ids_block function  spend 0.0007004737854003906
gen group dst list time:  0.00011420249938964844
time for parepare:  0.0001735687255859375
local_output_nid generation:  4.744529724121094e-05
local_in_edges_tensor generation:  0.0003216266632080078
mini_batch_src_global generation:  0.00012421607971191406
r_  generation:  0.0009732246398925781
local_output_nid generation:  4.291534423828125e-05
local_in_edges_tensor generation:  0.00018525123596191406
mini_batch_src_global generation:  0.00010728836059570312
r_  generation:  0.0009121894836425781
local_output_nid generation:  4.2438507080078125e-05
local_in_edges_tensor generation:  0.00018167495727539062
mini_batch_src_global generation:  0.00010633468627929688
r_  generation:  0.0009775161743164062
local_output_nid generation:  2.4080276489257812e-05
local_in_edges_tensor generation:  0.00016450881958007812
mini_batch_src_global generation:  7.176399230957031e-05
r_  generation:  0.00046825408935546875
local_output_nid generation:  3.528594970703125e-05
local_in_edges_tensor generation:  0.00016307830810546875
mini_batch_src_global generation:  7.724761962890625e-05
r_  generation:  0.0007200241088867188
local_output_nid generation:  4.220008850097656e-05
local_in_edges_tensor generation:  0.00017595291137695312
mini_batch_src_global generation:  9.584426879882812e-05
r_  generation:  0.0009431838989257812
local_output_nid generation:  4.410743713378906e-05
local_in_edges_tensor generation:  0.00018358230590820312
mini_batch_src_global generation:  0.00010538101196289062
r_  generation:  0.0009183883666992188
local_output_nid generation:  2.6941299438476562e-05
local_in_edges_tensor generation:  0.00015425682067871094
mini_batch_src_global generation:  7.748603820800781e-05
r_  generation:  0.0005562305450439453
----------------------check_connections_block total spend ----------------------------- 0.011023521423339844
generate_one_block  0.00226593017578125
generate_one_block  0.0021309852600097656
generate_one_block  0.0020339488983154297
generate_one_block  0.0014488697052001953
generate_one_block  0.0018033981323242188
generate_one_block  0.0019915103912353516
generate_one_block  0.0020258426666259766
generate_one_block  0.001577615737915039
-----------------------------------------after block dataloader generation 
 Nvidia-smi: 1.1033935546875 GB
    Memory Allocated: 0.06970787048339844  GigaBytes
Max Memory Allocated: 0.06970787048339844  GigaBytes

connection checking time:  0.015180826187133789
block generation total time  0.02570033073425293
average batch blocks generation time:  0.003212541341781616
----------------------------------------before batch_pred = model(blocks, batch_inputs) 
 Nvidia-smi: 1.1678466796875 GB
    Memory Allocated: 0.07690954208374023  GigaBytes
Max Memory Allocated: 0.07690954208374023  GigaBytes

torch.Size([1343, 1433])
torch.Size([611, 256])
-----------------------------------------batch_pred = model(blocks, batch_inputs) 
 Nvidia-smi: 1.5721435546875 GB
    Memory Allocated: 0.3585357666015625  GigaBytes
Max Memory Allocated: 0.3668179512023926  GigaBytes

----------------------------------------before batch_pred = model(blocks, batch_inputs) 
 Nvidia-smi: 1.7010498046875 GB
    Memory Allocated: 0.14678239822387695  GigaBytes
Max Memory Allocated: 0.4706840515136719  GigaBytes

torch.Size([1276, 1433])
torch.Size([551, 256])
-----------------------------------------batch_pred = model(blocks, batch_inputs) 
 Nvidia-smi: 1.7010498046875 GB
    Memory Allocated: 0.4048590660095215  GigaBytes
Max Memory Allocated: 0.4706840515136719  GigaBytes

----------------------------------------before batch_pred = model(blocks, batch_inputs) 
 Nvidia-smi: 1.7635498046875 GB
    Memory Allocated: 0.1471419334411621  GigaBytes
Max Memory Allocated: 0.5113205909729004  GigaBytes

torch.Size([1262, 1433])
torch.Size([543, 256])
-----------------------------------------batch_pred = model(blocks, batch_inputs) 
 Nvidia-smi: 1.7635498046875 GB
    Memory Allocated: 0.4184904098510742  GigaBytes
Max Memory Allocated: 0.5113205909729004  GigaBytes

----------------------------------------before batch_pred = model(blocks, batch_inputs) 
 Nvidia-smi: 1.7635498046875 GB
    Memory Allocated: 0.14354467391967773  GigaBytes
Max Memory Allocated: 0.522313117980957  GigaBytes

torch.Size([672, 1433])
torch.Size([272, 256])
-----------------------------------------batch_pred = model(blocks, batch_inputs) 
 Nvidia-smi: 1.7635498046875 GB
    Memory Allocated: 0.26831865310668945  GigaBytes
Max Memory Allocated: 0.522313117980957  GigaBytes

----------------------------------------before batch_pred = model(blocks, batch_inputs) 
 Nvidia-smi: 1.7635498046875 GB
    Memory Allocated: 0.14600515365600586  GigaBytes
Max Memory Allocated: 0.522313117980957  GigaBytes

torch.Size([1129, 1433])
torch.Size([406, 256])
-----------------------------------------batch_pred = model(blocks, batch_inputs) 
 Nvidia-smi: 1.7635498046875 GB
    Memory Allocated: 0.3505692481994629  GigaBytes
Max Memory Allocated: 0.522313117980957  GigaBytes

----------------------------------------before batch_pred = model(blocks, batch_inputs) 
 Nvidia-smi: 1.7635498046875 GB
    Memory Allocated: 0.14685344696044922  GigaBytes
Max Memory Allocated: 0.522313117980957  GigaBytes

torch.Size([1289, 1433])
torch.Size([537, 256])
-----------------------------------------batch_pred = model(blocks, batch_inputs) 
 Nvidia-smi: 1.7635498046875 GB
    Memory Allocated: 0.4080467224121094  GigaBytes
Max Memory Allocated: 0.522313117980957  GigaBytes

----------------------------------------before batch_pred = model(blocks, batch_inputs) 
 Nvidia-smi: 1.7635498046875 GB
    Memory Allocated: 0.1470179557800293  GigaBytes
Max Memory Allocated: 0.522313117980957  GigaBytes

torch.Size([1320, 1433])
torch.Size([557, 256])
-----------------------------------------batch_pred = model(blocks, batch_inputs) 
 Nvidia-smi: 1.7635498046875 GB
    Memory Allocated: 0.4116082191467285  GigaBytes
Max Memory Allocated: 0.522313117980957  GigaBytes

----------------------------------------before batch_pred = model(blocks, batch_inputs) 
 Nvidia-smi: 1.7635498046875 GB
    Memory Allocated: 0.14449787139892578  GigaBytes
Max Memory Allocated: 0.522313117980957  GigaBytes

torch.Size([850, 1433])
torch.Size([317, 256])
-----------------------------------------batch_pred = model(blocks, batch_inputs) 
 Nvidia-smi: 1.7635498046875 GB
    Memory Allocated: 0.29609012603759766  GigaBytes
Max Memory Allocated: 0.522313117980957  GigaBytes

times | data loading | block to device | model prediction | loss calculation | loss backward |  optimizer step |
      |0.05136072635650635 |0.04287192225456238 |0.1610560417175293 |0.00012353062629699707 |0.18037202954292297 |0.013470172882080078 |
----------------------------------------------------------pseudo_mini_loss sum 3.0850772857666016
 Run 0| Epoch 0 |
Number of nodes for computation during this epoch:  13681
Number of first layer input nodes during this epoch:  9141
----------------------------------------before generate_dataloader_block 
 Nvidia-smi: 1.8885498046875 GB
    Memory Allocated: 0.28445959091186523  GigaBytes
Max Memory Allocated: 0.522313117980957  GigaBytes

The real block id is  2
get_global_graph_edges_ids_block function  spend 0.0005083084106445312
range selection method range initialization spend 6.341934204101562e-05
time for parepare:  7.772445678710938e-05
local_output_nid generation:  9.059906005859375e-06
local_in_edges_tensor generation:  0.00018930435180664062
mini_batch_src_global generation:  2.4557113647460938e-05
r_  generation:  4.458427429199219e-05
local_output_nid generation:  7.867813110351562e-06
local_in_edges_tensor generation:  0.00010895729064941406
mini_batch_src_global generation:  2.002716064453125e-05
r_  generation:  5.245208740234375e-05
local_output_nid generation:  7.867813110351562e-06
local_in_edges_tensor generation:  0.00010418891906738281
mini_batch_src_global generation:  1.8358230590820312e-05
r_  generation:  4.029273986816406e-05
local_output_nid generation:  5.9604644775390625e-06
local_in_edges_tensor generation:  0.00010204315185546875
mini_batch_src_global generation:  1.9788742065429688e-05
r_  generation:  3.600120544433594e-05
local_output_nid generation:  6.67572021484375e-06
local_in_edges_tensor generation:  0.00010037422180175781
mini_batch_src_global generation:  1.7642974853515625e-05
r_  generation:  4.5299530029296875e-05
local_output_nid generation:  6.67572021484375e-06
local_in_edges_tensor generation:  9.846687316894531e-05
mini_batch_src_global generation:  1.9073486328125e-05
r_  generation:  4.553794860839844e-05
local_output_nid generation:  6.4373016357421875e-06
local_in_edges_tensor generation:  0.00010061264038085938
mini_batch_src_global generation:  1.8596649169921875e-05
r_  generation:  3.886222839355469e-05
local_output_nid generation:  5.7220458984375e-06
local_in_edges_tensor generation:  0.00011038780212402344
mini_batch_src_global generation:  1.9550323486328125e-05
r_  generation:  3.218650817871094e-05
----------------------check_connections_block total spend ----------------------------- 0.0019190311431884766
generate_one_block  0.0012292861938476562
generate_one_block  0.0011241436004638672
generate_one_block  0.0010864734649658203
generate_one_block  0.0010921955108642578
generate_one_block  0.0011014938354492188
generate_one_block  0.0010731220245361328
generate_one_block  0.0010406970977783203
generate_one_block  0.0010209083557128906
The real block id is  1
get_global_graph_edges_ids_block function  spend 0.0005147457122802734
gen group dst list time:  6.031990051269531e-05
time for parepare:  0.00017309188842773438
local_output_nid generation:  9.5367431640625e-06
local_in_edges_tensor generation:  0.00019168853759765625
mini_batch_src_global generation:  3.504753112792969e-05
r_  generation:  0.00021910667419433594
local_output_nid generation:  1.52587890625e-05
local_in_edges_tensor generation:  0.00013256072998046875
mini_batch_src_global generation:  4.673004150390625e-05
r_  generation:  0.00027561187744140625
local_output_nid generation:  8.106231689453125e-06
local_in_edges_tensor generation:  0.0002586841583251953
mini_batch_src_global generation:  4.553794860839844e-05
r_  generation:  0.00024628639221191406
local_output_nid generation:  1.049041748046875e-05
local_in_edges_tensor generation:  0.0001323223114013672
mini_batch_src_global generation:  3.9577484130859375e-05
r_  generation:  0.00022649765014648438
local_output_nid generation:  1.1920928955078125e-05
local_in_edges_tensor generation:  0.00012946128845214844
mini_batch_src_global generation:  4.887580871582031e-05
r_  generation:  0.00030994415283203125
local_output_nid generation:  1.33514404296875e-05
local_in_edges_tensor generation:  0.0001308917999267578
mini_batch_src_global generation:  4.673004150390625e-05
r_  generation:  0.0002949237823486328
local_output_nid generation:  9.5367431640625e-06
local_in_edges_tensor generation:  0.00012636184692382812
mini_batch_src_global generation:  4.887580871582031e-05
r_  generation:  0.00024580955505371094
local_output_nid generation:  8.344650268554688e-06
local_in_edges_tensor generation:  0.00013065338134765625
mini_batch_src_global generation:  4.458427429199219e-05
r_  generation:  0.00021457672119140625
----------------------check_connections_block total spend ----------------------------- 0.004706144332885742
generate_one_block  0.0013070106506347656
generate_one_block  0.0013365745544433594
generate_one_block  0.0013217926025390625
generate_one_block  0.0012907981872558594
generate_one_block  0.0014138221740722656
generate_one_block  0.0013737678527832031
generate_one_block  0.001285552978515625
generate_one_block  0.0012726783752441406
The real block id is  0
get_global_graph_edges_ids_block function  spend 0.0007092952728271484
gen group dst list time:  0.00011658668518066406
time for parepare:  0.00020575523376464844
local_output_nid generation:  4.5299530029296875e-05
local_in_edges_tensor generation:  0.0002541542053222656
mini_batch_src_global generation:  9.202957153320312e-05
r_  generation:  0.0006968975067138672
local_output_nid generation:  4.124641418457031e-05
local_in_edges_tensor generation:  0.000179290771484375
mini_batch_src_global generation:  0.00011873245239257812
r_  generation:  0.0008046627044677734
local_output_nid generation:  4.363059997558594e-05
local_in_edges_tensor generation:  0.00018286705017089844
mini_batch_src_global generation:  0.00010085105895996094
r_  generation:  0.0007810592651367188
local_output_nid generation:  4.601478576660156e-05
local_in_edges_tensor generation:  0.00017833709716796875
mini_batch_src_global generation:  9.322166442871094e-05
r_  generation:  0.0007584095001220703
local_output_nid generation:  5.5789947509765625e-05
local_in_edges_tensor generation:  0.00019121170043945312
mini_batch_src_global generation:  0.00011944770812988281
r_  generation:  0.0010242462158203125
local_output_nid generation:  4.649162292480469e-05
local_in_edges_tensor generation:  0.00018548965454101562
mini_batch_src_global generation:  0.00010609626770019531
r_  generation:  0.0009138584136962891
local_output_nid generation:  3.457069396972656e-05
local_in_edges_tensor generation:  0.0001723766326904297
mini_batch_src_global generation:  9.822845458984375e-05
r_  generation:  0.0006988048553466797
local_output_nid generation:  4.0531158447265625e-05
local_in_edges_tensor generation:  0.00017404556274414062
mini_batch_src_global generation:  9.608268737792969e-05
r_  generation:  0.0007798671722412109
----------------------check_connections_block total spend ----------------------------- 0.011267423629760742
generate_one_block  0.0019309520721435547
generate_one_block  0.001965761184692383
generate_one_block  0.0019350051879882812
generate_one_block  0.0018875598907470703
generate_one_block  0.002307415008544922
generate_one_block  0.0020503997802734375
generate_one_block  0.0017859935760498047
generate_one_block  0.0019142627716064453
-----------------------------------------after block dataloader generation 
 Nvidia-smi: 1.8885498046875 GB
    Memory Allocated: 0.28445959091186523  GigaBytes
Max Memory Allocated: 0.522313117980957  GigaBytes

connection checking time:  0.015973567962646484
block generation total time  0.02637934684753418
average batch blocks generation time:  0.0032974183559417725
block dataloader generation time/epoch 0.0868220329284668
----------------------------------------before batch_pred = model(blocks, batch_inputs) 
 Nvidia-smi: 1.8885498046875 GB
    Memory Allocated: 0.28528451919555664  GigaBytes
Max Memory Allocated: 0.522313117980957  GigaBytes

torch.Size([1009, 1433])
torch.Size([387, 256])
-----------------------------------------batch_pred = model(blocks, batch_inputs) 
 Nvidia-smi: 1.8885498046875 GB
    Memory Allocated: 0.4794631004333496  GigaBytes
Max Memory Allocated: 0.522313117980957  GigaBytes

----------------------------------------before batch_pred = model(blocks, batch_inputs) 
 Nvidia-smi: 1.8885498046875 GB
    Memory Allocated: 0.28588056564331055  GigaBytes
Max Memory Allocated: 0.5897941589355469  GigaBytes

torch.Size([1120, 1433])
torch.Size([466, 256])
-----------------------------------------batch_pred = model(blocks, batch_inputs) 
 Nvidia-smi: 1.8885498046875 GB
    Memory Allocated: 0.5042872428894043  GigaBytes
Max Memory Allocated: 0.5897941589355469  GigaBytes

----------------------------------------before batch_pred = model(blocks, batch_inputs) 
 Nvidia-smi: 1.8885498046875 GB
    Memory Allocated: 0.28578996658325195  GigaBytes
Max Memory Allocated: 0.6111245155334473  GigaBytes

torch.Size([1103, 1433])
torch.Size([489, 256])
-----------------------------------------batch_pred = model(blocks, batch_inputs) 
 Nvidia-smi: 1.8885498046875 GB
    Memory Allocated: 0.5032167434692383  GigaBytes
Max Memory Allocated: 0.6111245155334473  GigaBytes

----------------------------------------before batch_pred = model(blocks, batch_inputs) 
 Nvidia-smi: 1.8885498046875 GB
    Memory Allocated: 0.28587961196899414  GigaBytes
Max Memory Allocated: 0.6113033294677734  GigaBytes

torch.Size([1085, 1433])
torch.Size([430, 256])
-----------------------------------------batch_pred = model(blocks, batch_inputs) 
 Nvidia-smi: 1.8885498046875 GB
    Memory Allocated: 0.49509477615356445  GigaBytes
Max Memory Allocated: 0.6113033294677734  GigaBytes

----------------------------------------before batch_pred = model(blocks, batch_inputs) 
 Nvidia-smi: 1.8885498046875 GB
    Memory Allocated: 0.2869997024536133  GigaBytes
Max Memory Allocated: 0.6113033294677734  GigaBytes

torch.Size([1328, 1433])
torch.Size([607, 256])
-----------------------------------------batch_pred = model(blocks, batch_inputs) 
 Nvidia-smi: 1.8885498046875 GB
    Memory Allocated: 0.5799241065979004  GigaBytes
Max Memory Allocated: 0.6113033294677734  GigaBytes

----------------------------------------before batch_pred = model(blocks, batch_inputs) 
 Nvidia-smi: 1.9237060546875 GB
    Memory Allocated: 0.28649330139160156  GigaBytes
Max Memory Allocated: 0.6822872161865234  GigaBytes

torch.Size([1234, 1433])
torch.Size([534, 256])
-----------------------------------------batch_pred = model(blocks, batch_inputs) 
 Nvidia-smi: 1.9237060546875 GB
    Memory Allocated: 0.5374436378479004  GigaBytes
Max Memory Allocated: 0.6822872161865234  GigaBytes

----------------------------------------before batch_pred = model(blocks, batch_inputs) 
 Nvidia-smi: 1.9237060546875 GB
    Memory Allocated: 0.28480052947998047  GigaBytes
Max Memory Allocated: 0.6822872161865234  GigaBytes

torch.Size([918, 1433])
torch.Size([391, 256])
-----------------------------------------batch_pred = model(blocks, batch_inputs) 
 Nvidia-smi: 1.9237060546875 GB
    Memory Allocated: 0.4765439033508301  GigaBytes
Max Memory Allocated: 0.6822872161865234  GigaBytes

----------------------------------------before batch_pred = model(blocks, batch_inputs) 
 Nvidia-smi: 1.9237060546875 GB
    Memory Allocated: 0.28648853302001953  GigaBytes
Max Memory Allocated: 0.6822872161865234  GigaBytes

torch.Size([1129, 1433])
torch.Size([447, 256])
-----------------------------------------batch_pred = model(blocks, batch_inputs) 
 Nvidia-smi: 1.9237060546875 GB
    Memory Allocated: 0.5029711723327637  GigaBytes
Max Memory Allocated: 0.6822872161865234  GigaBytes

times | data loading | block to device | model prediction | loss calculation | loss backward |  optimizer step |
      |0.05081450939178467 |0.0006368756294250488 |0.10292026400566101 |0.0001105964183807373 |0.17858216166496277 |0.010617256164550781 |
----------------------------------------------------------pseudo_mini_loss sum 2.6674787998199463
Total (block generation + training)time/epoch 2.820223808288574
Training time/epoch 2.7330360412597656
Training time without block to device /epoch 2.7279410362243652
Training time without total dataloading part /epoch 2.263521432876587
load block tensor time/epoch 0.40651607513427734
block to device time/epoch 0.005095005035400391
input features size transfer per epoch 1.0728836059570312e-06
blocks size to device per epoch 7.152557373046875e-07Using backend: pytorch

 Run 0| Epoch 1 |
Number of nodes for computation during this epoch:  13441
Number of first layer input nodes during this epoch:  8926
