main start at this time 1648428924.723266
-----------------------------------------before load data 
 Nvidia-smi: 0.1717529296875 GB
    Memory Allocated: 0.0  GigaBytes
Max Memory Allocated: 0.0  GigaBytes

  NumNodes: 2708
  NumEdges: 10556
  NumFeats: 1433
  NumClasses: 7
  NumTrainingSamples: 140
  NumValidationSamples: 500
  NumTestSamples: 1000
Done loading data from cached files.
success----------------------------------------
140
500
2068
# Nodes: 2708
# Edges: 10556
# Train: 140
# Val: 500
# Test: 2068
# Classes: 7

in feats:  1433
----------------------------------------before generate_dataloader_block 
 Nvidia-smi: 1.0799560546875 GB
    Memory Allocated: 0.06273937225341797  GigaBytes
Max Memory Allocated: 0.06273937225341797  GigaBytes

The real block id is  2
get_global_graph_edges_ids_block function  spend 0.0011074542999267578
random selection method range initialization spend 0.00020813941955566406
time for parepare:  6.341934204101562e-05
local_output_nid generation:  4.0531158447265625e-05
local_in_edges_tensor generation:  0.00020837783813476562
mini_batch_src_global generation:  2.7179718017578125e-05
r_  generation:  0.002445697784423828
local_output_nid generation:  1.1920928955078125e-05
local_in_edges_tensor generation:  0.000133514404296875
mini_batch_src_global generation:  2.6941299438476562e-05
r_  generation:  6.842613220214844e-05
local_output_nid generation:  1.2159347534179688e-05
local_in_edges_tensor generation:  0.0001087188720703125
mini_batch_src_global generation:  2.09808349609375e-05
r_  generation:  7.43865966796875e-05
local_output_nid generation:  1.0013580322265625e-05
local_in_edges_tensor generation:  0.00010466575622558594
mini_batch_src_global generation:  2.0742416381835938e-05
r_  generation:  5.5789947509765625e-05
----------------------check_connections_block total spend ----------------------------- 0.003718137741088867
generate_one_block  0.0014805793762207031
generate_one_block  0.0011053085327148438
generate_one_block  0.0010902881622314453
generate_one_block  0.0010709762573242188
The real block id is  1
get_global_graph_edges_ids_block function  spend 0.0004999637603759766
gen group dst list time:  4.553794860839844e-05
time for parepare:  0.00014257431030273438
local_output_nid generation:  1.5020370483398438e-05
local_in_edges_tensor generation:  0.0002028942108154297
mini_batch_src_global generation:  4.863739013671875e-05
r_  generation:  0.0004258155822753906
local_output_nid generation:  1.8596649169921875e-05
local_in_edges_tensor generation:  0.0001361370086669922
mini_batch_src_global generation:  6.103515625e-05
r_  generation:  0.00047278404235839844
local_output_nid generation:  1.8835067749023438e-05
local_in_edges_tensor generation:  0.00013780593872070312
mini_batch_src_global generation:  5.8650970458984375e-05
r_  generation:  0.00045228004455566406
local_output_nid generation:  1.5497207641601562e-05
local_in_edges_tensor generation:  0.0001323223114013672
mini_batch_src_global generation:  5.269050598144531e-05
r_  generation:  0.00040340423583984375
----------------------check_connections_block total spend ----------------------------- 0.0033512115478515625
generate_one_block  0.0015201568603515625
generate_one_block  0.0015780925750732422
generate_one_block  0.001565694808959961
generate_one_block  0.0014710426330566406
The real block id is  0
get_global_graph_edges_ids_block function  spend 0.0005733966827392578
gen group dst list time:  8.177757263183594e-05
time for parepare:  0.00017714500427246094
local_output_nid generation:  4.76837158203125e-05
local_in_edges_tensor generation:  0.00026988983154296875
mini_batch_src_global generation:  0.0001068115234375
r_  generation:  0.0011870861053466797
local_output_nid generation:  6.341934204101562e-05
local_in_edges_tensor generation:  0.00021648406982421875
mini_batch_src_global generation:  0.00015211105346679688
r_  generation:  0.0014376640319824219
local_output_nid generation:  5.936622619628906e-05
local_in_edges_tensor generation:  0.00020694732666015625
mini_batch_src_global generation:  0.00014019012451171875
r_  generation:  0.0013933181762695312
local_output_nid generation:  5.6743621826171875e-05
local_in_edges_tensor generation:  0.00020241737365722656
mini_batch_src_global generation:  0.00012946128845214844
r_  generation:  0.0012943744659423828
----------------------check_connections_block total spend ----------------------------- 0.008453845977783203
generate_one_block  0.0024144649505615234
generate_one_block  0.002660036087036133
generate_one_block  0.0025904178619384766
generate_one_block  0.002487659454345703
-----------------------------------------after block dataloader generation 
 Nvidia-smi: 1.0799560546875 GB
    Memory Allocated: 0.06273937225341797  GigaBytes
Max Memory Allocated: 0.06273937225341797  GigaBytes

connection checking time:  0.011805057525634766
block generation total time  0.016287565231323242
average batch blocks generation time:  0.0040718913078308105
----------------------------------------before batch_pred = model(blocks, batch_inputs) 
 Nvidia-smi: 1.1639404296875 GB
    Memory Allocated: 0.07050895690917969  GigaBytes
Max Memory Allocated: 0.07050895690917969  GigaBytes

torch.Size([1448, 1433])
torch.Size([686, 16])
-----------------------------------------batch_pred = model(blocks, batch_inputs) 
 Nvidia-smi: 1.6014404296875 GB
    Memory Allocated: 0.38131189346313477  GigaBytes
Max Memory Allocated: 0.4060683250427246  GigaBytes

----------------------------------------before batch_pred = model(blocks, batch_inputs) 
 Nvidia-smi: 1.7264404296875 GB
    Memory Allocated: 0.13401317596435547  GigaBytes
Max Memory Allocated: 0.499814510345459  GigaBytes

torch.Size([1590, 1433])
torch.Size([855, 16])
-----------------------------------------batch_pred = model(blocks, batch_inputs) 
 Nvidia-smi: 1.7459716796875 GB
    Memory Allocated: 0.5135674476623535  GigaBytes
Max Memory Allocated: 0.5436091423034668  GigaBytes

----------------------------------------before batch_pred = model(blocks, batch_inputs) 
 Nvidia-smi: 1.8709716796875 GB
    Memory Allocated: 0.13452911376953125  GigaBytes
Max Memory Allocated: 0.6309990882873535  GigaBytes

torch.Size([1687, 1433])
torch.Size([788, 16])
-----------------------------------------batch_pred = model(blocks, batch_inputs) 
 Nvidia-smi: 1.8709716796875 GB
    Memory Allocated: 0.5011682510375977  GigaBytes
Max Memory Allocated: 0.6309990882873535  GigaBytes

----------------------------------------before batch_pred = model(blocks, batch_inputs) 
 Nvidia-smi: 1.8709716796875 GB
    Memory Allocated: 0.13392210006713867  GigaBytes
Max Memory Allocated: 0.6309990882873535  GigaBytes

torch.Size([1574, 1433])
torch.Size([759, 16])
-----------------------------------------batch_pred = model(blocks, batch_inputs) 
 Nvidia-smi: 1.8709716796875 GB
    Memory Allocated: 0.47180938720703125  GigaBytes
Max Memory Allocated: 0.6309990882873535  GigaBytes

times | data loading | block to device | model prediction | loss calculation | loss backward |  optimizer step |
      |0.046448349952697754 |0.08578711748123169 |0.28918665647506714 |0.00014966726303100586 |0.3697957396507263 |0.008507728576660156 |
----------------------------------------------------------pseudo_mini_loss sum 2.585326671600342
 Run 0| Epoch 0 |
Number of nodes for computation during this epoch:  10126
Number of first layer input nodes during this epoch:  6299
----------------------------------------before generate_dataloader_block 
 Nvidia-smi: 1.9334716796875 GB
    Memory Allocated: 0.25945520401000977  GigaBytes
Max Memory Allocated: 0.6309990882873535  GigaBytes

The real block id is  2
get_global_graph_edges_ids_block function  spend 0.0005390644073486328
random selection method range initialization spend 0.00013256072998046875
time for parepare:  7.700920104980469e-05
local_output_nid generation:  1.3828277587890625e-05
local_in_edges_tensor generation:  0.00019621849060058594
mini_batch_src_global generation:  2.9802322387695312e-05
r_  generation:  8.678436279296875e-05
local_output_nid generation:  1.1205673217773438e-05
local_in_edges_tensor generation: Using backend: pytorch
 0.00011920928955078125
mini_batch_src_global generation:  3.2901763916015625e-05
r_  generation:  8.654594421386719e-05
local_output_nid generation:  1.0967254638671875e-05
local_in_edges_tensor generation:  0.00012612342834472656
mini_batch_src_global generation:  2.6941299438476562e-05
r_  generation:  6.699562072753906e-05
local_output_nid generation:  1.1444091796875e-05
local_in_edges_tensor generation:  0.0001125335693359375
mini_batch_src_global generation:  2.2172927856445312e-05
r_  generation:  6.29425048828125e-05
----------------------check_connections_block total spend ----------------------------- 0.001435995101928711
generate_one_block  0.00130462646484375
generate_one_block  0.0011739730834960938
generate_one_block  0.0011415481567382812
generate_one_block  0.0011188983917236328
The real block id is  1
get_global_graph_edges_ids_block function  spend 0.0005280971527099609
gen group dst list time:  4.410743713378906e-05
time for parepare:  0.00015664100646972656
local_output_nid generation:  1.9073486328125e-05
local_in_edges_tensor generation:  0.00021338462829589844
mini_batch_src_global generation:  5.5789947509765625e-05
r_  generation:  0.000423431396484375
local_output_nid generation:  2.1457672119140625e-05
local_in_edges_tensor generation:  0.0001480579376220703
mini_batch_src_global generation:  8.130073547363281e-05
r_  generation:  0.0005173683166503906
local_output_nid generation:  2.0265579223632812e-05
local_in_edges_tensor generation:  0.0001494884490966797
mini_batch_src_global generation:  7.176399230957031e-05
r_  generation:  0.0004756450653076172
local_output_nid generation:  1.6689300537109375e-05
local_in_edges_tensor generation:  0.0001404285430908203
mini_batch_src_global generation:  6.413459777832031e-05
r_  generation:  0.00036907196044921875
----------------------check_connections_block total spend ----------------------------- 0.003518342971801758
generate_one_block  0.0016193389892578125
generate_one_block  0.0017178058624267578
generate_one_block  0.0016367435455322266
generate_one_block  0.001501321792602539
The real block id is  0
get_global_graph_edges_ids_block function  spend 0.0005965232849121094
gen group dst list time:  8.96453857421875e-05
time for parepare:  0.00019073486328125
local_output_nid generation:  6.842613220214844e-05
local_in_edges_tensor generation:  0.0002853870391845703
mini_batch_src_global generation:  0.00010991096496582031
r_  generation:  0.0012772083282470703
local_output_nid generation:  8.0108642578125e-05
local_in_edges_tensor generation:  0.0002243518829345703
mini_batch_src_global generation:  0.0001666545867919922
r_  generation:  0.0014801025390625
local_output_nid generation:  7.05718994140625e-05
local_in_edges_tensor generation:  0.00021505355834960938
mini_batch_src_global generation:  0.0001499652862548828
r_  generation:  0.0014367103576660156
local_output_nid generation:  5.7697296142578125e-05
local_in_edges_tensor generation:  0.0001976490020751953
mini_batch_src_global generation:  0.0001354217529296875
r_  generation:  0.0011806488037109375
----------------------check_connections_block total spend ----------------------------- 0.008644580841064453
generate_one_block  0.002637624740600586
generate_one_block  0.002873659133911133
generate_one_block  0.002811431884765625
generate_one_block  0.002311229705810547
-----------------------------------------after block dataloader generation 
 Nvidia-smi: 1.9334716796875 GB
    Memory Allocated: 0.25945520401000977  GigaBytes
Max Memory Allocated: 0.6309990882873535  GigaBytes

connection checking time:  0.012162923812866211
block generation total time  0.017109155654907227
average batch blocks generation time:  0.004277288913726807
block dataloader generation time/epoch 0.06439208984375
----------------------------------------before batch_pred = model(blocks, batch_inputs) 
 Nvidia-smi: 1.9334716796875 GB
    Memory Allocated: 0.2599973678588867  GigaBytes
Max Memory Allocated: 0.6309990882873535  GigaBytes

torch.Size([1507, 1433])
torch.Size([719, 16])
-----------------------------------------batch_pred = model(blocks, batch_inputs) 
 Nvidia-smi: 1.9334716796875 GB
    Memory Allocated: 0.5903940200805664  GigaBytes
Max Memory Allocated: 0.6309990882873535  GigaBytes

----------------------------------------before batch_pred = model(blocks, batch_inputs) 
 Nvidia-smi: 1.9647216796875 GB
    Memory Allocated: 0.2597808837890625  GigaBytes
Max Memory Allocated: 0.7087874412536621  GigaBytes

torch.Size([1645, 1433])
torch.Size([868, 16])
-----------------------------------------batch_pred = model(blocks, batch_inputs) 
 Nvidia-smi: 1.9647216796875 GB
    Memory Allocated: 0.6390285491943359  GigaBytes
Max Memory Allocated: 0.7087874412536621  GigaBytes

----------------------------------------before batch_pred = model(blocks, batch_inputs) 
 Nvidia-smi: 1.9959716796875 GB
    Memory Allocated: 0.26000213623046875  GigaBytes
Max Memory Allocated: 0.7563180923461914  GigaBytes

torch.Size([1659, 1433])
torch.Size([807, 16])
-----------------------------------------batch_pred = model(blocks, batch_inputs) 
 Nvidia-smi: 1.9959716796875 GB
    Memory Allocated: 0.6292457580566406  GigaBytes
Max Memory Allocated: 0.7563180923461914  GigaBytes

----------------------------------------before batch_pred = model(blocks, batch_inputs) 
 Nvidia-smi: 1.9959716796875 GB
    Memory Allocated: 0.2590155601501465  GigaBytes
Max Memory Allocated: 0.7563180923461914  GigaBytes

torch.Size([1504, 1433])
torch.Size([627, 16])
-----------------------------------------batch_pred = model(blocks, batch_inputs) 
 Nvidia-smi: 1.9959716796875 GB
    Memory Allocated: 0.560758113861084  GigaBytes
Max Memory Allocated: 0.7563180923461914  GigaBytes

times | data loading | block to device | model prediction | loss calculation | loss backward |  optimizer step |
      |0.04668378829956055 |0.0007140040397644043 |0.17688584327697754 |0.00012427568435668945 |0.37354665994644165 |0.009474515914916992 |
----------------------------------------------------------pseudo_mini_loss sum 2.18772292137146
Total (block generation + training)time/epoch 2.5241079330444336
Training time/epoch 2.4593639373779297
Training time without block to device /epoch 2.456507921218872
Training time without total dataloading part /epoch 2.2117016315460205
load block tensor time/epoch 0.1867351531982422
block to device time/epoch 0.002856016159057617
input features size transfer per epoch 5.364418029785156e-07
blocks size to device per epoch 3.5762786865234375e-07
 Run 0| Epoch 1 |
Number of nodes for computation during this epoch:  10073
Number of first layer input nodes during this epoch:  6315
