main start at this time 1648529103.3902566
-----------------------------------------before load data 
 Nvidia-smi: 0.1717529296875 GB
    Memory Allocated: 0.0  GigaBytes
Max Memory Allocated: 0.0  GigaBytes

  NumNodes: 19717
  NumEdges: 88651
  NumFeats: 500
  NumClasses: 3
  NumTrainingSamples: 60
  NumValidationSamples: 500
  NumTestSamples: 1000
Done loading data from cached files.
success----------------------------------------
60
500
19157
# Nodes: 19717
# Edges: 88648
# Train: 60
# Val: 500
# Test: 19157
# Classes: 3

in feats:  500
----------------------------------------before generate_dataloader_block 
 Nvidia-smi: 1.0408935546875 GB
    Memory Allocated: 0.012844085693359375  GigaBytes
Max Memory Allocated: 0.012844085693359375  GigaBytes

The real block id is  2
get_global_graph_edges_ids_block function  spend 0.0018434524536132812
random selection method range initialization spend 0.0001614093780517578
time for parepare:  4.57763671875e-05
local_output_nid generation:  1.9788742065429688e-05
local_in_edges_tensor generation:  0.00018358230590820312
mini_batch_src_global generation:  2.193450927734375e-05
r_  generation:  0.0011208057403564453
local_output_nid generation:  5.9604644775390625e-06
local_in_edges_tensor generation:  0.00012350082397460938
mini_batch_src_global generation:  2.2172927856445312e-05
r_  generation:  3.0279159545898438e-05
local_output_nid generation:  5.245208740234375e-06
local_in_edges_tensor generation:  9.775161743164062e-05
mini_batch_src_global generation:  1.4781951904296875e-05
r_  generation:  1.621246337890625e-05
local_output_nid generation:  4.76837158203125e-06
local_in_edges_tensor generation:  0.00010180473327636719
mini_batch_src_global generation:  1.5735626220703125e-05
r_  generation:  2.6464462280273438e-05
local_output_nid generation:  4.291534423828125e-06
local_in_edges_tensor generation:  9.369850158691406e-05
mini_batch_src_global generation:  1.6689300537109375e-05
r_  generation:  3.147125244140625e-05
local_output_nid generation:  4.291534423828125e-06
local_in_edges_tensor generation:  9.250640869140625e-05
mini_batch_src_global generation:  1.5497207641601562e-05
r_  generation:  2.4080276489257812e-05
local_output_nid generation:  4.0531158447265625e-06
local_in_edges_tensor generation:  9.489059448242188e-05
mini_batch_src_global generation:  1.5020370483398438e-05
r_  generation:  2.7179718017578125e-05
local_output_nid generation:  3.337860107421875e-06
local_in_edges_tensor generation:  9.512901306152344e-05
mini_batch_src_global generation:  1.4543533325195312e-05
r_  generation:  1.71661376953125e-05
----------------------check_connections_block total spend ----------------------------- 0.0027408599853515625
generate_one_block  0.0011820793151855469
generate_one_block  0.0009944438934326172
generate_one_block  0.0010020732879638672
generate_one_block  0.0010106563568115234
generate_one_block  0.0009851455688476562
generate_one_block  0.0009775161743164062
generate_one_block  0.0010020732879638672
generate_one_block  0.0009660720825195312
The real block id is  1
get_global_graph_edges_ids_block function  spend 0.0009136199951171875
gen group dst list time:  5.030632019042969e-05
time for parepare:  0.00024318695068359375
local_output_nid generation:  4.291534423828125e-06
local_in_edges_tensor generation:  0.00017976760864257812
mini_batch_src_global generation:  3.170967102050781e-05
r_  generation:  0.00016570091247558594
local_output_nid generation:  6.9141387939453125e-06
local_in_edges_tensor generation:  0.0001163482666015625
mini_batch_src_global generation:  3.9577484130859375e-05
r_  generation:  0.0002052783966064453
local_output_nid generation:  4.0531158447265625e-06
local_in_edges_tensor generation:  0.00011301040649414062
mini_batch_src_global generation:  2.384185791015625e-05
r_  generation:  6.079673767089844e-05
local_output_nid generation:  7.62939453125e-06
local_in_edges_tensor generation:  0.00016689300537109375
mini_batch_src_global generation:  2.8371810913085938e-05
r_  generation:  0.00016188621520996094
local_output_nid generation:  7.152557373046875e-06
local_in_edges_tensor generation:  0.00011801719665527344
mini_batch_src_global generation:  3.8623809814453125e-05
r_  generation:  0.00026726722717285156
local_output_nid generation:  5.245208740234375e-06
local_in_edges_tensor generation:  0.00011277198791503906
mini_batch_src_global generation:  3.314018249511719e-05
r_  generation:  0.00017976760864257812
local_output_nid generation:  5.4836273193359375e-06
local_in_edges_tensor generation:  0.00011157989501953125
mini_batch_src_global generation:  3.647804260253906e-05
r_  generation:  0.00025534629821777344
local_output_nid generation:  3.0994415283203125e-06
local_in_edges_tensor generation:  0.00010418891906738281
mini_batch_src_global generation:  2.47955322265625e-05
r_  generation:  7.987022399902344e-05
----------------------check_connections_block total spend ----------------------------- 0.0034880638122558594
generate_one_block  0.0012001991271972656
generate_one_block  0.0012531280517578125
generate_one_block  0.0010204315185546875
generate_one_block  0.0011720657348632812
generate_one_block  0.0013279914855957031
generate_one_block  0.0012085437774658203
generate_one_block  0.0013277530670166016
generate_one_block  0.0011074542999267578
The real block id is  0
get_global_graph_edges_ids_block function  spend 0.0012054443359375
gen group dst list time:  9.274482727050781e-05
time for parepare:  0.0008168220520019531
local_output_nid generation:  3.314018249511719e-05
local_in_edges_tensor generation:  0.0002753734588623047
mini_batch_src_global generation:  8.130073547363281e-05
r_  generation:  0.000820159912109375
local_output_nid generation:  4.0531158447265625e-05
local_in_edges_tensor generation:  0.00018024444580078125
mini_batch_src_global generation:  0.00012445449829101562
r_  generation:  0.0011937618255615234
local_output_nid generation:  1.2874603271484375e-05
local_in_edges_tensor generation:  0.00013709068298339844
mini_batch_src_global generation:  6.771087646484375e-05
r_  generation:  0.0003142356872558594
local_output_nid generation:  3.337860107421875e-05
local_in_edges_tensor generation:  0.00015997886657714844
mini_batch_src_global generation:  8.654594421386719e-05
r_  generation:  0.0008900165557861328
local_output_nid generation:  4.220008850097656e-05
local_in_edges_tensor generation:  0.0002009868621826172
mini_batch_src_global generation:  0.0002396106719970703
r_  generation:  0.0019145011901855469
local_output_nid generation:  3.170967102050781e-05
local_in_edges_tensor generation:  0.0001735687255859375
mini_batch_src_global generation:  0.00014781951904296875
r_  generation:  0.0011658668518066406
local_output_nid generation:  4.410743713378906e-05
local_in_edges_tensor generation:  0.0002071857452392578
mini_batch_src_global generation:  0.0002338886260986328
r_  generation:  0.00246429443359375
local_output_nid generation:  1.5497207641601562e-05
local_in_edges_tensor generation:  0.00014162063598632812
mini_batch_src_global generation:  0.00010180473327636719
r_  generation:  0.00036454200744628906
----------------------check_connections_block total spend ----------------------------- 0.015464544296264648
generate_one_block  0.0019941329956054688
generate_one_block  0.0023636817932128906
generate_one_block  0.0012810230255126953
generate_one_block  0.001989603042602539
generate_one_block  0.00330352783203125
generate_one_block  0.002373218536376953
generate_one_block  0.004133701324462891
generate_one_block  0.0013210773468017578
-----------------------------------------after block dataloader generation 
 Nvidia-smi: 1.0408935546875 GB
    Memory Allocated: 0.012844085693359375  GigaBytes
Max Memory Allocated: 0.012844085693359375  GigaBytes

connection checking time:  0.018952608108520508
block generation total time  0.028377532958984375
average batch blocks generation time:  0.003547191619873047
----------------------------------------before batch_pred = model(blocks, batch_inputs) 
 Nvidia-smi: 1.1053466796875 GB
    Memory Allocated: 0.015196800231933594  GigaBytes
Max Memory Allocated: 0.015196800231933594  GigaBytes

torch.Size([1250, 500])
torch.Size([387, 256])
-----------------------------------------batch_pred = model(blocks, batch_inputs) 
 Nvidia-smi: 1.2908935546875 GB
    Memory Allocated: 0.09879446029663086  GigaBytes
Max Memory Allocated: 0.0988469123840332  GigaBytes

----------------------------------------before batch_pred = model(blocks, batch_inputs) 
 Nvidia-smi: 1.3162841796875 GB
    Memory Allocated: 0.029556751251220703  GigaBytes
Max Memory Allocated: 0.1092534065246582  GigaBytes

torch.Size([2060, 500])
torch.Size([456, 256])
-----------------------------------------batch_pred = model(blocks, batch_inputs) 
 Nvidia-smi: 1.3533935546875 GB
    Memory Allocated: 0.15065765380859375  GigaBytes
Max Memory Allocated: 0.15072059631347656  GigaBytes

----------------------------------------before batch_pred = model(blocks, batch_inputs) 
 Nvidia-smi: 1.3572998046875 GB
    Memory Allocated: 0.026777267456054688  GigaBytes
Max Memory Allocated: 0.15450239181518555  GigaBytes

torch.Size([581, 500])
torch.Size([112, 256])
-----------------------------------------batch_pred = model(blocks, batch_inputs) 
 Nvidia-smi: 1.3572998046875 GB
    Memory Allocated: 0.05567502975463867  GigaBytes
Max Memory Allocated: 0.15450239181518555  GigaBytes

----------------------------------------before batch_pred = model(blocks, batch_inputs) 
 Nvidia-smi: 1.3572998046875 GB
    Memory Allocated: 0.028724193572998047  GigaBytes
Max Memory Allocated: 0.15450239181518555  GigaBytes

torch.Size([1617, 500])
torch.Size([362, 256])
-----------------------------------------batch_pred = model(blocks, batch_inputs) 
 Nvidia-smi: 1.3572998046875 GB
    Memory Allocated: 0.12021684646606445  GigaBytes
Max Memory Allocated: 0.15450239181518555  GigaBytes

----------------------------------------before batch_pred = model(blocks, batch_inputs) 
 Nvidia-smi: 1.3572998046875 GB
    Memory Allocated: 0.030294418334960938  GigaBytes
Max Memory Allocated: 0.15450239181518555  GigaBytes

torch.Size([2442, 500])
torch.Size([571, 256])
-----------------------------------------batch_pred = model(blocks, batch_inputs) 
 Nvidia-smi: 1.4569091796875 GB
    Memory Allocated: 0.2455587387084961  GigaBytes
Max Memory Allocated: 0.24651050567626953  GigaBytes

----------------------------------------before batch_pred = model(blocks, batch_inputs) 
 Nvidia-smi: 1.4608154296875 GB
    Memory Allocated: 0.029442310333251953  GigaBytes
Max Memory Allocated: 0.24937677383422852  GigaBytes

torch.Size([1998, 500])
torch.Size([381, 256])
-----------------------------------------batch_pred = model(blocks, batch_inputs) 
 Nvidia-smi: 1.4608154296875 GB
    Memory Allocated: 0.1533985137939453  GigaBytes
Max Memory Allocated: 0.24937677383422852  GigaBytes

----------------------------------------before batch_pred = model(blocks, batch_inputs) 
 Nvidia-smi: 1.4608154296875 GB
    Memory Allocated: 0.03332185745239258  GigaBytes
Max Memory Allocated: 0.24937677383422852  GigaBytes

torch.Size([3572, 500])
torch.Size([570, 256])
-----------------------------------------batch_pred = model(blocks, batch_inputs) 
 Nvidia-smi: 1.5311279296875 GB
    Memory Allocated: 0.3055262565612793  GigaBytes
Max Memory Allocated: 0.31036853790283203  GigaBytes

----------------------------------------before batch_pred = model(blocks, batch_inputs) 
 Nvidia-smi: 1.5350341796875 GB
    Memory Allocated: 0.02695322036743164  GigaBytes
Max Memory Allocated: 0.31036853790283203  GigaBytes

torch.Size([675, 500])
torch.Size([168, 256])
-----------------------------------------batch_pred = model(blocks, batch_inputs) 
 Nvidia-smi: 1.5350341796875 GB
    Memory Allocated: 0.06059837341308594  GigaBytes
Max Memory Allocated: 0.31036853790283203  GigaBytes

times | data loading | block to device | model prediction | loss calculation | loss backward |  optimizer step |
      |0.0023162364959716797 |0.04316583275794983 |0.19819092750549316 |0.00013396143913269043 |0.18519163131713867 |0.008214235305786133 |
----------------------------------------------------------pseudo_mini_loss sum 2.1371989250183105
 Run 0| Epoch 0 |
Number of nodes for computation during this epoch:  17558
Number of first layer input nodes during this epoch:  14195
----------------------------------------before generate_dataloader_block 
 Nvidia-smi: 1.5350341796875 GB
    Memory Allocated: 0.052648067474365234  GigaBytes
Max Memory Allocated: 0.31036853790283203  GigaBytes

The real block id is  2
get_global_graph_edges_ids_block function  spend 0.000545501708984375
random selection method range initialization spend 0.00011968612670898438
time for parepare:  5.888938903808594e-05
local_output_nid generation:  7.3909759521484375e-06
local_in_edges_tensor generation:  0.00018787384033203125
mini_batch_src_global generation:  2.193450927734375e-05
r_  generation:  2.86102294921875e-05
local_output_nid generation:  5.245208740234375e-06
local_in_edges_tensor generation:  0.00010561943054199219
mini_batch_src_global generation:  1.6450881958007812e-05
r_  generation:  2.5033950805664062e-05
local_output_nid generation:  4.5299530029296875e-06
local_in_edges_tensor generation:  9.870529174804688e-05
mini_batch_src_global generation:  1.5974044799804688e-05
r_  generation:  2.5272369384765625e-05
local_output_nid generation:  4.291534423828125e-06
local_in_edges_tensor generation:  0.00010609626770019531
mini_batch_src_global generation:  1.7404556274414062e-05
r_  generation:  3.3855438232421875e-05
local_output_nid generation:  4.0531158447265625e-06
local_in_edges_tensor generation:  9.655952453613281e-05
mini_batch_src_global generation:  1.5497207641601562e-05
r_  generation:  1.71661376953125e-05
local_output_nid generation:  4.0531158447265625e-06
local_in_edges_tensor generation:  9.5367431640625e-05
mini_batch_src_global generation:  1.7404556274414062e-05
r_  generation:  3.218650817871094e-05
local_output_nid generation:  4.76837158203125e-06
local_in_edges_tensor generation:  9.489059448242188e-05
mini_batch_src_global generation:  1.6927719116210938e-05
r_  generation:  2.9087066650390625e-05
local_output_nid generation:  2.86102294921875e-06
local_in_edges_tensor generation:  9.322166442871094e-05
mini_batch_src_global generation:  1.4781951904296875e-05
r_  generation:  1.9788742065429688e-05
----------------------check_connections_block total spend ----------------------------- 0.0016672611236572266
generate_one_block  0.0011258125305175781
generate_one_block  0.0010380744934082031
generate_one_block  0.0010385513305664062
generate_one_block  0.001024007797241211
generate_one_block  0.0009946823120117188
generate_one_block  0.0025246143341064453
generate_one_block  0.0010161399841308594
generate_one_block  0.0010325908660888672
The real block id is  1
get_global_graph_edges_ids_block function  spend 0.0005800724029541016
gen group dst list time:  5.555152893066406e-05
time for parepare:  0.0002636909484863281
local_output_nid generation:  3.5762786865234375e-06
local_in_edges_tensor generation:  0.00018167495727539062
mini_batch_src_global generation:  2.9802322387695312e-05
r_  generation:  0.00010824203491210938
local_output_nid generation:  6.198883056640625e-06
local_in_edges_tensor generation:  0.00011467933654785156
mini_batch_src_global generation:  2.9325485229492188e-05
r_  generation:  0.0001342296600341797
local_output_nid generation:  6.4373016357421875e-06
local_in_edges_tensor generation:  0.0001163482666015625
mini_batch_src_global generation:  3.8623809814453125e-05
r_  generation:  0.00021529197692871094
local_output_nid generation:  1.0251998901367188e-05
local_in_edges_tensor generation:  0.0001270771026611328
mini_batch_src_global generation:  3.838539123535156e-05
r_  generation:  0.0002346038818359375
local_output_nid generation:  3.814697265625e-06
local_in_edges_tensor generation:  0.00011396408081054688
mini_batch_src_global generation:  3.0517578125e-05
r_  generation:  9.679794311523438e-05
local_output_nid generation:  1.049041748046875e-05
local_in_edges_tensor generation:  0.00012493133544921875
mini_batch_src_global generation:  4.8160552978515625e-05
r_  generation:  0.0003752708435058594
local_output_nid generation:  7.152557373046875e-06
local_in_edges_tensor generation:  0.00014090538024902344
mini_batch_src_global generation:  4.76837158203125e-05
r_  generation:  0.00021266937255859375
local_output_nid generation:  4.76837158203125e-06
local_in_edges_tensor generation:  0.0001232624053955078
mini_batch_src_global generation:  3.1948089599609375e-05
r_  generation:  0.0001277923583984375
----------------------check_connections_block total spend ----------------------------- 0.003827810287475586
generate_one_block  0.0011665821075439453
generate_one_block  0.0011832714080810547
generate_one_block  0.0013675689697265625
generate_one_block  0.0013098716735839844
generate_one_block  0.001104116439819336
generate_one_block  0.001531839370727539
generate_one_block  0.0012636184692382812
generate_one_block  0.001196146011352539
The real block id is  0
get_global_graph_edges_ids_block function  spend 0.0034332275390625
gen group dst list time:  0.00010824203491210938
time for parepare:  0.0008747577667236328
local_output_nid generation:  3.0040740966796875e-05
local_in_edges_tensor generation:  0.0003058910369873047
mini_batch_src_global generation:  0.00012445449829101562
r_  generation:  0.0008368492126464844
local_output_nid generation:  3.528594970703125e-05
local_in_edges_tensor generation:  0.00018286705017089844
mini_batch_src_global generation:  0.0001304149627685547
r_  generation:  0.0008041858673095703
local_output_nid generation:  4.887580871582031e-05
local_in_edges_tensor generation:  0.00023484230041503906
mini_batch_src_global generation:  0.00019860267639160156
r_  generation:  0.0016715526580810547
local_output_nid generation:  4.482269287109375e-05
local_in_edges_tensor generation:  0.0002009868621826172
mini_batch_src_global generation:  0.00014448165893554688
r_  generation:  0.001318216323852539
local_output_nid generation:  2.1219253540039062e-05
local_in_edges_tensor generation:  0.00015878677368164062
mini_batch_src_global generation:  8.082389831542969e-05
r_  generation:  0.00045680999755859375
local_output_nid generation:  7.343292236328125e-05
local_in_edges_tensor generation:  0.00023436546325683594
mini_batch_src_global generation:  0.00021886825561523438
r_  generation:  0.002542257308959961
local_output_nid generation:  4.9114227294921875e-05
local_in_edges_tensor generation:  0.00019550323486328125
mini_batch_src_global generation:  0.00019097328186035156
r_  generation:  0.0013422966003417969
local_output_nid generation:  2.384185791015625e-05
local_in_edges_tensor generation:  0.0001647472381591797
mini_batch_src_global generation:  0.00014019012451171875
r_  generation:  0.0009713172912597656
----------------------check_connections_block total spend ----------------------------- 0.01712512969970703
generate_one_block  0.0023021697998046875
generate_one_block  0.002226591110229492
generate_one_block  0.0032041072845458984
generate_one_block  0.0025784969329833984
generate_one_block  0.0015730857849121094
generate_one_block  0.004202365875244141
generate_one_block  0.0027801990509033203
generate_one_block  0.002322673797607422
-----------------------------------------after block dataloader generation 
 Nvidia-smi: 1.5350341796875 GB
    Memory Allocated: 0.052648067474365234  GigaBytes
Max Memory Allocated: 0.31036853790283203  GigaBytes

connection checking time:  0.020952939987182617
block generation total time  0.03131270408630371
average batch blocks generation time:  0.003914088010787964
block dataloader generation time/epoch 0.12297773361206055
----------------------------------------before batch_pred = model(blocks, batch_inputs) 
 Nvidia-smi: 1.5350341796875 GB
    Memory Allocated: 0.053884029388427734  GigaBytes
Max Memory Allocated: 0.31036853790283203  GigaBytes

torch.Size([1288, 500])
torch.Size([236, 256])
-----------------------------------------batch_pred = model(blocks, batch_inputs) 
 Nvidia-smi: 1.5350341796875 GB
    Memory Allocated: 0.14153575897216797  GigaBytes
Max Memory Allocated: 0.31036853790283203  GigaBytes

----------------------------------------before batch_pred = model(blocks, batch_inputs) 
 Nvidia-smi: 1.5350341796875 GB
    Memory Allocated: 0.05400800704956055  GigaBytes
Max Memory Allocated: 0.31036853790283203  GigaBytes

torch.Size([1407, 500])
torch.Size([310, 256])
-----------------------------------------batch_pred = model(blocks, batch_inputs) 
 Nvidia-smi: 1.5350341796875 GB
    Memory Allocated: 0.1325697898864746  GigaBytes
Max Memory Allocated: 0.31036853790283203  GigaBytes

----------------------------------------before batch_pred = model(blocks, batch_inputs) 
 Nvidia-smi: 1.5350341796875 GB
    Memory Allocated: 0.05523872375488281  GigaBytes
Max Memory Allocated: 0.31036853790283203  GigaBytes

torch.Size([2053, 500])
torch.Size([476, 256])
-----------------------------------------batch_pred = model(blocks, batch_inputs) 
 Nvidia-smi: 1.5350341796875 GB
    Memory Allocated: 0.23281574249267578  GigaBytes
Max Memory Allocated: 0.31036853790283203  GigaBytes

----------------------------------------before batch_pred = model(blocks, batch_inputs) 
 Nvidia-smi: 1.5350341796875 GB
    Memory Allocated: 0.055258750915527344  GigaBytes
Max Memory Allocated: 0.31036853790283203  GigaBytes

torch.Size([2071, 500])
torch.Size([480, 256])
-----------------------------------------batch_pred = model(blocks, batch_inputs) 
 Nvidia-smi: 1.5350341796875 GB
    Memory Allocated: 0.1836109161376953  GigaBytes
Max Memory Allocated: 0.31036853790283203  GigaBytes

----------------------------------------before batch_pred = model(blocks, batch_inputs) 
 Nvidia-smi: 1.5350341796875 GB
    Memory Allocated: 0.05367708206176758  GigaBytes
Max Memory Allocated: 0.31036853790283203  GigaBytes

torch.Size([743, 500])
torch.Size([187, 256])
-----------------------------------------batch_pred = model(blocks, batch_inputs) 
 Nvidia-smi: 1.5350341796875 GB
    Memory Allocated: 0.09275674819946289  GigaBytes
Max Memory Allocated: 0.31036853790283203  GigaBytes

----------------------------------------before batch_pred = model(blocks, batch_inputs) 
 Nvidia-smi: 1.5350341796875 GB
    Memory Allocated: 0.057376861572265625  GigaBytes
Max Memory Allocated: 0.31036853790283203  GigaBytes

torch.Size([3188, 500])
torch.Size([710, 256])
-----------------------------------------batch_pred = model(blocks, batch_inputs) 
 Nvidia-smi: 1.5369873046875 GB
    Memory Allocated: 0.32381105422973633  GigaBytes
Max Memory Allocated: 0.32390499114990234  GigaBytes

----------------------------------------before batch_pred = model(blocks, batch_inputs) 
 Nvidia-smi: 1.5408935546875 GB
    Memory Allocated: 0.055751800537109375  GigaBytes
Max Memory Allocated: 0.3276338577270508  GigaBytes

torch.Size([2335, 500])
torch.Size([447, 256])
-----------------------------------------batch_pred = model(blocks, batch_inputs) 
 Nvidia-smi: 1.5408935546875 GB
    Memory Allocated: 0.1889815330505371  GigaBytes
Max Memory Allocated: 0.3276338577270508  GigaBytes

----------------------------------------before batch_pred = model(blocks, batch_inputs) 
 Nvidia-smi: 1.5408935546875 GB
    Memory Allocated: 0.05515718460083008  GigaBytes
Max Memory Allocated: 0.3276338577270508  GigaBytes

torch.Size([2021, 500])
torch.Size([249, 256])
-----------------------------------------batch_pred = model(blocks, batch_inputs) 
 Nvidia-smi: 1.5408935546875 GB
    Memory Allocated: 0.15361642837524414  GigaBytes
Max Memory Allocated: 0.3276338577270508  GigaBytes

times | data loading | block to device | model prediction | loss calculation | loss backward |  optimizer step |
      |0.0066144466400146484 |0.0012656450271606445 |0.14797505736351013 |0.00012633204460144043 |0.20177754759788513 |0.006961345672607422 |
----------------------------------------------------------pseudo_mini_loss sum 3.6927385330200195
Total (block generation + training)time/epoch 3.0070457458496094
Training time/epoch 2.883819580078125
Training time without block to device /epoch 2.87369441986084
Training time without total dataloading part /epoch 2.805992841720581
load block tensor time/epoch 0.05291557312011719
block to device time/epoch 0.010125160217285156
input features size transfer per epoch 1.0728836059570312e-06Using backend: pytorch

blocks size to device per epoch 7.152557373046875e-07
 Run 0| Epoch 1 |
Number of nodes for computation during this epoch:  18558
Number of first layer input nodes during this epoch:  15106
