main start at this time 1648432219.696078
-----------------------------------------before load data 
 Nvidia-smi: 0.1717529296875 GB
    Memory Allocated: 0.0  GigaBytes
Max Memory Allocated: 0.0  GigaBytes

  NumNodes: 2708
  NumEdges: 10556
  NumFeats: 1433
  NumClasses: 7
  NumTrainingSamples: 140
  NumValidationSamples: 500
  NumTestSamples: 1000
Done loading data from cached files.
success----------------------------------------
140
500
2068
# Nodes: 2708
# Edges: 10556
# Train: 140
# Val: 500
# Test: 2068
# Classes: 7

in feats:  1433
----------------------------------------before generate_dataloader_block 
 Nvidia-smi: 1.0174560546875 GB
    Memory Allocated: 0.00018787384033203125  GigaBytes
Max Memory Allocated: 0.00018787384033203125  GigaBytes

The real block id is  4
get_global_graph_edges_ids_block function  spend 0.0015108585357666016
range selection method range initialization spend 0.00011014938354492188
time for parepare:  5.91278076171875e-05
local_output_nid generation:  3.218650817871094e-05
local_in_edges_tensor generation:  0.000179290771484375
mini_batch_src_global generation:  2.288818359375e-05
r_  generation:  0.0030274391174316406
local_output_nid generation:  5.245208740234375e-06
local_in_edges_tensor generation:  0.00012111663818359375
mini_batch_src_global generation:  2.2172927856445312e-05
r_  generation:  6.008148193359375e-05
local_output_nid generation:  3.5762786865234375e-06
local_in_edges_tensor generation:  9.942054748535156e-05
mini_batch_src_global generation:  1.5497207641601562e-05
r_  generation:  2.5510787963867188e-05
local_output_nid generation:  4.0531158447265625e-06
local_in_edges_tensor generation:  9.298324584960938e-05
mini_batch_src_global generation:  1.5735626220703125e-05
r_  generation:  4.506111145019531e-05
local_output_nid generation:  3.5762786865234375e-06
local_in_edges_tensor generation:  9.322166442871094e-05
mini_batch_src_global generation:  1.52587890625e-05
r_  generation:  2.765655517578125e-05
local_output_nid generation:  3.337860107421875e-06
local_in_edges_tensor generation:  9.107589721679688e-05
mini_batch_src_global generation:  1.4066696166992188e-05
r_  generation:  1.9073486328125e-05
local_output_nid generation:  4.0531158447265625e-06
local_in_edges_tensor generation:  8.797645568847656e-05
mini_batch_src_global generation:  1.3828277587890625e-05
r_  generation:  1.8596649169921875e-05
local_output_nid generation:  3.814697265625e-06
local_in_edges_tensor generation:  8.916854858398438e-05
mini_batch_src_global generation:  1.3828277587890625e-05
r_  generation:  2.384185791015625e-05
local_output_nid generation:  3.814697265625e-06
local_in_edges_tensor generation:  8.869171142578125e-05
mini_batch_src_global generation:  1.3589859008789062e-05
r_  generation:  2.288818359375e-05
local_output_nid generation:  4.0531158447265625e-06
local_in_edges_tensor generation:  8.893013000488281e-05
mini_batch_src_global generation:  1.3828277587890625e-05
r_  generation:  2.8133392333984375e-05
local_output_nid generation:  3.814697265625e-06
local_in_edges_tensor generation:  8.893013000488281e-05
mini_batch_src_global generation:  1.430511474609375e-05
r_  generation:  2.7179718017578125e-05
local_output_nid generation:  4.0531158447265625e-06
local_in_edges_tensor generation:  8.916854858398438e-05
mini_batch_src_global generation:  1.33514404296875e-05
r_  generation:  2.1219253540039062e-05
local_output_nid generation:  3.814697265625e-06
local_in_edges_tensor generation:  8.749961853027344e-05
mini_batch_src_global generation:  1.3113021850585938e-05
r_  generation:  2.1219253540039062e-05
local_output_nid generation:  4.0531158447265625e-06
local_in_edges_tensor generation:  8.702278137207031e-05
mini_batch_src_global generation:  1.3828277587890625e-05
r_  generation:  2.6464462280273438e-05
local_output_nid generation:  3.814697265625e-06
local_in_edges_tensor generation:  0.00013899803161621094
mini_batch_src_global generation:  1.71661376953125e-05
r_  generation:  2.3126602172851562e-05
local_output_nid generation:  3.0994415283203125e-06
local_in_edges_tensor generation:  9.489059448242188e-05
mini_batch_src_global generation:  1.3828277587890625e-05
r_  generation:  1.4781951904296875e-05
----------------------check_connections_block total spend ----------------------------- 0.006062507629394531
generate_one_block  0.0014274120330810547
generate_one_block  0.0009722709655761719
generate_one_block  0.0009617805480957031
generate_one_block  0.0010404586791992188
generate_one_block  0.0009875297546386719
generate_one_block  0.0009522438049316406
generate_one_block  0.0009462833404541016
generate_one_block  0.0010535717010498047
generate_one_block  0.0009531974792480469
generate_one_block  0.000965118408203125
generate_one_block  0.0009646415710449219
generate_one_block  0.0009489059448242188
generate_one_block  0.0009465217590332031
generate_one_block  0.0009608268737792969
generate_one_block  0.0009582042694091797
generate_one_block  0.0009398460388183594
The real block id is  3
get_global_graph_edges_ids_block function  spend 0.0005824565887451172
gen group dst list time:  8.702278137207031e-05
time for parepare:  0.0001289844512939453
local_output_nid generation:  4.172325134277344e-05
local_in_edges_tensor generation:  0.00019097328186035156
mini_batch_src_global generation:  2.765655517578125e-05
r_  generation:  0.00012493133544921875
local_output_nid generation:  3.337860107421875e-06
local_in_edges_tensor generation:  0.00010395050048828125
mini_batch_src_global generation:  2.2411346435546875e-05
r_  generation:  8.654594421386719e-05
local_output_nid generation:  4.291534423828125e-06
local_in_edges_tensor generation:  0.00010061264038085938
mini_batch_src_global generation:  2.1696090698242188e-05
r_  generation:  0.00010895729064941406
local_output_nid generation:  9.5367431640625e-06
local_in_edges_tensor generation:  0.00010752677917480469
mini_batch_src_global generation:  3.266334533691406e-05
r_  generation:  0.0002460479736328125
local_output_nid generation:  4.291534423828125e-06
local_in_edges_tensor generation:  0.00011086463928222656
mini_batch_src_global generation:  2.8848648071289062e-05
r_  generation:  0.00011706352233886719
local_output_nid generation:  4.291534423828125e-06
local_in_edges_tensor generation:  0.00010323524475097656
mini_batch_src_global generation:  2.002716064453125e-05
r_  generation:  6.723403930664062e-05
local_output_nid generation:  4.5299530029296875e-06
local_in_edges_tensor generation:  0.00010085105895996094
mini_batch_src_global generation:  2.0742416381835938e-05
r_  generation:  8.749961853027344e-05
local_output_nid generation:  5.4836273193359375e-06
local_in_edges_tensor generation:  0.00010442733764648438
mini_batch_src_global generation:  2.5510787963867188e-05
r_  generation:  0.00014638900756835938
local_output_nid generation:  5.0067901611328125e-06
local_in_edges_tensor generation:  9.965896606445312e-05
mini_batch_src_global generation:  2.384185791015625e-05
r_  generation:  0.0001163482666015625
local_output_nid generation:  6.9141387939453125e-06
local_in_edges_tensor generation:  0.00010228157043457031
mini_batch_src_global generation:  2.8371810913085938e-05
r_  generation:  0.00018548965454101562
local_output_nid generation:  6.4373016357421875e-06
local_in_edges_tensor generation:  0.00010418891906738281
mini_batch_src_global generation:  3.0040740966796875e-05
r_  generation:  0.00017595291137695312
local_output_nid generation:  4.5299530029296875e-06
local_in_edges_tensor generation:  0.00010037422180175781
mini_batch_src_global generation:  2.3365020751953125e-05
r_  generation:  9.012222290039062e-05
local_output_nid generation:  4.76837158203125e-06
local_in_edges_tensor generation:  9.870529174804688e-05
mini_batch_src_global generation:  2.2172927856445312e-05
r_  generation:  0.00010418891906738281
local_output_nid generation:  6.4373016357421875e-06
local_in_edges_tensor generation:  0.00010061264038085938
mini_batch_src_global generation:  2.5510787963867188e-05
r_  generation:  0.00014352798461914062
local_output_nid generation:  4.5299530029296875e-06
local_in_edges_tensor generation:  9.942054748535156e-05
mini_batch_src_global generation:  3.266334533691406e-05
r_  generation:  0.00012540817260742188
local_output_nid generation:  3.0994415283203125e-06
local_in_edges_tensor generation:  0.00010967254638671875
mini_batch_src_global generation:  2.0503997802734375e-05
r_  generation:  5.3882598876953125e-05
----------------------check_connections_block total spend ----------------------------- 0.0053746700286865234
generate_one_block  0.0011644363403320312
generate_one_block  0.001032114028930664
generate_one_block  0.0010628700256347656
generate_one_block  0.0012521743774414062
generate_one_block  0.0010929107666015625
generate_one_block  0.001039743423461914
generate_one_block  0.0010631084442138672
generate_one_block  0.0011439323425292969
generate_one_block  0.0011115074157714844
generate_one_block  0.0012347698211669922
generate_one_block  0.001238107681274414
generate_one_block  0.0011031627655029297
generate_one_block  0.0010979175567626953
generate_one_block  0.0012333393096923828
generate_one_block  0.0010843276977539062
generate_one_block  0.0009913444519042969
The real block id is  2
get_global_graph_edges_ids_block function  spend 0.0006415843963623047
gen group dst list time:  0.00015783309936523438
time for parepare:  0.0002124309539794922
local_output_nid generation:  1.9073486328125e-05
local_in_edges_tensor generation:  0.00023055076599121094
mini_batch_src_global generation:  5.2928924560546875e-05
r_  generation:  0.0004661083221435547
local_output_nid generation:  1.4781951904296875e-05
local_in_edges_tensor generation:  0.00013065338134765625
mini_batch_src_global generation:  5.221366882324219e-05
r_  generation:  0.0003192424774169922
local_output_nid generation:  1.7642974853515625e-05
local_in_edges_tensor generation:  0.0001285076141357422
mini_batch_src_global generation:  5.125999450683594e-05
r_  generation:  0.0003731250762939453
local_output_nid generation:  3.0279159545898438e-05
local_in_edges_tensor generation:  0.00015115737915039062
mini_batch_src_global generation:  7.677078247070312e-05
r_  generation:  0.000728607177734375
local_output_nid generation:  1.9073486328125e-05
local_in_edges_tensor generation:  0.00014090538024902344
mini_batch_src_global generation:  6.437301635742188e-05
r_  generation:  0.0004277229309082031
local_output_nid generation:  9.5367431640625e-06
local_in_edges_tensor generation:  0.00012373924255371094
mini_batch_src_global generation:  4.100799560546875e-05
r_  generation:  0.00020503997802734375
local_output_nid generation:  1.5020370483398438e-05
local_in_edges_tensor generation:  0.00012159347534179688
mini_batch_src_global generation:  4.100799560546875e-05
r_  generation:  0.0003154277801513672
local_output_nid generation:  2.1457672119140625e-05
local_in_edges_tensor generation:  0.00013303756713867188
mini_batch_src_global generation:  5.793571472167969e-05
r_  generation:  0.0005207061767578125
local_output_nid generation:  2.0265579223632812e-05
local_in_edges_tensor generation:  0.0001327991485595703
mini_batch_src_global generation:  5.53131103515625e-05
r_  generation:  0.00040721893310546875
local_output_nid generation:  2.6226043701171875e-05
local_in_edges_tensor generation:  0.00014352798461914062
mini_batch_src_global generation:  6.818771362304688e-05
r_  generation:  0.0006899833679199219
local_output_nid generation:  2.8371810913085938e-05
local_in_edges_tensor generation:  0.00015425682067871094
mini_batch_src_global generation:  7.963180541992188e-05
r_  generation:  0.0006439685821533203
local_output_nid generation:  1.430511474609375e-05
local_in_edges_tensor generation:  0.00012612342834472656
mini_batch_src_global generation:  5.340576171875e-05
r_  generation:  0.00031566619873046875
local_output_nid generation:  1.6689300537109375e-05
local_in_edges_tensor generation:  0.00012803077697753906
mini_batch_src_global generation:  4.57763671875e-05
r_  generation:  0.0003478527069091797
local_output_nid generation:  2.193450927734375e-05
local_in_edges_tensor generation:  0.0001308917999267578
mini_batch_src_global generation:  5.7220458984375e-05
r_  generation:  0.0004906654357910156
local_output_nid generation:  2.002716064453125e-05
local_in_edges_tensor generation:  0.0001747608184814453
mini_batch_src_global generation:  6.246566772460938e-05
r_  generation:  0.0004780292510986328
local_output_nid generation:  1.0251998901367188e-05
local_in_edges_tensor generation:  0.00012445449829101562
mini_batch_src_global generation:  4.2438507080078125e-05
r_  generation:  0.0002346038818359375
----------------------check_connections_block total spend ----------------------------- 0.012751579284667969
generate_one_block  0.0014884471893310547
generate_one_block  0.0013861656188964844
generate_one_block  0.0014405250549316406
generate_one_block  0.002076864242553711
generate_one_block  0.0014650821685791016
generate_one_block  0.0011734962463378906
generate_one_block  0.0013763904571533203
generate_one_block  0.001596689224243164
generate_one_block  0.0014102458953857422
generate_one_block  0.0016679763793945312
generate_one_block  0.0017158985137939453
generate_one_block  0.0013740062713623047
generate_one_block  0.001340627670288086
generate_one_block  0.0015249252319335938
generate_one_block  0.0014312267303466797
generate_one_block  0.0011856555938720703
The real block id is  1
get_global_graph_edges_ids_block function  spend 0.0007190704345703125
gen group dst list time:  0.00032448768615722656
time for parepare:  0.0001983642578125
local_output_nid generation:  4.9591064453125e-05
local_in_edges_tensor generation:  0.00034499168395996094
mini_batch_src_global generation:  0.00015544891357421875
r_  generation:  0.001176595687866211
local_output_nid generation:  4.7206878662109375e-05
local_in_edges_tensor generation:  0.00018310546875
mini_batch_src_global generation:  0.0001304149627685547
r_  generation:  0.0010676383972167969
local_output_nid generation:  5.53131103515625e-05
local_in_edges_tensor generation:  0.0002009868621826172
mini_batch_src_global generation:  0.00012731552124023438
r_  generation:  0.001203298568725586
local_output_nid generation:  7.390975952148438e-05
local_in_edges_tensor generation:  0.00021982192993164062
mini_batch_src_global generation:  0.000164031982421875
r_  generation:  0.0016379356384277344
local_output_nid generation:  5.650520324707031e-05
local_in_edges_tensor generation:  0.00019288063049316406
mini_batch_src_global generation:  0.00012993812561035156
r_  generation:  0.0011453628540039062
local_output_nid generation:  3.457069396972656e-05
local_in_edges_tensor generation:  0.00015664100646972656
mini_batch_src_global generation:  9.036064147949219e-05
r_  generation:  0.0007076263427734375
local_output_nid generation:  4.291534423828125e-05
local_in_edges_tensor generation:  0.0001678466796875
mini_batch_src_global generation:  9.369850158691406e-05
r_  generation:  0.0009715557098388672
local_output_nid generation:  6.175041198730469e-05
local_in_edges_tensor generation:  0.00021076202392578125
mini_batch_src_global generation:  0.00012087821960449219
r_  generation:  0.0012574195861816406
local_output_nid generation:  5.2928924560546875e-05
local_in_edges_tensor generation:  0.00018143653869628906
mini_batch_src_global generation:  0.00011539459228515625
r_  generation:  0.001117706298828125
local_output_nid generation:  6.651878356933594e-05
local_in_edges_tensor generation:  0.00021028518676757812
mini_batch_src_global generation:  0.0001373291015625
r_  generation:  0.0013651847839355469
local_output_nid generation:  7.367134094238281e-05
local_in_edges_tensor generation:  0.000213623046875
mini_batch_src_global generation:  0.0001461505889892578
r_  generation:  0.0015909671783447266
local_output_nid generation:  5.0067901611328125e-05
local_in_edges_tensor generation:  0.0001888275146484375
mini_batch_src_global generation:  0.00011086463928222656
r_  generation:  0.0009434223175048828
local_output_nid generation:  4.482269287109375e-05
local_in_edges_tensor generation:  0.00017023086547851562
mini_batch_src_global generation:  9.894371032714844e-05
r_  generation:  0.0008933544158935547
local_output_nid generation:  5.841255187988281e-05
local_in_edges_tensor generation:  0.00019073486328125
mini_batch_src_global generation:  0.00011897087097167969
r_  generation:  0.0012164115905761719
local_output_nid generation:  4.887580871582031e-05
local_in_edges_tensor generation:  0.00017762184143066406
mini_batch_src_global generation:  0.00010919570922851562
r_  generation:  0.0009891986846923828
local_output_nid generation:  3.266334533691406e-05
local_in_edges_tensor generation:  0.00015425682067871094
mini_batch_src_global generation:  8.416175842285156e-05
r_  generation:  0.0006763935089111328
----------------------check_connections_block total spend ----------------------------- 0.028667688369750977
generate_one_block  0.00244140625
generate_one_block  0.002264261245727539
generate_one_block  0.002374887466430664
generate_one_block  0.002778291702270508
generate_one_block  0.002279520034790039
generate_one_block  0.0017545223236083984
generate_one_block  0.002028226852416992
generate_one_block  0.003398895263671875
generate_one_block  0.00220489501953125
generate_one_block  0.0025124549865722656
generate_one_block  0.002694845199584961
generate_one_block  0.0020689964294433594
generate_one_block  0.002008199691772461
generate_one_block  0.002361774444580078
generate_one_block  0.0020973682403564453
generate_one_block  0.0017285346984863281
The real block id is  0
get_global_graph_edges_ids_block function  spend 0.0007412433624267578
gen group dst list time:  0.0006604194641113281
time for parepare:  0.00017714500427246094
local_output_nid generation:  8.940696716308594e-05
local_in_edges_tensor generation:  0.00039267539978027344
mini_batch_src_global generation:  0.00013828277587890625
r_  generation:  0.002019643783569336
local_output_nid generation:  0.00012111663818359375
local_in_edges_tensor generation:  0.0002663135528564453
mini_batch_src_global generation:  0.0002319812774658203
r_  generation:  0.002206563949584961
local_output_nid generation:  0.00011563301086425781
local_in_edges_tensor generation:  0.00028705596923828125
mini_batch_src_global generation:  0.00021123886108398438
r_  generation:  0.002225637435913086
local_output_nid generation:  0.00012540817260742188
local_in_edges_tensor generation:  0.0003342628479003906
mini_batch_src_global generation:  0.0002396106719970703
r_  generation:  0.0025734901428222656
local_output_nid generation:  0.00011205673217773438
local_in_edges_tensor generation:  0.00027298927307128906
mini_batch_src_global generation:  0.0002276897430419922
r_  generation:  0.002199411392211914
local_output_nid generation:  8.58306884765625e-05
local_in_edges_tensor generation:  0.00023245811462402344
mini_batch_src_global generation:  0.00016736984252929688
r_  generation:  0.0017535686492919922
local_output_nid generation:  9.1552734375e-05
local_in_edges_tensor generation:  0.00024127960205078125
mini_batch_src_global generation:  0.0001633167266845703
r_  generation:  0.001750946044921875
local_output_nid generation:  0.00010609626770019531
local_in_edges_tensor generation:  0.00026869773864746094
mini_batch_src_global generation:  0.00018668174743652344
r_  generation:  0.002016305923461914
local_output_nid generation:  0.0001049041748046875
local_in_edges_tensor generation:  0.00025725364685058594
mini_batch_src_global generation:  0.00018596649169921875
r_  generation:  0.002086162567138672
local_output_nid generation:  0.00011205673217773438
local_in_edges_tensor generation:  0.00026917457580566406
mini_batch_src_global generation:  0.0001952648162841797
r_  generation:  0.002277374267578125
local_output_nid generation:  0.00012350082397460938
local_in_edges_tensor generation:  0.00028634071350097656
mini_batch_src_global generation:  0.00020837783813476562
r_  generation:  0.0024738311767578125
local_output_nid generation:  9.846687316894531e-05
local_in_edges_tensor generation:  0.00024580955505371094
mini_batch_src_global generation:  0.00018072128295898438
r_  generation:  0.0018796920776367188
local_output_nid generation:  9.441375732421875e-05
local_in_edges_tensor generation:  0.0002384185791015625
mini_batch_src_global generation:  0.00016880035400390625
r_  generation:  0.0017845630645751953
local_output_nid generation:  0.00010538101196289062
local_in_edges_tensor generation:  0.00025963783264160156
mini_batch_src_global generation:  0.00018286705017089844
r_  generation:  0.0020639896392822266
local_output_nid generation:  9.751319885253906e-05
local_in_edges_tensor generation:  0.0002455711364746094
mini_batch_src_global generation:  0.0001773834228515625
r_  generation:  0.0018734931945800781
local_output_nid generation:  7.009506225585938e-05
local_in_edges_tensor generation:  0.00020503997802734375
mini_batch_src_global generation:  0.00014400482177734375
r_  generation:  0.0013778209686279297
----------------------check_connections_block total spend ----------------------------- 0.049286842346191406
generate_one_block  0.0036389827728271484
generate_one_block  0.004121541976928711
generate_one_block  0.003319978713989258
generate_one_block  0.004020214080810547
generate_one_block  0.0032987594604492188
generate_one_block  0.0027735233306884766
generate_one_block  0.0028464794158935547
generate_one_block  0.003221750259399414
generate_one_block  0.003332376480102539
generate_one_block  0.003384828567504883
generate_one_block  0.0036377906799316406
generate_one_block  0.003115415573120117
generate_one_block  0.0030336380004882812
generate_one_block  0.003334522247314453
generate_one_block  0.003116130828857422
generate_one_block  0.002651691436767578
-----------------------------------------after block dataloader generation 
 Nvidia-smi: 1.0174560546875 GB
    Memory Allocated: 0.00018787384033203125  GigaBytes
Max Memory Allocated: 0.00018787384033203125  GigaBytes

connection checking time:  0.09608078002929688
block generation total time  0.13144469261169434
average batch blocks generation time:  0.008215293288230896
----------------------------------------before batch_pred = model(blocks, batch_inputs) 
 Nvidia-smi: 1.0936279296875 GB
    Memory Allocated: 0.010648250579833984  GigaBytes
Max Memory Allocated: 0.010648250579833984  GigaBytes

torch.Size([1942, 1433])
torch.Size([1384, 16])
torch.Size([701, 16])
torch.Size([249, 16])
-----------------------------------------batch_pred = model(blocks, batch_inputs) 
 Nvidia-smi: 1.2537841796875 GB
    Memory Allocated: 0.011289596557617188  GigaBytes
Max Memory Allocated: 0.01129150390625  GigaBytes

----------------------------------------before batch_pred = model(blocks, batch_inputs) 
 Nvidia-smi: 1.2655029296875 GB
    Memory Allocated: 0.012177467346191406  GigaBytes
Max Memory Allocated: 0.022458553314208984  GigaBytes

torch.Size([2042, 1433])
torch.Size([1452, 16])
torch.Size([642, 16])
torch.Size([175, 16])
-----------------------------------------batch_pred = model(blocks, batch_inputs) 
 Nvidia-smi: 1.2655029296875 GB
    Memory Allocated: 0.012789249420166016  GigaBytes
Max Memory Allocated: 0.022458553314208984  GigaBytes

----------------------------------------before batch_pred = model(blocks, batch_inputs) 
 Nvidia-smi: 1.2655029296875 GB
    Memory Allocated: 0.012185096740722656  GigaBytes
Max Memory Allocated: 0.02380990982055664  GigaBytes

torch.Size([2015, 1433])
torch.Size([1523, 16])
torch.Size([718, 16])
torch.Size([201, 16])
-----------------------------------------batch_pred = model(blocks, batch_inputs) 
 Nvidia-smi: 1.2655029296875 GB
    Memory Allocated: 0.012848854064941406  GigaBytes
Max Memory Allocated: 0.02380990982055664  GigaBytes

----------------------------------------before batch_pred = model(blocks, batch_inputs) 
 Nvidia-smi: 1.2791748046875 GB
    Memory Allocated: 0.012288570404052734  GigaBytes
Max Memory Allocated: 0.023883819580078125  GigaBytes

torch.Size([2209, 1433])
torch.Size([1793, 16])
torch.Size([1069, 16])
torch.Size([403, 16])
-----------------------------------------batch_pred = model(blocks, batch_inputs) 
 Nvidia-smi: 1.2791748046875 GB
    Memory Allocated: 0.013196468353271484  GigaBytes
Max Memory Allocated: 0.023883819580078125  GigaBytes

----------------------------------------before batch_pred = model(blocks, batch_inputs) 
 Nvidia-smi: 1.2791748046875 GB
    Memory Allocated: 0.012183189392089844  GigaBytes
Max Memory Allocated: 0.023883819580078125  GigaBytes

torch.Size([2013, 1433])
torch.Size([1488, 16])
torch.Size([689, 16])
torch.Size([224, 16])
-----------------------------------------batch_pred = model(blocks, batch_inputs) 
 Nvidia-smi: 1.2791748046875 GB
    Memory Allocated: 0.012835025787353516  GigaBytes
Max Memory Allocated: 0.023883819580078125  GigaBytes

----------------------------------------before batch_pred = model(blocks, batch_inputs) 
 Nvidia-smi: 1.2791748046875 GB
    Memory Allocated: 0.010109901428222656  GigaBytes
Max Memory Allocated: 0.023883819580078125  GigaBytes

torch.Size([1812, 1433])
torch.Size([1073, 16])
torch.Size([424, 16])
torch.Size([89, 16])
-----------------------------------------batch_pred = model(blocks, batch_inputs) 
 Nvidia-smi: 1.2791748046875 GB
    Memory Allocated: 0.010546207427978516  GigaBytes
Max Memory Allocated: 0.023883819580078125  GigaBytes

----------------------------------------before batch_pred = model(blocks, batch_inputs) 
 Nvidia-smi: 1.2791748046875 GB
    Memory Allocated: 0.009783267974853516  GigaBytes
Max Memory Allocated: 0.023883819580078125  GigaBytes

torch.Size([1749, 1433])
torch.Size([1179, 16])
torch.Size([552, 16])
torch.Size([177, 16])
-----------------------------------------batch_pred = model(blocks, batch_inputs) 
 Nvidia-smi: 1.2791748046875 GB
    Memory Allocated: 0.010304450988769531  GigaBytes
Max Memory Allocated: 0.023883819580078125  GigaBytes

----------------------------------------before batch_pred = model(blocks, batch_inputs) 
 Nvidia-smi: 1.2791748046875 GB
    Memory Allocated: 0.010833263397216797  GigaBytes
Max Memory Allocated: 0.023883819580078125  GigaBytes

torch.Size([1941, 1433])
torch.Size([1466, 16])
torch.Size([795, 16])
torch.Size([289, 16])
-----------------------------------------batch_pred = model(blocks, batch_inputs) 
 Nvidia-smi: 1.2791748046875 GB
    Memory Allocated: 0.01153707504272461  GigaBytes
Max Memory Allocated: 0.023883819580078125  GigaBytes

----------------------------------------before batch_pred = model(blocks, batch_inputs) 
 Nvidia-smi: 1.2791748046875 GB
    Memory Allocated: 0.012182235717773438  GigaBytes
Max Memory Allocated: 0.023883819580078125  GigaBytes

torch.Size([2053, 1433])
torch.Size([1458, 16])
torch.Size([682, 16])
torch.Size([235, 16])
-----------------------------------------batch_pred = model(blocks, batch_inputs) 
 Nvidia-smi: 1.2791748046875 GB
    Memory Allocated: 0.012830734252929688  GigaBytes
Max Memory Allocated: 0.023883819580078125  GigaBytes

----------------------------------------before batch_pred = model(blocks, batch_inputs) 
 Nvidia-smi: 1.2791748046875 GB
    Memory Allocated: 0.012200355529785156  GigaBytes
Max Memory Allocated: 0.023883819580078125  GigaBytes

torch.Size([2118, 1433])
torch.Size([1588, 16])
torch.Size([870, 16])
torch.Size([356, 16])
-----------------------------------------batch_pred = model(blocks, batch_inputs) 
 Nvidia-smi: 1.2791748046875 GB
    Memory Allocated: 0.012978076934814453  GigaBytes
Max Memory Allocated: 0.023883819580078125  GigaBytes

----------------------------------------before batch_pred = model(blocks, batch_inputs) 
 Nvidia-smi: 1.2791748046875 GB
    Memory Allocated: 0.012331008911132812  GigaBytes
Max Memory Allocated: 0.02393198013305664  GigaBytes

torch.Size([2218, 1433])
torch.Size([1756, 16])
torch.Size([1001, 16])
torch.Size([359, 16])
-----------------------------------------batch_pred = model(blocks, batch_inputs) 
 Nvidia-smi: 1.2791748046875 GB
    Memory Allocated: 0.013185977935791016  GigaBytes
Max Memory Allocated: 0.02393198013305664  GigaBytes

----------------------------------------before batch_pred = model(blocks, batch_inputs) 
 Nvidia-smi: 1.2791748046875 GB
    Memory Allocated: 0.010990142822265625  GigaBytes
Max Memory Allocated: 0.02393198013305664  GigaBytes

torch.Size([1974, 1433])
torch.Size([1321, 16])
torch.Size([610, 16])
torch.Size([164, 16])
-----------------------------------------batch_pred = model(blocks, batch_inputs) 
 Nvidia-smi: 1.2791748046875 GB
    Memory Allocated: 0.011560916900634766  GigaBytes
Max Memory Allocated: 0.02393198013305664  GigaBytes

----------------------------------------before batch_pred = model(blocks, batch_inputs) 
 Nvidia-smi: 1.2791748046875 GB
    Memory Allocated: 0.010625362396240234  GigaBytes
Max Memory Allocated: 0.02393198013305664  GigaBytes

torch.Size([1906, 1433])
torch.Size([1260, 16])
torch.Size([573, 16])
torch.Size([202, 16])
-----------------------------------------batch_pred = model(blocks, batch_inputs) 
 Nvidia-smi: 1.2791748046875 GB
    Memory Allocated: 0.011182308197021484  GigaBytes
Max Memory Allocated: 0.02393198013305664  GigaBytes

----------------------------------------before batch_pred = model(blocks, batch_inputs) 
 Nvidia-smi: 1.2791748046875 GB
    Memory Allocated: 0.012188911437988281  GigaBytes
Max Memory Allocated: 0.02393198013305664  GigaBytes

torch.Size([2060, 1433])
torch.Size([1481, 16])
torch.Size([750, 16])
torch.Size([275, 16])
-----------------------------------------batch_pred = model(blocks, batch_inputs) 
 Nvidia-smi: 1.2791748046875 GB
    Memory Allocated: 0.01287984848022461  GigaBytes
Max Memory Allocated: 0.02393198013305664  GigaBytes

----------------------------------------before batch_pred = model(blocks, batch_inputs) 
 Nvidia-smi: 1.2791748046875 GB
    Memory Allocated: 0.011016368865966797  GigaBytes
Max Memory Allocated: 0.02393198013305664  GigaBytes

torch.Size([1978, 1433])
torch.Size([1321, 16])
torch.Size([624, 16])
torch.Size([250, 16])
-----------------------------------------batch_pred = model(blocks, batch_inputs) 
 Nvidia-smi: 1.2791748046875 GB
    Memory Allocated: 0.011617660522460938  GigaBytes
Max Memory Allocated: 0.02393198013305664  GigaBytes

----------------------------------------before batch_pred = model(blocks, batch_inputs) 
 Nvidia-smi: 1.2791748046875 GB
    Memory Allocated: 0.00878286361694336  GigaBytes
Max Memory Allocated: 0.02393198013305664  GigaBytes

torch.Size([1565, 1433])
torch.Size([904, 16])
torch.Size([401, 16])
torch.Size([104, 16])
-----------------------------------------batch_pred = model(blocks, batch_inputs) 
 Nvidia-smi: 1.2791748046875 GB
    Memory Allocated: 0.009169578552246094  GigaBytes
Max Memory Allocated: 0.02393198013305664  GigaBytes

times | data loading | block to device | model prediction | loss calculation | loss backward |  optimizer step |
      |0.004880204796791077 |0.023624569177627563 |0.05333569645881653 |0.00011730194091796875 |0.0044096410274505615 |0.002911806106567383 |
----------------------------------------------------------pseudo_mini_loss sum 3.2743022441864014
 Run 0| Epoch 0 |
Number of nodes for computation during this epoch:  69658
Number of first layer input nodes during this epoch:  31595
----------------------------------------before generate_dataloader_block 
 Nvidia-smi: 1.2791748046875 GB
    Memory Allocated: 0.009279251098632812  GigaBytes
Max Memory Allocated: 0.02393198013305664  GigaBytes

The real block id is  4
get_global_graph_edges_ids_block function  spend 0.0005505084991455078
range selection method range initialization spend 7.343292236328125e-05
time for parepare:  7.867813110351562e-05
local_output_nid generation:  7.152557373046875e-06
local_in_edges_tensor generation:  0.00018143653869628906
mini_batch_src_global generation:  2.7418136596679688e-05
r_  generation:  3.62396240234375e-05
local_output_nid generation:  5.4836273193359375e-06
local_in_edges_tensor generation:  0.00011897087097167969
mini_batch_src_global generation:  1.811981201171875e-05
r_  generation:  2.6941299438476562e-05
local_output_nid generation:  5.0067901611328125e-06
local_in_edges_tensor generation:  0.00011038780212402344
mini_batch_src_global generation:  2.7894973754882812e-05
r_  generation:  2.7179718017578125e-05
local_output_nid generation:  4.291534423828125e-06
local_in_edges_tensor generation:  0.0001049041748046875
mini_batch_src_global generation:  1.33514404296875e-05
r_  generation:  2.0503997802734375e-05
local_output_nid generation:  4.291534423828125e-06
local_in_edges_tensor generation:  8.96453857421875e-05
mini_batch_src_global generation:  1.4781951904296875e-05
r_  generation:  3.719329833984375e-05
local_output_nid generation:  3.337860107421875e-06
local_in_edges_tensor generation:  0.00010180473327636719
mini_batch_src_global generation:  1.5020370483398438e-05
r_  generation:  2.0742416381835938e-05
local_output_nid generation:  4.5299530029296875e-06
local_in_edges_tensor generation:  9.1552734375e-05
mini_batch_src_global generation:  1.3828277587890625e-05
r_  generation:  2.1219253540039062e-05
local_output_nid generation:  4.0531158447265625e-06
local_in_edges_tensor generation:  8.988380432128906e-05
mini_batch_src_global generation:  1.33514404296875e-05
r_  generation:  1.9311904907226562e-05
local_output_nid generation:  4.291534423828125e-06
local_in_edges_tensor generation:  8.893013000488281e-05
mini_batch_src_global generation:  1.3828277587890625e-05
r_  generation:  2.5033950805664062e-05
local_output_nid generation:  4.0531158447265625e-06
local_in_edges_tensor generation:  8.96453857421875e-05
mini_batch_src_global generation:  1.3828277587890625e-05
r_  generation:  2.0742416381835938e-05
local_output_nid generation:  4.291534423828125e-06
local_in_edges_tensor generation:  8.797645568847656e-05
mini_batch_src_global generation:  1.3828277587890625e-05
r_  generation:  2.2411346435546875e-05
local_output_nid generation:  4.0531158447265625e-06
local_in_edges_tensor generation:  0.00010776519775390625
mini_batch_src_global generation:  1.430511474609375e-05
r_  generation:  2.2649765014648438e-05
local_output_nid generation:  4.291534423828125e-06
local_in_edges_tensor generation:  9.369850158691406e-05
mini_batch_src_global generation:  1.5974044799804688e-05
r_  generation:  4.124641418457031e-05
local_output_nid generation:  3.5762786865234375e-06
local_in_edges_tensor generation:  9.441375732421875e-05
mini_batch_src_global generation:  1.52587890625e-05
r_  generation:  2.384185791015625e-05
local_output_nid generation:  4.0531158447265625e-06
local_in_edges_tensor generation:  9.417533874511719e-05
mini_batch_src_global generation:  1.5735626220703125e-05
r_  generation:  3.0040740966796875e-05
local_output_nid generation:  3.0994415283203125e-06
local_in_edges_tensor generation:  9.250640869140625e-05
mini_batch_src_global generation:  1.4066696166992188e-05
r_  generation:  1.811981201171875e-05
----------------------check_connections_block total spend ----------------------------- 0.0030975341796875
generate_one_block  0.001138448715209961
generate_one_block  0.0012543201446533203
generate_one_block  0.0009627342224121094
generate_one_block  0.0009489059448242188
generate_one_block  0.0010111331939697266
generate_one_block  0.0009503364562988281
generate_one_block  0.0009522438049316406
generate_one_block  0.0009875297546386719
generate_one_block  0.0009968280792236328
generate_one_block  0.0009512901306152344
generate_one_block  0.0009555816650390625
generate_one_block  0.0009591579437255859
generate_one_block  0.0009722709655761719
generate_one_block  0.0009531974792480469
generate_one_block  0.0010254383087158203
generate_one_block  0.0010023117065429688
The real block id is  3
get_global_graph_edges_ids_block function  spend 0.0006041526794433594
gen group dst list time:  9.322166442871094e-05
time for parepare:  0.00015163421630859375
local_output_nid generation:  9.059906005859375e-06
local_in_edges_tensor generation:  0.0001823902130126953
mini_batch_src_global generation:  3.0517578125e-05
r_  generation:  0.00011277198791503906
local_output_nid generation:  5.0067901611328125e-06
local_in_edges_tensor generation:  0.00010657310485839844
mini_batch_src_global generation:  2.5033950805664062e-05
r_  generation:  9.036064147949219e-05
local_output_nid generation:  5.9604644775390625e-06
local_in_edges_tensor generation:  0.00010251998901367188
mini_batch_src_global generation:  2.86102294921875e-05
r_  generation:  0.00014734268188476562
local_output_nid generation:  4.5299530029296875e-06
local_in_edges_tensor generation:  0.00010275840759277344
mini_batch_src_global generation:  2.5987625122070312e-05
r_  generation:  9.989738464355469e-05
local_output_nid generation:  7.867813110351562e-06
local_in_edges_tensor generation:  0.00010514259338378906
mini_batch_src_global generation:  2.5987625122070312e-05
r_  generation:  0.00014472007751464844
local_output_nid generation:  4.0531158447265625e-06
local_in_edges_tensor generation:  0.0001010894775390625
mini_batch_src_global generation:  2.3603439331054688e-05
r_  generation:  9.489059448242188e-05
local_output_nid generation:  5.245208740234375e-06
local_in_edges_tensor generation:  0.00013113021850585938
mini_batch_src_global generation:  2.5272369384765625e-05
r_  generation:  0.00010609626770019531
local_output_nid generation:  5.245208740234375e-06
local_in_edges_tensor generation:  0.00010514259338378906
mini_batch_src_global generation:  2.2649765014648438e-05
r_  generation:  9.894371032714844e-05
local_output_nid generation:  5.4836273193359375e-06
local_in_edges_tensor generation:  0.00010824203491210938
mini_batch_src_global generation:  2.7418136596679688e-05
r_  generation:  0.0001437664031982422
local_output_nid generation:  5.245208740234375e-06
local_in_edges_tensor generation:  0.00010848045349121094
mini_batch_src_global generation:  2.47955322265625e-05
r_  generation:  9.918212890625e-05
local_output_nid generation:  5.4836273193359375e-06
local_in_edges_tensor generation:  0.00010752677917480469
mini_batch_src_global generation:  2.2172927856445312e-05
r_  generation:  0.0001010894775390625
local_output_nid generation:  4.76837158203125e-06
local_in_edges_tensor generation:  9.989738464355469e-05
mini_batch_src_global generation:  2.1219253540039062e-05
r_  generation:  8.511543273925781e-05
local_output_nid generation:  8.821487426757812e-06
local_in_edges_tensor generation:  0.00010514259338378906
mini_batch_src_global generation:  3.147125244140625e-05
r_  generation:  0.00021529197692871094
local_output_nid generation:  6.198883056640625e-06
local_in_edges_tensor generation:  0.00010800361633300781
mini_batch_src_global generation:  2.86102294921875e-05
r_  generation:  0.000118255615234375
local_output_nid generation:  7.62939453125e-06
local_in_edges_tensor generation:  0.00010704994201660156
mini_batch_src_global generation:  2.7894973754882812e-05
r_  generation:  0.0001671314239501953
local_output_nid generation:  3.337860107421875e-06
local_in_edges_tensor generation:  9.965896606445312e-05
mini_batch_src_global generation:  2.384185791015625e-05
r_  generation:  7.939338684082031e-05
----------------------check_connections_block total spend ----------------------------- 0.005272865295410156
generate_one_block  0.0011219978332519531
generate_one_block  0.0010788440704345703
generate_one_block  0.0011258125305175781
generate_one_block  0.0010564327239990234
generate_one_block  0.0011749267578125
generate_one_block  0.0010609626770019531
generate_one_block  0.0010581016540527344
generate_one_block  0.0011131763458251953
generate_one_block  0.001138925552368164
generate_one_block  0.0010561943054199219
generate_one_block  0.0010628700256347656
generate_one_block  0.0011143684387207031
generate_one_block  0.0012059211730957031
generate_one_block  0.001088857650756836
generate_one_block  0.0011398792266845703
generate_one_block  0.0010378360748291016
The real block id is  2
get_global_graph_edges_ids_block function  spend 0.0006885528564453125
gen group dst list time:  0.00014281272888183594
time for parepare:  0.00022029876708984375
local_output_nid generation:  1.8358230590820312e-05
local_in_edges_tensor generation:  0.0002543926239013672
mini_batch_src_global generation:  6.580352783203125e-05
r_  generation:  0.0004138946533203125
local_output_nid generation:  1.4066696166992188e-05
local_in_edges_tensor generation:  0.0001366138458251953
mini_batch_src_global generation:  4.9591064453125e-05
r_  generation:  0.00026535987854003906
local_output_nid generation:  2.5033950805664062e-05
local_in_edges_tensor generation:  0.00014162063598632812
mini_batch_src_global generation:  6.008148193359375e-05
r_  generation:  0.0005617141723632812
local_output_nid generation:  1.7404556274414062e-05
local_in_edges_tensor generation:  0.00014162063598632812
mini_batch_src_global generation:  5.9604644775390625e-05
r_  generation:  0.0004189014434814453
local_output_nid generation:  2.288818359375e-05
local_in_edges_tensor generation:  0.000141143798828125
mini_batch_src_global generation:  5.817413330078125e-05
r_  generation:  0.0004944801330566406
local_output_nid generation:  1.7642974853515625e-05
local_in_edges_tensor generation:  0.000133514404296875
mini_batch_src_global generation:  7.62939453125e-05
r_  generation:  0.00037980079650878906
local_output_nid generation:  1.8596649169921875e-05
local_in_edges_tensor generation:  0.0001380443572998047
mini_batch_src_global generation:  5.364418029785156e-05
r_  generation:  0.0004119873046875
local_output_nid generation:  1.6689300537109375e-05
local_in_edges_tensor generation:  0.0001342296600341797
mini_batch_src_global generation:  5.14984130859375e-05
r_  generation:  0.0003764629364013672
local_output_nid generation:  2.3365020751953125e-05
local_in_edges_tensor generation:  0.00014328956604003906
mini_batch_src_global generation:  5.745887756347656e-05
r_  generation:  0.0004885196685791016
local_output_nid generation:  1.5974044799804688e-05
local_in_edges_tensor generation:  0.00013399124145507812
mini_batch_src_global generation:  5.316734313964844e-05
r_  generation:  0.0003600120544433594
local_output_nid generation:  1.71661376953125e-05
local_in_edges_tensor generation:  0.00013136863708496094
mini_batch_src_global generation:  4.9591064453125e-05
r_  generation:  0.0003561973571777344
local_output_nid generation:  1.33514404296875e-05
local_in_edges_tensor generation:  0.00012826919555664062
mini_batch_src_global generation:  4.553794860839844e-05
r_  generation:  0.0002956390380859375
local_output_nid generation:  3.218650817871094e-05
local_in_edges_tensor generation:  0.0001556873321533203
mini_batch_src_global generation:  7.605552673339844e-05
r_  generation:  0.0007724761962890625
local_output_nid generation:  1.9550323486328125e-05
local_in_edges_tensor generation:  0.00014281272888183594
mini_batch_src_global generation:  6.508827209472656e-05
r_  generation:  0.0004277229309082031
local_output_nid generation:  2.6226043701171875e-05
local_in_edges_tensor generation:  0.00015044212341308594
mini_batch_src_global generation:  6.437301635742188e-05
r_  generation:  0.0005764961242675781
local_output_nid generation:  1.5497207641601562e-05
local_in_edges_tensor generation:  0.00013256072998046875
mini_batch_src_global generation:  5.412101745605469e-05
r_  generation:  0.00034880638122558594
----------------------check_connections_block total spend ----------------------------- 0.01292276382446289
generate_one_block  0.0015413761138916016
generate_one_block  0.0013129711151123047
generate_one_block  0.001684427261352539
generate_one_block  0.0014500617980957031
generate_one_block  0.0015795230865478516
generate_one_block  0.0014188289642333984
generate_one_block  0.0014066696166992188
generate_one_block  0.0019299983978271484
generate_one_block  0.0014805793762207031
generate_one_block  0.0013630390167236328
generate_one_block  0.0013446807861328125
generate_one_block  0.0012590885162353516
generate_one_block  0.0018343925476074219
generate_one_block  0.0014009475708007812
generate_one_block  0.001569509506225586
generate_one_block  0.0013375282287597656
The real block id is  1
get_global_graph_edges_ids_block function  spend 0.0007348060607910156
gen group dst list time:  0.0003154277801513672
time for parepare:  0.00020503997802734375
local_output_nid generation:  5.054473876953125e-05
local_in_edges_tensor generation:  0.000331878662109375
mini_batch_src_global generation:  0.00014829635620117188
r_  generation:  0.0011587142944335938
local_output_nid generation:  3.8623809814453125e-05
local_in_edges_tensor generation:  0.0001773834228515625
mini_batch_src_global generation:  0.00010514259338378906
r_  generation:  0.0007965564727783203
local_output_nid generation:  6.222724914550781e-05
local_in_edges_tensor generation:  0.00021028518676757812
mini_batch_src_global generation:  0.00012445449829101562
r_  generation:  0.0013384819030761719
local_output_nid generation:  5.91278076171875e-05
local_in_edges_tensor generation:  0.00020170211791992188
mini_batch_src_global generation:  0.00013566017150878906
r_  generation:  0.0012726783752441406
local_output_nid generation:  6.723403930664062e-05
local_in_edges_tensor generation:  0.00021123886108398438
mini_batch_src_global generation:  0.00013566017150878906
r_  generation:  0.001371622085571289
local_output_nid generation:  5.221366882324219e-05
local_in_edges_tensor generation:  0.00018858909606933594
mini_batch_src_global generation:  0.00011563301086425781
r_  generation:  0.0010426044464111328
local_output_nid generation:  6.008148193359375e-05
local_in_edges_tensor generation:  0.00019884109497070312
mini_batch_src_global generation:  0.00012183189392089844
r_  generation:  0.0012443065643310547
local_output_nid generation:  4.601478576660156e-05
local_in_edges_tensor generation:  0.00017881393432617188
mini_batch_src_global generation:  0.00011014938354492188
r_  generation:  0.0009577274322509766
local_output_nid generation:  5.745887756347656e-05
local_in_edges_tensor generation:  0.00019741058349609375
mini_batch_src_global generation:  0.00011777877807617188
r_  generation:  0.0012211799621582031
local_output_nid generation:  5.078315734863281e-05
local_in_edges_tensor generation:  0.00018453598022460938
mini_batch_src_global generation:  0.00011181831359863281
r_  generation:  0.0010120868682861328
local_output_nid generation:  4.553794860839844e-05
local_in_edges_tensor generation:  0.00017905235290527344
mini_batch_src_global generation:  0.00010347366333007812
r_  generation:  0.0009300708770751953
local_output_nid generation:  4.1484832763671875e-05
local_in_edges_tensor generation:  0.000171661376953125
mini_batch_src_global generation:  9.632110595703125e-05
r_  generation:  0.0008685588836669922
local_output_nid generation:  8.249282836914062e-05
local_in_edges_tensor generation:  0.00023317337036132812
mini_batch_src_global generation:  0.00014925003051757812
r_  generation:  0.0017018318176269531
local_output_nid generation:  5.1975250244140625e-05
local_in_edges_tensor generation:  0.000186920166015625
mini_batch_src_global generation:  0.00012540817260742188
r_  generation:  0.0010502338409423828
local_output_nid generation:  6.246566772460938e-05
local_in_edges_tensor generation:  0.00019741058349609375
mini_batch_src_global generation:  0.00012540817260742188
r_  generation:  0.0012640953063964844
local_output_nid generation:  4.5299530029296875e-05
local_in_edges_tensor generation:  0.0001704692840576172
mini_batch_src_global generation:  0.00010967254638671875
r_  generation:  0.0009360313415527344
----------------------check_connections_block total spend ----------------------------- 0.02909564971923828
generate_one_block  0.002523183822631836
generate_one_block  0.0018835067749023438
generate_one_block  0.0024149417877197266
generate_one_block  0.002557516098022461
generate_one_block  0.0024750232696533203
generate_one_block  0.002131223678588867
generate_one_block  0.0023462772369384766
generate_one_block  0.00200653076171875
generate_one_block  0.002292156219482422
generate_one_block  0.0020787715911865234
generate_one_block  0.0019762516021728516
generate_one_block  0.0019023418426513672
generate_one_block  0.0031478404998779297
generate_one_block  0.0021805763244628906
generate_one_block  0.0024101734161376953
generate_one_block  0.0020482540130615234
The real block id is  0
get_global_graph_edges_ids_block function  spend 0.0007874965667724609
gen group dst list time:  0.0006458759307861328
time for parepare:  0.00022149085998535156
local_output_nid generation:  0.00010037422180175781
local_in_edges_tensor generation:  0.0004127025604248047
mini_batch_src_global generation:  0.00015854835510253906
r_  generation:  0.002100706100463867
local_output_nid generation:  8.344650268554688e-05
local_in_edges_tensor generation:  0.00024056434631347656
mini_batch_src_global generation:  0.00019359588623046875
r_  generation:  0.0016560554504394531
local_output_nid generation:  0.0001201629638671875
local_in_edges_tensor generation:  0.00028896331787109375
mini_batch_src_global generation:  0.0002460479736328125
r_  generation:  0.0022742748260498047
local_output_nid generation:  0.00010991096496582031
local_in_edges_tensor generation:  0.0002751350402832031
mini_batch_src_global generation:  0.0001938343048095703
r_  generation:  0.0021669864654541016
local_output_nid generation:  0.0001239776611328125
local_in_edges_tensor generation:  0.0002884864807128906
mini_batch_src_global generation:  0.0002028942108154297
r_  generation:  0.0023643970489501953
local_output_nid generation:  0.000102996826171875
local_in_edges_tensor generation:  0.0002579689025878906
mini_batch_src_global generation:  0.0001838207244873047
r_  generation:  0.001955270767211914
local_output_nid generation:  0.0001125335693359375
local_in_edges_tensor generation:  0.00027680397033691406
mini_batch_src_global generation:  0.00019311904907226562
r_  generation:  0.002138376235961914
local_output_nid generation:  9.036064147949219e-05
local_in_edges_tensor generation:  0.00023674964904785156
mini_batch_src_global generation:  0.0001761913299560547
r_  generation:  0.0017361640930175781
local_output_nid generation:  9.965896606445312e-05
local_in_edges_tensor generation:  0.00025773048400878906
mini_batch_src_global generation:  0.00018024444580078125
r_  generation:  0.0020160675048828125
local_output_nid generation:  9.5367431640625e-05
local_in_edges_tensor generation:  0.00024199485778808594
mini_batch_src_global generation:  0.0001685619354248047
r_  generation:  0.001795053482055664
local_output_nid generation:  8.487701416015625e-05
local_in_edges_tensor generation:  0.00023365020751953125
mini_batch_src_global generation:  0.000152587890625
r_  generation:  0.0015625953674316406
local_output_nid generation:  9.012222290039062e-05
local_in_edges_tensor generation:  0.00023484230041503906
mini_batch_src_global generation:  0.0001633167266845703
r_  generation:  0.0017614364624023438
local_output_nid generation:  0.00012540817260742188
local_in_edges_tensor generation:  0.00029015541076660156
mini_batch_src_global generation:  0.00020623207092285156
r_  generation:  0.002487659454345703
local_output_nid generation:  0.000102996826171875
local_in_edges_tensor generation:  0.0002512931823730469
mini_batch_src_global generation:  0.00018525123596191406
r_  generation:  0.0019502639770507812
local_output_nid generation:  0.00011014938354492188
local_in_edges_tensor generation:  0.0002627372741699219
mini_batch_src_global generation:  0.0001933574676513672
r_  generation:  0.0020933151245117188
local_output_nid generation:  9.799003601074219e-05
local_in_edges_tensor generation:  0.00024509429931640625
mini_batch_src_global generation:  0.0001780986785888672
r_  generation:  0.001882791519165039
----------------------check_connections_block total spend ----------------------------- 0.04867196083068848
generate_one_block  0.004216670989990234
generate_one_block  0.0028078556060791016
generate_one_block  0.0033462047576904297
generate_one_block  0.0032470226287841797
generate_one_block  0.0034339427947998047
generate_one_block  0.0030395984649658203
generate_one_block  0.0033092498779296875
generate_one_block  0.002920866012573242
generate_one_block  0.003217458724975586
generate_one_block  0.0030345916748046875
generate_one_block  0.002777099609375
generate_one_block  0.0030083656311035156
generate_one_block  0.004406929016113281
generate_one_block  0.0032050609588623047
generate_one_block  0.0032806396484375
generate_one_block  0.0030584335327148438
-----------------------------------------after block dataloader generation 
 Nvidia-smi: 1.2791748046875 GB
    Memory Allocated: 0.009279251098632812  GigaBytes
Max Memory Allocated: 0.02393198013305664  GigaBytes

connection checking time:  0.0959632396697998
block generation total time  0.1302332878112793
average batch blocks generation time:  0.008139580488204956
block dataloader generation time/epoch 0.2722055912017822
----------------------------------------before batch_pred = model(blocks, batch_inputs) 
 Nvidia-smi: 1.2791748046875 GB
    Memory Allocated: 0.011545658111572266  GigaBytes
Max Memory Allocated: 0.02393198013305664  GigaBytes

torch.Size([2008, 1433])
torch.Size([1414, 16])
torch.Size([688, 16])
torch.Size([215, 16])
-----------------------------------------batch_pred = model(blocks, batch_inputs) 
 Nvidia-smi: 1.2791748046875 GB
    Memory Allocated: 0.01217794418334961  GigaBytes
Max Memory Allocated: 0.02393198013305664  GigaBytes

----------------------------------------before batch_pred = model(blocks, batch_inputs) 
 Nvidia-smi: 1.2791748046875 GB
    Memory Allocated: 0.009914875030517578  GigaBytes
Max Memory Allocated: 0.02393198013305664  GigaBytes

torch.Size([1707, 1433])
torch.Size([1048, 16])
torch.Size([456, 16])
torch.Size([151, 16])
-----------------------------------------batch_pred = model(blocks, batch_inputs) 
 Nvidia-smi: 1.2791748046875 GB
    Memory Allocated: 0.010371208190917969  GigaBytes
Max Memory Allocated: 0.02393198013305664  GigaBytes

----------------------------------------before batch_pred = model(blocks, batch_inputs) 
 Nvidia-smi: 1.2791748046875 GB
    Memory Allocated: 0.0125579833984375  GigaBytes
Max Memory Allocated: 0.02393198013305664  GigaBytes

torch.Size([2104, 1433])
torch.Size([1531, 16])
torch.Size([818, 16])
torch.Size([320, 16])
-----------------------------------------batch_pred = model(blocks, batch_inputs) 
 Nvidia-smi: 1.2791748046875 GB
    Memory Allocated: 0.013289928436279297  GigaBytes
Max Memory Allocated: 0.02393198013305664  GigaBytes

----------------------------------------before batch_pred = model(blocks, batch_inputs) 
 Nvidia-smi: 1.2791748046875 GB
    Memory Allocated: 0.01255035400390625  GigaBytes
Max Memory Allocated: 0.024174213409423828  GigaBytes

torch.Size([2035, 1433])
torch.Size([1451, 16])
torch.Size([736, 16])
torch.Size([202, 16])
-----------------------------------------batch_pred = model(blocks, batch_inputs) 
 Nvidia-smi: 1.2791748046875 GB
    Memory Allocated: 0.013203144073486328  GigaBytes
Max Memory Allocated: 0.024174213409423828  GigaBytes

----------------------------------------before batch_pred = model(blocks, batch_inputs) 
 Nvidia-smi: 1.2791748046875 GB
    Memory Allocated: 0.012558937072753906  GigaBytes
Max Memory Allocated: 0.024174213409423828  GigaBytes

torch.Size([2149, 1433])
torch.Size([1604, 16])
torch.Size([849, 16])
torch.Size([283, 16])
-----------------------------------------batch_pred = model(blocks, batch_inputs) 
 Nvidia-smi: 1.2791748046875 GB
    Memory Allocated: 0.013309001922607422  GigaBytes
Max Memory Allocated: 0.024174213409423828  GigaBytes

----------------------------------------before batch_pred = model(blocks, batch_inputs) 
 Nvidia-smi: 1.2791748046875 GB
    Memory Allocated: 0.011003971099853516  GigaBytes
Max Memory Allocated: 0.024174213409423828  GigaBytes

torch.Size([1908, 1433])
torch.Size([1301, 16])
torch.Size([628, 16])
torch.Size([206, 16])
-----------------------------------------batch_pred = model(blocks, batch_inputs) 
 Nvidia-smi: 1.2791748046875 GB
    Memory Allocated: 0.011585712432861328  GigaBytes
Max Memory Allocated: 0.024174213409423828  GigaBytes

----------------------------------------before batch_pred = model(blocks, batch_inputs) 
 Nvidia-smi: 1.2791748046875 GB
    Memory Allocated: 0.012548446655273438  GigaBytes
Max Memory Allocated: 0.024174213409423828  GigaBytes

torch.Size([2078, 1433])
torch.Size([1501, 16])
torch.Size([740, 16])
torch.Size([206, 16])
-----------------------------------------batch_pred = model(blocks, batch_inputs) 
 Nvidia-smi: 1.2791748046875 GB
    Memory Allocated: 0.013210773468017578  GigaBytes
Max Memory Allocated: 0.024174213409423828  GigaBytes

----------------------------------------before batch_pred = model(blocks, batch_inputs) 
 Nvidia-smi: 1.2791748046875 GB
    Memory Allocated: 0.01069498062133789  GigaBytes
Max Memory Allocated: 0.024174213409423828  GigaBytes

torch.Size([1851, 1433])Using backend: pytorch

torch.Size([1210, 16])
torch.Size([551, 16])
torch.Size([173, 16])
-----------------------------------------batch_pred = model(blocks, batch_inputs) 
 Nvidia-smi: 1.2791748046875 GB
    Memory Allocated: 0.011225700378417969  GigaBytes
Max Memory Allocated: 0.024174213409423828  GigaBytes

----------------------------------------before batch_pred = model(blocks, batch_inputs) 
 Nvidia-smi: 1.2791748046875 GB
    Memory Allocated: 0.011410713195800781  GigaBytes
Max Memory Allocated: 0.024174213409423828  GigaBytes

torch.Size([1982, 1433])
torch.Size([1435, 16])
torch.Size([730, 16])
torch.Size([281, 16])
-----------------------------------------batch_pred = model(blocks, batch_inputs) 
 Nvidia-smi: 1.2791748046875 GB
    Memory Allocated: 0.012083053588867188  GigaBytes
Max Memory Allocated: 0.024174213409423828  GigaBytes

----------------------------------------before batch_pred = model(blocks, batch_inputs) 
 Nvidia-smi: 1.2791748046875 GB
    Memory Allocated: 0.010708332061767578  GigaBytes
Max Memory Allocated: 0.024174213409423828  GigaBytes

torch.Size([1853, 1433])
torch.Size([1259, 16])
torch.Size([598, 16])
torch.Size([180, 16])
-----------------------------------------batch_pred = model(blocks, batch_inputs) 
 Nvidia-smi: 1.2791748046875 GB
    Memory Allocated: 0.01126718521118164  GigaBytes
Max Memory Allocated: 0.024174213409423828  GigaBytes

----------------------------------------before batch_pred = model(blocks, batch_inputs) 
 Nvidia-smi: 1.2791748046875 GB
    Memory Allocated: 0.009804248809814453  GigaBytes
Max Memory Allocated: 0.024174213409423828  GigaBytes

torch.Size([1685, 1433])
torch.Size([1089, 16])
torch.Size([550, 16])
torch.Size([177, 16])
-----------------------------------------batch_pred = model(blocks, batch_inputs) 
 Nvidia-smi: 1.2791748046875 GB
    Memory Allocated: 0.010310173034667969  GigaBytes
Max Memory Allocated: 0.024174213409423828  GigaBytes

----------------------------------------before batch_pred = model(blocks, batch_inputs) 
 Nvidia-smi: 1.2791748046875 GB
    Memory Allocated: 0.010825634002685547  GigaBytes
Max Memory Allocated: 0.024174213409423828  GigaBytes

torch.Size([1876, 1433])
torch.Size([1193, 16])
torch.Size([476, 16])
torch.Size([140, 16])
-----------------------------------------batch_pred = model(blocks, batch_inputs) 
 Nvidia-smi: 1.2791748046875 GB
    Memory Allocated: 0.011324882507324219  GigaBytes
Max Memory Allocated: 0.024174213409423828  GigaBytes

----------------------------------------before batch_pred = model(blocks, batch_inputs) 
 Nvidia-smi: 1.2791748046875 GB
    Memory Allocated: 0.012707233428955078  GigaBytes
Max Memory Allocated: 0.024174213409423828  GigaBytes

torch.Size([2219, 1433])
torch.Size([1793, 16])
torch.Size([1090, 16])
torch.Size([402, 16])
-----------------------------------------batch_pred = model(blocks, batch_inputs) 
 Nvidia-smi: 1.2791748046875 GB
    Memory Allocated: 0.01361989974975586  GigaBytes
Max Memory Allocated: 0.024174213409423828  GigaBytes

----------------------------------------before batch_pred = model(blocks, batch_inputs) 
 Nvidia-smi: 1.2791748046875 GB
    Memory Allocated: 0.011232852935791016  GigaBytes
Max Memory Allocated: 0.024174213409423828  GigaBytes

torch.Size([1950, 1433])
torch.Size([1354, 16])
torch.Size([612, 16])
torch.Size([213, 16])
-----------------------------------------batch_pred = model(blocks, batch_inputs) 
 Nvidia-smi: 1.2791748046875 GB
    Memory Allocated: 0.011830329895019531  GigaBytes
Max Memory Allocated: 0.024174213409423828  GigaBytes

----------------------------------------before batch_pred = model(blocks, batch_inputs) 
 Nvidia-smi: 1.2791748046875 GB
    Memory Allocated: 0.012556076049804688  GigaBytes
Max Memory Allocated: 0.024174213409423828  GigaBytes

torch.Size([2047, 1433])
torch.Size([1493, 16])
torch.Size([815, 16])
torch.Size([305, 16])
-----------------------------------------batch_pred = model(blocks, batch_inputs) 
 Nvidia-smi: 1.2791748046875 GB
    Memory Allocated: 0.013280868530273438  GigaBytes
Max Memory Allocated: 0.024174213409423828  GigaBytes

----------------------------------------before batch_pred = model(blocks, batch_inputs) 
 Nvidia-smi: 1.2791748046875 GB
    Memory Allocated: 0.011179447174072266  GigaBytes
Max Memory Allocated: 0.024174213409423828  GigaBytes

torch.Size([1941, 1433])
torch.Size([1292, 16])
torch.Size([541, 16])
torch.Size([155, 16])
-----------------------------------------batch_pred = model(blocks, batch_inputs) 
 Nvidia-smi: 1.2791748046875 GB
    Memory Allocated: 0.011721611022949219  GigaBytes
Max Memory Allocated: 0.024174213409423828  GigaBytes

times | data loading | block to device | model prediction | loss calculation | loss backward |  optimizer step |
      |0.00310458242893219 |0.0007152706384658813 |0.0058394670486450195 |0.00012636184692382812 |0.0051612406969070435 |0.0021572113037109375 |
----------------------------------------------------------pseudo_mini_loss sum 3.0974948406219482
Total (block generation + training)time/epoch 0.529937744140625
Training time/epoch 0.2574608325958252
Training time without block to device /epoch 0.2460165023803711
Training time without total dataloading part /epoch 0.1801903247833252
load block tensor time/epoch 0.04967331886291504
block to device time/epoch 0.011444330215454102
input features size transfer per epoch 2.1457672119140625e-06
blocks size to device per epoch 1.9073486328125e-06
 Run 0| Epoch 1 |
Number of nodes for computation during this epoch:  68613
Number of first layer input nodes during this epoch:  31393
