main start at this time 1648528210.334559
-----------------------------------------before load data 
 Nvidia-smi: 0.1717529296875 GB
    Memory Allocated: 0.0  GigaBytes
Max Memory Allocated: 0.0  GigaBytes

  NumNodes: 19717
  NumEdges: 88651
  NumFeats: 500
  NumClasses: 3
  NumTrainingSamples: 60
  NumValidationSamples: 500
  NumTestSamples: 1000
Done loading data from cached files.
success----------------------------------------
60
500
19157
# Nodes: 19717
# Edges: 88648
# Train: 60
# Val: 500
# Test: 19157
# Classes: 3

in feats:  500
----------------------------------------before generate_dataloader_block 
 Nvidia-smi: 1.0369873046875 GB
    Memory Allocated: 0.0076618194580078125  GigaBytes
Max Memory Allocated: 0.0076618194580078125  GigaBytes

The real block id is  2
get_global_graph_edges_ids_block function  spend 0.0008304119110107422
random selection method range initialization spend 0.0002033710479736328
time for parepare:  5.435943603515625e-05
local_output_nid generation:  2.1219253540039062e-05
local_in_edges_tensor generation:  0.00020503997802734375
mini_batch_src_global generation:  2.6226043701171875e-05
r_  generation:  0.0014195442199707031
local_output_nid generation:  7.3909759521484375e-06
local_in_edges_tensor generation:  0.000152587890625
mini_batch_src_global generation:  2.6226043701171875e-05
r_  generation:  4.792213439941406e-05
local_output_nid generation:  5.9604644775390625e-06
local_in_edges_tensor generation:  0.0001232624053955078
mini_batch_src_global generation:  1.6927719116210938e-05
r_  generation:  2.5987625122070312e-05
local_output_nid generation:  5.4836273193359375e-06
local_in_edges_tensor generation:  0.00011849403381347656
mini_batch_src_global generation:  1.6450881958007812e-05
r_  generation:  2.47955322265625e-05
local_output_nid generation:  5.245208740234375e-06
local_in_edges_tensor generation:  0.00011610984802246094
mini_batch_src_global generation:  1.5497207641601562e-05
r_  generation:  2.3365020751953125e-05
local_output_nid generation:  5.7220458984375e-06
local_in_edges_tensor generation:  0.00011563301086425781
mini_batch_src_global generation:  1.5497207641601562e-05
r_  generation:  2.384185791015625e-05
local_output_nid generation:  5.4836273193359375e-06
local_in_edges_tensor generation:  0.0001163482666015625
mini_batch_src_global generation:  1.6450881958007812e-05
r_  generation:  3.361701965332031e-05
local_output_nid generation:  4.0531158447265625e-06
local_in_edges_tensor generation:  0.00011920928955078125
mini_batch_src_global generation:  1.5735626220703125e-05
r_  generation:  1.8358230590820312e-05
----------------------check_connections_block total spend ----------------------------- 0.003348827362060547
generate_one_block  0.0015113353729248047
generate_one_block  0.001283407211303711
generate_one_block  0.0012521743774414062
generate_one_block  0.0012357234954833984
generate_one_block  0.0012316703796386719
generate_one_block  0.0012407302856445312
generate_one_block  0.0012438297271728516
generate_one_block  0.0011749267578125
The real block id is  1
get_global_graph_edges_ids_block function  spend 0.0006008148193359375
gen group dst list time:  6.628036499023438e-05
time for parepare:  0.0003001689910888672
local_output_nid generation:  8.58306884765625e-06
local_in_edges_tensor generation:  0.000202178955078125
mini_batch_src_global generation:  3.981590270996094e-05
r_  generation:  0.0002186298370361328
local_output_nid generation:  1.2159347534179688e-05
local_in_edges_tensor generation:  0.00014853477478027344
mini_batch_src_global generation:  4.9591064453125e-05
r_  generation:  0.00035262107849121094
local_output_nid generation:  7.152557373046875e-06
local_in_edges_tensor generation:  0.0001373291015625
mini_batch_src_global generation:  3.2901763916015625e-05
r_  generation:  0.00012731552124023438
local_output_nid generation:  6.67572021484375e-06
local_in_edges_tensor generation:  0.00020742416381835938
mini_batch_src_global generation:  3.4332275390625e-05
r_  generation:  0.00018644332885742188
local_output_nid generation:  5.245208740234375e-06
local_in_edges_tensor generation:  0.0001361370086669922
mini_batch_src_global generation:  3.0279159545898438e-05
r_  generation:  0.0001513957977294922
local_output_nid generation:  5.245208740234375e-06
local_in_edges_tensor generation:  0.0001308917999267578
mini_batch_src_global generation:  3.504753112792969e-05
r_  generation:  0.0002319812774658203
local_output_nid generation:  7.62939453125e-06
local_in_edges_tensor generation:  0.00013375282287597656
mini_batch_src_global generation:  3.981590270996094e-05
r_  generation:  0.0002522468566894531
local_output_nid generation:  3.337860107421875e-06
local_in_edges_tensor generation:  0.0001266002655029297
mini_batch_src_global generation:  2.8371810913085938e-05
r_  generation:  0.00011944770812988281
----------------------check_connections_block total spend ----------------------------- 0.00417780876159668
generate_one_block  0.0015134811401367188
generate_one_block  0.0017004013061523438
generate_one_block  0.0013740062713623047
generate_one_block  0.0014584064483642578
generate_one_block  0.0014226436614990234
generate_one_block  0.0015232563018798828
generate_one_block  0.0013537406921386719
generate_one_block  0.001096487045288086
The real block id is  0
get_global_graph_edges_ids_block function  spend 0.0011098384857177734
gen group dst list time:  0.00012040138244628906
time for parepare:  0.0009357929229736328
local_output_nid generation:  4.458427429199219e-05
local_in_edges_tensor generation:  0.0002944469451904297
mini_batch_src_global generation:  0.00011229515075683594
r_  generation:  0.0011560916900634766
local_output_nid generation:  7.510185241699219e-05
local_in_edges_tensor generation:  0.00025081634521484375
mini_batch_src_global generation:  0.00020766258239746094
r_  generation:  0.002153635025024414
local_output_nid generation:  2.956390380859375e-05
local_in_edges_tensor generation:  0.0001819133758544922
mini_batch_src_global generation:  0.00011801719665527344
r_  generation:  0.0007238388061523438
local_output_nid generation:  4.5299530029296875e-05
local_in_edges_tensor generation:  0.0002009868621826172
mini_batch_src_global generation:  0.0001232624053955078
r_  generation:  0.0011849403381347656
local_output_nid generation:  3.409385681152344e-05
local_in_edges_tensor generation:  0.00018548965454101562
mini_batch_src_global generation:  0.00010967254638671875
r_  generation:  0.0008666515350341797
local_output_nid generation:  4.482269287109375e-05
local_in_edges_tensor generation:  0.00020575523376464844
mini_batch_src_global generation:  0.00017023086547851562
r_  generation:  0.0016019344329833984
local_output_nid generation:  4.220008850097656e-05
local_in_edges_tensor generation:  0.00020813941955566406
mini_batch_src_global generation:  0.0001780986785888672
r_  generation:  0.0015344619750976562
local_output_nid generation:  1.6689300537109375e-05
local_in_edges_tensor generation:  0.00014853477478027344
mini_batch_src_global generation:  8.58306884765625e-05
r_  generation:  0.00047278404235839844
----------------------check_connections_block total spend ----------------------------- 0.01638484001159668
generate_one_block  0.0030508041381835938
generate_one_block  0.0031735897064208984
generate_one_block  0.0015840530395507812
generate_one_block  0.002065896987915039
generate_one_block  0.0017333030700683594
generate_one_block  0.002477884292602539
generate_one_block  0.002554178237915039
generate_one_block  0.0014600753784179688
-----------------------------------------after block dataloader generation 
 Nvidia-smi: 1.0369873046875 GB
    Memory Allocated: 0.0076618194580078125  GigaBytes
Max Memory Allocated: 0.0076618194580078125  GigaBytes

connection checking time:  0.02056264877319336
block generation total time  0.029542207717895508
average batch blocks generation time:  0.0036927759647369385
----------------------------------------before batch_pred = model(blocks, batch_inputs) 
 Nvidia-smi: 1.1014404296875 GB
    Memory Allocated: 0.01108407974243164  GigaBytes
Max Memory Allocated: 0.01108407974243164  GigaBytes

torch.Size([1822, 500])
torch.Size([365, 32])
-----------------------------------------batch_pred = model(blocks, batch_inputs) 
 Nvidia-smi: 1.2889404296875 GB
    Memory Allocated: 0.09815549850463867  GigaBytes
Max Memory Allocated: 0.10371637344360352  GigaBytes

----------------------------------------before batch_pred = model(blocks, batch_inputs) 
 Nvidia-smi: 1.3084716796875 GB
    Memory Allocated: 0.021324634552001953  GigaBytes
Max Memory Allocated: 0.10992002487182617  GigaBytes

torch.Size([3196, 500])
torch.Size([676, 32])
-----------------------------------------batch_pred = model(blocks, batch_inputs) 
 Nvidia-smi: 1.3865966796875 GB
    Memory Allocated: 0.18295860290527344  GigaBytes
Max Memory Allocated: 0.19345426559448242  GigaBytes

----------------------------------------before batch_pred = model(blocks, batch_inputs) 
 Nvidia-smi: 1.4080810546875 GB
    Memory Allocated: 0.017380714416503906  GigaBytes
Max Memory Allocated: 0.19345426559448242  GigaBytes

torch.Size([1096, 500])
torch.Size([195, 32])
-----------------------------------------batch_pred = model(blocks, batch_inputs) 
 Nvidia-smi: 1.4080810546875 GB
    Memory Allocated: 0.06768226623535156  GigaBytes
Max Memory Allocated: 0.19345426559448242  GigaBytes

----------------------------------------before batch_pred = model(blocks, batch_inputs) 
 Nvidia-smi: 1.4080810546875 GB
    Memory Allocated: 0.019075870513916016  GigaBytes
Max Memory Allocated: 0.19345426559448242  GigaBytes

torch.Size([1572, 500])
torch.Size([358, 32])
-----------------------------------------batch_pred = model(blocks, batch_inputs) 
 Nvidia-smi: 1.4080810546875 GB
    Memory Allocated: 0.10792827606201172  GigaBytes
Max Memory Allocated: 0.19345426559448242  GigaBytes

----------------------------------------before batch_pred = model(blocks, batch_inputs) 
 Nvidia-smi: 1.4080810546875 GB
    Memory Allocated: 0.01754283905029297  GigaBytes
Max Memory Allocated: 0.19345426559448242  GigaBytes

torch.Size([1181, 500])
torch.Size([280, 32])
-----------------------------------------batch_pred = model(blocks, batch_inputs) 
 Nvidia-smi: 1.4080810546875 GB
    Memory Allocated: 0.08013629913330078  GigaBytes
Max Memory Allocated: 0.19345426559448242  GigaBytes

----------------------------------------before batch_pred = model(blocks, batch_inputs) 
 Nvidia-smi: 1.4080810546875 GB
    Memory Allocated: 0.017923831939697266  GigaBytes
Max Memory Allocated: 0.19345426559448242  GigaBytes

torch.Size([1376, 500])
torch.Size([384, 32])
-----------------------------------------batch_pred = model(blocks, batch_inputs) 
 Nvidia-smi: 1.4080810546875 GB
    Memory Allocated: 0.14515209197998047  GigaBytes
Max Memory Allocated: 0.19345426559448242  GigaBytes

----------------------------------------before batch_pred = model(blocks, batch_inputs) 
 Nvidia-smi: 1.4080810546875 GB
    Memory Allocated: 0.018754959106445312  GigaBytes
Max Memory Allocated: 0.19345426559448242  GigaBytes

torch.Size([1717, 500])
torch.Size([409, 32])
-----------------------------------------batch_pred = model(blocks, batch_inputs) 
 Nvidia-smi: 1.4080810546875 GB
    Memory Allocated: 0.14317703247070312  GigaBytes
Max Memory Allocated: 0.19345426559448242  GigaBytes

----------------------------------------before batch_pred = model(blocks, batch_inputs) 
 Nvidia-smi: 1.4080810546875 GB
    Memory Allocated: 0.016590595245361328  GigaBytes
Max Memory Allocated: 0.19345426559448242  GigaBytes

torch.Size([673, 500])
torch.Size([174, 32])
-----------------------------------------batch_pred = model(blocks, batch_inputs) 
 Nvidia-smi: 1.4080810546875 GB
    Memory Allocated: 0.05833864212036133  GigaBytes
Max Memory Allocated: 0.19345426559448242  GigaBytes

times | data loading | block to device | model prediction | loss calculation | loss backward |  optimizer step |
      |0.002772986888885498 |0.04392939805984497 |0.14875933527946472 |0.00013074278831481934 |0.10120552778244019 |0.012870311737060547 |
----------------------------------------------------------pseudo_mini_loss sum 1.952030897140503
 Run 0| Epoch 0 |
Number of nodes for computation during this epoch:  15831
Number of first layer input nodes during this epoch:  12633
----------------------------------------before generate_dataloader_block 
 Nvidia-smi: 1.4080810546875 GB
    Memory Allocated: 0.032470703125  GigaBytes
Max Memory Allocated: 0.19345426559448242  GigaBytes

The real block id is  2
get_global_graph_edges_ids_block function  spend 0.0005736351013183594
random selection method range initialization spend 0.00012969970703125
time for parepare:  6.699562072753906e-05
local_output_nid generation:  7.152557373046875e-06
local_in_edges_tensor generation:  0.00019860267639160156
mini_batch_src_global generation:  2.6226043701171875e-05
r_  generation:  4.57763671875e-05
local_output_nid generation:  5.9604644775390625e-06
local_in_edges_tensor generation:  0.0001380443572998047
mini_batch_src_global generation:  2.002716064453125e-05
r_  generation:  3.337860107421875e-05
local_output_nid generation:  5.4836273193359375e-06
local_in_edges_tensor generation:  0.0001227855682373047
mini_batch_src_global generation:  1.7881393432617188e-05
r_  generation:  3.266334533691406e-05
local_output_nid generation:  5.245208740234375e-06
local_in_edges_tensor generation:  0.00011944770812988281
mini_batch_src_global generation:  1.7642974853515625e-05
r_  generation:  2.384185791015625e-05
local_output_nid generation:  5.0067901611328125e-06
local_in_edges_tensor generation:  0.00011897087097167969
mini_batch_src_global generation:  1.7881393432617188e-05
r_  generation:  3.218650817871094e-05
local_output_nid generation:  5.245208740234375e-06
local_in_edges_tensor generation:  0.00011849403381347656
mini_batch_src_global generation:  1.7642974853515625e-05
r_  generation:  3.4332275390625e-05
local_output_nid generation:  5.245208740234375e-06
local_in_edges_tensor generation:  0.00011944770812988281
mini_batch_src_global generation:  1.6689300537109375e-05
r_  generation:  2.0503997802734375e-05
local_output_nid generation:  3.814697265625e-06
local_in_edges_tensor generation:  0.00011682510375976562
mini_batch_src_global generation:  1.6450881958007812e-05
r_  generation:  1.5497207641601562e-05
----------------------check_connections_block total spend ----------------------------- 0.0019621849060058594
generate_one_block  0.0013914108276367188
generate_one_block  0.0013375282287597656
generate_one_block  0.0013184547424316406
generate_one_block  0.0013074874877929688
generate_one_block  0.0013327598571777344
generate_one_block  0.0015299320220947266
generate_one_block  0.0013055801391601562
generate_one_block  0.0012996196746826172
The real block id is  1
get_global_graph_edges_ids_block function  spend 0.0006084442138671875
gen group dst list time:  6.580352783203125e-05
time for parepare:  0.0003116130828857422
local_output_nid generation:  9.298324584960938e-06
local_in_edges_tensor generation:  0.00021076202392578125
mini_batch_src_global generation:  5.459785461425781e-05
r_  generation:  0.00035953521728515625
local_output_nid generation:  8.106231689453125e-06
local_in_edges_tensor generation:  0.0001475811004638672
mini_batch_src_global generation:  4.00543212890625e-05
r_  generation:  0.00018262863159179688
local_output_nid generation:  7.62939453125e-06
local_in_edges_tensor generation:  0.00014257431030273438
mini_batch_src_global generation:  3.5762786865234375e-05
r_  generation:  0.00022268295288085938
local_output_nid generation:  5.7220458984375e-06
local_in_edges_tensor generation:  0.00013828277587890625
mini_batch_src_global generation:  3.314018249511719e-05
r_  generation:  0.00014925003051757812
local_output_nid generation:  1.0013580322265625e-05
local_in_edges_tensor generation:  0.00014209747314453125
mini_batch_src_global generation:  4.172325134277344e-05
r_  generation:  0.00029087066650390625
local_output_nid generation:  9.298324584960938e-06
local_in_edges_tensor generation:  0.00014328956604003906
mini_batch_src_global generation:  4.57763671875e-05
r_  generation:  0.0002722740173339844
local_output_nid generation:  5.245208740234375e-06
local_in_edges_tensor generation:  0.0001513957977294922
mini_batch_src_global generation:  3.910064697265625e-05
r_  generation:  0.00014781951904296875
local_output_nid generation:  3.5762786865234375e-06
local_in_edges_tensor generation:  0.000133514404296875
mini_batch_src_global generation:  2.3126602172851562e-05
r_  generation:  5.984306335449219e-05
----------------------check_connections_block total spend ----------------------------- 0.004342794418334961
generate_one_block  0.001832723617553711
generate_one_block  0.0015273094177246094
generate_one_block  0.0015628337860107422
generate_one_block  0.0014905929565429688
generate_one_block  0.0016970634460449219
generate_one_block  0.0016012191772460938
generate_one_block  0.0012714862823486328
generate_one_block  0.0010459423065185547
The real block id is  0
get_global_graph_edges_ids_block function  spend 0.0010673999786376953
gen group dst list time:  0.00012564659118652344
time for parepare:  0.0008933544158935547
local_output_nid generation:  9.012222290039062e-05
local_in_edges_tensor generation:  0.00035381317138671875
mini_batch_src_global generation:  0.00022363662719726562
r_  generation:  0.0022814273834228516
local_output_nid generation:  4.315376281738281e-05
local_in_edges_tensor generation:  0.00021314620971679688
mini_batch_src_global generation:  0.0001385211944580078
r_  generation:  0.0008411407470703125
local_output_nid generation:  4.482269287109375e-05
local_in_edges_tensor generation:  0.00020551681518554688
mini_batch_src_global generation:  0.00010704994201660156
r_  generation:  0.0008668899536132812
local_output_nid generation:  3.147125244140625e-05
local_in_edges_tensor generation:  0.00019359588623046875
mini_batch_src_global generation:  9.918212890625e-05
r_  generation:  0.0007109642028808594
local_output_nid generation:  5.698204040527344e-05
local_in_edges_tensor generation:  0.00023221969604492188
mini_batch_src_global generation:  0.00020694732666015625
r_  generation:  0.0020821094512939453
local_output_nid generation:  6.103515625e-05
local_in_edges_tensor generation:  0.00023984909057617188
mini_batch_src_global generation:  0.00020265579223632812
r_  generation:  0.001710653305053711
local_output_nid generation:  3.1948089599609375e-05
local_in_edges_tensor generation:  0.0002002716064453125
mini_batch_src_global generation:  0.00013566017150878906
r_  generation:  0.0008027553558349609
local_output_nid generation:  7.867813110351562e-06
local_in_edges_tensor generation:  0.00012826919555664062
mini_batch_src_global generation:  4.6253204345703125e-05
r_  generation:  0.00014543533325195312
----------------------check_connections_block total spend ----------------------------- 0.01648545265197754
generate_one_block  0.0035924911499023438
generate_one_block  0.0019447803497314453
generate_one_block  0.0019180774688720703
generate_one_block  0.0017116069793701172
generate_one_block  0.0031824111938476562
generate_one_block  0.0028138160705566406
generate_one_block  0.001966238021850586
generate_one_block  0.0011746883392333984
-----------------------------------------after block dataloader generation 
 Nvidia-smi: 1.4080810546875 GB
    Memory Allocated: 0.032470703125  GigaBytes
Max Memory Allocated: 0.19345426559448242  GigaBytes

connection checking time:  0.0208282470703125
block generation total time  0.030333280563354492
average batch blocks generation time:  0.0037916600704193115
block dataloader generation time/epoch 0.10106420516967773
----------------------------------------before batch_pred = model(blocks, batch_inputs) 
 Nvidia-smi: 1.4080810546875 GB
    Memory Allocated: 0.03623485565185547  GigaBytes
Max Memory Allocated: 0.19345426559448242  GigaBytes

torch.Size([2683, 500])
torch.Size([684, 32])
-----------------------------------------batch_pred = model(blocks, batch_inputs) 
 Nvidia-smi: 1.4315185546875 GB
    Memory Allocated: 0.21821165084838867  GigaBytes
Max Memory Allocated: 0.2311391830444336  GigaBytes

----------------------------------------before batch_pred = model(blocks, batch_inputs) 
 Nvidia-smi: 1.4315185546875 GB
    Memory Allocated: 0.03335714340209961  GigaBytes
Max Memory Allocated: 0.2311391830444336  GigaBytes

torch.Size([1157, 500])
torch.Size([301, 32])
-----------------------------------------batch_pred = model(blocks, batch_inputs) 
 Nvidia-smi: 1.4315185546875 GB
    Memory Allocated: 0.09149742126464844  GigaBytes
Max Memory Allocated: 0.2311391830444336  GigaBytes

----------------------------------------before batch_pred = model(blocks, batch_inputs) 
 Nvidia-smi: 1.4315185546875 GB
    Memory Allocated: 0.033294677734375  GigaBytes
Max Memory Allocated: 0.2311391830444336  GigaBytes

torch.Size([1123, 500])
torch.Size([343, 32])
-----------------------------------------batch_pred = model(blocks, batch_inputs) 
 Nvidia-smi: 1.4315185546875 GB
    Memory Allocated: 0.09421586990356445  GigaBytes
Max Memory Allocated: 0.2311391830444336  GigaBytes

----------------------------------------before batch_pred = model(blocks, batch_inputs) 
 Nvidia-smi: 1.4315185546875 GB
    Memory Allocated: 0.03291177749633789  GigaBytes
Max Memory Allocated: 0.2311391830444336  GigaBytes

torch.Size([919, 500])
torch.Size([238, 32])
-----------------------------------------batch_pred = model(blocks, batch_inputs) 
 Nvidia-smi: 1.4315185546875 GB
    Memory Allocated: 0.08413505554199219  GigaBytes
Max Memory Allocated: 0.2311391830444336  GigaBytes

----------------------------------------before batch_pred = model(blocks, batch_inputs) 
 Nvidia-smi: 1.4315185546875 GB
    Memory Allocated: 0.035375118255615234  GigaBytes
Max Memory Allocated: 0.2311391830444336  GigaBytes

torch.Size([2223, 500])
torch.Size([463, 32])
-----------------------------------------batch_pred = model(blocks, batch_inputs) 
 Nvidia-smi: 1.4315185546875 GB
    Memory Allocated: 0.20730304718017578  GigaBytes
Max Memory Allocated: 0.2311391830444336  GigaBytes

----------------------------------------before batch_pred = model(blocks, batch_inputs) 
 Nvidia-smi: 1.4315185546875 GB
    Memory Allocated: 0.03599977493286133  GigaBytes
Max Memory Allocated: 0.2311391830444336  GigaBytes

torch.Size([2565, 500])
torch.Size([488, 32])
-----------------------------------------batch_pred = model(blocks, batch_inputs) 
 Nvidia-smi: 1.4315185546875 GB
    Memory Allocated: 0.16605377197265625  GigaBytes
Max Memory Allocated: 0.2311391830444336  GigaBytes

----------------------------------------before batch_pred = model(blocks, batch_inputs) 
 Nvidia-smi: 1.4315185546875 GB
    Memory Allocated: 0.03436613082885742  GigaBytes
Max Memory Allocated: 0.2311391830444336  GigaBytes

torch.Size([1368, 500])
torch.Size([242, 32])
-----------------------------------------batch_pred = model(blocks, batch_inputs) 
 Nvidia-smi: 1.4315185546875 GB
    Memory Allocated: 0.10425043106079102  GigaBytes
Max Memory Allocated: 0.2311391830444336  GigaBytes

----------------------------------------before batch_pred = model(blocks, batch_inputs) 
 Nvidia-smi: 1.4315185546875 GB
    Memory Allocated: 0.03159379959106445  GigaBytes
Max Memory Allocated: 0.2311391830444336  GigaBytes

torch.Size([218, 500])
torch.Size([67, 32])
-----------------------------------------batch_pred = model(blocks, batch_inputs) 
 Nvidia-smi: 1.4315185546875 GB
    Memory Allocated: 0.041719913482666016  GigaBytes
Max Memory Allocated: 0.2311391830444336  GigaBytes

times | data loading | block to device | model prediction | loss calculation | loss backward |  optimizer step |
      |0.0031268298625946045 |0.0008297264575958252 |0.08813503384590149 |0.00011941790580749512 |0.10035690665245056 |0.006204366683959961 |
----------------------------------------------------------pseudo_mini_loss sum 1.9394614696502686
Total (block generation + training)time/epoch 1.6625585556030273
Training time/epoch 1.5612173080444336
Training time without block to device /epoch 1.554579496383667
Training time without total dataloading part /epoch 1.5150952339172363
load block tensor time/epoch 0.025014638900756836
block to device time/epoch 0.0066378116607666016
input features size transfer per epoch 1.0728836059570312e-06Using backend: pytorch

blocks size to device per epoch 7.152557373046875e-07
 Run 0| Epoch 1 |
Number of nodes for computation during this epoch:  15439
Number of first layer input nodes during this epoch:  12256
