main start at this time 1648430507.1667838
-----------------------------------------before load data 
 Nvidia-smi: 0.1717529296875 GB
    Memory Allocated: 0.0  GigaBytes
Max Memory Allocated: 0.0  GigaBytes

  NumNodes: 2708
  NumEdges: 10556
  NumFeats: 1433
  NumClasses: 7
  NumTrainingSamples: 140
  NumValidationSamples: 500
  NumTestSamples: 1000
Done loading data from cached files.
success----------------------------------------
140
500
2068
# Nodes: 2708
# Edges: 10556
# Train: 140
# Val: 500
# Test: 2068
# Classes: 7

in feats:  1433
----------------------------------------before generate_dataloader_block 
 Nvidia-smi: 1.0799560546875 GB
    Memory Allocated: 0.06351375579833984  GigaBytes
Max Memory Allocated: 0.06351375579833984  GigaBytes

The real block id is  2
get_global_graph_edges_ids_block function  spend 0.0009698867797851562
range selection method range initialization spend 0.00012063980102539062
time for parepare:  7.62939453125e-05
local_output_nid generation:  2.47955322265625e-05
local_in_edges_tensor generation:  0.0002124309539794922
mini_batch_src_global generation:  2.765655517578125e-05
r_  generation:  0.002179384231567383
local_output_nid generation:  9.298324584960938e-06
local_in_edges_tensor generation:  0.0001590251922607422
mini_batch_src_global generation:  2.6941299438476562e-05
r_  generation:  4.935264587402344e-05
local_output_nid generation:  8.821487426757812e-06
local_in_edges_tensor generation:  0.0001246929168701172
mini_batch_src_global generation:  1.8835067749023438e-05
r_  generation:  5.841255187988281e-05
local_output_nid generation:  7.152557373046875e-06
local_in_edges_tensor generation:  0.00012040138244628906
mini_batch_src_global generation:  1.7642974853515625e-05
r_  generation:  4.00543212890625e-05
local_output_nid generation:  7.62939453125e-06
local_in_edges_tensor generation:  0.00011849403381347656
mini_batch_src_global generation:  1.7404556274414062e-05
r_  generation:  4.6253204345703125e-05
local_output_nid generation:  6.67572021484375e-06
local_in_edges_tensor generation:  0.00011849403381347656
mini_batch_src_global generation:  1.7642974853515625e-05
r_  generation:  4.220008850097656e-05
local_output_nid generation:  7.3909759521484375e-06
local_in_edges_tensor generation:  0.00011658668518066406
mini_batch_src_global generation:  1.7881393432617188e-05
r_  generation:  4.7206878662109375e-05
local_output_nid generation:  6.67572021484375e-06
local_in_edges_tensor generation:  0.00011730194091796875
mini_batch_src_global generation:  1.7404556274414062e-05
r_  generation:  3.933906555175781e-05
----------------------check_connections_block total spend ----------------------------- 0.004334211349487305
generate_one_block  0.001588582992553711
generate_one_block  0.0013587474822998047
generate_one_block  0.0013742446899414062
generate_one_block  0.0013937950134277344
generate_one_block  0.0013384819030761719
generate_one_block  0.0013437271118164062
generate_one_block  0.0012655258178710938
generate_one_block  0.0011467933654785156
The real block id is  1
get_global_graph_edges_ids_block function  spend 0.0005381107330322266
gen group dst list time:  7.486343383789062e-05
time for parepare:  0.00018739700317382812
local_output_nid generation:  1.2636184692382812e-05
local_in_edges_tensor generation:  0.000209808349609375
mini_batch_src_global generation:  4.220008850097656e-05
r_  generation:  0.00030231475830078125
local_output_nid generation:  1.1205673217773438e-05
local_in_edges_tensor generation:  0.0001468658447265625
mini_batch_src_global generation:  4.172325134277344e-05
r_  generation:  0.00028777122497558594
local_output_nid generation:  1.3589859008789062e-05
local_in_edges_tensor generation:  0.00014352798461914062
mini_batch_src_global generation:  4.4345855712890625e-05
r_  generation:  0.00033283233642578125
local_output_nid generation:  1.0013580322265625e-05
local_in_edges_tensor generation:  0.00014090538024902344
mini_batch_src_global generation:  4.029273986816406e-05
r_  generation:  0.0002498626708984375
local_output_nid generation:  1.0251998901367188e-05
local_in_edges_tensor generation:  0.00013828277587890625
mini_batch_src_global generation:  4.124641418457031e-05
r_  generation:  0.0002906322479248047
local_output_nid generation:  1.1682510375976562e-05
local_in_edges_tensor generation:  0.00014209747314453125
mini_batch_src_global generation:  3.910064697265625e-05
r_  generation:  0.0002772808074951172
local_output_nid generation:  1.2874603271484375e-05
local_in_edges_tensor generation:  0.0001461505889892578
mini_batch_src_global generation:  4.649162292480469e-05
r_  generation:  0.0003509521484375
local_output_nid generation:  1.0728836059570312e-05
local_in_edges_tensor generation:  0.00014209747314453125
mini_batch_src_global generation:  4.172325134277344e-05
r_  generation:  0.0002808570861816406
----------------------check_connections_block total spend ----------------------------- 0.005038261413574219
generate_one_block  0.0016701221466064453
generate_one_block  0.0016446113586425781
generate_one_block  0.0017406940460205078
generate_one_block  0.001590728759765625
generate_one_block  0.0016474723815917969
generate_one_block  0.0014100074768066406
generate_one_block  0.001398324966430664
generate_one_block  0.0012674331665039062
The real block id is  0
get_global_graph_edges_ids_block function  spend 0.0006804466247558594
gen group dst list time:  0.00014090538024902344
time for parepare:  0.00023365020751953125
local_output_nid generation:  4.315376281738281e-05
local_in_edges_tensor generation:  0.0002903938293457031
mini_batch_src_global generation:  0.0001232624053955078
r_  generation:  0.0009853839874267578
local_output_nid generation:  5.340576171875e-05
local_in_edges_tensor generation:  0.00021123886108398438
mini_batch_src_global generation:  0.0001289844512939453
r_  generation:  0.0011115074157714844
local_output_nid generation:  4.9114227294921875e-05
local_in_edges_tensor generation:  0.00020837783813476562
mini_batch_src_global generation:  0.00012874603271484375
r_  generation:  0.001100778579711914
local_output_nid generation:  3.7670135498046875e-05
local_in_edges_tensor generation:  0.00019240379333496094
mini_batch_src_global generation:  9.846687316894531e-05
r_  generation:  0.0008032321929931641
local_output_nid generation:  4.601478576660156e-05
local_in_edges_tensor generation:  0.00020003318786621094
mini_batch_src_global generation:  0.00010418891906738281
r_  generation:  0.0009698867797851562
local_output_nid generation:  4.291534423828125e-05
local_in_edges_tensor generation:  0.00019669532775878906
mini_batch_src_global generation:  0.00010275840759277344
r_  generation:  0.0008847713470458984
local_output_nid generation:  6.4849853515625e-05
local_in_edges_tensor generation:  0.0002231597900390625
mini_batch_src_global generation:  0.00013184547424316406
r_  generation:  0.0013425350189208984
local_output_nid generation:  4.982948303222656e-05
local_in_edges_tensor generation:  0.00021457672119140625
mini_batch_src_global generation:  0.00012826919555664062
r_  generation:  0.0010449886322021484
----------------------check_connections_block total spend ----------------------------- 0.013776779174804688
generate_one_block  0.0022013187408447266
generate_one_block  0.0020799636840820312
generate_one_block  0.001967191696166992
generate_one_block  0.0016889572143554688
generate_one_block  0.0018472671508789062
generate_one_block  0.0017864704132080078
generate_one_block  0.002162933349609375
generate_one_block  0.00196075439453125
-----------------------------------------after block dataloader generation 
 Nvidia-smi: 1.0799560546875 GB
    Memory Allocated: 0.06351375579833984  GigaBytes
Max Memory Allocated: 0.06351375579833984  GigaBytes

connection checking time:  0.018815040588378906
block generation total time  0.028064250946044922
average batch blocks generation time:  0.0035080313682556152
----------------------------------------before batch_pred = model(blocks, batch_inputs) 
 Nvidia-smi: 1.1639404296875 GB
    Memory Allocated: 0.07002639770507812  GigaBytes
Max Memory Allocated: 0.07002639770507812  GigaBytes

torch.Size([1215, 1433])
torch.Size([444, 64])
-----------------------------------------batch_pred = model(blocks, batch_inputs) 
 Nvidia-smi: 1.4901123046875 GB
    Memory Allocated: 0.2813401222229004  GigaBytes
Max Memory Allocated: 0.29629039764404297  GigaBytes

----------------------------------------before batch_pred = model(blocks, batch_inputs) 
 Nvidia-smi: 1.6151123046875 GB
    Memory Allocated: 0.1337752342224121  GigaBytes
Max Memory Allocated: 0.40111589431762695  GigaBytes

torch.Size([1259, 1433])
torch.Size([483, 64])
-----------------------------------------batch_pred = model(blocks, batch_inputs) 
 Nvidia-smi: 1.6307373046875 GB
    Memory Allocated: 0.37090349197387695  GigaBytes
Max Memory Allocated: 0.40111589431762695  GigaBytes

----------------------------------------before batch_pred = model(blocks, batch_inputs) 
 Nvidia-smi: 1.6951904296875 GB
    Memory Allocated: 0.13354158401489258  GigaBytes
Max Memory Allocated: 0.48958873748779297  GigaBytes

torch.Size([1196, 1433])
torch.Size([447, 64])
-----------------------------------------batch_pred = model(blocks, batch_inputs) 
 Nvidia-smi: 1.7010498046875 GB
    Memory Allocated: 0.3684382438659668  GigaBytes
Max Memory Allocated: 0.48958873748779297  GigaBytes

----------------------------------------before batch_pred = model(blocks, batch_inputs) 
 Nvidia-smi: 1.7010498046875 GB
    Memory Allocated: 0.13156938552856445  GigaBytes
Max Memory Allocated: 0.48958873748779297  GigaBytes

torch.Size([847, 1433])
torch.Size([328, 64])
-----------------------------------------batch_pred = model(blocks, batch_inputs) 
 Nvidia-smi: 1.7010498046875 GB
    Memory Allocated: 0.3008394241333008  GigaBytes
Max Memory Allocated: 0.48958873748779297  GigaBytes

----------------------------------------before batch_pred = model(blocks, batch_inputs) 
 Nvidia-smi: 1.7010498046875 GB
    Memory Allocated: 0.13230466842651367  GigaBytes
Max Memory Allocated: 0.48958873748779297  GigaBytes

torch.Size([984, 1433])
torch.Size([423, 64])
-----------------------------------------batch_pred = model(blocks, batch_inputs) 
 Nvidia-smi: 1.7010498046875 GB
    Memory Allocated: 0.3362455368041992  GigaBytes
Max Memory Allocated: 0.48958873748779297  GigaBytes

----------------------------------------before batch_pred = model(blocks, batch_inputs) 
 Nvidia-smi: 1.7010498046875 GB
    Memory Allocated: 0.13230180740356445  GigaBytes
Max Memory Allocated: 0.48958873748779297  GigaBytes

torch.Size([984, 1433])
torch.Size([408, 64])
-----------------------------------------batch_pred = model(blocks, batch_inputs) 
 Nvidia-smi: 1.7010498046875 GB
    Memory Allocated: 0.31502389907836914  GigaBytes
Max Memory Allocated: 0.48958873748779297  GigaBytes

----------------------------------------before batch_pred = model(blocks, batch_inputs) 
 Nvidia-smi: 1.7010498046875 GB
    Memory Allocated: 0.13547754287719727  GigaBytes
Max Memory Allocated: 0.48958873748779297  GigaBytes

torch.Size([1417, 1433])
torch.Size([600, 64])
-----------------------------------------batch_pred = model(blocks, batch_inputs) 
 Nvidia-smi: 1.7166748046875 GB
    Memory Allocated: 0.4131355285644531  GigaBytes
Max Memory Allocated: 0.48958873748779297  GigaBytes

----------------------------------------before batch_pred = model(blocks, batch_inputs) 
 Nvidia-smi: 1.7479248046875 GB
    Memory Allocated: 0.13350772857666016  GigaBytes
Max Memory Allocated: 0.5301966667175293  GigaBytes

torch.Size([1209, 1433])
torch.Size([449, 64])
-----------------------------------------batch_pred = model(blocks, batch_inputs) 
 Nvidia-smi: 1.7479248046875 GB
    Memory Allocated: 0.3562483787536621  GigaBytes
Max Memory Allocated: 0.5301966667175293  GigaBytes

times | data loading | block to device | model prediction | loss calculation | loss backward |  optimizer step |
      |0.0482218861579895 |0.04424828290939331 |0.20219001173973083 |0.00013402104377746582 |0.3102908432483673 |0.010730266571044922 |
----------------------------------------------------------pseudo_mini_loss sum 2.8286960124969482
 Run 0| Epoch 0 |
Number of nodes for computation during this epoch:  13447
Number of first layer input nodes during this epoch:  9111
----------------------------------------before generate_dataloader_block 
 Nvidia-smi: 1.8416748046875 GB
    Memory Allocated: 0.26056766510009766  GigaBytes
Max Memory Allocated: 0.5301966667175293  GigaBytes

The real block id is  2
get_global_graph_edges_ids_block function  spend 0.0005586147308349609
range selection method range initialization spend 8.273124694824219e-05
time for parepare:  8.082389831542969e-05
local_output_nid generation:  9.775161743164062e-06
local_in_edges_tensor generation:  0.00019550323486328125
mini_batch_src_global generation:  2.4318695068359375e-05
r_  generation:  6.508827209472656e-05
local_output_nid generation:  8.58306884765625e-06
local_in_edges_tensor generation:  0.00011157989501953125
mini_batch_src_global generation:  2.0742416381835938e-05
r_  generation:  5.2928924560546875e-05
local_output_nid generation:  8.106231689453125e-06
local_in_edges_tensor generation:  0.00010514259338378906
mini_batch_src_global generation:  1.8358230590820312e-05
r_  generation:  3.6716461181640625e-05
local_output_nid generation:  6.9141387939453125e-06
local_in_edges_tensor generation:  0.00010395050048828125
mini_batch_src_global generation:  1.8835067749023438e-05
r_  generation:  4.3392181396484375e-05
local_output_nid generation:  7.3909759521484375e-06
local_in_edges_tensor generation:  0.00010180473327636719
mini_batch_src_global generation:  1.71661376953125e-05
r_  generation:  4.1961669921875e-05
local_output_nid generation:  6.67572021484375e-06
local_in_edges_tensor generation:  0.0001049041748046875
mini_batch_src_global generation:  2.1457672119140625e-05
r_  generation:  5.030632019042969e-05
local_output_nid generation:  7.152557373046875e-06
local_in_edges_tensor generation:  0.00010395050048828125
mini_batch_src_global generation:  1.9788742065429688e-05
r_  generation:  3.8623809814453125e-05
local_output_nid generation:  6.9141387939453125e-06
local_in_edges_tensor generation:  0.00010752677917480469
mini_batch_src_global generation:  1.8835067749023438e-05
r_  generation:  3.337860107421875e-05
----------------------check_connections_block total spend ----------------------------- 0.0020148754119873047
generate_one_block  0.0012578964233398438
generate_one_block  0.0011093616485595703
generate_one_block  0.001066446304321289
generate_one_block  0.0011091232299804688
generate_one_block  0.0010530948638916016
generate_one_block  0.0010921955108642578
generate_one_block  0.0010960102081298828
generate_one_block  0.0011904239654541016
The real block id is  1
get_global_graph_edges_ids_block function  spend 0.0005347728729248047
gen group dst list time:  6.890296936035156e-05
time for parepare:  0.00019788742065429688
local_output_nid generation:  1.3589859008789062e-05
local_in_edges_tensor generation:  0.0002560615539550781
mini_batch_src_global generation:  4.2438507080078125e-05
r_  generation:  0.00025963783264160156
local_output_nid generation:  1.430511474609375e-05
local_in_edges_tensor generation:  0.00013017654418945312
mini_batch_src_global generation:  5.125999450683594e-05
r_  generation:  0.0003085136413574219
local_output_nid generation:  1.1920928955078125e-05
local_in_edges_tensor generation:  0.00013136863708496094
mini_batch_src_global generation:  4.315376281738281e-05
r_  generation:  0.00023221969604492188
local_output_nid generation:  1.2636184692382812e-05
local_in_edges_tensor generation:  0.00013208389282226562
mini_batch_src_global generation:  3.9577484130859375e-05
r_  generation:  0.00025272369384765625
local_output_nid generation:  9.059906005859375e-06
local_in_edges_tensor generation:  0.00012302398681640625
mini_batch_src_global generation:  3.838539123535156e-05
r_  generation:  0.00018286705017089844
local_output_nid generation:  1.5735626220703125e-05
local_in_edges_tensor generation:  0.00013113021850585938
mini_batch_src_global generation:  5.1975250244140625e-05
r_  generation:  0.00036406517028808594
local_output_nid generation:  1.0967254638671875e-05
local_in_edges_tensor generation:  0.00014328956604003906
mini_batch_src_global generation:  5.3882598876953125e-05
r_  generation:  0.0002703666687011719
local_output_nid generation:  7.3909759521484375e-06
local_in_edges_tensor generation:  0.00012731552124023438
mini_batch_src_global generation:  4.029273986816406e-05
r_  generation:  0.00022172927856445312
----------------------check_connections_block total spend ----------------------------- 0.004785299301147461
generate_one_block  0.0014553070068359375
generate_one_block  0.0013840198516845703
generate_one_block  0.0013263225555419922
generate_one_block  0.0013527870178222656
generate_one_block  0.0012409687042236328
generate_one_block  0.001519918441772461
generate_one_block  0.0013926029205322266
generate_one_block  0.0012753009796142578
The real block id is  0
get_global_graph_edges_ids_block function  spend 0.0007245540618896484
gen group dst list time:  0.00012159347534179688
time for parepare:  0.0002079010009765625
local_output_nid generation:  4.982948303222656e-05
local_in_edges_tensor generation:  0.0003421306610107422
mini_batch_src_global generation:  0.00011897087097167969
r_  generation:  0.0009195804595947266
local_output_nid generation:  4.076957702636719e-05
local_in_edges_tensor generation:  0.00018978118896484375
mini_batch_src_global generation:  0.00012230873107910156
r_  generation:  0.0009093284606933594
local_output_nid generation:  5.435943603515625e-05
local_in_edges_tensor generation:  0.0001850128173828125
mini_batch_src_global generation:  0.00011086463928222656
r_  generation:  0.0008075237274169922
local_output_nid generation:  3.790855407714844e-05
local_in_edges_tensor generation:  0.00017690658569335938
mini_batch_src_global generation:  0.00010347366333007812
r_  generation:  0.0007779598236083984
local_output_nid generation:  3.314018249511719e-05
local_in_edges_tensor generation:  0.0001761913299560547
mini_batch_src_global generation:  9.632110595703125e-05
r_  generation:  0.0006709098815917969
local_output_nid generation:  6.318092346191406e-05
local_in_edges_tensor generation:  0.00023102760314941406
mini_batch_src_global generation:  0.00012111663818359375
r_  generation:  0.0011513233184814453
local_output_nid generation:  4.792213439941406e-05
local_in_edges_tensor generation:  0.00019598007202148438
mini_batch_src_global generation:  0.00012373924255371094
r_  generation:  0.0009584426879882812
local_output_nid generation:  3.910064697265625e-05
local_in_edges_tensor generation:  0.00017905235290527344
mini_batch_src_global generation:  0.00010418891906738281
r_  generation:  0.0008127689361572266
----------------------check_connections_block total spend ----------------------------- 0.012170553207397461
generate_one_block  0.002292156219482422
generate_one_block  0.002132892608642578
generate_one_block  0.0019049644470214844
generate_one_block  0.001984119415283203
generate_one_block  0.0017573833465576172
generate_one_block  0.0022301673889160156
generate_one_block  0.002092599868774414
generate_one_block  0.0018358230590820312
-----------------------------------------after block dataloader generation 
 Nvidia-smi: 1.8416748046875 GB
    Memory Allocated: 0.26056766510009766  GigaBytes
Max Memory Allocated: 0.5301966667175293  GigaBytes

connection checking time:  0.016955852508544922
block generation total time  0.02717733383178711
average batch blocks generation time:  0.0033971667289733887
block dataloader generation time/epoch 0.09696674346923828
----------------------------------------before batch_pred = model(blocks, batch_inputs) 
 Nvidia-smi: 1.8416748046875 GB
    Memory Allocated: 0.260406494140625  GigaBytes
Max Memory Allocated: 0.5301966667175293  GigaBytes

torch.Size([1186, 1433])
torch.Size([499, 64])
-----------------------------------------batch_pred = model(blocks, batch_inputs) 
 Nvidia-smi: 1.8416748046875 GB
    Memory Allocated: 0.5019302368164062  GigaBytes
Max Memory Allocated: 0.5301966667175293  GigaBytes

----------------------------------------before batch_pred = model(blocks, batch_inputs) 
 Nvidia-smi: 1.8729248046875 GB
    Memory Allocated: 0.2608942985534668  GigaBytes
Max Memory Allocated: 0.6205086708068848  GigaBytes

torch.Size([1277, 1433])
torch.Size([471, 64])
-----------------------------------------batch_pred = model(blocks, batch_inputs) 
 Nvidia-smi: 1.8729248046875 GB
    Memory Allocated: 0.4976997375488281  GigaBytes
Max Memory Allocated: 0.6205086708068848  GigaBytes

----------------------------------------before batch_pred = model(blocks, batch_inputs) 
 Nvidia-smi: 1.8729248046875 GB
    Memory Allocated: 0.25991249084472656  GigaBytes
Max Memory Allocated: 0.6205086708068848  GigaBytes

torch.Size([1094, 1433])
torch.Size([395, 64])
-----------------------------------------batch_pred = model(blocks, batch_inputs) 
 Nvidia-smi: 1.8729248046875 GB
    Memory Allocated: 0.46222543716430664  GigaBytes
Max Memory Allocated: 0.6205086708068848  GigaBytes

----------------------------------------before batch_pred = model(blocks, batch_inputs) 
 Nvidia-smi: 1.8729248046875 GB
    Memory Allocated: 0.2595505714416504  GigaBytes
Max Memory Allocated: 0.6205086708068848  GigaBytes

torch.Size([1026, 1433])
torch.Size([398, 64])
-----------------------------------------batch_pred = model(blocks, batch_inputs) 
 Nvidia-smi: 1.8729248046875 GB
    Memory Allocated: 0.4604964256286621  GigaBytes
Max Memory Allocated: 0.6205086708068848  GigaBytes

----------------------------------------before batch_pred = model(blocks, batch_inputs) 
 Nvidia-smi: 1.8729248046875 GB
    Memory Allocated: 0.25901174545288086  GigaBytes
Max Memory Allocated: 0.6205086708068848  GigaBytes

torch.Size([926, 1433])
torch.Size([343, 64])
-----------------------------------------batch_pred = model(blocks, batch_inputs) 
 Nvidia-smi: 1.8729248046875 GB
    Memory Allocated: 0.4303579330444336  GigaBytes
Max Memory Allocated: 0.6205086708068848  GigaBytes

----------------------------------------before batch_pred = model(blocks, batch_inputs) 
 Nvidia-smi: 1.8729248046875 GB
    Memory Allocated: 0.26125335693359375  GigaBytes
Max Memory Allocated: 0.6205086708068848  GigaBytes

torch.Size([1343, 1433])
torch.Size([628, 64])
-----------------------------------------batch_pred = model(blocks, batch_inputs) 
 Nvidia-smi: 1.8729248046875 GB
    Memory Allocated: 0.554412841796875  GigaBytes
Max Memory Allocated: 0.6205086708068848  GigaBytes

----------------------------------------before batch_pred = model(blocks, batch_inputs) 
 Nvidia-smi: 1.9041748046875 GB
    Memory Allocated: 0.2609424591064453  GigaBytes
Max Memory Allocated: 0.6703572273254395  GigaBytes

torch.Size([1286, 1433])
torch.Size([535, 64])
-----------------------------------------batch_pred = model(blocks, batch_inputs) 
 Nvidia-smi: 1.9041748046875 GB
    Memory Allocated: 0.5072565078735352  GigaBytes
Max Memory Allocated: 0.6703572273254395  GigaBytes

----------------------------------------before batch_pred = model(blocks, batch_inputs) 
 Nvidia-smi: 1.9041748046875 GB
    Memory Allocated: 0.2595672607421875  GigaBytes
Max Memory Allocated: 0.6703572273254395  GigaBytes

torch.Size([989, 1433])
torch.Size([396, 64])
-----------------------------------------batch_pred = model(blocks, batch_inputs) 
 Nvidia-smi: 1.9041748046875 GB
    Memory Allocated: 0.4549117088317871  GigaBytes
Max Memory Allocated: 0.6703572273254395  GigaBytes

times | data loading | block to device | model prediction | loss calculation | loss backward |  optimizer step |
      |0.0498565137386322 |0.0004960298538208008 |0.14226114749908447 |0.0001201927661895752 |0.30785974860191345 |0.0077495574951171875 |
----------------------------------------------------------pseudo_mini_loss sum 2.443114995956421
Total (block generation + training)time/epoch 4.166677474975586
Training time/epoch 4.069351673126221
Training time without block to device /epoch 4.065383434295654
Training time without total dataloading part /epoch 3.609678268432617
load block tensor time/epoch 0.3988521099090576
block to device time/epoch 0.003968238830566406
input features size transfer per epoch 1.0728836059570312e-06Using backend: pytorch

blocks size to device per epoch 7.152557373046875e-07
 Run 0| Epoch 1 |
Number of nodes for computation during this epoch:  13549
Number of first layer input nodes during this epoch:  9127
