main start at this time 1648430120.146923
-----------------------------------------before load data 
 Nvidia-smi: 0.1717529296875 GB
    Memory Allocated: 0.0  GigaBytes
Max Memory Allocated: 0.0  GigaBytes

  NumNodes: 2708
  NumEdges: 10556
  NumFeats: 1433
  NumClasses: 7
  NumTrainingSamples: 140
  NumValidationSamples: 500
  NumTestSamples: 1000
Done loading data from cached files.
success----------------------------------------
140
500
2068
# Nodes: 2708
# Edges: 10556
# Train: 140
# Val: 500
# Test: 2068
# Classes: 7

in feats:  1433
----------------------------------------before generate_dataloader_block 
 Nvidia-smi: 1.0799560546875 GB
    Memory Allocated: 0.06296253204345703  GigaBytes
Max Memory Allocated: 0.06296253204345703  GigaBytes

The real block id is  2
get_global_graph_edges_ids_block function  spend 0.0012898445129394531
range selection method range initialization spend 0.00012135505676269531
time for parepare:  7.677078247070312e-05
local_output_nid generation:  2.4557113647460938e-05
local_in_edges_tensor generation:  0.00024247169494628906
mini_batch_src_global generation:  2.6702880859375e-05
r_  generation:  0.002614736557006836
local_output_nid generation:  1.0251998901367188e-05
local_in_edges_tensor generation:  0.00015783309936523438
mini_batch_src_global generation:  2.9087066650390625e-05
r_  generation:  4.649162292480469e-05
local_output_nid generation:  9.298324584960938e-06
local_in_edges_tensor generation:  0.00012421607971191406
mini_batch_src_global generation:  1.8596649169921875e-05
r_  generation:  5.1975250244140625e-05
local_output_nid generation:  8.106231689453125e-06
local_in_edges_tensor generation:  0.00012969970703125
mini_batch_src_global generation:  1.9550323486328125e-05
r_  generation:  5.316734313964844e-05
local_output_nid generation:  7.3909759521484375e-06
local_in_edges_tensor generation:  0.00012159347534179688
mini_batch_src_global generation:  1.7642974853515625e-05
r_  generation:  4.4345855712890625e-05
local_output_nid generation:  6.9141387939453125e-06
local_in_edges_tensor generation:  0.00011944770812988281
mini_batch_src_global generation:  1.9311904907226562e-05
r_  generation:  6.151199340820312e-05
local_output_nid generation:  7.62939453125e-06
local_in_edges_tensor generation:  0.00011897087097167969
mini_batch_src_global generation:  1.7642974853515625e-05
r_  generation:  3.981590270996094e-05
local_output_nid generation:  6.67572021484375e-06
local_in_edges_tensor generation:  0.00011754035949707031
mini_batch_src_global generation:  1.6450881958007812e-05
r_  generation:  3.170967102050781e-05
----------------------check_connections_block total spend ----------------------------- 0.004834890365600586
generate_one_block  0.0015444755554199219
generate_one_block  0.0012760162353515625
generate_one_block  0.0012784004211425781
generate_one_block  0.0013120174407958984
generate_one_block  0.0012629032135009766
generate_one_block  0.0012829303741455078
generate_one_block  0.001180887222290039
generate_one_block  0.0010676383972167969
The real block id is  1
get_global_graph_edges_ids_block function  spend 0.0005331039428710938
gen group dst list time:  7.62939453125e-05
time for parepare:  0.0001723766326904297
local_output_nid generation:  1.2636184692382812e-05
local_in_edges_tensor generation:  0.00022602081298828125
mini_batch_src_global generation:  3.981590270996094e-05
r_  generation:  0.00026416778564453125
local_output_nid generation:  9.775161743164062e-06
local_in_edges_tensor generation:  0.0001430511474609375
mini_batch_src_global generation:  3.9577484130859375e-05
r_  generation:  0.0002453327178955078
local_output_nid generation:  1.4066696166992188e-05
local_in_edges_tensor generation:  0.0001423358917236328
mini_batch_src_global generation:  4.458427429199219e-05
r_  generation:  0.00032591819763183594
local_output_nid generation:  1.1205673217773438e-05
local_in_edges_tensor generation:  0.00014066696166992188
mini_batch_src_global generation:  4.1961669921875e-05
r_  generation:  0.0002703666687011719
local_output_nid generation:  1.0967254638671875e-05
local_in_edges_tensor generation:  0.00013709068298339844
mini_batch_src_global generation:  3.814697265625e-05
r_  generation:  0.0002639293670654297
local_output_nid generation:  1.5020370483398438e-05
local_in_edges_tensor generation:  0.00015020370483398438
mini_batch_src_global generation:  4.935264587402344e-05
r_  generation:  0.0003807544708251953
local_output_nid generation:  1.1444091796875e-05
local_in_edges_tensor generation:  0.000141143798828125
mini_batch_src_global generation:  4.6253204345703125e-05
r_  generation:  0.00026917457580566406
local_output_nid generation:  7.867813110351562e-06
local_in_edges_tensor generation:  0.00013589859008789062
mini_batch_src_global generation:  3.24249267578125e-05
r_  generation:  0.0001690387725830078
----------------------check_connections_block total spend ----------------------------- 0.004805564880371094
generate_one_block  0.0015311241149902344
generate_one_block  0.0015096664428710938
generate_one_block  0.0016400814056396484
generate_one_block  0.0020568370819091797
generate_one_block  0.0015120506286621094
generate_one_block  0.0015053749084472656
generate_one_block  0.0011937618255615234
generate_one_block  0.0010972023010253906
The real block id is  0
get_global_graph_edges_ids_block function  spend 0.0006608963012695312
gen group dst list time:  0.00013256072998046875
time for parepare:  0.0002281665802001953
local_output_nid generation:  3.3855438232421875e-05
local_in_edges_tensor generation:  0.00027871131896972656
mini_batch_src_global generation:  9.822845458984375e-05
r_  generation:  0.0008008480072021484
local_output_nid generation:  4.410743713378906e-05
local_in_edges_tensor generation:  0.0001983642578125
mini_batch_src_global generation:  0.00011873245239257812
r_  generation:  0.0008709430694580078
local_output_nid generation:  4.5299530029296875e-05
local_in_edges_tensor generation:  0.00020456314086914062
mini_batch_src_global generation:  0.00010752677917480469
r_  generation:  0.0009870529174804688
local_output_nid generation:  4.601478576660156e-05
local_in_edges_tensor generation:  0.00020599365234375
mini_batch_src_global generation:  0.00011205673217773438
r_  generation:  0.000997304916381836
local_output_nid generation:  4.291534423828125e-05
local_in_edges_tensor generation:  0.00019598007202148438
mini_batch_src_global generation:  0.00010037422180175781
r_  generation:  0.0008392333984375
local_output_nid generation:  5.888938903808594e-05
local_in_edges_tensor generation:  0.00022530555725097656
mini_batch_src_global generation:  0.0001289844512939453
r_  generation:  0.0012123584747314453
local_output_nid generation:  4.291534423828125e-05
local_in_edges_tensor generation:  0.00020074844360351562
mini_batch_src_global generation:  0.00010800361633300781
r_  generation:  0.0008692741394042969
local_output_nid generation:  3.0994415283203125e-05
local_in_edges_tensor generation:  0.00017833709716796875
mini_batch_src_global generation:  7.605552673339844e-05
r_  generation:  0.0005636215209960938
----------------------check_connections_block total spend ----------------------------- 0.012285709381103516
generate_one_block  0.002156496047973633
generate_one_block  0.0019385814666748047
generate_one_block  0.0018198490142822266
generate_one_block  0.0018396377563476562
generate_one_block  0.0017070770263671875
generate_one_block  0.0020084381103515625
generate_one_block  0.0017070770263671875
generate_one_block  0.0014355182647705078
-----------------------------------------after block dataloader generation 
 Nvidia-smi: 1.0799560546875 GB
    Memory Allocated: 0.06296253204345703  GigaBytes
Max Memory Allocated: 0.06296253204345703  GigaBytes

connection checking time:  0.01709127426147461
block generation total time  0.02665877342224121
average batch blocks generation time:  0.0033323466777801514
----------------------------------------before batch_pred = model(blocks, batch_inputs) 
 Nvidia-smi: 1.1639404296875 GB
    Memory Allocated: 0.06833839416503906  GigaBytes
Max Memory Allocated: 0.06833839416503906  GigaBytes

torch.Size([1003, 1433])
torch.Size([342, 32])
-----------------------------------------batch_pred = model(blocks, batch_inputs) 
 Nvidia-smi: 1.4471435546875 GB
    Memory Allocated: 0.23527193069458008  GigaBytes
Max Memory Allocated: 0.2478485107421875  GigaBytes

----------------------------------------before batch_pred = model(blocks, batch_inputs) 
 Nvidia-smi: 1.5721435546875 GB
    Memory Allocated: 0.13142871856689453  GigaBytes
Max Memory Allocated: 0.35588598251342773  GigaBytes

torch.Size([1027, 1433])
torch.Size([387, 32])
-----------------------------------------batch_pred = model(blocks, batch_inputs) 
 Nvidia-smi: 1.5721435546875 GB
    Memory Allocated: 0.3117985725402832  GigaBytes
Max Memory Allocated: 0.35588598251342773  GigaBytes

----------------------------------------before batch_pred = model(blocks, batch_inputs) 
 Nvidia-smi: 1.6658935546875 GB
    Memory Allocated: 0.13197088241577148  GigaBytes
Max Memory Allocated: 0.43193960189819336  GigaBytes

torch.Size([1128, 1433])
torch.Size([438, 32])
-----------------------------------------batch_pred = model(blocks, batch_inputs) 
 Nvidia-smi: 1.6717529296875 GB
    Memory Allocated: 0.33723926544189453  GigaBytes
Max Memory Allocated: 0.43193960189819336  GigaBytes

----------------------------------------before batch_pred = model(blocks, batch_inputs) 
 Nvidia-smi: 1.6717529296875 GB
    Memory Allocated: 0.13197088241577148  GigaBytes
Max Memory Allocated: 0.45624780654907227  GigaBytes

torch.Size([1128, 1433])
torch.Size([438, 32])
-----------------------------------------batch_pred = model(blocks, batch_inputs) 
 Nvidia-smi: 1.6776123046875 GB
    Memory Allocated: 0.34026575088500977  GigaBytes
Max Memory Allocated: 0.45624780654907227  GigaBytes

----------------------------------------before batch_pred = model(blocks, batch_inputs) 
 Nvidia-smi: 1.6776123046875 GB
    Memory Allocated: 0.13112878799438477  GigaBytes
Max Memory Allocated: 0.4595522880554199  GigaBytes

torch.Size([971, 1433])
torch.Size([377, 32])
-----------------------------------------batch_pred = model(blocks, batch_inputs) 
 Nvidia-smi: 1.6776123046875 GB
    Memory Allocated: 0.30606746673583984  GigaBytes
Max Memory Allocated: 0.4595522880554199  GigaBytes

----------------------------------------before batch_pred = model(blocks, batch_inputs) 
 Nvidia-smi: 1.6776123046875 GB
    Memory Allocated: 0.1325221061706543  GigaBytes
Max Memory Allocated: 0.4595522880554199  GigaBytes

torch.Size([1230, 1433])
torch.Size([553, 32])
-----------------------------------------batch_pred = model(blocks, batch_inputs) 
 Nvidia-smi: 1.6971435546875 GB
    Memory Allocated: 0.3852825164794922  GigaBytes
Max Memory Allocated: 0.4595522880554199  GigaBytes

----------------------------------------before batch_pred = model(blocks, batch_inputs) 
 Nvidia-smi: 1.7283935546875 GB
    Memory Allocated: 0.1307988166809082  GigaBytes
Max Memory Allocated: 0.5033378601074219  GigaBytes

torch.Size([909, 1433])
torch.Size([396, 32])
-----------------------------------------batch_pred = model(blocks, batch_inputs) 
 Nvidia-smi: 1.7283935546875 GB
    Memory Allocated: 0.3093085289001465  GigaBytes
Max Memory Allocated: 0.5033378601074219  GigaBytes

----------------------------------------before batch_pred = model(blocks, batch_inputs) 
 Nvidia-smi: 1.7283935546875 GB
    Memory Allocated: 0.12982416152954102  GigaBytes
Max Memory Allocated: 0.5033378601074219  GigaBytes

torch.Size([728, 1433])
torch.Size([255, 32])
-----------------------------------------batch_pred = model(blocks, batch_inputs) 
 Nvidia-smi: 1.7283935546875 GB
    Memory Allocated: 0.23950481414794922  GigaBytes
Max Memory Allocated: 0.5033378601074219  GigaBytes

times | data loading | block to device | model prediction | loss calculation | loss backward |  optimizer step |
      |0.050543636083602905 |0.043425679206848145 |0.15026921033859253 |0.00012436509132385254 |0.13290786743164062 |0.012047052383422852 |
----------------------------------------------------------pseudo_mini_loss sum 2.9485535621643066
 Run 0| Epoch 0 |
Number of nodes for computation during this epoch:  12058
Number of first layer input nodes during this epoch:  8124
----------------------------------------before generate_dataloader_block 
 Nvidia-smi: 1.7908935546875 GB
    Memory Allocated: 0.25576353073120117  GigaBytes
Max Memory Allocated: 0.5033378601074219  GigaBytes

The real block id is  2
get_global_graph_edges_ids_block function  spend 0.0004734992980957031
range selection method range initialization spend 6.29425048828125e-05
time for parepare:  0.001093149185180664
local_output_nid generation:  1.049041748046875e-05
local_in_edges_tensor generation:  0.00019979476928710938
mini_batch_src_global generation:  2.4557113647460938e-05
r_  generation:  4.887580871582031e-05
local_output_nid generation:  5.9604644775390625e-06
local_in_edges_tensor generation:  0.00010085105895996094
mini_batch_src_global generation:  1.9073486328125e-05
r_  generation:  4.6253204345703125e-05
local_output_nid generation:  6.198883056640625e-06
local_in_edges_tensor generation:  9.489059448242188e-05
mini_batch_src_global generation:  1.8358230590820312e-05
r_  generation:  4.792213439941406e-05
local_output_nid generation:  5.7220458984375e-06
local_in_edges_tensor generation:  9.465217590332031e-05
mini_batch_src_global generation:  1.811981201171875e-05
r_  generation:  4.315376281738281e-05
local_output_nid generation:  6.198883056640625e-06
local_in_edges_tensor generation:  9.584426879882812e-05
mini_batch_src_global generation:  1.7642974853515625e-05
r_  generation:  3.361701965332031e-05
local_output_nid generation:  5.9604644775390625e-06
local_in_edges_tensor generation:  9.202957153320312e-05
mini_batch_src_global generation:  1.7404556274414062e-05
r_  generation:  3.7670135498046875e-05
local_output_nid generation:  6.9141387939453125e-06
local_in_edges_tensor generation:  9.179115295410156e-05
mini_batch_src_global generation:  1.5735626220703125e-05
r_  generation:  3.147125244140625e-05
local_output_nid generation:  5.4836273193359375e-06
local_in_edges_tensor generation:  8.988380432128906e-05
mini_batch_src_global generation:  1.5735626220703125e-05
r_  generation:  3.361701965332031e-05
----------------------check_connections_block total spend ----------------------------- 0.002819538116455078
generate_one_block  0.0010914802551269531
generate_one_block  0.0010273456573486328
generate_one_block  0.0010042190551757812
generate_one_block  0.0009987354278564453
generate_one_block  0.000997304916381836
generate_one_block  0.0009868144989013672
generate_one_block  0.000978708267211914
generate_one_block  0.0009808540344238281
The real block id is  1
get_global_graph_edges_ids_block function  spend 0.0004928112030029297
gen group dst list time:  5.698204040527344e-05
time for parepare:  0.00014710426330566406
local_output_nid generation:  9.298324584960938e-06
local_in_edges_tensor generation:  0.00018215179443359375
mini_batch_src_global generation:  3.1948089599609375e-05
r_  generation:  0.00019025802612304688
local_output_nid generation:  1.1444091796875e-05
local_in_edges_tensor generation:  0.0001246929168701172
mini_batch_src_global generation:  4.172325134277344e-05
r_  generation:  0.00026726722717285156
local_output_nid generation:  1.1205673217773438e-05
local_in_edges_tensor generation:  0.00024437904357910156
mini_batch_src_global generation:  4.506111145019531e-05
r_  generation:  0.0002467632293701172
local_output_nid generation:  1.049041748046875e-05
local_in_edges_tensor generation:  0.0001270771026611328
mini_batch_src_global generation:  4.100799560546875e-05
r_  generation:  0.0002219676971435547
local_output_nid generation:  8.58306884765625e-06
local_in_edges_tensor generation:  0.00011801719665527344
mini_batch_src_global generation:  4.124641418457031e-05
r_  generation:  0.00022363662719726562
local_output_nid generation:  1.0013580322265625e-05
local_in_edges_tensor generation:  0.00011920928955078125
mini_batch_src_global generation:  4.029273986816406e-05
r_  generation:  0.0002434253692626953
local_output_nid generation:  9.059906005859375e-06
local_in_edges_tensor generation:  0.0001266002655029297
mini_batch_src_global generation:  4.124641418457031e-05
r_  generation:  0.0001728534698486328
local_output_nid generation:  9.775161743164062e-06
local_in_edges_tensor generation:  0.00011801719665527344
mini_batch_src_global generation:  3.910064697265625e-05
r_  generation:  0.0002105236053466797
----------------------check_connections_block total spend ----------------------------- 0.004225969314575195
generate_one_block  0.0012135505676269531
generate_one_block  0.0012962818145751953
generate_one_block  0.0012617111206054688
generate_one_block  0.0012302398681640625
generate_one_block  0.001238107681274414
generate_one_block  0.001280069351196289
generate_one_block  0.0011587142944335938
generate_one_block  0.0012176036834716797
The real block id is  0
get_global_graph_edges_ids_block function  spend 0.0005314350128173828
gen group dst list time:  0.00013256072998046875
time for parepare:  0.00017690658569335938
local_output_nid generation:  3.3855438232421875e-05
local_in_edges_tensor generation:  0.00023865699768066406
mini_batch_src_global generation:  6.437301635742188e-05
r_  generation:  0.0005953311920166016
local_output_nid generation:  4.0531158447265625e-05
local_in_edges_tensor generation:  0.00018072128295898438
mini_batch_src_global generation:  9.870529174804688e-05
r_  generation:  0.0008072853088378906
local_output_nid generation:  3.3855438232421875e-05
local_in_edges_tensor generation:  0.00016617774963378906
mini_batch_src_global generation:  0.00010275840759277344
r_  generation:  0.0007174015045166016
local_output_nid generation:  3.3855438232421875e-05
local_in_edges_tensor generation:  0.00018072128295898438
mini_batch_src_global generation:  9.72747802734375e-05
r_  generation:  0.0007269382476806641
local_output_nid generation:  3.838539123535156e-05
local_in_edges_tensor generation:  0.00017118453979492188
mini_batch_src_global generation:  9.036064147949219e-05
r_  generation:  0.0007331371307373047
local_output_nid generation:  4.076957702636719e-05
local_in_edges_tensor generation:  0.00017380714416503906
mini_batch_src_global generation:  9.608268737792969e-05
r_  generation:  0.0008194446563720703
local_output_nid generation:  2.7179718017578125e-05
local_in_edges_tensor generation:  0.0001583099365234375
mini_batch_src_global generation:  9.655952453613281e-05
r_  generation:  0.0005536079406738281
local_output_nid generation:  3.600120544433594e-05
local_in_edges_tensor generation:  0.0001614093780517578
mini_batch_src_global generation:  8.368492126464844e-05
r_  generation:  0.00069427490234375
----------------------check_connections_block total spend ----------------------------- 0.009916305541992188
generate_one_block  0.001744985580444336
generate_one_block  0.0019915103912353516
generate_one_block  0.0018467903137207031
generate_one_block  0.0018889904022216797
generate_one_block  0.002008676528930664
generate_one_block  0.0019860267639160156
generate_one_block  0.0016415119171142578
generate_one_block  0.0018279552459716797
-----------------------------------------after block dataloader generation 
 Nvidia-smi: 1.7908935546875 GB
    Memory Allocated: 0.25576353073120117  GigaBytes
Max Memory Allocated: 0.5033378601074219  GigaBytes

connection checking time:  0.014142274856567383
block generation total time  0.024832725524902344
average batch blocks generation time:  0.003104090690612793
block dataloader generation time/epoch 0.07832002639770508
----------------------------------------before batch_pred = model(blocks, batch_inputs) 
 Nvidia-smi: 1.7908935546875 GB
    Memory Allocated: 0.2567152976989746  GigaBytes
Max Memory Allocated: 0.5033378601074219  GigaBytes

torch.Size([904, 1433])
torch.Size([353, 32])
-----------------------------------------batch_pred = model(blocks, batch_inputs) 
 Nvidia-smi: 1.7908935546875 GB
    Memory Allocated: 0.4113011360168457  GigaBytes
Max Memory Allocated: 0.5033378601074219  GigaBytes

----------------------------------------before batch_pred = model(blocks, batch_inputs) 
 Nvidia-smi: 1.7908935546875 GB
    Memory Allocated: 0.2583308219909668  GigaBytes
Max Memory Allocated: 0.5315570831298828  GigaBytes

torch.Size([1210, 1433])
torch.Size([494, 32])
-----------------------------------------batch_pred = model(blocks, batch_inputs) 
 Nvidia-smi: 1.7908935546875 GB
    Memory Allocated: 0.4826927185058594  GigaBytes
Max Memory Allocated: 0.5315570831298828  GigaBytes

----------------------------------------before batch_pred = model(blocks, batch_inputs) 
 Nvidia-smi: 1.8221435546875 GB
    Memory Allocated: 0.2572965621948242  GigaBytes
Max Memory Allocated: 0.6011600494384766  GigaBytes

torch.Size([1017, 1433])
torch.Size([420, 32])
-----------------------------------------batch_pred = model(blocks, batch_inputs) 
 Nvidia-smi: 1.8221435546875 GB
    Memory Allocated: 0.4505629539489746  GigaBytes
Max Memory Allocated: 0.6011600494384766  GigaBytes

----------------------------------------before batch_pred = model(blocks, batch_inputs) 
 Nvidia-smi: 1.8221435546875 GB
    Memory Allocated: 0.25824689865112305  GigaBytes
Max Memory Allocated: 0.6011600494384766  GigaBytes

torch.Size([1195, 1433])
torch.Size([411, 32])
-----------------------------------------batch_pred = model(blocks, batch_inputs) 
 Nvidia-smi: 1.8221435546875 GB
    Memory Allocated: 0.46184730529785156  GigaBytes
Max Memory Allocated: 0.6011600494384766  GigaBytes

----------------------------------------before batch_pred = model(blocks, batch_inputs) 
 Nvidia-smi: 1.8221435546875 GB
    Memory Allocated: 0.2577033042907715  GigaBytes
Max Memory Allocated: 0.6011600494384766  GigaBytes

torch.Size([1093, 1433])
torch.Size([437, 32])
-----------------------------------------batch_pred = model(blocks, batch_inputs) 
 Nvidia-smi: 1.8221435546875 GB
    Memory Allocated: 0.4613313674926758  GigaBytes
Max Memory Allocated: 0.6011600494384766  GigaBytes

----------------------------------------before batch_pred = model(blocks, batch_inputs) 
 Nvidia-smi: 1.8221435546875 GB
    Memory Allocated: 0.2591867446899414  GigaBytes
Max Memory Allocated: 0.6011600494384766  GigaBytes

torch.Size([1235, 1433])
torch.Size([487, 32])
-----------------------------------------batch_pred = model(blocks, batch_inputs) 
 Nvidia-smi: 1.8221435546875 GB
    Memory Allocated: 0.48490285873413086  GigaBytes
Max Memory Allocated: 0.6011600494384766  GigaBytes

----------------------------------------before batch_pred = model(blocks, batch_inputs) 
 Nvidia-smi: 1.8221435546875 GB
    Memory Allocated: 0.2563514709472656  GigaBytes
Max Memory Allocated: 0.6037993431091309  GigaBytes

torch.Size([841, 1433])
torch.Size([325, 32])
-----------------------------------------batch_pred = model(blocks, batch_inputs) 
 Nvidia-smi: 1.8221435546875 GB
    Memory Allocated: 0.40348052978515625  GigaBytes
Max Memory Allocated: 0.6037993431091309  GigaBytes

----------------------------------------before batch_pred = model(blocks, batch_inputs) 
 Nvidia-smi: 1.8221435546875 GB
    Memory Allocated: 0.2575998306274414  GigaBytes
Max Memory Allocated: 0.6037993431091309  GigaBytes

torch.Size([1074, 1433])
torch.Size([417, 32])
-----------------------------------------batch_pred = model(blocks, batch_inputs) 
 Nvidia-smi: 1.8221435546875 GB
    Memory Allocated: 0.4514775276184082  GigaBytes
Max Memory Allocated: 0.6037993431091309  GigaBytes

times | data loading | block to device | model prediction | loss calculation | loss backward |  optimizer step |
      |0.05004805326461792 |0.00045049190521240234 |0.09098178148269653 |0.00011470913887023926 |0.12789291143417358 |0.010560274124145508 |
----------------------------------------------------------pseudo_mini_loss sum 2.6537609100341797
Total (block generation + training)time/epoch 2.3019464015960693
Training time/epoch 2.2232964038848877
Training time without block to device /epoch 2.2196924686431885
Training time without total dataloading part /epoch 1.7624754905700684
load block tensor time/epoch 0.40038442611694336
block to device time/epoch 0.0036039352416992188
input features size transfer per epoch 1.0728836059570312e-06Using backend: pytorch

blocks size to device per epoch 7.152557373046875e-07
 Run 0| Epoch 1 |
Number of nodes for computation during this epoch:  12674
Number of first layer input nodes during this epoch:  8569
