main start at this time 1648428136.5334055
-----------------------------------------before load data 
 Nvidia-smi: 0.1717529296875 GB
    Memory Allocated: 0.0  GigaBytes
Max Memory Allocated: 0.0  GigaBytes

  NumNodes: 2708
  NumEdges: 10556
  NumFeats: 1433
  NumClasses: 7
  NumTrainingSamples: 140
  NumValidationSamples: 500
  NumTestSamples: 1000
Done loading data from cached files.
success----------------------------------------
140
500
2068
# Nodes: 2708
# Edges: 10556
# Train: 140
# Val: 500
# Test: 2068
# Classes: 7

in feats:  1433
----------------------------------------before generate_dataloader_block 
 Nvidia-smi: 1.0174560546875 GB
    Memory Allocated: 0.000179290771484375  GigaBytes
Max Memory Allocated: 0.000179290771484375  GigaBytes

The real block id is  2
get_global_graph_edges_ids_block function  spend 0.0008406639099121094
range selection method range initialization spend 0.0001380443572998047
time for parepare:  6.437301635742188e-05
local_output_nid generation:  4.076957702636719e-05
local_in_edges_tensor generation:  0.0001900196075439453
mini_batch_src_global generation:  2.5510787963867188e-05
r_  generation:  0.002412557601928711
local_output_nid generation:  7.3909759521484375e-06
local_in_edges_tensor generation:  0.0001308917999267578
mini_batch_src_global generation:  2.5272369384765625e-05
r_  generation:  4.172325134277344e-05
local_output_nid generation:  6.9141387939453125e-06
local_in_edges_tensor generation:  0.00010132789611816406
mini_batch_src_global generation:  1.7404556274414062e-05
r_  generation:  3.361701965332031e-05
local_output_nid generation:  6.67572021484375e-06
local_in_edges_tensor generation:  9.608268737792969e-05
mini_batch_src_global generation:  1.6450881958007812e-05
r_  generation:  4.649162292480469e-05
local_output_nid generation:  6.9141387939453125e-06
local_in_edges_tensor generation:  9.560585021972656e-05
mini_batch_src_global generation:  1.6927719116210938e-05
r_  generation:  4.4345855712890625e-05
local_output_nid generation:  6.4373016357421875e-06
local_in_edges_tensor generation:  9.655952453613281e-05
mini_batch_src_global generation:  1.621246337890625e-05
r_  generation:  4.5299530029296875e-05
local_output_nid generation:  6.4373016357421875e-06
local_in_edges_tensor generation:  0.00010204315185546875
mini_batch_src_global generation:  1.9073486328125e-05
r_  generation:  4.482269287109375e-05
local_output_nid generation:  5.7220458984375e-06
local_in_edges_tensor generation:  9.608268737792969e-05
mini_batch_src_global generation:  1.5735626220703125e-05
r_  generation:  3.552436828613281e-05
----------------------check_connections_block total spend ----------------------------- 0.004336833953857422
generate_one_block  0.0015020370483398438
generate_one_block  0.0010256767272949219
generate_one_block  0.0010447502136230469
generate_one_block  0.0010600090026855469
generate_one_block  0.0010781288146972656
generate_one_block  0.0010247230529785156
generate_one_block  0.00107574462890625
generate_one_block  0.0010111331939697266
The real block id is  1
get_global_graph_edges_ids_block function  spend 0.0004992485046386719
gen group dst list time:  5.698204040527344e-05
time for parepare:  0.00014925003051757812
local_output_nid generation:  7.867813110351562e-06
local_in_edges_tensor generation:  0.00018405914306640625
mini_batch_src_global generation:  3.218650817871094e-05
r_  generation:  0.00018215179443359375
local_output_nid generation:  8.821487426757812e-06
local_in_edges_tensor generation:  0.00011801719665527344
mini_batch_src_global generation:  3.719329833984375e-05
r_  generation:  0.00023221969604492188
local_output_nid generation:  1.5497207641601562e-05
local_in_edges_tensor generation:  0.00011968612670898438
mini_batch_src_global generation:  3.457069396972656e-05
r_  generation:  0.00020360946655273438
local_output_nid generation:  1.049041748046875e-05
local_in_edges_tensor generation:  0.00012302398681640625
mini_batch_src_global generation:  4.482269287109375e-05
r_  generation:  0.00034165382385253906
local_output_nid generation:  9.298324584960938e-06
local_in_edges_tensor generation:  0.0001316070556640625
mini_batch_src_global generation:  4.458427429199219e-05
r_  generation:  0.0002810955047607422
local_output_nid generation:  9.5367431640625e-06
local_in_edges_tensor generation:  0.0001201629638671875
mini_batch_src_global generation:  4.00543212890625e-05
r_  generation:  0.00026917457580566406
local_output_nid generation:  1.049041748046875e-05
local_in_edges_tensor generation:  0.00011873245239257812
mini_batch_src_global generation:  4.315376281738281e-05
r_  generation:  0.0002930164337158203
local_output_nid generation:  6.67572021484375e-06
local_in_edges_tensor generation:  0.00011372566223144531
mini_batch_src_global generation:  3.4332275390625e-05
r_  generation:  0.00018215179443359375
----------------------check_connections_block total spend ----------------------------- 0.004244565963745117
generate_one_block  0.0012488365173339844
generate_one_block  0.0012900829315185547
generate_one_block  0.0012691020965576172
generate_one_block  0.0014352798461914062
generate_one_block  0.0013461112976074219
generate_one_block  0.0013506412506103516
generate_one_block  0.0013990402221679688
generate_one_block  0.0011909008026123047
The real block id is  0
get_global_graph_edges_ids_block function  spend 0.0007152557373046875
gen group dst list time:  0.00011420249938964844
time for parepare:  0.0001785755157470703
local_output_nid generation:  2.574920654296875e-05
local_in_edges_tensor generation:  0.00030231475830078125
mini_batch_src_global generation:  8.893013000488281e-05
r_  generation:  0.0006496906280517578
local_output_nid generation:  3.600120544433594e-05
local_in_edges_tensor generation:  0.00018167495727539062
mini_batch_src_global generation:  0.00010633468627929688
r_  generation:  0.0007939338684082031
local_output_nid generation:  3.123283386230469e-05
local_in_edges_tensor generation:  0.0001614093780517578
mini_batch_src_global generation:  8.606910705566406e-05
r_  generation:  0.0007312297821044922
local_output_nid generation:  4.839897155761719e-05
local_in_edges_tensor generation:  0.00018644332885742188
mini_batch_src_global generation:  0.00011134147644042969
r_  generation:  0.001163482666015625
local_output_nid generation:  4.3392181396484375e-05
local_in_edges_tensor generation:  0.0001800060272216797
mini_batch_src_global generation:  0.00011110305786132812
r_  generation:  0.0009567737579345703
local_output_nid generation:  4.1484832763671875e-05
local_in_edges_tensor generation:  0.0001773834228515625
mini_batch_src_global generation:  0.00010561943054199219
r_  generation:  0.0010223388671875
local_output_nid generation:  4.3392181396484375e-05
local_in_edges_tensor generation:  0.00018286705017089844
mini_batch_src_global generation:  0.00010895729064941406
r_  generation:  0.0009632110595703125
local_output_nid generation:  2.8848648071289062e-05
local_in_edges_tensor generation:  0.00015544891357421875
mini_batch_src_global generation:  8.630752563476562e-05
r_  generation:  0.0006649494171142578
----------------------check_connections_block total spend ----------------------------- 0.011618375778198242
generate_one_block  0.0018246173858642578
generate_one_block  0.0019562244415283203
generate_one_block  0.0017969608306884766
generate_one_block  0.002168893814086914
generate_one_block  0.0020346641540527344
generate_one_block  0.002066373825073242
generate_one_block  0.002015352249145508
generate_one_block  0.0017211437225341797
-----------------------------------------after block dataloader generation 
 Nvidia-smi: 1.0174560546875 GB
    Memory Allocated: 0.000179290771484375  GigaBytes
Max Memory Allocated: 0.000179290771484375  GigaBytes

connection checking time:  0.01586294174194336
block generation total time  0.026114225387573242
average batch blocks generation time:  0.0032642781734466553
----------------------------------------before batch_pred = model(blocks, batch_inputs) 
 Nvidia-smi: 1.1014404296875 GB
    Memory Allocated: 0.005570411682128906  GigaBytes
Max Memory Allocated: 0.005570411682128906  GigaBytes

torch.Size([1006, 1433])
torch.Size([346, 16])
-----------------------------------------batch_pred = model(blocks, batch_inputs) 
 Nvidia-smi: 1.2615966796875 GB
    Memory Allocated: 0.005684852600097656  GigaBytes
Max Memory Allocated: 0.005711555480957031  GigaBytes

----------------------------------------before batch_pred = model(blocks, batch_inputs) 
 Nvidia-smi: 1.2615966796875 GB
    Memory Allocated: 0.0060367584228515625  GigaBytes
Max Memory Allocated: 0.011382102966308594  GigaBytes

torch.Size([1059, 1433])
torch.Size([458, 16])
-----------------------------------------batch_pred = model(blocks, batch_inputs) 
 Nvidia-smi: 1.2615966796875 GB
    Memory Allocated: 0.006185054779052734  GigaBytes
Max Memory Allocated: 0.011382102966308594  GigaBytes

----------------------------------------before batch_pred = model(blocks, batch_inputs) 
 Nvidia-smi: 1.2615966796875 GB
    Memory Allocated: 0.006413936614990234  GigaBytes
Max Memory Allocated: 0.012043952941894531  GigaBytes

torch.Size([1130, 1433])
torch.Size([403, 16])
-----------------------------------------batch_pred = model(blocks, batch_inputs) 
 Nvidia-smi: 1.2615966796875 GB
    Memory Allocated: 0.006547451019287109  GigaBytes
Max Memory Allocated: 0.012043952941894531  GigaBytes

----------------------------------------before batch_pred = model(blocks, batch_inputs) 
 Nvidia-smi: 1.2615966796875 GB
    Memory Allocated: 0.007942676544189453  GigaBytes
Max Memory Allocated: 0.013939380645751953  GigaBytes

torch.Size([1414, 1433])
torch.Size([654, 16])
-----------------------------------------batch_pred = model(blocks, batch_inputs) 
 Nvidia-smi: 1.2615966796875 GB
    Memory Allocated: 0.008148670196533203  GigaBytes
Max Memory Allocated: 0.013939380645751953  GigaBytes

----------------------------------------before batch_pred = model(blocks, batch_inputs) 
 Nvidia-smi: 1.2615966796875 GB
    Memory Allocated: 0.007215976715087891  GigaBytes
Max Memory Allocated: 0.014734745025634766  GigaBytes

torch.Size([1279, 1433])
torch.Size([569, 16])
-----------------------------------------batch_pred = model(blocks, batch_inputs) 
 Nvidia-smi: 1.2615966796875 GB
    Memory Allocated: 0.007393836975097656  GigaBytes
Max Memory Allocated: 0.014734745025634766  GigaBytes

----------------------------------------before batch_pred = model(blocks, batch_inputs) 
 Nvidia-smi: 1.2615966796875 GB
    Memory Allocated: 0.007937908172607422  GigaBytes
Max Memory Allocated: 0.014734745025634766  GigaBytes

torch.Size([1376, 1433])
torch.Size([548, 16])
-----------------------------------------batch_pred = model(blocks, batch_inputs) 
 Nvidia-smi: 1.2615966796875 GB
    Memory Allocated: 0.008114337921142578  GigaBytes
Max Memory Allocated: 0.014734745025634766  GigaBytes

----------------------------------------before batch_pred = model(blocks, batch_inputs) 
 Nvidia-smi: 1.2615966796875 GB
    Memory Allocated: 0.007040977478027344  GigaBytes
Max Memory Allocated: 0.014734745025634766  GigaBytes

torch.Size([1246, 1433])
torch.Size([557, 16])
-----------------------------------------batch_pred = model(blocks, batch_inputs) 
 Nvidia-smi: 1.2615966796875 GB
    Memory Allocated: 0.007218837738037109  GigaBytes
Max Memory Allocated: 0.014734745025634766  GigaBytes

----------------------------------------before batch_pred = model(blocks, batch_inputs) 
 Nvidia-smi: 1.2615966796875 GB
    Memory Allocated: 0.005850791931152344  GigaBytes
Max Memory Allocated: 0.014734745025634766  GigaBytes

torch.Size([1025, 1433])
torch.Size([354, 16])
-----------------------------------------batch_pred = model(blocks, batch_inputs) 
 Nvidia-smi: 1.2615966796875 GB
    Memory Allocated: 0.005967617034912109  GigaBytes
Max Memory Allocated: 0.014734745025634766  GigaBytes

times | data loading | block to device | model prediction | loss calculation | loss backward |  optimizer step |
      |0.01651620864868164 |0.04347071051597595 |0.09922444820404053 |0.00015562772750854492 |0.003419250249862671 |0.0022385120391845703 |
----------------------------------------------------------pseudo_mini_loss sum 3.2175791263580322
 Run 0| Epoch 0 |
Number of nodes for computation during this epoch:  14172
Number of first layer input nodes during this epoch:  9535
----------------------------------------before generate_dataloader_block 
 Nvidia-smi: 1.2615966796875 GB
    Memory Allocated: 0.006253719329833984  GigaBytes
Max Memory Allocated: 0.014734745025634766  GigaBytes

The real block id is  2
get_global_graph_edges_ids_block function  spend 0.0005741119384765625
range selection method range initialization spend 8.320808410644531e-05
time for parepare:  8.463859558105469e-05
local_output_nid generation:  1.1205673217773438e-05
local_in_edges_tensor generation:  0.00019812583923339844
mini_batch_src_global generation:  2.9325485229492188e-05
r_  generation:  7.176399230957031e-05
local_output_nid generation:  8.821487426757812e-06
local_in_edges_tensor generation:  0.00012731552124023438
mini_batch_src_global generation:  2.3126602172851562e-05
r_  generation:  5.7220458984375e-05
local_output_nid generation:  8.344650268554688e-06
local_in_edges_tensor generation:  0.00011730194091796875
mini_batch_src_global generation:  1.8358230590820312e-05
r_  generation:  4.553794860839844e-05
local_output_nid generation:  6.9141387939453125e-06
local_in_edges_tensor generation:  0.00011587142944335938
mini_batch_src_global generation:  1.8835067749023438e-05
r_  generation:  4.2438507080078125e-05
local_output_nid generation:  7.867813110351562e-06
local_in_edges_tensor generation:  0.00011372566223144531
mini_batch_src_global generation:  1.9311904907226562e-05
r_  generation:  5.364418029785156e-05
local_output_nid generation:  6.9141387939453125e-06
local_in_edges_tensor generation:  0.00011777877807617188
mini_batch_src_global generation:  1.9073486328125e-05
r_  generation:  4.482269287109375e-05
local_output_nid generation:  9.059906005859375e-06
local_in_edges_tensor generation:  0.00011277198791503906
mini_batch_src_global generation:  1.8358230590820312e-05
r_  generation:  4.124641418457031e-05
local_output_nid generation:  6.9141387939453125e-06
local_in_edges_tensor generation:  0.00011181831359863281
mini_batch_src_global generation:  1.7881393432617188e-05
r_  generation:  3.4332275390625e-05
----------------------check_connections_block total spend ----------------------------- 0.0021369457244873047
generate_one_block  0.0012941360473632812
generate_one_block  0.0014629364013671875
generate_one_block  0.0011036396026611328
generate_one_block  0.0010190010070800781
generate_one_block  0.0010364055633544922
generate_one_block  0.0010678768157958984
generate_one_block  0.0010440349578857422
generate_one_block  0.0010097026824951172
The real block id is  1
get_global_graph_edges_ids_block function  spend 0.0005691051483154297
gen group dst list time:  6.842613220214844e-05
time for parepare:  0.00019311904907226562
local_output_nid generation:  1.1920928955078125e-05
local_in_edges_tensor generation:  0.0001952648162841797
mini_batch_src_global generation:  6.580352783203125e-05
r_  generation:  0.0003304481506347656
local_output_nid generation:  1.239776611328125e-05
local_in_edges_tensor generation:  0.00012683868408203125
mini_batch_src_global generation:  5.221366882324219e-05
r_  generation:  0.00027489662170410156
local_output_nid generation:  9.059906005859375e-06
local_in_edges_tensor generation:  0.0001289844512939453
mini_batch_src_global generation:  3.314018249511719e-05
r_  generation:  0.00016045570373535156
local_output_nid generation:  8.821487426757812e-06
local_in_edges_tensor generation:  0.0001163482666015625
mini_batch_src_global generation:  3.218650817871094e-05
r_  generation:  0.00021314620971679688
local_output_nid generation:  1.2159347534179688e-05
local_in_edges_tensor generation:  0.00011801719665527344
mini_batch_src_global generation:  3.790855407714844e-05
r_  generation:  0.00025844573974609375
local_output_nid generation:  9.775161743164062e-06
local_in_edges_tensor generation:  0.00011873245239257812
mini_batch_src_global generation:  3.552436828613281e-05
r_  generation:  0.00021338462829589844
local_output_nid generation:  1.0728836059570312e-05
local_in_edges_tensor generation:  0.00012683868408203125
mini_batch_src_global generation:  4.2438507080078125e-05
r_  generation:  0.00024199485778808594
local_output_nid generation:  8.106231689453125e-06
local_in_edges_tensor generation:  0.00011467933654785156
mini_batch_src_global generation:  3.24249267578125e-05
r_  generation:  0.00018739700317382812
----------------------check_connections_block total spend ----------------------------- 0.004279136657714844
generate_one_block  0.001569509506225586
generate_one_block  0.0013327598571777344
generate_one_block  0.0012063980102539062
generate_one_block  0.001283884048461914
generate_one_block  0.0012969970703125
generate_one_block  0.0012824535369873047
generate_one_block  0.0013301372528076172
generate_one_block  0.0012197494506835938
The real block id is  0
get_global_graph_edges_ids_block function  spend 0.0008554458618164062
gen group dst list time:  0.0001423358917236328
time for parepare:  0.000202178955078125
local_output_nid generation:  4.220008850097656e-05
local_in_edges_tensor generation:  0.00029850006103515625
mini_batch_src_global generation:  0.00014066696166992188
r_  generation:  0.0009925365447998047
local_output_nid generation:  5.7220458984375e-05
local_in_edges_tensor generation:  0.00019097328186035156
mini_batch_src_global generation:  0.00012373924255371094
r_  generation:  0.0008764266967773438
local_output_nid generation:  3.528594970703125e-05
local_in_edges_tensor generation:  0.00017833709716796875
mini_batch_src_global generation:  7.700920104980469e-05
r_  generation:  0.0005788803100585938
local_output_nid generation:  4.57763671875e-05
local_in_edges_tensor generation:  0.00018286705017089844
mini_batch_src_global generation:  9.274482727050781e-05
r_  generation:  0.0008230209350585938
local_output_nid generation:  4.100799560546875e-05
local_in_edges_tensor generation:  0.0001685619354248047
mini_batch_src_global generation:  9.202957153320312e-05
r_  generation:  0.0008058547973632812
local_output_nid generation:  3.0994415283203125e-05
local_in_edges_tensor generation:  0.00015735626220703125
mini_batch_src_global generation:  7.915496826171875e-05
r_  generation:  0.0006802082061767578
local_output_nid generation:  4.76837158203125e-05
local_in_edges_tensor generation:  0.0001819133758544922
mini_batch_src_global generation:  9.799003601074219e-05
r_  generation:  0.0009095668792724609
local_output_nid generation:  3.719329833984375e-05
local_in_edges_tensor generation:  0.0001628398895263672
mini_batch_src_global generation:  8.797645568847656e-05
r_  generation:  0.0007064342498779297
----------------------check_connections_block total spend ----------------------------- 0.01106715202331543
generate_one_block  0.002374887466430664
generate_one_block  0.002230405807495117
generate_one_block  0.0017058849334716797
generate_one_block  0.001990079879760742
generate_one_block  0.0019414424896240234
generate_one_block  0.0016965866088867188
generate_one_block  0.002274751663208008
generate_one_block  0.0018143653869628906
-----------------------------------------after block dataloader generation 
 Nvidia-smi: 1.2615966796875 GB
    Memory Allocated: 0.006253719329833984  GigaBytes
Max Memory Allocated: 0.014734745025634766  GigaBytes

connection checking time:  0.015346288681030273
block generation total time  0.02655029296875
average batch blocks generation time:  0.00331878662109375
block dataloader generation time/epoch 0.06555891036987305
----------------------------------------before batch_pred = model(blocks, batch_inputs) 
 Nvidia-smi: 1.2615966796875 GB
    Memory Allocated: 0.007835865020751953  GigaBytes
Max Memory Allocated: 0.014734745025634766  GigaBytes

torch.Size([1329, 1433])
torch.Size([584, 16])
-----------------------------------------batch_pred = model(blocks, batch_inputs) 
 Nvidia-smi: 1.2615966796875 GB
    Memory Allocated: 0.008025646209716797  GigaBytes
Max Memory Allocated: 0.014734745025634766  GigaBytes

----------------------------------------before batch_pred = model(blocks, batch_inputs) 
 Nvidia-smi: 1.2615966796875 GB
    Memory Allocated: 0.006722450256347656  GigaBytes
Max Memory Allocated: 0.014734745025634766  GigaBytes

torch.Size([1121, 1433])
torch.Size([484, 16])
-----------------------------------------batch_pred = model(blocks, batch_inputs) 
 Nvidia-smi: 1.2615966796875 GB
    Memory Allocated: 0.0068798065185546875  GigaBytes
Max Memory Allocated: 0.014734745025634766  GigaBytes

----------------------------------------before batch_pred = model(blocks, batch_inputs) 
 Nvidia-smi: 1.2615966796875 GB
    Memory Allocated: 0.005517482757568359  GigaBytes
Max Memory Allocated: 0.014734745025634766  GigaBytes

torch.Size([897, 1433])
torch.Size([299, 16])
-----------------------------------------batch_pred = model(blocks, batch_inputs) 
 Nvidia-smi: 1.2615966796875 GB
    Memory Allocated: 0.005620479583740234  GigaBytes
Max Memory Allocated: 0.014734745025634766  GigaBytes

----------------------------------------before batch_pred = model(blocks, batch_inputs) 
 Nvidia-smi: 1.2615966796875 GB
    Memory Allocated: 0.007564067840576172  GigaBytes
Max Memory Allocated: 0.014734745025634766  GigaBytes

torch.Size([1279, 1433])
torch.Size([443, 16])
-----------------------------------------batch_pred = model(blocks, batch_inputs) 
 Nvidia-smi: 1.2615966796875 GB
    Memory Allocated: 0.007709026336669922  GigaBytes
Max Memory Allocated: 0.014734745025634766  GigaBytes

----------------------------------------before batch_pred = model(blocks, batch_inputs) 
 Nvidia-smi: 1.2615966796875 GB
    Memory Allocated: 0.0066204071044921875  GigaBytes
Max Memory Allocated: 0.014734745025634766  GigaBytes

torch.Size([1102, 1433])
torch.Size([431, 16])
-----------------------------------------batch_pred = model(blocks, batch_inputs) 
 Nvidia-smi: 1.2615966796875 GB
    Memory Allocated: 0.006765842437744141  GigaBytes
Max Memory Allocated: 0.014734745025634766  GigaBytes

----------------------------------------before batch_pred = model(blocks, batch_inputs) 
 Nvidia-smi: 1.2615966796875 GB
    Memory Allocated: 0.005797863006591797  GigaBytes
Max Memory Allocated: 0.014734745025634766  GigaBytes

torch.Size([949, 1433])
torch.Size([337, 16])
-----------------------------------------batch_pred = model(blocks, batch_inputs) 
 Nvidia-smi: 1.2615966796875 GB
    Memory Allocated: 0.005919456481933594  GigaBytes
Max Memory Allocated: 0.014734745025634766  GigaBytes

----------------------------------------before batch_pred = model(blocks, batch_inputs) 
 Nvidia-smi: 1.2615966796875 GB
    Memory Allocated: 0.007081508636474609  GigaBytes
Max Memory Allocated: 0.014734745025634766  GigaBytes

torch.Size([1188, 1433])
torch.Size([519, 16])
-----------------------------------------batch_pred = model(blocks, batch_inputs) 
 Nvidia-smi: 1.2615966796875 GB
    Memory Allocated: 0.007244586944580078  GigaBytes
Max Memory Allocated: 0.014734745025634766  GigaBytes

----------------------------------------before batch_pred = model(blocks, batch_inputs) 
 Nvidia-smi: 1.2615966796875 GB
    Memory Allocated: 0.006498813629150391  GigaBytes
Max Memory Allocated: 0.014734745025634766  GigaBytes

torch.Size([1080, 1433])
torch.Size([395, 16])
-----------------------------------------batch_pred = model(blocks, batch_inputs) 
 Nvidia-smi: 1.2615966796875 GB
    Memory Allocated: 0.006623744964599609  GigaBytes
Max Memory Allocated: 0.014734745025634766  GigaBytes

times | data loading | block to device | model prediction | loss calculation | loss backward |  optimizer step |
      |0.0013585984706878662 |0.0004181861877441406 |0.0032854974269866943 |0.00011497735977172852 |0.0031547248363494873 |0.0014431476593017578 |
----------------------------------------------------------pseudo_mini_loss sum 2.5643699169158936
Total (block generation + training)time/epoch 0.1417245864868164
Training time/epoch 0.07598090171813965
Training time without block to device /epoch 0.07263541221618652
Training time without total dataloading part /epoch 0.05388474464416504
load block tensor time/epoch 0.01086878776550293Using backend: pytorch

block to device time/epoch 0.003345489501953125
input features size transfer per epoch 1.0728836059570312e-06
blocks size to device per epoch 7.152557373046875e-07
 Run 0| Epoch 1 |
Number of nodes for computation during this epoch:  13186
Number of first layer input nodes during this epoch:  8945
