main start at this time 1648433241.0620391
-----------------------------------------before load data 
 Nvidia-smi: 0.1717529296875 GB
    Memory Allocated: 0.0  GigaBytes
Max Memory Allocated: 0.0  GigaBytes

  NumNodes: 2708
  NumEdges: 10556
  NumFeats: 1433
  NumClasses: 7
  NumTrainingSamples: 140
  NumValidationSamples: 500
  NumTestSamples: 1000
Done loading data from cached files.
success----------------------------------------
140
500
2068
# Nodes: 2708
# Edges: 10556
# Train: 140
# Val: 500
# Test: 2068
# Classes: 7

in feats:  1433
----------------------------------------before generate_dataloader_block 
 Nvidia-smi: 1.0174560546875 GB
    Memory Allocated: 0.0018734931945800781  GigaBytes
Max Memory Allocated: 0.0018734931945800781  GigaBytes

The real block id is  5
get_global_graph_edges_ids_block function  spend 0.0006077289581298828
random selection method range initialization spend 0.00016760826110839844
time for parepare:  6.461143493652344e-05
local_output_nid generation:  2.4080276489257812e-05
local_in_edges_tensor generation:  0.0001990795135498047
mini_batch_src_global generation:  2.47955322265625e-05
r_  generation:  0.0014514923095703125
local_output_nid generation:  9.775161743164062e-06
local_in_edges_tensor generation:  0.0001277923583984375
mini_batch_src_global generation:  2.47955322265625e-05
r_  generation:  4.267692565917969e-05
local_output_nid generation:  8.344650268554688e-06
local_in_edges_tensor generation:  0.00010466575622558594
mini_batch_src_global generation:  1.7404556274414062e-05
r_  generation:  5.340576171875e-05
local_output_nid generation:  5.9604644775390625e-06
local_in_edges_tensor generation:  0.00010275840759277344
mini_batch_src_global generation:  1.7404556274414062e-05
r_  generation:  3.9577484130859375e-05
local_output_nid generation:  7.152557373046875e-06
local_in_edges_tensor generation:  9.918212890625e-05
mini_batch_src_global generation:  1.6689300537109375e-05
r_  generation:  3.933906555175781e-05
local_output_nid generation:  6.4373016357421875e-06
local_in_edges_tensor generation:  9.894371032714844e-05
mini_batch_src_global generation:  1.6450881958007812e-05
r_  generation:  4.3392181396484375e-05
local_output_nid generation:  6.9141387939453125e-06
local_in_edges_tensor generation:  9.751319885253906e-05
mini_batch_src_global generation:  1.6927719116210938e-05
r_  generation:  4.315376281738281e-05
local_output_nid generation:  6.198883056640625e-06
local_in_edges_tensor generation:  0.00015997886657714844
mini_batch_src_global generation:  1.9073486328125e-05
r_  generation:  3.504753112792969e-05
----------------------check_connections_block total spend ----------------------------- 0.0034055709838867188
generate_one_block  0.0012576580047607422
generate_one_block  0.0010519027709960938
generate_one_block  0.0010540485382080078
generate_one_block  0.0010528564453125
generate_one_block  0.0010426044464111328
generate_one_block  0.0010533332824707031
generate_one_block  0.0010836124420166016
generate_one_block  0.001096963882446289
The real block id is  4
get_global_graph_edges_ids_block function  spend 0.0004963874816894531
gen group dst list time:  5.7220458984375e-05
time for parepare:  0.0001392364501953125
local_output_nid generation:  7.62939453125e-06
local_in_edges_tensor generation:  0.00018334388732910156
mini_batch_src_global generation:  3.409385681152344e-05
r_  generation:  0.0002040863037109375
local_output_nid generation:  1.239776611328125e-05
local_in_edges_tensor generation:  0.0001227855682373047
mini_batch_src_global generation:  3.695487976074219e-05
r_  generation:  0.00023126602172851562
local_output_nid generation:  1.1920928955078125e-05
local_in_edges_tensor generation:  0.0001220703125
mini_batch_src_global generation:  3.7670135498046875e-05
r_  generation:  0.0023641586303710938
local_output_nid generation:  1.9550323486328125e-05
local_in_edges_tensor generation:  0.00023818016052246094
mini_batch_src_global generation:  6.365776062011719e-05
r_  generation:  0.0002486705780029297
local_output_nid generation:  1.0251998901367188e-05
local_in_edges_tensor generation:  0.0001239776611328125
mini_batch_src_global generation:  3.552436828613281e-05
r_  generation:  0.00020599365234375
local_output_nid generation:  1.3589859008789062e-05
local_in_edges_tensor generation:  0.00012230873107910156
mini_batch_src_global generation:  3.4809112548828125e-05
r_  generation:  0.00023555755615234375
local_output_nid generation:  1.1444091796875e-05
local_in_edges_tensor generation:  0.0001285076141357422
mini_batch_src_global generation:  4.76837158203125e-05
r_  generation:  0.00027871131896972656
local_output_nid generation:  8.58306884765625e-06
local_in_edges_tensor generation:  0.00011873245239257812
mini_batch_src_global generation:  3.5762786865234375e-05
r_  generation:  0.0001895427703857422
----------------------check_connections_block total spend ----------------------------- 0.006445169448852539
generate_one_block  0.0013909339904785156
generate_one_block  0.0012907981872558594
generate_one_block  0.0013127326965332031
generate_one_block  0.0012984275817871094
generate_one_block  0.0012602806091308594
generate_one_block  0.0012934207916259766
generate_one_block  0.0013680458068847656
generate_one_block  0.0011899471282958984
The real block id is  3
get_global_graph_edges_ids_block function  spend 0.011802434921264648
gen group dst list time:  0.00010371208190917969
time for parepare:  0.00020956993103027344
local_output_nid generation:  2.956390380859375e-05
local_in_edges_tensor generation:  0.0002486705780029297
mini_batch_src_global generation:  9.512901306152344e-05
r_  generation:  0.0006632804870605469
local_output_nid generation:  3.4332275390625e-05
local_in_edges_tensor generation:  0.00016260147094726562
mini_batch_src_global generation:  8.177757263183594e-05
r_  generation:  0.0007233619689941406
local_output_nid generation:  3.886222839355469e-05
local_in_edges_tensor generation:  0.0001628398895263672
mini_batch_src_global generation:  8.702278137207031e-05
r_  generation:  0.0008006095886230469
local_output_nid generation:  3.933906555175781e-05
local_in_edges_tensor generation:  0.0001728534698486328
mini_batch_src_global generation:  8.940696716308594e-05
r_  generation:  0.0007746219635009766
local_output_nid generation:  3.0279159545898438e-05
local_in_edges_tensor generation:  0.00015401840209960938
mini_batch_src_global generation:  8.153915405273438e-05
r_  generation:  0.0006451606750488281
local_output_nid generation:  3.170967102050781e-05
local_in_edges_tensor generation:  0.0001552104949951172
mini_batch_src_global generation:  7.843971252441406e-05
r_  generation:  0.0006647109985351562
local_output_nid generation:  4.100799560546875e-05
local_in_edges_tensor generation:  0.0001971721649169922
mini_batch_src_global generation:  0.00010585784912109375
r_  generation:  0.000989675521850586
local_output_nid generation:  2.7894973754882812e-05
local_in_edges_tensor generation:  0.0001533031463623047
mini_batch_src_global generation:  8.225440979003906e-05
r_  generation:  0.0005943775177001953
----------------------check_connections_block total spend ----------------------------- 0.010117292404174805
generate_one_block  0.0018346309661865234
generate_one_block  0.0019550323486328125
generate_one_block  0.0018777847290039062
generate_one_block  0.0018310546875
generate_one_block  0.0017483234405517578
generate_one_block  0.0018198490142822266
generate_one_block  0.0020897388458251953
generate_one_block  0.0016560554504394531
The real block id is  2
get_global_graph_edges_ids_block function  spend 0.0007660388946533203
gen group dst list time:  0.00018525123596191406
time for parepare:  0.0002040863037109375
local_output_nid generation:  6.771087646484375e-05
local_in_edges_tensor generation:  0.0003814697265625
mini_batch_src_global generation:  0.00017380714416503906
r_  generation:  0.0015971660614013672
local_output_nid generation:  8.463859558105469e-05
local_in_edges_tensor generation:  0.0002391338348388672
mini_batch_src_global generation:  0.0002155303955078125
r_  generation:  0.0018467903137207031
local_output_nid generation:  9.655952453613281e-05
local_in_edges_tensor generation:  0.0002422332763671875
mini_batch_src_global generation:  0.00015974044799804688
r_  generation:  0.0017151832580566406
local_output_nid generation:  8.487701416015625e-05
local_in_edges_tensor generation:  0.00026488304138183594
mini_batch_src_global generation:  0.00017833709716796875
r_  generation:  0.0018017292022705078
local_output_nid generation:  8.320808410644531e-05
local_in_edges_tensor generation:  0.00022792816162109375
mini_batch_src_global generation:  0.00015807151794433594
r_  generation:  0.0017094612121582031
local_output_nid generation:  9.202957153320312e-05
local_in_edges_tensor generation:  0.00022482872009277344
mini_batch_src_global generation:  0.00015807151794433594
r_  generation:  0.0016007423400878906
local_output_nid generation:  9.34600830078125e-05
local_in_edges_tensor generation:  0.0002522468566894531
mini_batch_src_global generation:  0.00020742416381835938
r_  generation:  0.0019636154174804688
local_output_nid generation:  7.05718994140625e-05
local_in_edges_tensor generation:  0.00021004676818847656
mini_batch_src_global generation:  0.000152587890625
r_  generation:  0.0014460086822509766
----------------------check_connections_block total spend ----------------------------- 0.021401405334472656
generate_one_block  0.0028734207153320312
generate_one_block  0.002985715866088867
generate_one_block  0.002930164337158203
generate_one_block  0.003089427947998047
generate_one_block  0.003011941909790039
generate_one_block  0.0027742385864257812
generate_one_block  0.003809690475463867
generate_one_block  0.0026488304138183594
The real block id is  1
get_global_graph_edges_ids_block function  spend 0.0007987022399902344
gen group dst list time:  0.00032448768615722656
time for parepare:  0.00018358230590820312
local_output_nid generation:  0.00011920928955078125
local_in_edges_tensor generation:  0.000743865966796875
mini_batch_src_global generation:  0.0002338886260986328
r_  generation:  0.0024566650390625
local_output_nid generation:  0.00013971328735351562
local_in_edges_tensor generation:  0.0003337860107421875
mini_batch_src_global generation:  0.0002963542938232422
r_  generation:  0.002543210983276367
local_output_nid generation:  0.0001556873321533203
local_in_edges_tensor generation:  0.0003211498260498047
mini_batch_src_global generation:  0.0002319812774658203
r_  generation:  0.0027108192443847656
local_output_nid generation:  0.00014257431030273438
local_in_edges_tensor generation:  0.0003235340118408203
mini_batch_src_global generation:  0.0002396106719970703
r_  generation:  0.0026357173919677734
local_output_nid generation:  0.0001647472381591797
local_in_edges_tensor generation:  0.00031447410583496094
mini_batch_src_global generation:  0.00023436546325683594
r_  generation:  0.002529621124267578
local_output_nid generation:  0.00012946128845214844
local_in_edges_tensor generation:  0.00032258033752441406
mini_batch_src_global generation:  0.00022840499877929688
r_  generation:  0.002439737319946289
local_output_nid generation:  0.00013566017150878906
local_in_edges_tensor generation:  0.00031065940856933594
mini_batch_src_global generation:  0.00023627281188964844
r_  generation:  0.002660036087036133
local_output_nid generation:  0.00011873245239257812
local_in_edges_tensor generation:  0.0002791881561279297
mini_batch_src_global generation:  0.00021147727966308594
r_  generation:  0.0022735595703125
----------------------check_connections_block total spend ----------------------------- 0.0313262939453125
generate_one_block  0.0037398338317871094
generate_one_block  0.003807544708251953
generate_one_block  0.003856658935546875
generate_one_block  0.00457000732421875
generate_one_block  0.003833770751953125
generate_one_block  0.00368499755859375
generate_one_block  0.003942012786865234
generate_one_block  0.0035622119903564453
The real block id is  0
get_global_graph_edges_ids_block function  spend 0.0008065700531005859
gen group dst list time:  0.00043654441833496094
time for parepare:  0.00018358230590820312
local_output_nid generation:  0.00014901161193847656
local_in_edges_tensor generation:  0.0007982254028320312
mini_batch_src_global generation:  0.00025725364685058594
r_  generation:  0.002948760986328125
local_output_nid generation:  0.0001628398895263672
local_in_edges_tensor generation:  0.0003552436828613281
mini_batch_src_global generation:  0.0003018379211425781
r_  generation:  0.003011465072631836
local_output_nid generation:  0.00016188621520996094
local_in_edges_tensor generation:  0.0003418922424316406
mini_batch_src_global generation:  0.0002589225769042969
r_  generation:  0.0030269622802734375
local_output_nid generation:  0.00016045570373535156
local_in_edges_tensor generation:  0.00034046173095703125
mini_batch_src_global generation:  0.0002465248107910156
r_  generation:  0.0030121803283691406
local_output_nid generation:  0.00016379356384277344
local_in_edges_tensor generation:  0.00033736228942871094
mini_batch_src_global generation:  0.00027561187744140625
r_  generation:  0.002959012985229492
local_output_nid generation:  0.00015664100646972656
local_in_edges_tensor generation:  0.0003592967987060547
mini_batch_src_global generation:  0.0002529621124267578
r_  generation:  0.0028188228607177734
local_output_nid generation:  0.00016236305236816406
local_in_edges_tensor generation:  0.00034117698669433594
mini_batch_src_global generation:  0.0002484321594238281
r_  generation:  0.0029191970825195312
local_output_nid generation:  0.00015115737915039062
local_in_edges_tensor generation:  0.0003237724304199219
mini_batch_src_global generation:  0.0002410411834716797
r_  generation:  0.0027403831481933594
----------------------check_connections_block total spend ----------------------------- 0.03536081314086914
generate_one_block  0.0048520565032958984
generate_one_block  0.004103660583496094
generate_one_block  0.0044591426849365234
generate_one_block  0.004190206527709961
generate_one_block  0.004191875457763672
generate_one_block  0.004076719284057617
generate_one_block  0.004181861877441406
generate_one_block  0.004109859466552734
-----------------------------------------after block dataloader generation 
 Nvidia-smi: 1.0174560546875 GB
    Memory Allocated: 0.0018734931945800781  GigaBytes
Max Memory Allocated: 0.0018734931945800781  GigaBytes

connection checking time:  0.10465097427368164
block generation total time  0.1145029067993164
average batch blocks generation time:  0.01431286334991455
----------------------------------------before batch_pred = model(blocks, batch_inputs) 
 Nvidia-smi: 1.0975341796875 GB
    Memory Allocated: 0.015737533569335938  GigaBytes
Max Memory Allocated: 0.015737533569335938  GigaBytes

torch.Size([2389, 1433])
torch.Size([2237, 128])
torch.Size([1816, 128])
torch.Size([1023, 128])
torch.Size([377, 128])
-----------------------------------------batch_pred = model(blocks, batch_inputs) 
 Nvidia-smi: 1.2830810546875 GB
    Memory Allocated: 0.02619647979736328  GigaBytes
Max Memory Allocated: 0.02623128890991211  GigaBytes

----------------------------------------before batch_pred = model(blocks, batch_inputs) 
 Nvidia-smi: 1.2869873046875 GB
    Memory Allocated: 0.016904830932617188  GigaBytes
Max Memory Allocated: 0.030375957489013672  GigaBytes

torch.Size([2428, 1433])
torch.Size([2294, 128])
torch.Size([1902, 128])
torch.Size([1148, 128])
torch.Size([413, 128])
-----------------------------------------batch_pred = model(blocks, batch_inputs) 
 Nvidia-smi: 1.2908935546875 GB
    Memory Allocated: 0.027913570404052734  GigaBytes
Max Memory Allocated: 0.030375957489013672  GigaBytes

----------------------------------------before batch_pred = model(blocks, batch_inputs) 
 Nvidia-smi: 1.2908935546875 GB
    Memory Allocated: 0.017615795135498047  GigaBytes
Max Memory Allocated: 0.030375957489013672  GigaBytes

torch.Size([2425, 1433])
torch.Size([2302, 128])
torch.Size([1904, 128])
torch.Size([1147, 128])
torch.Size([454, 128])
-----------------------------------------batch_pred = model(blocks, batch_inputs) 
 Nvidia-smi: 1.2908935546875 GB
    Memory Allocated: 0.02880573272705078  GigaBytes
Max Memory Allocated: 0.030375957489013672  GigaBytes

----------------------------------------before batch_pred = model(blocks, batch_inputs) 
 Nvidia-smi: 1.2908935546875 GB
    Memory Allocated: 0.01677417755126953  GigaBytes
Max Memory Allocated: 0.030375957489013672  GigaBytes

torch.Size([2403, 1433])
torch.Size([2284, 128])
torch.Size([1954, 128])
torch.Size([1177, 128])
torch.Size([454, 128])
-----------------------------------------batch_pred = model(blocks, batch_inputs) 
 Nvidia-smi: 1.2908935546875 GB
    Memory Allocated: 0.028045654296875  GigaBytes
Max Memory Allocated: 0.030375957489013672  GigaBytes

----------------------------------------before batch_pred = model(blocks, batch_inputs) 
 Nvidia-smi: 1.2908935546875 GB
    Memory Allocated: 0.017608165740966797  GigaBytes
Max Memory Allocated: 0.030375957489013672  GigaBytes

torch.Size([2427, 1433])
torch.Size([2281, 128])
torch.Size([1850, 128])
torch.Size([1079, 128])
torch.Size([373, 128])
-----------------------------------------batch_pred = model(blocks, batch_inputs) 
 Nvidia-smi: 1.2908935546875 GB
    Memory Allocated: 0.02833271026611328  GigaBytes
Max Memory Allocated: 0.030375957489013672  GigaBytes

----------------------------------------before batch_pred = model(blocks, batch_inputs) 
 Nvidia-smi: 1.2908935546875 GB
    Memory Allocated: 0.016599655151367188  GigaBytes
Max Memory Allocated: 0.030375957489013672  GigaBytes

torch.Size([2373, 1433])
torch.Size([2166, 128])
torch.Size([1752, 128])
torch.Size([1051, 128])
torch.Size([389, 128])
-----------------------------------------batch_pred = model(blocks, batch_inputs) 
 Nvidia-smi: 1.2908935546875 GB
    Memory Allocated: 0.026895999908447266  GigaBytes
Max Memory Allocated: 0.030375957489013672  GigaBytes

----------------------------------------before batch_pred = model(blocks, batch_inputs) 
 Nvidia-smi: 1.2908935546875 GB
    Memory Allocated: 0.017628192901611328  GigaBytes
Max Memory Allocated: 0.030375957489013672  GigaBytes

torch.Size([2405, 1433])
torch.Size([2290, 128])
torch.Size([2000, 128])
torch.Size([1359, 128])
torch.Size([575, 128])
-----------------------------------------batch_pred = model(blocks, batch_inputs) 
 Nvidia-smi: 1.2908935546875 GB
    Memory Allocated: 0.02968740463256836  GigaBytes
Max Memory Allocated: 0.030375957489013672  GigaBytes

----------------------------------------before batch_pred = model(blocks, batch_inputs) 
 Nvidia-smi: 1.2908935546875 GB
    Memory Allocated: 0.01643991470336914  GigaBytes
Max Memory Allocated: 0.030375957489013672  GigaBytes

torch.Size([2345, 1433])
torch.Size([2116, 128])
torch.Size([1648, 128])
torch.Size([904, 128])
torch.Size([356, 128])
-----------------------------------------batch_pred = model(blocks, batch_inputs) 
 Nvidia-smi: 1.2908935546875 GB
    Memory Allocated: 0.025990009307861328  GigaBytes
Max Memory Allocated: 0.030375957489013672  GigaBytes

times | data loading | block to device | model prediction | loss calculation | loss backward |  optimizer step |
      |0.009692966938018799 |0.04425084590911865 |0.10299479961395264 |0.00016063451766967773 |0.005306601524353027 |0.0034334659576416016 |
----------------------------------------------------------pseudo_mini_loss sum 4.3131818771362305
 Run 0| Epoch 0 |
Number of nodes for computation during this epoch:  65028
Number of first layer input nodes during this epoch:  19195
----------------------------------------before generate_dataloader_block 
 Nvidia-smi: 1.2908935546875 GB
    Memory Allocated: 0.020580291748046875  GigaBytes
Max Memory Allocated: 0.030375957489013672  GigaBytes

The real block id is  5
get_global_graph_edges_ids_block function  spend 0.0004520416259765625
random selection method range initialization spend 0.00011610984802246094
time for parepare:  6.413459777832031e-05
local_output_nid generation:  8.821487426757812e-06
local_in_edges_tensor generation:  0.00016951560974121094
mini_batch_src_global generation:  2.574920654296875e-05
r_  generation:  5.340576171875e-05
local_output_nid generation:  7.3909759521484375e-06
local_in_edges_tensor generation:  0.000102996826171875
mini_batch_src_global generation:  1.7642974853515625e-05
r_  generation:  4.172325134277344e-05
local_output_nid generation:  6.198883056640625e-06
local_in_edges_tensor generation:  9.584426879882812e-05
mini_batch_src_global generation:  1.5735626220703125e-05
r_  generation:  3.600120544433594e-05
local_output_nid generation:  5.7220458984375e-06
local_in_edges_tensor generation:  9.417533874511719e-05
mini_batch_src_global generation:  1.5497207641601562e-05
r_  generation:  3.814697265625e-05
local_output_nid generation:  5.4836273193359375e-06
local_in_edges_tensor generation:  9.34600830078125e-05
mini_batch_src_global generation:  1.4543533325195312e-05
r_  generation:  2.9087066650390625e-05
local_output_nid generation:  6.4373016357421875e-06
local_in_edges_tensor generation:  0.0001010894775390625
mini_batch_src_global generation:  1.6689300537109375e-05
r_  generation:  4.744529724121094e-05
local_output_nid generation:  5.245208740234375e-06
local_in_edges_tensor generation:  9.584426879882812e-05
mini_batch_src_global generation:  1.6927719116210938e-05
r_  generation:  3.7670135498046875e-05
local_output_nid generation:  5.245208740234375e-06
local_in_edges_tensor generation:  9.298324584960938e-05
mini_batch_src_global generation:  1.52587890625e-05
r_  generation:  3.886222839355469e-05
----------------------check_connections_block total spend ----------------------------- 0.0017588138580322266
generate_one_block  0.0010755062103271484
generate_one_block  0.0009839534759521484
generate_one_block  0.0009777545928955078
generate_one_block  0.0009837150573730469
generate_one_block  0.0009672641754150391
generate_one_block  0.0009925365447998047
generate_one_block  0.0009965896606445312
generate_one_block  0.000985860824584961
The real block id is  4
get_global_graph_edges_ids_block function  spend 0.000469207763671875
gen group dst list time:  5.3882598876953125e-05
time for parepare:  0.000152587890625
local_output_nid generation:  1.1444091796875e-05
local_in_edges_tensor generation:  0.0001838207244873047
mini_batch_src_global generation:  4.601478576660156e-05
r_  generation:  0.0002830028533935547
local_output_nid generation:  8.58306884765625e-06
local_in_edges_tensor generation:  0.00011587142944335938
mini_batch_src_global generation:  4.2438507080078125e-05
r_  generation:  0.0001842975616455078
local_output_nid generation:  9.059906005859375e-06
local_in_edges_tensor generation:  0.00011348724365234375
mini_batch_src_global generation:  3.5762786865234375e-05
r_  generation:  0.00018405914306640625
local_output_nid generation:  9.5367431640625e-06
local_in_edges_tensor generation:  0.0001125335693359375
mini_batch_src_global generation:  3.719329833984375e-05
r_  generation:  0.00019168853759765625
local_output_nid generation:  7.867813110351562e-06
local_in_edges_tensor generation:  0.0001232624053955078
mini_batch_src_global generation:  3.075599670410156e-05
r_  generation:  0.00016188621520996094
local_output_nid generation:  1.239776611328125e-05
local_in_edges_tensor generation:  0.0001163482666015625
mini_batch_src_global generation:  3.790855407714844e-05
r_  generation:  0.00026535987854003906
local_output_nid generation:  1.0251998901367188e-05
local_in_edges_tensor generation:  0.0001163482666015625
mini_batch_src_global generation:  3.5762786865234375e-05
r_  generation:  0.0002193450927734375
local_output_nid generation:  9.775161743164062e-06
local_in_edges_tensor generation:  0.00011658668518066406
mini_batch_src_global generation:  3.4809112548828125e-05
r_  generation:  0.00022912025451660156
----------------------check_connections_block total spend ----------------------------- 0.003889322280883789
generate_one_block  0.0014042854309082031
generate_one_block  0.0011665821075439453
generate_one_block  0.0011587142944335938
generate_one_block  0.0011706352233886719
generate_one_block  0.0011661052703857422
generate_one_block  0.0013082027435302734
generate_one_block  0.0012080669403076172
generate_one_block  0.001226186752319336
The real block id is  3
get_global_graph_edges_ids_block function  spend 0.0006287097930908203
gen group dst list time:  0.00010395050048828125
time for parepare:  0.00018477439880371094
local_output_nid generation:  4.1484832763671875e-05
local_in_edges_tensor generation:  0.000255584716796875
mini_batch_src_global generation:  9.5367431640625e-05
r_  generation:  0.0009903907775878906
local_output_nid generation:  3.0517578125e-05
local_in_edges_tensor generation:  0.0001571178436279297
mini_batch_src_global generation:  9.512901306152344e-05
r_  generation:  0.0006098747253417969
local_output_nid generation:  3.2901763916015625e-05
local_in_edges_tensor generation:  0.00015401840209960938
mini_batch_src_global generation:  8.0108642578125e-05
r_  generation:  0.0006227493286132812
local_output_nid generation:  3.409385681152344e-05
local_in_edges_tensor generation:  0.00015664100646972656
mini_batch_src_global generation:  8.225440979003906e-05
r_  generation:  0.0006666183471679688
local_output_nid generation:  2.9325485229492188e-05
local_in_edges_tensor generation:  0.00014925003051757812
mini_batch_src_global generation:  7.653236389160156e-05
r_  generation:  0.0005633831024169922
local_output_nid generation:  4.220008850097656e-05
local_in_edges_tensor generation:  0.00016546249389648438
mini_batch_src_global generation:  9.202957153320312e-05
r_  generation:  0.0008754730224609375
local_output_nid generation:  3.314018249511719e-05
local_in_edges_tensor generation:  0.0001595020294189453
mini_batch_src_global generation:  9.131431579589844e-05
r_  generation:  0.0007410049438476562
local_output_nid generation:  3.266334533691406e-05
local_in_edges_tensor generation:  0.00015783309936523438
mini_batch_src_global generation:  8.654594421386719e-05
r_  generation:  0.0007331371307373047
----------------------check_connections_block total spend ----------------------------- 0.009987354278564453
generate_one_block  0.0021338462829589844
generate_one_block  0.0016427040100097656
generate_one_block  0.0016994476318359375
generate_one_block  0.0017838478088378906
generate_one_block  0.0016264915466308594
generate_one_block  0.0021598339080810547
generate_one_block  0.0018587112426757812
generate_one_block  0.0018405914306640625
The real block id is  2
get_global_graph_edges_ids_block function  spend 0.0007512569427490234
gen group dst list time:  0.00018453598022460938
time for parepare:  0.0001811981201171875
local_output_nid generation:  9.1552734375e-05
local_in_edges_tensor generation:  0.0003814697265625
mini_batch_src_global generation:  0.00022125244140625
r_  generation:  0.002039194107055664
local_output_nid generation:  7.128715515136719e-05
local_in_edges_tensor generation:  0.0002288818359375
mini_batch_src_global generation:  0.00019073486328125
r_  generation:  0.0013854503631591797
local_output_nid generation:  7.653236389160156e-05
local_in_edges_tensor generation:  0.0002205371856689453
mini_batch_src_global generation:  0.000156402587890625
r_  generation:  0.0015420913696289062
local_output_nid generation:  7.963180541992188e-05
local_in_edges_tensor generation:  0.0002257823944091797
mini_batch_src_global generation:  0.00015997886657714844
r_  generation:  0.0016222000122070312
local_output_nid generation:  7.295608520507812e-05
local_in_edges_tensor generation:  0.00020956993103027344
mini_batch_src_global generation:  0.0001442432403564453
r_  generation:  0.0014216899871826172
local_output_nid generation:  9.632110595703125e-05
local_in_edges_tensor generation:  0.00024962425231933594
mini_batch_src_global generation:  0.00017452239990234375
r_  generation:  0.0019364356994628906
local_output_nid generation:  8.58306884765625e-05
local_in_edges_tensor generation:  0.00023889541625976562
mini_batch_src_global generation:  0.0001709461212158203
r_  generation:  0.0017137527465820312
local_output_nid generation:  8.153915405273438e-05
local_in_edges_tensor generation:  0.00022411346435546875
mini_batch_src_global generation:  0.00015735626220703125
r_  generation:  0.0016026496887207031
----------------------check_connections_block total spend ----------------------------- 0.020682573318481445
generate_one_block  0.0032835006713867188
generate_one_block  0.0025789737701416016
generate_one_block  0.002727985382080078
generate_one_block  0.0028486251831054688
generate_one_block  0.0025930404663085938
generate_one_block  0.0031538009643554688
generate_one_block  0.002922534942626953
generate_one_block  0.002761363983154297
The real block id is  1
get_global_graph_edges_ids_block function  spend 0.0007569789886474609
gen group dst list time:  0.0003199577331542969
time for parepare:  0.00018286705017089844
local_output_nid generation:  0.0001316070556640625
local_in_edges_tensor generation:  0.0004639625549316406
mini_batch_src_global generation:  0.0002529621124267578
r_  generation:  0.0027303695678710938
local_output_nid generation:  0.00012183189392089844
local_in_edges_tensor generation:  0.0002961158752441406
mini_batch_src_global generation:  0.0002570152282714844
r_  generation:  0.0023581981658935547
local_output_nid generation:  0.0001304149627685547
local_in_edges_tensor generation:  0.0002918243408203125
mini_batch_src_global generation:  0.0002269744873046875
r_  generation:  0.002434968948364258
local_output_nid generation:  0.00013113021850585938
local_in_edges_tensor generation:  0.0003001689910888672
mini_batch_src_global generation:  0.0002155303955078125
r_  generation:  0.00250244140625
local_output_nid generation:  0.00012540817260742188
local_in_edges_tensor generation:  0.00028514862060546875
mini_batch_src_global generation:  0.0002117156982421875
r_  generation:  0.002452373504638672
local_output_nid generation:  0.00013637542724609375
local_in_edges_tensor generation:  0.0003094673156738281
mini_batch_src_global generation:  0.0002262592315673828
r_  generation:  0.0027954578399658203
local_output_nid generation:  0.00013494491577148438
local_in_edges_tensor generation:  0.00030350685119628906
mini_batch_src_global generation:  0.00022745132446289062
r_  generation:  0.002662181854248047
local_output_nid generation:  0.00012803077697753906
local_in_edges_tensor generation:  0.0002930164337158203
mini_batch_src_global generation:  0.00021982192993164062
r_  generation:  0.0024547576904296875
----------------------check_connections_block total spend ----------------------------- 0.030659198760986328
generate_one_block  0.004379987716674805
generate_one_block  0.0038220882415771484
generate_one_block  0.003654003143310547
generate_one_block  0.0037360191345214844
generate_one_block  0.0036122798919677734
generate_one_block  0.004292964935302734
generate_one_block  0.003977775573730469
generate_one_block  0.0036742687225341797
The real block id is  0
get_global_graph_edges_ids_block function  spend 0.0007843971252441406
gen group dst list time:  0.00044226646423339844
time for parepare:  0.00017833709716796875
local_output_nid generation:  0.00015282630920410156
local_in_edges_tensor generation:  0.0005285739898681641
mini_batch_src_global generation:  0.0002906322479248047
r_  generation:  0.0029778480529785156
local_output_nid generation:  0.0001518726348876953
local_in_edges_tensor generation:  0.0003418922424316406
mini_batch_src_global generation:  0.00028634071350097656
r_  generation:  0.0028595924377441406
local_output_nid generation:  0.00016450881958007812
local_in_edges_tensor generation:  0.0003535747528076172
mini_batch_src_global generation:  0.00028395652770996094
r_  generation:  0.002904653549194336
local_output_nid generation:  0.00016045570373535156
local_in_edges_tensor generation:  0.0003542900085449219
mini_batch_src_global generation:  0.00023293495178222656
r_  generation:  0.0028879642486572266
local_output_nid generation:  0.00017404556274414062
local_in_edges_tensor generation:  0.00033283233642578125
mini_batch_src_global generation:  0.00023889541625976562
r_  generation:  0.0029447078704833984
local_output_nid generation:  0.0001621246337890625
local_in_edges_tensor generation:  0.0003387928009033203
mini_batch_src_global generation:  0.00024366378784179688
r_  generation:  0.002996683120727539
local_output_nid generation:  0.00015687942504882812
local_in_edges_tensor generation: Using backend: pytorch
 0.00033783912658691406
mini_batch_src_global generation:  0.0002465248107910156
r_  generation:  0.002952098846435547
local_output_nid generation:  0.0001552104949951172
local_in_edges_tensor generation:  0.00033926963806152344
mini_batch_src_global generation:  0.00024771690368652344
r_  generation:  0.0029811859130859375
----------------------check_connections_block total spend ----------------------------- 0.03516197204589844
generate_one_block  0.005020856857299805
generate_one_block  0.003972053527832031
generate_one_block  0.004023551940917969
generate_one_block  0.003992557525634766
generate_one_block  0.004027843475341797
generate_one_block  0.004065036773681641
generate_one_block  0.004413604736328125
generate_one_block  0.0041217803955078125
-----------------------------------------after block dataloader generation 
 Nvidia-smi: 1.2908935546875 GB
    Memory Allocated: 0.020580291748046875  GigaBytes
Max Memory Allocated: 0.030375957489013672  GigaBytes

connection checking time:  0.10038042068481445
block generation total time  0.11221075057983398
average batch blocks generation time:  0.014026343822479248
block dataloader generation time/epoch 0.24874615669250488
----------------------------------------before batch_pred = model(blocks, batch_inputs) 
 Nvidia-smi: 1.2908935546875 GB
    Memory Allocated: 0.021365642547607422  GigaBytes
Max Memory Allocated: 0.033664703369140625  GigaBytes

torch.Size([2436, 1433])
torch.Size([2351, 128])
torch.Size([2061, 128])
torch.Size([1394, 128])
torch.Size([605, 128])
-----------------------------------------batch_pred = model(blocks, batch_inputs) 
 Nvidia-smi: 1.2908935546875 GB
    Memory Allocated: 0.03380918502807617  GigaBytes
Max Memory Allocated: 0.03386640548706055  GigaBytes

----------------------------------------before batch_pred = model(blocks, batch_inputs) 
 Nvidia-smi: 1.2928466796875 GB
    Memory Allocated: 0.02008962631225586  GigaBytes
Max Memory Allocated: 0.034142494201660156  GigaBytes

torch.Size([2330, 1433])
torch.Size([2101, 128])
torch.Size([1635, 128])
torch.Size([884, 128])
torch.Size([335, 128])
-----------------------------------------batch_pred = model(blocks, batch_inputs) 
 Nvidia-smi: 1.2928466796875 GB
    Memory Allocated: 0.029510021209716797  GigaBytes
Max Memory Allocated: 0.034142494201660156  GigaBytes

----------------------------------------before batch_pred = model(blocks, batch_inputs) 
 Nvidia-smi: 1.2928466796875 GB
    Memory Allocated: 0.02133321762084961  GigaBytes
Max Memory Allocated: 0.034142494201660156  GigaBytes

torch.Size([2393, 1433])
torch.Size([2204, 128])
torch.Size([1779, 128])
torch.Size([973, 128])
torch.Size([352, 128])
-----------------------------------------batch_pred = model(blocks, batch_inputs) 
 Nvidia-smi: 1.2928466796875 GB
    Memory Allocated: 0.03152132034301758  GigaBytes
Max Memory Allocated: 0.034142494201660156  GigaBytes

----------------------------------------before batch_pred = model(blocks, batch_inputs) 
 Nvidia-smi: 1.2947998046875 GB
    Memory Allocated: 0.020184993743896484  GigaBytes
Max Memory Allocated: 0.034142494201660156  GigaBytes

torch.Size([2345, 1433])
torch.Size([2207, 128])
torch.Size([1857, 128])
torch.Size([1077, 128])
torch.Size([394, 128])
-----------------------------------------batch_pred = model(blocks, batch_inputs) 
 Nvidia-smi: 1.2947998046875 GB
    Memory Allocated: 0.030759811401367188  GigaBytes
Max Memory Allocated: 0.034142494201660156  GigaBytes

----------------------------------------before batch_pred = model(blocks, batch_inputs) 
 Nvidia-smi: 1.2947998046875 GB
    Memory Allocated: 0.021326541900634766  GigaBytes
Max Memory Allocated: 0.034142494201660156  GigaBytes

torch.Size([2381, 1433])
torch.Size([2218, 128])
torch.Size([1707, 128])
torch.Size([915, 128])
torch.Size([340, 128])
-----------------------------------------batch_pred = model(blocks, batch_inputs) 
 Nvidia-smi: 1.2947998046875 GB
    Memory Allocated: 0.031219005584716797  GigaBytes
Max Memory Allocated: 0.034142494201660156  GigaBytes

----------------------------------------before batch_pred = model(blocks, batch_inputs) 
 Nvidia-smi: 1.2947998046875 GB
    Memory Allocated: 0.020381927490234375  GigaBytes
Max Memory Allocated: 0.034142494201660156  GigaBytes

torch.Size([2378, 1433])
torch.Size([2280, 128])
torch.Size([1974, 128])
torch.Size([1325, 128])
torch.Size([527, 128])
-----------------------------------------batch_pred = model(blocks, batch_inputs) 
 Nvidia-smi: 1.2947998046875 GB
    Memory Allocated: 0.03217458724975586  GigaBytes
Max Memory Allocated: 0.034142494201660156  GigaBytes

----------------------------------------before batch_pred = model(blocks, batch_inputs) 
 Nvidia-smi: 1.2947998046875 GB
    Memory Allocated: 0.021347522735595703  GigaBytes
Max Memory Allocated: 0.034142494201660156  GigaBytes

torch.Size([2415, 1433])
torch.Size([2275, 128])
torch.Size([1902, 128])
torch.Size([1132, 128])
torch.Size([420, 128])
-----------------------------------------batch_pred = model(blocks, batch_inputs) 
 Nvidia-smi: 1.2947998046875 GB
    Memory Allocated: 0.0323948860168457  GigaBytes
Max Memory Allocated: 0.034142494201660156  GigaBytes

----------------------------------------before batch_pred = model(blocks, batch_inputs) 
 Nvidia-smi: 1.2947998046875 GB
    Memory Allocated: 0.020578384399414062  GigaBytes
Max Memory Allocated: 0.034142494201660156  GigaBytes

torch.Size([2418, 1433])
torch.Size([2248, 128])
torch.Size([1781, 128])
torch.Size([1076, 128])
torch.Size([416, 128])
-----------------------------------------batch_pred = model(blocks, batch_inputs) 
 Nvidia-smi: 1.2947998046875 GB
    Memory Allocated: 0.031143665313720703  GigaBytes
Max Memory Allocated: 0.034142494201660156  GigaBytes

times | data loading | block to device | model prediction | loss calculation | loss backward |  optimizer step |
      |0.0038150548934936523 |0.0008378922939300537 |0.00716322660446167 |0.0001157224178314209 |0.006402254104614258 |0.0034618377685546875 |
----------------------------------------------------------pseudo_mini_loss sum 3.483673334121704
Total (block generation + training)time/epoch 0.4079773426055908
Training time/epoch 0.15903329849243164
Training time without block to device /epoch 0.1523301601409912
Training time without total dataloading part /epoch 0.11291146278381348
load block tensor time/epoch 0.03052043914794922
block to device time/epoch 0.00670313835144043
input features size transfer per epoch 1.0728836059570312e-06
blocks size to device per epoch 9.5367431640625e-07
 Run 0| Epoch 1 |
Number of nodes for computation during this epoch:  64592
Number of first layer input nodes during this epoch:  19096
