main start at this time 1648531605.0463448
-----------------------------------------before load data 
 Nvidia-smi: 0.1717529296875 GB
    Memory Allocated: 0.0  GigaBytes
Max Memory Allocated: 0.0  GigaBytes

  NumNodes: 19717
  NumEdges: 88651
  NumFeats: 500
  NumClasses: 3
  NumTrainingSamples: 60
  NumValidationSamples: 500
  NumTestSamples: 1000
Done loading data from cached files.
success----------------------------------------
60
500
19157
# Nodes: 19717
# Edges: 88648
# Train: 60
# Val: 500
# Test: 19157
# Classes: 3

in feats:  500
----------------------------------------before generate_dataloader_block 
 Nvidia-smi: 1.0447998046875 GB
    Memory Allocated: 0.015297412872314453  GigaBytes
Max Memory Allocated: 0.015297412872314453  GigaBytes

The real block id is  3
get_global_graph_edges_ids_block function  spend 0.0022344589233398438
range selection method range initialization spend 8.392333984375e-05
time for parepare:  4.458427429199219e-05
local_output_nid generation:  2.193450927734375e-05
local_in_edges_tensor generation:  0.000179290771484375
mini_batch_src_global generation:  2.5510787963867188e-05
r_  generation:  0.0011777877807617188
local_output_nid generation:  7.62939453125e-06
local_in_edges_tensor generation:  0.0001285076141357422
mini_batch_src_global generation:  2.4080276489257812e-05
r_  generation:  3.147125244140625e-05
local_output_nid generation:  6.9141387939453125e-06
local_in_edges_tensor generation:  0.00010395050048828125
mini_batch_src_global generation:  1.8596649169921875e-05
r_  generation:  4.649162292480469e-05
local_output_nid generation:  6.67572021484375e-06
local_in_edges_tensor generation:  0.0001010894775390625
mini_batch_src_global generation:  1.7404556274414062e-05
r_  generation:  3.528594970703125e-05
----------------------check_connections_block total spend ----------------------------- 0.002191305160522461
generate_one_block  0.0013647079467773438
generate_one_block  0.0010249614715576172
generate_one_block  0.00107574462890625
generate_one_block  0.0010356903076171875
The real block id is  2
get_global_graph_edges_ids_block function  spend 0.0011873245239257812
gen group dst list time:  3.147125244140625e-05
time for parepare:  0.00023126602172851562
local_output_nid generation:  9.059906005859375e-06
local_in_edges_tensor generation:  0.00018453598022460938
mini_batch_src_global generation:  4.4345855712890625e-05
r_  generation:  0.00037860870361328125
local_output_nid generation:  5.9604644775390625e-06
local_in_edges_tensor generation:  0.0001232624053955078
mini_batch_src_global generation:  4.172325134277344e-05
r_  generation:  0.0001735687255859375
local_output_nid generation:  1.1920928955078125e-05
local_in_edges_tensor generation:  0.0001304149627685547
mini_batch_src_global generation:  4.76837158203125e-05
r_  generation:  0.0004363059997558594
local_output_nid generation:  7.867813110351562e-06
local_in_edges_tensor generation:  0.00012421607971191406
mini_batch_src_global generation:  5.221366882324219e-05
r_  generation:  0.0003452301025390625
----------------------check_connections_block total spend ----------------------------- 0.002789020538330078
generate_one_block  0.0014960765838623047
generate_one_block  0.0012447834014892578
generate_one_block  0.0015473365783691406
generate_one_block  0.0015332698822021484
The real block id is  1
get_global_graph_edges_ids_block function  spend 0.0011801719665527344
gen group dst list time:  7.390975952148438e-05
time for parepare:  0.0007512569427490234
local_output_nid generation:  5.793571472167969e-05
local_in_edges_tensor generation:  0.000324249267578125
mini_batch_src_global generation:  0.00020384788513183594
r_  generation:  0.002408266067504883
local_output_nid generation:  3.457069396972656e-05
local_in_edges_tensor generation:  0.0001804828643798828
mini_batch_src_global generation:  0.00017714500427246094
r_  generation:  0.0010476112365722656
local_output_nid generation:  7.152557373046875e-05
local_in_edges_tensor generation:  0.00024366378784179688
mini_batch_src_global generation:  0.0002162456512451172
r_  generation:  0.002325296401977539
local_output_nid generation:  5.936622619628906e-05
local_in_edges_tensor generation:  0.0002281665802001953
mini_batch_src_global generation:  0.00025773048400878906
r_  generation:  0.0024275779724121094
----------------------check_connections_block total spend ----------------------------- 0.013317346572875977
generate_one_block  0.0043201446533203125
generate_one_block  0.002239227294921875
generate_one_block  0.0037841796875
generate_one_block  0.0038683414459228516
The real block id is  0
get_global_graph_edges_ids_block function  spend 0.0020897388458251953
gen group dst list time:  0.00021767616271972656
time for parepare:  0.0014836788177490234
local_output_nid generation:  0.00025177001953125
local_in_edges_tensor generation:  0.0008759498596191406
mini_batch_src_global generation:  0.0010292530059814453
r_  generation:  0.0094451904296875
local_output_nid generation:  0.00016355514526367188
local_in_edges_tensor generation:  0.0004124641418457031
mini_batch_src_global generation:  0.0007803440093994141
r_  generation:  0.0057621002197265625
local_output_nid generation:  0.00028634071350097656
local_in_edges_tensor generation:  0.0006129741668701172
mini_batch_src_global generation:  0.0008649826049804688
r_  generation:  0.008953571319580078
local_output_nid generation:  0.00023937225341796875
local_in_edges_tensor generation:  0.0005028247833251953
mini_batch_src_global generation:  0.0008268356323242188
r_  generation:  0.0077397823333740234
----------------------check_connections_block total spend ----------------------------- 0.04846596717834473
generate_one_block  0.013265371322631836
generate_one_block  0.008863687515258789
generate_one_block  0.013842582702636719
generate_one_block  0.011101722717285156
-----------------------------------------after block dataloader generation 
 Nvidia-smi: 1.0447998046875 GB
    Memory Allocated: 0.015297412872314453  GigaBytes
Max Memory Allocated: 0.015297412872314453  GigaBytes

connection checking time:  0.06457233428955078
block generation total time  0.06710672378540039
average batch blocks generation time:  0.016776680946350098
----------------------------------------before batch_pred = model(blocks, batch_inputs) 
 Nvidia-smi: 1.1307373046875 GB
    Memory Allocated: 0.03583383560180664  GigaBytes
Max Memory Allocated: 0.03583383560180664  GigaBytes

torch.Size([10851, 500])
torch.Size([3746, 256])
torch.Size([811, 256])
-----------------------------------------batch_pred = model(blocks, batch_inputs) 
 Nvidia-smi: 2.4393310546875 GB
    Memory Allocated: 1.17356538772583  GigaBytes
Max Memory Allocated: 1.1736841201782227  GigaBytes

----------------------------------------before batch_pred = model(blocks, batch_inputs) 
 Nvidia-smi: 2.4432373046875 GB
    Memory Allocated: 0.045197486877441406  GigaBytes
Max Memory Allocated: 1.177469253540039  GigaBytes

torch.Size([7398, 500])
torch.Size([1966, 256])
torch.Size([401, 256])
-----------------------------------------batch_pred = model(blocks, batch_inputs) 
 Nvidia-smi: 2.4432373046875 GB
    Memory Allocated: 0.6911091804504395  GigaBytes
Max Memory Allocated: 1.177469253540039  GigaBytes

----------------------------------------before batch_pred = model(blocks, batch_inputs) 
 Nvidia-smi: 2.4432373046875 GB
    Memory Allocated: 0.05354928970336914  GigaBytes
Max Memory Allocated: 1.177469253540039  GigaBytes

torch.Size([12160, 500])
torch.Size([3686, 256])
torch.Size([955, 256])
-----------------------------------------batch_pred = model(blocks, batch_inputs) 
 Nvidia-smi: 2.5037841796875 GB
    Memory Allocated: 1.138023853302002  GigaBytes
Max Memory Allocated: 1.177469253540039  GigaBytes

----------------------------------------before batch_pred = model(blocks, batch_inputs) 
 Nvidia-smi: 2.5037841796875 GB
    Memory Allocated: 0.046701908111572266  GigaBytes
Max Memory Allocated: 1.177469253540039  GigaBytes

torch.Size([8495, 500])
torch.Size([2936, 256])
torch.Size([689, 256])
-----------------------------------------batch_pred = model(blocks, batch_inputs) 
 Nvidia-smi: 2.5037841796875 GB
    Memory Allocated: 1.0345964431762695  GigaBytes
Max Memory Allocated: 1.177469253540039  GigaBytes

times | data loading | block to device | model prediction | loss calculation | loss backward |  optimizer step |
      |0.009508848190307617 |0.08656752109527588 |0.3081998825073242 |0.0001557469367980957 |0.31677013635635376 |0.00954127311706543 |
----------------------------------------------------------pseudo_mini_loss sum 1.976674199104309
 Run 0| Epoch 0 |
Number of nodes for computation during this epoch:  54451
Number of first layer input nodes during this epoch:  38904
----------------------------------------before generate_dataloader_block 
 Nvidia-smi: 2.5037841796875 GB
    Memory Allocated: 0.07857608795166016  GigaBytes
Max Memory Allocated: 1.177469253540039  GigaBytes

The real block id is  3
get_global_graph_edges_ids_block function  spend 0.0005152225494384766
range selection method range initialization spend 7.700920104980469e-05
time for parepare:  5.745887756347656e-05
local_output_nid generation:  8.344650268554688e-06
local_in_edges_tensor generation:  0.00018668174743652344
mini_batch_src_global generation:  2.6464462280273438e-05
r_  generation:  5.3882598876953125e-05
local_output_nid generation:  7.152557373046875e-06
local_in_edges_tensor generation:  0.00011587142944335938
mini_batch_src_global generation:  2.2172927856445312e-05
r_  generation:  3.838539123535156e-05
local_output_nid generation:  6.4373016357421875e-06
local_in_edges_tensor generation:  0.0001087188720703125
mini_batch_src_global generation:  2.1219253540039062e-05
r_  generation:  4.482269287109375e-05
local_output_nid generation:  5.9604644775390625e-06
local_in_edges_tensor generation:  0.00010657310485839844
mini_batch_src_global generation:  2.0503997802734375e-05
r_  generation:  4.506111145019531e-05
----------------------check_connections_block total spend ----------------------------- 0.0011038780212402344
generate_one_block  0.0013883113861083984
generate_one_block  0.0011081695556640625
generate_one_block  0.0011281967163085938
generate_one_block  0.0010683536529541016
The real block id is  2
get_global_graph_edges_ids_block function  spend 0.0005705356597900391
gen group dst list time:  3.337860107421875e-05
time for parepare:  0.00026988983154296875
local_output_nid generation:  1.1444091796875e-05
local_in_edges_tensor generation:  0.00020122528076171875
mini_batch_src_global generation:  5.793571472167969e-05
r_  generation:  0.0004012584686279297
local_output_nid generation:  9.775161743164062e-06
local_in_edges_tensor generation:  0.000141143798828125
mini_batch_src_global generation:  6.508827209472656e-05
r_  generation:  0.00037097930908203125
local_output_nid generation:  1.2874603271484375e-05
local_in_edges_tensor generation:  0.0001392364501953125
mini_batch_src_global generation:  5.745887756347656e-05
r_  generation:  0.00030040740966796875
local_output_nid generation:  8.58306884765625e-06
local_in_edges_tensor generation:  0.00013399124145507812
mini_batch_src_global generation:  5.340576171875e-05
r_  generation:  0.0002994537353515625
----------------------check_connections_block total spend ----------------------------- 0.003021240234375
generate_one_block  0.0016744136810302734
generate_one_block  0.0015263557434082031
generate_one_block  0.001590728759765625
generate_one_block  0.0015087127685546875
The real block id is  1
get_global_graph_edges_ids_block function  spend 0.0010175704956054688
gen group dst list time:  8.392333984375e-05
time for parepare:  0.0007460117340087891
local_output_nid generation:  0.00010371208190917969
local_in_edges_tensor generation:  0.00032258033752441406
mini_batch_src_global generation:  0.000225067138671875
r_  generation:  0.0022552013397216797
local_output_nid generation:  6.270408630371094e-05
local_in_edges_tensor generation:  0.0002224445343017578
mini_batch_src_global generation:  0.0003440380096435547
r_  generation:  0.0026063919067382812
local_output_nid generation:  6.151199340820312e-05
local_in_edges_tensor generation:  0.00020551681518554688
mini_batch_src_global generation:  0.000179290771484375
r_  generation:  0.0014150142669677734
local_output_nid generation:  6.651878356933594e-05
local_in_edges_tensor generation:  0.00021409988403320312
mini_batch_src_global generation:  0.00020956993103027344
r_  generation:  0.002062082290649414
----------------------check_connections_block total spend ----------------------------- 0.013537168502807617
generate_one_block  0.004393577575683594
generate_one_block  0.0043947696685791016
generate_one_block  0.002809286117553711
generate_one_block  0.0036864280700683594
The real block id is  0
get_global_graph_edges_ids_block function  spend 0.002009153366088867
gen group dst list time:  0.0002446174621582031
time for parepare:  0.0014252662658691406
local_output_nid generation:  0.0003094673156738281
local_in_edges_tensor generation:  0.0020177364349365234
mini_batch_src_global generation:  0.0010218620300292969
r_  generation:  0.008867502212524414
local_output_nid generation:  0.0002808570861816406
local_in_edges_tensor generation:  0.0006005764007568359
mini_batch_src_global generation:  0.0011162757873535156
r_  generation:  0.008195877075195312
local_output_nid generation:  0.00022029876708984375
local_in_edges_tensor generation:  0.0004494190216064453
mini_batch_src_global generation:  0.0005877017974853516
r_  generation:  0.005776643753051758
local_output_nid generation:  0.00026726722717285156
local_in_edges_tensor generation:  0.0005533695220947266
mini_batch_src_global generation:  0.0006854534149169922
r_  generation:  0.007382869720458984
----------------------check_connections_block total spend ----------------------------- 0.04763436317443848
generate_one_block  0.013638496398925781
generate_one_block  0.013061761856079102
generate_one_block  0.009270191192626953
generate_one_block  0.011546134948730469
-----------------------------------------after block dataloader generation 
 Nvidia-smi: 2.5037841796875 GB
    Memory Allocated: 0.07857608795166016  GigaBytes
Max Memory Allocated: 1.177469253540039  GigaBytes

connection checking time:  0.0641927719116211
block generation total time  0.06910085678100586
average batch blocks generation time:  0.017275214195251465
block dataloader generation time/epoch 0.17945289611816406
----------------------------------------before batch_pred = model(blocks, batch_inputs) 
 Nvidia-smi: 2.5037841796875 GB
    Memory Allocated: 0.08384037017822266  GigaBytes
Max Memory Allocated: 1.177469253540039  GigaBytes

torch.Size([11143, 500])
torch.Size([3779, 256])
torch.Size([896, 256])
-----------------------------------------batch_pred = model(blocks, batch_inputs) 
 Nvidia-smi: 2.5037841796875 GB
    Memory Allocated: 1.0785880088806152  GigaBytes
Max Memory Allocated: 1.177469253540039  GigaBytes

----------------------------------------before batch_pred = model(blocks, batch_inputs) 
 Nvidia-smi: 2.5037841796875 GB
    Memory Allocated: 0.0799570083618164  GigaBytes
Max Memory Allocated: 1.177469253540039  GigaBytes

torch.Size([9260, 500])
torch.Size([3187, 256])
torch.Size([694, 256])
-----------------------------------------batch_pred = model(blocks, batch_inputs) 
 Nvidia-smi: 2.5037841796875 GB
    Memory Allocated: 1.1317329406738281  GigaBytes
Max Memory Allocated: 1.177469253540039  GigaBytes

----------------------------------------before batch_pred = model(blocks, batch_inputs) 
 Nvidia-smi: 2.5037841796875 GB
    Memory Allocated: 0.07903051376342773  GigaBytes
Max Memory Allocated: 1.177469253540039  GigaBytes

torch.Size([9001, 500])
torch.Size([2337, 256])
torch.Size([622, 256])
-----------------------------------------batch_pred = model(blocks, batch_inputs) 
 Nvidia-smi: 2.5037841796875 GB
    Memory Allocated: 0.7537083625793457  GigaBytes
Max Memory Allocated: 1.177469253540039  GigaBytes

----------------------------------------before batch_pred = model(blocks, batch_inputs) 
 Nvidia-smi: 2.5037841796875 GB
    Memory Allocated: 0.07863092422485352  GigaBytes
Max Memory Allocated: 1.177469253540039  GigaBytes

torch.Size([8744, 500])
torch.Size([2751, 256])
torch.Size([656, 256])
-----------------------------------------batch_pred = model(blocks, batch_inputs) 
 Nvidia-smi: 2.5037841796875 GB
    Memory Allocated: 1.0078716278076172  GigaBytes
Max Memory Allocated: 1.177469253540039  GigaBytes
Using backend: pytorch

times | data loading | block to device | model prediction | loss calculation | loss backward |  optimizer step |
      |0.01159977912902832 |0.0015306472778320312 |0.18380916118621826 |0.0001456737518310547 |0.33321231603622437 |0.008295774459838867 |
----------------------------------------------------------pseudo_mini_loss sum 3.287580728530884
Total (block generation + training)time/epoch 2.318592071533203
Training time/epoch 2.1389241218566895
Training time without block to device /epoch 2.1328015327453613
Training time without total dataloading part /epoch 2.0769643783569336
load block tensor time/epoch 0.04639911651611328
block to device time/epoch 0.006122589111328125
input features size transfer per epoch 5.364418029785156e-07
blocks size to device per epoch 3.5762786865234375e-07
 Run 0| Epoch 1 |
Number of nodes for computation during this epoch:  53427
Number of first layer input nodes during this epoch:  38148
