main start at this time 1648533370.4874716
-----------------------------------------before load data 
 Nvidia-smi: 0.1717529296875 GB
    Memory Allocated: 0.0  GigaBytes
Max Memory Allocated: 0.0  GigaBytes

  NumNodes: 19717
  NumEdges: 88651
  NumFeats: 500
  NumClasses: 3
  NumTrainingSamples: 60
  NumValidationSamples: 500
  NumTestSamples: 1000
Done loading data from cached files.
success----------------------------------------
60
500
19157
# Nodes: 19717
# Edges: 88648
# Train: 60
# Val: 500
# Test: 19157
# Classes: 3

in feats:  500
----------------------------------------before generate_dataloader_block 
 Nvidia-smi: 1.0194091796875 GB
    Memory Allocated: 0.002933979034423828  GigaBytes
Max Memory Allocated: 0.002933979034423828  GigaBytes

The real block id is  5
get_global_graph_edges_ids_block function  spend 0.0005414485931396484
random selection method range initialization spend 0.00017261505126953125
time for parepare:  4.792213439941406e-05
local_output_nid generation:  6.198883056640625e-06
local_in_edges_tensor generation:  0.00018596649169921875
mini_batch_src_global generation:  2.5510787963867188e-05
r_  generation:  0.0008966922760009766
local_output_nid generation:  5.245208740234375e-06
local_in_edges_tensor generation:  0.0001323223114013672
mini_batch_src_global generation:  2.3603439331054688e-05
r_  generation:  1.8596649169921875e-05
local_output_nid generation:  4.291534423828125e-06
local_in_edges_tensor generation:  0.00010395050048828125
mini_batch_src_global generation:  1.5020370483398438e-05
r_  generation:  1.6689300537109375e-05
local_output_nid generation:  3.814697265625e-06
local_in_edges_tensor generation:  9.942054748535156e-05
mini_batch_src_global generation:  1.5735626220703125e-05
r_  generation:  2.9325485229492188e-05
local_output_nid generation:  4.0531158447265625e-06
local_in_edges_tensor generation:  9.989738464355469e-05
mini_batch_src_global generation:  1.5020370483398438e-05
r_  generation:  1.6689300537109375e-05
local_output_nid generation:  3.5762786865234375e-06
local_in_edges_tensor generation:  9.632110595703125e-05
mini_batch_src_global generation:  1.4066696166992188e-05
r_  generation:  1.4066696166992188e-05
local_output_nid generation:  3.337860107421875e-06
local_in_edges_tensor generation:  9.417533874511719e-05
mini_batch_src_global generation:  1.5020370483398438e-05
r_  generation:  1.9550323486328125e-05
local_output_nid generation:  3.5762786865234375e-06
local_in_edges_tensor generation:  9.632110595703125e-05
mini_batch_src_global generation:  1.430511474609375e-05
r_  generation:  1.6689300537109375e-05
local_output_nid generation:  3.337860107421875e-06
local_in_edges_tensor generation:  9.560585021972656e-05
mini_batch_src_global generation:  1.4543533325195312e-05
r_  generation:  1.9788742065429688e-05
local_output_nid generation:  3.337860107421875e-06
local_in_edges_tensor generation:  9.512901306152344e-05
mini_batch_src_global generation:  1.33514404296875e-05
r_  generation:  1.2636184692382812e-05
local_output_nid generation:  3.0994415283203125e-06
local_in_edges_tensor generation:  9.393692016601562e-05
mini_batch_src_global generation:  1.3589859008789062e-05
r_  generation:  1.2636184692382812e-05
local_output_nid generation:  3.5762786865234375e-06
local_in_edges_tensor generation:  9.393692016601562e-05
mini_batch_src_global generation:  1.4543533325195312e-05
r_  generation:  2.3126602172851562e-05
local_output_nid generation:  2.86102294921875e-06
local_in_edges_tensor generation:  9.441375732421875e-05
mini_batch_src_global generation:  1.4066696166992188e-05
r_  generation:  1.430511474609375e-05
local_output_nid generation:  3.337860107421875e-06
local_in_edges_tensor generation:  9.465217590332031e-05
mini_batch_src_global generation:  1.3589859008789062e-05
r_  generation:  1.3113021850585938e-05
local_output_nid generation:  3.337860107421875e-06
local_in_edges_tensor generation:  9.298324584960938e-05
mini_batch_src_global generation:  1.52587890625e-05
r_  generation:  2.2172927856445312e-05
----------------------check_connections_block total spend ----------------------------- 0.003695964813232422
generate_one_block  0.0016667842864990234
generate_one_block  0.0010581016540527344
generate_one_block  0.0010564327239990234
generate_one_block  0.0010943412780761719
generate_one_block  0.0010209083557128906
generate_one_block  0.0010204315185546875
generate_one_block  0.0010318756103515625
generate_one_block  0.0010311603546142578
generate_one_block  0.0010309219360351562
generate_one_block  0.0010042190551757812
generate_one_block  0.0009441375732421875
generate_one_block  0.001004934310913086
generate_one_block  0.0009367465972900391
generate_one_block  0.001031637191772461
generate_one_block  0.0010154247283935547
The real block id is  4
get_global_graph_edges_ids_block function  spend 0.0006353855133056641
gen group dst list time:  8.034706115722656e-05
time for parepare:  0.00027823448181152344
local_output_nid generation:  6.9141387939453125e-06
local_in_edges_tensor generation:  0.00018978118896484375
mini_batch_src_global generation:  4.267692565917969e-05
r_  generation:  0.0002269744873046875
local_output_nid generation:  3.5762786865234375e-06
local_in_edges_tensor generation:  0.0001163482666015625
mini_batch_src_global generation:  2.6226043701171875e-05
r_  generation:  6.0558319091796875e-05
local_output_nid generation:  3.0994415283203125e-06
local_in_edges_tensor generation:  0.00010585784912109375
mini_batch_src_global generation:  1.7642974853515625e-05
r_  generation:  4.100799560546875e-05
local_output_nid generation:  6.4373016357421875e-06
local_in_edges_tensor generation:  0.00010776519775390625
mini_batch_src_global generation:  2.5033950805664062e-05
r_  generation:  0.0001595020294189453
local_output_nid generation:  3.0994415283203125e-06
local_in_edges_tensor generation:  0.00010585784912109375
mini_batch_src_global generation:  2.002716064453125e-05
r_  generation:  5.7220458984375e-05
local_output_nid generation:  1.9073486328125e-06
local_in_edges_tensor generation:  0.00010442733764648438
mini_batch_src_global generation:  2.0503997802734375e-05
r_  generation:  6.341934204101562e-05
local_output_nid generation:  4.0531158447265625e-06
local_in_edges_tensor generation:  0.00011563301086425781
mini_batch_src_global generation:  2.3603439331054688e-05
r_  generation:  0.00010085105895996094
local_output_nid generation:  3.814697265625e-06
local_in_edges_tensor generation:  0.00010776519775390625
mini_batch_src_global generation:  2.765655517578125e-05
r_  generation:  0.00014162063598632812
local_output_nid generation:  3.5762786865234375e-06
local_in_edges_tensor generation:  0.00011181831359863281
mini_batch_src_global generation:  2.5272369384765625e-05
r_  generation:  9.775161743164062e-05
local_output_nid generation:  1.9073486328125e-06
local_in_edges_tensor generation:  0.00010442733764648438
mini_batch_src_global generation:  1.8835067749023438e-05
r_  generation:  4.863739013671875e-05
local_output_nid generation:  2.384185791015625e-06
local_in_edges_tensor generation:  0.00010228157043457031
mini_batch_src_global generation:  1.811981201171875e-05
r_  generation:  5.3882598876953125e-05
local_output_nid generation:  5.245208740234375e-06
local_in_edges_tensor generation:  0.00010824203491210938
mini_batch_src_global generation:  2.6941299438476562e-05
r_  generation:  0.00017261505126953125
local_output_nid generation:  2.384185791015625e-06
local_in_edges_tensor generation:  0.00010609626770019531
mini_batch_src_global generation:  2.09808349609375e-05
r_  generation:  5.2928924560546875e-05
local_output_nid generation:  2.6226043701171875e-06
local_in_edges_tensor generation:  0.00010061264038085938
mini_batch_src_global generation:  1.71661376953125e-05
r_  generation:  4.124641418457031e-05
local_output_nid generation:  4.5299530029296875e-06
local_in_edges_tensor generation:  0.00010609626770019531
mini_batch_src_global generation:  2.8848648071289062e-05
r_  generation:  0.00019931793212890625
----------------------check_connections_block total spend ----------------------------- 0.004703044891357422
generate_one_block  0.001375436782836914
generate_one_block  0.0010879039764404297
generate_one_block  0.00110626220703125
generate_one_block  0.0012350082397460938
generate_one_block  0.0010914802551269531
generate_one_block  0.0011081695556640625
generate_one_block  0.0011434555053710938
generate_one_block  0.0012233257293701172
generate_one_block  0.0011758804321289062
generate_one_block  0.001069784164428711
generate_one_block  0.001130819320678711
generate_one_block  0.0012404918670654297
generate_one_block  0.0009853839874267578
generate_one_block  0.0010063648223876953
generate_one_block  0.0012443065643310547
The real block id is  3
get_global_graph_edges_ids_block function  spend 0.0011246204376220703
gen group dst list time:  0.000125885009765625
time for parepare:  0.0007951259613037109
local_output_nid generation:  3.600120544433594e-05
local_in_edges_tensor generation:  0.00029659271240234375
mini_batch_src_global generation:  0.00018525123596191406
r_  generation:  0.0015859603881835938
local_output_nid generation:  1.049041748046875e-05
local_in_edges_tensor generation:  0.00014090538024902344
mini_batch_src_global generation:  7.390975952148438e-05
r_  generation:  0.0002543926239013672
local_output_nid generation:  7.3909759521484375e-06
local_in_edges_tensor generation:  0.00012636184692382812
mini_batch_src_global generation:  3.2901763916015625e-05
r_  generation:  0.00013589859008789062
local_output_nid generation:  3.0279159545898438e-05
local_in_edges_tensor generation:  0.0001556873321533203
mini_batch_src_global generation:  8.320808410644531e-05
r_  generation:  0.0009324550628662109
local_output_nid generation:  1.1205673217773438e-05
local_in_edges_tensor generation:  0.00013446807861328125
mini_batch_src_global generation:  5.459785461425781e-05
r_  generation:  0.000232696533203125
local_output_nid generation:  1.4781951904296875e-05
local_in_edges_tensor generation:  0.0001342296600341797
mini_batch_src_global generation:  4.6253204345703125e-05
r_  generation:  0.00035309791564941406
local_output_nid generation:  1.621246337890625e-05
local_in_edges_tensor generation:  0.00013947486877441406
mini_batch_src_global generation:  7.033348083496094e-05
r_  generation:  0.0006468296051025391
local_output_nid generation:  2.7418136596679688e-05
local_in_edges_tensor generation:  0.00015878677368164062
mini_batch_src_global generation:  8.320808410644531e-05
r_  generation:  0.0007877349853515625
local_output_nid generation:  1.8358230590820312e-05
local_in_edges_tensor generation:  0.00014829635620117188
mini_batch_src_global generation:  9.489059448242188e-05
r_  generation:  0.0008094310760498047
local_output_nid generation:  1.0728836059570312e-05
local_in_edges_tensor generation:  0.00014019012451171875
mini_batch_src_global generation:  5.340576171875e-05
r_  generation:  0.00024390220642089844
local_output_nid generation:  1.0967254638671875e-05
local_in_edges_tensor generation:  0.0001342296600341797
mini_batch_src_global generation:  3.981590270996094e-05
r_  generation:  0.00026607513427734375
local_output_nid generation:  2.8133392333984375e-05
local_in_edges_tensor generation:  0.00015854835510253906
mini_batch_src_global generation:  9.298324584960938e-05
r_  generation:  0.0010526180267333984
local_output_nid generation:  9.5367431640625e-06
local_in_edges_tensor generation:  0.00013566017150878906
mini_batch_src_global generation:  6.604194641113281e-05
r_  generation:  0.0003364086151123047
local_output_nid generation:  6.67572021484375e-06
local_in_edges_tensor generation:  0.00012540817260742188
mini_batch_src_global generation:  3.4332275390625e-05
r_  generation:  0.00013136863708496094
local_output_nid generation:  3.2901763916015625e-05
local_in_edges_tensor generation:  0.0001678466796875
mini_batch_src_global generation:  0.00014543533325195312
r_  generation:  0.0016698837280273438
----------------------check_connections_block total spend ----------------------------- 0.016878128051757812
generate_one_block  0.0033936500549316406
generate_one_block  0.0013103485107421875
generate_one_block  0.0010814666748046875
generate_one_block  0.0020012855529785156
generate_one_block  0.0011837482452392578
generate_one_block  0.0013363361358642578
generate_one_block  0.004641056060791016
generate_one_block  0.0020012855529785156
generate_one_block  0.0019791126251220703
generate_one_block  0.001617431640625
generate_one_block  0.001257181167602539
generate_one_block  0.0021779537200927734
generate_one_block  0.0013358592987060547
generate_one_block  0.001085042953491211
generate_one_block  0.002953052520751953
The real block id is  2
get_global_graph_edges_ids_block function  spend 0.0023870468139648438
gen group dst list time:  0.00034499168395996094
time for parepare:  0.0017132759094238281
local_output_nid generation:  0.00017642974853515625
local_in_edges_tensor generation:  0.0006945133209228516
mini_batch_src_global generation:  0.0008089542388916016
r_  generation:  0.00650477409362793
local_output_nid generation:  4.267692565917969e-05
local_in_edges_tensor generation:  0.0002048015594482422
mini_batch_src_global generation:  0.00030422210693359375
r_  generation:  0.0014925003051757812
local_output_nid generation:  2.86102294921875e-05
local_in_edges_tensor generation:  0.0001628398895263672
mini_batch_src_global generation:  0.00010037422180175781
r_  generation:  0.0007426738739013672
local_output_nid generation:  0.00014138221740722656
local_in_edges_tensor generation:  0.0003597736358642578
mini_batch_src_global generation:  0.00046563148498535156
r_  generation:  0.005606651306152344
local_output_nid generation:  3.719329833984375e-05
local_in_edges_tensor generation:  0.00018334388732910156
mini_batch_src_global generation:  0.0002307891845703125
r_  generation:  0.001142740249633789
local_output_nid generation:  5.936622619628906e-05
local_in_edges_tensor generation:  0.00020933151245117188
mini_batch_src_global generation:  0.00020265579223632812
r_  generation:  0.001966238021850586
local_output_nid generation:  0.00011086463928222656
local_in_edges_tensor generation:  0.00027751922607421875
mini_batch_src_global generation:  0.00033926963806152344
r_  generation:  0.0038759708404541016
local_output_nid generation:  9.393692016601562e-05
local_in_edges_tensor generation:  0.00026988983154296875
mini_batch_src_global generation:  0.0003688335418701172
r_  generation:  0.0036792755126953125
local_output_nid generation:  0.00013375282287597656
local_in_edges_tensor generation:  0.0003218650817871094
mini_batch_src_global generation:  0.0004401206970214844
r_  generation:  0.004559516906738281
local_output_nid generation:  3.337860107421875e-05
local_in_edges_tensor generation:  0.00016307830810546875
mini_batch_src_global generation:  0.00021409988403320312
r_  generation:  0.0011441707611083984
local_output_nid generation:  3.9577484130859375e-05
local_in_edges_tensor generation:  0.00016736984252929688
mini_batch_src_global generation:  0.00015044212341308594
r_  generation:  0.001439809799194336
local_output_nid generation:  0.0001366138458251953
local_in_edges_tensor generation:  0.00033926963806152344
mini_batch_src_global generation:  0.0003669261932373047
r_  generation:  0.0045855045318603516
local_output_nid generation:  5.030632019042969e-05
local_in_edges_tensor generation:  0.0001957416534423828
mini_batch_src_global generation:  0.0003066062927246094
r_  generation:  0.0023245811462402344
local_output_nid generation:  2.2649765014648438e-05
local_in_edges_tensor generation:  0.00014352798461914062
mini_batch_src_global generation:  0.0001327991485595703
r_  generation:  0.0007708072662353516
local_output_nid generation:  0.0001404285430908203
local_in_edges_tensor generation:  0.0003428459167480469
mini_batch_src_global generation:  0.0004639625549316406
r_  generation:  0.00576472282409668
----------------------check_connections_block total spend ----------------------------- 0.06955647468566895
generate_one_block  0.009291410446166992
generate_one_block  0.002766132354736328
generate_one_block  0.0017931461334228516
generate_one_block  0.008103132247924805
generate_one_block  0.002389669418334961
generate_one_block  0.0038251876831054688
generate_one_block  0.006098270416259766
generate_one_block  0.0059969425201416016
generate_one_block  0.007059574127197266
generate_one_block  0.002460002899169922
generate_one_block  0.002843141555786133
generate_one_block  0.006942272186279297
generate_one_block  0.003991842269897461
generate_one_block  0.0019145011901855469
generate_one_block  0.009103536605834961
The real block id is  1
get_global_graph_edges_ids_block function  spend 0.002208232879638672
gen group dst list time:  0.0016591548919677734
time for parepare:  0.0018622875213623047
local_output_nid generation:  0.0006721019744873047
local_in_edges_tensor generation:  0.0015063285827636719
mini_batch_src_global generation:  0.0015263557434082031
r_  generation:  0.01563286781311035
local_output_nid generation:  0.0002789497375488281
local_in_edges_tensor generation:  0.0005614757537841797
mini_batch_src_global generation:  0.0009226799011230469
r_  generation:  0.006121635437011719
local_output_nid generation:  0.00017833709716796875
local_in_edges_tensor generation:  0.0003750324249267578
mini_batch_src_global generation:  0.0005033016204833984
r_  generation:  0.004254341125488281
local_output_nid generation:  0.0008015632629394531
local_in_edges_tensor generation:  0.0012459754943847656
mini_batch_src_global generation:  0.0013499259948730469
r_  generation:  0.017222166061401367
local_output_nid generation:  0.00014257431030273438
local_in_edges_tensor generation:  0.00029850006103515625
mini_batch_src_global generation:  0.0004999637603759766
r_  generation:  0.0030241012573242188
local_output_nid generation:  0.00044155120849609375
local_in_edges_tensor generation:  0.0006971359252929688
mini_batch_src_global generation:  0.0006079673767089844
r_  generation:  0.007930517196655273
local_output_nid generation:  0.0004661083221435547
local_in_edges_tensor generation:  0.0007374286651611328
mini_batch_src_global generation:  0.0010547637939453125
r_  generation:  0.01312255859375
local_output_nid generation:  0.0006060600280761719
local_in_edges_tensor generation:  0.0013647079467773438
mini_batch_src_global generation:  0.0011258125305175781
r_  generation:  0.013673067092895508
local_output_nid generation:  0.0006167888641357422
local_in_edges_tensor generation:  0.0009417533874511719
mini_batch_src_global generation:  0.0013396739959716797
r_  generation:  0.016148805618286133
local_output_nid generation:  0.0002741813659667969
local_in_edges_tensor generation:  0.0004975795745849609
mini_batch_src_global generation:  0.0007367134094238281
r_  generation:  0.005853414535522461
local_output_nid generation:  0.0002796649932861328
local_in_edges_tensor generation:  0.0004687309265136719
mini_batch_src_global generation:  0.0006506443023681641
r_  generation:  0.006814718246459961
local_output_nid generation:  0.0005946159362792969
local_in_edges_tensor generation:  0.0008950233459472656
mini_batch_src_global generation:  0.0010039806365966797
r_  generation:  0.013966560363769531
local_output_nid generation:  0.00028324127197265625
local_in_edges_tensor generation:  0.0005030632019042969
mini_batch_src_global generation:  0.0008418560028076172
r_  generation:  0.006989479064941406
local_output_nid generation:  0.0001900196075439453
local_in_edges_tensor generation:  0.0003407001495361328
mini_batch_src_global generation:  0.0005488395690917969
r_  generation:  0.004057645797729492
local_output_nid generation:  0.0004413127899169922
local_in_edges_tensor generation:  0.0007081031799316406
mini_batch_src_global generation:  0.0008895397186279297
r_  generation:  0.012063741683959961
----------------------check_connections_block total spend ----------------------------- 0.21579480171203613
generate_one_block  0.02104353904724121
generate_one_block  0.010964155197143555
generate_one_block  0.007586479187011719
generate_one_block  0.021152973175048828
generate_one_block  0.005816936492919922
generate_one_block  0.012202262878417969
generate_one_block  0.016214370727539062
generate_one_block  0.018462657928466797
generate_one_block  0.0217893123626709
generate_one_block  0.00943756103515625
generate_one_block  0.010668039321899414
generate_one_block  0.016748666763305664
generate_one_block  0.010468721389770508
generate_one_block  0.00661778450012207
generate_one_block  0.015385627746582031
The real block id is  0
get_global_graph_edges_ids_block function  spend 0.0019207000732421875
gen group dst list time:  0.0041027069091796875
time for parepare:  0.0018515586853027344
local_output_nid generation:  0.0012981891632080078
local_in_edges_tensor generation:  0.002180337905883789
mini_batch_src_global generation:  0.002149820327758789
r_  generation:  0.022965192794799805
local_output_nid generation:  0.0008685588836669922
local_in_edges_tensor generation:  0.001718759536743164
mini_batch_src_global generation:  0.001997232437133789
r_  generation:  0.017258167266845703
local_output_nid generation:  0.0007264614105224609
local_in_edges_tensor generation:  0.0013263225555419922
mini_batch_src_global generation:  0.0013222694396972656
r_  generation:  0.015499591827392578
local_output_nid generation:  0.0014235973358154297
local_in_edges_tensor generation:  0.002070903778076172
mini_batch_src_global generation:  0.0018801689147949219
r_  generation:  0.02399158477783203
local_output_nid generation:  0.0003886222839355469
local_in_edges_tensor generation:  0.0005939006805419922
mini_batch_src_global generation:  0.00089263916015625
r_  generation:  0.007075071334838867
local_output_nid generation:  0.0010852813720703125
local_in_edges_tensor generation:  0.0013058185577392578
mini_batch_src_global generation:  0.0013432502746582031
r_  generation:  0.01950216293334961
local_output_nid generation:  0.0010633468627929688
local_in_edges_tensor generation:  0.002227783203125
mini_batch_src_global generation:  0.0018019676208496094
r_  generation:  0.02097773551940918
local_output_nid generation:  0.0011563301086425781
local_in_edges_tensor generation:  0.0017867088317871094
mini_batch_src_global generation:  0.001735687255859375
r_  generation:  0.022391080856323242
local_output_nid generation:  0.001409769058227539
local_in_edges_tensor generation:  0.0019404888153076172
mini_batch_src_global generation:  0.002031564712524414
r_  generation:  0.023705482482910156
local_output_nid generation:  0.000804901123046875
local_in_edges_tensor generation:  0.0014905929565429688
mini_batch_src_global generation:  0.0015323162078857422
r_  generation:  0.017869234085083008
local_output_nid generation:  0.0008015632629394531
local_in_edges_tensor generation:  0.001077890396118164
mini_batch_src_global generation:  0.0014472007751464844
r_  generation:  0.017110586166381836
local_output_nid generation:  0.0011479854583740234
local_in_edges_tensor generation:  0.0018129348754882812
mini_batch_src_global generation:  0.0018422603607177734
r_  generation:  0.02239513397216797
local_output_nid generation:  0.0005745887756347656
local_in_edges_tensor generation:  0.0008807182312011719
mini_batch_src_global generation:  0.001325845718383789
r_  generation:  0.013680458068847656
local_output_nid generation:  0.0006384849548339844
local_in_edges_tensor generation:  0.0009179115295410156
mini_batch_src_global generation:  0.0011303424835205078
r_  generation:  0.013560056686401367
local_output_nid generation:  0.0009207725524902344
local_in_edges_tensor generation:  0.0012252330780029297
mini_batch_src_global generation:  0.0014712810516357422
r_  generation:  0.018253803253173828
----------------------check_connections_block total spend ----------------------------- 0.39962244033813477
generate_one_block  0.027843236923217773
generate_one_block  0.023604154586791992
generate_one_block  0.020160436630249023
generate_one_block  0.030109405517578125
generate_one_block  0.010604619979858398
generate_one_block  0.02403998374938965
generate_one_block  0.02720785140991211
generate_one_block  0.02803516387939453
generate_one_block  0.02942180633544922
generate_one_block  0.023203611373901367
generate_one_block  0.021921634674072266
generate_one_block  0.03094935417175293
generate_one_block  0.018274784088134766
generate_one_block  0.017874479293823242
generate_one_block  0.023888587951660156
-----------------------------------------after block dataloader generation 
 Nvidia-smi: 1.0194091796875 GB
    Memory Allocated: 0.002933979034423828  GigaBytes
Max Memory Allocated: 0.002933979034423828  GigaBytes

connection checking time:  0.7065548896789551
block generation total time  0.6828558444976807
average batch blocks generation time:  0.04552372296651205
----------------------------------------before batch_pred = model(blocks, batch_inputs) 
 Nvidia-smi: 1.1209716796875 GB
    Memory Allocated: 0.03727579116821289  GigaBytes
Max Memory Allocated: 0.03727579116821289  GigaBytes

torch.Size([17833, 500])
torch.Size([13290, 256])
torch.Size([7020, 256])
torch.Size([1853, 256])
torch.Size([411, 256])
-----------------------------------------batch_pred = model(blocks, batch_inputs) 
 Nvidia-smi: 1.3963623046875 GB
    Memory Allocated: 0.11875391006469727  GigaBytes
Max Memory Allocated: 0.11896800994873047  GigaBytes

----------------------------------------before batch_pred = model(blocks, batch_inputs) 
 Nvidia-smi: 1.4471435546875 GB
    Memory Allocated: 0.03646516799926758  GigaBytes
Max Memory Allocated: 0.12367534637451172  GigaBytes

torch.Size([16107, 500])
torch.Size([7969, 256])
torch.Size([2793, 256])
torch.Size([370, 256])
torch.Size([97, 256])
-----------------------------------------batch_pred = model(blocks, batch_inputs) 
 Nvidia-smi: 1.4471435546875 GB
    Memory Allocated: 0.0758662223815918  GigaBytes
Max Memory Allocated: 0.12367534637451172  GigaBytes

----------------------------------------before batch_pred = model(blocks, batch_inputs) 
 Nvidia-smi: 1.4471435546875 GB
    Memory Allocated: 0.03238391876220703  GigaBytes
Max Memory Allocated: 0.12367534637451172  GigaBytes

torch.Size([13969, 500])
torch.Size([6707, 256])
torch.Size([1512, 256])
torch.Size([240, 256])
torch.Size([56, 256])
-----------------------------------------batch_pred = model(blocks, batch_inputs) 
 Nvidia-smi: 1.4471435546875 GB
    Memory Allocated: 0.06121015548706055  GigaBytes
Max Memory Allocated: 0.12367534637451172  GigaBytes

----------------------------------------before batch_pred = model(blocks, batch_inputs) 
 Nvidia-smi: 1.4822998046875 GB
    Memory Allocated: 0.04214048385620117  GigaBytes
Max Memory Allocated: 0.12367534637451172  GigaBytes

torch.Size([18513, 500])
torch.Size([14231, 256])
torch.Size([8611, 256])
torch.Size([1641, 256])
torch.Size([343, 256])
-----------------------------------------batch_pred = model(blocks, batch_inputs) 
 Nvidia-smi: 1.4822998046875 GB
    Memory Allocated: 0.13154172897338867  GigaBytes
Max Memory Allocated: 0.1322345733642578  GigaBytes

----------------------------------------before batch_pred = model(blocks, batch_inputs) 
 Nvidia-smi: 1.4842529296875 GB
    Memory Allocated: 0.02371072769165039  GigaBytes
Max Memory Allocated: 0.13991022109985352  GigaBytes

torch.Size([9049, 500])
torch.Size([3661, 256])
torch.Size([1445, 256])
torch.Size([334, 256])
torch.Size([89, 256])
-----------------------------------------batch_pred = model(blocks, batch_inputs) 
 Nvidia-smi: 1.4842529296875 GB
    Memory Allocated: 0.04302024841308594  GigaBytes
Max Memory Allocated: 0.13991022109985352  GigaBytes

----------------------------------------before batch_pred = model(blocks, batch_inputs) 
 Nvidia-smi: 1.4842529296875 GB
    Memory Allocated: 0.03783750534057617  GigaBytes
Max Memory Allocated: 0.13991022109985352  GigaBytes

torch.Size([16716, 500])
torch.Size([9580, 256])
torch.Size([4179, 256])
torch.Size([571, 256])
torch.Size([148, 256])
-----------------------------------------batch_pred = model(blocks, batch_inputs) 
 Nvidia-smi: 1.4862060546875 GB
    Memory Allocated: 0.08874988555908203  GigaBytes
Max Memory Allocated: 0.13991022109985352  GigaBytes

----------------------------------------before batch_pred = model(blocks, batch_inputs) 
 Nvidia-smi: 1.4862060546875 GB
    Memory Allocated: 0.03750801086425781  GigaBytes
Max Memory Allocated: 0.13991022109985352  GigaBytes

torch.Size([16488, 500])
torch.Size([11477, 256])
torch.Size([4889, 256])
torch.Size([1292, 256])
torch.Size([175, 256])
-----------------------------------------batch_pred = model(blocks, batch_inputs) 
 Nvidia-smi: 1.4862060546875 GB
    Memory Allocated: 0.10158061981201172  GigaBytes
Max Memory Allocated: 0.13991022109985352  GigaBytes

----------------------------------------before batch_pred = model(blocks, batch_inputs) 
 Nvidia-smi: 1.4862060546875 GB
    Memory Allocated: 0.04012250900268555  GigaBytes
Max Memory Allocated: 0.13991022109985352  GigaBytes

torch.Size([17882, 500])
torch.Size([12102, 256])
torch.Size([6332, 256])
torch.Size([1149, 256])
torch.Size([321, 256])
-----------------------------------------batch_pred = model(blocks, batch_inputs) 
 Nvidia-smi: 1.4862060546875 GB
    Memory Allocated: 0.11162710189819336  GigaBytes
Max Memory Allocated: 0.13991022109985352  GigaBytes

----------------------------------------before batch_pred = model(blocks, batch_inputs) 
 Nvidia-smi: 1.4862060546875 GB
    Memory Allocated: 0.04031085968017578  GigaBytes
Max Memory Allocated: 0.13991022109985352  GigaBytes

torch.Size([17917, 500])
torch.Size([14353, 256])
torch.Size([6635, 256])
torch.Size([1718, 256])
torch.Size([188, 256])
-----------------------------------------batch_pred = model(blocks, batch_inputs) 
 Nvidia-smi: 1.4881591796875 GB
    Memory Allocated: 0.12144136428833008  GigaBytes
Max Memory Allocated: 0.13991022109985352  GigaBytes

----------------------------------------before batch_pred = model(blocks, batch_inputs) 
 Nvidia-smi: 1.4881591796875 GB
    Memory Allocated: 0.03619718551635742  GigaBytes
Max Memory Allocated: 0.13991022109985352  GigaBytes

torch.Size([15959, 500])
torch.Size([8074, 256])
torch.Size([2503, 256])
torch.Size([348, 256])
torch.Size([93, 256])
-----------------------------------------batch_pred = model(blocks, batch_inputs) 
 Nvidia-smi: 1.4881591796875 GB
    Memory Allocated: 0.07390451431274414  GigaBytes
Max Memory Allocated: 0.13991022109985352  GigaBytes

----------------------------------------before batch_pred = model(blocks, batch_inputs) 
 Nvidia-smi: 1.4881591796875 GB
    Memory Allocated: 0.033936500549316406  GigaBytes
Max Memory Allocated: 0.13991022109985352  GigaBytes

torch.Size([14731, 500])
torch.Size([7769, 256])
torch.Size([2697, 256])
torch.Size([398, 256])
torch.Size([114, 256])
-----------------------------------------batch_pred = model(blocks, batch_inputs) 
 Nvidia-smi: 1.4881591796875 GB
    Memory Allocated: 0.0721120834350586  GigaBytes
Max Memory Allocated: 0.13991022109985352  GigaBytes

----------------------------------------before batch_pred = model(blocks, batch_inputs) 
 Nvidia-smi: 1.4881591796875 GB
    Memory Allocated: 0.040500640869140625  GigaBytes
Max Memory Allocated: 0.13991022109985352  GigaBytes

torch.Size([18080, 500])
torch.Size([13346, 256])
torch.Size([6998, 256])
torch.Size([1878, 256])
torch.Size([351, 256])
-----------------------------------------batch_pred = model(blocks, batch_inputs) 
 Nvidia-smi: 1.4881591796875 GB
    Memory Allocated: 0.12281084060668945  GigaBytes
Max Memory Allocated: 0.13991022109985352  GigaBytes

----------------------------------------before batch_pred = model(blocks, batch_inputs) 
 Nvidia-smi: 1.4881591796875 GB
    Memory Allocated: 0.028295516967773438  GigaBytes
Max Memory Allocated: 0.13991022109985352  GigaBytes

torch.Size([11732, 500])
torch.Size([5978, 256])
torch.Size([2716, 256])
torch.Size([551, 256])
torch.Size([85, 256])
-----------------------------------------batch_pred = model(blocks, batch_inputs) 
 Nvidia-smi: 1.4881591796875 GB
    Memory Allocated: 0.0625004768371582  GigaBytes
Max Memory Allocated: 0.13991022109985352  GigaBytes

----------------------------------------before batch_pred = model(blocks, batch_inputs) 
 Nvidia-smi: 1.4881591796875 GB
    Memory Allocated: 0.03172016143798828  GigaBytes
Max Memory Allocated: 0.13991022109985352  GigaBytes

torch.Size([13645, 500])
torch.Size([5818, 256])
torch.Size([1754, 256])
torch.Size([216, 256])
torch.Size([59, 256])
-----------------------------------------batch_pred = model(blocks, batch_inputs) 
 Nvidia-smi: 1.4881591796875 GB
    Memory Allocated: 0.05992460250854492  GigaBytes
Max Memory Allocated: 0.13991022109985352  GigaBytes

----------------------------------------before batch_pred = model(blocks, batch_inputs) 
 Nvidia-smi: 1.4881591796875 GB
    Memory Allocated: 0.0343785285949707  GigaBytes
Max Memory Allocated: 0.13991022109985352  GigaBytes

torch.Size([14809, 500])
torch.Size([9483, 256])
torch.Size([5213, 256])
torch.Size([1945, 256])
torch.Size([408, 256])
-----------------------------------------batch_pred = model(blocks, batch_inputs) 
 Nvidia-smi: 1.4881591796875 GB
    Memory Allocated: 0.09676170349121094  GigaBytes
Max Memory Allocated: 0.13991022109985352  GigaBytes

times | data loading | block to device | model prediction | loss calculation | loss backward |  optimizer step |
      |0.008339230219523113 |0.02404446601867676 |0.058353392283121745 |0.00015546480814615887 |0.0047989368438720705 |0.00409388542175293 |
----------------------------------------------------------pseudo_mini_loss sum 3.052724599838257
 Run 0| Epoch 0 |
Number of nodes for computation during this epoch:  460364
Number of first layer input nodes during this epoch:  233430
----------------------------------------before generate_dataloader_block 
 Nvidia-smi: 1.4920654296875 GB
    Memory Allocated: 0.0422816276550293  GigaBytes
Max Memory Allocated: 0.13991022109985352  GigaBytes

The real block id is  5
get_global_graph_edges_ids_block function  spend 0.00048279762268066406
random selection method range initialization spend 0.00011920928955078125
time for parepare:  4.982948303222656e-05
local_output_nid generation:  6.198883056640625e-06
local_in_edges_tensor generation:  0.00016832351684570312
mini_batch_src_global generation:  2.09808349609375e-05
r_  generation:  2.8848648071289062e-05
local_output_nid generation:  4.0531158447265625e-06
local_in_edges_tensor generation:  0.00010228157043457031
mini_batch_src_global generation:  1.4543533325195312e-05
r_  generation:  1.4543533325195312e-05
local_output_nid generation:  4.0531158447265625e-06
local_in_edges_tensor generation:  0.00010418891906738281
mini_batch_src_global generation:  1.52587890625e-05
r_  generation:  2.2411346435546875e-05
local_output_nid generation:  3.5762786865234375e-06
local_in_edges_tensor generation:  9.679794311523438e-05
mini_batch_src_global generation:  1.52587890625e-05
r_  generation:  2.1457672119140625e-05
local_output_nid generation:  3.5762786865234375e-06
local_in_edges_tensor generation:  9.441375732421875e-05
mini_batch_src_global generation:  1.3828277587890625e-05
r_  generation:  1.3589859008789062e-05
local_output_nid generation:  4.291534423828125e-06
local_in_edges_tensor generation:  9.226799011230469e-05
mini_batch_src_global generation:  1.33514404296875e-05
r_  generation:  1.4066696166992188e-05
local_output_nid generation:  3.337860107421875e-06
local_in_edges_tensor generation:  9.250640869140625e-05
mini_batch_src_global generation:  1.4543533325195312e-05
r_  generation:  2.193450927734375e-05
local_output_nid generation:  3.337860107421875e-06
local_in_edges_tensor generation:  9.274482727050781e-05
mini_batch_src_global generation:  1.3589859008789062e-05
r_  generation:  1.6689300537109375e-05
local_output_nid generation:  3.5762786865234375e-06
local_in_edges_tensor generation:  9.250640869140625e-05
mini_batch_src_global generation:  1.4543533325195312e-05
r_  generation:  1.5974044799804688e-05
local_output_nid generation:  3.337860107421875e-06
local_in_edges_tensor generation:  9.202957153320312e-05
mini_batch_src_global generation:  1.3828277587890625e-05
r_  generation:  1.2159347534179688e-05
local_output_nid generation:  3.337860107421875e-06
local_in_edges_tensor generation:  9.179115295410156e-05
mini_batch_src_global generation:  1.3113021850585938e-05
r_  generation:  1.2874603271484375e-05
local_output_nid generation:  3.5762786865234375e-06
local_in_edges_tensor generation:  9.083747863769531e-05
mini_batch_src_global generation:  1.3828277587890625e-05
r_  generation:  1.5974044799804688e-05
local_output_nid generation:  3.337860107421875e-06
local_in_edges_tensor generation:  9.202957153320312e-05
mini_batch_src_global generation:  1.430511474609375e-05
r_  generation:  2.1219253540039062e-05
local_output_nid generation:  3.337860107421875e-06
local_in_edges_tensor generation:  9.1552734375e-05
mini_batch_src_global generation:  1.3828277587890625e-05
r_  generation:  1.6450881958007812e-05
local_output_nid generation:  3.0994415283203125e-06
local_in_edges_tensor generation:  9.202957153320312e-05
mini_batch_src_global generation:  1.5497207641601562e-05
r_  generation:  2.6226043701171875e-05
----------------------check_connections_block total spend ----------------------------- 0.002622842788696289
generate_one_block  0.0013470649719238281
generate_one_block  0.0010123252868652344
generate_one_block  0.0010044574737548828
generate_one_block  0.000993490219116211
generate_one_block  0.0009882450103759766
generate_one_block  0.0009996891021728516
generate_one_block  0.0009975433349609375
generate_one_block  0.0009839534759521484
generate_one_block  0.000997781753540039
generate_one_block  0.0009927749633789062
generate_one_block  0.0009417533874511719
generate_one_block  0.0009522438049316406
generate_one_block  0.000997781753540039
generate_one_block  0.0009646415710449219
generate_one_block  0.0010170936584472656
The real block id is  4
get_global_graph_edges_ids_block function  spend 0.0006206035614013672
gen group dst list time:  7.891654968261719e-05
time for parepare:  0.00027298927307128906
local_output_nid generation:  3.5762786865234375e-06
local_in_edges_tensor generation:  0.00019812583923339844
mini_batch_src_global generation:  3.123283386230469e-05
r_  generation:  0.00010466575622558594
local_output_nid generation:  2.384185791015625e-06
local_in_edges_tensor generation:  0.00010752677917480469
mini_batch_src_global generation:  2.09808349609375e-05
r_  generation:  5.245208740234375e-05
local_output_nid generation:  5.4836273193359375e-06
local_in_edges_tensor generation:  0.00010538101196289062
mini_batch_src_global generation:  3.0040740966796875e-05
r_  generation:  0.00015783309936523438
local_output_nid generation:  4.76837158203125e-06
local_in_edges_tensor generation:  0.00010514259338378906
mini_batch_src_global generation:  2.7179718017578125e-05
r_  generation:  9.703636169433594e-05
local_output_nid generation:  2.86102294921875e-06
local_in_edges_tensor generation:  0.00010228157043457031
mini_batch_src_global generation:  2.0742416381835938e-05
r_  generation:  5.3882598876953125e-05
local_output_nid generation:  2.86102294921875e-06
local_in_edges_tensor generation:  0.00010132789611816406
mini_batch_src_global generation:  2.1696090698242188e-05
r_  generation:  8.0108642578125e-05
local_output_nid generation:  6.198883056640625e-06
local_in_edges_tensor generation:  0.00010466575622558594
mini_batch_src_global generation:  2.8848648071289062e-05
r_  generation:  0.0001380443572998047
local_output_nid generation:  3.5762786865234375e-06
local_in_edges_tensor generation:  0.00010228157043457031
mini_batch_src_global generation:  2.09808349609375e-05
r_  generation:  6.222724914550781e-05
local_output_nid generation:  3.814697265625e-06
local_in_edges_tensor generation:  0.00010061264038085938
mini_batch_src_global generation:  1.9311904907226562e-05
r_  generation:  6.079673767089844e-05
local_output_nid generation:  2.6226043701171875e-06
local_in_edges_tensor generation:  9.72747802734375e-05
mini_batch_src_global generation:  1.8358230590820312e-05
r_  generation:  4.38690185546875e-05
local_output_nid generation:  2.6226043701171875e-06
local_in_edges_tensor generation:  9.799003601074219e-05
mini_batch_src_global generation:  2.0742416381835938e-05
r_  generation:  7.843971252441406e-05
local_output_nid generation:  3.814697265625e-06
local_in_edges_tensor generation:  9.918212890625e-05
mini_batch_src_global generation:  2.2649765014648438e-05
r_  generation:  8.726119995117188e-05
local_output_nid generation:  4.76837158203125e-06
local_in_edges_tensor generation:  0.00011682510375976562
mini_batch_src_global generation:  2.9087066650390625e-05
r_  generation:  0.00013947486877441406
local_output_nid generation:  3.5762786865234375e-06
local_in_edges_tensor generation:  0.00010633468627929688
mini_batch_src_global generation:  3.266334533691406e-05
r_  generation:  0.0001647472381591797
local_output_nid generation:  5.9604644775390625e-06
local_in_edges_tensor generation:  0.00011706352233886719
mini_batch_src_global generation:  2.956390380859375e-05
r_  generation:  0.00012946128845214844
----------------------check_connections_block total spend ----------------------------- 0.0046536922454833984
generate_one_block  0.0011301040649414062
generate_one_block  0.001035928726196289
generate_one_block  0.0011985301971435547
generate_one_block  0.001104593276977539
generate_one_block  0.001043558120727539
generate_one_block  0.0010836124420166016
generate_one_block  0.0012028217315673828
generate_one_block  0.0010488033294677734
generate_one_block  0.001035928726196289
generate_one_block  0.0010714530944824219
generate_one_block  0.0010738372802734375
generate_one_block  0.001512289047241211
generate_one_block  0.0011372566223144531
generate_one_block  0.0011544227600097656
generate_one_block  0.0011017322540283203
The real block id is  3
get_global_graph_edges_ids_block function  spend 0.0011873245239257812
gen group dst list time:  0.00013113021850585938
time for parepare:  0.0008313655853271484
local_output_nid generation:  2.3603439331054688e-05
local_in_edges_tensor generation:  0.0002760887145996094
mini_batch_src_global generation:  8.606910705566406e-05
r_  generation:  0.0006084442138671875
local_output_nid generation:  1.2636184692382812e-05
local_in_edges_tensor generation:  0.00013256072998046875
mini_batch_src_global generation:  4.887580871582031e-05
r_  generation:  0.00021457672119140625
local_output_nid generation:  3.933906555175781e-05
local_in_edges_tensor generation:  0.0001747608184814453
mini_batch_src_global generation:  0.00015997886657714844
r_  generation:  0.0012557506561279297
local_output_nid generation:  1.9073486328125e-05
local_in_edges_tensor generation:  0.00014901161193847656
mini_batch_src_global generation:  9.775161743164062e-05
r_  generation:  0.0004930496215820312
local_output_nid generation:  1.4781951904296875e-05
local_in_edges_tensor generation:  0.0001361370086669922
mini_batch_src_global generation:  6.198883056640625e-05
r_  generation:  0.0004260540008544922
local_output_nid generation:  1.9788742065429688e-05
local_in_edges_tensor generation:  0.0001392364501953125
mini_batch_src_global generation:  6.079673767089844e-05
r_  generation:  0.0004863739013671875
local_output_nid generation:  2.86102294921875e-05
local_in_edges_tensor generation:  0.00015544891357421875
mini_batch_src_global generation:  9.751319885253906e-05
r_  generation:  0.000965118408203125
local_output_nid generation:  1.1920928955078125e-05
local_in_edges_tensor generation:  0.00013375282287597656
mini_batch_src_global generation:  6.866455078125e-05
r_  generation:  0.00039386749267578125
local_output_nid generation:  1.2159347534179688e-05
local_in_edges_tensor generation:  0.00013113021850585938
mini_batch_src_global generation:  4.363059997558594e-05
r_  generation:  0.0002665519714355469
local_output_nid generation:  1.049041748046875e-05
local_in_edges_tensor generation:  0.0001227855682373047
mini_batch_src_global generation:  3.695487976074219e-05
r_  generation:  0.0002231597900390625
local_output_nid generation:  1.8596649169921875e-05
local_in_edges_tensor generation:  0.0001316070556640625
mini_batch_src_global generation:  4.839897155761719e-05
r_  generation:  0.0004076957702636719
local_output_nid generation:  1.5020370483398438e-05
local_in_edges_tensor generation:  0.0001285076141357422
mini_batch_src_global generation:  5.14984130859375e-05
r_  generation:  0.0003795623779296875
local_output_nid generation:  3.3855438232421875e-05
local_in_edges_tensor generation:  0.00015592575073242188
mini_batch_src_global generation:  8.249282836914062e-05
r_  generation:  0.0008192062377929688
local_output_nid generation:  2.9087066650390625e-05
local_in_edges_tensor generation:  0.00016117095947265625
mini_batch_src_global generation:  0.0001513957977294922
r_  generation:  0.001382589340209961
local_output_nid generation:  2.47955322265625e-05
local_in_edges_tensor generation:  0.00015401840209960938
mini_batch_src_global generation:  0.00011706352233886719
r_  generation:  0.0008251667022705078
----------------------check_connections_block total spend ----------------------------- 0.01654815673828125
generate_one_block  0.002155303955078125
generate_one_block  0.0012576580047607422
generate_one_block  0.0024962425231933594
generate_one_block  0.0015702247619628906
generate_one_block  0.0014700889587402344
generate_one_block  0.001497030258178711
generate_one_block  0.00212860107421875
generate_one_block  0.00141143798828125
generate_one_block  0.0013852119445800781
generate_one_block  0.0012006759643554688
generate_one_block  0.00140380859375
generate_one_block  0.0013761520385742188
generate_one_block  0.0018880367279052734
generate_one_block  0.002574920654296875
generate_one_block  0.0019698143005371094
The real block id is  2
get_global_graph_edges_ids_block function  spend 0.0018486976623535156
gen group dst list time:  0.0003249645233154297
time for parepare:  0.0015232563018798828
local_output_nid generation:  0.00010895729064941406
local_in_edges_tensor generation:  0.0005593299865722656
mini_batch_src_global generation:  0.00033855438232421875
r_  generation:  0.0032536983489990234
local_output_nid generation:  4.029273986816406e-05
local_in_edges_tensor generation:  0.000186920166015625
mini_batch_src_global generation:  0.00022339820861816406
r_  generation:  0.0014748573303222656
local_output_nid generation:  0.00016880035400390625
local_in_edges_tensor generation:  0.0004074573516845703
mini_batch_src_global generation:  0.0005154609680175781
r_  generation:  0.0055086612701416016
local_output_nid generation:  7.748603820800781e-05
local_in_edges_tensor generation:  0.0002493858337402344
mini_batch_src_global generation:  0.00030493736267089844
r_  generation:  0.002149343490600586
local_output_nid generation:  7.772445678710938e-05
local_in_edges_tensor generation:  0.00027942657470703125
mini_batch_src_global generation:  0.00029778480529785156
r_  generation:  0.002665281295776367
local_output_nid generation:  7.534027099609375e-05
local_in_edges_tensor generation:  0.0002484321594238281
mini_batch_src_global generation:  0.001552581787109375
r_  generation:  0.003275632858276367
local_output_nid generation:  0.00015163421630859375
local_in_edges_tensor generation:  0.00036835670471191406
mini_batch_src_global generation:  0.0005154609680175781
r_  generation:  0.005155324935913086
local_output_nid generation:  7.843971252441406e-05
local_in_edges_tensor generation:  0.0002377033233642578
mini_batch_src_global generation:  0.00037598609924316406
r_  generation:  0.0029938220977783203
local_output_nid generation:  5.507469177246094e-05
local_in_edges_tensor generation:  0.00018906593322753906
mini_batch_src_global generation:  0.00018525123596191406
r_  generation:  0.0012745857238769531
local_output_nid generation:  4.029273986816406e-05
local_in_edges_tensor generation:  0.0001747608184814453
mini_batch_src_global generation:  0.0001583099365234375
r_  generation:  0.0014407634735107422
local_output_nid generation:  6.580352783203125e-05
local_in_edges_tensor generation:  0.00021886825561523438
mini_batch_src_global generation:  0.00024437904357910156
r_  generation:  0.0025298595428466797
local_output_nid generation:  5.459785461425781e-05
local_in_edges_tensor generation:  0.00019311904907226562
mini_batch_src_global generation:  0.00021004676818847656
r_  generation:  0.0016865730285644531
local_output_nid generation:  0.0001239776611328125
local_in_edges_tensor generation:  0.00031113624572753906
mini_batch_src_global generation:  0.00037860870361328125
r_  generation:  0.0043714046478271484
local_output_nid generation:  0.00012135505676269531
local_in_edges_tensor generation:  0.00034737586975097656
mini_batch_src_global generation:  0.0005719661712646484
r_  generation:  0.005117893218994141
local_output_nid generation:  0.00015044212341308594
local_in_edges_tensor generation:  0.0003342628479003906
mini_batch_src_global generation:  0.00046133995056152344
r_  generation:  0.004404306411743164
----------------------check_connections_block total spend ----------------------------- 0.07309651374816895
generate_one_block  0.0059130191802978516
generate_one_block  0.0030732154846191406
generate_one_block  0.007878541946411133
generate_one_block  0.0036520957946777344
generate_one_block  0.004556179046630859
generate_one_block  0.005418300628662109
generate_one_block  0.008336067199707031
generate_one_block  0.00482487678527832
generate_one_block  0.0026483535766601562
generate_one_block  0.0028717517852783203
generate_one_block  0.0045812129974365234
generate_one_block  0.003070354461669922
generate_one_block  0.008392333984375
generate_one_block  0.007681608200073242
generate_one_block  0.006651401519775391
The real block id is  1
get_global_graph_edges_ids_block function  spend 0.0022351741790771484
gen group dst list time:  0.0015418529510498047
time for parepare:  0.0018224716186523438
local_output_nid generation:  0.0005631446838378906
local_in_edges_tensor generation:  0.0013072490692138672
mini_batch_src_global generation:  0.00091552734375
r_  generation:  0.010362386703491211
local_output_nid generation:  0.0002751350402832031
local_in_edges_tensor generation:  0.0005805492401123047
mini_batch_src_global generation:  0.0007832050323486328
r_  generation:  0.00626683235168457
local_output_nid generation:  0.0005667209625244141
local_in_edges_tensor generation:  0.0010066032409667969
mini_batch_src_global generation:  0.0012054443359375
r_  generation:  0.01210165023803711
local_output_nid generation:  0.0003459453582763672
local_in_edges_tensor generation:  0.0006227493286132812
mini_batch_src_global generation:  0.0009245872497558594
r_  generation:  0.008223295211791992
local_output_nid generation:  0.0003991127014160156
local_in_edges_tensor generation:  0.0007488727569580078
mini_batch_src_global generation:  0.0011289119720458984
r_  generation:  0.010669946670532227
local_output_nid generation:  0.0004787445068359375
local_in_edges_tensor generation:  0.00084686279296875
mini_batch_src_global generation:  0.0009093284606933594
r_  generation:  0.012367486953735352
local_output_nid generation:  0.0006604194641113281
local_in_edges_tensor generation:  0.0010519027709960938
mini_batch_src_global generation:  0.0012881755828857422
r_  generation:  0.01512455940246582
local_output_nid generation:  0.00034356117248535156
local_in_edges_tensor generation:  0.0005970001220703125
mini_batch_src_global generation:  0.0010917186737060547
r_  generation:  0.009596109390258789
local_output_nid generation:  0.0002982616424560547
local_in_edges_tensor generation:  0.0004851818084716797
mini_batch_src_global generation:  0.000640869140625
r_  generation:  0.005531787872314453
local_output_nid generation:  0.0003046989440917969
local_in_edges_tensor generation:  0.0005214214324951172
mini_batch_src_global generation:  0.0006473064422607422
r_  generation:  0.007025718688964844
local_output_nid generation:  0.0004889965057373047
local_in_edges_tensor generation:  0.0007483959197998047
mini_batch_src_global generation:  0.0009596347808837891
r_  generation:  0.010703563690185547
local_output_nid generation:  0.0003132820129394531
local_in_edges_tensor generation:  0.0005114078521728516
mini_batch_src_global generation:  0.0007669925689697266
r_  generation:  0.006749629974365234
local_output_nid generation:  0.0008127689361572266
local_in_edges_tensor generation:  0.0010271072387695312
mini_batch_src_global generation:  0.0010137557983398438
r_  generation:  0.013530492782592773
local_output_nid generation:  0.0016548633575439453
local_in_edges_tensor generation:  0.0008392333984375
mini_batch_src_global generation:  0.0011322498321533203
r_  generation:  0.011440753936767578
local_output_nid generation:  0.0006327629089355469
local_in_edges_tensor generation:  0.0009691715240478516
mini_batch_src_global generation:  0.0010025501251220703
r_  generation:  0.01383662223815918
----------------------check_connections_block total spend ----------------------------- 0.22646474838256836
generate_one_block  0.014061450958251953
generate_one_block  0.009469032287597656
generate_one_block  0.016422271728515625
generate_one_block  0.014372110366821289
generate_one_block  0.016594409942626953
generate_one_block  0.015114545822143555
generate_one_block  0.020653247833251953
generate_one_block  0.013402223587036133
generate_one_block  0.008538961410522461
generate_one_block  0.010605812072753906
generate_one_block  0.014238119125366211
generate_one_block  0.009752750396728516
generate_one_block  0.019098520278930664
generate_one_block  0.01534414291381836
generate_one_block  0.018834590911865234
The real block id is  0
get_global_graph_edges_ids_block function  spend 0.0020704269409179688
gen group dst list time:  0.004342555999755859
time for parepare:  0.0018222332000732422
local_output_nid generation:  0.0011167526245117188
local_in_edges_tensor generation:  0.002210378646850586
mini_batch_src_global generation:  0.0017368793487548828
r_  generation:  0.01984405517578125
local_output_nid generation:  0.0007302761077880859
local_in_edges_tensor generation:  0.001489400863647461
mini_batch_src_global generation:  0.001800537109375
r_  generation:  0.015500783920288086
local_output_nid generation:  0.001066446304321289
local_in_edges_tensor generation:  0.0016939640045166016
mini_batch_src_global generation:  0.0018324851989746094
r_  generation:  0.01977086067199707
local_output_nid generation:  0.0010561943054199219
local_in_edges_tensor generation:  0.0014202594757080078
mini_batch_src_global generation:  0.001592874526977539
r_  generation:  0.018857240676879883
local_output_nid generation:  0.0011687278747558594
local_in_edges_tensor generation:  0.0014357566833496094
mini_batch_src_global generation:  0.0017518997192382812
r_  generation:  0.019881486892700195
local_output_nid generation:  0.0009822845458984375
local_in_edges_tensor generation:  0.0014598369598388672
mini_batch_src_global generation:  0.0014832019805908203
r_  generation:  0.02015376091003418
local_output_nid generation:  0.0013091564178466797
local_in_edges_tensor generation:  0.002208232879638672
mini_batch_src_global generation:  0.0019745826721191406
r_  generation:  0.0230863094329834
local_output_nid generation:  0.0008001327514648438
local_in_edges_tensor generation:  0.001245737075805664
mini_batch_src_global generation:  0.0015003681182861328
r_  generation:  0.01694655418395996
local_output_nid generation:  0.0007891654968261719
local_in_edges_tensor generation:  0.0011470317840576172
mini_batch_src_global generation:  0.001180887222290039
r_  generation:  0.014873981475830078
local_output_nid generation:  0.0007612705230712891
local_in_edges_tensor generation:  0.0010881423950195312
mini_batch_src_global generation:  0.0013461112976074219
r_  generation:  0.016106128692626953
local_output_nid generation:  0.0009827613830566406
local_in_edges_tensor generation:  0.0016613006591796875
mini_batch_src_global generation:  0.0017871856689453125
r_  generation:  0.019924402236938477
local_output_nid generation:  0.0008227825164794922
local_in_edges_tensor generation:  0.0011932849884033203
mini_batch_src_global generation:  0.001501321792602539
r_  generation:  0.016911745071411133
local_output_nid generation:  0.001184701919555664
local_in_edges_tensor generation:  0.0018420219421386719
mini_batch_src_global generation:  0.0018706321716308594
r_  generation:  0.021591901779174805
local_output_nid generation:  0.0008785724639892578
local_in_edges_tensor generation:  0.001566171646118164
mini_batch_src_global generation:  0.0016021728515625
r_  generation:  0.017902851104736328
local_output_nid generation:  0.0013070106506347656
local_in_edges_tensor generation:  0.0022306442260742188
mini_batch_src_global generation:  0.0017714500427246094
r_  generation:  0.023104190826416016
----------------------check_connections_block total spend ----------------------------- 0.4147322177886963
generate_one_block  0.024725675582885742
generate_one_block  0.0239260196685791
generate_one_block  0.0268857479095459
generate_one_block  0.025951147079467773
generate_one_block  0.025296449661254883
generate_one_block  0.025326967239379883
generate_one_block  0.034570932388305664
generate_one_block  0.023546218872070312
generate_one_block  0.01916050910949707
generate_one_block  0.021577119827270508
generate_one_block  0.027253389358520508
generate_one_block  0.02221059799194336
generate_one_block  0.02763509750366211
generate_one_block  0.02295207977294922
generate_one_block  0.030188322067260742
-----------------------------------------after block dataloader generation 
 Nvidia-smi: 1.4920654296875 GB
    Memory Allocated: 0.0422816276550293  GigaBytes
Max Memory Allocated: 0.13991022109985352  GigaBytes

connection checking time:  0.7354953289031982
block generation total time  0.719977855682373
average batch blocks generation time:  0.0479985237121582
block dataloader generation time/epoch 1.5472486019134521
----------------------------------------before batch_pred = model(blocks, batch_inputs) 
 Nvidia-smi: 1.4920654296875 GB
    Memory Allocated: 0.04409456253051758  GigaBytes
Max Memory Allocated: 0.13991022109985352  GigaBytes

torch.Size([16949, 500])
torch.Size([11026, 256])
torch.Size([5199, 256])
torch.Size([1103, 256])
torch.Size([216, 256])
-----------------------------------------batch_pred = model(blocks, batch_inputs) 
 Nvidia-smi: 1.4920654296875 GB
    Memory Allocated: 0.10714960098266602  GigaBytes
Max Memory Allocated: 0.13991022109985352  GigaBytes

----------------------------------------before batch_pred = model(blocks, batch_inputs) 
 Nvidia-smi: 1.4920654296875 GB
    Memory Allocated: 0.04095745086669922  GigaBytes
Max Memory Allocated: 0.13991022109985352  GigaBytes

torch.Size([15400, 500])
torch.Size([7732, 256])
torch.Size([3035, 256])
torch.Size([387, 256])
torch.Size([100, 256])
-----------------------------------------batch_pred = model(blocks, batch_inputs) 
 Nvidia-smi: 1.4920654296875 GB
    Memory Allocated: 0.08164262771606445  GigaBytes
Max Memory Allocated: 0.13991022109985352  GigaBytes

----------------------------------------before batch_pred = model(blocks, batch_inputs) 
 Nvidia-smi: 1.4920654296875 GB
    Memory Allocated: 0.04345226287841797  GigaBytes
Max Memory Allocated: 0.13991022109985352  GigaBytes

torch.Size([16526, 500])
torch.Size([10592, 256])
torch.Size([5569, 256])
torch.Size([1616, 256])
torch.Size([339, 256])
-----------------------------------------batch_pred = model(blocks, batch_inputs) 
 Nvidia-smi: 1.4920654296875 GB
    Memory Allocated: 0.10934591293334961  GigaBytes
Max Memory Allocated: 0.13991022109985352  GigaBytes

----------------------------------------before batch_pred = model(blocks, batch_inputs) 
 Nvidia-smi: 1.4920654296875 GB
    Memory Allocated: 0.04157257080078125  GigaBytes
Max Memory Allocated: 0.13991022109985352  GigaBytes

torch.Size([15637, 500])
torch.Size([9775, 256])
torch.Size([3299, 256])
torch.Size([780, 256])
torch.Size([168, 256])
-----------------------------------------batch_pred = model(blocks, batch_inputs) 
 Nvidia-smi: 1.4959716796875 GB
    Memory Allocated: 0.09006404876708984  GigaBytes
Max Memory Allocated: 0.13991022109985352  GigaBytes

----------------------------------------before batch_pred = model(blocks, batch_inputs) 
 Nvidia-smi: 1.4959716796875 GB
    Memory Allocated: 0.042670249938964844  GigaBytes
Max Memory Allocated: 0.13991022109985352  GigaBytes

torch.Size([16170, 500])
torch.Size([10760, 256])
torch.Size([4010, 256])
torch.Size([777, 256])
torch.Size([109, 256])
-----------------------------------------batch_pred = model(blocks, batch_inputs) 
 Nvidia-smi: 1.4959716796875 GB
    Memory Allocated: 0.09773445129394531  GigaBytes
Max Memory Allocated: 0.13991022109985352  GigaBytes

----------------------------------------before batch_pred = model(blocks, batch_inputs) 
 Nvidia-smi: 1.4959716796875 GB
    Memory Allocated: 0.042363643646240234  GigaBytes
Max Memory Allocated: 0.13991022109985352  GigaBytes

torch.Size([16007, 500])
torch.Size([9886, 256])
torch.Size([5009, 256])
torch.Size([804, 256])
torch.Size([178, 256])
-----------------------------------------batch_pred = model(blocks, batch_inputs) 
 Nvidia-smi: 1.4959716796875 GB
    Memory Allocated: 0.09856700897216797  GigaBytes
Max Memory Allocated: 0.13991022109985352  GigaBytes

----------------------------------------before batch_pred = model(blocks, batch_inputs) 
 Nvidia-smi: 1.4959716796875 GB
    Memory Allocated: 0.04640007019042969  GigaBytes
Max Memory Allocated: 0.13991022109985352  GigaBytes

torch.Size([18043, 500])
torch.Size([13862, 256])
torch.Size([6820, 256])
torch.Size([1766, 256])
torch.Size([307, 256])
-----------------------------------------batch_pred = model(blocks, batch_inputs) 
 Nvidia-smi: 1.4959716796875 GB
    Memory Allocated: 0.1284317970275879  GigaBytes
Max Memory Allocated: 0.13991022109985352  GigaBytes

----------------------------------------before batch_pred = model(blocks, batch_inputs) 
 Nvidia-smi: 1.4959716796875 GB
    Memory Allocated: 0.03917360305786133  GigaBytes
Max Memory Allocated: 0.13991022109985352  GigaBytes

torch.Size([14345, 500])
torch.Size([8668, 256])
torch.Size([3517, 256])
torch.Size([890, 256])
torch.Size([99, 256])
-----------------------------------------batch_pred = model(blocks, batch_inputs) 
 Nvidia-smi: 1.4959716796875 GB
    Memory Allocated: 0.0852513313293457  GigaBytes
Max Memory Allocated: 0.13991022109985352  GigaBytes

----------------------------------------before batch_pred = model(blocks, batch_inputs) 
 Nvidia-smi: 1.4959716796875 GB
    Memory Allocated: 0.03940773010253906  GigaBytes
Max Memory Allocated: 0.13991022109985352  GigaBytes

torch.Size([14591, 500])
torch.Size([8016, 256])
torch.Size([2484, 256])
torch.Size([539, 256])
torch.Size([107, 256])
-----------------------------------------batch_pred = model(blocks, batch_inputs) 
 Nvidia-smi: 1.4959716796875 GB
    Memory Allocated: 0.07799434661865234  GigaBytes
Max Memory Allocated: 0.13991022109985352  GigaBytes

----------------------------------------before batch_pred = model(blocks, batch_inputs) 
 Nvidia-smi: 1.4959716796875 GB
    Memory Allocated: 0.03999757766723633  GigaBytes
Max Memory Allocated: 0.13991022109985352  GigaBytes

torch.Size([14855, 500])
torch.Size([7946, 256])
torch.Size([2818, 256])
torch.Size([382, 256])
torch.Size([89, 256])
-----------------------------------------batch_pred = model(blocks, batch_inputs) 
 Nvidia-smi: 1.4959716796875 GB
    Memory Allocated: 0.08015871047973633  GigaBytes
Max Memory Allocated: 0.13991022109985352  GigaBytes

----------------------------------------before batch_pred = model(blocks, batch_inputs) 
 Nvidia-smi: 1.4959716796875 GB
    Memory Allocated: 0.04387855529785156  GigaBytes
Max Memory Allocated: 0.13991022109985352  GigaBytes

torch.Size([16831, 500])
torch.Size([10364, 256])
torch.Size([4715, 256])
torch.Size([689, 256])
torch.Size([176, 256])
-----------------------------------------batch_pred = model(blocks, batch_inputs) 
 Nvidia-smi: 1.4959716796875 GB
    Memory Allocated: 0.10000371932983398  GigaBytes
Max Memory Allocated: 0.13991022109985352  GigaBytes

----------------------------------------before batch_pred = model(blocks, batch_inputs) 
 Nvidia-smi: 1.4959716796875 GB
    Memory Allocated: 0.0411829948425293  GigaBytes
Max Memory Allocated: 0.13991022109985352  GigaBytes

torch.Size([15493, 500])
torch.Size([8408, 256])
torch.Size([2856, 256])
torch.Size([574, 256])
torch.Size([139, 256])
-----------------------------------------batch_pred = model(blocks, batch_inputs) 
 Nvidia-smi: 1.4959716796875 GB
    Memory Allocated: 0.08332347869873047  GigaBytes
Max Memory Allocated: 0.13991022109985352  GigaBytes

----------------------------------------before batch_pred = model(blocks, batch_inputs) 
 Nvidia-smi: 1.4959716796875 GB
    Memory Allocated: 0.04661989212036133  GigaBytes
Max Memory Allocated: 0.13991022109985352  GigaBytes
Using backend: pytorch

torch.Size([18228, 500])
torch.Size([12799, 256])
torch.Size([7528, 256])
torch.Size([1403, 256])
torch.Size([339, 256])
-----------------------------------------batch_pred = model(blocks, batch_inputs) 
 Nvidia-smi: 1.4959716796875 GB
    Memory Allocated: 0.1257920265197754  GigaBytes
Max Memory Allocated: 0.13991022109985352  GigaBytes

----------------------------------------before batch_pred = model(blocks, batch_inputs) 
 Nvidia-smi: 1.4959716796875 GB
    Memory Allocated: 0.041203975677490234  GigaBytes
Max Memory Allocated: 0.13991022109985352  GigaBytes

torch.Size([15348, 500])
torch.Size([9106, 256])
torch.Size([5186, 256])
torch.Size([1408, 256])
torch.Size([301, 256])
-----------------------------------------batch_pred = model(blocks, batch_inputs) 
 Nvidia-smi: 1.4959716796875 GB
    Memory Allocated: 0.09909725189208984  GigaBytes
Max Memory Allocated: 0.13991022109985352  GigaBytes

----------------------------------------before batch_pred = model(blocks, batch_inputs) 
 Nvidia-smi: 1.4959716796875 GB
    Memory Allocated: 0.046482086181640625  GigaBytes
Max Memory Allocated: 0.13991022109985352  GigaBytes

torch.Size([18132, 500])
torch.Size([14138, 256])
torch.Size([6262, 256])
torch.Size([1724, 256])
torch.Size([265, 256])
-----------------------------------------batch_pred = model(blocks, batch_inputs) 
 Nvidia-smi: 1.4959716796875 GB
    Memory Allocated: 0.12635469436645508  GigaBytes
Max Memory Allocated: 0.13991022109985352  GigaBytes

times | data loading | block to device | model prediction | loss calculation | loss backward |  optimizer step |
      |0.01071791648864746 |0.003718137741088867 |0.00745693842569987 |0.00014112790425618488 |0.005026102066040039 |0.0064733028411865234 |
----------------------------------------------------------pseudo_mini_loss sum 2.466151714324951
Total (block generation + training)time/epoch 1.9850516319274902
Training time/epoch 0.4374396800994873
Training time without block to device /epoch 0.3816676139831543
Training time without total dataloading part /epoch 0.19583582878112793
load block tensor time/epoch 0.16076874732971191
block to device time/epoch 0.05577206611633301
input features size transfer per epoch 2.0116567611694336e-06
blocks size to device per epoch 1.7881393432617188e-06
 Run 0| Epoch 1 |
Number of nodes for computation during this epoch:  482071
Number of first layer input nodes during this epoch:  242555
