main start at this time 1648432180.9378312
-----------------------------------------before load data 
 Nvidia-smi: 0.1717529296875 GB
    Memory Allocated: 0.0  GigaBytes
Max Memory Allocated: 0.0  GigaBytes

  NumNodes: 2708
  NumEdges: 10556
  NumFeats: 1433
  NumClasses: 7
  NumTrainingSamples: 140
  NumValidationSamples: 500
  NumTestSamples: 1000
Done loading data from cached files.
success----------------------------------------
140
500
2068
# Nodes: 2708
# Edges: 10556
# Train: 140
# Val: 500
# Test: 2068
# Classes: 7

in feats:  1433
----------------------------------------before generate_dataloader_block 
 Nvidia-smi: 1.0369873046875 GB
    Memory Allocated: 0.0042285919189453125  GigaBytes
Max Memory Allocated: 0.0042285919189453125  GigaBytes

The real block id is  4
get_global_graph_edges_ids_block function  spend 0.0014526844024658203
random selection method range initialization spend 0.0002117156982421875
time for parepare:  6.437301635742188e-05
local_output_nid generation:  5.316734313964844e-05
local_in_edges_tensor generation:  0.0001914501190185547
mini_batch_src_global generation:  2.3603439331054688e-05
r_  generation:  0.0027141571044921875
local_output_nid generation:  6.198883056640625e-06
local_in_edges_tensor generation:  0.0001246929168701172
mini_batch_src_global generation:  2.3365020751953125e-05
r_  generation:  3.457069396972656e-05
local_output_nid generation:  5.4836273193359375e-06
local_in_edges_tensor generation:  9.584426879882812e-05
mini_batch_src_global generation:  1.5497207641601562e-05
r_  generation:  2.574920654296875e-05
local_output_nid generation:  5.245208740234375e-06
local_in_edges_tensor generation:  9.131431579589844e-05
mini_batch_src_global generation:  1.4781951904296875e-05
r_  generation:  2.7179718017578125e-05
local_output_nid generation:  4.76837158203125e-06
local_in_edges_tensor generation:  8.96453857421875e-05
mini_batch_src_global generation:  1.3828277587890625e-05
r_  generation:  1.9550323486328125e-05
local_output_nid generation:  4.5299530029296875e-06
local_in_edges_tensor generation:  8.821487426757812e-05
mini_batch_src_global generation:  1.3828277587890625e-05
r_  generation:  2.5987625122070312e-05
local_output_nid generation:  4.76837158203125e-06
local_in_edges_tensor generation:  8.869171142578125e-05
mini_batch_src_global generation:  1.430511474609375e-05
r_  generation:  2.0742416381835938e-05
local_output_nid generation:  4.0531158447265625e-06
local_in_edges_tensor generation:  8.869171142578125e-05
mini_batch_src_global generation:  1.4066696166992188e-05
r_  generation:  6.365776062011719e-05
local_output_nid generation:  3.5762786865234375e-06
local_in_edges_tensor generation:  9.274482727050781e-05
mini_batch_src_global generation:  1.52587890625e-05
r_  generation:  2.47955322265625e-05
local_output_nid generation:  4.0531158447265625e-06
local_in_edges_tensor generation:  8.821487426757812e-05
mini_batch_src_global generation:  1.4066696166992188e-05
r_  generation:  2.2411346435546875e-05
local_output_nid generation:  4.291534423828125e-06
local_in_edges_tensor generation:  8.821487426757812e-05
mini_batch_src_global generation:  1.4066696166992188e-05
r_  generation:  2.574920654296875e-05
local_output_nid generation:  4.0531158447265625e-06
local_in_edges_tensor generation:  8.916854858398438e-05
mini_batch_src_global generation:  1.4066696166992188e-05
r_  generation:  2.6464462280273438e-05
local_output_nid generation:  4.0531158447265625e-06
local_in_edges_tensor generation:  8.940696716308594e-05
mini_batch_src_global generation:  1.430511474609375e-05
r_  generation:  3.123283386230469e-05
local_output_nid generation:  4.0531158447265625e-06
local_in_edges_tensor generation:  8.797645568847656e-05
mini_batch_src_global generation:  1.3589859008789062e-05
r_  generation:  1.9788742065429688e-05
local_output_nid generation:  4.0531158447265625e-06
local_in_edges_tensor generation:  0.0001628398895263672
mini_batch_src_global generation:  1.7404556274414062e-05
r_  generation:  2.193450927734375e-05
local_output_nid generation:  4.0531158447265625e-06
local_in_edges_tensor generation:  0.000102996826171875
mini_batch_src_global generation:  1.430511474609375e-05
r_  generation:  1.5735626220703125e-05
----------------------check_connections_block total spend ----------------------------- 0.005842447280883789
generate_one_block  0.0014424324035644531
generate_one_block  0.001026153564453125
generate_one_block  0.0010275840759277344
generate_one_block  0.0010638236999511719
generate_one_block  0.0009970664978027344
generate_one_block  0.0010077953338623047
generate_one_block  0.0010457038879394531
generate_one_block  0.0010640621185302734
generate_one_block  0.000993490219116211
generate_one_block  0.0010213851928710938
generate_one_block  0.0010590553283691406
generate_one_block  0.0009918212890625
generate_one_block  0.0010020732879638672
generate_one_block  0.0010018348693847656
generate_one_block  0.0009894371032714844
generate_one_block  0.0009770393371582031
The real block id is  3
get_global_graph_edges_ids_block function  spend 0.0005934238433837891
gen group dst list time:  9.298324584960938e-05
time for parepare:  0.0001392364501953125
local_output_nid generation:  4.2438507080078125e-05
local_in_edges_tensor generation:  0.00018453598022460938
mini_batch_src_global generation:  4.673004150390625e-05
r_  generation:  0.00013065338134765625
local_output_nid generation:  7.867813110351562e-06
local_in_edges_tensor generation:  0.00011754035949707031
mini_batch_src_global generation:  2.7894973754882812e-05
r_  generation:  0.00013971328735351562
local_output_nid generation:  5.9604644775390625e-06
local_in_edges_tensor generation:  0.00010728836059570312
mini_batch_src_global generation:  2.3365020751953125e-05
r_  generation:  9.393692016601562e-05
local_output_nid generation:  6.9141387939453125e-06
local_in_edges_tensor generation:  0.00010848045349121094
mini_batch_src_global generation:  2.6702880859375e-05
r_  generation:  0.0001628398895263672
local_output_nid generation:  4.76837158203125e-06
local_in_edges_tensor generation:  0.00010228157043457031
mini_batch_src_global generation:  2.384185791015625e-05
r_  generation:  9.584426879882812e-05
local_output_nid generation:  5.9604644775390625e-06
local_in_edges_tensor generation:  0.00010228157043457031
mini_batch_src_global generation:  2.5510787963867188e-05
r_  generation:  0.00014352798461914062
local_output_nid generation:  5.0067901611328125e-06
local_in_edges_tensor generation:  0.00010037422180175781
mini_batch_src_global generation:  2.288818359375e-05
r_  generation:  9.655952453613281e-05
local_output_nid generation:  6.198883056640625e-06
local_in_edges_tensor generation:  0.00010156631469726562
mini_batch_src_global generation:  2.5033950805664062e-05
r_  generation:  0.0001418590545654297
local_output_nid generation:  5.9604644775390625e-06
local_in_edges_tensor generation:  0.00010037422180175781
mini_batch_src_global generation:  2.6702880859375e-05
r_  generation:  0.00014138221740722656
local_output_nid generation:  5.7220458984375e-06
local_in_edges_tensor generation:  0.00010180473327636719
mini_batch_src_global generation:  2.4080276489257812e-05
r_  generation:  0.00011563301086425781
local_output_nid generation:  5.9604644775390625e-06
local_in_edges_tensor generation:  0.00010132789611816406
mini_batch_src_global generation:  2.384185791015625e-05
r_  generation:  0.00012230873107910156
local_output_nid generation:  5.9604644775390625e-06
local_in_edges_tensor generation:  0.00010085105895996094
mini_batch_src_global generation:  2.6226043701171875e-05
r_  generation:  0.00014352798461914062
local_output_nid generation:  7.62939453125e-06
local_in_edges_tensor generation:  0.00010395050048828125
mini_batch_src_global generation:  2.8371810913085938e-05
r_  generation:  0.00019216537475585938
local_output_nid generation:  4.5299530029296875e-06
local_in_edges_tensor generation:  0.00010538101196289062
mini_batch_src_global generation:  2.3365020751953125e-05
r_  generation:  6.723403930664062e-05
local_output_nid generation:  4.291534423828125e-06
local_in_edges_tensor generation:  0.00010228157043457031
mini_batch_src_global generation:  2.765655517578125e-05
r_  generation:  8.344650268554688e-05
local_output_nid generation:  2.86102294921875e-06
local_in_edges_tensor generation:  0.00011348724365234375
mini_batch_src_global generation:  1.8835067749023438e-05
r_  generation:  5.269050598144531e-05
----------------------check_connections_block total spend ----------------------------- 0.005428791046142578
generate_one_block  0.001153707504272461
generate_one_block  0.0011296272277832031
generate_one_block  0.0011277198791503906
generate_one_block  0.001224517822265625
generate_one_block  0.0011277198791503906
generate_one_block  0.0012712478637695312
generate_one_block  0.001116037368774414
generate_one_block  0.001157999038696289
generate_one_block  0.0011637210845947266
generate_one_block  0.0011105537414550781
generate_one_block  0.001115560531616211
generate_one_block  0.0011665821075439453
generate_one_block  0.0011663436889648438
generate_one_block  0.0010690689086914062
generate_one_block  0.0010602474212646484
generate_one_block  0.0010349750518798828
The real block id is  2
get_global_graph_edges_ids_block function  spend 0.0006570816040039062
gen group dst list time:  0.00015735626220703125
time for parepare:  0.00021219253540039062
local_output_nid generation:  2.0265579223632812e-05
local_in_edges_tensor generation:  0.00022101402282714844
mini_batch_src_global generation:  5.888938903808594e-05
r_  generation:  0.0005154609680175781
local_output_nid generation:  1.9550323486328125e-05
local_in_edges_tensor generation:  0.00015234947204589844
mini_batch_src_global generation:  6.031990051269531e-05
r_  generation:  0.0003876686096191406
local_output_nid generation:  1.4543533325195312e-05
local_in_edges_tensor generation:  0.0001499652862548828
mini_batch_src_global generation:  4.601478576660156e-05
r_  generation:  0.00028896331787109375
local_output_nid generation:  2.8133392333984375e-05
local_in_edges_tensor generation:  0.00015115737915039062
mini_batch_src_global generation:  6.198883056640625e-05
r_  generation:  0.0005714893341064453
local_output_nid generation:  2.0742416381835938e-05
local_in_edges_tensor generation:  0.0001342296600341797
mini_batch_src_global generation:  5.7697296142578125e-05
r_  generation:  0.00037860870361328125
local_output_nid generation:  2.5033950805664062e-05
local_in_edges_tensor generation:  0.000141143798828125
mini_batch_src_global generation:  6.0558319091796875e-05
r_  generation:  0.00052642822265625
local_output_nid generation:  1.6927719116210938e-05
local_in_edges_tensor generation:  0.0001285076141357422
mini_batch_src_global generation:  5.435943603515625e-05
r_  generation:  0.00035953521728515625
local_output_nid generation:  2.4080276489257812e-05
local_in_edges_tensor generation:  0.0001392364501953125
mini_batch_src_global generation:  6.461143493652344e-05
r_  generation:  0.0005733966827392578
local_output_nid generation:  2.5987625122070312e-05
local_in_edges_tensor generation:  0.000148773193359375
mini_batch_src_global generation:  6.866455078125e-05
r_  generation:  0.0005311965942382812
local_output_nid generation:  1.7404556274414062e-05
local_in_edges_tensor generation:  0.00012969970703125
mini_batch_src_global generation:  5.650520324707031e-05
r_  generation:  0.0003857612609863281
local_output_nid generation:  1.6450881958007812e-05
local_in_edges_tensor generation:  0.00012564659118652344
mini_batch_src_global generation:  4.792213439941406e-05
r_  generation:  0.00033974647521972656
local_output_nid generation:  2.09808349609375e-05
local_in_edges_tensor generation:  0.00013256072998046875
mini_batch_src_global generation:  5.8650970458984375e-05
r_  generation:  0.0005042552947998047
local_output_nid generation:  2.2172927856445312e-05
local_in_edges_tensor generation:  0.0001437664031982422
mini_batch_src_global generation:  8.440017700195312e-05
r_  generation:  0.0005571842193603516
local_output_nid generation:  9.059906005859375e-06
local_in_edges_tensor generation:  0.0001220703125
mini_batch_src_global generation:  4.1961669921875e-05
r_  generation:  0.00019073486328125
local_output_nid generation:  1.3113021850585938e-05
local_in_edges_tensor generation:  0.00011730194091796875
mini_batch_src_global generation:  3.790855407714844e-05
r_  generation:  0.0002760887145996094
local_output_nid generation:  8.344650268554688e-06
local_in_edges_tensor generation:  0.00010919570922851562
mini_batch_src_global generation:  3.123283386230469e-05
r_  generation:  0.00014543533325195312
----------------------check_connections_block total spend ----------------------------- 0.012184619903564453
generate_one_block  0.0015821456909179688
generate_one_block  0.0015034675598144531
generate_one_block  0.0013089179992675781
generate_one_block  0.001878499984741211
generate_one_block  0.0014414787292480469
generate_one_block  0.001580953598022461
generate_one_block  0.0014312267303466797
generate_one_block  0.0016009807586669922
generate_one_block  0.0016126632690429688
generate_one_block  0.0014336109161376953
generate_one_block  0.001374959945678711
generate_one_block  0.0016291141510009766
generate_one_block  0.0015854835510253906
generate_one_block  0.0011839866638183594
generate_one_block  0.0013060569763183594
generate_one_block  0.00116729736328125
The real block id is  1
get_global_graph_edges_ids_block function  spend 0.0007605552673339844
gen group dst list time:  0.0002465248107910156
time for parepare:  0.00017976760864257812
local_output_nid generation:  5.626678466796875e-05
local_in_edges_tensor generation:  0.0003368854522705078
mini_batch_src_global generation:  0.00013327598571777344
r_  generation:  0.0013899803161621094
local_output_nid generation:  5.1021575927734375e-05
local_in_edges_tensor generation:  0.00019216537475585938
mini_batch_src_global generation:  0.00012063980102539062
r_  generation:  0.001062631607055664
local_output_nid generation:  3.9577484130859375e-05
local_in_edges_tensor generation:  0.0001811981201171875
mini_batch_src_global generation:  9.1552734375e-05
r_  generation:  0.0007433891296386719
local_output_nid generation:  6.103515625e-05
local_in_edges_tensor generation:  0.00019598007202148438
mini_batch_src_global generation:  0.00012063980102539062
r_  generation:  0.0013022422790527344
local_output_nid generation:  5.5789947509765625e-05
local_in_edges_tensor generation:  0.0001938343048095703
mini_batch_src_global generation:  0.00011944770812988281
r_  generation:  0.0010764598846435547
local_output_nid generation:  6.246566772460938e-05
local_in_edges_tensor generation:  0.0001957416534423828
mini_batch_src_global generation:  0.00012540817260742188
r_  generation:  0.0012717247009277344
local_output_nid generation:  5.435943603515625e-05
local_in_edges_tensor generation:  0.00021767616271972656
mini_batch_src_global generation:  0.00012564659118652344
r_  generation:  0.0011823177337646484
local_output_nid generation:  5.841255187988281e-05
local_in_edges_tensor generation:  0.00019049644470214844
mini_batch_src_global generation:  0.0001239776611328125
r_  generation:  0.001241922378540039
local_output_nid generation:  6.508827209472656e-05
local_in_edges_tensor generation:  0.00019860267639160156
mini_batch_src_global generation:  0.00016760826110839844
r_  generation:  0.0013790130615234375
local_output_nid generation:  5.316734313964844e-05
local_in_edges_tensor generation:  0.00018262863159179688
mini_batch_src_global generation:  0.00011563301086425781
r_  generation:  0.0010340213775634766
local_output_nid generation:  4.100799560546875e-05
local_in_edges_tensor generation:  0.0001666545867919922
mini_batch_src_global generation:  9.465217590332031e-05
r_  generation:  0.0008206367492675781
local_output_nid generation:  5.650520324707031e-05
local_in_edges_tensor generation:  0.00019168853759765625
mini_batch_src_global generation:  0.00011563301086425781
r_  generation:  0.0012292861938476562
local_output_nid generation:  6.031990051269531e-05
local_in_edges_tensor generation:  0.000194549560546875
mini_batch_src_global generation:  0.000125885009765625
r_  generation:  0.0012483596801757812
local_output_nid generation:  2.9087066650390625e-05
local_in_edges_tensor generation:  0.000152587890625
mini_batch_src_global generation:  8.487701416015625e-05
r_  generation:  0.00054931640625
local_output_nid generation:  3.814697265625e-05
local_in_edges_tensor generation:  0.00015997886657714844
mini_batch_src_global generation:  8.296966552734375e-05
r_  generation:  0.0007615089416503906
local_output_nid generation:  2.574920654296875e-05
local_in_edges_tensor generation:  0.00014328956604003906
mini_batch_src_global generation:  7.05718994140625e-05
r_  generation:  0.0005218982696533203
----------------------check_connections_block total spend ----------------------------- 0.02706456184387207
generate_one_block  0.002661466598510742
generate_one_block  0.0021936893463134766
generate_one_block  0.0018541812896728516
generate_one_block  0.002452850341796875
generate_one_block  0.0026040077209472656
generate_one_block  0.0024192333221435547
generate_one_block  0.0023088455200195312
generate_one_block  0.002556324005126953
generate_one_block  0.002502918243408203
generate_one_block  0.002161264419555664
generate_one_block  0.0018966197967529297
generate_one_block  0.002401113510131836
generate_one_block  0.0023758411407470703
generate_one_block  0.0015702247619628906
generate_one_block  0.001834869384765625
generate_one_block  0.0015575885772705078
The real block id is  0
get_global_graph_edges_ids_block function  spend 0.0007662773132324219
gen group dst list time:  0.0006356239318847656
time for parepare:  0.00019073486328125
local_output_nid generation:  0.00010466575622558594
local_in_edges_tensor generation:  0.00042128562927246094
mini_batch_src_global generation:  0.00020122528076171875
r_  generation:  0.002318859100341797
local_output_nid generation:  9.775161743164062e-05
local_in_edges_tensor generation:  0.0002548694610595703
mini_batch_src_global generation:  0.0001862049102783203
r_  generation:  0.001987457275390625
local_output_nid generation:  7.557868957519531e-05
local_in_edges_tensor generation:  0.00021648406982421875
mini_batch_src_global generation:  0.00014138221740722656
r_  generation:  0.0014531612396240234
local_output_nid generation:  0.00011014938354492188
local_in_edges_tensor generation:  0.0002732276916503906
mini_batch_src_global generation:  0.0001823902130126953
r_  generation:  0.0020551681518554688
local_output_nid generation:  0.00010418891906738281
local_in_edges_tensor generation:  0.0002532005310058594
mini_batch_src_global generation:  0.00017952919006347656
r_  generation:  0.00199127197265625
local_output_nid generation:  0.00011444091796875
local_in_edges_tensor generation:  0.0002715587615966797
mini_batch_src_global generation:  0.00019240379333496094
r_  generation:  0.002257108688354492
local_output_nid generation:  0.00010561943054199219
local_in_edges_tensor generation:  0.00026226043701171875
mini_batch_src_global generation:  0.00018906593322753906
r_  generation:  0.002125263214111328
local_output_nid generation:  0.00011038780212402344
local_in_edges_tensor generation:  0.00027632713317871094
mini_batch_src_global generation:  0.00018525123596191406
r_  generation:  0.002022266387939453
local_output_nid generation:  0.00012373924255371094
local_in_edges_tensor generation:  0.00027441978454589844
mini_batch_src_global generation:  0.00019621849060058594
r_  generation:  0.0022122859954833984
local_output_nid generation:  9.965896606445312e-05
local_in_edges_tensor generation:  0.00024700164794921875
mini_batch_src_global generation:  0.00017571449279785156
r_  generation:  0.0018498897552490234
local_output_nid generation:  8.416175842285156e-05
local_in_edges_tensor generation:  0.00022530555725097656
mini_batch_src_global generation:  0.00015854835510253906
r_  generation:  0.0016200542449951172
local_output_nid generation:  0.00011301040649414062
local_in_edges_tensor generation:  0.00026345252990722656
mini_batch_src_global generation:  0.00018310546875
r_  generation:  0.002109050750732422
local_output_nid generation:  0.00011444091796875
local_in_edges_tensor generation:  0.00027489662170410156
mini_batch_src_global generation:  0.00019502639770507812
r_  generation:  0.0021584033966064453
local_output_nid generation:  6.628036499023438e-05
local_in_edges_tensor generation:  0.00019979476928710938
mini_batch_src_global generation:  0.0001392364501953125
r_  generation:  0.001249551773071289
local_output_nid generation:  8.082389831542969e-05
local_in_edges_tensor generation:  0.0002200603485107422
mini_batch_src_global generation:  0.00014257431030273438
r_  generation:  0.0015058517456054688
local_output_nid generation:  6.508827209472656e-05
local_in_edges_tensor generation:  0.00019550323486328125
mini_batch_src_global generation:  0.00012636184692382812
r_  generation:  0.0011894702911376953
----------------------check_connections_block total spend ----------------------------- 0.045915842056274414
generate_one_block  0.004363059997558594
generate_one_block  0.003102540969848633
generate_one_block  0.002572774887084961
generate_one_block  0.0035660266876220703
generate_one_block  0.003155946731567383
generate_one_block  0.003448486328125
generate_one_block  0.003374338150024414
generate_one_block  0.003281831741333008
generate_one_block  0.004221916198730469
generate_one_block  0.003034353256225586
generate_one_block  0.0027976036071777344
generate_one_block  0.0033104419708251953
generate_one_block  0.003424406051635742
generate_one_block  0.002402782440185547
generate_one_block  0.0026788711547851562
generate_one_block  0.0023119449615478516
-----------------------------------------after block dataloader generation 
 Nvidia-smi: 1.0369873046875 GB
    Memory Allocated: 0.0042285919189453125  GigaBytes
Max Memory Allocated: 0.0042285919189453125  GigaBytes

connection checking time:  0.09059381484985352
block generation total time  0.12821483612060547
average batch blocks generation time:  0.008013427257537842
----------------------------------------before batch_pred = model(blocks, batch_inputs) 
 Nvidia-smi: 1.1014404296875 GB
    Memory Allocated: 0.015798568725585938  GigaBytes
Max Memory Allocated: 0.015798568725585938  GigaBytes

torch.Size([2147, 1433])
torch.Size([1676, 256])
torch.Size([879, 256])
torch.Size([256, 256])
-----------------------------------------batch_pred = model(blocks, batch_inputs) 
 Nvidia-smi: 1.2889404296875 GB
    Memory Allocated: 0.026470184326171875  GigaBytes
Max Memory Allocated: 0.026513099670410156  GigaBytes

----------------------------------------before batch_pred = model(blocks, batch_inputs) 
 Nvidia-smi: 1.2947998046875 GB
    Memory Allocated: 0.019405841827392578  GigaBytes
Max Memory Allocated: 0.03078317642211914  GigaBytes

torch.Size([1993, 1433])
torch.Size([1318, 256])
torch.Size([633, 256])
torch.Size([207, 256])
-----------------------------------------batch_pred = model(blocks, batch_inputs) 
 Nvidia-smi: 1.2947998046875 GB
    Memory Allocated: 0.027271747589111328  GigaBytes
Max Memory Allocated: 0.03078317642211914  GigaBytes

----------------------------------------before batch_pred = model(blocks, batch_inputs) 
 Nvidia-smi: 1.2947998046875 GB
    Memory Allocated: 0.017636775970458984  GigaBytes
Max Memory Allocated: 0.03078317642211914  GigaBytes

torch.Size([1605, 1433])
torch.Size([980, 256])
torch.Size([461, 256])
torch.Size([147, 256])
-----------------------------------------batch_pred = model(blocks, batch_inputs) 
 Nvidia-smi: 1.2947998046875 GB
    Memory Allocated: 0.023404598236083984  GigaBytes
Max Memory Allocated: 0.03078317642211914  GigaBytes

----------------------------------------before batch_pred = model(blocks, batch_inputs) 
 Nvidia-smi: 1.2967529296875 GB
    Memory Allocated: 0.020245075225830078  GigaBytes
Max Memory Allocated: 0.03078317642211914  GigaBytes

torch.Size([2024, 1433])
torch.Size([1482, 256])
torch.Size([799, 256])
torch.Size([304, 256])
-----------------------------------------batch_pred = model(blocks, batch_inputs) 
 Nvidia-smi: 1.2967529296875 GB
    Memory Allocated: 0.030647754669189453  GigaBytes
Max Memory Allocated: 0.03078317642211914  GigaBytes

----------------------------------------before batch_pred = model(blocks, batch_inputs) 
 Nvidia-smi: 1.2967529296875 GB
    Memory Allocated: 0.019695758819580078  GigaBytes
Max Memory Allocated: 0.031071186065673828  GigaBytes

torch.Size([2047, 1433])
torch.Size([1402, 256])
torch.Size([669, 256])
torch.Size([229, 256])
-----------------------------------------batch_pred = model(blocks, batch_inputs) 
 Nvidia-smi: 1.2967529296875 GB
    Memory Allocated: 0.027930259704589844  GigaBytes
Max Memory Allocated: 0.031071186065673828  GigaBytes

----------------------------------------before batch_pred = model(blocks, batch_inputs) 
 Nvidia-smi: 1.2967529296875 GB
    Memory Allocated: 0.020246028900146484  GigaBytes
Max Memory Allocated: 0.031071186065673828  GigaBytes

torch.Size([2094, 1433])
torch.Size([1585, 256])
torch.Size([806, 256])
torch.Size([313, 256])
-----------------------------------------batch_pred = model(blocks, batch_inputs) 
 Nvidia-smi: 1.2967529296875 GB
    Memory Allocated: 0.030900001525878906  GigaBytes
Max Memory Allocated: 0.031071186065673828  GigaBytes

----------------------------------------before batch_pred = model(blocks, batch_inputs) 
 Nvidia-smi: 1.2967529296875 GB
    Memory Allocated: 0.019738197326660156  GigaBytes
Max Memory Allocated: 0.03129005432128906  GigaBytes

torch.Size([2054, 1433])
torch.Size([1485, 256])
torch.Size([692, 256])
torch.Size([200, 256])
-----------------------------------------batch_pred = model(blocks, batch_inputs) 
 Nvidia-smi: 1.2967529296875 GB
    Memory Allocated: 0.02918243408203125  GigaBytes
Max Memory Allocated: 0.03129005432128906  GigaBytes

----------------------------------------before batch_pred = model(blocks, batch_inputs) 
 Nvidia-smi: 1.2967529296875 GB
    Memory Allocated: 0.02024221420288086  GigaBytes
Max Memory Allocated: 0.03129005432128906  GigaBytes

torch.Size([2002, 1433])
torch.Size([1476, 256])
torch.Size([777, 256])
torch.Size([300, 256])
-----------------------------------------batch_pred = model(blocks, batch_inputs) 
 Nvidia-smi: 1.2967529296875 GB
    Memory Allocated: 0.030478954315185547  GigaBytes
Max Memory Allocated: 0.03129005432128906  GigaBytes

----------------------------------------before batch_pred = model(blocks, batch_inputs) 
 Nvidia-smi: 1.2967529296875 GB
    Memory Allocated: 0.019997119903564453  GigaBytes
Max Memory Allocated: 0.031354427337646484  GigaBytes

torch.Size([2100, 1433])
torch.Size([1611, 256])
torch.Size([853, 256])
torch.Size([314, 256])
-----------------------------------------batch_pred = model(blocks, batch_inputs) 
 Nvidia-smi: 1.2967529296875 GB
    Memory Allocated: 0.03089141845703125  GigaBytes
Max Memory Allocated: 0.031354427337646484  GigaBytes

----------------------------------------before batch_pred = model(blocks, batch_inputs) 
 Nvidia-smi: 1.2967529296875 GB
    Memory Allocated: 0.01911640167236328  GigaBytes
Max Memory Allocated: 0.031354427337646484  GigaBytes

torch.Size([1939, 1433])
torch.Size([1321, 256])
torch.Size([666, 256])
torch.Size([206, 256])
-----------------------------------------batch_pred = model(blocks, batch_inputs) 
 Nvidia-smi: 1.2967529296875 GB
    Memory Allocated: 0.02706003189086914  GigaBytes
Max Memory Allocated: 0.031354427337646484  GigaBytes

----------------------------------------before batch_pred = model(blocks, batch_inputs) 
 Nvidia-smi: 1.2967529296875 GB
    Memory Allocated: 0.018053531646728516  GigaBytes
Max Memory Allocated: 0.031354427337646484  GigaBytes

torch.Size([1742, 1433])
torch.Size([1099, 256])
torch.Size([507, 256])
torch.Size([186, 256])
-----------------------------------------batch_pred = model(blocks, batch_inputs) 
 Nvidia-smi: 1.2967529296875 GB
    Memory Allocated: 0.024600982666015625  GigaBytes
Max Memory Allocated: 0.031354427337646484  GigaBytes

----------------------------------------before batch_pred = model(blocks, batch_inputs) 
 Nvidia-smi: 1.2967529296875 GB
    Memory Allocated: 0.020243167877197266  GigaBytes
Max Memory Allocated: 0.031354427337646484  GigaBytes

torch.Size([2098, 1433])
torch.Size([1521, 256])
torch.Size([782, 256])
torch.Size([267, 256])
-----------------------------------------batch_pred = model(blocks, batch_inputs) 
 Nvidia-smi: 1.2967529296875 GB
    Memory Allocated: 0.030480384826660156  GigaBytes
Max Memory Allocated: 0.031354427337646484  GigaBytes

----------------------------------------before batch_pred = model(blocks, batch_inputs) 
 Nvidia-smi: 1.2967529296875 GB
    Memory Allocated: 0.02022266387939453  GigaBytes
Max Memory Allocated: 0.03158378601074219  GigaBytes

torch.Size([2143, 1433])
torch.Size([1550, 256])
torch.Size([797, 256])
torch.Size([264, 256])
-----------------------------------------batch_pred = model(blocks, batch_inputs) 
 Nvidia-smi: 1.2967529296875 GB
    Memory Allocated: 0.030661582946777344  GigaBytes
Max Memory Allocated: 0.03158378601074219  GigaBytes

----------------------------------------before batch_pred = model(blocks, batch_inputs) 
 Nvidia-smi: 1.2967529296875 GB
    Memory Allocated: 0.016861438751220703  GigaBytes
Max Memory Allocated: 0.03158378601074219  GigaBytes

torch.Size([1523, 1433])
torch.Size([814, 256])
torch.Size([327, 256])
torch.Size([87, 256])
-----------------------------------------batch_pred = model(blocks, batch_inputs) 
 Nvidia-smi: 1.2967529296875 GB
    Memory Allocated: 0.021275043487548828  GigaBytes
Max Memory Allocated: 0.03158378601074219  GigaBytes

----------------------------------------before batch_pred = model(blocks, batch_inputs) 
 Nvidia-smi: 1.2967529296875 GB
    Memory Allocated: 0.017763614654541016  GigaBytes
Max Memory Allocated: 0.03158378601074219  GigaBytes

torch.Size([1689, 1433])
torch.Size([1037, 256])
torch.Size([457, 256])
torch.Size([140, 256])
-----------------------------------------batch_pred = model(blocks, batch_inputs) 
 Nvidia-smi: 1.2967529296875 GB
    Memory Allocated: 0.023613929748535156  GigaBytes
Max Memory Allocated: 0.03158378601074219  GigaBytes

----------------------------------------before batch_pred = model(blocks, batch_inputs) 
 Nvidia-smi: 1.2967529296875 GB
    Memory Allocated: 0.016001224517822266  GigaBytes
Max Memory Allocated: 0.03158378601074219  GigaBytes

torch.Size([1362, 1433])
torch.Size([794, 256])
torch.Size([298, 256])
torch.Size([81, 256])
-----------------------------------------batch_pred = model(blocks, batch_inputs) 
 Nvidia-smi: 1.2967529296875 GB
    Memory Allocated: 0.020144939422607422  GigaBytes
Max Memory Allocated: 0.03158378601074219  GigaBytes

times | data loading | block to device | model prediction | loss calculation | loss backward |  optimizer step |
      |0.006037533283233643 |0.022169724106788635 |0.05386459827423096 |0.00013040006160736084 |0.00452423095703125 |0.002871274948120117 |
----------------------------------------------------------pseudo_mini_loss sum 3.8672118186950684
 Run 0| Epoch 0 |
Number of nodes for computation during this epoch:  66379
Number of first layer input nodes during this epoch:  30562
----------------------------------------before generate_dataloader_block 
 Nvidia-smi: 1.2967529296875 GB
    Memory Allocated: 0.025063514709472656  GigaBytes
Max Memory Allocated: 0.03158378601074219  GigaBytes

The real block id is  4
get_global_graph_edges_ids_block function  spend 0.0005502700805664062
random selection method range initialization spend 0.0001246929168701172
time for parepare:  8.344650268554688e-05
local_output_nid generation:  6.9141387939453125e-06
local_in_edges_tensor generation:  0.0001804828643798828
mini_batch_src_global generation:  2.4318695068359375e-05
r_  generation:  4.57763671875e-05
local_output_nid generation:  4.76837158203125e-06
local_in_edges_tensor generation:  0.00011897087097167969
mini_batch_src_global generation:  1.8835067749023438e-05
r_  generation:  3.0279159545898438e-05
local_output_nid generation:  5.4836273193359375e-06
local_in_edges_tensor generation:  0.00011110305786132812
mini_batch_src_global generation:  1.7881393432617188e-05
r_  generation:  3.337860107421875e-05
local_output_nid generation:  5.9604644775390625e-06
local_in_edges_tensor generation:  0.00011467933654785156
mini_batch_src_global generation:  1.3828277587890625e-05
r_  generation:  1.6927719116210938e-05
local_output_nid generation:  4.5299530029296875e-06
local_in_edges_tensor generation:  8.916854858398438e-05
mini_batch_src_global generation:  1.5974044799804688e-05
r_  generation:  5.0067901611328125e-05
local_output_nid generation:  3.5762786865234375e-06
local_in_edges_tensor generation:  0.000102996826171875
mini_batch_src_global generation:  1.5735626220703125e-05
r_  generation:  2.5272369384765625e-05
local_output_nid generation:  5.0067901611328125e-06
local_in_edges_tensor generation:  9.059906005859375e-05
mini_batch_src_global generation:  1.4781951904296875e-05
r_  generation:  2.0503997802734375e-05
local_output_nid generation:  5.0067901611328125e-06
local_in_edges_tensor generation:  8.940696716308594e-05
mini_batch_src_global generation:  1.4066696166992188e-05
r_  generation:  2.765655517578125e-05
local_output_nid generation:  4.0531158447265625e-06
local_in_edges_tensor generation:  8.821487426757812e-05
mini_batch_src_global generation:  1.4066696166992188e-05
r_  generation:  2.1696090698242188e-05
local_output_nid generation:  4.291534423828125e-06
local_in_edges_tensor generation:  8.821487426757812e-05
mini_batch_src_global generation:  1.4066696166992188e-05
r_  generation:  2.86102294921875e-05
local_output_nid generation:  4.291534423828125e-06
local_in_edges_tensor generation:  8.845329284667969e-05
mini_batch_src_global generation:  1.4781951904296875e-05
r_  generation:  2.4318695068359375e-05
local_output_nid generation:  4.0531158447265625e-06
local_in_edges_tensor generation:  8.702278137207031e-05
mini_batch_src_global generation:  1.3589859008789062e-05
r_  generation:  2.2411346435546875e-05
local_output_nid generation:  4.0531158447265625e-06
local_in_edges_tensor generation:  8.726119995117188e-05
mini_batch_src_global generation:  1.33514404296875e-05
r_  generation:  1.8835067749023438e-05
local_output_nid generation:  4.0531158447265625e-06
local_in_edges_tensor generation:  8.749961853027344e-05
mini_batch_src_global generation:  1.3828277587890625e-05
r_  generation:  2.1219253540039062e-05
local_output_nid generation:  4.0531158447265625e-06
local_in_edges_tensor generation:  8.726119995117188e-05
mini_batch_src_global generation:  1.3113021850585938e-05
r_  generation:  1.9550323486328125e-05
local_output_nid generation:  3.337860107421875e-06
local_in_edges_tensor generation:  8.702278137207031e-05
mini_batch_src_global generation:  1.3828277587890625e-05
r_  generation:  2.0742416381835938e-05
----------------------check_connections_block total spend ----------------------------- 0.003080606460571289
generate_one_block  0.001129150390625
generate_one_block  0.0012612342834472656
generate_one_block  0.0009965896606445312
generate_one_block  0.0009875297546386719
generate_one_block  0.0010161399841308594
generate_one_block  0.0009922981262207031
generate_one_block  0.0009918212890625
generate_one_block  0.001001119613647461
generate_one_block  0.0009829998016357422
generate_one_block  0.0009987354278564453
generate_one_block  0.0009906291961669922
generate_one_block  0.0009930133819580078
generate_one_block  0.0009806156158447266
generate_one_block  0.0009853839874267578
generate_one_block  0.0009968280792236328
generate_one_block  0.0010449886322021484
The real block id is  3
get_global_graph_edges_ids_block function  spend 0.0006105899810791016
gen group dst list time:  8.96453857421875e-05
time for parepare:  0.00015473365783691406
local_output_nid generation:  5.7220458984375e-06
local_in_edges_tensor generation:  0.00019407272338867188
mini_batch_src_global generation:  2.7894973754882812e-05
r_  generation:  9.393692016601562e-05
local_output_nid generation:  6.198883056640625e-06
local_in_edges_tensor generation:  0.00011444091796875
mini_batch_src_global generation:  3.170967102050781e-05
r_  generation:  0.0001285076141357422
local_output_nid generation:  6.67572021484375e-06
local_in_edges_tensor generation:  0.00011038780212402344
mini_batch_src_global generation:  2.6702880859375e-05
r_  generation:  0.0001251697540283203
local_output_nid generation:  4.5299530029296875e-06
local_in_edges_tensor generation:  0.00010538101196289062
mini_batch_src_global generation:  2.5033950805664062e-05
r_  generation:  8.702278137207031e-05
local_output_nid generation:  1.049041748046875e-05
local_in_edges_tensor generation:  0.0001163482666015625
mini_batch_src_global generation:  3.457069396972656e-05
r_  generation:  0.0002510547637939453
local_output_nid generation:  5.7220458984375e-06
local_in_edges_tensor generation:  0.00011539459228515625
mini_batch_src_global generation:  3.1948089599609375e-05
r_  generation:  0.00013828277587890625
local_output_nid generation:  4.76837158203125e-06
local_in_edges_tensor generation:  0.00010824203491210938
mini_batch_src_global generation:  2.5987625122070312e-05
r_  generation:  0.00011610984802246094
local_output_nid generation:  5.9604644775390625e-06
local_in_edges_tensor generation:  0.00010657310485839844
mini_batch_src_global generation:  2.5033950805664062e-05
r_  generation:  0.00011205673217773438
local_output_nid generation:  5.0067901611328125e-06
local_in_edges_tensor generation:  0.00010418891906738281
mini_batch_src_global generation:  2.3603439331054688e-05
r_  generation:  0.00010967254638671875
local_output_nid generation:  7.62939453125e-06
local_in_edges_tensor generation:  0.00010919570922851562
mini_batch_src_global generation:  2.86102294921875e-05
r_  generation:  0.00015974044799804688
local_output_nid generation:  5.7220458984375e-06
local_in_edges_tensor generation:  0.00010848045349121094
mini_batch_src_global generation:  2.9802322387695312e-05
r_  generation:  0.00015592575073242188
local_output_nid generation:  5.0067901611328125e-06
local_in_edges_tensor generation:  0.00010657310485839844
mini_batch_src_global generation:  2.7418136596679688e-05
r_  generation:  0.00012683868408203125
local_output_nid generation:  4.76837158203125e-06
local_in_edges_tensor generation:  0.00010395050048828125
mini_batch_src_global generation:  2.3126602172851562e-05
r_  generation:  8.845329284667969e-05
local_output_nid generation:  5.0067901611328125e-06
local_in_edges_tensor generation:  0.00010371208190917969
mini_batch_src_global generation:  2.1457672119140625e-05
r_  generation:  8.463859558105469e-05
local_output_nid generation:  5.0067901611328125e-06
local_in_edges_tensor generation:  0.00010228157043457031
mini_batch_src_global generation:  2.288818359375e-05
r_  generation:  0.00010538101196289062
local_output_nid generation:  5.245208740234375e-06
local_in_edges_tensor generation:  0.00010418891906738281
mini_batch_src_global generation:  2.4318695068359375e-05
r_  generation:  0.00011324882507324219
----------------------check_connections_block total spend ----------------------------- 0.005445957183837891
generate_one_block  0.0010902881622314453
generate_one_block  0.0011322498321533203
generate_one_block  0.0011110305786132812
generate_one_block  0.0010807514190673828
generate_one_block  0.0012793540954589844
generate_one_block  0.0011508464813232422
generate_one_block  0.0011241436004638672
generate_one_block  0.0011074542999267578
generate_one_block  0.001108407974243164
generate_one_block  0.0011563301086425781
generate_one_block  0.0011234283447265625
generate_one_block  0.0011458396911621094
generate_one_block  0.0010294914245605469
generate_one_block  0.0010340213775634766
generate_one_block  0.0010519027709960938
generate_one_block  0.0010645389556884766
The real block id is  2
get_global_graph_edges_ids_block function  spend 0.0006809234619140625
gen group dst list time:  0.00013947486877441406
time for parepare:  0.0002110004425048828
local_output_nid generation:  1.2159347534179688e-05
local_in_edges_tensor generation:  0.0002446174621582031
mini_batch_src_global generation:  4.410743713378906e-05
r_  generation:  0.0002579689025878906
local_output_nid generation:  2.6702880859375e-05
local_in_edges_tensor generation:  0.0001480579376220703
mini_batch_src_global generation:  6.937980651855469e-05
r_  generation:  0.0004761219024658203
local_output_nid generation:  2.0503997802734375e-05
local_in_edges_tensor generation:  0.00014019012451171875
mini_batch_src_global generation:  6.0558319091796875e-05
r_  generation:  0.0004565715789794922
local_output_nid generation:  1.9311904907226562e-05
local_in_edges_tensor generation:  0.00014472007751464844
mini_batch_src_global generation:  4.982948303222656e-05
r_  generation:  0.00033664703369140625
local_output_nid generation:  3.409385681152344e-05
local_in_edges_tensor generation:  0.00015997886657714844
mini_batch_src_global generation:  8.320808410644531e-05
r_  generation:  0.0007853507995605469
local_output_nid generation:  2.6226043701171875e-05
local_in_edges_tensor generation:  0.0001533031463623047
mini_batch_src_global generation:  7.367134094238281e-05
r_  generation:  0.0005779266357421875
local_output_nid generation:  2.0265579223632812e-05
local_in_edges_tensor generation:  0.0001404285430908203
mini_batch_src_global generation:  5.984306335449219e-05
r_  generation:  0.0004379749298095703
local_output_nid generation:  2.1219253540039062e-05
local_in_edges_tensor generation:  0.00013685226440429688
mini_batch_src_global generation:  5.3882598876953125e-05
r_  generation:  0.0004127025604248047
local_output_nid generation:  2.2172927856445312e-05
local_in_edges_tensor generation:  0.00013947486877441406
mini_batch_src_global generation:  5.435943603515625e-05
r_  generation:  0.00043463706970214844
local_output_nid generation:  2.4318695068359375e-05
local_in_edges_tensor generation:  0.00014472007751464844
mini_batch_src_global generation:  6.818771362304688e-05
r_  generation:  0.0005862712860107422
local_output_nid generation:  2.956390380859375e-05
local_in_edges_tensor generation:  0.00015044212341308594
mini_batch_src_global generation:  7.319450378417969e-05
r_  generation:  0.0006213188171386719
local_output_nid generation:  2.09808349609375e-05
local_in_edges_tensor generation:  0.00014090538024902344
mini_batch_src_global generation:  6.031990051269531e-05
r_  generation:  0.0004355907440185547
local_output_nid generation:  1.4781951904296875e-05
local_in_edges_tensor generation:  0.00012946128845214844
mini_batch_src_global generation:  4.935264587402344e-05
r_  generation:  0.0003387928009033203
local_output_nid generation:  1.4543533325195312e-05
local_in_edges_tensor generation:  0.0001266002655029297
mini_batch_src_global generation:  4.3392181396484375e-05
r_  generation:  0.0003082752227783203
local_output_nid generation:  1.9550323486328125e-05
local_in_edges_tensor generation:  0.00013494491577148438
mini_batch_src_global generation:  4.887580871582031e-05
r_  generation:  0.0003886222839355469
local_output_nid generation:  1.7642974853515625e-05
local_in_edges_tensor generation:  0.00013375282287597656
mini_batch_src_global generation:  5.3882598876953125e-05
r_  generation:  0.0004138946533203125
----------------------check_connections_block total spend ----------------------------- 0.013349056243896484
generate_one_block  0.0013153553009033203
generate_one_block  0.001552581787109375
generate_one_block  0.001478433609008789
generate_one_block  0.0013279914855957031
generate_one_block  0.0019185543060302734
generate_one_block  0.0015804767608642578
generate_one_block  0.0014982223510742188
generate_one_block  0.0018715858459472656
generate_one_block  0.0014278888702392578
generate_one_block  0.0015838146209716797
generate_one_block  0.0016582012176513672
generate_one_block  0.0014014244079589844
generate_one_block  0.0013146400451660156
generate_one_block  0.0012810230255126953
generate_one_block  0.0013761520385742188
generate_one_block  0.001394033432006836
The real block id is  1
get_global_graph_edges_ids_block function  spend 0.0007531642913818359
gen group dst list time:  0.0003192424774169922
time for parepare:  0.00019979476928710938
local_output_nid generation:  3.4332275390625e-05
local_in_edges_tensor generation:  0.0002799034118652344
mini_batch_src_global generation:  0.00010180473327636719
r_  generation:  0.00072479248046875
local_output_nid generation:  6.008148193359375e-05
local_in_edges_tensor generation:  0.00021219253540039062
mini_batch_src_global generation:  0.00016069412231445312
r_  generation:  0.0012667179107666016
local_output_nid generation:  6.079673767089844e-05
local_in_edges_tensor generation:  0.00020360946655273438
mini_batch_src_global generation:  0.00012564659118652344
r_  generation:  0.0012476444244384766
local_output_nid generation:  4.982948303222656e-05
local_in_edges_tensor generation:  0.00018262863159179688
mini_batch_src_global generation:  0.00010848045349121094
r_  generation:  0.0010271072387695312
local_output_nid generation:  9.012222290039062e-05
local_in_edges_tensor generation:  0.00023436546325683594
mini_batch_src_global generation:  0.00016570091247558594
r_  generation:  0.0017092227935791016
local_output_nid generation:  6.771087646484375e-05
local_in_edges_tensor generation:  0.00020933151245117188
mini_batch_src_global generation:  0.00014019012451171875
r_  generation:  0.001392364501953125
local_output_nid generation:  6.0558319091796875e-05
local_in_edges_tensor generation:  0.00019741058349609375
mini_batch_src_global generation:  0.0001316070556640625
r_  generation:  0.001283884048461914
local_output_nid generation:  5.7220458984375e-05
local_in_edges_tensor generation:  0.00019025802612304688
mini_batch_src_global generation:  0.00012087821960449219
r_  generation:  0.0011682510375976562
local_output_nid generation:  5.6743621826171875e-05
local_in_edges_tensor generation:  0.00019168853759765625
mini_batch_src_global generation:  0.00011801719665527344
r_  generation:  0.00112152099609375
local_output_nid generation:  7.05718994140625e-05
local_in_edges_tensor generation:  0.00021195411682128906
mini_batch_src_global generation:  0.00013685226440429688
r_  generation:  0.0014650821685791016
local_output_nid generation:  7.43865966796875e-05
local_in_edges_tensor generation:  0.00021886825561523438
mini_batch_src_global generation:  0.00014901161193847656
r_  generation:  0.001539468765258789
local_output_nid generation:  4.982948303222656e-05
local_in_edges_tensor generation:  0.00018143653869628906
mini_batch_src_global generation:  0.00011324882507324219
r_  generation:  0.00096893310546875
local_output_nid generation:  4.57763671875e-05
local_in_edges_tensor generation:  0.00017499923706054688
mini_batch_src_global generation:  0.00010347366333007812
r_  generation:  0.0009369850158691406
local_output_nid generation:  4.38690185546875e-05
local_in_edges_tensor generation:  0.0001685619354248047
mini_batch_src_global generation:  9.870529174804688e-05
r_  generation:  0.0009036064147949219
local_output_nid generation:  5.0067901611328125e-05
local_in_edges_tensor generation:  0.00017595291137695312
mini_batch_src_global generation:  0.00010800361633300781
r_  generation:  0.0010349750518798828
local_output_nid generation:  4.7206878662109375e-05
local_in_edges_tensor generation:  0.000171661376953125
mini_batch_src_global generation:  0.00010538101196289062
r_  generation:  0.0009598731994628906
----------------------check_connections_block total spend ----------------------------- 0.029683828353881836
generate_one_block  0.0019843578338623047
generate_one_block  0.0023908615112304688
generate_one_block  0.002315521240234375
generate_one_block  0.002294778823852539
generate_one_block  0.0027658939361572266
generate_one_block  0.0024750232696533203
generate_one_block  0.0023822784423828125
generate_one_block  0.0022284984588623047
generate_one_block  0.00220489501953125
generate_one_block  0.002535104751586914
generate_one_block  0.0031256675720214844
generate_one_block  0.002043008804321289
generate_one_block  0.0019915103912353516
generate_one_block  0.0020313262939453125
generate_one_block  0.0021626949310302734
generate_one_block  0.002088785171508789
The real block id is  0
get_global_graph_edges_ids_block function  spend 0.0007715225219726562
gen group dst list time:  0.0006182193756103516
time for parepare:  0.0002079010009765625
local_output_nid generation:  7.081031799316406e-05
local_in_edges_tensor generation:  0.0003745555877685547
mini_batch_src_global generation:  0.00012230873107910156
r_  generation:  0.0015778541564941406
local_output_nid generation:  0.00011372566223144531
local_in_edges_tensor generation:  0.0002880096435546875
mini_batch_src_global generation:  0.00025391578674316406
r_  generation:  0.002216815948486328
local_output_nid generation:  0.000110626220703125
local_in_edges_tensor generation:  0.00027441978454589844
mini_batch_src_global generation:  0.00019407272338867188
r_  generation:  0.0021622180938720703
local_output_nid generation:  0.00011014938354492188
local_in_edges_tensor generation:  0.0002639293670654297
mini_batch_src_global generation:  0.00018286705017089844
r_  generation:  0.0020399093627929688
local_output_nid generation:  0.00012731552124023438
local_in_edges_tensor generation:  0.00030231475830078125
mini_batch_src_global generation:  0.0002205371856689453
r_  generation:  0.0025780200958251953
local_output_nid generation:  0.000118255615234375
local_in_edges_tensor generation:  0.0003132820129394531
mini_batch_src_global generation:  0.00020885467529296875
r_  generation:  0.0022668838500976562
local_output_nid generation:  0.00011444091796875
local_in_edges_tensor generation:  0.0002810955047607422
mini_batch_src_global generation:  0.0002009868621826172
r_  generation:  0.0021991729736328125
local_output_nid generation:  0.00010752677917480469
local_in_edges_tensor generation:  0.0002574920654296875
mini_batch_src_global generation:  0.00018548965454101562
r_  generation:  0.0021371841430664062
local_output_nid generation:  9.942054748535156e-05
local_in_edges_tensor generation:  0.0002484321594238281
mini_batch_src_global generation:  0.0001742839813232422
r_  generation:  0.0019283294677734375
local_output_nid generation:  0.00011873245239257812
local_in_edges_tensor generation:  0.0002841949462890625
mini_batch_src_global generation:  0.00020265579223632812
r_  generation:  0.0021872520446777344
local_output_nid generation:  0.0001468658447265625
local_in_edges_tensor generation:  0.0002994537353515625
mini_batch_src_global generation:  0.00021529197692871094
r_  generation:  0.0023653507232666016
local_output_nid generation:  9.274482727050781e-05
local_in_edges_tensor generation:  0.0002377033233642578
mini_batch_src_global generation:  0.00017142295837402344
r_  generation:  0.0017833709716796875
local_output_nid generation:  9.202957153320312e-05
local_in_edges_tensor generation:  0.0002357959747314453
mini_batch_src_global generation:  0.00016617774963378906
r_  generation:  0.001786947250366211
local_output_nid generation:  9.441375732421875e-05
local_in_edges_tensor generation:  0.0002448558807373047
mini_batch_src_global generation:  0.0001685619354248047
r_  generation:  0.0018188953399658203
local_output_nid generation:  9.679794311523438e-05
local_in_edges_tensor generation:  0.00024271011352539062
mini_batch_src_global generation:  0.00017952919006347656
r_  generation:  0.0018575191497802734
local_output_nid generation:  9.584426879882812e-05
local_in_edges_tensor generation:  0.00024127960205078125
mini_batch_src_global generation:  0.00017213821411132812
r_  generation:  0.0018372535705566406
----------------------check_connections_block total spend ----------------------------- 0.04986071586608887
generate_one_block  0.003800630569458008
generate_one_block  0.003335237503051758
generate_one_block  0.003207683563232422
generate_one_block  0.0031311511993408203
generate_one_block  0.0035796165466308594
generate_one_block  0.0033278465270996094
generate_one_block  0.0033555030822753906
generate_one_block  0.0032677650451660156
generate_one_block  0.0031614303588867188
generate_one_block  0.004163026809692383
generate_one_block  0.003561735153198242
generate_one_block  0.002910137176513672
generate_one_block  0.0029571056365966797
generate_one_block  0.0030770301818847656
generate_one_block  0.0030333995819091797
generate_one_block  0.0032100677490234375
-----------------------------------------after block dataloader generation 
 Nvidia-smi: 1.2967529296875 GB
    Memory Allocated: 0.025063514709472656  GigaBytes
Max Memory Allocated: 0.03158378601074219  GigaBytes

connection checking time:  0.09833955764770508
block generation total time  0.13187003135681152
average batch blocks generation time:  0.00824187695980072
block dataloader generation time/epoch 0.276630163192749
----------------------------------------before batch_pred = model(blocks, batch_inputs) 
 Nvidia-smi: 1.2967529296875 GB
    Memory Allocated: 0.026867389678955078  GigaBytes
Max Memory Allocated: 0.03407716751098633  GigaBytes

torch.Size([1719, 1433])
torch.Size([1004, 256])
torch.Size([419, 256])
torch.Size([115, 256])
-----------------------------------------batch_pred = model(blocks, batch_inputs) 
 Nvidia-smi: 1.2987060546875 GB
    Memory Allocated: 0.03241920471191406  GigaBytes
Max Memory Allocated: 0.03407716751098633  GigaBytes

----------------------------------------before batch_pred = model(blocks, batch_inputs) 
 Nvidia-smi: 1.2987060546875 GB
    Memory Allocated: 0.028668880462646484  GigaBytes
Max Memory Allocated: 0.0377507209777832  GigaBytes

torch.Size([2050, 1433])
torch.Size([1491, 256])
torch.Size([744, 256])
torch.Size([261, 256])
-----------------------------------------batch_pred = model(blocks, batch_inputs) 
 Nvidia-smi: 1.2987060546875 GB
    Memory Allocated: 0.037688255310058594  GigaBytes
Max Memory Allocated: 0.0377507209777832  GigaBytes

----------------------------------------before batch_pred = model(blocks, batch_inputs) 
 Nvidia-smi: 1.2987060546875 GB
    Memory Allocated: 0.029185771942138672  GigaBytes
Max Memory Allocated: 0.04003572463989258  GigaBytes

torch.Size([2006, 1433])
torch.Size([1436, 256])
torch.Size([734, 256])
torch.Size([195, 256])
-----------------------------------------batch_pred = model(blocks, batch_inputs) 
 Nvidia-smi: 1.2987060546875 GB
    Memory Allocated: 0.03829240798950195  GigaBytes
Max Memory Allocated: 0.04003572463989258  GigaBytes

----------------------------------------before batch_pred = model(blocks, batch_inputs) 
 Nvidia-smi: 1.2987060546875 GB
    Memory Allocated: 0.028392791748046875  GigaBytes
Max Memory Allocated: 0.04003572463989258  GigaBytes

torch.Size([2001, 1433])
torch.Size([1379, 256])
torch.Size([582, 256])
torch.Size([191, 256])
-----------------------------------------batch_pred = model(blocks, batch_inputs) 
 Nvidia-smi: 1.2987060546875 GB
    Memory Allocated: 0.036022186279296875  GigaBytes
Max Memory Allocated: 0.04003572463989258  GigaBytes

----------------------------------------before batch_pred = model(blocks, batch_inputs) 
 Nvidia-smi: 1.3104248046875 GB
    Memory Allocated: 0.02947235107421875  GigaBytes
Max Memory Allocated: 0.04003572463989258  GigaBytes

torch.Size([2194, 1433])
torch.Size([1764, 256])
torch.Size([1102, 256])
torch.Size([415, 256])
-----------------------------------------batch_pred = model(blocks, batch_inputs) 
 Nvidia-smi: 1.3123779296875 GB
    Memory Allocated: 0.04283428192138672  GigaBytes
Max Memory Allocated: 0.04293203353881836  GigaBytes

----------------------------------------before batch_pred = model(blocks, batch_inputs) 
 Nvidia-smi: 1.3123779296875 GB
    Memory Allocated: 0.029194355010986328  GigaBytes
Max Memory Allocated: 0.043206214904785156  GigaBytes

torch.Size([2060, 1433])
torch.Size([1544, 256])
torch.Size([850, 256])
torch.Size([310, 256])
-----------------------------------------batch_pred = model(blocks, batch_inputs) 
 Nvidia-smi: 1.3123779296875 GB
    Memory Allocated: 0.039494991302490234  GigaBytes
Max Memory Allocated: 0.043206214904785156  GigaBytes

----------------------------------------before batch_pred = model(blocks, batch_inputs) 
 Nvidia-smi: 1.3123779296875 GB
    Memory Allocated: 0.029445648193359375  GigaBytes
Max Memory Allocated: 0.043206214904785156  GigaBytes

torch.Size([2090, 1433])
torch.Size([1544, 256])
torch.Size([741, 256])
torch.Size([229, 256])
-----------------------------------------batch_pred = model(blocks, batch_inputs) 
 Nvidia-smi: 1.3123779296875 GB
    Memory Allocated: 0.03896522521972656  GigaBytes
Max Memory Allocated: 0.043206214904785156  GigaBytes

----------------------------------------before batch_pred = model(blocks, batch_inputs) 
 Nvidia-smi: 1.3123779296875 GB
    Memory Allocated: 0.029181957244873047  GigaBytes
Max Memory Allocated: 0.043206214904785156  GigaBytes
Using backend: pytorch

torch.Size([2036, 1433])
torch.Size([1443, 256])
torch.Size([667, 256])
torch.Size([221, 256])
-----------------------------------------batch_pred = model(blocks, batch_inputs) 
 Nvidia-smi: 1.3123779296875 GB
    Memory Allocated: 0.038134098052978516  GigaBytes
Max Memory Allocated: 0.043206214904785156  GigaBytes

----------------------------------------before batch_pred = model(blocks, batch_inputs) 
 Nvidia-smi: 1.3123779296875 GB
    Memory Allocated: 0.028114795684814453  GigaBytes
Max Memory Allocated: 0.043206214904785156  GigaBytes

torch.Size([1948, 1433])
torch.Size([1338, 256])
torch.Size([679, 256])
torch.Size([238, 256])
-----------------------------------------batch_pred = model(blocks, batch_inputs) 
 Nvidia-smi: 1.3123779296875 GB
    Memory Allocated: 0.03686380386352539  GigaBytes
Max Memory Allocated: 0.043206214904785156  GigaBytes

----------------------------------------before batch_pred = model(blocks, batch_inputs) 
 Nvidia-smi: 1.3123779296875 GB
    Memory Allocated: 0.029198169708251953  GigaBytes
Max Memory Allocated: 0.043206214904785156  GigaBytes

torch.Size([2075, 1433])
torch.Size([1591, 256])
torch.Size([882, 256])
torch.Size([276, 256])
-----------------------------------------batch_pred = model(blocks, batch_inputs) 
 Nvidia-smi: 1.3123779296875 GB
    Memory Allocated: 0.03969097137451172  GigaBytes
Max Memory Allocated: 0.043206214904785156  GigaBytes

----------------------------------------before batch_pred = model(blocks, batch_inputs) 
 Nvidia-smi: 1.3123779296875 GB
    Memory Allocated: 0.029632568359375  GigaBytes
Max Memory Allocated: 0.043206214904785156  GigaBytes

torch.Size([2227, 1433])
torch.Size([1730, 256])
torch.Size([938, 256])
torch.Size([337, 256])
-----------------------------------------batch_pred = model(blocks, batch_inputs) 
 Nvidia-smi: 1.3123779296875 GB
    Memory Allocated: 0.04051780700683594  GigaBytes
Max Memory Allocated: 0.043206214904785156  GigaBytes

----------------------------------------before batch_pred = model(blocks, batch_inputs) 
 Nvidia-smi: 1.3123779296875 GB
    Memory Allocated: 0.027729034423828125  GigaBytes
Max Memory Allocated: 0.043206214904785156  GigaBytes

torch.Size([1877, 1433])
torch.Size([1227, 256])
torch.Size([579, 256])
torch.Size([230, 256])
-----------------------------------------batch_pred = model(blocks, batch_inputs) 
 Nvidia-smi: 1.3123779296875 GB
    Memory Allocated: 0.03598642349243164  GigaBytes
Max Memory Allocated: 0.043206214904785156  GigaBytes

----------------------------------------before batch_pred = model(blocks, batch_inputs) 
 Nvidia-smi: 1.3123779296875 GB
    Memory Allocated: 0.027738571166992188  GigaBytes
Max Memory Allocated: 0.043206214904785156  GigaBytes

torch.Size([1879, 1433])
torch.Size([1215, 256])
torch.Size([515, 256])
torch.Size([152, 256])
-----------------------------------------batch_pred = model(blocks, batch_inputs) 
 Nvidia-smi: 1.3123779296875 GB
    Memory Allocated: 0.03560924530029297  GigaBytes
Max Memory Allocated: 0.043206214904785156  GigaBytes

----------------------------------------before batch_pred = model(blocks, batch_inputs) 
 Nvidia-smi: 1.3123779296875 GB
    Memory Allocated: 0.027828693389892578  GigaBytes
Max Memory Allocated: 0.043206214904785156  GigaBytes

torch.Size([1896, 1433])
torch.Size([1285, 256])
torch.Size([546, 256])
torch.Size([147, 256])
-----------------------------------------batch_pred = model(blocks, batch_inputs) 
 Nvidia-smi: 1.3123779296875 GB
    Memory Allocated: 0.03558063507080078  GigaBytes
Max Memory Allocated: 0.043206214904785156  GigaBytes

----------------------------------------before batch_pred = model(blocks, batch_inputs) 
 Nvidia-smi: 1.3123779296875 GB
    Memory Allocated: 0.027515888214111328  GigaBytes
Max Memory Allocated: 0.043206214904785156  GigaBytes

torch.Size([1836, 1433])
torch.Size([1306, 256])
torch.Size([633, 256])
torch.Size([214, 256])
-----------------------------------------batch_pred = model(blocks, batch_inputs) 
 Nvidia-smi: 1.3123779296875 GB
    Memory Allocated: 0.03592681884765625  GigaBytes
Max Memory Allocated: 0.043206214904785156  GigaBytes

----------------------------------------before batch_pred = model(blocks, batch_inputs) 
 Nvidia-smi: 1.3123779296875 GB
    Memory Allocated: 0.027948379516601562  GigaBytes
Max Memory Allocated: 0.043206214904785156  GigaBytes

torch.Size([1917, 1433])
torch.Size([1275, 256])
torch.Size([581, 256])
torch.Size([198, 256])
-----------------------------------------batch_pred = model(blocks, batch_inputs) 
 Nvidia-smi: 1.3123779296875 GB
    Memory Allocated: 0.035959720611572266  GigaBytes
Max Memory Allocated: 0.043206214904785156  GigaBytes

times | data loading | block to device | model prediction | loss calculation | loss backward |  optimizer step |
      |0.0031340569257736206 |0.0007224231958389282 |0.005768582224845886 |0.0001256018877029419 |0.005189105868339539 |0.0021626949310302734 |
----------------------------------------------------------pseudo_mini_loss sum 3.0822136402130127
Total (block generation + training)time/epoch 0.5338461399078369
Training time/epoch 0.2570009231567383
Training time without block to device /epoch 0.24544215202331543
Training time without total dataloading part /epoch 0.17949533462524414
load block tensor time/epoch 0.05014491081237793
block to device time/epoch 0.011558771133422852
input features size transfer per epoch 2.1457672119140625e-06
blocks size to device per epoch 1.9073486328125e-06
 Run 0| Epoch 1 |
Number of nodes for computation during this epoch:  70066
Number of first layer input nodes during this epoch:  31811
