main start at this time 1648429051.6849341
-----------------------------------------before load data 
 Nvidia-smi: 0.1717529296875 GB
    Memory Allocated: 0.0  GigaBytes
Max Memory Allocated: 0.0  GigaBytes

  NumNodes: 2708
  NumEdges: 10556
  NumFeats: 1433
  NumClasses: 7
  NumTrainingSamples: 140
  NumValidationSamples: 500
  NumTestSamples: 1000
Done loading data from cached files.
success----------------------------------------
140
500
2068
# Nodes: 2708
# Edges: 10556
# Train: 140
# Val: 500
# Test: 2068
# Classes: 7

in feats:  1433
----------------------------------------before generate_dataloader_block 
 Nvidia-smi: 1.0799560546875 GB
    Memory Allocated: 0.06296253204345703  GigaBytes
Max Memory Allocated: 0.06296253204345703  GigaBytes

The real block id is  2
get_global_graph_edges_ids_block function  spend 0.0008897781372070312
random selection method range initialization spend 0.0001723766326904297
time for parepare:  6.890296936035156e-05
local_output_nid generation:  2.4080276489257812e-05
local_in_edges_tensor generation:  0.0001888275146484375
mini_batch_src_global generation:  2.4080276489257812e-05
r_  generation:  0.0012810230255126953
local_output_nid generation:  1.0251998901367188e-05
local_in_edges_tensor generation:  0.00013446807861328125
mini_batch_src_global generation:  2.3603439331054688e-05
r_  generation:  5.316734313964844e-05
local_output_nid generation:  7.152557373046875e-06
local_in_edges_tensor generation:  0.00011086463928222656
mini_batch_src_global generation:  1.811981201171875e-05
r_  generation:  3.790855407714844e-05
local_output_nid generation:  7.62939453125e-06
local_in_edges_tensor generation:  0.00010538101196289062
mini_batch_src_global generation:  1.9073486328125e-05
r_  generation:  5.4836273193359375e-05
local_output_nid generation:  6.198883056640625e-06
local_in_edges_tensor generation:  0.00010633468627929688
mini_batch_src_global generation:  1.9788742065429688e-05
r_  generation:  5.245208740234375e-05
local_output_nid generation:  7.3909759521484375e-06
local_in_edges_tensor generation:  0.0001049041748046875
mini_batch_src_global generation:  1.6689300537109375e-05
r_  generation:  3.528594970703125e-05
local_output_nid generation:  7.3909759521484375e-06
local_in_edges_tensor generation:  0.00010156631469726562
mini_batch_src_global generation:  1.6450881958007812e-05
r_  generation:  4.1484832763671875e-05
local_output_nid generation:  5.245208740234375e-06
local_in_edges_tensor generation:  0.00010132789611816406
mini_batch_src_global generation:  1.5974044799804688e-05
r_  generation:  3.0517578125e-05
----------------------check_connections_block total spend ----------------------------- 0.0032231807708740234
generate_one_block  0.001245737075805664
generate_one_block  0.0010960102081298828
generate_one_block  0.0010721683502197266
generate_one_block  0.0011553764343261719
generate_one_block  0.0011119842529296875
generate_one_block  0.0010633468627929688
generate_one_block  0.0010647773742675781
generate_one_block  0.0010521411895751953
The real block id is  1
get_global_graph_edges_ids_block function  spend 0.0005173683166503906
gen group dst list time:  6.246566772460938e-05
time for parepare:  0.0001442432403564453
local_output_nid generation:  8.106231689453125e-06
local_in_edges_tensor generation:  0.00019121170043945312
mini_batch_src_global generation:  3.409385681152344e-05
r_  generation:  0.00020241737365722656
local_output_nid generation:  1.1205673217773438e-05
local_in_edges_tensor generation:  0.0001277923583984375
mini_batch_src_global generation:  3.790855407714844e-05
r_  generation:  0.00023126602172851562
local_output_nid generation:  1.049041748046875e-05
local_in_edges_tensor generation:  0.00012230873107910156
mini_batch_src_global generation:  3.457069396972656e-05
r_  generation:  0.00021028518676757812
local_output_nid generation:  1.3828277587890625e-05
local_in_edges_tensor generation:  0.00012993812561035156
mini_batch_src_global generation:  4.124641418457031e-05
r_  generation:  0.00031065940856933594
local_output_nid generation:  1.3828277587890625e-05
local_in_edges_tensor generation:  0.00013184547424316406
mini_batch_src_global generation:  4.291534423828125e-05
r_  generation:  0.00029850006103515625
local_output_nid generation:  8.344650268554688e-06
local_in_edges_tensor generation:  0.0001232624053955078
mini_batch_src_global generation:  3.600120544433594e-05
r_  generation:  0.00020194053649902344
local_output_nid generation:  9.298324584960938e-06
local_in_edges_tensor generation:  0.00012230873107910156
mini_batch_src_global generation:  3.170967102050781e-05
r_  generation:  0.00019431114196777344
local_output_nid generation:  7.3909759521484375e-06
local_in_edges_tensor generation:  0.0001201629638671875
mini_batch_src_global generation:  3.0517578125e-05
r_  generation:  0.00017142295837402344
----------------------check_connections_block total spend ----------------------------- 0.004087209701538086
generate_one_block  0.0012922286987304688
generate_one_block  0.0013058185577392578
generate_one_block  0.0013456344604492188
generate_one_block  0.0014095306396484375
generate_one_block  0.0013911724090576172
generate_one_block  0.0012886524200439453
generate_one_block  0.001692056655883789
generate_one_block  0.0012464523315429688
The real block id is  0
get_global_graph_edges_ids_block function  spend 0.0006947517395019531
gen group dst list time:  0.00010061264038085938
time for parepare:  0.00018072128295898438
local_output_nid generation:  2.8133392333984375e-05
local_in_edges_tensor generation:  0.00024199485778808594
mini_batch_src_global generation:  8.535385131835938e-05
r_  generation:  0.0006835460662841797
local_output_nid generation:  3.62396240234375e-05
local_in_edges_tensor generation:  0.000171661376953125
mini_batch_src_global generation:  9.489059448242188e-05
r_  generation:  0.0007035732269287109
local_output_nid generation:  3.62396240234375e-05
local_in_edges_tensor generation:  0.0001723766326904297
mini_batch_src_global generation:  8.487701416015625e-05
r_  generation:  0.0007472038269042969
local_output_nid generation:  4.0531158447265625e-05
local_in_edges_tensor generation:  0.0001811981201171875
mini_batch_src_global generation:  9.703636169433594e-05
r_  generation:  0.0009088516235351562
local_output_nid generation:  3.933906555175781e-05
local_in_edges_tensor generation:  0.00018215179443359375
mini_batch_src_global generation:  9.799003601074219e-05
r_  generation:  0.0008907318115234375
local_output_nid generation:  3.314018249511719e-05
local_in_edges_tensor generation:  0.000171661376953125
mini_batch_src_global generation:  8.678436279296875e-05
r_  generation:  0.0006935596466064453
local_output_nid generation:  2.765655517578125e-05
local_in_edges_tensor generation:  0.0001621246337890625
mini_batch_src_global generation:  7.414817810058594e-05
r_  generation:  0.0005958080291748047
local_output_nid generation:  2.5987625122070312e-05
local_in_edges_tensor generation:  0.00015807151794433594
mini_batch_src_global generation:  6.866455078125e-05
r_  generation:  0.0005519390106201172
----------------------check_connections_block total spend ----------------------------- 0.01002359390258789
generate_one_block  0.0018951892852783203
generate_one_block  0.0019445419311523438
generate_one_block  0.0018770694732666016
generate_one_block  0.0019047260284423828
generate_one_block  0.0019071102142333984
generate_one_block  0.0016961097717285156
generate_one_block  0.0015704631805419922
generate_one_block  0.0015392303466796875
-----------------------------------------after block dataloader generation 
 Nvidia-smi: 1.0799560546875 GB
    Memory Allocated: 0.06296253204345703  GigaBytes
Max Memory Allocated: 0.06296253204345703  GigaBytes

connection checking time:  0.014110803604125977
block generation total time  0.025305986404418945
average batch blocks generation time:  0.003163248300552368
----------------------------------------before batch_pred = model(blocks, batch_inputs) 
 Nvidia-smi: 1.1639404296875 GB
    Memory Allocated: 0.06810379028320312  GigaBytes
Max Memory Allocated: 0.06810379028320312  GigaBytes

torch.Size([959, 1433])
torch.Size([364, 32])
-----------------------------------------batch_pred = model(blocks, batch_inputs) 
 Nvidia-smi: 1.4510498046875 GB
    Memory Allocated: 0.23969459533691406  GigaBytes
Max Memory Allocated: 0.2529449462890625  GigaBytes

----------------------------------------before batch_pred = model(blocks, batch_inputs) 
 Nvidia-smi: 1.5760498046875 GB
    Memory Allocated: 0.1308727264404297  GigaBytes
Max Memory Allocated: 0.36045217514038086  GigaBytes

torch.Size([923, 1433])
torch.Size([392, 32])
-----------------------------------------batch_pred = model(blocks, batch_inputs) 
 Nvidia-smi: 1.5760498046875 GB
    Memory Allocated: 0.30666208267211914  GigaBytes
Max Memory Allocated: 0.36045217514038086  GigaBytes

----------------------------------------before batch_pred = model(blocks, batch_inputs) 
 Nvidia-smi: 1.6385498046875 GB
    Memory Allocated: 0.13186216354370117  GigaBytes
Max Memory Allocated: 0.42632102966308594  GigaBytes

torch.Size([1108, 1433])
torch.Size([392, 32])
-----------------------------------------batch_pred = model(blocks, batch_inputs) 
 Nvidia-smi: 1.6502685546875 GB
    Memory Allocated: 0.3219437599182129  GigaBytes
Max Memory Allocated: 0.42632102966308594  GigaBytes

----------------------------------------before batch_pred = model(blocks, batch_inputs) 
 Nvidia-smi: 1.6502685546875 GB
    Memory Allocated: 0.1319427490234375  GigaBytes
Max Memory Allocated: 0.44197940826416016  GigaBytes

torch.Size([1122, 1433])
torch.Size([493, 32])
-----------------------------------------batch_pred = model(blocks, batch_inputs) 
 Nvidia-smi: 1.6737060546875 GB
    Memory Allocated: 0.36010169982910156  GigaBytes
Max Memory Allocated: 0.44197940826416016  GigaBytes

----------------------------------------before batch_pred = model(blocks, batch_inputs) 
 Nvidia-smi: 1.7049560546875 GB
    Memory Allocated: 0.13224077224731445  GigaBytes
Max Memory Allocated: 0.4783058166503906  GigaBytes

torch.Size([1178, 1433])
torch.Size([478, 32])
-----------------------------------------batch_pred = model(blocks, batch_inputs) 
 Nvidia-smi: 1.7049560546875 GB
    Memory Allocated: 0.35655927658081055  GigaBytes
Max Memory Allocated: 0.4783058166503906  GigaBytes

----------------------------------------before batch_pred = model(blocks, batch_inputs) 
 Nvidia-smi: 1.7049560546875 GB
    Memory Allocated: 0.13193511962890625  GigaBytes
Max Memory Allocated: 0.4783058166503906  GigaBytes

torch.Size([1020, 1433])
torch.Size([389, 32])
-----------------------------------------batch_pred = model(blocks, batch_inputs) 
 Nvidia-smi: 1.7049560546875 GB
    Memory Allocated: 0.3037405014038086  GigaBytes
Max Memory Allocated: 0.4783058166503906  GigaBytes

----------------------------------------before batch_pred = model(blocks, batch_inputs) 
 Nvidia-smi: 1.7049560546875 GB
    Memory Allocated: 0.13011693954467773  GigaBytes
Max Memory Allocated: 0.4783058166503906  GigaBytes

torch.Size([782, 1433])
torch.Size([317, 32])
-----------------------------------------batch_pred = model(blocks, batch_inputs) 
 Nvidia-smi: 1.7049560546875 GB
    Memory Allocated: 0.27402591705322266  GigaBytes
Max Memory Allocated: 0.4783058166503906  GigaBytes

----------------------------------------before batch_pred = model(blocks, batch_inputs) 
 Nvidia-smi: 1.7049560546875 GB
    Memory Allocated: 0.13036680221557617  GigaBytes
Max Memory Allocated: 0.4783058166503906  GigaBytes

torch.Size([829, 1433])
torch.Size([296, 32])
-----------------------------------------batch_pred = model(blocks, batch_inputs) 
 Nvidia-smi: 1.7049560546875 GB
    Memory Allocated: 0.2644214630126953  GigaBytes
Max Memory Allocated: 0.4783058166503906  GigaBytes

times | data loading | block to device | model prediction | loss calculation | loss backward |  optimizer step |
      |0.05047953128814697 |0.04327017068862915 |0.1493857204914093 |0.00012135505676269531 |0.13581016659736633 |0.013171911239624023 |
----------------------------------------------------------pseudo_mini_loss sum 2.9462027549743652
 Run 0| Epoch 0 |
Number of nodes for computation during this epoch:  11788
Number of first layer input nodes during this epoch:  7921
----------------------------------------before generate_dataloader_block 
 Nvidia-smi: 1.7987060546875 GB
    Memory Allocated: 0.25631189346313477  GigaBytes
Max Memory Allocated: 0.4783058166503906  GigaBytes

The real block id is  2
get_global_graph_edges_ids_block function  spend 0.00051116943359375
random selection method range initialization spend 0.00012612342834472656
time for parepare:  7.2479248046875e-05
local_output_nid generation:  8.821487426757812e-06
local_in_edges_tensor generation:  0.0001857280731201172
mini_batch_src_global generation:  2.5272369384765625e-05
r_  generation:  6.0558319091796875e-05
local_output_nid generation:  6.4373016357421875e-06
local_in_edges_tensor generation:  0.00011110305786132812
mini_batch_src_global generation:  2.0265579223632812e-05
r_  generation:  4.3392181396484375e-05
local_output_nid generation:  7.3909759521484375e-06
local_in_edges_tensor generation:  0.00010848045349121094
mini_batch_src_global generation:  2.0503997802734375e-05
r_  generation:  5.2928924560546875e-05
local_output_nid generation:  5.9604644775390625e-06
local_in_edges_tensor generation:  0.00010538101196289062
mini_batch_src_global generation:  1.9788742065429688e-05
r_  generation:  4.482269287109375e-05
local_output_nid generation:  7.3909759521484375e-06
local_in_edges_tensor generation:  0.00010466575622558594
mini_batch_src_global generation:  1.811981201171875e-05
r_  generation:  4.220008850097656e-05
local_output_nid generation:  5.9604644775390625e-06
local_in_edges_tensor generation:  0.00010633468627929688
mini_batch_src_global generation:  1.9550323486328125e-05
r_  generation:  3.910064697265625e-05
local_output_nid generation:  7.3909759521484375e-06
local_in_edges_tensor generation:  0.00010395050048828125
mini_batch_src_global generation:  1.8358230590820312e-05
r_  generation:  3.314018249511719e-05
local_output_nid generation:  5.9604644775390625e-06
local_in_edges_tensor generation:  0.00010180473327636719
mini_batch_src_global generation:  1.7642974853515625e-05
r_  generation:  2.9087066650390625e-05
----------------------check_connections_block total spend ----------------------------- 0.0019485950469970703
generate_one_block  0.0012125968933105469
generate_one_block  0.0010797977447509766
generate_one_block  0.0010793209075927734
generate_one_block  0.001077890396118164
generate_one_block  0.0010516643524169922
generate_one_block  0.0010595321655273438
generate_one_block  0.001055002212524414
generate_one_block  0.00103759765625
The real block id is  1
get_global_graph_edges_ids_block function  spend 0.0005252361297607422
gen group dst list time:  5.602836608886719e-05
time for parepare:  0.0001590251922607422
local_output_nid generation:  1.33514404296875e-05
local_in_edges_tensor generation:  0.0001983642578125
mini_batch_src_global generation:  4.029273986816406e-05
r_  generation:  0.0002751350402832031
local_output_nid generation:  1.1682510375976562e-05
local_in_edges_tensor generation:  0.00013518333435058594
mini_batch_src_global generation:  4.458427429199219e-05
r_  generation:  0.00026607513427734375
local_output_nid generation:  1.5974044799804688e-05
local_in_edges_tensor generation:  0.00013589859008789062
mini_batch_src_global generation:  4.315376281738281e-05
r_  generation:  0.00026702880859375
local_output_nid generation:  1.3113021850585938e-05
local_in_edges_tensor generation:  0.00013756752014160156
mini_batch_src_global generation:  4.506111145019531e-05
r_  generation:  0.0002789497375488281
local_output_nid generation:  9.775161743164062e-06
local_in_edges_tensor generation:  0.00012993812561035156
mini_batch_src_global generation:  3.886222839355469e-05
r_  generation:  0.00020575523376464844
local_output_nid generation:  1.1682510375976562e-05
local_in_edges_tensor generation:  0.00012969970703125
mini_batch_src_global generation:  3.886222839355469e-05
r_  generation:  0.0002307891845703125
local_output_nid generation:  9.059906005859375e-06
local_in_edges_tensor generation:  0.0001380443572998047
mini_batch_src_global generation:  4.267692565917969e-05
r_  generation:  0.00019478797912597656
local_output_nid generation:  6.9141387939453125e-06
local_in_edges_tensor generation:  0.00012230873107910156
mini_batch_src_global generation:  3.314018249511719e-05
r_  generation:  0.00016498565673828125
----------------------check_connections_block total spend ----------------------------- 0.004383563995361328
generate_one_block  0.0014009475708007812
generate_one_block  0.0013620853424072266
generate_one_block  0.0013318061828613281
generate_one_block  0.0014662742614746094
generate_one_block  0.0012612342834472656
generate_one_block  0.0013134479522705078
generate_one_block  0.0012617111206054688
generate_one_block  0.0012276172637939453
The real block id is  0
get_global_graph_edges_ids_block function  spend 0.0006399154663085938
gen group dst list time:  0.00010824203491210938
time for parepare:  0.000179290771484375
local_output_nid generation:  4.4345855712890625e-05
local_in_edges_tensor generation:  0.0002617835998535156
mini_batch_src_global generation:  8.58306884765625e-05
r_  generation:  0.0008463859558105469
local_output_nid generation:  4.267692565917969e-05
local_in_edges_tensor generation:  0.00019216537475585938
mini_batch_src_global generation:  0.00010347366333007812
r_  generation:  0.0008289813995361328
local_output_nid generation:  3.6716461181640625e-05
local_in_edges_tensor generation:  0.00018310546875
mini_batch_src_global generation:  9.799003601074219e-05
r_  generation:  0.000762939453125
local_output_nid generation:  5.054473876953125e-05
local_in_edges_tensor generation:  0.00019073486328125
mini_batch_src_global generation:  0.00011086463928222656
r_  generation:  0.0009202957153320312
local_output_nid generation:  3.337860107421875e-05
local_in_edges_tensor generation:  0.00017905235290527344
mini_batch_src_global generation:  0.00010585784912109375
r_  generation:  0.0006623268127441406
local_output_nid generation:  3.719329833984375e-05
local_in_edges_tensor generation:  0.0001766681671142578
mini_batch_src_global generation:  9.584426879882812e-05
r_  generation:  0.0007486343383789062
local_output_nid generation:  3.170967102050781e-05
local_in_edges_tensor generation:  0.00017642974853515625
mini_batch_src_global generation:  8.821487426757812e-05
r_  generation:  0.0006394386291503906
local_output_nid generation:  2.956390380859375e-05
local_in_edges_tensor generation:  0.0001697540283203125
mini_batch_src_global generation:  7.939338684082031e-05
r_  generation:  0.0005548000335693359
----------------------check_connections_block total spend ----------------------------- 0.010512351989746094
generate_one_block  0.0021543502807617188
generate_one_block  0.0020589828491210938
generate_one_block  0.0018434524536132812
generate_one_block  0.0020360946655273438
generate_one_block  0.001753091812133789
generate_one_block  0.0018265247344970703
generate_one_block  0.0017006397247314453
generate_one_block  0.001615285873413086
-----------------------------------------after block dataloader generation 
 Nvidia-smi: 1.7987060546875 GB
    Memory Allocated: 0.25631189346313477  GigaBytes
Max Memory Allocated: 0.4783058166503906  GigaBytes

connection checking time:  0.014895915985107422
block generation total time  0.02561354637145996
average batch blocks generation time:  0.003201693296432495
block dataloader generation time/epoch 0.07993531227111816
----------------------------------------before batch_pred = model(blocks, batch_inputs) 
 Nvidia-smi: 1.7987060546875 GB
    Memory Allocated: 0.2581515312194824  GigaBytes
Max Memory Allocated: 0.4783058166503906  GigaBytes

torch.Size([1177, 1433])
torch.Size([462, 32])
-----------------------------------------batch_pred = model(blocks, batch_inputs) 
 Nvidia-smi: 1.7987060546875 GB
    Memory Allocated: 0.47584104537963867  GigaBytes
Max Memory Allocated: 0.4922761917114258  GigaBytes

----------------------------------------before batch_pred = model(blocks, batch_inputs) 
 Nvidia-smi: 1.8299560546875 GB
    Memory Allocated: 0.25784826278686523  GigaBytes
Max Memory Allocated: 0.5947990417480469  GigaBytes

torch.Size([1120, 1433])
torch.Size([449, 32])
-----------------------------------------batch_pred = model(blocks, batch_inputs) 
 Nvidia-smi: 1.8299560546875 GB
    Memory Allocated: 0.46642541885375977  GigaBytes
Max Memory Allocated: 0.5947990417480469  GigaBytes

----------------------------------------before batch_pred = model(blocks, batch_inputs) 
 Nvidia-smi: 1.8299560546875 GB
    Memory Allocated: 0.25766515731811523  GigaBytes
Max Memory Allocated: 0.5947990417480469  GigaBytes

torch.Size([1086, 1433])
torch.Size([403, 32])
-----------------------------------------batch_pred = model(blocks, batch_inputs) 
 Nvidia-smi: 1.8299560546875 GB
    Memory Allocated: 0.45123291015625  GigaBytes
Max Memory Allocated: 0.5947990417480469  GigaBytes

----------------------------------------before batch_pred = model(blocks, batch_inputs) 
 Nvidia-smi: 1.8299560546875 GB
    Memory Allocated: 0.2585773468017578  GigaBytes
Max Memory Allocated: 0.5947990417480469  GigaBytes

torch.Size([1256, 1433])
torch.Size([507, 32])
-----------------------------------------batch_pred = model(blocks, batch_inputs) 
 Nvidia-smi: 1.8358154296875 GB
    Memory Allocated: 0.4958457946777344  GigaBytes
Max Memory Allocated: 0.5947990417480469  GigaBytes

----------------------------------------before batch_pred = model(blocks, batch_inputs) 
 Nvidia-smi: 1.8358154296875 GB
    Memory Allocated: 0.2576613426208496  GigaBytes
Max Memory Allocated: 0.614532470703125  GigaBytes

torch.Size([948, 1433])
torch.Size([361, 32])
-----------------------------------------batch_pred = model(blocks, batch_inputs) 
 Nvidia-smi: 1.8358154296875 GB
    Memory Allocated: 0.4215097427368164  GigaBytes
Max Memory Allocated: 0.614532470703125  GigaBytes

----------------------------------------before batch_pred = model(blocks, batch_inputs) 
 Nvidia-smi: 1.8358154296875 GB
    Memory Allocated: 0.2577652931213379  GigaBytes
Max Memory Allocated: 0.614532470703125  GigaBytes

torch.Size([1105, 1433])
torch.Size([394, 32])
-----------------------------------------batch_pred = model(blocks, batch_inputs) 
 Nvidia-smi: 1.8358154296875 GB
    Memory Allocated: 0.44965267181396484  GigaBytes
Max Memory Allocated: 0.614532470703125  GigaBytes

----------------------------------------before batch_pred = model(blocks, batch_inputs) 
 Nvidia-smi: 1.8358154296875 GB
    Memory Allocated: 0.2576603889465332  GigaBytes
Max Memory Allocated: 0.614532470703125  GigaBytes

torch.Size([908, 1433])
torch.Size([353, 32])
-----------------------------------------batch_pred = model(blocks, batch_inputs) 
 Nvidia-smi: 1.8358154296875 GB
    Memory Allocated: 0.41349077224731445  GigaBytes
Max Memory Allocated: 0.614532470703125  GigaBytes

----------------------------------------before batch_pred = model(blocks, batch_inputs) 
 Nvidia-smi: 1.8358154296875 GB
    Memory Allocated: 0.25627565383911133  GigaBytes
Max Memory Allocated: 0.614532470703125  GigaBytes

torch.Size([827, 1433])
torch.Size([321, 32])
-----------------------------------------batch_pred = model(blocks, batch_inputs) 
 Nvidia-smi: 1.8358154296875 GB
    Memory Allocated: 0.3922576904296875  GigaBytes
Max Memory Allocated: 0.614532470703125  GigaBytes

times | data loading | block to device | model prediction | loss calculation | loss backward |  optimizer step |
      |0.05025261640548706 |0.0004914402961730957 |0.09175550937652588 |0.00011202692985534668 |0.1317836344242096 |0.010145902633666992 |
----------------------------------------------------------pseudo_mini_loss sum 2.511957883834839
Total (block generation + training)time/epoch 2.340930223464966
Training time/epoch 2.2606849670410156
Training time without block to device /epoch 2.256753444671631
Training time without total dataloading part /epoch 1.7993552684783936
load block tensor time/epoch 0.4020209312438965
block to device time/epoch 0.003931522369384766
input features size transfer per epoch 1.0728836059570312e-06
blocks size to device per epoch 7.152557373046875e-07Using backend: pytorch

 Run 0| Epoch 1 |
Number of nodes for computation during this epoch:  12429
Number of first layer input nodes during this epoch:  8427
