main start at this time 1648428998.793815
-----------------------------------------before load data 
 Nvidia-smi: 0.1717529296875 GB
    Memory Allocated: 0.0  GigaBytes
Max Memory Allocated: 0.0  GigaBytes

  NumNodes: 2708
  NumEdges: 10556
  NumFeats: 1433
  NumClasses: 7
  NumTrainingSamples: 140
  NumValidationSamples: 500
  NumTestSamples: 1000
Done loading data from cached files.
success----------------------------------------
140
500
2068
# Nodes: 2708
# Edges: 10556
# Train: 140
# Val: 500
# Test: 2068
# Classes: 7

in feats:  1433
----------------------------------------before generate_dataloader_block 
 Nvidia-smi: 1.0799560546875 GB
    Memory Allocated: 0.06296253204345703  GigaBytes
Max Memory Allocated: 0.06296253204345703  GigaBytes

The real block id is  2
get_global_graph_edges_ids_block function  spend 0.001310110092163086
random selection method range initialization spend 0.00020694732666015625
time for parepare:  6.532669067382812e-05
local_output_nid generation:  2.4080276489257812e-05
local_in_edges_tensor generation:  0.0001926422119140625
mini_batch_src_global generation:  3.7670135498046875e-05
r_  generation:  0.0027353763580322266
local_output_nid generation:  9.298324584960938e-06
local_in_edges_tensor generation:  0.00012111663818359375
mini_batch_src_global generation:  2.384185791015625e-05
r_  generation:  7.2479248046875e-05
local_output_nid generation:  6.4373016357421875e-06
local_in_edges_tensor generation:  0.00010013580322265625
mini_batch_src_global generation:  1.7881393432617188e-05
r_  generation:  3.552436828613281e-05
local_output_nid generation:  6.67572021484375e-06
local_in_edges_tensor generation:  9.560585021972656e-05
mini_batch_src_global generation:  1.7642974853515625e-05
r_  generation:  4.935264587402344e-05
local_output_nid generation:  6.198883056640625e-06
local_in_edges_tensor generation:  9.512901306152344e-05
mini_batch_src_global generation:  2.002716064453125e-05
r_  generation:  4.839897155761719e-05
local_output_nid generation:  6.9141387939453125e-06
local_in_edges_tensor generation:  9.34600830078125e-05
mini_batch_src_global generation:  1.52587890625e-05
r_  generation:  3.0040740966796875e-05
local_output_nid generation:  6.4373016357421875e-06
local_in_edges_tensor generation:  9.107589721679688e-05
mini_batch_src_global generation:  1.52587890625e-05
r_  generation:  3.62396240234375e-05
local_output_nid generation:  5.0067901611328125e-06
local_in_edges_tensor generation:  9.083747863769531e-05
mini_batch_src_global generation:  1.4543533325195312e-05
r_  generation:  2.765655517578125e-05
----------------------check_connections_block total spend ----------------------------- 0.004583835601806641
generate_one_block  0.001210927963256836
generate_one_block  0.0009889602661132812
generate_one_block  0.0009846687316894531
generate_one_block  0.0010387897491455078
generate_one_block  0.0009942054748535156
generate_one_block  0.0009720325469970703
generate_one_block  0.0009708404541015625
generate_one_block  0.0009570121765136719
The real block id is  1
get_global_graph_edges_ids_block function  spend 0.00047397613525390625
gen group dst list time:  5.435943603515625e-05
time for parepare:  0.00013017654418945312
local_output_nid generation:  7.3909759521484375e-06
local_in_edges_tensor generation:  0.00017547607421875
mini_batch_src_global generation:  3.0040740966796875e-05
r_  generation:  0.00017905235290527344
local_output_nid generation:  1.0013580322265625e-05
local_in_edges_tensor generation:  0.00011181831359863281
mini_batch_src_global generation:  3.337860107421875e-05
r_  generation:  0.00021457672119140625
local_output_nid generation:  9.059906005859375e-06
local_in_edges_tensor generation:  0.00011348724365234375
mini_batch_src_global generation:  3.24249267578125e-05
r_  generation:  0.00018787384033203125
local_output_nid generation:  1.2159347534179688e-05
local_in_edges_tensor generation:  0.00011467933654785156
mini_batch_src_global generation:  3.814697265625e-05
r_  generation:  0.0002789497375488281
local_output_nid generation:  1.1920928955078125e-05
local_in_edges_tensor generation:  0.00011873245239257812
mini_batch_src_global generation:  4.00543212890625e-05
r_  generation:  0.0002644062042236328
local_output_nid generation:  7.3909759521484375e-06
local_in_edges_tensor generation:  0.00010991096496582031
mini_batch_src_global generation:  3.218650817871094e-05
r_  generation:  0.00018143653869628906
local_output_nid generation:  8.344650268554688e-06
local_in_edges_tensor generation:  0.00010848045349121094
mini_batch_src_global generation:  2.86102294921875e-05
r_  generation:  0.00016641616821289062
local_output_nid generation:  6.4373016357421875e-06
local_in_edges_tensor generation:  0.00010442733764648438
mini_batch_src_global generation:  2.6702880859375e-05
r_  generation:  0.00015234947204589844
----------------------check_connections_block total spend ----------------------------- 0.0036580562591552734
generate_one_block  0.0011625289916992188
generate_one_block  0.0011835098266601562
generate_one_block  0.0012094974517822266
generate_one_block  0.001268625259399414
generate_one_block  0.0013589859008789062
generate_one_block  0.0011544227600097656
generate_one_block  0.0011305809020996094
generate_one_block  0.0011208057403564453
The real block id is  0
get_global_graph_edges_ids_block function  spend 0.0005362033843994141
gen group dst list time:  9.298324584960938e-05
time for parepare:  0.00016260147094726562
local_output_nid generation:  2.5033950805664062e-05
local_in_edges_tensor generation:  0.00021839141845703125
mini_batch_src_global generation:  7.486343383789062e-05
r_  generation:  0.0006012916564941406
local_output_nid generation:  3.147125244140625e-05
local_in_edges_tensor generation:  0.00015473365783691406
mini_batch_src_global generation:  8.440017700195312e-05
r_  generation:  0.0006568431854248047
local_output_nid generation:  3.218650817871094e-05
local_in_edges_tensor generation:  0.00015997886657714844
mini_batch_src_global generation:  8.0108642578125e-05
r_  generation:  0.0006761550903320312
local_output_nid generation:  3.719329833984375e-05
local_in_edges_tensor generation:  0.00016164779663085938
mini_batch_src_global generation:  8.702278137207031e-05
r_  generation:  0.0008032321929931641
local_output_nid generation:  3.600120544433594e-05
local_in_edges_tensor generation:  0.00016069412231445312
mini_batch_src_global generation:  8.654594421386719e-05
r_  generation:  0.0007848739624023438
local_output_nid generation:  3.0279159545898438e-05
local_in_edges_tensor generation:  0.0001678466796875
mini_batch_src_global generation:  8.034706115722656e-05
r_  generation:  0.0006611347198486328
local_output_nid generation:  2.5033950805664062e-05
local_in_edges_tensor generation:  0.00014209747314453125
mini_batch_src_global generation:  6.556510925292969e-05
r_  generation:  0.0005326271057128906
local_output_nid generation:  2.4318695068359375e-05
local_in_edges_tensor generation:  0.00013780593872070312
mini_batch_src_global generation:  6.103515625e-05
r_  generation:  0.0004901885986328125
----------------------check_connections_block total spend ----------------------------- 0.009030580520629883
generate_one_block  0.0017349720001220703
generate_one_block  0.0017719268798828125
generate_one_block  0.0017359256744384766
generate_one_block  0.0018906593322753906
generate_one_block  0.0018796920776367188
generate_one_block  0.0016834735870361328
generate_one_block  0.0015571117401123047
generate_one_block  0.0015230178833007812
-----------------------------------------after block dataloader generation 
 Nvidia-smi: 1.0799560546875 GB
    Memory Allocated: 0.06296253204345703  GigaBytes
Max Memory Allocated: 0.06296253204345703  GigaBytes

connection checking time:  0.012688636779785156
block generation total time  0.02336573600769043
average batch blocks generation time:  0.0029207170009613037
----------------------------------------before batch_pred = model(blocks, batch_inputs) 
 Nvidia-smi: 1.1639404296875 GB
    Memory Allocated: 0.06808757781982422  GigaBytes
Max Memory Allocated: 0.06808757781982422  GigaBytes

torch.Size([956, 1433])
torch.Size([362, 32])
-----------------------------------------batch_pred = model(blocks, batch_inputs) 
 Nvidia-smi: 1.4510498046875 GB
    Memory Allocated: 0.23906183242797852  GigaBytes
Max Memory Allocated: 0.2522096633911133  GigaBytes

----------------------------------------before batch_pred = model(blocks, batch_inputs) 
 Nvidia-smi: 1.5760498046875 GB
    Memory Allocated: 0.13080835342407227  GigaBytes
Max Memory Allocated: 0.359830379486084  GigaBytes

torch.Size([911, 1433])
torch.Size([386, 32])
-----------------------------------------batch_pred = model(blocks, batch_inputs) 
 Nvidia-smi: 1.5760498046875 GB
    Memory Allocated: 0.3045964241027832  GigaBytes
Max Memory Allocated: 0.359830379486084  GigaBytes

----------------------------------------before batch_pred = model(blocks, batch_inputs) 
 Nvidia-smi: 1.6385498046875 GB
    Memory Allocated: 0.13180255889892578  GigaBytes
Max Memory Allocated: 0.4242887496948242  GigaBytes

torch.Size([1097, 1433])
torch.Size([387, 32])
-----------------------------------------batch_pred = model(blocks, batch_inputs) 
 Nvidia-smi: 1.6463623046875 GB
    Memory Allocated: 0.3156247138977051  GigaBytes
Max Memory Allocated: 0.4242887496948242  GigaBytes

----------------------------------------before batch_pred = model(blocks, batch_inputs) 
 Nvidia-smi: 1.6463623046875 GB
    Memory Allocated: 0.1318678855895996  GigaBytes
Max Memory Allocated: 0.43568849563598633  GigaBytes

torch.Size([1108, 1433])
torch.Size([489, 32])
-----------------------------------------batch_pred = model(blocks, batch_inputs) 
 Nvidia-smi: 1.6737060546875 GB
    Memory Allocated: 0.35979652404785156  GigaBytes
Max Memory Allocated: 0.43568849563598633  GigaBytes

----------------------------------------before batch_pred = model(blocks, batch_inputs) 
 Nvidia-smi: 1.7049560546875 GB
    Memory Allocated: 0.13224077224731445  GigaBytes
Max Memory Allocated: 0.4780235290527344  GigaBytes

torch.Size([1178, 1433])
torch.Size([475, 32])
-----------------------------------------batch_pred = model(blocks, batch_inputs) 
 Nvidia-smi: 1.7049560546875 GB
    Memory Allocated: 0.35457658767700195  GigaBytes
Max Memory Allocated: 0.4780235290527344  GigaBytes

----------------------------------------before batch_pred = model(blocks, batch_inputs) 
 Nvidia-smi: 1.7049560546875 GB
    Memory Allocated: 0.13186025619506836  GigaBytes
Max Memory Allocated: 0.4780235290527344  GigaBytes

torch.Size([1036, 1433])
torch.Size([395, 32])
-----------------------------------------batch_pred = model(blocks, batch_inputs) 
 Nvidia-smi: 1.7049560546875 GB
    Memory Allocated: 0.30488061904907227  GigaBytes
Max Memory Allocated: 0.4780235290527344  GigaBytes

----------------------------------------before batch_pred = model(blocks, batch_inputs) 
 Nvidia-smi: 1.7049560546875 GB
    Memory Allocated: 0.1301279067993164  GigaBytes
Max Memory Allocated: 0.4780235290527344  GigaBytes

torch.Size([784, 1433])
torch.Size([322, 32])
-----------------------------------------batch_pred = model(blocks, batch_inputs) 
 Nvidia-smi: 1.7049560546875 GB
    Memory Allocated: 0.27408885955810547  GigaBytes
Max Memory Allocated: 0.4780235290527344  GigaBytes

----------------------------------------before batch_pred = model(blocks, batch_inputs) 
 Nvidia-smi: 1.7049560546875 GB
    Memory Allocated: 0.13035106658935547  GigaBytes
Max Memory Allocated: 0.4780235290527344  GigaBytes

torch.Size([826, 1433])
torch.Size([299, 32])
-----------------------------------------batch_pred = model(blocks, batch_inputs) 
 Nvidia-smi: 1.7049560546875 GB
    Memory Allocated: 0.26409149169921875  GigaBytes
Max Memory Allocated: 0.4780235290527344  GigaBytes

times | data loading | block to device | model prediction | loss calculation | loss backward |  optimizer step |
      |0.051175594329833984 |0.044653505086898804 |0.14945685863494873 |0.00012111663818359375 |0.12611064314842224 |0.014535188674926758 |
----------------------------------------------------------pseudo_mini_loss sum 2.9513049125671387
 Run 0| Epoch 0 |
Number of nodes for computation during this epoch:  11757
Number of first layer input nodes during this epoch:  7896
----------------------------------------before generate_dataloader_block 
 Nvidia-smi: 1.7987060546875 GB
    Memory Allocated: 0.25629615783691406  GigaBytes
Max Memory Allocated: 0.4780235290527344  GigaBytes

The real block id is  2
get_global_graph_edges_ids_block function  spend 0.0004894733428955078
random selection method range initialization spend 0.0001285076141357422
time for parepare:  7.033348083496094e-05
local_output_nid generation:  7.867813110351562e-06
local_in_edges_tensor generation:  0.00018024444580078125
mini_batch_src_global generation:  2.5272369384765625e-05
r_  generation:  5.7697296142578125e-05
local_output_nid generation:  6.198883056640625e-06
local_in_edges_tensor generation:  0.00010418891906738281
mini_batch_src_global generation:  2.0742416381835938e-05
r_  generation:  4.100799560546875e-05
local_output_nid generation:  7.152557373046875e-06
local_in_edges_tensor generation:  9.965896606445312e-05
mini_batch_src_global generation:  1.8358230590820312e-05
r_  generation:  4.9591064453125e-05
local_output_nid generation:  5.9604644775390625e-06
local_in_edges_tensor generation:  9.751319885253906e-05
mini_batch_src_global generation:  1.8596649169921875e-05
r_  generation:  4.076957702636719e-05
local_output_nid generation:  6.4373016357421875e-06
local_in_edges_tensor generation:  9.751319885253906e-05
mini_batch_src_global generation:  1.7642974853515625e-05
r_  generation:  3.814697265625e-05
local_output_nid generation:  5.245208740234375e-06
local_in_edges_tensor generation:  9.632110595703125e-05
mini_batch_src_global generation:  1.7881393432617188e-05
r_  generation:  3.695487976074219e-05
local_output_nid generation:  6.198883056640625e-06
local_in_edges_tensor generation:  9.393692016601562e-05
mini_batch_src_global generation:  1.7642974853515625e-05
r_  generation:  3.123283386230469e-05
local_output_nid generation:  5.4836273193359375e-06
local_in_edges_tensor generation:  9.465217590332031e-05
mini_batch_src_global generation:  1.6450881958007812e-05
r_  generation:  2.765655517578125e-05
----------------------check_connections_block total spend ----------------------------- 0.0018353462219238281
generate_one_block  0.0011916160583496094
generate_one_block  0.0010180473327636719
generate_one_block  0.0010161399841308594
generate_one_block  0.0010013580322265625
generate_one_block  0.0009942054748535156
generate_one_block  0.000997781753540039
generate_one_block  0.000982046127319336
generate_one_block  0.0009760856628417969
The real block id is  1
get_global_graph_edges_ids_block function  spend 0.0005068778991699219
gen group dst list time:  5.507469177246094e-05
time for parepare:  0.0001537799835205078
local_output_nid generation:  1.2159347534179688e-05
local_in_edges_tensor generation:  0.0001926422119140625
mini_batch_src_global generation:  3.719329833984375e-05
r_  generation:  0.00025200843811035156
local_output_nid generation:  1.1444091796875e-05
local_in_edges_tensor generation:  0.00012564659118652344
mini_batch_src_global generation:  4.506111145019531e-05
r_  generation:  0.0002448558807373047
local_output_nid generation:  1.3828277587890625e-05
local_in_edges_tensor generation:  0.00012445449829101562
mini_batch_src_global generation:  4.00543212890625e-05
r_  generation:  0.00023508071899414062
local_output_nid generation:  1.3113021850585938e-05
local_in_edges_tensor generation:  0.0001270771026611328
mini_batch_src_global generation:  4.601478576660156e-05
r_  generation:  0.00025534629821777344
local_output_nid generation:  9.775161743164062e-06
local_in_edges_tensor generation:  0.00011754035949707031
mini_batch_src_global generation:  3.504753112792969e-05
r_  generation:  0.00018525123596191406
local_output_nid generation:  1.1682510375976562e-05
local_in_edges_tensor generation:  0.00012063980102539062
mini_batch_src_global generation:  3.552436828613281e-05
r_  generation:  0.0002143383026123047
local_output_nid generation:  8.106231689453125e-06
local_in_edges_tensor generation:  0.00012755393981933594
mini_batch_src_global generation:  3.743171691894531e-05
r_  generation:  0.0001842975616455078
local_output_nid generation:  6.67572021484375e-06
local_in_edges_tensor generation:  0.00011587142944335938
mini_batch_src_global generation:  3.0279159545898438e-05
r_  generation:  0.00015282630920410156
----------------------check_connections_block total spend ----------------------------- 0.0040738582611083984
generate_one_block  0.0013153553009033203
generate_one_block  0.001268148422241211
generate_one_block  0.0012569427490234375
generate_one_block  0.0013670921325683594
generate_one_block  0.0011837482452392578
generate_one_block  0.0012416839599609375
generate_one_block  0.0011670589447021484
generate_one_block  0.001150369644165039
The real block id is  0
get_global_graph_edges_ids_block function  spend 0.0005509853363037109
gen group dst list time:  0.00010204315185546875
time for parepare:  0.00017595291137695312
local_output_nid generation:  4.315376281738281e-05
local_in_edges_tensor generation:  0.0002474784851074219
mini_batch_src_global generation:  8.320808410644531e-05
r_  generation:  0.0007817745208740234
local_output_nid generation:  3.910064697265625e-05
local_in_edges_tensor generation:  0.00017380714416503906
mini_batch_src_global generation:  9.703636169433594e-05
r_  generation:  0.0007569789886474609
local_output_nid generation:  3.361701965332031e-05
local_in_edges_tensor generation:  0.00016760826110839844
mini_batch_src_global generation:  8.821487426757812e-05
r_  generation:  0.0007338523864746094
local_output_nid generation:  4.9114227294921875e-05
local_in_edges_tensor generation:  0.00018334388732910156
mini_batch_src_global generation:  0.0001087188720703125
r_  generation:  0.0008783340454101562
local_output_nid generation:  3.2901763916015625e-05
local_in_edges_tensor generation:  0.00016427040100097656
mini_batch_src_global generation:  8.487701416015625e-05
r_  generation:  0.0006163120269775391
local_output_nid generation:  3.5762786865234375e-05
local_in_edges_tensor generation:  0.00016236305236816406
mini_batch_src_global generation:  8.988380432128906e-05
r_  generation:  0.0007047653198242188
local_output_nid generation:  3.0279159545898438e-05
local_in_edges_tensor generation:  0.00016450881958007812
mini_batch_src_global generation:  8.082389831542969e-05
r_  generation:  0.0005943775177001953
local_output_nid generation:  2.8133392333984375e-05
local_in_edges_tensor generation:  0.0001571178436279297
mini_batch_src_global generation:  7.224082946777344e-05
r_  generation:  0.0005133152008056641
----------------------check_connections_block total spend ----------------------------- 0.009837865829467773
generate_one_block  0.0020341873168945312
generate_one_block  0.0019783973693847656
generate_one_block  0.0018472671508789062
generate_one_block  0.0020575523376464844
generate_one_block  0.0017642974853515625
generate_one_block  0.0018398761749267578
generate_one_block  0.0017175674438476562
generate_one_block  0.0016124248504638672
-----------------------------------------after block dataloader generation 
 Nvidia-smi: 1.7987060546875 GB
    Memory Allocated: 0.25629615783691406  GigaBytes
Max Memory Allocated: 0.4780235290527344  GigaBytes

connection checking time:  0.013911724090576172
block generation total time  0.024801969528198242
average batch blocks generation time:  0.0031002461910247803
block dataloader generation time/epoch 0.0767052173614502
----------------------------------------before batch_pred = model(blocks, batch_inputs) 
 Nvidia-smi: 1.7987060546875 GB
    Memory Allocated: 0.2581038475036621  GigaBytes
Max Memory Allocated: 0.4780235290527344  GigaBytes

torch.Size([1168, 1433])
torch.Size([468, 32])
-----------------------------------------batch_pred = model(blocks, batch_inputs) 
 Nvidia-smi: 1.7987060546875 GB
    Memory Allocated: 0.47579240798950195  GigaBytes
Max Memory Allocated: 0.4923586845397949  GigaBytes

----------------------------------------before batch_pred = model(blocks, batch_inputs) 
 Nvidia-smi: 1.8299560546875 GB
    Memory Allocated: 0.25791168212890625  GigaBytes
Max Memory Allocated: 0.5947165489196777  GigaBytes

torch.Size([1132, 1433])
torch.Size([442, 32])
-----------------------------------------batch_pred = model(blocks, batch_inputs) 
 Nvidia-smi: 1.8299560546875 GB
    Memory Allocated: 0.4652690887451172  GigaBytes
Max Memory Allocated: 0.5947165489196777  GigaBytes

----------------------------------------before batch_pred = model(blocks, batch_inputs) 
 Nvidia-smi: 1.8299560546875 GB
    Memory Allocated: 0.25768613815307617  GigaBytes
Max Memory Allocated: 0.5947165489196777  GigaBytes

torch.Size([1090, 1433])
torch.Size([402, 32])
-----------------------------------------batch_pred = model(blocks, batch_inputs) 
 Nvidia-smi: 1.8299560546875 GB
    Memory Allocated: 0.44843244552612305  GigaBytes
Max Memory Allocated: 0.5947165489196777  GigaBytes

----------------------------------------before batch_pred = model(blocks, batch_inputs) 
 Nvidia-smi: 1.8299560546875 GB
    Memory Allocated: 0.25859880447387695  GigaBytes
Max Memory Allocated: 0.5947165489196777  GigaBytes

torch.Size([1260, 1433])
torch.Size([510, 32])
-----------------------------------------batch_pred = model(blocks, batch_inputs) 
 Nvidia-smi: 1.8377685546875 GB
    Memory Allocated: 0.498110294342041  GigaBytes
Max Memory Allocated: 0.5947165489196777  GigaBytes

----------------------------------------before batch_pred = model(blocks, batch_inputs) 
 Nvidia-smi: 1.8377685546875 GB
    Memory Allocated: 0.25768327713012695  GigaBytes
Max Memory Allocated: 0.6167798042297363  GigaBytes

torch.Size([948, 1433])
torch.Size([363, 32])
-----------------------------------------batch_pred = model(blocks, batch_inputs) 
 Nvidia-smi: 1.8377685546875 GB
    Memory Allocated: 0.4229555130004883  GigaBytes
Max Memory Allocated: 0.6167798042297363  GigaBytes

----------------------------------------before batch_pred = model(blocks, batch_inputs) 
 Nvidia-smi: 1.8377685546875 GB
    Memory Allocated: 0.25778675079345703  GigaBytes
Max Memory Allocated: 0.6167798042297363  GigaBytes

torch.Size([1109, 1433])
torch.Size([395, 32])
-----------------------------------------batch_pred = model(blocks, batch_inputs) 
 Nvidia-smi: 1.8377685546875 GB
    Memory Allocated: 0.4501957893371582  GigaBytes
Max Memory Allocated: 0.6167798042297363  GigaBytes

----------------------------------------before batch_pred = model(blocks, batch_inputs) 
 Nvidia-smi: 1.8377685546875 GB
    Memory Allocated: 0.25768136978149414  GigaBytes
Max Memory Allocated: 0.6167798042297363  GigaBytes

torch.Size([916, 1433])
torch.Size([350, 32])
-----------------------------------------batch_pred = model(blocks, batch_inputs) 
 Nvidia-smi: 1.8377685546875 GB
    Memory Allocated: 0.4148387908935547  GigaBytes
Max Memory Allocated: 0.6167798042297363  GigaBytes

----------------------------------------before batch_pred = model(blocks, batch_inputs) 
 Nvidia-smi: 1.8377685546875 GB
    Memory Allocated: 0.2563023567199707  GigaBytes
Max Memory Allocated: 0.6167798042297363  GigaBytes

torch.Size([832, 1433])
torch.Size([323, 32])
-----------------------------------------batch_pred = model(blocks, batch_inputs) 
 Nvidia-smi: 1.8377685546875 GB
    Memory Allocated: 0.392794132232666  GigaBytes
Max Memory Allocated: 0.6167798042297363  GigaBytes

times | data loading | block to device | model prediction | loss calculation | loss backward |  optimizer step |
      |0.04966604709625244 |0.0004520416259765625 |0.09219124913215637 |0.00011283159255981445 |0.13340047001838684 |0.009664058685302734 |
----------------------------------------------------------pseudo_mini_loss sum 2.5108392238616943
Total (block generation + training)time/epoch 2.3508660793304443
Training time/epoch 2.2738749980926514
Training time without block to device /epoch 2.270258665084839
Training time without total dataloading part /epoch 1.815300464630127
load block tensor time/epoch 0.39732837677001953
block to device time/epoch 0.0036163330078125
input features size transfer per epoch 1.0728836059570312e-06Using backend: pytorch

blocks size to device per epoch 7.152557373046875e-07
 Run 0| Epoch 1 |
Number of nodes for computation during this epoch:  12460
Number of first layer input nodes during this epoch:  8455
