Using backend: pytorch
main start at this time 1648529962.9775271
-----------------------------------------before load data 
 Nvidia-smi: 0.1717529296875 GB
    Memory Allocated: 0.0  GigaBytes
Max Memory Allocated: 0.0  GigaBytes

  NumNodes: 19717
  NumEdges: 88651
  NumFeats: 500
  NumClasses: 3
  NumTrainingSamples: 60
  NumValidationSamples: 500
  NumTestSamples: 1000
Done loading data from cached files.
success----------------------------------------
60
500
19157
# Nodes: 19717
# Edges: 88648
# Train: 60
# Val: 500
# Test: 19157
# Classes: 3

in feats:  500
----------------------------------------before generate_dataloader_block 
 Nvidia-smi: 1.0369873046875 GB
    Memory Allocated: 0.009057044982910156  GigaBytes
Max Memory Allocated: 0.009057044982910156  GigaBytes

The real block id is  2
get_global_graph_edges_ids_block function  spend 0.0010554790496826172
range selection method range initialization spend 0.00010728836059570312
time for parepare:  5.1975250244140625e-05
local_output_nid generation:  3.790855407714844e-05
local_in_edges_tensor generation:  0.0002307891845703125
mini_batch_src_global generation:  3.4332275390625e-05
r_  generation:  0.0014882087707519531
----------------------check_connections_block total spend ----------------------------- 0.0019683837890625
generate_one_block  0.001689910888671875
The real block id is  1
get_global_graph_edges_ids_block function  spend 0.0008463859558105469
gen group dst list time:  2.3603439331054688e-05
time for parepare:  0.0002853870391845703
local_output_nid generation:  3.743171691894531e-05
local_in_edges_tensor generation:  0.0002655982971191406
mini_batch_src_global generation:  0.00015616416931152344
r_  generation:  0.0014910697937011719
----------------------check_connections_block total spend ----------------------------- 0.002624034881591797
generate_one_block  0.003385305404663086
The real block id is  0
get_global_graph_edges_ids_block function  spend 0.0011358261108398438
gen group dst list time:  6.771087646484375e-05
time for parepare:  0.0008792877197265625
local_output_nid generation:  0.00022077560424804688
local_in_edges_tensor generation:  0.0006017684936523438
mini_batch_src_global generation:  0.0006079673767089844
r_  generation:  0.007820367813110352
----------------------check_connections_block total spend ----------------------------- 0.012273311614990234
generate_one_block  0.010294914245605469
-----------------------------------------after block dataloader generation 
 Nvidia-smi: 1.0369873046875 GB
    Memory Allocated: 0.009057044982910156  GigaBytes
Max Memory Allocated: 0.009057044982910156  GigaBytes

connection checking time:  0.014897346496582031
block generation total time  0.013680219650268555
average batch blocks generation time:  0.013680219650268555
----------------------------------------before batch_pred = model(blocks, batch_inputs) 
 Nvidia-smi: 1.1170654296875 GB
    Memory Allocated: 0.023403644561767578  GigaBytes
Max Memory Allocated: 0.023403644561767578  GigaBytes

torch.Size([7602, 500])
torch.Size([2528, 128])
-----------------------------------------batch_pred = model(blocks, batch_inputs) 
 Nvidia-smi: 1.9080810546875 GB
    Memory Allocated: 0.6565451622009277  GigaBytes
Max Memory Allocated: 0.6709918975830078  GigaBytes

times | data loading | block to device | model prediction | loss calculation | loss backward |  optimizer step |
      |0.0034613609313964844 |0.3416175842285156 |0.6289300918579102 |0.00025963783264160156 |0.2290811538696289 |0.011651039123535156 |
----------------------------------------------------------pseudo_mini_loss sum 1.8389077186584473
 Run 0| Epoch 0 |
Number of nodes for computation during this epoch:  10484
Number of first layer input nodes during this epoch:  7602
----------------------------------------before generate_dataloader_block 
 Nvidia-smi: 1.9080810546875 GB
    Memory Allocated: 0.051349639892578125  GigaBytes
Max Memory Allocated: 0.6709918975830078  GigaBytes

The real block id is  2
get_global_graph_edges_ids_block function  spend 0.0006411075592041016
range selection method range initialization spend 5.602836608886719e-05
time for parepare:  5.221366882324219e-05
local_output_nid generation:  2.288818359375e-05
local_in_edges_tensor generation:  0.0002124309539794922
mini_batch_src_global generation:  3.504753112792969e-05
r_  generation:  0.00013136863708496094
----------------------check_connections_block total spend ----------------------------- 0.0005671977996826172
generate_one_block  0.0015532970428466797
The real block id is  1
get_global_graph_edges_ids_block function  spend 0.0006513595581054688
gen group dst list time:  2.4080276489257812e-05
time for parepare:  0.0003135204315185547
local_output_nid generation:  4.1484832763671875e-05
local_in_edges_tensor generation:  0.0002677440643310547
mini_batch_src_global generation:  0.0001609325408935547
r_  generation:  0.0014138221740722656
----------------------check_connections_block total spend ----------------------------- 0.0025925636291503906
generate_one_block  0.0034637451171875
The real block id is  0
get_global_graph_edges_ids_block function  spend 0.001146078109741211
gen group dst list time:  8.559226989746094e-05
time for parepare:  0.0008666515350341797
local_output_nid generation:  0.00023794174194335938
local_in_edges_tensor generation:  0.0006127357482910156
mini_batch_src_global generation:  0.0007200241088867188
r_  generation:  0.007799386978149414
----------------------check_connections_block total spend ----------------------------- 0.012568235397338867
generate_one_block  0.010010242462158203
-----------------------------------------after block dataloader generation 
 Nvidia-smi: 1.9080810546875 GB
    Memory Allocated: 0.051349639892578125  GigaBytes
Max Memory Allocated: 0.6709918975830078  GigaBytes

connection checking time:  0.015160799026489258
block generation total time  0.013473987579345703
average batch blocks generation time:  0.013473987579345703
block dataloader generation time/epoch 0.045604705810546875
----------------------------------------before batch_pred = model(blocks, batch_inputs) 
 Nvidia-smi: 1.9080810546875 GB
    Memory Allocated: 0.05142784118652344  GigaBytes
Max Memory Allocated: 0.6709918975830078  GigaBytes

torch.Size([7772, 500])
torch.Size([2544, 128])
-----------------------------------------batch_pred = model(blocks, batch_inputs) 
 Nvidia-smi: 1.9295654296875 GB
    Memory Allocated: 0.6976819038391113  GigaBytes
Max Memory Allocated: 0.7116255760192871  GigaBytes

times | data loading | block to device | model prediction | loss calculation | loss backward |  optimizer step |
      |0.0032820701599121094 |0.00058746337890625 |0.13471722602844238 |0.0001323223114013672 |0.23180103302001953 |0.006578683853149414 |
----------------------------------------------------------pseudo_mini_loss sum 1.5131102800369263
Total (block generation + training)time/epoch 0.42549705505371094
Training time/epoch 0.37970399856567383
Training time without block to device /epoch 0.3791165351867676
Training time without total dataloading part /epoch 0.3732292652130127
load block tensor time/epoch 0.0032820701599121094
block to device time/epoch 0.00058746337890625
input features size transfer per epoch 1.341104507446289e-07
blocks size to device per epoch 8.940696716308594e-08
 Run 0| Epoch 1 |
Number of nodes for computation during this epoch:  10670
Number of first layer input nodes during this epoch:  7772
