main start at this time 1648529868.5907345
-----------------------------------------before load data 
 Nvidia-smi: 0.1717529296875 GB
    Memory Allocated: 0.0  GigaBytes
Max Memory Allocated: 0.0  GigaBytes

  NumNodes: 19717
  NumEdges: 88651
  NumFeats: 500
  NumClasses: 3
  NumTrainingSamples: 60
  NumValidationSamples: 500
  NumTestSamples: 1000
Done loading data from cached files.
success----------------------------------------
60
500
19157
# Nodes: 19717
# Edges: 88648
# Train: 60
# Val: 500
# Test: 19157
# Classes: 3

in feats:  500
----------------------------------------before generate_dataloader_block 
 Nvidia-smi: 1.0369873046875 GB
    Memory Allocated: 0.007989883422851562  GigaBytes
Max Memory Allocated: 0.007989883422851562  GigaBytes

The real block id is  2
get_global_graph_edges_ids_block function  spend 0.0022280216217041016
range selection method range initialization spend 7.724761962890625e-05
time for parepare:  4.863739013671875e-05
local_output_nid generation:  8.344650268554688e-06
local_in_edges_tensor generation:  0.0001971721649169922
mini_batch_src_global generation:  2.5272369384765625e-05
r_  generation:  0.0013654232025146484
local_output_nid generation:  5.9604644775390625e-06
local_in_edges_tensor generation:  0.00013303756713867188
mini_batch_src_global generation:  2.47955322265625e-05
r_  generation:  3.0517578125e-05
local_output_nid generation:  4.5299530029296875e-06
local_in_edges_tensor generation:  0.00010418891906738281
mini_batch_src_global generation:  1.5020370483398438e-05
r_  generation:  1.7404556274414062e-05
local_output_nid generation:  5.0067901611328125e-06
local_in_edges_tensor generation:  9.942054748535156e-05
mini_batch_src_global generation:  1.4781951904296875e-05
r_  generation:  2.0503997802734375e-05
local_output_nid generation:  4.5299530029296875e-06
local_in_edges_tensor generation:  9.942054748535156e-05
mini_batch_src_global generation:  1.5497207641601562e-05
r_  generation:  2.384185791015625e-05
local_output_nid generation:  4.76837158203125e-06
local_in_edges_tensor generation:  0.00010585784912109375
mini_batch_src_global generation:  1.7642974853515625e-05
r_  generation:  3.457069396972656e-05
local_output_nid generation:  4.76837158203125e-06
local_in_edges_tensor generation:  0.00010347366333007812
mini_batch_src_global generation:  1.7404556274414062e-05
r_  generation:  3.314018249511719e-05
local_output_nid generation:  3.5762786865234375e-06
local_in_edges_tensor generation:  0.00010156631469726562
mini_batch_src_global generation:  1.621246337890625e-05
r_  generation:  2.574920654296875e-05
----------------------check_connections_block total spend ----------------------------- 0.0030841827392578125
generate_one_block  0.0013005733489990234
generate_one_block  0.0010592937469482422
generate_one_block  0.0010423660278320312
generate_one_block  0.0010349750518798828
generate_one_block  0.001039266586303711
generate_one_block  0.0010466575622558594
generate_one_block  0.0010704994201660156
generate_one_block  0.0010390281677246094
The real block id is  1
get_global_graph_edges_ids_block function  spend 0.0011022090911865234
gen group dst list time:  5.3882598876953125e-05
time for parepare:  0.00026726722717285156
local_output_nid generation:  5.4836273193359375e-06
local_in_edges_tensor generation:  0.00018596649169921875
mini_batch_src_global generation:  4.00543212890625e-05
r_  generation:  0.0002574920654296875
local_output_nid generation:  5.0067901611328125e-06
local_in_edges_tensor generation:  0.00012183189392089844
mini_batch_src_global generation:  3.719329833984375e-05
r_  generation:  0.00013256072998046875
local_output_nid generation:  2.86102294921875e-06
local_in_edges_tensor generation:  0.00011301040649414062
mini_batch_src_global generation:  2.6702880859375e-05
r_  generation:  9.012222290039062e-05
local_output_nid generation:  4.0531158447265625e-06
local_in_edges_tensor generation:  0.0001800060272216797
mini_batch_src_global generation:  3.170967102050781e-05
r_  generation:  0.0001761913299560547
local_output_nid generation:  4.5299530029296875e-06
local_in_edges_tensor generation:  0.00011873245239257812
mini_batch_src_global generation:  2.9802322387695312e-05
r_  generation:  0.0001766681671142578
local_output_nid generation:  5.9604644775390625e-06
local_in_edges_tensor generation:  0.00011849403381347656
mini_batch_src_global generation:  3.24249267578125e-05
r_  generation:  0.00021123886108398438
local_output_nid generation:  9.059906005859375e-06
local_in_edges_tensor generation:  0.00011873245239257812
mini_batch_src_global generation:  4.38690185546875e-05
r_  generation:  0.0002932548522949219
local_output_nid generation:  5.0067901611328125e-06
local_in_edges_tensor generation:  0.00011682510375976562
mini_batch_src_global generation:  3.075599670410156e-05
r_  generation:  0.00012803077697753906
----------------------check_connections_block total spend ----------------------------- 0.0036840438842773438
generate_one_block  0.0013859272003173828
generate_one_block  0.0012004375457763672
generate_one_block  0.0011315345764160156
generate_one_block  0.0012831687927246094
generate_one_block  0.0012505054473876953
generate_one_block  0.0013003349304199219
generate_one_block  0.0014312267303466797
generate_one_block  0.0012159347534179688
The real block id is  0
get_global_graph_edges_ids_block function  spend 0.0013706684112548828
gen group dst list time:  0.00010013580322265625
time for parepare:  0.0008699893951416016
local_output_nid generation:  3.62396240234375e-05
local_in_edges_tensor generation:  0.0003037452697753906
mini_batch_src_global generation:  0.00017905235290527344
r_  generation:  0.0018148422241210938
local_output_nid generation:  2.3603439331054688e-05
local_in_edges_tensor generation:  0.00016689300537109375
mini_batch_src_global generation:  0.0001895427703857422
r_  generation:  0.0011942386627197266
local_output_nid generation:  1.8596649169921875e-05
local_in_edges_tensor generation:  0.000152587890625
mini_batch_src_global generation:  7.462501525878906e-05
r_  generation:  0.00046372413635253906
local_output_nid generation:  3.790855407714844e-05
local_in_edges_tensor generation:  0.00017547607421875
mini_batch_src_global generation:  0.00010538101196289062
r_  generation:  0.001108407974243164
local_output_nid generation:  3.647804260253906e-05
local_in_edges_tensor generation:  0.00018286705017089844
mini_batch_src_global generation:  0.00012874603271484375
r_  generation:  0.0011746883392333984
local_output_nid generation:  3.933906555175781e-05
local_in_edges_tensor generation:  0.00018262863159179688
mini_batch_src_global generation:  0.00013780593872070312
r_  generation:  0.0013244152069091797
local_output_nid generation:  5.507469177246094e-05
local_in_edges_tensor generation:  0.00021076202392578125
mini_batch_src_global generation:  0.0002205371856689453
r_  generation:  0.002206087112426758
local_output_nid generation:  2.288818359375e-05
local_in_edges_tensor generation:  0.00016069412231445312
mini_batch_src_global generation:  0.00012636184692382812
r_  generation:  0.0007238388061523438
----------------------check_connections_block total spend ----------------------------- 0.016547441482543945
generate_one_block  0.003379344940185547
generate_one_block  0.0025043487548828125
generate_one_block  0.0014357566833496094
generate_one_block  0.002240896224975586
generate_one_block  0.0023190975189208984
generate_one_block  0.0025196075439453125
generate_one_block  0.0037026405334472656
generate_one_block  0.0017647743225097656
-----------------------------------------after block dataloader generation 
 Nvidia-smi: 1.0369873046875 GB
    Memory Allocated: 0.007989883422851562  GigaBytes
Max Memory Allocated: 0.007989883422851562  GigaBytes

connection checking time:  0.02023148536682129
block generation total time  0.030065536499023438
average batch blocks generation time:  0.0037581920623779297
----------------------------------------before batch_pred = model(blocks, batch_inputs) 
 Nvidia-smi: 1.1014404296875 GB
    Memory Allocated: 0.011734962463378906  GigaBytes
Max Memory Allocated: 0.011734962463378906  GigaBytes

torch.Size([1981, 500])
torch.Size([443, 64])
-----------------------------------------batch_pred = model(blocks, batch_inputs) 
 Nvidia-smi: 1.4002685546875 GB
    Memory Allocated: 0.19819355010986328  GigaBytes
Max Memory Allocated: 0.20839977264404297  GigaBytes

----------------------------------------before batch_pred = model(blocks, batch_inputs) 
 Nvidia-smi: 1.4022216796875 GB
    Memory Allocated: 0.021617412567138672  GigaBytes
Max Memory Allocated: 0.20969486236572266  GigaBytes

torch.Size([2505, 500])
torch.Size([259, 64])
-----------------------------------------batch_pred = model(blocks, batch_inputs) 
 Nvidia-smi: 1.4022216796875 GB
    Memory Allocated: 0.13686084747314453  GigaBytes
Max Memory Allocated: 0.20969486236572266  GigaBytes

----------------------------------------before batch_pred = model(blocks, batch_inputs) 
 Nvidia-smi: 1.4217529296875 GB
    Memory Allocated: 0.01848459243774414  GigaBytes
Max Memory Allocated: 0.20969486236572266  GigaBytes

torch.Size([683, 500])
torch.Size([213, 64])
-----------------------------------------batch_pred = model(blocks, batch_inputs) 
 Nvidia-smi: 1.4217529296875 GB
    Memory Allocated: 0.056377410888671875  GigaBytes
Max Memory Allocated: 0.20969486236572266  GigaBytes

----------------------------------------before batch_pred = model(blocks, batch_inputs) 
 Nvidia-smi: 1.4217529296875 GB
    Memory Allocated: 0.020674705505371094  GigaBytes
Max Memory Allocated: 0.20969486236572266  GigaBytes

torch.Size([1856, 500])
torch.Size([437, 64])
-----------------------------------------batch_pred = model(blocks, batch_inputs) 
 Nvidia-smi: 1.4217529296875 GB
    Memory Allocated: 0.1227407455444336  GigaBytes
Max Memory Allocated: 0.20969486236572266  GigaBytes

----------------------------------------before batch_pred = model(blocks, batch_inputs) 
 Nvidia-smi: 1.4217529296875 GB
    Memory Allocated: 0.020998001098632812  GigaBytes
Max Memory Allocated: 0.20969486236572266  GigaBytes

torch.Size([2173, 500])
torch.Size([400, 64])
-----------------------------------------batch_pred = model(blocks, batch_inputs) 
 Nvidia-smi: 1.4217529296875 GB
    Memory Allocated: 0.1302180290222168  GigaBytes
Max Memory Allocated: 0.20969486236572266  GigaBytes

----------------------------------------before batch_pred = model(blocks, batch_inputs) 
 Nvidia-smi: 1.4217529296875 GB
    Memory Allocated: 0.020723342895507812  GigaBytes
Max Memory Allocated: 0.20969486236572266  GigaBytes

torch.Size([2023, 500])
torch.Size([451, 64])
-----------------------------------------batch_pred = model(blocks, batch_inputs) 
 Nvidia-smi: 1.4217529296875 GB
    Memory Allocated: 0.14434003829956055  GigaBytes
Max Memory Allocated: 0.20969486236572266  GigaBytes

----------------------------------------before batch_pred = model(blocks, batch_inputs) 
 Nvidia-smi: 1.4217529296875 GB
    Memory Allocated: 0.023200511932373047  GigaBytes
Max Memory Allocated: 0.20969486236572266  GigaBytes

torch.Size([2933, 500])
torch.Size([628, 64])
-----------------------------------------batch_pred = model(blocks, batch_inputs) 
 Nvidia-smi: 1.4451904296875 GB
    Memory Allocated: 0.23459625244140625  GigaBytes
Max Memory Allocated: 0.24624013900756836  GigaBytes

----------------------------------------before batch_pred = model(blocks, batch_inputs) 
 Nvidia-smi: 1.4451904296875 GB
    Memory Allocated: 0.0191497802734375  GigaBytes
Max Memory Allocated: 0.24624013900756836  GigaBytes

torch.Size([1187, 500])
torch.Size([224, 64])
-----------------------------------------batch_pred = model(blocks, batch_inputs) 
 Nvidia-smi: 1.4451904296875 GB
    Memory Allocated: 0.08615446090698242  GigaBytes
Max Memory Allocated: 0.24624013900756836  GigaBytes

times | data loading | block to device | model prediction | loss calculation | loss backward |  optimizer step |
      |0.001880049705505371 |0.04505735635757446 |0.20833075046539307 |0.00014269351959228516 |0.25455376505851746 |0.00831913948059082 |
----------------------------------------------------------pseudo_mini_loss sum 2.2106516361236572
 Run 0| Epoch 0 |
Number of nodes for computation during this epoch:  18752
Number of first layer input nodes during this epoch:  15341
----------------------------------------before generate_dataloader_block 
 Nvidia-smi: 1.4647216796875 GB
    Memory Allocated: 0.03515148162841797  GigaBytes
Max Memory Allocated: 0.24624013900756836  GigaBytes

The real block id is  2
get_global_graph_edges_ids_block function  spend 0.0006320476531982422
range selection method range initialization spend 7.176399230957031e-05
time for parepare:  7.700920104980469e-05
local_output_nid generation:  8.106231689453125e-06
local_in_edges_tensor generation:  0.00022864341735839844
mini_batch_src_global generation:  2.574920654296875e-05
r_  generation:  5.14984130859375e-05
local_output_nid generation:  5.245208740234375e-06
local_in_edges_tensor generation:  0.00013327598571777344
mini_batch_src_global generation:  2.09808349609375e-05
r_  generation:  4.029273986816406e-05
local_output_nid generation:  5.245208740234375e-06
local_in_edges_tensor generation:  0.00013113021850585938
mini_batch_src_global generation:  2.002716064453125e-05
r_  generation:  2.86102294921875e-05
local_output_nid generation:  5.245208740234375e-06
local_in_edges_tensor generation:  0.00012540817260742188
mini_batch_src_global generation:  2.0265579223632812e-05
r_  generation:  2.7179718017578125e-05
local_output_nid generation:  4.76837158203125e-06
local_in_edges_tensor generation:  0.000125885009765625
mini_batch_src_global generation:  1.8835067749023438e-05
r_  generation:  2.4557113647460938e-05
local_output_nid generation:  4.76837158203125e-06
local_in_edges_tensor generation:  0.0001239776611328125
mini_batch_src_global generation:  1.7881393432617188e-05
r_  generation:  1.9311904907226562e-05
local_output_nid generation:  5.245208740234375e-06
local_in_edges_tensor generation:  0.00012183189392089844
mini_batch_src_global generation:  1.7642974853515625e-05
r_  generation:  3.170967102050781e-05
local_output_nid generation:  3.337860107421875e-06
local_in_edges_tensor generation:  0.00012373924255371094
mini_batch_src_global generation:  1.8835067749023438e-05
r_  generation:  2.6464462280273438e-05
----------------------check_connections_block total spend ----------------------------- 0.0020744800567626953
generate_one_block  0.0014324188232421875
generate_one_block  0.0013132095336914062
generate_one_block  0.0012695789337158203
generate_one_block  0.00128173828125
generate_one_block  0.0016705989837646484
generate_one_block  0.0012710094451904297
generate_one_block  0.0012664794921875
generate_one_block  0.0012552738189697266
The real block id is  1
get_global_graph_edges_ids_block function  spend 0.0006451606750488281
gen group dst list time:  7.176399230957031e-05
time for parepare:  0.00038743019104003906
local_output_nid generation:  1.1205673217773438e-05
local_in_edges_tensor generation:  0.0002276897430419922
mini_batch_src_global generation:  4.6253204345703125e-05
r_  generation:  0.0002646446228027344
local_output_nid generation:  1.0728836059570312e-05
local_in_edges_tensor generation:  0.00015115737915039062
mini_batch_src_global generation:  4.553794860839844e-05
r_  generation:  0.0002474784851074219
local_output_nid generation:  7.152557373046875e-06
local_in_edges_tensor generation:  0.00014257431030273438
mini_batch_src_global generation:  4.0531158447265625e-05
r_  generation:  0.00020003318786621094
local_output_nid generation:  6.67572021484375e-06
local_in_edges_tensor generation:  0.00013756752014160156
mini_batch_src_global generation:  3.1948089599609375e-05
r_  generation:  0.00013494491577148438
local_output_nid generation:  8.106231689453125e-06
local_in_edges_tensor generation:  0.0001342296600341797
mini_batch_src_global generation:  2.9802322387695312e-05
r_  generation:  0.0001316070556640625
local_output_nid generation:  5.245208740234375e-06
local_in_edges_tensor generation:  0.00013566017150878906
mini_batch_src_global generation:  3.4332275390625e-05
r_  generation:  0.00018334388732910156
local_output_nid generation:  1.0013580322265625e-05
local_in_edges_tensor generation:  0.00016307830810546875
mini_batch_src_global generation:  6.771087646484375e-05
r_  generation:  0.000370025634765625
local_output_nid generation:  9.059906005859375e-06
local_in_edges_tensor generation:  0.00015425682067871094
mini_batch_src_global generation:  5.221366882324219e-05
r_  generation:  0.0002624988555908203
----------------------check_connections_block total spend ----------------------------- 0.004676103591918945
generate_one_block  0.0016682147979736328
generate_one_block  0.0015652179718017578
generate_one_block  0.0015189647674560547
generate_one_block  0.0014023780822753906
generate_one_block  0.0014045238494873047
generate_one_block  0.0014920234680175781
generate_one_block  0.00145721435546875
generate_one_block  0.00124359130859375
The real block id is  0
get_global_graph_edges_ids_block function  spend 0.0011806488037109375
gen group dst list time:  0.0001423358917236328
time for parepare:  0.001196146011352539
local_output_nid generation:  7.152557373046875e-05
local_in_edges_tensor generation:  0.0004420280456542969
mini_batch_src_global generation:  0.00020813941955566406
r_  generation:  0.0015347003936767578
local_output_nid generation:  4.601478576660156e-05
local_in_edges_tensor generation:  0.00022530555725097656
mini_batch_src_global generation:  0.00022363662719726562
r_  generation:  0.0014340877532958984
local_output_nid generation:  5.1975250244140625e-05
local_in_edges_tensor generation:  0.0002276897430419922
mini_batch_src_global generation:  0.00015163421630859375
r_  generation:  0.001355886459350586
local_output_nid generation:  3.314018249511719e-05
local_in_edges_tensor generation:  0.00019741058349609375
mini_batch_src_global generation:  9.632110595703125e-05
r_  generation:  0.0006256103515625
local_output_nid generation:  2.6941299438476562e-05
local_in_edges_tensor generation:  0.00019979476928710938
mini_batch_src_global generation:  0.00011992454528808594
r_  generation:  0.001056671142578125
local_output_nid generation:  4.935264587402344e-05
local_in_edges_tensor generation:  0.00021839141845703125
mini_batch_src_global generation:  0.00014519691467285156
r_  generation:  0.0013425350189208984
local_output_nid generation:  8.20159912109375e-05
local_in_edges_tensor generation:  0.000274658203125
mini_batch_src_global generation:  0.0003256797790527344
r_  generation:  0.004570484161376953
local_output_nid generation:  4.935264587402344e-05
local_in_edges_tensor generation:  0.0004265308380126953
mini_batch_src_global generation:  0.00024366378784179688
r_  generation:  0.0016055107116699219
----------------------check_connections_block total spend ----------------------------- 0.022629737854003906
generate_one_block  0.0033648014068603516
generate_one_block  0.0025687217712402344
generate_one_block  0.0023775100708007812
generate_one_block  0.0015728473663330078
generate_one_block  0.002074718475341797
generate_one_block  0.0022826194763183594
generate_one_block  0.003857851028442383
generate_one_block  0.0031757354736328125
-----------------------------------------after block dataloader generation 
 Nvidia-smi: 1.4647216796875 GB
    Memory Allocated: 0.03515148162841797  GigaBytes
Max Memory Allocated: 0.24624013900756836  GigaBytes

connection checking time:  0.02730584144592285
block generation total time  0.033026933670043945
average batch blocks generation time:  0.004128366708755493
block dataloader generation time/epoch 0.13581466674804688
----------------------------------------before batch_pred = model(blocks, batch_inputs) 
 Nvidia-smi: 1.4647216796875 GB
    Memory Allocated: 0.03699350357055664  GigaBytes
Max Memory Allocated: 0.24624013900756836  GigaBytes

torch.Size([2184, 500])
torch.Size([452, 64])
-----------------------------------------batch_pred = model(blocks, batch_inputs) 
 Nvidia-smi: 1.4647216796875 GB
    Memory Allocated: 0.14845609664916992  GigaBytes
Max Memory Allocated: 0.24624013900756836  GigaBytes

----------------------------------------before batch_pred = model(blocks, batch_inputs) 
 Nvidia-smi: 1.4647216796875 GB
    Memory Allocated: 0.037255287170410156  GigaBytes
Max Memory Allocated: 0.24624013900756836  GigaBytes

torch.Size([2325, 500])
torch.Size([385, 64])
-----------------------------------------batch_pred = model(blocks, batch_inputs) 
 Nvidia-smi: 1.4647216796875 GB
    Memory Allocated: 0.14455795288085938  GigaBytes
Max Memory Allocated: 0.24624013900756836  GigaBytes

----------------------------------------before batch_pred = model(blocks, batch_inputs) 
 Nvidia-smi: 1.4647216796875 GB
    Memory Allocated: 0.036602020263671875  GigaBytes
Max Memory Allocated: 0.24624013900756836  GigaBytes

torch.Size([1858, 500])
torch.Size([389, 64])
-----------------------------------------batch_pred = model(blocks, batch_inputs) 
 Nvidia-smi: 1.4647216796875 GB
    Memory Allocated: 0.13540363311767578  GigaBytes
Max Memory Allocated: 0.24624013900756836  GigaBytes

----------------------------------------before batch_pred = model(blocks, batch_inputs) 
 Nvidia-smi: 1.4647216796875 GB
    Memory Allocated: 0.035401344299316406  GigaBytes
Max Memory Allocated: 0.24624013900756836  GigaBytes

torch.Size([906, 500])
torch.Size([225, 64])
-----------------------------------------batch_pred = model(blocks, batch_inputs) 
 Nvidia-smi: 1.4647216796875 GB
    Memory Allocated: 0.0767202377319336  GigaBytes
Max Memory Allocated: 0.24624013900756836  GigaBytes

----------------------------------------before batch_pred = model(blocks, batch_inputs) 
 Nvidia-smi: 1.4647216796875 GB
    Memory Allocated: 0.0366058349609375  GigaBytes
Max Memory Allocated: 0.24624013900756836  GigaBytes

torch.Size([1693, 500])
torch.Size([203, 64])
-----------------------------------------batch_pred = model(blocks, batch_inputs) 
 Nvidia-smi: 1.4647216796875 GB
    Memory Allocated: 0.11800718307495117  GigaBytes
Max Memory Allocated: 0.24624013900756836  GigaBytes

----------------------------------------before batch_pred = model(blocks, batch_inputs) 
 Nvidia-smi: 1.4647216796875 GB
    Memory Allocated: 0.03664684295654297  GigaBytes
Max Memory Allocated: 0.24624013900756836  GigaBytes

torch.Size([1552, 500])
torch.Size([364, 64])
-----------------------------------------batch_pred = model(blocks, batch_inputs) 
 Nvidia-smi: 1.4647216796875 GB
    Memory Allocated: 0.13367319107055664  GigaBytes
Max Memory Allocated: 0.24624013900756836  GigaBytes

----------------------------------------before batch_pred = model(blocks, batch_inputs) 
 Nvidia-smi: 1.4647216796875 GB
    Memory Allocated: 0.037718772888183594  GigaBytes
Max Memory Allocated: 0.24624013900756836  GigaBytes

torch.Size([2555, 500])
torch.Size([593, 64])
-----------------------------------------batch_pred = model(blocks, batch_inputs) 
 Nvidia-smi: 1.4822998046875 GB
    Memory Allocated: 0.26764535903930664  GigaBytes
Max Memory Allocated: 0.2800631523132324  GigaBytes

----------------------------------------before batch_pred = model(blocks, batch_inputs) 
 Nvidia-smi: 1.4822998046875 GB
    Memory Allocated: 0.036713600158691406  GigaBytes
Max Memory Allocated: 0.2800631523132324  GigaBytes

torch.Size([2024, 500])
torch.Size([450, 64])
-----------------------------------------batch_pred = model(blocks, batch_inputs) 
 Nvidia-smi: 1.4822998046875 GB
    Memory Allocated: 0.2090301513671875  GigaBytes
Max Memory Allocated: 0.2800631523132324  GigaBytes

times | data loading | block to device | model prediction | loss calculation | loss backward |  optimizer step |
      |0.005179733037948608 |0.001339644193649292 |0.15082988142967224 |0.0001493990421295166 |0.24911260604858398 |0.007597208023071289 |
----------------------------------------------------------pseudo_mini_loss sum 1.7333991527557373
Total (block generation + training)time/epoch 3.4125163555145264
Training time/epoch 3.2763922214508057
Training time without block to device /epoch 3.2656750679016113
Training time without total dataloading part /epoch 3.2083323001861572
load block tensor time/epoch 0.04143786430358887
block to device time/epoch 0.010717153549194336
input features size transfer per epoch 1.0728836059570312e-06Using backend: pytorch

blocks size to device per epoch 7.152557373046875e-07
 Run 0| Epoch 1 |
Number of nodes for computation during this epoch:  18514
Number of first layer input nodes during this epoch:  15097
