main start at this time 1648531808.8110354
-----------------------------------------before load data 
 Nvidia-smi: 0.1717529296875 GB
    Memory Allocated: 0.0  GigaBytes
Max Memory Allocated: 0.0  GigaBytes

  NumNodes: 19717
  NumEdges: 88651
  NumFeats: 500
  NumClasses: 3
  NumTrainingSamples: 60
  NumValidationSamples: 500
  NumTestSamples: 1000
Done loading data from cached files.
success----------------------------------------
60
500
19157
# Nodes: 19717
# Edges: 88648
# Train: 60
# Val: 500
# Test: 19157
# Classes: 3

in feats:  500
----------------------------------------before generate_dataloader_block 
 Nvidia-smi: 1.0174560546875 GB
    Memory Allocated: 0.0003414154052734375  GigaBytes
Max Memory Allocated: 0.0003414154052734375  GigaBytes

The real block id is  4
get_global_graph_edges_ids_block function  spend 0.0014290809631347656
random selection method range initialization spend 0.00018525123596191406
time for parepare:  4.696846008300781e-05
local_output_nid generation:  2.002716064453125e-05
local_in_edges_tensor generation:  0.00019025802612304688
mini_batch_src_global generation:  2.6226043701171875e-05
r_  generation:  0.001478433609008789
local_output_nid generation:  4.76837158203125e-06
local_in_edges_tensor generation:  0.00012874603271484375
mini_batch_src_global generation:  2.3126602172851562e-05
r_  generation:  2.2649765014648438e-05
local_output_nid generation:  3.814697265625e-06
local_in_edges_tensor generation:  0.00010228157043457031
mini_batch_src_global generation:  1.4781951904296875e-05
r_  generation:  1.4781951904296875e-05
local_output_nid generation:  3.5762786865234375e-06
local_in_edges_tensor generation:  9.584426879882812e-05
mini_batch_src_global generation:  1.5497207641601562e-05
r_  generation:  2.5987625122070312e-05
local_output_nid generation:  3.5762786865234375e-06
local_in_edges_tensor generation:  9.632110595703125e-05
mini_batch_src_global generation:  1.52587890625e-05
r_  generation:  2.3126602172851562e-05
local_output_nid generation:  3.337860107421875e-06
local_in_edges_tensor generation:  0.00015807151794433594
mini_batch_src_global generation:  1.6927719116210938e-05
r_  generation:  1.52587890625e-05
local_output_nid generation:  3.5762786865234375e-06
local_in_edges_tensor generation:  0.00010228157043457031
mini_batch_src_global generation:  1.430511474609375e-05
r_  generation:  1.3589859008789062e-05
local_output_nid generation:  3.5762786865234375e-06
local_in_edges_tensor generation:  9.441375732421875e-05
mini_batch_src_global generation:  1.430511474609375e-05
r_  generation:  1.621246337890625e-05
local_output_nid generation:  3.337860107421875e-06
local_in_edges_tensor generation:  9.441375732421875e-05
mini_batch_src_global generation:  1.4781951904296875e-05
r_  generation:  1.7881393432617188e-05
local_output_nid generation:  3.337860107421875e-06
local_in_edges_tensor generation:  9.417533874511719e-05
mini_batch_src_global generation:  1.430511474609375e-05
r_  generation:  1.71661376953125e-05
local_output_nid generation:  3.5762786865234375e-06
local_in_edges_tensor generation:  9.393692016601562e-05
mini_batch_src_global generation:  1.4066696166992188e-05
r_  generation:  1.6927719116210938e-05
local_output_nid generation:  3.337860107421875e-06
local_in_edges_tensor generation:  9.441375732421875e-05
mini_batch_src_global generation:  1.430511474609375e-05
r_  generation:  1.8835067749023438e-05
local_output_nid generation:  3.337860107421875e-06
local_in_edges_tensor generation:  9.465217590332031e-05
mini_batch_src_global generation:  1.4066696166992188e-05
r_  generation:  1.1682510375976562e-05
local_output_nid generation:  3.0994415283203125e-06
local_in_edges_tensor generation:  0.000102996826171875
mini_batch_src_global generation:  1.5020370483398438e-05
r_  generation:  1.4781951904296875e-05
local_output_nid generation:  3.0994415283203125e-06
local_in_edges_tensor generation:  9.465217590332031e-05
mini_batch_src_global generation:  1.4781951904296875e-05
r_  generation:  2.3126602172851562e-05
----------------------check_connections_block total spend ----------------------------- 0.0043141841888427734
generate_one_block  0.001249551773071289
generate_one_block  0.0010492801666259766
generate_one_block  0.001033782958984375
generate_one_block  0.0010585784912109375
generate_one_block  0.0010464191436767578
generate_one_block  0.0010342597961425781
generate_one_block  0.0010793209075927734
generate_one_block  0.0010385513305664062
generate_one_block  0.0010395050048828125
generate_one_block  0.001070261001586914
generate_one_block  0.0009539127349853516
generate_one_block  0.0009729862213134766
generate_one_block  0.0009944438934326172
generate_one_block  0.0009515285491943359
generate_one_block  0.0009958744049072266
The real block id is  3
get_global_graph_edges_ids_block function  spend 0.00084686279296875
gen group dst list time:  8.106231689453125e-05
time for parepare:  0.0002639293670654297
local_output_nid generation:  7.62939453125e-06
local_in_edges_tensor generation:  0.00019097328186035156
mini_batch_src_global generation:  3.719329833984375e-05
r_  generation:  0.00016927719116210938
local_output_nid generation:  3.337860107421875e-06
local_in_edges_tensor generation:  0.00011181831359863281
mini_batch_src_global generation:  2.5510787963867188e-05
r_  generation:  6.270408630371094e-05
local_output_nid generation:  1.9073486328125e-06
local_in_edges_tensor generation:  0.00010395050048828125
mini_batch_src_global generation:  1.8358230590820312e-05
r_  generation:  3.981590270996094e-05
local_output_nid generation:  5.9604644775390625e-06
local_in_edges_tensor generation:  0.0001087188720703125
mini_batch_src_global generation:  4.4345855712890625e-05
r_  generation:  0.00028514862060546875
local_output_nid generation:  4.76837158203125e-06
local_in_edges_tensor generation:  0.00011372566223144531
mini_batch_src_global generation:  3.886222839355469e-05
r_  generation:  0.00014448165893554688
local_output_nid generation:  2.384185791015625e-06
local_in_edges_tensor generation:  0.00010395050048828125
mini_batch_src_global generation:  1.9788742065429688e-05
r_  generation:  4.267692565917969e-05
local_output_nid generation:  2.6226043701171875e-06
local_in_edges_tensor generation:  0.00010180473327636719
mini_batch_src_global generation:  1.9311904907226562e-05
r_  generation:  5.9604644775390625e-05
local_output_nid generation:  3.814697265625e-06
local_in_edges_tensor generation:  0.00010228157043457031
mini_batch_src_global generation:  1.9788742065429688e-05
r_  generation:  7.510185241699219e-05
local_output_nid generation:  3.5762786865234375e-06
local_in_edges_tensor generation:  0.00010180473327636719
mini_batch_src_global generation:  2.384185791015625e-05
r_  generation:  0.00011134147644042969
local_output_nid generation:  3.337860107421875e-06
local_in_edges_tensor generation:  0.00010323524475097656
mini_batch_src_global generation:  2.1696090698242188e-05
r_  generation:  8.249282836914062e-05
local_output_nid generation:  3.337860107421875e-06
local_in_edges_tensor generation:  0.0001049041748046875
mini_batch_src_global generation:  2.4080276489257812e-05
r_  generation:  0.00011610984802246094
local_output_nid generation:  4.0531158447265625e-06
local_in_edges_tensor generation:  0.00010609626770019531
mini_batch_src_global generation:  2.5510787963867188e-05
r_  generation:  0.00012636184692382812
local_output_nid generation:  1.6689300537109375e-06
local_in_edges_tensor generation:  0.00010180473327636719
mini_batch_src_global generation:  1.8596649169921875e-05
r_  generation:  4.3392181396484375e-05
local_output_nid generation:  2.6226043701171875e-06
local_in_edges_tensor generation:  9.942054748535156e-05
mini_batch_src_global generation:  1.6927719116210938e-05
r_  generation:  4.792213439941406e-05
local_output_nid generation:  4.0531158447265625e-06
local_in_edges_tensor generation:  0.0001010894775390625
mini_batch_src_global generation:  1.9550323486328125e-05
r_  generation:  7.510185241699219e-05
----------------------check_connections_block total spend ----------------------------- 0.004637956619262695
generate_one_block  0.0012907981872558594
generate_one_block  0.0011143684387207031
generate_one_block  0.0010633468627929688
generate_one_block  0.0014333724975585938
generate_one_block  0.0012311935424804688
generate_one_block  0.0011184215545654297
generate_one_block  0.0011191368103027344
generate_one_block  0.0011298656463623047
generate_one_block  0.0011830329895019531
generate_one_block  0.0011615753173828125
generate_one_block  0.0010917186737060547
generate_one_block  0.0011138916015625
generate_one_block  0.0009849071502685547
generate_one_block  0.0010266304016113281
generate_one_block  0.0011150836944580078
The real block id is  2
get_global_graph_edges_ids_block function  spend 0.0010571479797363281
gen group dst list time:  0.00012922286987304688
time for parepare:  0.0007584095001220703
local_output_nid generation:  2.86102294921875e-05
local_in_edges_tensor generation:  0.0002772808074951172
mini_batch_src_global generation:  8.916854858398438e-05
r_  generation:  0.0008969306945800781
local_output_nid generation:  1.0728836059570312e-05
local_in_edges_tensor generation:  0.00013566017150878906
mini_batch_src_global generation:  6.628036499023438e-05
r_  generation:  0.0003733634948730469
local_output_nid generation:  7.62939453125e-06
local_in_edges_tensor generation:  0.0001251697540283203
mini_batch_src_global generation:  3.910064697265625e-05
r_  generation:  0.000186920166015625
local_output_nid generation:  3.814697265625e-05
local_in_edges_tensor generation:  0.00018739700317382812
mini_batch_src_global generation:  0.00022983551025390625
r_  generation:  0.0020220279693603516
local_output_nid generation:  2.6464462280273438e-05
local_in_edges_tensor generation:  0.000164031982421875
mini_batch_src_global generation:  0.00012803077697753906
r_  generation:  0.0008285045623779297
local_output_nid generation:  8.106231689453125e-06
local_in_edges_tensor generation:  0.0001308917999267578
mini_batch_src_global generation:  4.506111145019531e-05
r_  generation:  0.00013065338134765625
local_output_nid generation:  1.3828277587890625e-05
local_in_edges_tensor generation:  0.00012922286987304688
mini_batch_src_global generation:  5.221366882324219e-05
r_  generation:  0.00036978721618652344
local_output_nid generation:  1.3113021850585938e-05
local_in_edges_tensor generation:  0.00012922286987304688
mini_batch_src_global generation:  4.267692565917969e-05
r_  generation:  0.0002791881561279297
local_output_nid generation:  2.1696090698242188e-05
local_in_edges_tensor generation:  0.00014066696166992188
mini_batch_src_global generation:  6.794929504394531e-05
r_  generation:  0.0006403923034667969
local_output_nid generation:  1.4543533325195312e-05
local_in_edges_tensor generation:  0.00013971328735351562
mini_batch_src_global generation:  8.559226989746094e-05
r_  generation:  0.0007405281066894531
local_output_nid generation:  2.288818359375e-05
local_in_edges_tensor generation:  0.00015544891357421875
mini_batch_src_global generation:  9.703636169433594e-05
r_  generation:  0.0008995532989501953
local_output_nid generation:  2.6941299438476562e-05
local_in_edges_tensor generation:  0.00016188621520996094
mini_batch_src_global generation:  0.00010418891906738281
r_  generation:  0.0009677410125732422
local_output_nid generation:  9.298324584960938e-06
local_in_edges_tensor generation:  0.00013184547424316406
mini_batch_src_global generation:  5.936622619628906e-05
r_  generation:  0.00025177001953125
local_output_nid generation:  7.867813110351562e-06
local_in_edges_tensor generation:  0.00012350082397460938
mini_batch_src_global generation:  3.647804260253906e-05
r_  generation:  0.000202178955078125
local_output_nid generation:  1.0251998901367188e-05
local_in_edges_tensor generation:  0.00012135505676269531
mini_batch_src_global generation:  3.266334533691406e-05
r_  generation:  0.00022554397583007812
----------------------check_connections_block total spend ----------------------------- 0.016185283660888672
generate_one_block  0.0026116371154785156
generate_one_block  0.0013451576232910156
generate_one_block  0.0011446475982666016
generate_one_block  0.0033419132232666016
generate_one_block  0.0019402503967285156
generate_one_block  0.0010457038879394531
generate_one_block  0.0013349056243896484
generate_one_block  0.0012221336364746094
generate_one_block  0.0016932487487792969
generate_one_block  0.0017800331115722656
generate_one_block  0.001973867416381836
generate_one_block  0.0020558834075927734
generate_one_block  0.001556396484375
generate_one_block  0.0011823177337646484
generate_one_block  0.0011551380157470703
The real block id is  1
get_global_graph_edges_ids_block function  spend 0.0020742416381835938
gen group dst list time:  0.00030303001403808594
time for parepare:  0.0016362667083740234
local_output_nid generation:  0.0001366138458251953
local_in_edges_tensor generation:  0.0006093978881835938
mini_batch_src_global generation:  0.0004906654357910156
r_  generation:  0.004268169403076172
local_output_nid generation:  7.152557373046875e-05
local_in_edges_tensor generation:  0.0002377033233642578
mini_batch_src_global generation:  0.0003039836883544922
r_  generation:  0.0020973682403564453
local_output_nid generation:  3.9577484130859375e-05
local_in_edges_tensor generation:  0.00018596649169921875
mini_batch_src_global generation:  0.0001697540283203125
r_  generation:  0.001470804214477539
local_output_nid generation:  0.0001537799835205078
local_in_edges_tensor generation:  0.00039505958557128906
mini_batch_src_global generation:  0.0005400180816650391
r_  generation:  0.0060024261474609375
local_output_nid generation:  0.00012373924255371094
local_in_edges_tensor generation:  0.0003237724304199219
mini_batch_src_global generation:  0.0005350112915039062
r_  generation:  0.004145145416259766
local_output_nid generation:  1.9550323486328125e-05
local_in_edges_tensor generation:  0.00013899803161621094
mini_batch_src_global generation:  0.00014972686767578125
r_  generation:  0.0005123615264892578
local_output_nid generation:  6.246566772460938e-05
local_in_edges_tensor generation:  0.0002052783966064453
mini_batch_src_global generation:  0.00021576881408691406
r_  generation:  0.002608776092529297
local_output_nid generation:  4.1484832763671875e-05
local_in_edges_tensor generation:  0.00016546249389648438
mini_batch_src_global generation:  0.00016236305236816406
r_  generation:  0.0011074542999267578
local_output_nid generation:  8.988380432128906e-05
local_in_edges_tensor generation:  0.0002448558807373047
mini_batch_src_global generation:  0.0002551078796386719
r_  generation:  0.0030748844146728516
local_output_nid generation:  0.00012350082397460938
local_in_edges_tensor generation:  0.0002932548522949219
mini_batch_src_global generation:  0.0004203319549560547
r_  generation:  0.0044002532958984375
local_output_nid generation:  0.0001354217529296875
local_in_edges_tensor generation:  0.0003218650817871094
mini_batch_src_global generation:  0.0004782676696777344
r_  generation:  0.004706382751464844
local_output_nid generation:  0.00012612342834472656
local_in_edges_tensor generation:  0.00032806396484375
mini_batch_src_global generation:  0.0006227493286132812
r_  generation:  0.005608320236206055
local_output_nid generation:  4.2438507080078125e-05
local_in_edges_tensor generation:  0.0001723766326904297
mini_batch_src_global generation:  0.0002765655517578125
r_  generation:  0.0015583038330078125
local_output_nid generation:  4.076957702636719e-05
local_in_edges_tensor generation:  0.00016951560974121094
mini_batch_src_global generation:  0.0001747608184814453
r_  generation:  0.0015518665313720703
local_output_nid generation:  2.8848648071289062e-05
local_in_edges_tensor generation:  0.00015091896057128906
mini_batch_src_global generation:  0.0001049041748046875
r_  generation:  0.0006887912750244141
----------------------check_connections_block total spend ----------------------------- 0.06693291664123535
generate_one_block  0.006606340408325195
generate_one_block  0.003500699996948242
generate_one_block  0.0027043819427490234
generate_one_block  0.008219480514526367
generate_one_block  0.006351470947265625
generate_one_block  0.001531839370727539
generate_one_block  0.0044803619384765625
generate_one_block  0.002351522445678711
generate_one_block  0.00597071647644043
generate_one_block  0.006630420684814453
generate_one_block  0.0071506500244140625
generate_one_block  0.008884191513061523
generate_one_block  0.003633737564086914
generate_one_block  0.0031642913818359375
generate_one_block  0.0017216205596923828
The real block id is  0
get_global_graph_edges_ids_block function  spend 0.002176523208618164
gen group dst list time:  0.0015926361083984375
time for parepare:  0.0018455982208251953
local_output_nid generation:  0.0005629062652587891
local_in_edges_tensor generation:  0.0013751983642578125
mini_batch_src_global generation:  0.0010879039764404297
r_  generation:  0.011859416961669922
local_output_nid generation:  0.00030422210693359375
local_in_edges_tensor generation:  0.0005755424499511719
mini_batch_src_global generation:  0.0008873939514160156
r_  generation:  0.0071239471435546875
local_output_nid generation:  0.0002779960632324219
local_in_edges_tensor generation:  0.0005695819854736328
mini_batch_src_global generation:  0.0005681514739990234
r_  generation:  0.006195545196533203
local_output_nid generation:  0.0004355907440185547
local_in_edges_tensor generation:  0.0007369518280029297
mini_batch_src_global generation:  0.0010061264038085938
r_  generation:  0.011446714401245117
local_output_nid generation:  0.000591278076171875
local_in_edges_tensor generation:  0.0012252330780029297
mini_batch_src_global generation:  0.001177072525024414
r_  generation:  0.013790607452392578
local_output_nid generation:  0.00011157989501953125
local_in_edges_tensor generation:  0.0002689361572265625
mini_batch_src_global generation:  0.0004734992980957031
r_  generation:  0.0025446414947509766
local_output_nid generation:  0.0003998279571533203
local_in_edges_tensor generation:  0.000675201416015625
mini_batch_src_global generation:  0.0006582736968994141
r_  generation:  0.008556365966796875
local_output_nid generation:  0.0002269744873046875
local_in_edges_tensor generation:  0.00038909912109375
mini_batch_src_global generation:  0.0005376338958740234
r_  generation:  0.004925966262817383
local_output_nid generation:  0.0004506111145019531
local_in_edges_tensor generation:  0.0007007122039794922
mini_batch_src_global generation:  0.0009570121765136719
r_  generation:  0.012049674987792969
local_output_nid generation:  0.0004813671112060547
local_in_edges_tensor generation:  0.0011467933654785156
mini_batch_src_global generation:  0.0012400150299072266
r_  generation:  0.012204885482788086
local_output_nid generation:  0.0006089210510253906
local_in_edges_tensor generation:  0.0011131763458251953
mini_batch_src_global generation:  0.0011296272277832031
r_  generation:  0.01509547233581543
local_output_nid generation:  0.0007252693176269531
local_in_edges_tensor generation:  0.0012407302856445312
mini_batch_src_global generation:  0.0018913745880126953
r_  generation:  0.017138004302978516
local_output_nid generation:  0.00023221969604492188
local_in_edges_tensor generation:  0.00045371055603027344
mini_batch_src_global generation:  0.0007951259613037109
r_  generation:  0.0064754486083984375
local_output_nid generation:  0.0003306865692138672
local_in_edges_tensor generation:  0.0005946159362792969
mini_batch_src_global generation:  0.0007464885711669922
r_  generation:  0.007961750030517578
local_output_nid generation:  0.00012063980102539062
local_in_edges_tensor generation:  0.0002720355987548828
mini_batch_src_global generation:  0.00039577484130859375
r_  generation:  0.0027098655700683594
----------------------check_connections_block total spend ----------------------------- 0.20636606216430664
generate_one_block  0.015735149383544922
generate_one_block  0.010350465774536133
generate_one_block  0.009931802749633789
generate_one_block  0.015144109725952148
generate_one_block  0.01869678497314453
generate_one_block  0.00559234619140625
generate_one_block  0.012830018997192383
generate_one_block  0.0076580047607421875
generate_one_block  0.015176773071289062
generate_one_block  0.017003297805786133
generate_one_block  0.02021050453186035
generate_one_block  0.021859169006347656
generate_one_block  0.010155200958251953
generate_one_block  0.011276721954345703
generate_one_block  0.0041463375091552734
-----------------------------------------after block dataloader generation 
 Nvidia-smi: 1.0174560546875 GB
    Memory Allocated: 0.0003414154052734375  GigaBytes
Max Memory Allocated: 0.0003414154052734375  GigaBytes

connection checking time:  0.29412221908569336
block generation total time  0.31122899055480957
average batch blocks generation time:  0.020748599370320638
----------------------------------------before batch_pred = model(blocks, batch_inputs) 
 Nvidia-smi: 1.1053466796875 GB
    Memory Allocated: 0.024174213409423828  GigaBytes
Max Memory Allocated: 0.024174213409423828  GigaBytes

torch.Size([12123, 500])
torch.Size([6010, 64])
torch.Size([1558, 64])
torch.Size([349, 64])
-----------------------------------------batch_pred = model(blocks, batch_inputs) 
 Nvidia-smi: 1.2889404296875 GB
    Memory Allocated: 0.03127336502075195  GigaBytes
Max Memory Allocated: 0.03167724609375  GigaBytes

----------------------------------------before batch_pred = model(blocks, batch_inputs) 
 Nvidia-smi: 1.2947998046875 GB
    Memory Allocated: 0.01677417755126953  GigaBytes
Max Memory Allocated: 0.039983272552490234  GigaBytes

torch.Size([8518, 500])
torch.Size([3132, 64])
torch.Size([728, 64])
torch.Size([96, 64])
-----------------------------------------batch_pred = model(blocks, batch_inputs) 
 Nvidia-smi: 1.2947998046875 GB
    Memory Allocated: 0.020320415496826172  GigaBytes
Max Memory Allocated: 0.039983272552490234  GigaBytes

----------------------------------------before batch_pred = model(blocks, batch_inputs) 
 Nvidia-smi: 1.2967529296875 GB
    Memory Allocated: 0.014144420623779297  GigaBytes
Max Memory Allocated: 0.039983272552490234  GigaBytes

torch.Size([7116, 500])
torch.Size([2661, 64])
torch.Size([329, 64])
torch.Size([65, 64])
-----------------------------------------batch_pred = model(blocks, batch_inputs) 
 Nvidia-smi: 1.2967529296875 GB
    Memory Allocated: 0.016860485076904297  GigaBytes
Max Memory Allocated: 0.039983272552490234  GigaBytes

----------------------------------------before batch_pred = model(blocks, batch_inputs) 
 Nvidia-smi: 1.2967529296875 GB
    Memory Allocated: 0.019148826599121094  GigaBytes
Max Memory Allocated: 0.039983272552490234  GigaBytes

torch.Size([9648, 500])
torch.Size([5074, 64])
torch.Size([1837, 64])
torch.Size([491, 64])
-----------------------------------------batch_pred = model(blocks, batch_inputs) 
 Nvidia-smi: 1.2967529296875 GB
    Memory Allocated: 0.026404857635498047  GigaBytes
Max Memory Allocated: 0.039983272552490234  GigaBytes

----------------------------------------before batch_pred = model(blocks, batch_inputs) 
 Nvidia-smi: 1.3221435546875 GB
    Memory Allocated: 0.024607181549072266  GigaBytes
Max Memory Allocated: 0.04212760925292969  GigaBytes

torch.Size([12604, 500])
torch.Size([6431, 64])
torch.Size([1327, 64])
torch.Size([300, 64])
-----------------------------------------batch_pred = model(blocks, batch_inputs) 
 Nvidia-smi: 1.3240966796875 GB
    Memory Allocated: 0.03217506408691406  GigaBytes
Max Memory Allocated: 0.04212760925292969  GigaBytes

----------------------------------------before batch_pred = model(blocks, batch_inputs) 
 Nvidia-smi: 1.3240966796875 GB
    Memory Allocated: 0.007987022399902344  GigaBytes
Max Memory Allocated: 0.04212760925292969  GigaBytes

torch.Size([3884, 500])
torch.Size([1044, 64])
torch.Size([165, 64])
torch.Size([72, 64])
-----------------------------------------batch_pred = model(blocks, batch_inputs) 
 Nvidia-smi: 1.3240966796875 GB
    Memory Allocated: 0.009136676788330078  GigaBytes
Max Memory Allocated: 0.04212760925292969  GigaBytes

----------------------------------------before batch_pred = model(blocks, batch_inputs) 
 Nvidia-smi: 1.3240966796875 GB
    Memory Allocated: 0.016866683959960938  GigaBytes
Max Memory Allocated: 0.04212760925292969  GigaBytes

torch.Size([8522, 500])
torch.Size([4240, 64])
torch.Size([651, 64])
torch.Size([134, 64])
-----------------------------------------batch_pred = model(blocks, batch_inputs) 
 Nvidia-smi: 1.3240966796875 GB
    Memory Allocated: 0.02132129669189453  GigaBytes
Max Memory Allocated: 0.04212760925292969  GigaBytes

----------------------------------------before batch_pred = model(blocks, batch_inputs) 
 Nvidia-smi: 1.3240966796875 GB
    Memory Allocated: 0.013758659362792969  GigaBytes
Max Memory Allocated: 0.04212760925292969  GigaBytes

torch.Size([6934, 500])
torch.Size([2258, 64])
torch.Size([405, 64])
torch.Size([132, 64])
-----------------------------------------batch_pred = model(blocks, batch_inputs) 
 Nvidia-smi: 1.3240966796875 GB
    Memory Allocated: 0.016271591186523438  GigaBytes
Max Memory Allocated: 0.04212760925292969  GigaBytes

----------------------------------------before batch_pred = model(blocks, batch_inputs) 
 Nvidia-smi: 1.3240966796875 GB
    Memory Allocated: 0.02221965789794922  GigaBytes
Max Memory Allocated: 0.04212760925292969  GigaBytes

torch.Size([11357, 500])
torch.Size([5034, 64])
torch.Size([1031, 64])
torch.Size([223, 64])
-----------------------------------------batch_pred = model(blocks, batch_inputs) 
 Nvidia-smi: 1.3240966796875 GB
    Memory Allocated: 0.02786111831665039  GigaBytes
Max Memory Allocated: 0.04212760925292969  GigaBytes

----------------------------------------before batch_pred = model(blocks, batch_inputs) 
 Nvidia-smi: 1.3240966796875 GB
    Memory Allocated: 0.021457195281982422  GigaBytes
Max Memory Allocated: 0.042168617248535156  GigaBytes

torch.Size([10917, 500])
torch.Size([5132, 64])
torch.Size([1439, 64])
torch.Size([163, 64])
-----------------------------------------batch_pred = model(blocks, batch_inputs) 
 Nvidia-smi: 1.3240966796875 GB
    Memory Allocated: 0.027585983276367188  GigaBytes
Max Memory Allocated: 0.042168617248535156  GigaBytes

----------------------------------------before batch_pred = model(blocks, batch_inputs) 
 Nvidia-smi: 1.3514404296875 GB
    Memory Allocated: 0.02738475799560547  GigaBytes
Max Memory Allocated: 0.04721832275390625  GigaBytes

torch.Size([14068, 500])
torch.Size([6799, 64])
torch.Size([1713, 64])
torch.Size([271, 64])
-----------------------------------------batch_pred = model(blocks, batch_inputs) 
 Nvidia-smi: 1.3514404296875 GB
    Memory Allocated: 0.03526878356933594  GigaBytes
Max Memory Allocated: 0.04721832275390625  GigaBytes

----------------------------------------before batch_pred = model(blocks, batch_inputs) 
 Nvidia-smi: 1.3787841796875 GB
    Memory Allocated: 0.028614044189453125  GigaBytes
Max Memory Allocated: 0.054227352142333984  GigaBytes

torch.Size([14324, 500])
torch.Size([8834, 64])
torch.Size([1679, 64])
torch.Size([329, 64])
-----------------------------------------batch_pred = model(blocks, batch_inputs) 
 Nvidia-smi: 1.3807373046875 GB
    Memory Allocated: 0.03820371627807617  GigaBytes
Max Memory Allocated: 0.054227352142333984  GigaBytes

----------------------------------------before batch_pred = model(blocks, batch_inputs) 
 Nvidia-smi: 1.3807373046875 GB
    Memory Allocated: 0.013911247253417969  GigaBytes
Max Memory Allocated: 0.054227352142333984  GigaBytes

torch.Size([6985, 500])
torch.Size([2417, 64])
torch.Size([406, 64])
torch.Size([84, 64])
-----------------------------------------batch_pred = model(blocks, batch_inputs) 
 Nvidia-smi: 1.3807373046875 GB
    Memory Allocated: 0.01654052734375  GigaBytes
Max Memory Allocated: 0.054227352142333984  GigaBytes

----------------------------------------before batch_pred = model(blocks, batch_inputs) 
 Nvidia-smi: 1.3807373046875 GB
    Memory Allocated: 0.017458438873291016  GigaBytes
Max Memory Allocated: 0.054227352142333984  GigaBytes

torch.Size([8872, 500])
torch.Size([3355, 64])
torch.Size([395, 64])
torch.Size([68, 64])
-----------------------------------------batch_pred = model(blocks, batch_inputs) 
 Nvidia-smi: 1.3807373046875 GB
    Memory Allocated: 0.020836353302001953  GigaBytes
Max Memory Allocated: 0.054227352142333984  GigaBytes

----------------------------------------before batch_pred = model(blocks, batch_inputs) 
 Nvidia-smi: 1.3807373046875 GB
    Memory Allocated: 0.008456707000732422  GigaBytes
Max Memory Allocated: 0.054227352142333984  GigaBytes

torch.Size([4129, 500])
torch.Size([1185, 64])
torch.Size([345, 64])
torch.Size([101, 64])
-----------------------------------------batch_pred = model(blocks, batch_inputs) 
 Nvidia-smi: 1.3807373046875 GB
    Memory Allocated: 0.009975433349609375  GigaBytes
Max Memory Allocated: 0.054227352142333984  GigaBytes

times | data loading | block to device | model prediction | loss calculation | loss backward |  optimizer step |
      |0.0047736008961995445 |0.0234555721282959 |0.0572383721669515 |0.00015130043029785157 |0.0036668300628662108 |0.004896879196166992 |
----------------------------------------------------------pseudo_mini_loss sum 2.4756815433502197
 Run 0| Epoch 0 |
Number of nodes for computation during this epoch:  220850
Number of first layer input nodes during this epoch:  140001
----------------------------------------before generate_dataloader_block 
 Nvidia-smi: 1.3807373046875 GB
    Memory Allocated: 0.009331703186035156  GigaBytes
Max Memory Allocated: 0.054227352142333984  GigaBytes

The real block id is  4
get_global_graph_edges_ids_block function  spend 0.0009343624114990234
random selection method range initialization spend 0.00019431114196777344
time for parepare:  9.822845458984375e-05
local_output_nid generation:  9.5367431640625e-06
local_in_edges_tensor generation:  0.00030517578125
mini_batch_src_global generation:  4.0531158447265625e-05
r_  generation:  6.270408630371094e-05
local_output_nid generation:  8.106231689453125e-06
local_in_edges_tensor generation:  0.00021529197692871094
mini_batch_src_global generation:  3.1948089599609375e-05
r_  generation:  3.24249267578125e-05
local_output_nid generation:  7.3909759521484375e-06
local_in_edges_tensor generation:  0.0002052783966064453
mini_batch_src_global generation:  2.9802322387695312e-05
r_  generation:  2.6226043701171875e-05
local_output_nid generation:  6.9141387939453125e-06
local_in_edges_tensor generation:  0.00018262863159179688
mini_batch_src_global generation:  2.1219253540039062e-05
r_  generation:  3.886222839355469e-05
local_output_nid generation:  5.0067901611328125e-06
local_in_edges_tensor generation:  0.00014495849609375
mini_batch_src_global generation:  2.1696090698242188e-05
r_  generation:  2.4080276489257812e-05
local_output_nid generation:  4.76837158203125e-06
local_in_edges_tensor generation:  0.0001347064971923828
mini_batch_src_global generation:  1.9550323486328125e-05
r_  generation:  1.811981201171875e-05
local_output_nid generation:  4.76837158203125e-06
local_in_edges_tensor generation:  0.00013375282287597656
mini_batch_src_global generation:  2.0265579223632812e-05
r_  generation:  2.3126602172851562e-05
local_output_nid generation:  4.291534423828125e-06
local_in_edges_tensor generation:  0.00013184547424316406
mini_batch_src_global generation:  2.0503997802734375e-05
r_  generation:  3.147125244140625e-05
local_output_nid generation:  4.291534423828125e-06
local_in_edges_tensor generation:  0.00013184547424316406
mini_batch_src_global generation:  2.0503997802734375e-05
r_  generation:  2.288818359375e-05
local_output_nid generation:  4.291534423828125e-06
local_in_edges_tensor generation:  0.0001323223114013672
mini_batch_src_global generation:  1.9311904907226562e-05
r_  generation:  2.1457672119140625e-05
local_output_nid generation:  4.291534423828125e-06
local_in_edges_tensor generation:  0.00013113021850585938
mini_batch_src_global generation:  1.9073486328125e-05
r_  generation:  1.7404556274414062e-05
local_output_nid generation:  4.5299530029296875e-06
local_in_edges_tensor generation:  0.0001316070556640625
mini_batch_src_global generation:  2.0265579223632812e-05
r_  generation:  2.7894973754882812e-05
local_output_nid generation:  4.291534423828125e-06
local_in_edges_tensor generation:  0.0001327991485595703
mini_batch_src_global generation:  2.0265579223632812e-05
r_  generation:  2.956390380859375e-05
local_output_nid generation:  5.245208740234375e-06
local_in_edges_tensor generation:  0.000148773193359375
mini_batch_src_global generation:  2.1457672119140625e-05
r_  generation:  2.8371810913085938e-05
local_output_nid generation:  5.245208740234375e-06
local_in_edges_tensor generation:  0.0001380443572998047
mini_batch_src_global generation:  2.0265579223632812e-05
r_  generation:  2.2649765014648438e-05
----------------------check_connections_block total spend ----------------------------- 0.004293680191040039
generate_one_block  0.001493692398071289
generate_one_block  0.0016932487487792969
generate_one_block  0.0013659000396728516
generate_one_block  0.0014014244079589844
generate_one_block  0.001107931137084961
generate_one_block  0.0010132789611816406
generate_one_block  0.0010204315185546875
generate_one_block  0.0010209083557128906
generate_one_block  0.000993490219116211
generate_one_block  0.0009911060333251953
generate_one_block  0.0009975433349609375
generate_one_block  0.0009992122650146484
generate_one_block  0.000993967056274414
generate_one_block  0.001009225845336914
generate_one_block  0.0009694099426269531
The real block id is  3
get_global_graph_edges_ids_block function  spend 0.0006372928619384766
gen group dst list time:  8.487701416015625e-05
time for parepare:  0.0002799034118652344
local_output_nid generation:  5.245208740234375e-06
local_in_edges_tensor generation:  0.00018358230590820312
mini_batch_src_global generation:  3.981590270996094e-05
r_  generation:  0.00016546249389648438
local_output_nid generation:  3.0994415283203125e-06
local_in_edges_tensor generation:  0.00011229515075683594
mini_batch_src_global generation:  3.0040740966796875e-05
r_  generation:  9.107589721679688e-05
local_output_nid generation:  2.6226043701171875e-06
local_in_edges_tensor generation:  0.00010609626770019531
mini_batch_src_global generation:  1.8835067749023438e-05
r_  generation:  3.695487976074219e-05
local_output_nid generation:  7.3909759521484375e-06
local_in_edges_tensor generation:  0.00010824203491210938
mini_batch_src_global generation:  2.288818359375e-05
r_  generation:  0.00011706352233886719
local_output_nid generation:  3.5762786865234375e-06
local_in_edges_tensor generation:  0.00010800361633300781
mini_batch_src_global generation:  2.9325485229492188e-05
r_  generation:  0.00012111663818359375
local_output_nid generation:  2.384185791015625e-06
local_in_edges_tensor generation:  0.00019669532775878906
mini_batch_src_global generation:  2.574920654296875e-05
r_  generation:  5.650520324707031e-05
local_output_nid generation:  3.337860107421875e-06
local_in_edges_tensor generation:  0.00011515617370605469
mini_batch_src_global generation:  2.1457672119140625e-05
r_  generation:  7.748603820800781e-05
local_output_nid generation:  5.4836273193359375e-06
local_in_edges_tensor generation:  0.00010752677917480469
mini_batch_src_global generation:  2.1696090698242188e-05
r_  generation:  9.083747863769531e-05
local_output_nid generation:  3.337860107421875e-06
local_in_edges_tensor generation:  0.00010609626770019531
mini_batch_src_global generation:  2.288818359375e-05
r_  generation:  9.036064147949219e-05
local_output_nid generation:  3.0994415283203125e-06
local_in_edges_tensor generation:  0.00010395050048828125
mini_batch_src_global generation:  2.002716064453125e-05
r_  generation:  6.198883056640625e-05
local_output_nid generation:  2.6226043701171875e-06
local_in_edges_tensor generation:  0.00010275840759277344
mini_batch_src_global generation:  2.1696090698242188e-05
r_  generation:  8.0108642578125e-05
local_output_nid generation:  5.0067901611328125e-06
local_in_edges_tensor generation:  0.0001068115234375
mini_batch_src_global generation:  2.4080276489257812e-05
r_  generation:  0.0001220703125
local_output_nid generation:  4.291534423828125e-06
local_in_edges_tensor generation:  0.0001087188720703125
mini_batch_src_global generation:  3.170967102050781e-05
r_  generation:  0.00017261505126953125
local_output_nid generation:  4.5299530029296875e-06
local_in_edges_tensor generation:  0.00010967254638671875
mini_batch_src_global generation:  3.4332275390625e-05
r_  generation:  0.00018024444580078125
local_output_nid generation:  3.337860107421875e-06
local_in_edges_tensor generation:  0.0001087188720703125
mini_batch_src_global generation:  2.4557113647460938e-05
r_  generation:  6.961822509765625e-05
----------------------check_connections_block total spend ----------------------------- 0.00487518310546875
generate_one_block  0.001247406005859375
generate_one_block  0.0011167526245117188
generate_one_block  0.0010318756103515625
generate_one_block  0.0011467933654785156
generate_one_block  0.0011630058288574219
generate_one_block  0.0010650157928466797
generate_one_block  0.0010983943939208984
generate_one_block  0.0011196136474609375
generate_one_block  0.0011169910430908203
generate_one_block  0.0010590553283691406
generate_one_block  0.0011143684387207031
generate_one_block  0.0011534690856933594
generate_one_block  0.0011749267578125
generate_one_block  0.0011856555938720703
generate_one_block  0.0009849071502685547
The real block id is  2
get_global_graph_edges_ids_block function  spend 0.0010538101196289062
gen group dst list time:  0.0001270771026611328
time for parepare:  0.0007786750793457031
local_output_nid generation:  3.0517578125e-05
local_in_edges_tensor generation:  0.00026917457580566406
mini_batch_src_global generation:  0.00010752677917480469
r_  generation:  0.0009000301361083984
local_output_nid generation:  2.2172927856445312e-05
local_in_edges_tensor generation:  0.0001506805419921875
mini_batch_src_global generation:  8.916854858398438e-05
r_  generation:  0.0005691051483154297
local_output_nid generation:  6.9141387939453125e-06
local_in_edges_tensor generation:  0.0001246929168701172
mini_batch_src_global generation:  3.981590270996094e-05
r_  generation:  9.989738464355469e-05
local_output_nid generation:  2.09808349609375e-05
local_in_edges_tensor generation:  0.00013494491577148438
mini_batch_src_global generation:  5.125999450683594e-05
r_  generation:  0.0004940032958984375
local_output_nid generation:  2.2172927856445312e-05
local_in_edges_tensor generation:  0.00014495849609375
mini_batch_src_global generation:  7.343292236328125e-05
r_  generation:  0.0006046295166015625
local_output_nid generation:  1.3589859008789062e-05
local_in_edges_tensor generation:  0.00013446807861328125
mini_batch_src_global generation:  4.792213439941406e-05
r_  generation:  0.00025391578674316406
local_output_nid generation:  1.430511474609375e-05
local_in_edges_tensor generation:  0.0001316070556640625
mini_batch_src_global generation:  5.53131103515625e-05
r_  generation:  0.0004737377166748047
local_output_nid generation:  1.6927719116210938e-05
local_in_edges_tensor generation:  0.00013637542724609375
mini_batch_src_global generation:  6.437301635742188e-05
r_  generation:  0.0005006790161132812
local_output_nid generation:  1.9788742065429688e-05
local_in_edges_tensor generation:  0.0001442432403564453
mini_batch_src_global generation:  8.344650268554688e-05
r_  generation:  0.0007596015930175781
local_output_nid generation:  1.0728836059570312e-05
local_in_edges_tensor generation:  0.0001385211944580078
mini_batch_src_global generation:  6.437301635742188e-05
r_  generation:  0.0004057884216308594
local_output_nid generation:  2.0503997802734375e-05
local_in_edges_tensor generation:  0.0001456737518310547
mini_batch_src_global generation:  6.747245788574219e-05
r_  generation:  0.0005869865417480469
local_output_nid generation:  2.574920654296875e-05
local_in_edges_tensor generation:  0.00015425682067871094
mini_batch_src_global generation:  8.416175842285156e-05
r_  generation:  0.0007357597351074219
local_output_nid generation:  2.8848648071289062e-05
local_in_edges_tensor generation:  0.00016641616821289062
mini_batch_src_global generation:  0.00015115737915039062
r_  generation:  0.0013630390167236328
local_output_nid generation:  3.0994415283203125e-05
local_in_edges_tensor generation:  0.00016880035400390625
mini_batch_src_global generation:  0.0001773834228515625
r_  generation:  0.0014696121215820312
local_output_nid generation:  1.2159347534179688e-05
local_in_edges_tensor generation:  0.00013899803161621094
mini_batch_src_global generation:  8.440017700195312e-05
r_  generation:  0.00038933753967285156
----------------------check_connections_block total spend ----------------------------- 0.017078161239624023
generate_one_block  0.0022954940795898438
generate_one_block  0.0015850067138671875
generate_one_block  0.0010159015655517578
generate_one_block  0.0014722347259521484
generate_one_block  0.0015654563903808594
generate_one_block  0.0012135505676269531
generate_one_block  0.0014488697052001953
generate_one_block  0.0015101432800292969
generate_one_block  0.001852273941040039
generate_one_block  0.001531362533569336
generate_one_block  0.001596212387084961
generate_one_block  0.0031261444091796875
generate_one_block  0.0026373863220214844
generate_one_block  0.0025482177734375
generate_one_block  0.001405954360961914
The real block id is  1
get_global_graph_edges_ids_block function  spend 0.0020096302032470703
gen group dst list time:  0.0003509521484375
time for parepare:  0.0015213489532470703
local_output_nid generation:  0.00013184547424316406
local_in_edges_tensor generation:  0.00058746337890625
mini_batch_src_global generation:  0.00036144256591796875
r_  generation:  0.004334688186645508
local_output_nid generation:  9.489059448242188e-05
local_in_edges_tensor generation:  0.00028777122497558594
mini_batch_src_global generation:  0.00043582916259765625
r_  generation:  0.0036470890045166016
local_output_nid generation:  1.7642974853515625e-05
local_in_edges_tensor generation:  0.00015044212341308594
mini_batch_src_global generation:  0.00014734268188476562
r_  generation:  0.0005333423614501953
local_output_nid generation:  7.605552673339844e-05
local_in_edges_tensor generation:  0.0002269744873046875
mini_batch_src_global generation:  0.00015592575073242188
r_  generation:  0.0019028186798095703
local_output_nid generation:  7.772445678710938e-05
local_in_edges_tensor generation:  0.00025010108947753906
mini_batch_src_global generation:  0.00026345252990722656
r_  generation:  0.0028433799743652344
local_output_nid generation:  5.626678466796875e-05
local_in_edges_tensor generation:  0.0002086162567138672
mini_batch_src_global generation:  0.00022745132446289062
r_  generation:  0.0019037723541259766
local_output_nid generation:  7.176399230957031e-05
local_in_edges_tensor generation:  0.000247955322265625
mini_batch_src_global generation:  0.00027561187744140625
r_  generation:  0.0025377273559570312
local_output_nid generation:  9.250640869140625e-05
local_in_edges_tensor generation:  0.00024580955505371094
mini_batch_src_global generation:  0.00027370452880859375
r_  generation:  0.0026826858520507812
local_output_nid generation:  0.00013494491577148438
local_in_edges_tensor generation:  0.0003256797790527344
mini_batch_src_global generation:  0.0004200935363769531
r_  generation:  0.004531383514404297
local_output_nid generation:  7.939338684082031e-05
local_in_edges_tensor generation:  0.0002377033233642578
mini_batch_src_global generation:  0.0003497600555419922
r_  generation:  0.0030164718627929688
local_output_nid generation:  9.179115295410156e-05
local_in_edges_tensor generation:  0.0002644062042236328
mini_batch_src_global generation:  0.00038170814514160156
r_  generation:  0.0038788318634033203
local_output_nid generation:  0.00010395050048828125
local_in_edges_tensor generation:  0.00031685829162597656
mini_batch_src_global generation:  0.0004296302795410156
r_  generation:  0.004080533981323242
local_output_nid generation:  0.0001246929168701172
local_in_edges_tensor generation:  0.0003383159637451172
mini_batch_src_global generation:  0.0005748271942138672
r_  generation:  0.0058057308197021484
local_output_nid generation:  0.00013709068298339844
local_in_edges_tensor generation:  0.00032401084899902344
mini_batch_src_global generation:  0.0005674362182617188
r_  generation:  0.00530552864074707
local_output_nid generation:  7.891654968261719e-05
local_in_edges_tensor generation:  0.00021982192993164062
mini_batch_src_global generation:  0.0003044605255126953
r_  generation:  0.0021653175354003906
----------------------check_connections_block total spend ----------------------------- 0.07403969764709473
generate_one_block  0.0066988468170166016
generate_one_block  0.00555419921875
generate_one_block  0.0015099048614501953
generate_one_block  0.0031576156616210938
generate_one_block  0.00445556640625
generate_one_block  0.004699230194091797
generate_one_block  0.0045795440673828125
generate_one_block  0.0056035518646240234
generate_one_block  0.006838321685791016
generate_one_block  0.004624843597412109
generate_one_block  0.006125450134277344
generate_one_block  0.006434202194213867
generate_one_block  0.008288860321044922
generate_one_block  0.007808685302734375
generate_one_block  0.003690481185913086
The real block id is  0
get_global_graph_edges_ids_block function  spend 0.002210855484008789
gen group dst list time:  0.0016598701477050781
time for parepare:  0.0019223690032958984
local_output_nid generation:  0.0006079673767089844
local_in_edges_tensor generation:  0.0015380382537841797
mini_batch_src_global generation:  0.0013387203216552734
r_  generation:  0.013709783554077148
local_output_nid generation:  0.0004947185516357422
local_in_edges_tensor generation:  0.0009016990661621094
mini_batch_src_global generation:  0.0012180805206298828
r_  generation:  0.011383771896362305
local_output_nid generation:  0.00011444091796875
local_in_edges_tensor generation:  0.00029969215393066406
mini_batch_src_global generation:  0.0004711151123046875
r_  generation:  0.0044019222259521484
local_output_nid generation:  0.0002429485321044922
local_in_edges_tensor generation:  0.00044655799865722656
mini_batch_src_global generation:  0.0004153251647949219
r_  generation:  0.0051000118255615234
local_output_nid generation:  0.0004105567932128906
local_in_edges_tensor generation:  0.0006844997406005859
mini_batch_src_global generation:  0.0007636547088623047
r_  generation:  0.008821249008178711
local_output_nid generation:  0.0003821849822998047
local_in_edges_tensor generation:  0.0006158351898193359
mini_batch_src_global generation:  0.0007243156433105469
r_  generation:  0.007313728332519531
local_output_nid generation:  0.00032329559326171875
local_in_edges_tensor generation:  0.0005581378936767578
mini_batch_src_global generation:  0.0008170604705810547
r_  generation:  0.008034706115722656
local_output_nid generation:  0.0004069805145263672
local_in_edges_tensor generation:  0.0006957054138183594
mini_batch_src_global generation:  0.0010938644409179688
r_  generation:  0.011362314224243164
local_output_nid generation:  0.0006639957427978516
local_in_edges_tensor generation:  0.0009961128234863281
mini_batch_src_global generation:  0.0012874603271484375
r_  generation:  0.01502680778503418
local_output_nid generation:  0.00034689903259277344
local_in_edges_tensor generation:  0.0005788803100585938
mini_batch_src_global generation:  0.0008928775787353516
r_  generation:  0.008512258529663086
local_output_nid generation:  0.0006172657012939453
local_in_edges_tensor generation:  0.0008606910705566406
mini_batch_src_global generation:  0.0010807514190673828
r_  generation:  0.013497352600097656
local_output_nid generation:  0.0007336139678955078
local_in_edges_tensor generation:  0.0009911060333251953
mini_batch_src_global generation:  0.0009729862213134766
r_  generation:  0.012938261032104492
local_output_nid generation:  0.0005617141723632812
local_in_edges_tensor generation:  0.0008769035339355469
mini_batch_src_global generation:  0.0010614395141601562
r_  generation:  0.013353824615478516
local_output_nid generation:  0.0005624294281005859
local_in_edges_tensor generation:  0.0008499622344970703
mini_batch_src_global generation:  0.0011324882507324219
r_  generation:  0.012530326843261719
local_output_nid generation:  0.00038313865661621094
local_in_edges_tensor generation:  0.0006282329559326172
mini_batch_src_global generation:  0.000957489013671875
r_  generation:  0.008638143539428711
----------------------check_connections_block total spend ----------------------------- 0.22563672065734863
generate_one_block  0.01746511459350586
generate_one_block  0.016978740692138672
generate_one_block  0.0052127838134765625
generate_one_block  0.008333444595336914
generate_one_block  0.014234066009521484
generate_one_block  0.010417699813842773
generate_one_block  0.011578559875488281
generate_one_block  0.014599084854125977
generate_one_block  0.020541667938232422
generate_one_block  0.012654781341552734
generate_one_block  0.016530513763427734
generate_one_block  0.016695499420166016
generate_one_block  0.01758742332458496
generate_one_block  0.017148733139038086
generate_one_block  0.013302087783813477
-----------------------------------------after block dataloader generation 
 Nvidia-smi: 1.3807373046875 GB
    Memory Allocated: 0.009331703186035156  GigaBytes
Max Memory Allocated: 0.054227352142333984  GigaBytes

connection checking time:  0.32162976264953613
block generation total time  0.3369319438934326
average batch blocks generation time:  0.022462129592895508
block dataloader generation time/epoch 0.728240966796875
----------------------------------------before batch_pred = model(blocks, batch_inputs) 
 Nvidia-smi: 1.3807373046875 GB
    Memory Allocated: 0.02615499496459961  GigaBytes
Max Memory Allocated: 0.054227352142333984  GigaBytes

torch.Size([13074, 500])
torch.Size([6479, 64])
torch.Size([1518, 64])
torch.Size([335, 64])
-----------------------------------------batch_pred = model(blocks, batch_inputs) 
 Nvidia-smi: 1.3807373046875 GB
    Memory Allocated: 0.03361988067626953  GigaBytes
Max Memory Allocated: 0.054227352142333984  GigaBytes

----------------------------------------before batch_pred = model(blocks, batch_inputs) 
 Nvidia-smi: 1.3807373046875 GB
    Memory Allocated: 0.021563053131103516  GigaBytes
Max Memory Allocated: 0.054227352142333984  GigaBytes

torch.Size([10644, 500])
torch.Size([5061, 64])
torch.Size([884, 64])
torch.Size([192, 64])
-----------------------------------------batch_pred = model(blocks, batch_inputs) 
 Nvidia-smi: 1.3807373046875 GB
    Memory Allocated: 0.02702951431274414  GigaBytes
Max Memory Allocated: 0.054227352142333984  GigaBytes

----------------------------------------before batch_pred = model(blocks, batch_inputs) 
 Nvidia-smi: 1.3807373046875 GB
    Memory Allocated: 0.008265972137451172  GigaBytes
Max Memory Allocated: 0.054227352142333984  GigaBytes

torch.Size([3663, 500])
torch.Size([1005, 64])
torch.Size([122, 64])
torch.Size([49, 64])
-----------------------------------------batch_pred = model(blocks, batch_inputs) 
 Nvidia-smi: 1.3807373046875 GB
    Memory Allocated: 0.009339332580566406  GigaBytes
Max Memory Allocated: 0.054227352142333984  GigaBytes

----------------------------------------before batch_pred = model(blocks, batch_inputs) 
 Nvidia-smi: 1.3807373046875 GB
    Memory Allocated: 0.014954090118408203  GigaBytes
Max Memory Allocated: 0.054227352142333984  GigaBytes

torch.Size([7201, 500])
torch.Size([2536, 64])
torch.Size([797, 64])
torch.Size([182, 64])
-----------------------------------------batch_pred = model(blocks, batch_inputs) 
 Nvidia-smi: 1.3807373046875 GB
    Memory Allocated: 0.01818561553955078  GigaBytes
Max Memory Allocated: 0.054227352142333984  GigaBytes

----------------------------------------before batch_pred = model(blocks, batch_inputs) 
 Nvidia-smi: 1.3807373046875 GB
    Memory Allocated: 0.020071983337402344  GigaBytes
Max Memory Allocated: 0.054227352142333984  GigaBytes

torch.Size([9878, 500])
torch.Size([4298, 64])
torch.Size([826, 64])
torch.Size([228, 64])
-----------------------------------------batch_pred = model(blocks, batch_inputs) 
 Nvidia-smi: 1.3807373046875 GB
    Memory Allocated: 0.024968624114990234  GigaBytes
Max Memory Allocated: 0.054227352142333984  GigaBytes

----------------------------------------before batch_pred = model(blocks, batch_inputs) 
 Nvidia-smi: 1.3807373046875 GB
    Memory Allocated: 0.019057750701904297  GigaBytes
Max Memory Allocated: 0.054227352142333984  GigaBytes

torch.Size([9377, 500])
torch.Size([4030, 64])
torch.Size([520, 64])
torch.Size([111, 64])
-----------------------------------------batch_pred = model(blocks, batch_inputs) 
 Nvidia-smi: 1.3807373046875 GB
    Memory Allocated: 0.023115158081054688  GigaBytes
Max Memory Allocated: 0.054227352142333984  GigaBytes

----------------------------------------before batch_pred = model(blocks, batch_inputs) 
 Nvidia-smi: 1.3807373046875 GB
    Memory Allocated: 0.016181468963623047  GigaBytes
Max Memory Allocated: 0.054227352142333984  GigaBytes

torch.Size([7798, 500])
torch.Size([3348, 64])
torch.Size([780, 64])
torch.Size([141, 64])
-----------------------------------------batch_pred = model(blocks, batch_inputs) 
 Nvidia-smi: 1.3807373046875 GB
    Memory Allocated: 0.020081520080566406  GigaBytes
Max Memory Allocated: 0.054227352142333984  GigaBytes

----------------------------------------before batch_pred = model(blocks, batch_inputs) 
 Nvidia-smi: 1.3807373046875 GB
    Memory Allocated: 0.023183822631835938  GigaBytes
Max Memory Allocated: 0.054227352142333984  GigaBytes

torch.Size([11527, 500])
torch.Size([4227, 64])
torch.Size([993, 64])
torch.Size([149, 64])
-----------------------------------------batch_pred = model(blocks, batch_inputs) 
 Nvidia-smi: 1.3807373046875 GB
    Memory Allocated: 0.02902364730834961  GigaBytes
Max Memory Allocated: 0.054227352142333984  GigaBytes

----------------------------------------before batch_pred = model(blocks, batch_inputs) 
 Nvidia-smi: 1.3807373046875 GB
    Memory Allocated: 0.027810096740722656  GigaBytes
Max Memory Allocated: 0.054227352142333984  GigaBytes

torch.Size([13939, 500])
torch.Size([6588, 64])
torch.Size([1610, 64])
torch.Size([205, 64])
-----------------------------------------batch_pred = model(blocks, batch_inputs) 
 Nvidia-smi: 1.3807373046875 GB
    Memory Allocated: 0.03534412384033203  GigaBytes
Max Memory Allocated: 0.054227352142333984  GigaBytes

----------------------------------------before batch_pred = model(blocks, batch_inputs) 
 Nvidia-smi: 1.3807373046875 GB
    Memory Allocated: 0.01580190658569336  GigaBytes
Max Memory Allocated: 0.054227352142333984  GigaBytes

torch.Size([7592, 500])
torch.Size([3300, 64])
torch.Size([872, 64])
torch.Size([93, 64])
-----------------------------------------batch_pred = model(blocks, batch_inputs) 
 Nvidia-smi: 1.3807373046875 GB
    Memory Allocated: 0.019707202911376953  GigaBytes
Max Memory Allocated: 0.054227352142333984  GigaBytes

----------------------------------------before batch_pred = model(blocks, batch_inputs) 
 Nvidia-smi: 1.3807373046875 GB
    Memory Allocated: 0.02179718017578125  GigaBytes
Max Memory Allocated: 0.054227352142333984  GigaBytes

torch.Size([10752, 500])
torch.Size([5715, 64])
torch.Size([970, 64])
torch.Size([189, 64])
-----------------------------------------batch_pred = model(blocks, batch_inputs) 
 Nvidia-smi: 1.3807373046875 GB
    Memory Allocated: 0.02789306640625  GigaBytes
Max Memory Allocated: 0.054227352142333984  GigaBytes

----------------------------------------before batch_pred = model(blocks, batch_inputs) 
 Nvidia-smi: 1.3807373046875 GB
    Memory Allocated: 0.024439334869384766  GigaBytes
Max Memory Allocated: 0.054227352142333984  GigaBytes

torch.Size([12174, 500])
torch.Size([7084, 64])
torch.Size([1287, 64])
torch.Size([291, 64])
-----------------------------------------batch_pred = model(blocks, batch_inputs) 
 Nvidia-smi: 1.3807373046875 GB
    Memory Allocated: 0.03204631805419922  GigaBytes
Max Memory Allocated: 0.054227352142333984  GigaBytes

----------------------------------------before batch_pred = model(blocks, batch_inputs) 
 Nvidia-smi: 1.3807373046875 GB
    Memory Allocated: 0.022987842559814453  GigaBytes
Max Memory Allocated: 0.054227352142333984  GigaBytes

torch.Size([11343, 500])
torch.Size([5948, 64])
torch.Size([1673, 64])
torch.Size([344, 64])
-----------------------------------------batch_pred = model(blocks, batch_inputs) 
 Nvidia-smi: 1.3807373046875 GB
    Memory Allocated: 0.03114032745361328  GigaBytes
Max Memory Allocated: 0.054227352142333984  GigaBytes
Using backend: pytorch

----------------------------------------before batch_pred = model(blocks, batch_inputs) 
 Nvidia-smi: 1.3807373046875 GB
    Memory Allocated: 0.021371841430664062  GigaBytes
Max Memory Allocated: 0.054227352142333984  GigaBytes

torch.Size([10445, 500])
torch.Size([5748, 64])
torch.Size([1456, 64])
torch.Size([325, 64])
-----------------------------------------batch_pred = model(blocks, batch_inputs) 
 Nvidia-smi: 1.3807373046875 GB
    Memory Allocated: 0.028213977813720703  GigaBytes
Max Memory Allocated: 0.054227352142333984  GigaBytes

----------------------------------------before batch_pred = model(blocks, batch_inputs) 
 Nvidia-smi: 1.3807373046875 GB
    Memory Allocated: 0.02093029022216797  GigaBytes
Max Memory Allocated: 0.054227352142333984  GigaBytes

torch.Size([10351, 500])
torch.Size([3727, 64])
torch.Size([757, 64])
torch.Size([102, 64])
-----------------------------------------batch_pred = model(blocks, batch_inputs) 
 Nvidia-smi: 1.3807373046875 GB
    Memory Allocated: 0.025053977966308594  GigaBytes
Max Memory Allocated: 0.054227352142333984  GigaBytes

times | data loading | block to device | model prediction | loss calculation | loss backward |  optimizer step |
      |0.005898507436116537 |0.0010529518127441405 |0.006080500284830729 |0.00016560554504394532 |0.003504292170206706 |0.0025243759155273438 |
----------------------------------------------------------pseudo_mini_loss sum 3.0102968215942383
Total (block generation + training)time/epoch 1.0044527053833008
Training time/epoch 0.2759838104248047
Training time without block to device /epoch 0.2601895332336426
Training time without total dataloading part /epoch 0.14878034591674805
load block tensor time/epoch 0.08847761154174805
block to device time/epoch 0.01579427719116211
input features size transfer per epoch 2.0116567611694336e-06
blocks size to device per epoch 1.7881393432617188e-06
 Run 0| Epoch 1 |
Number of nodes for computation during this epoch:  237210
Number of first layer input nodes during this epoch:  149758
