main start at this time 1648429305.2924392
-----------------------------------------before load data 
 Nvidia-smi: 0.1717529296875 GB
    Memory Allocated: 0.0  GigaBytes
Max Memory Allocated: 0.0  GigaBytes

  NumNodes: 2708
  NumEdges: 10556
  NumFeats: 1433
  NumClasses: 7
  NumTrainingSamples: 140
  NumValidationSamples: 500
  NumTestSamples: 1000
Done loading data from cached files.
success----------------------------------------
140
500
2068
# Nodes: 2708
# Edges: 10556
# Train: 140
# Val: 500
# Test: 2068
# Classes: 7

in feats:  1433
----------------------------------------before generate_dataloader_block 
 Nvidia-smi: 1.0799560546875 GB
    Memory Allocated: 0.06351375579833984  GigaBytes
Max Memory Allocated: 0.06351375579833984  GigaBytes

The real block id is  2
get_global_graph_edges_ids_block function  spend 0.0012753009796142578
random selection method range initialization spend 0.0002052783966064453
time for parepare:  6.103515625e-05
local_output_nid generation:  3.528594970703125e-05
local_in_edges_tensor generation:  0.00018668174743652344
mini_batch_src_global generation:  2.9325485229492188e-05
r_  generation:  0.002460002899169922
local_output_nid generation:  1.9311904907226562e-05
local_in_edges_tensor generation:  0.00012946128845214844
mini_batch_src_global generation:  3.2901763916015625e-05
r_  generation:  0.0001308917999267578
----------------------check_connections_block total spend ----------------------------- 0.003261089324951172
generate_one_block  0.0013380050659179688
generate_one_block  0.001188039779663086
The real block id is  1
get_global_graph_edges_ids_block function  spend 0.00047969818115234375
gen group dst list time:  2.8133392333984375e-05
time for parepare:  0.00013875961303710938
local_output_nid generation:  2.384185791015625e-05
local_in_edges_tensor generation:  0.00020694732666015625
mini_batch_src_global generation:  6.651878356933594e-05
r_  generation:  0.0006413459777832031
local_output_nid generation:  2.8133392333984375e-05
local_in_edges_tensor generation:  0.00015473365783691406
mini_batch_src_global generation:  8.845329284667969e-05
r_  generation:  0.0007429122924804688
----------------------check_connections_block total spend ----------------------------- 0.002490997314453125
generate_one_block  0.001806020736694336
generate_one_block  0.0018787384033203125
The real block id is  0
get_global_graph_edges_ids_block function  spend 0.0005755424499511719
gen group dst list time:  5.817413330078125e-05
time for parepare:  0.0001838207244873047
local_output_nid generation:  7.867813110351562e-05
local_in_edges_tensor generation:  0.0003376007080078125
mini_batch_src_global generation:  0.0001399517059326172
r_  generation:  0.0016901493072509766
local_output_nid generation:  0.00010442733764648438
local_in_edges_tensor generation:  0.0002422332763671875
mini_batch_src_global generation:  0.00017023086547851562
r_  generation:  0.001699686050415039
----------------------check_connections_block total spend ----------------------------- 0.005487203598022461
generate_one_block  0.0029773712158203125
generate_one_block  0.002907991409301758
-----------------------------------------after block dataloader generation 
 Nvidia-smi: 1.0799560546875 GB
    Memory Allocated: 0.06351375579833984  GigaBytes
Max Memory Allocated: 0.06351375579833984  GigaBytes

connection checking time:  0.007978200912475586
block generation total time  0.009570121765136719
average batch blocks generation time:  0.004785060882568359
----------------------------------------before batch_pred = model(blocks, batch_inputs) 
 Nvidia-smi: 1.1561279296875 GB
    Memory Allocated: 0.07415103912353516  GigaBytes
Max Memory Allocated: 0.07415103912353516  GigaBytes

torch.Size([1981, 1433])
torch.Size([1190, 64])
-----------------------------------------batch_pred = model(blocks, batch_inputs) 
 Nvidia-smi: 1.8084716796875 GB
    Memory Allocated: 0.5646190643310547  GigaBytes
Max Memory Allocated: 0.5967178344726562  GigaBytes

----------------------------------------before batch_pred = model(blocks, batch_inputs) 
 Nvidia-smi: 1.9354248046875 GB
    Memory Allocated: 0.13728809356689453  GigaBytes
Max Memory Allocated: 0.6716771125793457  GigaBytes

torch.Size([1910, 1433])
torch.Size([1165, 64])
-----------------------------------------batch_pred = model(blocks, batch_inputs) 
 Nvidia-smi: 1.9354248046875 GB
    Memory Allocated: 0.6230711936950684  GigaBytes
Max Memory Allocated: 0.6716771125793457  GigaBytes

times | data loading | block to device | model prediction | loss calculation | loss backward |  optimizer step |
      |0.04070305824279785 |0.1694866418838501 |0.3858935832977295 |0.00018227100372314453 |0.26183903217315674 |0.009748697280883789 |
----------------------------------------------------------pseudo_mini_loss sum 2.979663848876953
 Run 0| Epoch 0 |
Number of nodes for computation during this epoch:  6950
Number of first layer input nodes during this epoch:  3891
----------------------------------------before generate_dataloader_block 
 Nvidia-smi: 2.0916748046875 GB
    Memory Allocated: 0.2644062042236328  GigaBytes
Max Memory Allocated: 0.7281365394592285  GigaBytes

The real block id is  2
get_global_graph_edges_ids_block function  spend 0.00048804283142089844
random selection method range initialization spend 0.00011348724365234375
time for parepare:  7.152557373046875e-05
local_output_nid generation:  2.09808349609375e-05
local_in_edges_tensor generation:  0.00018262863159179688
mini_batch_src_global generation:  3.147125244140625e-05
r_  generation:  0.00013375282287597656
local_output_nid generation:  2.002716064453125e-05
local_in_edges_tensor generation:  0.00013017654418945312
mini_batch_src_global generation:  2.9325485229492188e-05
r_  generation:  0.00011944770812988281
----------------------check_connections_block total spend ----------------------------- 0.00090789794921875
generate_one_block  0.0013370513916015625
generate_one_block  0.001195669174194336
The real block id is  1
get_global_graph_edges_ids_block function  spend 0.0005030632019042969
gen group dst list time:  3.123283386230469e-05
time for parepare:  0.00015425682067871094
local_output_nid generation:  3.62396240234375e-05
local_in_edges_tensor generation:  0.00024127960205078125
mini_batch_src_global generation:  8.249282836914062e-05
r_  generation:  0.0007781982421875
local_output_nid generation:  2.86102294921875e-05
local_in_edges_tensor generation:  0.0001556873321533203
mini_batch_src_global generation:  0.00021839141845703125
r_  generation:  0.0006566047668457031
----------------------check_connections_block total spend ----------------------------- 0.002781391143798828
generate_one_block  0.002097606658935547
generate_one_block  0.0018372535705566406
The real block id is  0
get_global_graph_edges_ids_block function  spend 0.0005707740783691406
gen group dst list time:  6.151199340820312e-05
time for parepare:  0.0001952648162841797
local_output_nid generation:  9.489059448242188e-05
local_in_edges_tensor generation:  0.00034737586975097656
mini_batch_src_global generation:  0.0001571178436279297
r_  generation:  0.0019078254699707031
local_output_nid generation:  8.487701416015625e-05
local_in_edges_tensor generation:  0.00023412704467773438
mini_batch_src_global generation:  0.00018262863159179688
r_  generation:  0.0016884803771972656
----------------------check_connections_block total spend ----------------------------- 0.005728960037231445
generate_one_block  0.0035495758056640625
generate_one_block  0.003027677536010742
-----------------------------------------after block dataloader generation 
 Nvidia-smi: 2.0916748046875 GB
    Memory Allocated: 0.2644062042236328  GigaBytes
Max Memory Allocated: 0.7281365394592285  GigaBytes

connection checking time:  0.008510351181030273
block generation total time  0.010512113571166992
average batch blocks generation time:  0.005256056785583496
block dataloader generation time/epoch 0.035538673400878906
----------------------------------------before batch_pred = model(blocks, batch_inputs) 
 Nvidia-smi: 2.0916748046875 GB
    Memory Allocated: 0.2646913528442383  GigaBytes
Max Memory Allocated: 0.7281365394592285  GigaBytes
Using backend: pytorch

torch.Size([1981, 1433])
torch.Size([1275, 64])
-----------------------------------------batch_pred = model(blocks, batch_inputs) 
 Nvidia-smi: 2.1248779296875 GB
    Memory Allocated: 0.7890210151672363  GigaBytes
Max Memory Allocated: 0.8227167129516602  GigaBytes

----------------------------------------before batch_pred = model(blocks, batch_inputs) 
 Nvidia-smi: 2.1248779296875 GB
    Memory Allocated: 0.2642025947570801  GigaBytes
Max Memory Allocated: 0.892148494720459  GigaBytes

torch.Size([1891, 1433])
torch.Size([1071, 64])
-----------------------------------------batch_pred = model(blocks, batch_inputs) 
 Nvidia-smi: 2.1248779296875 GB
    Memory Allocated: 0.7205238342285156  GigaBytes
Max Memory Allocated: 0.892148494720459  GigaBytes

times | data loading | block to device | model prediction | loss calculation | loss backward |  optimizer step |
      |0.034174442291259766 |0.0004336833953857422 |0.1478668451309204 |0.00013256072998046875 |0.25005197525024414 |0.0066797733306884766 |
----------------------------------------------------------pseudo_mini_loss sum 2.3551316261291504
Total (block generation + training)time/epoch 0.9662806987762451
Training time/epoch 0.9304742813110352
Training time without block to device /epoch 0.9296069145202637
Training time without total dataloading part /epoch 0.8027825355529785
load block tensor time/epoch 0.06834888458251953
block to device time/epoch 0.0008673667907714844
input features size transfer per epoch 2.682209014892578e-07
blocks size to device per epoch 1.7881393432617188e-07
 Run 0| Epoch 1 |
Number of nodes for computation during this epoch:  6921
Number of first layer input nodes during this epoch:  3872
