main start at this time 1648433630.1511593
-----------------------------------------before load data 
 Nvidia-smi: 0.1717529296875 GB
    Memory Allocated: 0.0  GigaBytes
Max Memory Allocated: 0.0  GigaBytes

  NumNodes: 2708
  NumEdges: 10556
  NumFeats: 1433
  NumClasses: 7
  NumTrainingSamples: 140
  NumValidationSamples: 500
  NumTestSamples: 1000
Done loading data from cached files.
success----------------------------------------
140
500
2068
# Nodes: 2708
# Edges: 10556
# Train: 140
# Val: 500
# Test: 2068
# Classes: 7

in feats:  1433
----------------------------------------before generate_dataloader_block 
 Nvidia-smi: 1.0799560546875 GB
    Memory Allocated: 0.06308698654174805  GigaBytes
Max Memory Allocated: 0.06308698654174805  GigaBytes

The real block id is  5
get_global_graph_edges_ids_block function  spend 0.001104116439819336
random selection method range initialization spend 0.00020122528076171875
time for parepare:  6.818771362304688e-05
local_output_nid generation:  2.1696090698242188e-05
local_in_edges_tensor generation:  0.00019240379333496094
mini_batch_src_global generation:  2.5033950805664062e-05
r_  generation:  0.0021848678588867188
local_output_nid generation:  4.291534423828125e-06
local_in_edges_tensor generation:  0.00012922286987304688
mini_batch_src_global generation:  2.288818359375e-05
r_  generation:  3.0279159545898438e-05
local_output_nid generation:  5.245208740234375e-06
local_in_edges_tensor generation:  0.00010323524475097656
mini_batch_src_global generation:  1.6450881958007812e-05
r_  generation:  3.123283386230469e-05
local_output_nid generation:  4.0531158447265625e-06
local_in_edges_tensor generation:  9.894371032714844e-05
mini_batch_src_global generation:  1.621246337890625e-05
r_  generation:  3.218650817871094e-05
local_output_nid generation:  4.0531158447265625e-06
local_in_edges_tensor generation:  9.822845458984375e-05
mini_batch_src_global generation:  1.5020370483398438e-05
r_  generation:  2.3126602172851562e-05
local_output_nid generation:  4.76837158203125e-06
local_in_edges_tensor generation:  9.703636169433594e-05
mini_batch_src_global generation:  1.621246337890625e-05
r_  generation:  3.3855438232421875e-05
local_output_nid generation:  4.76837158203125e-06
local_in_edges_tensor generation:  9.72747802734375e-05
mini_batch_src_global generation:  1.5974044799804688e-05
r_  generation:  2.2411346435546875e-05
local_output_nid generation:  5.0067901611328125e-06
local_in_edges_tensor generation:  9.655952453613281e-05
mini_batch_src_global generation:  1.52587890625e-05
r_  generation:  2.47955322265625e-05
local_output_nid generation:  4.5299530029296875e-06
local_in_edges_tensor generation:  9.679794311523438e-05
mini_batch_src_global generation:  1.52587890625e-05
r_  generation:  2.1696090698242188e-05
local_output_nid generation:  4.5299530029296875e-06
local_in_edges_tensor generation:  9.584426879882812e-05
mini_batch_src_global generation:  1.4543533325195312e-05
r_  generation:  2.0742416381835938e-05
local_output_nid generation:  4.5299530029296875e-06
local_in_edges_tensor generation:  9.489059448242188e-05
mini_batch_src_global generation:  1.430511474609375e-05
r_  generation:  1.6927719116210938e-05
local_output_nid generation:  4.291534423828125e-06
local_in_edges_tensor generation:  9.465217590332031e-05
mini_batch_src_global generation:  1.430511474609375e-05
r_  generation:  2.1457672119140625e-05
local_output_nid generation:  4.5299530029296875e-06
local_in_edges_tensor generation:  9.489059448242188e-05
mini_batch_src_global generation:  1.4543533325195312e-05
r_  generation:  2.3603439331054688e-05
local_output_nid generation:  4.291534423828125e-06
local_in_edges_tensor generation:  9.632110595703125e-05
mini_batch_src_global generation:  1.5497207641601562e-05
r_  generation:  2.956390380859375e-05
local_output_nid generation:  4.291534423828125e-06
local_in_edges_tensor generation:  9.608268737792969e-05
mini_batch_src_global generation:  1.52587890625e-05
r_  generation:  3.0279159545898438e-05
local_output_nid generation:  3.337860107421875e-06
local_in_edges_tensor generation:  0.000102996826171875
mini_batch_src_global generation:  1.5497207641601562e-05
r_  generation:  1.8358230590820312e-05
----------------------check_connections_block total spend ----------------------------- 0.0053098201751708984
generate_one_block  0.0013225078582763672
generate_one_block  0.0011348724365234375
generate_one_block  0.0011277198791503906
generate_one_block  0.0011386871337890625
generate_one_block  0.0011603832244873047
generate_one_block  0.00113677978515625
generate_one_block  0.001127481460571289
generate_one_block  0.0011208057403564453
generate_one_block  0.0011131763458251953
generate_one_block  0.0011234283447265625
generate_one_block  0.0011048316955566406
generate_one_block  0.0011196136474609375
generate_one_block  0.0011749267578125
generate_one_block  0.0010263919830322266
generate_one_block  0.0010199546813964844
generate_one_block  0.0009987354278564453
The real block id is  4
get_global_graph_edges_ids_block function  spend 0.0006287097930908203
gen group dst list time:  9.298324584960938e-05
time for parepare:  0.00014257431030273438
local_output_nid generation:  6.67572021484375e-06
local_in_edges_tensor generation:  0.00018858909606933594
mini_batch_src_global generation:  2.9325485229492188e-05
r_  generation:  0.00015044212341308594
local_output_nid generation:  6.9141387939453125e-06
local_in_edges_tensor generation:  0.00011491775512695312
mini_batch_src_global generation:  2.6702880859375e-05
r_  generation:  0.00011467933654785156
local_output_nid generation:  5.4836273193359375e-06
local_in_edges_tensor generation:  0.00010991096496582031
mini_batch_src_global generation:  2.4080276489257812e-05
r_  generation:  0.00011849403381347656
local_output_nid generation:  8.344650268554688e-06
local_in_edges_tensor generation:  0.00011444091796875
mini_batch_src_global generation:  3.0517578125e-05
r_  generation:  0.0001983642578125
local_output_nid generation:  5.245208740234375e-06
local_in_edges_tensor generation:  0.00011157989501953125
mini_batch_src_global generation:  2.5987625122070312e-05
r_  generation:  0.00010251998901367188
local_output_nid generation:  8.821487426757812e-06
local_in_edges_tensor generation:  0.00011348724365234375
mini_batch_src_global generation:  2.765655517578125e-05
r_  generation:  0.00017976760864257812
local_output_nid generation:  4.76837158203125e-06
local_in_edges_tensor generation:  0.00010919570922851562
mini_batch_src_global generation:  2.6464462280273438e-05
r_  generation:  0.00011444091796875
local_output_nid generation:  5.7220458984375e-06
local_in_edges_tensor generation:  0.00010967254638671875
mini_batch_src_global generation:  2.5033950805664062e-05
r_  generation:  0.000133514404296875
local_output_nid generation:  5.0067901611328125e-06
local_in_edges_tensor generation:  0.00010895729064941406
mini_batch_src_global generation:  2.6226043701171875e-05
r_  generation:  0.0001373291015625
local_output_nid generation:  5.0067901611328125e-06
local_in_edges_tensor generation:  0.00011086463928222656
mini_batch_src_global generation:  2.4557113647460938e-05
r_  generation:  0.00010728836059570312
local_output_nid generation:  4.0531158447265625e-06
local_in_edges_tensor generation:  0.00010514259338378906
mini_batch_src_global generation:  1.9550323486328125e-05
r_  generation:  6.151199340820312e-05
local_output_nid generation:  5.245208740234375e-06
local_in_edges_tensor generation:  0.0001049041748046875
mini_batch_src_global generation:  2.193450927734375e-05
r_  generation:  0.00010418891906738281
local_output_nid generation:  5.245208740234375e-06
local_in_edges_tensor generation:  0.00010728836059570312
mini_batch_src_global generation:  2.4318695068359375e-05
r_  generation:  0.00012493133544921875
local_output_nid generation:  6.9141387939453125e-06
local_in_edges_tensor generation:  0.00011205673217773438
mini_batch_src_global generation:  2.956390380859375e-05
r_  generation:  0.00016832351684570312
local_output_nid generation:  7.152557373046875e-06
local_in_edges_tensor generation:  0.00011920928955078125
mini_batch_src_global generation:  3.910064697265625e-05
r_  generation:  0.00020122528076171875
local_output_nid generation:  3.5762786865234375e-06
local_in_edges_tensor generation:  0.00011944770812988281
mini_batch_src_global generation:  2.5987625122070312e-05
r_  generation:  8.344650268554688e-05
----------------------check_connections_block total spend ----------------------------- 0.0056610107421875
generate_one_block  0.0012867450714111328
generate_one_block  0.0012538433074951172
generate_one_block  0.0013017654418945312
generate_one_block  0.0013434886932373047
generate_one_block  0.0012192726135253906
generate_one_block  0.0013103485107421875
generate_one_block  0.0012552738189697266
generate_one_block  0.0012581348419189453
generate_one_block  0.0012574195861816406
generate_one_block  0.0011439323425292969
generate_one_block  0.0011281967163085938
generate_one_block  0.0010983943939208984
generate_one_block  0.0012881755828857422
generate_one_block  0.0012388229370117188
generate_one_block  0.0012018680572509766
generate_one_block  0.0010814666748046875
The real block id is  3
get_global_graph_edges_ids_block function  spend 0.0006878376007080078
gen group dst list time:  0.00018453598022460938
time for parepare:  0.00019478797912597656
local_output_nid generation:  1.71661376953125e-05
local_in_edges_tensor generation:  0.0002570152282714844
mini_batch_src_global generation:  5.245208740234375e-05
r_  generation:  0.00047898292541503906
local_output_nid generation:  1.9788742065429688e-05
local_in_edges_tensor generation:  0.00014472007751464844
mini_batch_src_global generation:  5.817413330078125e-05
r_  generation:  0.0004086494445800781
local_output_nid generation:  2.1696090698242188e-05
local_in_edges_tensor generation:  0.0001423358917236328
mini_batch_src_global generation:  5.650520324707031e-05
r_  generation:  0.0004279613494873047
local_output_nid generation:  3.0279159545898438e-05
local_in_edges_tensor generation:  0.00016045570373535156
mini_batch_src_global generation:  7.772445678710938e-05
r_  generation:  0.00069427490234375
local_output_nid generation:  1.7881393432617188e-05
local_in_edges_tensor generation:  0.0001430511474609375
mini_batch_src_global generation:  6.0558319091796875e-05
r_  generation:  0.0003743171691894531
local_output_nid generation:  2.384185791015625e-05
local_in_edges_tensor generation:  0.0001506805419921875
mini_batch_src_global generation:  6.67572021484375e-05
r_  generation:  0.0006082057952880859
local_output_nid generation:  2.2411346435546875e-05
local_in_edges_tensor generation:  0.00014853477478027344
mini_batch_src_global generation:  6.532669067382812e-05
r_  generation:  0.0004932880401611328
local_output_nid generation:  2.0265579223632812e-05
local_in_edges_tensor generation:  0.0001430511474609375
mini_batch_src_global generation:  5.8650970458984375e-05
r_  generation:  0.0004487037658691406
local_output_nid generation:  2.47955322265625e-05
local_in_edges_tensor generation:  0.00015115737915039062
mini_batch_src_global generation:  6.270408630371094e-05
r_  generation:  0.0005388259887695312
local_output_nid generation:  1.9788742065429688e-05
local_in_edges_tensor generation:  0.00014400482177734375
mini_batch_src_global generation:  6.175041198730469e-05
r_  generation:  0.00046133995056152344
local_output_nid generation:  9.775161743164062e-06
local_in_edges_tensor generation:  0.00012612342834472656
mini_batch_src_global generation:  4.076957702636719e-05
r_  generation:  0.00018334388732910156
local_output_nid generation:  1.7404556274414062e-05
local_in_edges_tensor generation:  0.0001342296600341797
mini_batch_src_global generation:  4.601478576660156e-05
r_  generation:  0.0003955364227294922
local_output_nid generation:  2.2411346435546875e-05
local_in_edges_tensor generation:  0.0001423358917236328
mini_batch_src_global generation:  5.936622619628906e-05
r_  generation:  0.0005068778991699219
local_output_nid generation:  2.3365020751953125e-05
local_in_edges_tensor generation:  0.00015234947204589844
mini_batch_src_global generation:  6.67572021484375e-05
r_  generation:  0.0005676746368408203
local_output_nid generation:  2.86102294921875e-05
local_in_edges_tensor generation:  0.00015807151794433594
mini_batch_src_global generation:  7.939338684082031e-05
r_  generation:  0.0006906986236572266
local_output_nid generation:  1.4781951904296875e-05
local_in_edges_tensor generation:  0.0001366138458251953
mini_batch_src_global generation:  5.269050598144531e-05
r_  generation:  0.000293731689453125
----------------------check_connections_block total spend ----------------------------- 0.013758420944213867
generate_one_block  0.001973867416381836
generate_one_block  0.0015902519226074219
generate_one_block  0.0016129016876220703
generate_one_block  0.0018262863159179688
generate_one_block  0.0014052391052246094
generate_one_block  0.0016269683837890625
generate_one_block  0.0015184879302978516
generate_one_block  0.0014445781707763672
generate_one_block  0.0016012191772460938
generate_one_block  0.001489400863647461
generate_one_block  0.0011739730834960938
generate_one_block  0.0014314651489257812
generate_one_block  0.0015187263488769531
generate_one_block  0.0015668869018554688
generate_one_block  0.001749277114868164
generate_one_block  0.0013077259063720703
The real block id is  2
get_global_graph_edges_ids_block function  spend 0.0006940364837646484
gen group dst list time:  0.0002810955047607422
time for parepare:  0.00020503997802734375
local_output_nid generation:  5.1975250244140625e-05
local_in_edges_tensor generation:  0.00030159950256347656
mini_batch_src_global generation:  0.00013256072998046875
r_  generation:  0.0012271404266357422
local_output_nid generation:  6.341934204101562e-05
local_in_edges_tensor generation:  0.00019741058349609375
mini_batch_src_global generation:  0.00013136863708496094
r_  generation:  0.0011370182037353516
local_output_nid generation:  5.841255187988281e-05
local_in_edges_tensor generation:  0.00019121170043945312
mini_batch_src_global generation:  0.00011348724365234375
r_  generation:  0.0011444091796875
local_output_nid generation:  7.724761962890625e-05
local_in_edges_tensor generation:  0.0002307891845703125
mini_batch_src_global generation:  0.0001728534698486328
r_  generation:  0.0016665458679199219
local_output_nid generation:  5.555152893066406e-05
local_in_edges_tensor generation:  0.00019621849060058594
mini_batch_src_global generation:  0.0001289844512939453
r_  generation:  0.0011951923370361328
local_output_nid generation:  6.866455078125e-05
local_in_edges_tensor generation:  0.0002181529998779297
mini_batch_src_global generation:  0.00014162063598632812
r_  generation:  0.001531839370727539
local_output_nid generation:  6.580352783203125e-05
local_in_edges_tensor generation:  0.0002124309539794922
mini_batch_src_global generation:  0.00013971328735351562
r_  generation:  0.0014297962188720703
local_output_nid generation:  4.9591064453125e-05
local_in_edges_tensor generation:  0.00018644332885742188
mini_batch_src_global generation:  0.00011801719665527344
r_  generation:  0.0010423660278320312
local_output_nid generation:  7.081031799316406e-05
local_in_edges_tensor generation:  0.00021791458129882812
mini_batch_src_global generation:  0.0001399517059326172
r_  generation:  0.001539468765258789
local_output_nid generation:  6.270408630371094e-05
local_in_edges_tensor generation:  0.00020766258239746094
mini_batch_src_global generation:  0.00014162063598632812
r_  generation:  0.0014433860778808594
local_output_nid generation:  2.6464462280273438e-05
local_in_edges_tensor generation:  0.00015687942504882812
mini_batch_src_global generation:  8.225440979003906e-05
r_  generation:  0.0005335807800292969
local_output_nid generation:  5.364418029785156e-05
local_in_edges_tensor generation:  0.00018644332885742188
mini_batch_src_global generation:  0.00010442733764648438
r_  generation:  0.0010898113250732422
local_output_nid generation:  5.91278076171875e-05
local_in_edges_tensor generation:  0.0001919269561767578
mini_batch_src_global generation:  0.00012183189392089844
r_  generation:  0.0012717247009277344
local_output_nid generation:  5.7697296142578125e-05
local_in_edges_tensor generation:  0.00019168853759765625
mini_batch_src_global generation:  0.00012731552124023438
r_  generation:  0.001176595687866211
local_output_nid generation:  7.104873657226562e-05
local_in_edges_tensor generation:  0.00020956993103027344
mini_batch_src_global generation:  0.00014662742614746094
r_  generation:  0.0015325546264648438
local_output_nid generation:  3.814697265625e-05
local_in_edges_tensor generation:  0.00016617774963378906
mini_batch_src_global generation:  0.00010156631469726562
r_  generation:  0.0007495880126953125
----------------------check_connections_block total spend ----------------------------- 0.031163930892944336
generate_one_block  0.002390146255493164
generate_one_block  0.0021767616271972656
generate_one_block  0.00215911865234375
generate_one_block  0.0029146671295166016
generate_one_block  0.002217531204223633
generate_one_block  0.002572298049926758
generate_one_block  0.0024924278259277344
generate_one_block  0.002063751220703125
generate_one_block  0.003472566604614258
generate_one_block  0.0024776458740234375
generate_one_block  0.0014736652374267578
generate_one_block  0.002233266830444336
generate_one_block  0.0023849010467529297
generate_one_block  0.002287149429321289
generate_one_block  0.0026702880859375
generate_one_block  0.0017981529235839844
The real block id is  1
get_global_graph_edges_ids_block function  spend 0.0007317066192626953
gen group dst list time:  0.0007305145263671875
time for parepare:  0.0002598762512207031
local_output_nid generation:  0.00010538101196289062
local_in_edges_tensor generation:  0.0004191398620605469
mini_batch_src_global generation:  0.0001690387725830078
r_  generation:  0.0022449493408203125
local_output_nid generation:  0.0001163482666015625
local_in_edges_tensor generation:  0.0002818107604980469
mini_batch_src_global generation:  0.00024700164794921875
r_  generation:  0.0022368431091308594
local_output_nid generation:  0.00010514259338378906
local_in_edges_tensor generation:  0.0002636909484863281
mini_batch_src_global generation:  0.00018548965454101562
r_  generation:  0.0020585060119628906
local_output_nid generation:  0.00013375282287597656
local_in_edges_tensor generation:  0.0003154277801513672
mini_batch_src_global generation:  0.00023412704467773438
r_  generation:  0.002711772918701172
local_output_nid generation:  0.00011730194091796875
local_in_edges_tensor generation:  0.0002849102020263672
mini_batch_src_global generation:  0.00021600723266601562
r_  generation:  0.002378225326538086
local_output_nid generation:  0.00012302398681640625
local_in_edges_tensor generation:  0.00029468536376953125
mini_batch_src_global generation:  0.00021648406982421875
r_  generation:  0.002481698989868164
local_output_nid generation:  0.00012612342834472656
local_in_edges_tensor generation:  0.00029921531677246094
mini_batch_src_global generation:  0.0002224445343017578
r_  generation:  0.0025789737701416016
local_output_nid generation:  9.369850158691406e-05
local_in_edges_tensor generation:  0.00023746490478515625
mini_batch_src_global generation:  0.00017642974853515625
r_  generation:  0.0018160343170166016
local_output_nid generation:  0.00012230873107910156
local_in_edges_tensor generation:  0.0002799034118652344
mini_batch_src_global generation:  0.00020956993103027344
r_  generation:  0.0023708343505859375
local_output_nid generation:  0.00010728836059570312
local_in_edges_tensor generation:  0.00026106834411621094
mini_batch_src_global generation:  0.0001957416534423828
r_  generation:  0.0021283626556396484
local_output_nid generation:  6.246566772460938e-05
local_in_edges_tensor generation:  0.0001914501190185547
mini_batch_src_global generation:  0.00013780593872070312
r_  generation:  0.0012059211730957031
local_output_nid generation:  0.00010275840759277344
local_in_edges_tensor generation:  0.0002512931823730469
mini_batch_src_global generation:  0.00017404556274414062
r_  generation:  0.0020401477813720703
local_output_nid generation:  0.00011181831359863281
local_in_edges_tensor generation:  0.000576019287109375
mini_batch_src_global generation:  0.0002002716064453125
r_  generation:  0.0022110939025878906
local_output_nid generation:  0.00010538101196289062
local_in_edges_tensor generation:  0.00025463104248046875
mini_batch_src_global generation:  0.00018906593322753906
r_  generation:  0.0020308494567871094
local_output_nid generation:  0.00012063980102539062
local_in_edges_tensor generation:  0.0002846717834472656
mini_batch_src_global generation:  0.00020813941955566406
r_  generation:  0.0024132728576660156
local_output_nid generation:  7.939338684082031e-05
local_in_edges_tensor generation:  0.00021958351135253906
mini_batch_src_global generation:  0.00016355514526367188
r_  generation:  0.0015606880187988281
----------------------check_connections_block total spend ----------------------------- 0.052229881286621094
generate_one_block  0.0042231082916259766
generate_one_block  0.0032389163970947266
generate_one_block  0.002979278564453125
generate_one_block  0.003600597381591797
generate_one_block  0.0033380985260009766
generate_one_block  0.0034530162811279297
generate_one_block  0.003583669662475586
generate_one_block  0.0030660629272460938
generate_one_block  0.0036809444427490234
generate_one_block  0.0034673213958740234
generate_one_block  0.002347230911254883
generate_one_block  0.0033261775970458984
generate_one_block  0.0043222904205322266
generate_one_block  0.003217935562133789
generate_one_block  0.0035915374755859375
generate_one_block  0.0027344226837158203
The real block id is  0
get_global_graph_edges_ids_block function  spend 0.0007631778717041016
gen group dst list time:  0.0010285377502441406
time for parepare:  0.00020933151245117188
local_output_nid generation:  0.00014591217041015625
local_in_edges_tensor generation:  0.000499725341796875
mini_batch_src_global generation:  0.0002574920654296875
r_  generation:  0.002946615219116211
local_output_nid generation:  0.00016355514526367188
local_in_edges_tensor generation:  0.00036716461181640625
mini_batch_src_global generation:  0.0002849102020263672
r_  generation:  0.0030050277709960938
local_output_nid generation:  0.00014734268188476562
local_in_edges_tensor generation:  0.0003323554992675781
mini_batch_src_global generation:  0.0002319812774658203
r_  generation:  0.0027425289154052734
local_output_nid generation:  0.0001609325408935547
local_in_edges_tensor generation:  0.0003707408905029297
mini_batch_src_global generation:  0.0002543926239013672
r_  generation:  0.003175020217895508
local_output_nid generation:  0.00016546249389648438
local_in_edges_tensor generation:  0.00036144256591796875
mini_batch_src_global generation:  0.00026416778564453125
r_  generation:  0.003075838088989258
local_output_nid generation:  0.0001614093780517578
local_in_edges_tensor generation:  0.0003592967987060547
mini_batch_src_global generation:  0.0002655982971191406
r_  generation:  0.002863168716430664
local_output_nid generation:  0.00015020370483398438
local_in_edges_tensor generation:  0.0003314018249511719
mini_batch_src_global generation:  0.00023651123046875
r_  generation:  0.0029060840606689453
local_output_nid generation:  0.00013685226440429688
local_in_edges_tensor generation:  0.00030994415283203125
mini_batch_src_global generation:  0.00022363662719726562
r_  generation:  0.002560853958129883
local_output_nid generation:  0.00015306472778320312
local_in_edges_tensor generation:  0.0003337860107421875
mini_batch_src_global generation:  0.0002346038818359375
r_  generation:  0.0028412342071533203
local_output_nid generation:  0.00013971328735351562
local_in_edges_tensor generation:  0.0003204345703125
mini_batch_src_global generation:  0.00023031234741210938
r_  generation:  0.0026772022247314453
local_output_nid generation:  0.00011992454528808594
local_in_edges_tensor generation:  0.0002753734588623047
mini_batch_src_global generation:  0.00020360946655273438
r_  generation:  0.0022203922271728516
local_output_nid generation:  0.00013446807861328125
local_in_edges_tensor generation:  0.00031304359436035156
mini_batch_src_global generation:  0.00022292137145996094
r_  generation:  0.0026695728302001953
local_output_nid generation:  0.0001513957977294922
local_in_edges_tensor generation:  0.0003304481506347656
mini_batch_src_global generation:  0.00023746490478515625
r_  generation:  0.0028421878814697266
local_output_nid generation:  0.0001399517059326172
local_in_edges_tensor generation:  0.0003101825714111328
mini_batch_src_global generation:  0.00022721290588378906
r_  generation:  0.0026013851165771484
local_output_nid generation:  0.00016641616821289062
local_in_edges_tensor generation:  0.0003437995910644531
mini_batch_src_global generation:  0.00023698806762695312
r_  generation:  0.002853870391845703
local_output_nid generation:  0.00012731552124023438
local_in_edges_tensor generation:  0.00029087066650390625
mini_batch_src_global generation:  0.0002143383026123047
r_  generation:  0.0023660659790039062
----------------------check_connections_block total spend ----------------------------- 0.0658884048461914
generate_one_block  0.004791736602783203
generate_one_block  0.003907680511474609
generate_one_block  0.003602743148803711
generate_one_block  0.004036426544189453
generate_one_block  0.004022359848022461
generate_one_block  0.003971099853515625
generate_one_block  0.004044532775878906
generate_one_block  0.0038442611694335938
generate_one_block  0.0040934085845947266
generate_one_block  0.00503849983215332
generate_one_block  0.003442525863647461
generate_one_block  0.003783702850341797
generate_one_block  0.003976106643676758
generate_one_block  0.003717184066772461
generate_one_block  0.004065036773681641
generate_one_block  0.0035486221313476562
-----------------------------------------after block dataloader generation 
 Nvidia-smi: 1.0799560546875 GB
    Memory Allocated: 0.06308698654174805  GigaBytes
Max Memory Allocated: 0.06308698654174805  GigaBytes

connection checking time:  0.1687016487121582
block generation total time  0.20034527778625488
average batch blocks generation time:  0.01252157986164093
----------------------------------------before batch_pred = model(blocks, batch_inputs) 
 Nvidia-smi: 1.1580810546875 GB
    Memory Allocated: 0.07549238204956055  GigaBytes
Max Memory Allocated: 0.07549238204956055  GigaBytes

torch.Size([2294, 1433])
torch.Size([2015, 32])
torch.Size([1407, 32])
torch.Size([676, 32])
torch.Size([219, 32])
-----------------------------------------batch_pred = model(blocks, batch_inputs) 
 Nvidia-smi: 2.0897216796875 GB
    Memory Allocated: 0.8361630439758301  GigaBytes
Max Memory Allocated: 0.8782896995544434  GigaBytes

----------------------------------------before batch_pred = model(blocks, batch_inputs) 
 Nvidia-smi: 2.1834716796875 GB
    Memory Allocated: 0.13808822631835938  GigaBytes
Max Memory Allocated: 0.9216513633728027  GigaBytes

torch.Size([2326, 1433])
torch.Size([2041, 32])
torch.Size([1405, 32])
torch.Size([634, 32])
torch.Size([213, 32])
-----------------------------------------batch_pred = model(blocks, batch_inputs) 
 Nvidia-smi: 2.2303466796875 GB
    Memory Allocated: 0.9062299728393555  GigaBytes
Max Memory Allocated: 0.9508962631225586  GigaBytes

----------------------------------------before batch_pred = model(blocks, batch_inputs) 
 Nvidia-smi: 2.2928466796875 GB
    Memory Allocated: 0.1376032829284668  GigaBytes
Max Memory Allocated: 0.9937405586242676  GigaBytes

torch.Size([2237, 1433])
torch.Size([1843, 32])
torch.Size([1272, 32])
torch.Size([618, 32])
torch.Size([204, 32])
-----------------------------------------batch_pred = model(blocks, batch_inputs) 
 Nvidia-smi: 2.3065185546875 GB
    Memory Allocated: 0.8438382148742676  GigaBytes
Max Memory Allocated: 0.9937405586242676  GigaBytes

----------------------------------------before batch_pred = model(blocks, batch_inputs) 
 Nvidia-smi: 2.3065185546875 GB
    Memory Allocated: 0.13836288452148438  GigaBytes
Max Memory Allocated: 0.9937405586242676  GigaBytes

torch.Size([2371, 1433])
torch.Size([2199, 32])
torch.Size([1755, 32])
torch.Size([973, 32])
torch.Size([354, 32])
-----------------------------------------batch_pred = model(blocks, batch_inputs) 
 Nvidia-smi: 2.3553466796875 GB
    Memory Allocated: 0.9543190002441406  GigaBytes
Max Memory Allocated: 0.994438648223877  GigaBytes

----------------------------------------before batch_pred = model(blocks, batch_inputs) 
 Nvidia-smi: 2.3553466796875 GB
    Memory Allocated: 0.13825321197509766  GigaBytes
Max Memory Allocated: 1.0323896408081055  GigaBytes

torch.Size([2356, 1433])
torch.Size([2100, 32])
torch.Size([1471, 32])
torch.Size([641, 32])
torch.Size([183, 32])
-----------------------------------------batch_pred = model(blocks, batch_inputs) 
 Nvidia-smi: 2.3553466796875 GB
    Memory Allocated: 0.9345641136169434  GigaBytes
Max Memory Allocated: 1.0323896408081055  GigaBytes

----------------------------------------before batch_pred = model(blocks, batch_inputs) 
 Nvidia-smi: 2.3553466796875 GB
    Memory Allocated: 0.13818931579589844  GigaBytes
Max Memory Allocated: 1.0323896408081055  GigaBytes

torch.Size([2341, 1433])
torch.Size([2101, 32])
torch.Size([1577, 32])
torch.Size([861, 32])
torch.Size([283, 32])
-----------------------------------------batch_pred = model(blocks, batch_inputs) 
 Nvidia-smi: 2.3553466796875 GB
    Memory Allocated: 0.9291071891784668  GigaBytes
Max Memory Allocated: 1.0323896408081055  GigaBytes

----------------------------------------before batch_pred = model(blocks, batch_inputs) 
 Nvidia-smi: 2.3553466796875 GB
    Memory Allocated: 0.1393599510192871  GigaBytes
Max Memory Allocated: 1.0323896408081055  GigaBytes

torch.Size([2383, 1433])
torch.Size([2172, 32])
torch.Size([1625, 32])
torch.Size([797, 32])
torch.Size([253, 32])
-----------------------------------------batch_pred = model(blocks, batch_inputs) 
 Nvidia-smi: 2.3553466796875 GB
    Memory Allocated: 0.94732666015625  GigaBytes
Max Memory Allocated: 1.0323896408081055  GigaBytes

----------------------------------------before batch_pred = model(blocks, batch_inputs) 
 Nvidia-smi: 2.3553466796875 GB
    Memory Allocated: 0.13775920867919922  GigaBytes
Max Memory Allocated: 1.0323896408081055  GigaBytes

torch.Size([2266, 1433])
torch.Size([1930, 32])
torch.Size([1257, 32])
torch.Size([562, 32])
torch.Size([217, 32])
-----------------------------------------batch_pred = model(blocks, batch_inputs) 
 Nvidia-smi: 2.3553466796875 GB
    Memory Allocated: 0.8736467361450195  GigaBytes
Max Memory Allocated: 1.0323896408081055  GigaBytes

----------------------------------------before batch_pred = model(blocks, batch_inputs) 
 Nvidia-smi: 2.3553466796875 GB
    Memory Allocated: 0.13936662673950195  GigaBytes
Max Memory Allocated: 1.0323896408081055  GigaBytes

torch.Size([2381, 1433])
torch.Size([2199, 32])
torch.Size([1724, 32])
torch.Size([860, 32])
torch.Size([278, 32])
-----------------------------------------batch_pred = model(blocks, batch_inputs) 
 Nvidia-smi: 2.3553466796875 GB
    Memory Allocated: 0.9536848068237305  GigaBytes
Max Memory Allocated: 1.0323896408081055  GigaBytes

----------------------------------------before batch_pred = model(blocks, batch_inputs) 
 Nvidia-smi: 2.3553466796875 GB
    Memory Allocated: 0.1379384994506836  GigaBytes
Max Memory Allocated: 1.0343823432922363  GigaBytes

torch.Size([2296, 1433])
torch.Size([2053, 32])
torch.Size([1505, 32])
torch.Size([755, 32])
torch.Size([226, 32])
-----------------------------------------batch_pred = model(blocks, batch_inputs) 
 Nvidia-smi: 2.3553466796875 GB
    Memory Allocated: 0.9104213714599609  GigaBytes
Max Memory Allocated: 1.0343823432922363  GigaBytes

----------------------------------------before batch_pred = model(blocks, batch_inputs) 
 Nvidia-smi: 2.3553466796875 GB
    Memory Allocated: 0.13733911514282227  GigaBytes
Max Memory Allocated: 1.0343823432922363  GigaBytes

torch.Size([2134, 1433])
torch.Size([1610, 32])
torch.Size([771, 32])
torch.Size([275, 32])
torch.Size([89, 32])
-----------------------------------------batch_pred = model(blocks, batch_inputs) 
 Nvidia-smi: 2.3553466796875 GB
    Memory Allocated: 0.7789435386657715  GigaBytes
Max Memory Allocated: 1.0343823432922363  GigaBytes

----------------------------------------before batch_pred = model(blocks, batch_inputs) 
 Nvidia-smi: 2.3553466796875 GB
    Memory Allocated: 0.1377272605895996  GigaBytes
Max Memory Allocated: 1.0343823432922363  GigaBytes

torch.Size([2258, 1433])
torch.Size([2002, 32])
torch.Size([1433, 32])
torch.Size([676, 32])
torch.Size([185, 32])
-----------------------------------------batch_pred = model(blocks, batch_inputs) 
 Nvidia-smi: 2.3553466796875 GB
    Memory Allocated: 0.8966622352600098  GigaBytes
Max Memory Allocated: 1.0343823432922363  GigaBytes

----------------------------------------before batch_pred = model(blocks, batch_inputs) 
 Nvidia-smi: 2.3553466796875 GB
    Memory Allocated: 0.13849306106567383  GigaBytes
Max Memory Allocated: 1.0343823432922363  GigaBytes

torch.Size([2399, 1433])
torch.Size([2170, 32])
torch.Size([1560, 32])
torch.Size([786, 32])
torch.Size([249, 32])
-----------------------------------------batch_pred = model(blocks, batch_inputs) 
 Nvidia-smi: 2.3553466796875 GB
    Memory Allocated: 0.9509825706481934  GigaBytes
Max Memory Allocated: 1.0343823432922363  GigaBytes

----------------------------------------before batch_pred = model(blocks, batch_inputs) 
 Nvidia-smi: 2.3553466796875 GB
    Memory Allocated: 0.13775110244750977  GigaBytes
Max Memory Allocated: 1.0343823432922363  GigaBytes

torch.Size([2262, 1433])
torch.Size([1965, 32])
torch.Size([1441, 32])
torch.Size([696, 32])
torch.Size([271, 32])
-----------------------------------------batch_pred = model(blocks, batch_inputs) 
 Nvidia-smi: 2.3553466796875 GB
    Memory Allocated: 0.8814568519592285  GigaBytes
Max Memory Allocated: 1.0343823432922363  GigaBytes

----------------------------------------before batch_pred = model(blocks, batch_inputs) 
 Nvidia-smi: 2.3553466796875 GB
    Memory Allocated: 0.13839387893676758  GigaBytes
Max Memory Allocated: 1.0343823432922363  GigaBytes

torch.Size([2377, 1433])
torch.Size([2203, 32])
torch.Size([1763, 32])
torch.Size([991, 32])
torch.Size([351, 32])
-----------------------------------------batch_pred = model(blocks, batch_inputs) 
 Nvidia-smi: 2.3553466796875 GB
    Memory Allocated: 0.951941967010498  GigaBytes
Max Memory Allocated: 1.0343823432922363  GigaBytes

----------------------------------------before batch_pred = model(blocks, batch_inputs) 
 Nvidia-smi: 2.3553466796875 GB
    Memory Allocated: 0.13737106323242188  GigaBytes
Max Memory Allocated: 1.0343823432922363  GigaBytes

torch.Size([2197, 1433])
torch.Size([1744, 32])
torch.Size([1066, 32])
torch.Size([448, 32])
torch.Size([154, 32])
-----------------------------------------batch_pred = model(blocks, batch_inputs) 
 Nvidia-smi: 2.3553466796875 GB
    Memory Allocated: 0.8185882568359375  GigaBytes
Max Memory Allocated: 1.0343823432922363  GigaBytes

times | data loading | block to device | model prediction | loss calculation | loss backward |  optimizer step |
      |0.06273901462554932 |0.02265569567680359 |0.28479157388210297 |0.00014328956604003906 |0.3433748632669449 |0.025220632553100586 |
----------------------------------------------------------pseudo_mini_loss sum 3.2626194953918457
 Run 0| Epoch 0 |
Number of nodes for computation during this epoch:  107995
Number of first layer input nodes during this epoch:  36878
----------------------------------------before generate_dataloader_block 
 Nvidia-smi: 2.4178466796875 GB
    Memory Allocated: 0.2637500762939453  GigaBytes
Max Memory Allocated: 1.0343823432922363  GigaBytes

The real block id is  5
get_global_graph_edges_ids_block function  spend 0.0007402896881103516
random selection method range initialization spend 0.00016570091247558594
time for parepare:  9.489059448242188e-05
local_output_nid generation:  7.62939453125e-06
local_in_edges_tensor generation:  0.00019359588623046875
mini_batch_src_global generation:  2.5510787963867188e-05
r_  generation:  6.198883056640625e-05
local_output_nid generation:  5.9604644775390625e-06
local_in_edges_tensor generation:  0.00011539459228515625
mini_batch_src_global generation:  1.8835067749023438e-05
r_  generation:  2.7179718017578125e-05
local_output_nid generation:  5.4836273193359375e-06
local_in_edges_tensor generation:  0.00010919570922851562
mini_batch_src_global generation:  1.7404556274414062e-05
r_  generation:  2.7179718017578125e-05
local_output_nid generation:  4.76837158203125e-06
local_in_edges_tensor generation:  0.00010466575622558594
mini_batch_src_global generation:  1.8358230590820312e-05
r_  generation:  3.218650817871094e-05
local_output_nid generation:  5.7220458984375e-06
local_in_edges_tensor generation:  0.00010275840759277344
mini_batch_src_global generation:  1.71661376953125e-05
r_  generation:  2.7179718017578125e-05
local_output_nid generation:  5.0067901611328125e-06
local_in_edges_tensor generation:  0.00010418891906738281
mini_batch_src_global generation:  2.0265579223632812e-05
r_  generation:  3.981590270996094e-05
local_output_nid generation:  4.0531158447265625e-06
local_in_edges_tensor generation:  0.00010585784912109375
mini_batch_src_global generation:  1.8835067749023438e-05
r_  generation:  2.47955322265625e-05
local_output_nid generation:  4.291534423828125e-06
local_in_edges_tensor generation:  0.00010514259338378906
mini_batch_src_global generation:  1.7642974853515625e-05
r_  generation:  3.1948089599609375e-05
local_output_nid generation:  4.76837158203125e-06
local_in_edges_tensor generation:  0.00010180473327636719
mini_batch_src_global generation:  1.7404556274414062e-05
r_  generation:  2.5033950805664062e-05
local_output_nid generation:  4.5299530029296875e-06
local_in_edges_tensor generation:  0.00010418891906738281
mini_batch_src_global generation:  1.6689300537109375e-05
r_  generation:  3.0040740966796875e-05
local_output_nid generation:  4.5299530029296875e-06
local_in_edges_tensor generation:  0.00010323524475097656
mini_batch_src_global generation:  1.6450881958007812e-05
r_  generation:  2.4318695068359375e-05
local_output_nid generation:  4.291534423828125e-06
local_in_edges_tensor generation:  0.00010228157043457031
mini_batch_src_global generation:  1.6689300537109375e-05
r_  generation:  2.8133392333984375e-05
local_output_nid generation:  3.814697265625e-06
local_in_edges_tensor generation:  0.00010180473327636719
mini_batch_src_global generation:  1.9073486328125e-05
r_  generation:  4.363059997558594e-05
local_output_nid generation:  3.814697265625e-06
local_in_edges_tensor generation:  0.00010442733764648438
mini_batch_src_global generation:  1.9550323486328125e-05
r_  generation:  4.1484832763671875e-05
local_output_nid generation:  5.245208740234375e-06
local_in_edges_tensor generation:  0.00010371208190917969
mini_batch_src_global generation:  1.71661376953125e-05
r_  generation:  2.6226043701171875e-05
local_output_nid generation:  3.337860107421875e-06
local_in_edges_tensor generation:  0.00010013580322265625
mini_batch_src_global generation:  1.71661376953125e-05
r_  generation:  2.7179718017578125e-05
----------------------check_connections_block total spend ----------------------------- 0.0034661293029785156
generate_one_block  0.001180887222290039
generate_one_block  0.0010831356048583984
generate_one_block  0.0010750293731689453
generate_one_block  0.0018634796142578125
generate_one_block  0.0010800361633300781
generate_one_block  0.0010693073272705078
generate_one_block  0.0010695457458496094
generate_one_block  0.0010843276977539062
generate_one_block  0.0017397403717041016
generate_one_block  0.00109100341796875
generate_one_block  0.001068115234375
generate_one_block  0.00102996826171875
generate_one_block  0.0010576248168945312
generate_one_block  0.0009968280792236328
generate_one_block  0.0009770393371582031
generate_one_block  0.0009710788726806641
The real block id is  4
get_global_graph_edges_ids_block function  spend 0.0006527900695800781
gen group dst list time:  0.00010156631469726562
time for parepare:  0.00021123886108398438
local_output_nid generation:  5.245208740234375e-06
local_in_edges_tensor generation:  0.00024509429931640625
mini_batch_src_global generation:  3.123283386230469e-05
r_  generation:  0.00011014938354492188
local_output_nid generation:  6.67572021484375e-06
local_in_edges_tensor generation:  0.0001392364501953125
mini_batch_src_global generation:  3.2901763916015625e-05
r_  generation:  0.00011277198791503906
local_output_nid generation:  5.4836273193359375e-06
local_in_edges_tensor generation:  0.00011706352233886719
mini_batch_src_global generation:  2.7894973754882812e-05
r_  generation:  0.00012946128845214844
local_output_nid generation:  8.821487426757812e-06
local_in_edges_tensor generation:  0.00012302398681640625
mini_batch_src_global generation:  3.4809112548828125e-05
r_  generation:  0.0001761913299560547
local_output_nid generation:  7.152557373046875e-06
local_in_edges_tensor generation:  0.00012087821960449219
mini_batch_src_global generation:  3.147125244140625e-05
r_  generation:  0.00013136863708496094
local_output_nid generation:  6.198883056640625e-06
local_in_edges_tensor generation:  0.00011992454528808594
mini_batch_src_global generation:  3.24249267578125e-05
r_  generation:  0.00015020370483398438
local_output_nid generation:  5.0067901611328125e-06
local_in_edges_tensor generation:  0.0001163482666015625
mini_batch_src_global generation:  2.86102294921875e-05
r_  generation:  0.0001163482666015625
local_output_nid generation:  8.58306884765625e-06
local_in_edges_tensor generation:  0.00011897087097167969
mini_batch_src_global generation:  3.2901763916015625e-05
r_  generation:  0.0001735687255859375
local_output_nid generation:  5.9604644775390625e-06
local_in_edges_tensor generation:  0.00011944770812988281
mini_batch_src_global generation:  2.86102294921875e-05
r_  generation:  0.00010418891906738281
local_output_nid generation:  6.198883056640625e-06
local_in_edges_tensor generation:  0.00011563301086425781
mini_batch_src_global generation:  2.765655517578125e-05
r_  generation:  0.00011301040649414062
local_output_nid generation:  6.198883056640625e-06
local_in_edges_tensor generation:  0.00011849403381347656
mini_batch_src_global generation:  2.9802322387695312e-05
r_  generation:  0.00015354156494140625
local_output_nid generation:  5.0067901611328125e-06
local_in_edges_tensor generation:  0.00011658668518066406
mini_batch_src_global generation:  2.6464462280273438e-05
r_  generation:  8.0108642578125e-05
local_output_nid generation:  9.775161743164062e-06
local_in_edges_tensor generation:  0.00012040138244628906
mini_batch_src_global generation:  3.123283386230469e-05
r_  generation:  0.00020003318786621094
local_output_nid generation:  9.298324584960938e-06
local_in_edges_tensor generation:  0.00012111663818359375
mini_batch_src_global generation:  4.172325134277344e-05
r_  generation:  0.0002307891845703125
local_output_nid generation:  6.67572021484375e-06
local_in_edges_tensor generation:  0.00012063980102539062
mini_batch_src_global generation:  3.337860107421875e-05
r_  generation:  0.00013875961303710938
local_output_nid generation:  4.76837158203125e-06
local_in_edges_tensor generation:  0.00011444091796875
mini_batch_src_global generation:  2.5987625122070312e-05
r_  generation:  9.465217590332031e-05
----------------------check_connections_block total spend ----------------------------- 0.006253957748413086
generate_one_block  0.0012443065643310547
generate_one_block  0.0011777877807617188
generate_one_block  0.0012264251708984375
generate_one_block  0.0012896060943603516
generate_one_block  0.0012869834899902344
generate_one_block  0.0012578964233398438
generate_one_block  0.0012159347534179688
generate_one_block  0.0011942386627197266
generate_one_block  0.0010786056518554688
generate_one_block  0.0010921955108642578
generate_one_block  0.0011870861053466797
generate_one_block  0.0011234283447265625
generate_one_block  0.0012209415435791016
generate_one_block  0.0012576580047607422
generate_one_block  0.001104116439819336
generate_one_block  0.0010569095611572266
The real block id is  3
get_global_graph_edges_ids_block function  spend 0.0008072853088378906
gen group dst list time:  0.00017380714416503906
time for parepare:  0.00023674964904785156
local_output_nid generation:  2.5987625122070312e-05
local_in_edges_tensor generation:  0.0003383159637451172
mini_batch_src_global generation:  6.580352783203125e-05
r_  generation:  0.0003733634948730469
local_output_nid generation:  2.0503997802734375e-05
local_in_edges_tensor generation:  0.00015282630920410156
mini_batch_src_global generation:  6.961822509765625e-05
r_  generation:  0.00040340423583984375
local_output_nid generation:  3.2901763916015625e-05
local_in_edges_tensor generation:  0.0001747608184814453
mini_batch_src_global generation:  8.153915405273438e-05
r_  generation:  0.0005326271057128906
local_output_nid generation:  3.504753112792969e-05
local_in_edges_tensor generation:  0.00018262863159179688
mini_batch_src_global generation:  9.202957153320312e-05
r_  generation:  0.0006568431854248047
local_output_nid generation:  2.1457672119140625e-05
local_in_edges_tensor generation:  0.0001537799835205078
mini_batch_src_global generation:  7.343292236328125e-05
r_  generation:  0.0004298686981201172
local_output_nid generation:  2.8371810913085938e-05
local_in_edges_tensor generation:  0.0001685619354248047
mini_batch_src_global generation:  7.724761962890625e-05
r_  generation:  0.0005700588226318359
local_output_nid generation:  2.2649765014648438e-05
local_in_edges_tensor generation:  0.0001537799835205078
mini_batch_src_global generation:  8.344650268554688e-05
r_  generation:  0.0004584789276123047
local_output_nid generation:  3.337860107421875e-05
local_in_edges_tensor generation:  0.0001811981201171875
mini_batch_src_global generation:  8.344650268554688e-05
r_  generation:  0.0005974769592285156
local_output_nid generation:  1.7642974853515625e-05
local_in_edges_tensor generation:  0.00014925003051757812
mini_batch_src_global generation:  6.723403930664062e-05
r_  generation:  0.000335693359375
local_output_nid generation:  2.1696090698242188e-05
local_in_edges_tensor generation:  0.0001494884490966797
mini_batch_src_global generation:  5.841255187988281e-05
r_  generation:  0.0004048347473144531
local_output_nid generation:  3.528594970703125e-05
local_in_edges_tensor generation:  0.0001742839813232422
mini_batch_src_global generation:  7.677078247070312e-05
r_  generation:  0.0006127357482910156
local_output_nid generation:  1.3828277587890625e-05
local_in_edges_tensor generation:  0.0001404285430908203
mini_batch_src_global generation:  6.103515625e-05
r_  generation:  0.00028061866760253906
local_output_nid generation:  3.2901763916015625e-05
local_in_edges_tensor generation:  0.0001804828643798828
mini_batch_src_global generation:  8.320808410644531e-05
r_  generation:  0.0006880760192871094
local_output_nid generation:  4.029273986816406e-05
local_in_edges_tensor generation:  0.00018644332885742188
mini_batch_src_global generation:  0.00011420249938964844
r_  generation:  0.0007863044738769531
local_output_nid generation:  2.7179718017578125e-05
local_in_edges_tensor generation:  0.0001728534698486328
mini_batch_src_global generation:  9.107589721679688e-05
r_  generation:  0.0005719661712646484
local_output_nid generation:  1.5497207641601562e-05
local_in_edges_tensor generation:  0.00014638900756835938
mini_batch_src_global generation:  6.818771362304688e-05
r_  generation:  0.0002608299255371094
----------------------check_connections_block total spend ----------------------------- 0.015315532684326172
generate_one_block  0.0016896724700927734
generate_one_block  0.0015912055969238281
generate_one_block  0.0017635822296142578
generate_one_block  0.0017418861389160156
generate_one_block  0.0015227794647216797
generate_one_block  0.0016193389892578125
generate_one_block  0.0015382766723632812
generate_one_block  0.0016543865203857422
generate_one_block  0.001355886459350586
generate_one_block  0.0014598369598388672
generate_one_block  0.0016434192657470703
generate_one_block  0.0012505054473876953
generate_one_block  0.001764535903930664
generate_one_block  0.001979827880859375
generate_one_block  0.0016973018646240234
generate_one_block  0.0012764930725097656
The real block id is  2
get_global_graph_edges_ids_block function  spend 0.0008335113525390625
gen group dst list time:  0.00040030479431152344
time for parepare:  0.0002276897430419922
local_output_nid generation:  5.698204040527344e-05
local_in_edges_tensor generation:  0.00038886070251464844
mini_batch_src_global generation:  0.0001671314239501953
r_  generation:  0.0010476112365722656
local_output_nid generation:  6.532669067382812e-05
local_in_edges_tensor generation:  0.00023555755615234375
mini_batch_src_global generation:  0.0001633167266845703
r_  generation:  0.0012679100036621094
local_output_nid generation:  8.153915405273438e-05
local_in_edges_tensor generation:  0.0002346038818359375
mini_batch_src_global generation:  0.00014638900756835938
r_  generation:  0.0014808177947998047
local_output_nid generation:  8.845329284667969e-05
local_in_edges_tensor generation:  0.00024366378784179688
mini_batch_src_global generation:  0.0001761913299560547
r_  generation:  0.0016345977783203125
local_output_nid generation:  6.151199340820312e-05
local_in_edges_tensor generation:  0.0002181529998779297
mini_batch_src_global generation:  0.00013518333435058594
r_  generation:  0.001190185546875
local_output_nid generation:  7.152557373046875e-05
local_in_edges_tensor generation:  0.0002319812774658203
mini_batch_src_global generation:  0.00014829635620117188
r_  generation:  0.0014197826385498047
local_output_nid generation:  5.936622619628906e-05
local_in_edges_tensor generation:  0.00021505355834960938
mini_batch_src_global generation:  0.0001366138458251953
r_  generation:  0.0011866092681884766
local_output_nid generation:  7.653236389160156e-05
local_in_edges_tensor generation:  0.000232696533203125
mini_batch_src_global generation:  0.0001494884490966797
r_  generation:  0.001493692398071289
local_output_nid generation:  5.221366882324219e-05
local_in_edges_tensor generation:  0.00021791458129882812
mini_batch_src_global generation:  0.00012159347534179688
r_  generation:  0.0018277168273925781
local_output_nid generation:  4.887580871582031e-05
local_in_edges_tensor generation:  0.00020956993103027344
mini_batch_src_global generation:  0.0001201629638671875
r_  generation:  0.0010051727294921875
local_output_nid generation:  7.82012939453125e-05
local_in_edges_tensor generation:  0.0002186298370361328
mini_batch_src_global generation:  0.00014519691467285156
r_  generation:  0.001332998275756836
local_output_nid generation:  4.267692565917969e-05
local_in_edges_tensor generation:  0.00018024444580078125
mini_batch_src_global generation:  0.00010895729064941406
r_  generation:  0.0007734298706054688
local_output_nid generation:  9.489059448242188e-05
local_in_edges_tensor generation:  0.00023031234741210938
mini_batch_src_global generation:  0.0001518726348876953
r_  generation:  0.0015873908996582031
local_output_nid generation:  0.00010156631469726562
local_in_edges_tensor generation:  0.0002524852752685547
mini_batch_src_global generation:  0.0001804828643798828
r_  generation:  0.0016944408416748047
local_output_nid generation:  8.296966552734375e-05
local_in_edges_tensor generation:  0.00020694732666015625
mini_batch_src_global generation:  0.0001544952392578125
r_  generation:  0.0013113021850585938
local_output_nid generation:  3.695487976074219e-05
local_in_edges_tensor generation:  0.0001652240753173828
mini_batch_src_global generation:  9.918212890625e-05
r_  generation:  0.0006248950958251953
----------------------check_connections_block total spend ----------------------------- 0.03365206718444824
generate_one_block  0.00247955322265625
generate_one_block  0.0023925304412841797
generate_one_block  0.0026178359985351562
generate_one_block  0.002732992172241211
generate_one_block  0.0022797584533691406
generate_one_block  0.0025599002838134766
generate_one_block  0.002307415008544922
generate_one_block  0.002596616744995117
generate_one_block  0.0021085739135742188
generate_one_block  0.002119779586791992
generate_one_block  0.002772092819213867
generate_one_block  0.0019183158874511719
generate_one_block  0.002808094024658203
generate_one_block  0.003077268600463867
generate_one_block  0.0025870800018310547
generate_one_block  0.0017342567443847656
The real block id is  1
get_global_graph_edges_ids_block function  spend 0.0008554458618164062
gen group dst list time:  0.0007078647613525391
time for parepare:  0.0002257823944091797
local_output_nid generation:  0.00011706352233886719
local_in_edges_tensor generation:  0.0004982948303222656
mini_batch_src_global generation:  0.00018167495727539062
r_  generation:  0.0022194385528564453
local_output_nid generation:  0.0001308917999267578
local_in_edges_tensor generation:  0.0003249645233154297
mini_batch_src_global generation:  0.00026035308837890625
r_  generation:  0.002283811569213867
local_output_nid generation:  0.00014734268188476562
local_in_edges_tensor generation:  0.0003440380096435547
mini_batch_src_global generation:  0.0002579689025878906
r_  generation:  0.0025718212127685547
local_output_nid generation:  0.00015115737915039062
local_in_edges_tensor generation:  0.0003509521484375
mini_batch_src_global generation:  0.00026488304138183594
r_  generation:  0.0026350021362304688
local_output_nid generation:  0.0001232624053955078
local_in_edges_tensor generation:  0.0003056526184082031
mini_batch_src_global generation:  0.00022983551025390625
r_  generation:  0.002196788787841797
local_output_nid generation:  0.0001385211944580078
local_in_edges_tensor generation:  0.0003249645233154297
mini_batch_src_global generation:  0.00022673606872558594
r_  generation:  0.0024137496948242188
local_output_nid generation:  0.00011849403381347656
local_in_edges_tensor generation:  0.00029754638671875
mini_batch_src_global generation:  0.00020837783813476562
r_  generation:  0.002142190933227539
local_output_nid generation:  0.00013780593872070312
local_in_edges_tensor generation:  0.00031876564025878906
mini_batch_src_global generation:  0.00022983551025390625
r_  generation:  0.002175569534301758
local_output_nid generation:  9.942054748535156e-05
local_in_edges_tensor generation:  0.0002574920654296875
mini_batch_src_global generation:  0.00017714500427246094
r_  generation:  0.0017673969268798828
local_output_nid generation:  0.00010013580322265625
local_in_edges_tensor generation:  0.0002644062042236328
mini_batch_src_global generation:  0.00017547607421875
r_  generation:  0.001790761947631836
local_output_nid generation:  0.00012612342834472656
local_in_edges_tensor generation:  0.0002942085266113281
mini_batch_src_global generation:  0.00021529197692871094
r_  generation:  0.0021500587463378906
local_output_nid generation:  9.965896606445312e-05
local_in_edges_tensor generation:  0.00025177001953125
mini_batch_src_global generation:  0.00018835067749023438
r_  generation:  0.001689910888671875
local_output_nid generation:  0.0001418590545654297
local_in_edges_tensor generation:  0.0003325939178466797
mini_batch_src_global generation:  0.0002353191375732422
r_  generation:  0.002420663833618164
local_output_nid generation:  0.00015664100646972656
local_in_edges_tensor generation:  0.00033283233642578125
mini_batch_src_global generation:  0.0002586841583251953
r_  generation:  0.00254058837890625
local_output_nid generation:  0.0001385211944580078
local_in_edges_tensor generation:  0.00031948089599609375
mini_batch_src_global generation:  0.00022912025451660156
r_  generation:  0.0024344921112060547
local_output_nid generation:  6.985664367675781e-05
local_in_edges_tensor generation:  0.00020933151245117188
mini_batch_src_global generation:  0.0001590251922607422
r_  generation:  0.001190185546875
----------------------check_connections_block total spend ----------------------------- 0.054644107818603516
generate_one_block  0.0037131309509277344
generate_one_block  0.003531932830810547
generate_one_block  0.003747701644897461
generate_one_block  0.0037784576416015625
generate_one_block  0.0033211708068847656
generate_one_block  0.003591775894165039
generate_one_block  0.0037157535552978516
generate_one_block  0.003533601760864258
generate_one_block  0.0031349658966064453
generate_one_block  0.003147125244140625
generate_one_block  0.0036306381225585938
generate_one_block  0.0030410289764404297
generate_one_block  0.0038726329803466797
generate_one_block  0.004005908966064453
generate_one_block  0.003758668899536133
generate_one_block  0.0024750232696533203
The real block id is  0
get_global_graph_edges_ids_block function  spend 0.0008769035339355469
gen group dst list time:  0.0010788440704345703
time for parepare:  0.00023555755615234375
local_output_nid generation:  0.00018525123596191406
local_in_edges_tensor generation:  0.0005533695220947266
mini_batch_src_global generation:  0.0002601146697998047
r_  generation:  0.0029718875885009766
local_output_nid generation:  0.00019049644470214844
local_in_edges_tensor generation:  0.0003859996795654297
mini_batch_src_global generation:  0.00028634071350097656
r_  generation:  0.0030202865600585938
local_output_nid generation:  0.0001952648162841797
local_in_edges_tensor generation:  0.0003941059112548828
mini_batch_src_global generation:  0.0002827644348144531
r_  generation:  0.003164529800415039
local_output_nid generation:  0.00019407272338867188
local_in_edges_tensor generation:  0.0003924369812011719
mini_batch_src_global generation:  0.0002944469451904297
r_  generation:  0.003202676773071289
local_output_nid generation:  0.0001800060272216797
local_in_edges_tensor generation:  0.0003669261932373047
mini_batch_src_global generation:  0.00028133392333984375
r_  generation:  0.0029408931732177734
local_output_nid generation:  0.00019478797912597656
local_in_edges_tensor generation:  0.0003650188446044922
mini_batch_src_global generation:  0.0002689361572265625
r_  generation:  0.002735614776611328
local_output_nid generation:  0.00016164779663085938
local_in_edges_tensor generation:  0.00034308433532714844
mini_batch_src_global generation:  0.000247955322265625
r_  generation:  0.0025930404663085938
local_output_nid generation:  0.00016117095947265625
local_in_edges_tensor generation:  0.000335693359375
mini_batch_src_global generation:  0.0002353191375732422
r_  generation:  0.002664804458618164
local_output_nid generation:  0.00014829635620117188
local_in_edges_tensor generation:  0.00033092498779296875
mini_batch_src_global generation:  0.0002503395080566406
r_  generation:  0.0024831295013427734
local_output_nid generation:  0.0001506805419921875
local_in_edges_tensor generation:  0.0003333091735839844
mini_batch_src_global generation:  0.00024700164794921875
r_  generation:  0.002626657485961914
local_output_nid generation:  0.00016808509826660156
local_in_edges_tensor generation:  0.00034046173095703125
mini_batch_src_global generation:  0.0002567768096923828
r_  generation:  0.0027642250061035156
local_output_nid generation:  0.00015306472778320312
local_in_edges_tensor generation:  0.0003654956817626953
mini_batch_src_global generation:  0.0002872943878173828
r_  generation:  0.0025260448455810547
local_output_nid generation:  0.00017571449279785156
local_in_edges_tensor generation:  0.000362396240234375
mini_batch_src_global generation:  0.0002510547637939453
r_  generation:  0.003014087677001953
local_output_nid generation:  0.00018858909606933594
local_in_edges_tensor generation:  0.0003612041473388672
mini_batch_src_global generation:  0.00027370452880859375
r_  generation:  0.002950906753540039
local_output_nid generation:  0.00017714500427246094
local_in_edges_tensor generation:  0.0003540515899658203
mini_batch_src_global generation:  0.00025343894958496094
r_  generation:  0.0028846263885498047
local_output_nid generation:  0.00011730194091796875
local_in_edges_tensor generation:  0.0002772808074951172
mini_batch_src_global generation:  0.0002167224884033203
r_  generation:  0.0019459724426269531
----------------------check_connections_block total spend ----------------------------- 0.06853938102722168
generate_one_block  0.004473686218261719
generate_one_block  0.0041620731353759766
generate_one_block  0.004784107208251953
generate_one_block  0.004208803176879883
generate_one_block  0.004001140594482422
generate_one_block  0.004090785980224609
generate_one_block  0.004006862640380859
generate_one_block  0.00403141975402832
generate_one_block  0.00390625
generate_one_block  0.0038864612579345703
generate_one_block  0.004103422164916992
generate_one_block  0.003935337066650391
generate_one_block  0.004274845123291016
generate_one_block  0.004277467727661133
generate_one_block  0.004192352294921875
generate_one_block  0.003417491912841797
-----------------------------------------after block dataloader generation 
 Nvidia-smi: 2.4178466796875 GB
    Memory Allocated: 0.2637500762939453  GigaBytes
Max Memory Allocated: 1.0343823432922363  GigaBytes

connection checking time:  0.1784050464630127
block generation total time  0.20540714263916016
average batch blocks generation time:  0.01283794641494751
block dataloader generation time/epoch 0.5712838172912598
----------------------------------------before batch_pred = model(blocks, batch_inputs) 
 Nvidia-smi: 2.4178466796875 GB
    Memory Allocated: 0.26406288146972656  GigaBytes
Max Memory Allocated: 1.0343823432922363  GigaBytes

torch.Size([2293, 1433])
torch.Size([1962, 32])
torch.Size([1338, 32])
torch.Size([547, 32])
torch.Size([175, 32])
-----------------------------------------batch_pred = model(blocks, batch_inputs) 
 Nvidia-smi: 2.4178466796875 GB
    Memory Allocated: 1.0129284858703613  GigaBytes
Max Memory Allocated: 1.0563607215881348  GigaBytes

----------------------------------------before batch_pred = model(blocks, batch_inputs) 
 Nvidia-smi: 2.4178466796875 GB
    Memory Allocated: 0.26404857635498047  GigaBytes
Max Memory Allocated: 1.1014280319213867  GigaBytes

torch.Size([2289, 1433])
torch.Size([1990, 32])
torch.Size([1393, 32])
torch.Size([648, 32])
torch.Size([170, 32])
-----------------------------------------batch_pred = model(blocks, batch_inputs) 
 Nvidia-smi: 2.4178466796875 GB
    Memory Allocated: 1.0219292640686035  GigaBytes
Max Memory Allocated: 1.1014280319213867  GigaBytes

----------------------------------------before batch_pred = model(blocks, batch_inputs) 
 Nvidia-smi: 2.4490966796875 GB
    Memory Allocated: 0.2643752098083496  GigaBytes
Max Memory Allocated: 1.10880708694458  GigaBytes

torch.Size([2347, 1433])
torch.Size([2122, 32])
torch.Size([1590, 32])
torch.Size([804, 32])
torch.Size([281, 32])
-----------------------------------------batch_pred = model(blocks, batch_inputs) 
 Nvidia-smi: 2.4490966796875 GB
    Memory Allocated: 1.058985710144043  GigaBytes
Max Memory Allocated: 1.10880708694458  GigaBytes

----------------------------------------before batch_pred = model(blocks, batch_inputs) 
 Nvidia-smi: 2.4490966796875 GB
    Memory Allocated: 0.2643899917602539  GigaBytes
Max Memory Allocated: 1.1415491104125977  GigaBytes

torch.Size([2348, 1433])
torch.Size([2153, 32])
torch.Size([1643, 32])
torch.Size([910, 32])
torch.Size([319, 32])
-----------------------------------------batch_pred = model(blocks, batch_inputs) 
 Nvidia-smi: 2.4490966796875 GB
    Memory Allocated: 1.0662102699279785  GigaBytes
Max Memory Allocated: 1.1415491104125977  GigaBytes

----------------------------------------before batch_pred = model(blocks, batch_inputs) 
 Nvidia-smi: 2.4490966796875 GB
    Memory Allocated: 0.26399660110473633  GigaBytes
Max Memory Allocated: 1.1463398933410645  GigaBytes

torch.Size([2280, 1433])
torch.Size([1933, 32])
torch.Size([1306, 32])
torch.Size([631, 32])
torch.Size([186, 32])
-----------------------------------------batch_pred = model(blocks, batch_inputs) 
 Nvidia-smi: 2.4490966796875 GB
    Memory Allocated: 0.9987082481384277  GigaBytes
Max Memory Allocated: 1.1463398933410645  GigaBytes

----------------------------------------before batch_pred = model(blocks, batch_inputs) 
 Nvidia-smi: 2.4490966796875 GB
    Memory Allocated: 0.2640714645385742  GigaBytes
Max Memory Allocated: 1.1463398933410645  GigaBytes

torch.Size([2291, 1433])
torch.Size([2029, 32])
torch.Size([1481, 32])
torch.Size([755, 32])
torch.Size([263, 32])
-----------------------------------------batch_pred = model(blocks, batch_inputs) 
 Nvidia-smi: 2.4490966796875 GB
    Memory Allocated: 1.0314102172851562  GigaBytes
Max Memory Allocated: 1.1463398933410645  GigaBytes
Using backend: pytorch

----------------------------------------before batch_pred = model(blocks, batch_inputs) 
 Nvidia-smi: 2.4490966796875 GB
    Memory Allocated: 0.26380348205566406  GigaBytes
Max Memory Allocated: 1.1463398933410645  GigaBytes

torch.Size([2244, 1433])
torch.Size([1893, 32])
torch.Size([1278, 32])
torch.Size([632, 32])
torch.Size([211, 32])
-----------------------------------------batch_pred = model(blocks, batch_inputs) 
 Nvidia-smi: 2.4490966796875 GB
    Memory Allocated: 0.9892516136169434  GigaBytes
Max Memory Allocated: 1.1463398933410645  GigaBytes

----------------------------------------before batch_pred = model(blocks, batch_inputs) 
 Nvidia-smi: 2.4490966796875 GB
    Memory Allocated: 0.2638998031616211  GigaBytes
Max Memory Allocated: 1.1463398933410645  GigaBytes

torch.Size([2259, 1433])
torch.Size([1959, 32])
torch.Size([1478, 32])
torch.Size([802, 32])
torch.Size([295, 32])
-----------------------------------------batch_pred = model(blocks, batch_inputs) 
 Nvidia-smi: 2.4490966796875 GB
    Memory Allocated: 1.014268398284912  GigaBytes
Max Memory Allocated: 1.1463398933410645  GigaBytes

----------------------------------------before batch_pred = model(blocks, batch_inputs) 
 Nvidia-smi: 2.4490966796875 GB
    Memory Allocated: 0.26352834701538086  GigaBytes
Max Memory Allocated: 1.1463398933410645  GigaBytes

torch.Size([2179, 1433])
torch.Size([1794, 32])
torch.Size([1138, 32])
torch.Size([531, 32])
torch.Size([145, 32])
-----------------------------------------batch_pred = model(blocks, batch_inputs) 
 Nvidia-smi: 2.4490966796875 GB
    Memory Allocated: 0.9582242965698242  GigaBytes
Max Memory Allocated: 1.1463398933410645  GigaBytes

----------------------------------------before batch_pred = model(blocks, batch_inputs) 
 Nvidia-smi: 2.4490966796875 GB
    Memory Allocated: 0.2636070251464844  GigaBytes
Max Memory Allocated: 1.1463398933410645  GigaBytes

torch.Size([2209, 1433])
torch.Size([1814, 32])
torch.Size([1179, 32])
torch.Size([489, 32])
torch.Size([185, 32])
-----------------------------------------batch_pred = model(blocks, batch_inputs) 
 Nvidia-smi: 2.4490966796875 GB
    Memory Allocated: 0.964968204498291  GigaBytes
Max Memory Allocated: 1.1463398933410645  GigaBytes

----------------------------------------before batch_pred = model(blocks, batch_inputs) 
 Nvidia-smi: 2.4490966796875 GB
    Memory Allocated: 0.2642059326171875  GigaBytes
Max Memory Allocated: 1.1463398933410645  GigaBytes

torch.Size([2316, 1433])
torch.Size([2039, 32])
torch.Size([1468, 32])
torch.Size([765, 32])
torch.Size([306, 32])
-----------------------------------------batch_pred = model(blocks, batch_inputs) 
 Nvidia-smi: 2.4490966796875 GB
    Memory Allocated: 1.0350728034973145  GigaBytes
Max Memory Allocated: 1.1463398933410645  GigaBytes

----------------------------------------before batch_pred = model(blocks, batch_inputs) 
 Nvidia-smi: 2.4490966796875 GB
    Memory Allocated: 0.2636232376098633  GigaBytes
Max Memory Allocated: 1.1463398933410645  GigaBytes

torch.Size([2214, 1433])
torch.Size([1803, 32])
torch.Size([1084, 32])
torch.Size([396, 32])
torch.Size([115, 32])
-----------------------------------------batch_pred = model(blocks, batch_inputs) 
 Nvidia-smi: 2.4490966796875 GB
    Memory Allocated: 0.9663705825805664  GigaBytes
Max Memory Allocated: 1.1463398933410645  GigaBytes

----------------------------------------before batch_pred = model(blocks, batch_inputs) 
 Nvidia-smi: 2.4490966796875 GB
    Memory Allocated: 0.2646455764770508  GigaBytes
Max Memory Allocated: 1.1463398933410645  GigaBytes

torch.Size([2395, 1433])
torch.Size([2192, 32])
torch.Size([1676, 32])
torch.Size([928, 32])
torch.Size([318, 32])
-----------------------------------------batch_pred = model(blocks, batch_inputs) 
 Nvidia-smi: 2.4490966796875 GB
    Memory Allocated: 1.0782017707824707  GigaBytes
Max Memory Allocated: 1.1463398933410645  GigaBytes

----------------------------------------before batch_pred = model(blocks, batch_inputs) 
 Nvidia-smi: 2.4490966796875 GB
    Memory Allocated: 0.2645559310913086  GigaBytes
Max Memory Allocated: 1.156712532043457  GigaBytes

torch.Size([2376, 1433])
torch.Size([2233, 32])
torch.Size([1809, 32])
torch.Size([1074, 32])
torch.Size([379, 32])
-----------------------------------------batch_pred = model(blocks, batch_inputs) 
 Nvidia-smi: 2.5018310546875 GB
    Memory Allocated: 1.0902905464172363  GigaBytes
Max Memory Allocated: 1.156712532043457  GigaBytes

----------------------------------------before batch_pred = model(blocks, batch_inputs) 
 Nvidia-smi: 2.5037841796875 GB
    Memory Allocated: 0.26444196701049805  GigaBytes
Max Memory Allocated: 1.1659369468688965  GigaBytes

torch.Size([2359, 1433])
torch.Size([2152, 32])
torch.Size([1604, 32])
torch.Size([774, 32])
torch.Size([258, 32])
-----------------------------------------batch_pred = model(blocks, batch_inputs) 
 Nvidia-smi: 2.5037841796875 GB
    Memory Allocated: 1.0686259269714355  GigaBytes
Max Memory Allocated: 1.1659369468688965  GigaBytes

----------------------------------------before batch_pred = model(blocks, batch_inputs) 
 Nvidia-smi: 2.5037841796875 GB
    Memory Allocated: 0.2619032859802246  GigaBytes
Max Memory Allocated: 1.1659369468688965  GigaBytes

torch.Size([1897, 1433])
torch.Size([1332, 32])
torch.Size([749, 32])
torch.Size([348, 32])
torch.Size([125, 32])
-----------------------------------------batch_pred = model(blocks, batch_inputs) 
 Nvidia-smi: 2.5037841796875 GB
    Memory Allocated: 0.8059825897216797  GigaBytes
Max Memory Allocated: 1.1659369468688965  GigaBytes

times | data loading | block to device | model prediction | loss calculation | loss backward |  optimizer step |
      |0.06629893183708191 |0.0012584328651428223 |0.2602733373641968 |0.00013141334056854248 |0.3296361565589905 |0.019725322723388672 |
----------------------------------------------------------pseudo_mini_loss sum 2.453803777694702
Total (block generation + training)time/epoch 11.187445878982544
Training time/epoch 10.615944147109985
Training time without block to device /epoch 10.5958092212677
Training time without total dataloading part /epoch 9.460379838943481
load block tensor time/epoch 1.0607829093933105
block to device time/epoch 0.020134925842285156
input features size transfer per epoch 2.1457672119140625e-06
blocks size to device per epoch 1.9073486328125e-06
 Run 0| Epoch 1 |
Number of nodes for computation during this epoch:  105440
Number of first layer input nodes during this epoch:  36296
