main start at this time 1648428173.4388144
-----------------------------------------before load data 
 Nvidia-smi: 0.1717529296875 GB
    Memory Allocated: 0.0  GigaBytes
Max Memory Allocated: 0.0  GigaBytes

  NumNodes: 2708
  NumEdges: 10556
  NumFeats: 1433
  NumClasses: 7
  NumTrainingSamples: 140
  NumValidationSamples: 500
  NumTestSamples: 1000
Done loading data from cached files.
success----------------------------------------
140
500
2068
# Nodes: 2708
# Edges: 10556
# Train: 140
# Val: 500
# Test: 2068
# Classes: 7

in feats:  1433
----------------------------------------before generate_dataloader_block 
 Nvidia-smi: 1.0174560546875 GB
    Memory Allocated: 0.0003566741943359375  GigaBytes
Max Memory Allocated: 0.0003566741943359375  GigaBytes

The real block id is  2
get_global_graph_edges_ids_block function  spend 0.0013098716735839844
range selection method range initialization spend 9.965896606445312e-05
time for parepare:  5.9604644775390625e-05
local_output_nid generation:  3.790855407714844e-05
local_in_edges_tensor generation:  0.0002009868621826172
mini_batch_src_global generation:  2.47955322265625e-05
r_  generation:  0.002453327178955078
local_output_nid generation:  8.58306884765625e-06
local_in_edges_tensor generation:  0.0001239776611328125
mini_batch_src_global generation:  2.3603439331054688e-05
r_  generation:  4.601478576660156e-05
local_output_nid generation:  7.3909759521484375e-06
local_in_edges_tensor generation:  9.441375732421875e-05
mini_batch_src_global generation:  1.5735626220703125e-05
r_  generation:  4.029273986816406e-05
local_output_nid generation:  6.67572021484375e-06
local_in_edges_tensor generation:  9.107589721679688e-05
mini_batch_src_global generation:  1.4543533325195312e-05
r_  generation:  2.765655517578125e-05
local_output_nid generation:  6.4373016357421875e-06
local_in_edges_tensor generation:  9.083747863769531e-05
mini_batch_src_global generation:  1.5735626220703125e-05
r_  generation:  5.221366882324219e-05
local_output_nid generation:  5.7220458984375e-06
local_in_edges_tensor generation:  9.226799011230469e-05
mini_batch_src_global generation:  1.5974044799804688e-05
r_  generation:  3.910064697265625e-05
local_output_nid generation:  6.4373016357421875e-06
local_in_edges_tensor generation:  8.869171142578125e-05
mini_batch_src_global generation:  1.4781951904296875e-05
r_  generation:  3.266334533691406e-05
local_output_nid generation:  5.7220458984375e-06
local_in_edges_tensor generation:  0.00011181831359863281
mini_batch_src_global generation:  1.52587890625e-05
r_  generation:  3.0279159545898438e-05
----------------------check_connections_block total spend ----------------------------- 0.004274845123291016
generate_one_block  0.0014297962188720703
generate_one_block  0.0009877681732177734
generate_one_block  0.0009822845458984375
generate_one_block  0.0010142326354980469
generate_one_block  0.0010471343994140625
generate_one_block  0.0009734630584716797
generate_one_block  0.0010044574737548828
generate_one_block  0.000989675521850586
The real block id is  1
get_global_graph_edges_ids_block function  spend 0.0004715919494628906
gen group dst list time:  5.3882598876953125e-05
time for parepare:  0.0001327991485595703
local_output_nid generation:  8.821487426757812e-06
local_in_edges_tensor generation:  0.00018453598022460938
mini_batch_src_global generation:  3.266334533691406e-05
r_  generation:  0.0001995563507080078
local_output_nid generation:  8.821487426757812e-06
local_in_edges_tensor generation:  0.00011134147644042969
mini_batch_src_global generation:  3.552436828613281e-05
r_  generation:  0.00021910667419433594
local_output_nid generation:  8.821487426757812e-06
local_in_edges_tensor generation:  0.00010943412780761719
mini_batch_src_global generation:  3.647804260253906e-05
r_  generation:  0.00024580955505371094
local_output_nid generation:  6.67572021484375e-06
local_in_edges_tensor generation:  0.00010800361633300781
mini_batch_src_global generation:  3.075599670410156e-05
r_  generation:  0.00016069412231445312
local_output_nid generation:  1.049041748046875e-05
local_in_edges_tensor generation:  0.00011873245239257812
mini_batch_src_global generation:  3.600120544433594e-05
r_  generation:  0.0002543926239013672
local_output_nid generation:  9.5367431640625e-06
local_in_edges_tensor generation:  0.00011467933654785156
mini_batch_src_global generation:  5.507469177246094e-05
r_  generation:  0.00026154518127441406
local_output_nid generation:  8.344650268554688e-06
local_in_edges_tensor generation:  0.0001246929168701172
mini_batch_src_global generation:  3.266334533691406e-05
r_  generation:  0.00019478797912597656
local_output_nid generation:  6.67572021484375e-06
local_in_edges_tensor generation:  0.00010585784912109375
mini_batch_src_global generation:  2.765655517578125e-05
r_  generation:  0.0001518726348876953
----------------------check_connections_block total spend ----------------------------- 0.003793001174926758
generate_one_block  0.0011792182922363281
generate_one_block  0.001234292984008789
generate_one_block  0.0013229846954345703
generate_one_block  0.0011258125305175781
generate_one_block  0.0012776851654052734
generate_one_block  0.0012743473052978516
generate_one_block  0.001153707504272461
generate_one_block  0.0011484622955322266
The real block id is  0
get_global_graph_edges_ids_block function  spend 0.0006232261657714844
gen group dst list time:  9.369850158691406e-05
time for parepare:  0.00016736984252929688
local_output_nid generation:  2.47955322265625e-05
local_in_edges_tensor generation:  0.0002167224884033203
mini_batch_src_global generation:  6.890296936035156e-05
r_  generation:  0.0006079673767089844
local_output_nid generation:  3.123283386230469e-05
local_in_edges_tensor generation:  0.00015544891357421875
mini_batch_src_global generation:  9.751319885253906e-05
r_  generation:  0.0006761550903320312
local_output_nid generation:  3.814697265625e-05
local_in_edges_tensor generation:  0.00016355514526367188
mini_batch_src_global generation:  0.00011205673217773438
r_  generation:  0.0008573532104492188
local_output_nid generation:  2.6226043701171875e-05
local_in_edges_tensor generation:  0.00014448165893554688
mini_batch_src_global generation:  7.390975952148438e-05
r_  generation:  0.0005345344543457031
local_output_nid generation:  3.3855438232421875e-05
local_in_edges_tensor generation:  0.0001595020294189453
mini_batch_src_global generation:  8.153915405273438e-05
r_  generation:  0.0007681846618652344
local_output_nid generation:  3.790855407714844e-05
local_in_edges_tensor generation:  0.00016188621520996094
mini_batch_src_global generation:  9.465217590332031e-05
r_  generation:  0.0008635520935058594
local_output_nid generation:  2.86102294921875e-05
local_in_edges_tensor generation:  0.0001533031463623047
mini_batch_src_global generation:  7.843971252441406e-05
r_  generation:  0.0005993843078613281
local_output_nid generation:  2.4318695068359375e-05
local_in_edges_tensor generation:  0.00013875961303710938
mini_batch_src_global generation:  6.29425048828125e-05
r_  generation:  0.0004978179931640625
----------------------check_connections_block total spend ----------------------------- 0.009305953979492188
generate_one_block  0.0017080307006835938
generate_one_block  0.0018875598907470703
generate_one_block  0.0019023418426513672
generate_one_block  0.0015666484832763672
generate_one_block  0.0018703937530517578
generate_one_block  0.0019216537475585938
generate_one_block  0.0016598701477050781
generate_one_block  0.001524209976196289
-----------------------------------------after block dataloader generation 
 Nvidia-smi: 1.0174560546875 GB
    Memory Allocated: 0.0003566741943359375  GigaBytes
Max Memory Allocated: 0.0003566741943359375  GigaBytes

connection checking time:  0.013098955154418945
block generation total time  0.023757219314575195
average batch blocks generation time:  0.0029696524143218994
----------------------------------------before batch_pred = model(blocks, batch_inputs) 
 Nvidia-smi: 1.1014404296875 GB
    Memory Allocated: 0.0052738189697265625  GigaBytes
Max Memory Allocated: 0.0052738189697265625  GigaBytes

torch.Size([917, 1433])
torch.Size([358, 32])
-----------------------------------------batch_pred = model(blocks, batch_inputs) 
 Nvidia-smi: 1.2615966796875 GB
    Memory Allocated: 0.005488872528076172  GigaBytes
Max Memory Allocated: 0.005530357360839844  GigaBytes

----------------------------------------before batch_pred = model(blocks, batch_inputs) 
 Nvidia-smi: 1.2615966796875 GB
    Memory Allocated: 0.00662994384765625  GigaBytes
Max Memory Allocated: 0.011502265930175781  GigaBytes

torch.Size([1104, 1433])
torch.Size([412, 32])
-----------------------------------------batch_pred = model(blocks, batch_inputs) 
 Nvidia-smi: 1.2615966796875 GB
    Memory Allocated: 0.006876468658447266  GigaBytes
Max Memory Allocated: 0.011502265930175781  GigaBytes

----------------------------------------before batch_pred = model(blocks, batch_inputs) 
 Nvidia-smi: 1.2615966796875 GB
    Memory Allocated: 0.007152557373046875  GigaBytes
Max Memory Allocated: 0.013018131256103516  GigaBytes

torch.Size([1201, 1433])
torch.Size([518, 32])
-----------------------------------------batch_pred = model(blocks, batch_inputs) 
 Nvidia-smi: 1.2615966796875 GB
    Memory Allocated: 0.007446765899658203  GigaBytes
Max Memory Allocated: 0.013018131256103516  GigaBytes

----------------------------------------before batch_pred = model(blocks, batch_inputs) 
 Nvidia-smi: 1.2615966796875 GB
    Memory Allocated: 0.0051670074462890625  GigaBytes
Max Memory Allocated: 0.013018131256103516  GigaBytes

torch.Size([831, 1433])
torch.Size([327, 32])
-----------------------------------------batch_pred = model(blocks, batch_inputs) 
 Nvidia-smi: 1.2615966796875 GB
    Memory Allocated: 0.005356311798095703  GigaBytes
Max Memory Allocated: 0.013018131256103516  GigaBytes

----------------------------------------before batch_pred = model(blocks, batch_inputs) 
 Nvidia-smi: 1.2615966796875 GB
    Memory Allocated: 0.0068302154541015625  GigaBytes
Max Memory Allocated: 0.013018131256103516  GigaBytes

torch.Size([1141, 1433])
torch.Size([473, 32])
-----------------------------------------batch_pred = model(blocks, batch_inputs) 
 Nvidia-smi: 1.2615966796875 GB
    Memory Allocated: 0.0071086883544921875  GigaBytes
Max Memory Allocated: 0.013018131256103516  GigaBytes

----------------------------------------before batch_pred = model(blocks, batch_inputs) 
 Nvidia-smi: 1.2615966796875 GB
    Memory Allocated: 0.007147312164306641  GigaBytes
Max Memory Allocated: 0.013210296630859375  GigaBytes

torch.Size([1200, 1433])
torch.Size([506, 32])
-----------------------------------------batch_pred = model(blocks, batch_inputs) 
 Nvidia-smi: 1.2615966796875 GB
    Memory Allocated: 0.007433891296386719  GigaBytes
Max Memory Allocated: 0.013210296630859375  GigaBytes

----------------------------------------before batch_pred = model(blocks, batch_inputs) 
 Nvidia-smi: 1.2615966796875 GB
    Memory Allocated: 0.005708217620849609  GigaBytes
Max Memory Allocated: 0.013210296630859375  GigaBytes

torch.Size([932, 1433])
torch.Size([350, 32])
-----------------------------------------batch_pred = model(blocks, batch_inputs) 
 Nvidia-smi: 1.2615966796875 GB
    Memory Allocated: 0.0059185028076171875  GigaBytes
Max Memory Allocated: 0.013210296630859375  GigaBytes

----------------------------------------before batch_pred = model(blocks, batch_inputs) 
 Nvidia-smi: 1.2615966796875 GB
    Memory Allocated: 0.005315303802490234  GigaBytes
Max Memory Allocated: 0.013210296630859375  GigaBytes

torch.Size([859, 1433])
torch.Size([294, 32])
-----------------------------------------batch_pred = model(blocks, batch_inputs) 
 Nvidia-smi: 1.2615966796875 GB
    Memory Allocated: 0.0054912567138671875  GigaBytes
Max Memory Allocated: 0.013210296630859375  GigaBytes

times | data loading | block to device | model prediction | loss calculation | loss backward |  optimizer step |
      |0.004838138818740845 |0.04295456409454346 |0.09812313318252563 |0.0001348555088043213 |0.002916097640991211 |0.0021648406982421875 |
----------------------------------------------------------pseudo_mini_loss sum 3.476257085800171
 Run 0| Epoch 0 |
Number of nodes for computation during this epoch:  12177
Number of first layer input nodes during this epoch:  8185
----------------------------------------before generate_dataloader_block 
 Nvidia-smi: 1.2635498046875 GB
    Memory Allocated: 0.006064414978027344  GigaBytes
Max Memory Allocated: 0.013210296630859375  GigaBytes

The real block id is  2
get_global_graph_edges_ids_block function  spend 0.00047016143798828125
range selection method range initialization spend 6.341934204101562e-05
time for parepare:  6.580352783203125e-05
local_output_nid generation:  8.344650268554688e-06
local_in_edges_tensor generation:  0.00016736984252929688
mini_batch_src_global generation:  2.3365020751953125e-05
r_  generation:  4.8160552978515625e-05
local_output_nid generation:  8.106231689453125e-06
local_in_edges_tensor generation:  0.00010514259338378906
mini_batch_src_global generation:  1.811981201171875e-05
r_  generation:  5.030632019042969e-05
local_output_nid generation:  7.152557373046875e-06
local_in_edges_tensor generation:  0.00010037422180175781
mini_batch_src_global generation:  1.6450881958007812e-05
r_  generation:  3.361701965332031e-05
local_output_nid generation:  6.9141387939453125e-06
local_in_edges_tensor generation:  9.799003601074219e-05
mini_batch_src_global generation:  1.5974044799804688e-05
r_  generation:  3.0994415283203125e-05
local_output_nid generation:  6.9141387939453125e-06
local_in_edges_tensor generation:  9.679794311523438e-05
mini_batch_src_global generation:  1.621246337890625e-05
r_  generation:  3.504753112792969e-05
local_output_nid generation:  6.67572021484375e-06
local_in_edges_tensor generation:  9.799003601074219e-05
mini_batch_src_global generation:  1.811981201171875e-05
r_  generation:  4.673004150390625e-05
local_output_nid generation:  6.67572021484375e-06
local_in_edges_tensor generation:  9.775161743164062e-05
mini_batch_src_global generation:  1.6689300537109375e-05
r_  generation:  3.7670135498046875e-05
local_output_nid generation:  1.5735626220703125e-05
local_in_edges_tensor generation:  8.893013000488281e-05
mini_batch_src_global generation:  1.4543533325195312e-05
r_  generation:  2.6702880859375e-05
----------------------check_connections_block total spend ----------------------------- 0.001773834228515625
generate_one_block  0.0010249614715576172
generate_one_block  0.0011472702026367188
generate_one_block  0.0009715557098388672
generate_one_block  0.0009667873382568359
generate_one_block  0.0009696483612060547
generate_one_block  0.0010333061218261719
generate_one_block  0.0010027885437011719
generate_one_block  0.0009622573852539062
The real block id is  1
get_global_graph_edges_ids_block function  spend 0.00046253204345703125
gen group dst list time:  5.316734313964844e-05
time for parepare:  0.00014328956604003906
local_output_nid generation:  9.298324584960938e-06
local_in_edges_tensor generation:  0.00017452239990234375
mini_batch_src_global generation:  3.528594970703125e-05
r_  generation:  0.0002384185791015625
local_output_nid generation:  1.049041748046875e-05
local_in_edges_tensor generation:  0.00011801719665527344
mini_batch_src_global generation:  4.3392181396484375e-05
r_  generation:  0.0002899169921875
local_output_nid generation:  7.867813110351562e-06
local_in_edges_tensor generation:  0.00011134147644042969
mini_batch_src_global generation:  3.1948089599609375e-05
r_  generation:  0.00016999244689941406
local_output_nid generation:  6.9141387939453125e-06
local_in_edges_tensor generation:  0.00010728836059570312
mini_batch_src_global generation:  2.86102294921875e-05
r_  generation:  0.0001513957977294922
local_output_nid generation:  9.5367431640625e-06
local_in_edges_tensor generation:  0.00010585784912109375
mini_batch_src_global generation:  3.24249267578125e-05
r_  generation:  0.00020813941955566406
local_output_nid generation:  1.049041748046875e-05
local_in_edges_tensor generation:  0.00011372566223144531
mini_batch_src_global generation:  3.5762786865234375e-05
r_  generation:  0.00024819374084472656
local_output_nid generation:  1.1205673217773438e-05
local_in_edges_tensor generation:  0.0001220703125
mini_batch_src_global generation:  3.790855407714844e-05
r_  generation:  0.0002067089080810547
local_output_nid generation:  6.9141387939453125e-06
local_in_edges_tensor generation:  0.00010776519775390625
mini_batch_src_global generation:  2.7894973754882812e-05
r_  generation:  0.00013971328735351562
----------------------check_connections_block total spend ----------------------------- 0.0037484169006347656
generate_one_block  0.0013442039489746094
generate_one_block  0.0013301372528076172
generate_one_block  0.0011386871337890625
generate_one_block  0.0011212825775146484
generate_one_block  0.001201629638671875
generate_one_block  0.001237630844116211
generate_one_block  0.0012238025665283203
generate_one_block  0.0011334419250488281
The real block id is  0
get_global_graph_edges_ids_block function  spend 0.0005958080291748047
gen group dst list time:  9.393692016601562e-05
time for parepare:  0.00016760826110839844
local_output_nid generation:  3.24249267578125e-05
local_in_edges_tensor generation:  0.0002841949462890625
mini_batch_src_global generation:  8.749961853027344e-05
r_  generation:  0.0007281303405761719
local_output_nid generation:  4.291534423828125e-05
local_in_edges_tensor generation:  0.00017452239990234375
mini_batch_src_global generation:  0.000125885009765625
r_  generation:  0.0008947849273681641
local_output_nid generation:  2.5987625122070312e-05
local_in_edges_tensor generation:  0.00014638900756835938
mini_batch_src_global generation:  7.128715515136719e-05
r_  generation:  0.0005195140838623047
local_output_nid generation:  2.5033950805664062e-05
local_in_edges_tensor generation:  0.0001423358917236328
mini_batch_src_global generation:  6.151199340820312e-05
r_  generation:  0.0005125999450683594
local_output_nid generation:  3.600120544433594e-05
local_in_edges_tensor generation:  0.00015807151794433594
mini_batch_src_global generation:  7.510185241699219e-05
r_  generation:  0.0007646083831787109
local_output_nid generation:  3.647804260253906e-05
local_in_edges_tensor generation:  0.00016570091247558594
mini_batch_src_global generation:  8.940696716308594e-05
r_  generation:  0.0007441043853759766
local_output_nid generation:  2.956390380859375e-05
local_in_edges_tensor generation:  0.00015020370483398438
mini_batch_src_global generation:  7.843971252441406e-05
r_  generation:  0.0006387233734130859
local_output_nid generation:  2.3126602172851562e-05
local_in_edges_tensor generation:  0.0001392364501953125
mini_batch_src_global generation:  6.389617919921875e-05
r_  generation:  0.0004658699035644531
----------------------check_connections_block total spend ----------------------------- 0.009192943572998047
generate_one_block  0.0018625259399414062
generate_one_block  0.00209808349609375
generate_one_block  0.001524209976196289
generate_one_block  0.001558542251586914
generate_one_block  0.002234935760498047
generate_one_block  0.0018391609191894531
generate_one_block  0.0017292499542236328
generate_one_block  0.001477956771850586
-----------------------------------------after block dataloader generation 
 Nvidia-smi: 1.2635498046875 GB
    Memory Allocated: 0.006064414978027344  GigaBytes
Max Memory Allocated: 0.013210296630859375  GigaBytes

connection checking time:  0.012941360473632812
block generation total time  0.02405548095703125
average batch blocks generation time:  0.0030069351196289062
block dataloader generation time/epoch 0.05739712715148926
----------------------------------------before batch_pred = model(blocks, batch_inputs) 
 Nvidia-smi: 1.2635498046875 GB
    Memory Allocated: 0.0070171356201171875  GigaBytes
Max Memory Allocated: 0.013210296630859375  GigaBytes

torch.Size([1044, 1433])
torch.Size([476, 32])
-----------------------------------------batch_pred = model(blocks, batch_inputs) 
 Nvidia-smi: 1.2635498046875 GB
    Memory Allocated: 0.007285594940185547  GigaBytes
Max Memory Allocated: 0.013210296630859375  GigaBytes

----------------------------------------before batch_pred = model(blocks, batch_inputs) 
 Nvidia-smi: 1.2635498046875 GB
    Memory Allocated: 0.00832223892211914  GigaBytes
Max Memory Allocated: 0.013864517211914062  GigaBytes

torch.Size([1287, 1433])
torch.Size([566, 32])
-----------------------------------------batch_pred = model(blocks, batch_inputs) 
 Nvidia-smi: 1.2635498046875 GB
    Memory Allocated: 0.008642196655273438  GigaBytes
Max Memory Allocated: 0.013864517211914062  GigaBytes

----------------------------------------before batch_pred = model(blocks, batch_inputs) 
 Nvidia-smi: 1.2635498046875 GB
    Memory Allocated: 0.005361080169677734  GigaBytes
Max Memory Allocated: 0.013864517211914062  GigaBytes

torch.Size([735, 1433])
torch.Size([311, 32])
-----------------------------------------batch_pred = model(blocks, batch_inputs) 
 Nvidia-smi: 1.2635498046875 GB
    Memory Allocated: 0.005549430847167969  GigaBytes
Max Memory Allocated: 0.013864517211914062  GigaBytes

----------------------------------------before batch_pred = model(blocks, batch_inputs) 
 Nvidia-smi: 1.2635498046875 GB
    Memory Allocated: 0.0064563751220703125  GigaBytes
Max Memory Allocated: 0.013864517211914062  GigaBytes

torch.Size([940, 1433])
torch.Size([299, 32])
-----------------------------------------batch_pred = model(blocks, batch_inputs) 
 Nvidia-smi: 1.2635498046875 GB
    Memory Allocated: 0.006636619567871094  GigaBytes
Max Memory Allocated: 0.013864517211914062  GigaBytes

----------------------------------------before batch_pred = model(blocks, batch_inputs) 
 Nvidia-smi: 1.2635498046875 GB
    Memory Allocated: 0.0074615478515625  GigaBytes
Max Memory Allocated: 0.013864517211914062  GigaBytes

torch.Size([1127, 1433])
torch.Size([453, 32])
-----------------------------------------batch_pred = model(blocks, batch_inputs) 
 Nvidia-smi: 1.2635498046875 GB
    Memory Allocated: 0.007718086242675781  GigaBytes
Max Memory Allocated: 0.013864517211914062  GigaBytes

----------------------------------------before batch_pred = model(blocks, batch_inputs) 
 Nvidia-smi: 1.2635498046875 GB
    Memory Allocated: 0.007451534271240234  GigaBytes
Max Memory Allocated: 0.013864517211914062  GigaBytes

torch.Size([1125, 1433])
torch.Size([442, 32])
-----------------------------------------batch_pred = model(blocks, batch_inputs) 
 Nvidia-smi: 1.2635498046875 GB
    Memory Allocated: 0.007722377777099609  GigaBytes
Max Memory Allocated: 0.013864517211914062  GigaBytes

----------------------------------------before batch_pred = model(blocks, batch_inputs) 
 Nvidia-smi: 1.2635498046875 GB
    Memory Allocated: 0.0069942474365234375  GigaBytes
Max Memory Allocated: 0.013864517211914062  GigaBytes

torch.Size([1040, 1433])
torch.Size([375, 32])
-----------------------------------------batch_pred = model(blocks, batch_inputs) 
 Nvidia-smi: 1.2635498046875 GB
    Memory Allocated: 0.007220268249511719  GigaBytes
Max Memory Allocated: 0.013864517211914062  GigaBytes

----------------------------------------before batch_pred = model(blocks, batch_inputs) 
 Nvidia-smi: 1.2635498046875 GB
    Memory Allocated: 0.005653858184814453  GigaBytes
Max Memory Allocated: 0.013864517211914062  GigaBytes

torch.Size([790, 1433])
torch.Size([267, 32])
-----------------------------------------batch_pred = model(blocks, batch_inputs) 
 Nvidia-smi: 1.2635498046875 GB
    Memory Allocated: 0.005815982818603516  GigaBytes
Max Memory Allocated: 0.013864517211914062  GigaBytes

times | data loading | block to device | model prediction | loss calculation | loss backward |  optimizer step |
      |0.0017150938510894775 |0.00035384297370910645 |0.00291365385055542 |0.00010031461715698242 |0.003123462200164795 |0.0012772083282470703 |
----------------------------------------------------------pseudo_mini_loss sum 2.5155813694000244
Total (block generation + training)time/epoch 0.13208317756652832
Training time/epoch 0.07436180114746094
Training time without block to device /epoch 0.07153105735778809
Training time without total dataloading part /epoch 0.05037665367126465
load block tensor time/epoch 0.01372075080871582Using backend: pytorch

block to device time/epoch 0.0028307437896728516
input features size transfer per epoch 1.0728836059570312e-06
blocks size to device per epoch 7.152557373046875e-07
 Run 0| Epoch 1 |
Number of nodes for computation during this epoch:  12033
Number of first layer input nodes during this epoch:  8088
