main start at this time 1648428248.4001086
-----------------------------------------before load data 
 Nvidia-smi: 0.1717529296875 GB
    Memory Allocated: 0.0  GigaBytes
Max Memory Allocated: 0.0  GigaBytes

  NumNodes: 2708
  NumEdges: 10556
  NumFeats: 1433
  NumClasses: 7
  NumTrainingSamples: 140
  NumValidationSamples: 500
  NumTestSamples: 1000
Done loading data from cached files.
success----------------------------------------
140
500
2068
# Nodes: 2708
# Edges: 10556
# Train: 140
# Val: 500
# Test: 2068
# Classes: 7

in feats:  1433
----------------------------------------before generate_dataloader_block 
 Nvidia-smi: 1.0174560546875 GB
    Memory Allocated: 0.0003566741943359375  GigaBytes
Max Memory Allocated: 0.0003566741943359375  GigaBytes

The real block id is  2
get_global_graph_edges_ids_block function  spend 0.0006129741668701172
range selection method range initialization spend 7.963180541992188e-05
time for parepare:  6.246566772460938e-05
local_output_nid generation:  2.5272369384765625e-05
local_in_edges_tensor generation:  0.0002391338348388672
mini_batch_src_global generation:  2.4557113647460938e-05
r_  generation:  0.001056671142578125
local_output_nid generation:  8.821487426757812e-06
local_in_edges_tensor generation:  0.0001277923583984375
mini_batch_src_global generation:  2.4557113647460938e-05
r_  generation:  4.863739013671875e-05
local_output_nid generation:  7.3909759521484375e-06
local_in_edges_tensor generation:  0.00010371208190917969
mini_batch_src_global generation:  1.6927719116210938e-05
r_  generation:  4.1961669921875e-05
local_output_nid generation:  1.6927719116210938e-05
local_in_edges_tensor generation:  9.72747802734375e-05
mini_batch_src_global generation:  1.5020370483398438e-05
r_  generation:  2.86102294921875e-05
local_output_nid generation:  6.67572021484375e-06
local_in_edges_tensor generation:  9.608268737792969e-05
mini_batch_src_global generation:  1.5974044799804688e-05
r_  generation:  5.507469177246094e-05
local_output_nid generation:  5.7220458984375e-06
local_in_edges_tensor generation:  9.822845458984375e-05
mini_batch_src_global generation:  1.6927719116210938e-05
r_  generation:  4.100799560546875e-05
local_output_nid generation:  6.198883056640625e-06
local_in_edges_tensor generation:  9.703636169433594e-05
mini_batch_src_global generation:  1.5974044799804688e-05
r_  generation:  3.4809112548828125e-05
local_output_nid generation:  5.4836273193359375e-06
local_in_edges_tensor generation:  9.441375732421875e-05
mini_batch_src_global generation:  1.4781951904296875e-05
r_  generation:  2.9325485229492188e-05
----------------------check_connections_block total spend ----------------------------- 0.002929210662841797
generate_one_block  0.001262664794921875
generate_one_block  0.0011425018310546875
generate_one_block  0.0011134147644042969
generate_one_block  0.0010776519775390625
generate_one_block  0.0011920928955078125
generate_one_block  0.0011239051818847656
generate_one_block  0.0010962486267089844
generate_one_block  0.0011072158813476562
The real block id is  1
get_global_graph_edges_ids_block function  spend 0.0005035400390625
gen group dst list time:  5.91278076171875e-05
time for parepare:  0.000148773193359375
local_output_nid generation:  8.821487426757812e-06
local_in_edges_tensor generation:  0.0001964569091796875
mini_batch_src_global generation:  3.504753112792969e-05
r_  generation:  0.0002231597900390625
local_output_nid generation:  1.0251998901367188e-05
local_in_edges_tensor generation:  0.00011730194091796875
mini_batch_src_global generation:  3.838539123535156e-05
r_  generation:  0.0002498626708984375
local_output_nid generation:  9.775161743164062e-06
local_in_edges_tensor generation:  0.00011754035949707031
mini_batch_src_global generation:  4.076957702636719e-05
r_  generation:  0.0002875328063964844
local_output_nid generation:  6.9141387939453125e-06
local_in_edges_tensor generation:  0.00011420249938964844
mini_batch_src_global generation:  3.4809112548828125e-05
r_  generation:  0.00020122528076171875
local_output_nid generation:  1.049041748046875e-05
local_in_edges_tensor generation:  0.00011920928955078125
mini_batch_src_global generation:  3.886222839355469e-05
r_  generation:  0.0002722740173339844
local_output_nid generation:  9.775161743164062e-06
local_in_edges_tensor generation:  0.000118255615234375
mini_batch_src_global generation:  4.267692565917969e-05
r_  generation:  0.0003159046173095703
local_output_nid generation:  8.58306884765625e-06
local_in_edges_tensor generation:  0.0001227855682373047
mini_batch_src_global generation:  3.838539123535156e-05
r_  generation:  0.0002205371856689453
local_output_nid generation:  6.4373016357421875e-06
local_in_edges_tensor generation:  0.00011706352233886719
mini_batch_src_global generation:  3.1948089599609375e-05
r_  generation:  0.0001862049102783203
----------------------check_connections_block total spend ----------------------------- 0.004163503646850586
generate_one_block  0.0013337135314941406
generate_one_block  0.001348733901977539
generate_one_block  0.0015301704406738281
generate_one_block  0.0012905597686767578
generate_one_block  0.001565694808959961
generate_one_block  0.00138092041015625
generate_one_block  0.0012383460998535156
generate_one_block  0.0011684894561767578
The real block id is  0
get_global_graph_edges_ids_block function  spend 0.0006709098815917969
gen group dst list time:  0.00010514259338378906
time for parepare:  0.00017571449279785156
local_output_nid generation:  2.6941299438476562e-05
local_in_edges_tensor generation:  0.00023436546325683594
mini_batch_src_global generation:  8.487701416015625e-05
r_  generation:  0.0006771087646484375
local_output_nid generation:  3.600120544433594e-05
local_in_edges_tensor generation:  0.0001709461212158203
mini_batch_src_global generation:  0.00010585784912109375
r_  generation:  0.0008409023284912109
local_output_nid generation:  4.76837158203125e-05
local_in_edges_tensor generation:  0.00018739700317382812
mini_batch_src_global generation:  0.00010585784912109375
r_  generation:  0.0009837150573730469
local_output_nid generation:  3.218650817871094e-05
local_in_edges_tensor generation:  0.00016260147094726562
mini_batch_src_global generation:  8.511543273925781e-05
r_  generation:  0.0006725788116455078
local_output_nid generation:  3.910064697265625e-05
local_in_edges_tensor generation:  0.0001723766326904297
mini_batch_src_global generation:  9.322166442871094e-05
r_  generation:  0.0009200572967529297
local_output_nid generation:  4.649162292480469e-05
local_in_edges_tensor generation:  0.00018477439880371094
mini_batch_src_global generation:  0.00010967254638671875
r_  generation:  0.0009694099426269531
local_output_nid generation:  3.123283386230469e-05
local_in_edges_tensor generation:  0.00016045570373535156
mini_batch_src_global generation:  8.749961853027344e-05
r_  generation:  0.0006730556488037109
local_output_nid generation:  2.8371810913085938e-05
local_in_edges_tensor generation:  0.0001537799835205078
mini_batch_src_global generation:  7.605552673339844e-05
r_  generation:  0.0006444454193115234
----------------------check_connections_block total spend ----------------------------- 0.010769128799438477
generate_one_block  0.001827239990234375
generate_one_block  0.0020494461059570312
generate_one_block  0.0020503997802734375
generate_one_block  0.0017240047454833984
generate_one_block  0.001951456069946289
generate_one_block  0.002071857452392578
generate_one_block  0.0017104148864746094
generate_one_block  0.0016396045684814453
-----------------------------------------after block dataloader generation 
 Nvidia-smi: 1.0174560546875 GB
    Memory Allocated: 0.0003566741943359375  GigaBytes
Max Memory Allocated: 0.0003566741943359375  GigaBytes

connection checking time:  0.014932632446289062
block generation total time  0.025881052017211914
average batch blocks generation time:  0.0032351315021514893
----------------------------------------before batch_pred = model(blocks, batch_inputs) 
 Nvidia-smi: 1.1014404296875 GB
    Memory Allocated: 0.005440235137939453  GigaBytes
Max Memory Allocated: 0.005440235137939453  GigaBytes

torch.Size([948, 1433])
torch.Size([378, 32])
-----------------------------------------batch_pred = model(blocks, batch_inputs) 
 Nvidia-smi: 1.2615966796875 GB
    Memory Allocated: 0.005663871765136719  GigaBytes
Max Memory Allocated: 0.005708217620849609  GigaBytes

----------------------------------------before batch_pred = model(blocks, batch_inputs) 
 Nvidia-smi: 1.2615966796875 GB
    Memory Allocated: 0.007176399230957031  GigaBytes
Max Memory Allocated: 0.012212276458740234  GigaBytes

torch.Size([1206, 1433])
torch.Size([478, 32])
-----------------------------------------batch_pred = model(blocks, batch_inputs) 
 Nvidia-smi: 1.2615966796875 GB
    Memory Allocated: 0.007451057434082031  GigaBytes
Max Memory Allocated: 0.012212276458740234  GigaBytes

----------------------------------------before batch_pred = model(blocks, batch_inputs) 
 Nvidia-smi: 1.2615966796875 GB
    Memory Allocated: 0.008774757385253906  GigaBytes
Max Memory Allocated: 0.015182971954345703  GigaBytes

torch.Size([1326, 1433])
torch.Size([604, 32])
-----------------------------------------batch_pred = model(blocks, batch_inputs) 
 Nvidia-smi: 1.2615966796875 GB
    Memory Allocated: 0.00910329818725586  GigaBytes
Max Memory Allocated: 0.015182971954345703  GigaBytes

----------------------------------------before batch_pred = model(blocks, batch_inputs) 
 Nvidia-smi: 1.2615966796875 GB
    Memory Allocated: 0.005939483642578125  GigaBytes
Max Memory Allocated: 0.015182971954345703  GigaBytes

torch.Size([975, 1433])
torch.Size([405, 32])
-----------------------------------------batch_pred = model(blocks, batch_inputs) 
 Nvidia-smi: 1.2615966796875 GB
    Memory Allocated: 0.00616455078125  GigaBytes
Max Memory Allocated: 0.015182971954345703  GigaBytes

----------------------------------------before batch_pred = model(blocks, batch_inputs) 
 Nvidia-smi: 1.2615966796875 GB
    Memory Allocated: 0.007195472717285156  GigaBytes
Max Memory Allocated: 0.015182971954345703  GigaBytes

torch.Size([1209, 1433])
torch.Size([519, 32])
-----------------------------------------batch_pred = model(blocks, batch_inputs) 
 Nvidia-smi: 1.2615966796875 GB
    Memory Allocated: 0.0074939727783203125  GigaBytes
Max Memory Allocated: 0.015182971954345703  GigaBytes

----------------------------------------before batch_pred = model(blocks, batch_inputs) 
 Nvidia-smi: 1.2615966796875 GB
    Memory Allocated: 0.008616447448730469  GigaBytes
Max Memory Allocated: 0.015182971954345703  GigaBytes

torch.Size([1325, 1433])
torch.Size([593, 32])
-----------------------------------------batch_pred = model(blocks, batch_inputs) 
 Nvidia-smi: 1.2615966796875 GB
    Memory Allocated: 0.008942127227783203  GigaBytes
Max Memory Allocated: 0.015182971954345703  GigaBytes

----------------------------------------before batch_pred = model(blocks, batch_inputs) 
 Nvidia-smi: 1.2615966796875 GB
    Memory Allocated: 0.006094455718994141  GigaBytes
Max Memory Allocated: 0.015182971954345703  GigaBytes

torch.Size([1004, 1433])
torch.Size([383, 32])
-----------------------------------------batch_pred = model(blocks, batch_inputs) 
 Nvidia-smi: 1.2615966796875 GB
    Memory Allocated: 0.0063190460205078125  GigaBytes
Max Memory Allocated: 0.015182971954345703  GigaBytes

----------------------------------------before batch_pred = model(blocks, batch_inputs) 
 Nvidia-smi: 1.2615966796875 GB
    Memory Allocated: 0.005877971649169922  GigaBytes
Max Memory Allocated: 0.015182971954345703  GigaBytes

torch.Size([964, 1433])
torch.Size([347, 32])
-----------------------------------------batch_pred = model(blocks, batch_inputs) 
 Nvidia-smi: 1.2615966796875 GB
    Memory Allocated: 0.006075859069824219  GigaBytes
Max Memory Allocated: 0.015182971954345703  GigaBytes

times | data loading | block to device | model prediction | loss calculation | loss backward |  optimizer step |
      |0.009498000144958496 |0.04398465156555176 |0.09945845603942871 |0.00016480684280395508 |0.0032404661178588867 |0.0028901100158691406 |
----------------------------------------------------------pseudo_mini_loss sum 3.5141897201538086
 Run 0| Epoch 0 |
Number of nodes for computation during this epoch:  13418
Number of first layer input nodes during this epoch:  8957
----------------------------------------before generate_dataloader_block 
 Nvidia-smi: 1.2635498046875 GB
    Memory Allocated: 0.006631374359130859  GigaBytes
Max Memory Allocated: 0.015182971954345703  GigaBytes

The real block id is  2
get_global_graph_edges_ids_block function  spend 0.0010223388671875
range selection method range initialization spend 6.890296936035156e-05
time for parepare:  6.794929504394531e-05
local_output_nid generation:  9.059906005859375e-06
local_in_edges_tensor generation:  0.0001704692840576172
mini_batch_src_global generation:  2.4557113647460938e-05
r_  generation:  5.1975250244140625e-05
local_output_nid generation:  7.867813110351562e-06
local_in_edges_tensor generation:  0.00011134147644042969
mini_batch_src_global generation:  2.002716064453125e-05
r_  generation:  5.1021575927734375e-05
local_output_nid generation:  6.9141387939453125e-06
local_in_edges_tensor generation:  0.00010347366333007812
mini_batch_src_global generation:  1.6927719116210938e-05
r_  generation:  3.457069396972656e-05
local_output_nid generation:  6.9141387939453125e-06
local_in_edges_tensor generation:  0.0001010894775390625
mini_batch_src_global generation:  1.6450881958007812e-05
r_  generation:  3.266334533691406e-05
local_output_nid generation:  6.9141387939453125e-06
local_in_edges_tensor generation:  0.00010013580322265625
mini_batch_src_global generation:  1.6450881958007812e-05
r_  generation:  3.62396240234375e-05
local_output_nid generation:  6.9141387939453125e-06
local_in_edges_tensor generation:  0.0001010894775390625
mini_batch_src_global generation:  1.7642974853515625e-05
r_  generation:  4.839897155761719e-05
local_output_nid generation:  6.4373016357421875e-06
local_in_edges_tensor generation:  0.00010037422180175781
mini_batch_src_global generation:  1.6927719116210938e-05
r_  generation:  3.8623809814453125e-05
local_output_nid generation:  5.9604644775390625e-06
local_in_edges_tensor generation:  0.00010037422180175781
mini_batch_src_global generation:  1.5735626220703125e-05
r_  generation:  2.9802322387695312e-05
----------------------check_connections_block total spend ----------------------------- 0.0018324851989746094
generate_one_block  0.0011768341064453125
generate_one_block  0.0012714862823486328
generate_one_block  0.0010647773742675781
generate_one_block  0.000988006591796875
generate_one_block  0.0009758472442626953
generate_one_block  0.0009958744049072266
generate_one_block  0.000978231430053711
generate_one_block  0.0009734630584716797
The real block id is  1
get_global_graph_edges_ids_block function  spend 0.0004642009735107422
gen group dst list time:  5.555152893066406e-05
time for parepare:  0.00014090538024902344
local_output_nid generation:  9.059906005859375e-06
local_in_edges_tensor generation:  0.00017642974853515625
mini_batch_src_global generation:  4.410743713378906e-05
r_  generation:  0.0002703666687011719
local_output_nid generation:  1.0728836059570312e-05
local_in_edges_tensor generation:  0.00011706352233886719
mini_batch_src_global generation:  4.649162292480469e-05
r_  generation:  0.0003056526184082031
local_output_nid generation:  7.867813110351562e-06
local_in_edges_tensor generation:  0.00011110305786132812
mini_batch_src_global generation:  3.600120544433594e-05
r_  generation:  0.00018215179443359375
local_output_nid generation:  7.62939453125e-06
local_in_edges_tensor generation:  0.0001087188720703125
mini_batch_src_global generation:  2.8371810913085938e-05
r_  generation:  0.00016188621520996094
local_output_nid generation:  8.58306884765625e-06
local_in_edges_tensor generation:  0.0001068115234375
mini_batch_src_global generation:  3.5762786865234375e-05
r_  generation:  0.0002334117889404297
local_output_nid generation:  1.0967254638671875e-05
local_in_edges_tensor generation:  0.0001227855682373047
mini_batch_src_global generation:  3.981590270996094e-05
r_  generation:  0.0002651214599609375
local_output_nid generation:  1.0013580322265625e-05
local_in_edges_tensor generation:  0.0001220703125
mini_batch_src_global generation:  3.9577484130859375e-05
r_  generation:  0.00022411346435546875
local_output_nid generation:  6.9141387939453125e-06
local_in_edges_tensor generation:  0.00010967254638671875
mini_batch_src_global generation:  2.9325485229492188e-05
r_  generation:  0.00015020370483398438
----------------------check_connections_block total spend ----------------------------- 0.003945589065551758
generate_one_block  0.0013468265533447266
generate_one_block  0.0013375282287597656
generate_one_block  0.0011572837829589844
generate_one_block  0.0011343955993652344
generate_one_block  0.001247406005859375
generate_one_block  0.0012636184692382812
generate_one_block  0.0012097358703613281
generate_one_block  0.0011286735534667969
The real block id is  0
get_global_graph_edges_ids_block function  spend 0.0006556510925292969
gen group dst list time:  9.799003601074219e-05
time for parepare:  0.0001690387725830078
local_output_nid generation:  3.695487976074219e-05
local_in_edges_tensor generation:  0.00027179718017578125
mini_batch_src_global generation:  7.939338684082031e-05
r_  generation:  0.0008454322814941406
local_output_nid generation:  4.506111145019531e-05
local_in_edges_tensor generation:  0.00017881393432617188
mini_batch_src_global generation:  0.00011324882507324219
r_  generation:  0.0009813308715820312
local_output_nid generation:  2.6702880859375e-05
local_in_edges_tensor generation:  0.00014901161193847656
mini_batch_src_global generation:  8.20159912109375e-05
r_  generation:  0.0005571842193603516
local_output_nid generation:  2.6702880859375e-05
local_in_edges_tensor generation:  0.00014638900756835938
mini_batch_src_global generation:  7.367134094238281e-05
r_  generation:  0.0005626678466796875
local_output_nid generation:  4.00543212890625e-05
local_in_edges_tensor generation:  0.00016617774963378906
mini_batch_src_global generation:  8.797645568847656e-05
r_  generation:  0.0008165836334228516
local_output_nid generation:  3.7670135498046875e-05
local_in_edges_tensor generation:  0.0001647472381591797
mini_batch_src_global generation:  9.417533874511719e-05
r_  generation:  0.0008261203765869141
local_output_nid generation:  3.2901763916015625e-05
local_in_edges_tensor generation:  0.0001571178436279297
mini_batch_src_global generation:  8.58306884765625e-05
r_  generation:  0.0007178783416748047
local_output_nid generation:  2.5510787963867188e-05
local_in_edges_tensor generation:  0.0001430511474609375
mini_batch_src_global generation:  7.033348083496094e-05
r_  generation:  0.000518798828125
----------------------check_connections_block total spend ----------------------------- 0.009897708892822266
generate_one_block  0.00201416015625
generate_one_block  0.0021963119506835938
generate_one_block  0.0015854835510253906
generate_one_block  0.0016281604766845703
generate_one_block  0.0019445419311523438
generate_one_block  0.0019259452819824219
generate_one_block  0.0018465518951416016
generate_one_block  0.0015587806701660156
-----------------------------------------after block dataloader generation 
 Nvidia-smi: 1.2635498046875 GB
    Memory Allocated: 0.006631374359130859  GigaBytes
Max Memory Allocated: 0.015182971954345703  GigaBytes

connection checking time:  0.013843297958374023
block generation total time  0.02452540397644043
average batch blocks generation time:  0.0030656754970550537
block dataloader generation time/epoch 0.060747623443603516
----------------------------------------before batch_pred = model(blocks, batch_inputs) 
 Nvidia-smi: 1.2635498046875 GB
    Memory Allocated: 0.007748126983642578  GigaBytes
Max Memory Allocated: 0.015182971954345703  GigaBytes

torch.Size([1180, 1433])
torch.Size([575, 32])
-----------------------------------------batch_pred = model(blocks, batch_inputs) 
 Nvidia-smi: 1.2635498046875 GB
    Memory Allocated: 0.008060932159423828  GigaBytes
Max Memory Allocated: 0.015182971954345703  GigaBytes

----------------------------------------before batch_pred = model(blocks, batch_inputs) 
 Nvidia-smi: 1.2635498046875 GB
    Memory Allocated: 0.008800029754638672  GigaBytes
Max Memory Allocated: 0.015182971954345703  GigaBytes

torch.Size([1376, 1433])
torch.Size([617, 32])
-----------------------------------------batch_pred = model(blocks, batch_inputs) 
 Nvidia-smi: 1.2635498046875 GB
    Memory Allocated: 0.009142875671386719  GigaBytes
Max Memory Allocated: 0.015182971954345703  GigaBytes

----------------------------------------before batch_pred = model(blocks, batch_inputs) 
 Nvidia-smi: 1.2635498046875 GB
    Memory Allocated: 0.005549907684326172  GigaBytes
Max Memory Allocated: 0.015182971954345703  GigaBytes

torch.Size([770, 1433])
torch.Size([335, 32])
-----------------------------------------batch_pred = model(blocks, batch_inputs) 
 Nvidia-smi: 1.2635498046875 GB
    Memory Allocated: 0.005749225616455078  GigaBytes
Max Memory Allocated: 0.015182971954345703  GigaBytes

----------------------------------------before batch_pred = model(blocks, batch_inputs) 
 Nvidia-smi: 1.2635498046875 GB
    Memory Allocated: 0.006863117218017578  GigaBytes
Max Memory Allocated: 0.015182971954345703  GigaBytes

torch.Size([1016, 1433])
torch.Size([335, 32])
-----------------------------------------batch_pred = model(blocks, batch_inputs) 
 Nvidia-smi: 1.2635498046875 GB
    Memory Allocated: 0.007058143615722656  GigaBytes
Max Memory Allocated: 0.015182971954345703  GigaBytes

----------------------------------------before batch_pred = model(blocks, batch_inputs) 
 Nvidia-smi: 1.2635498046875 GB
    Memory Allocated: 0.008190155029296875  GigaBytes
Max Memory Allocated: 0.015182971954345703  GigaBytes

torch.Size([1263, 1433])
torch.Size([542, 32])
-----------------------------------------batch_pred = model(blocks, batch_inputs) 
 Nvidia-smi: 1.2635498046875 GB
    Memory Allocated: 0.008484363555908203  GigaBytes
Max Memory Allocated: 0.015182971954345703  GigaBytes

----------------------------------------before batch_pred = model(blocks, batch_inputs) 
 Nvidia-smi: 1.2635498046875 GB
    Memory Allocated: 0.00881338119506836  GigaBytes
Max Memory Allocated: 0.015527725219726562  GigaBytes

torch.Size([1212, 1433])
torch.Size([502, 32])
-----------------------------------------batch_pred = model(blocks, batch_inputs) 
 Nvidia-smi: 1.2635498046875 GB
    Memory Allocated: 0.009110450744628906  GigaBytes
Max Memory Allocated: 0.015527725219726562  GigaBytes

----------------------------------------before batch_pred = model(blocks, batch_inputs) 
 Nvidia-smi: 1.2635498046875 GB
    Memory Allocated: 0.007503986358642578  GigaBytes
Max Memory Allocated: 0.015527725219726562  GigaBytes

torch.Size([1135, 1433])
torch.Size([427, 32])
-----------------------------------------batch_pred = model(blocks, batch_inputs) 
 Nvidia-smi: 1.2635498046875 GB
    Memory Allocated: 0.007753849029541016  GigaBytes
Max Memory Allocated: 0.015527725219726562  GigaBytes

----------------------------------------before batch_pred = model(blocks, batch_inputs) 
 Nvidia-smi: 1.2635498046875 GB
    Memory Allocated: 0.006022930145263672  GigaBytes
Max Memory Allocated: 0.015527725219726562  GigaBytes

torch.Size([859, 1433])
torch.Size([302, 32])
-----------------------------------------batch_pred = model(blocks, batch_inputs) 
 Nvidia-smi: 1.2635498046875 GB
    Memory Allocated: 0.006199836730957031  GigaBytes
Max Memory Allocated: 0.015527725219726562  GigaBytes

times | data loading | block to device | model prediction | loss calculation | loss backward |  optimizer step |
      |0.0017777979373931885 |0.0003555715084075928 |0.002920597791671753 |9.781122207641602e-05 |0.0030562281608581543 |0.00147247314453125 |
----------------------------------------------------------pseudo_mini_loss sum 2.555903434753418
Total (block generation + training)time/epoch 0.13491272926330566
Training time/epoch 0.07393670082092285
Training time without block to device /epoch 0.07109212875366211
Training time without total dataloading part /epoch 0.050069570541381836
load block tensor time/epoch 0.014222383499145508Using backend: pytorch

block to device time/epoch 0.002844572067260742
input features size transfer per epoch 1.0728836059570312e-06
blocks size to device per epoch 7.152557373046875e-07
 Run 0| Epoch 1 |
Number of nodes for computation during this epoch:  13202
Number of first layer input nodes during this epoch:  8811
