main start at this time 1648528708.3519564
-----------------------------------------before load data 
 Nvidia-smi: 0.1717529296875 GB
    Memory Allocated: 0.0  GigaBytes
Max Memory Allocated: 0.0  GigaBytes

  NumNodes: 19717
  NumEdges: 88651
  NumFeats: 500
  NumClasses: 3
  NumTrainingSamples: 60
  NumValidationSamples: 500
  NumTestSamples: 1000
Done loading data from cached files.
success----------------------------------------
60
500
19157
# Nodes: 19717
# Edges: 88648
# Train: 60
# Val: 500
# Test: 19157
# Classes: 3

in feats:  500
----------------------------------------before generate_dataloader_block 
 Nvidia-smi: 1.0369873046875 GB
    Memory Allocated: 0.009057044982910156  GigaBytes
Max Memory Allocated: 0.009057044982910156  GigaBytes

The real block id is  2
get_global_graph_edges_ids_block function  spend 0.002672910690307617
random selection method range initialization spend 0.00018095970153808594
time for parepare:  4.363059997558594e-05
local_output_nid generation:  2.4318695068359375e-05
local_in_edges_tensor generation:  0.0002090930938720703
mini_batch_src_global generation:  2.5987625122070312e-05
r_  generation:  0.0011441707611083984
local_output_nid generation:  9.298324584960938e-06
local_in_edges_tensor generation:  0.00012183189392089844
mini_batch_src_global generation:  2.384185791015625e-05
r_  generation:  3.910064697265625e-05
local_output_nid generation:  6.9141387939453125e-06
local_in_edges_tensor generation:  9.608268737792969e-05
mini_batch_src_global generation:  1.5020370483398438e-05
r_  generation:  3.0279159545898438e-05
local_output_nid generation:  5.9604644775390625e-06
local_in_edges_tensor generation:  9.059906005859375e-05
mini_batch_src_global generation:  1.4543533325195312e-05
r_  generation:  2.7894973754882812e-05
----------------------check_connections_block total spend ----------------------------- 0.002132415771484375
generate_one_block  0.001165151596069336
generate_one_block  0.0011055469512939453
generate_one_block  0.001009225845336914
generate_one_block  0.0009667873382568359
The real block id is  1
get_global_graph_edges_ids_block function  spend 0.0011601448059082031
gen group dst list time:  3.24249267578125e-05
time for parepare:  0.0002503395080566406
local_output_nid generation:  1.2874603271484375e-05
local_in_edges_tensor generation:  0.00020313262939453125
mini_batch_src_global generation:  5.245208740234375e-05
r_  generation:  0.00043320655822753906
local_output_nid generation:  1.0013580322265625e-05
local_in_edges_tensor generation:  0.0001251697540283203
mini_batch_src_global generation:  5.745887756347656e-05
r_  generation:  0.0002872943878173828
local_output_nid generation:  8.106231689453125e-06
local_in_edges_tensor generation:  0.00011777877807617188
mini_batch_src_global generation:  4.029273986816406e-05
r_  generation:  0.00028586387634277344
local_output_nid generation:  7.62939453125e-06
local_in_edges_tensor generation:  0.00011134147644042969
mini_batch_src_global generation:  3.3855438232421875e-05
r_  generation:  0.0001895427703857422
----------------------check_connections_block total spend ----------------------------- 0.0026063919067382812
generate_one_block  0.001589059829711914
generate_one_block  0.0013501644134521484
generate_one_block  0.0013301372528076172
generate_one_block  0.0012357234954833984
The real block id is  0
get_global_graph_edges_ids_block function  spend 0.000978231430053711
gen group dst list time:  6.532669067382812e-05
time for parepare:  0.0007269382476806641
local_output_nid generation:  6.747245788574219e-05
local_in_edges_tensor generation:  0.00036597251892089844
mini_batch_src_global generation:  0.0002028942108154297
r_  generation:  0.002431631088256836
local_output_nid generation:  5.054473876953125e-05
local_in_edges_tensor generation:  0.00019288063049316406
mini_batch_src_global generation:  0.00021004676818847656
r_  generation:  0.0014369487762451172
local_output_nid generation:  5.555152893066406e-05
local_in_edges_tensor generation:  0.00020647048950195312
mini_batch_src_global generation:  0.00019621849060058594
r_  generation:  0.001980304718017578
local_output_nid generation:  4.1484832763671875e-05
local_in_edges_tensor generation:  0.0003695487976074219
mini_batch_src_global generation:  0.00014281272888183594
r_  generation:  0.001199960708618164
----------------------check_connections_block total spend ----------------------------- 0.011819601058959961
generate_one_block  0.004245281219482422
generate_one_block  0.0028047561645507812
generate_one_block  0.0035903453826904297
generate_one_block  0.0023925304412841797
-----------------------------------------after block dataloader generation 
 Nvidia-smi: 1.0369873046875 GB
    Memory Allocated: 0.009057044982910156  GigaBytes
Max Memory Allocated: 0.009057044982910156  GigaBytes

connection checking time:  0.014425992965698242
block generation total time  0.01853799819946289
average batch blocks generation time:  0.004634499549865723
----------------------------------------before batch_pred = model(blocks, batch_inputs) 
 Nvidia-smi: 1.1014404296875 GB
    Memory Allocated: 0.015710830688476562  GigaBytes
Max Memory Allocated: 0.015710830688476562  GigaBytes

torch.Size([3532, 500])
torch.Size([969, 128])
-----------------------------------------batch_pred = model(blocks, batch_inputs) 
 Nvidia-smi: 1.4764404296875 GB
    Memory Allocated: 0.2722048759460449  GigaBytes
Max Memory Allocated: 0.27887487411499023  GigaBytes

----------------------------------------before batch_pred = model(blocks, batch_inputs) 
 Nvidia-smi: 1.4783935546875 GB
    Memory Allocated: 0.02365732192993164  GigaBytes
Max Memory Allocated: 0.27887487411499023  GigaBytes

torch.Size([2640, 500])
torch.Size([652, 128])
-----------------------------------------batch_pred = model(blocks, batch_inputs) 
 Nvidia-smi: 1.4783935546875 GB
    Memory Allocated: 0.16625356674194336  GigaBytes
Max Memory Allocated: 0.27887487411499023  GigaBytes

----------------------------------------before batch_pred = model(blocks, batch_inputs) 
 Nvidia-smi: 1.4783935546875 GB
    Memory Allocated: 0.023403644561767578  GigaBytes
Max Memory Allocated: 0.27887487411499023  GigaBytes

torch.Size([2806, 500])
torch.Size([647, 128])
-----------------------------------------batch_pred = model(blocks, batch_inputs) 
 Nvidia-smi: 1.4979248046875 GB
    Memory Allocated: 0.2440505027770996  GigaBytes
Max Memory Allocated: 0.27887487411499023  GigaBytes

----------------------------------------before batch_pred = model(blocks, batch_inputs) 
 Nvidia-smi: 1.4979248046875 GB
    Memory Allocated: 0.02239847183227539  GigaBytes
Max Memory Allocated: 0.27887487411499023  GigaBytes

torch.Size([2282, 500])
torch.Size([499, 128])
-----------------------------------------batch_pred = model(blocks, batch_inputs) 
 Nvidia-smi: 1.4979248046875 GB
    Memory Allocated: 0.1390066146850586  GigaBytes
Max Memory Allocated: 0.27887487411499023  GigaBytes

times | data loading | block to device | model prediction | loss calculation | loss backward |  optimizer step |
      |0.006748557090759277 |0.08560746908187866 |0.22755944728851318 |0.0001399517059326172 |0.12931972742080688 |0.010080099105834961 |
----------------------------------------------------------pseudo_mini_loss sum 2.104722261428833
 Run 0| Epoch 0 |
Number of nodes for computation during this epoch:  14383
Number of first layer input nodes during this epoch:  11260
----------------------------------------before generate_dataloader_block 
 Nvidia-smi: 1.4979248046875 GB
    Memory Allocated: 0.04092979431152344  GigaBytes
Max Memory Allocated: 0.27887487411499023  GigaBytes

The real block id is  2
get_global_graph_edges_ids_block function  spend 0.0004773139953613281
random selection method range initialization spend 0.00011444091796875
time for parepare:  5.53131103515625e-05
local_output_nid generation:  7.3909759521484375e-06
local_in_edges_tensor generation:  0.00017881393432617188
mini_batch_src_global generation:  2.47955322265625e-05
r_  generation:  5.459785461425781e-05
local_output_nid generation:  7.62939453125e-06
local_in_edges_tensor generation: Using backend: pytorch
 0.00010800361633300781
mini_batch_src_global generation:  2.5510787963867188e-05
r_  generation:  4.792213439941406e-05
local_output_nid generation:  7.867813110351562e-06
local_in_edges_tensor generation:  0.00011324882507324219
mini_batch_src_global generation:  1.7404556274414062e-05
r_  generation:  3.647804260253906e-05
local_output_nid generation:  6.67572021484375e-06
local_in_edges_tensor generation:  0.00010323524475097656
mini_batch_src_global generation:  1.71661376953125e-05
r_  generation:  3.147125244140625e-05
----------------------check_connections_block total spend ----------------------------- 0.0011148452758789062
generate_one_block  0.001215219497680664
generate_one_block  0.0010612010955810547
generate_one_block  0.001039266586303711
generate_one_block  0.0010645389556884766
The real block id is  1
get_global_graph_edges_ids_block function  spend 0.0005323886871337891
gen group dst list time:  3.361701965332031e-05
time for parepare:  0.00025343894958496094
local_output_nid generation:  1.1444091796875e-05
local_in_edges_tensor generation:  0.00020122528076171875
mini_batch_src_global generation:  7.534027099609375e-05
r_  generation:  0.0005304813385009766
local_output_nid generation:  1.2159347534179688e-05
local_in_edges_tensor generation:  0.00013113021850585938
mini_batch_src_global generation:  5.650520324707031e-05
r_  generation:  0.0002570152282714844
local_output_nid generation:  8.821487426757812e-06
local_in_edges_tensor generation:  0.00012540817260742188
mini_batch_src_global generation:  4.649162292480469e-05
r_  generation:  0.00025272369384765625
local_output_nid generation:  8.821487426757812e-06
local_in_edges_tensor generation:  0.00012183189392089844
mini_batch_src_global generation:  4.1961669921875e-05
r_  generation:  0.00022673606872558594
----------------------check_connections_block total spend ----------------------------- 0.0028111934661865234
generate_one_block  0.0018661022186279297
generate_one_block  0.0013134479522705078
generate_one_block  0.0016543865203857422
generate_one_block  0.0013120174407958984
The real block id is  0
get_global_graph_edges_ids_block function  spend 0.0009264945983886719
gen group dst list time:  7.62939453125e-05
time for parepare:  0.0006766319274902344
local_output_nid generation:  0.0001251697540283203
local_in_edges_tensor generation:  0.0003814697265625
mini_batch_src_global generation:  0.0003943443298339844
r_  generation:  0.0032427310943603516
local_output_nid generation:  4.649162292480469e-05
local_in_edges_tensor generation:  0.00018835067749023438
mini_batch_src_global generation:  0.0001804828643798828
r_  generation:  0.0012531280517578125
local_output_nid generation:  5.340576171875e-05
local_in_edges_tensor generation:  0.00019598007202148438
mini_batch_src_global generation:  0.0001270771026611328
r_  generation:  0.0013537406921386719
local_output_nid generation:  4.7206878662109375e-05
local_in_edges_tensor generation:  0.00018835067749023438
mini_batch_src_global generation:  0.0001468658447265625
r_  generation:  0.0014319419860839844
----------------------check_connections_block total spend ----------------------------- 0.01208806037902832
generate_one_block  0.00556182861328125
generate_one_block  0.002549886703491211
generate_one_block  0.002613544464111328
generate_one_block  0.00283050537109375
-----------------------------------------after block dataloader generation 
 Nvidia-smi: 1.4979248046875 GB
    Memory Allocated: 0.04092979431152344  GigaBytes
Max Memory Allocated: 0.27887487411499023  GigaBytes

connection checking time:  0.014899253845214844
block generation total time  0.019701719284057617
average batch blocks generation time:  0.004925429821014404
block dataloader generation time/epoch 0.06417536735534668
----------------------------------------before batch_pred = model(blocks, batch_inputs) 
 Nvidia-smi: 1.4979248046875 GB
    Memory Allocated: 0.04486656188964844  GigaBytes
Max Memory Allocated: 0.27887487411499023  GigaBytes

torch.Size([4385, 500])
torch.Size([1209, 128])
-----------------------------------------batch_pred = model(blocks, batch_inputs) 
 Nvidia-smi: 1.6170654296875 GB
    Memory Allocated: 0.3925485610961914  GigaBytes
Max Memory Allocated: 0.4043550491333008  GigaBytes

----------------------------------------before batch_pred = model(blocks, batch_inputs) 
 Nvidia-smi: 1.6170654296875 GB
    Memory Allocated: 0.0410914421081543  GigaBytes
Max Memory Allocated: 0.4043550491333008  GigaBytes

torch.Size([2392, 500])
torch.Size([461, 128])
-----------------------------------------batch_pred = model(blocks, batch_inputs) 
 Nvidia-smi: 1.6170654296875 GB
    Memory Allocated: 0.1610426902770996  GigaBytes
Max Memory Allocated: 0.4043550491333008  GigaBytes

----------------------------------------before batch_pred = model(blocks, batch_inputs) 
 Nvidia-smi: 1.6170654296875 GB
    Memory Allocated: 0.04091358184814453  GigaBytes
Max Memory Allocated: 0.4043550491333008  GigaBytes

torch.Size([2296, 500])
torch.Size([596, 128])
-----------------------------------------batch_pred = model(blocks, batch_inputs) 
 Nvidia-smi: 1.6170654296875 GB
    Memory Allocated: 0.1682143211364746  GigaBytes
Max Memory Allocated: 0.4043550491333008  GigaBytes

----------------------------------------before batch_pred = model(blocks, batch_inputs) 
 Nvidia-smi: 1.6170654296875 GB
    Memory Allocated: 0.04127216339111328  GigaBytes
Max Memory Allocated: 0.4043550491333008  GigaBytes

torch.Size([2486, 500])
torch.Size([520, 128])
-----------------------------------------batch_pred = model(blocks, batch_inputs) 
 Nvidia-smi: 1.6170654296875 GB
    Memory Allocated: 0.1831831932067871  GigaBytes
Max Memory Allocated: 0.4043550491333008  GigaBytes

times | data loading | block to device | model prediction | loss calculation | loss backward |  optimizer step |
      |0.003039836883544922 |0.0007658004760742188 |0.10755395889282227 |0.00011837482452392578 |0.1333290934562683 |0.00643467903137207 |
----------------------------------------------------------pseudo_mini_loss sum 1.7892428636550903
Total (block generation + training)time/epoch 1.057568073272705
Training time/epoch 0.9931979179382324
Training time without block to device /epoch 0.9901347160339355
Training time without total dataloading part /epoch 0.9704403877258301
load block tensor time/epoch 0.012159347534179688
block to device time/epoch 0.003063201904296875
input features size transfer per epoch 5.364418029785156e-07
blocks size to device per epoch 3.5762786865234375e-07
 Run 0| Epoch 1 |
Number of nodes for computation during this epoch:  14702
Number of first layer input nodes during this epoch:  11559
