main start at this time 1648526693.3487837
-----------------------------------------before load data 
 Nvidia-smi: 0.1717529296875 GB
    Memory Allocated: 0.0  GigaBytes
Max Memory Allocated: 0.0  GigaBytes

  NumNodes: 19717
  NumEdges: 88651
  NumFeats: 500
  NumClasses: 3
  NumTrainingSamples: 60
  NumValidationSamples: 500
  NumTestSamples: 1000
Done loading data from cached files.
success----------------------------------------
60
500
19157
# Nodes: 19717
# Edges: 88648
# Train: 60
# Val: 500
# Test: 19157
# Classes: 3

in feats:  500
----------------------------------------before generate_dataloader_block 
 Nvidia-smi: 1.0174560546875 GB
    Memory Allocated: 0.0014562606811523438  GigaBytes
Max Memory Allocated: 0.0014562606811523438  GigaBytes

The real block id is  2
get_global_graph_edges_ids_block function  spend 0.002429962158203125
random selection method range initialization spend 0.000179290771484375
time for parepare:  4.696846008300781e-05
local_output_nid generation:  2.6464462280273438e-05
local_in_edges_tensor generation:  0.00019669532775878906
mini_batch_src_global generation:  2.5272369384765625e-05
r_  generation:  0.0011372566223144531
local_output_nid generation:  5.4836273193359375e-06
local_in_edges_tensor generation:  0.0001277923583984375
mini_batch_src_global generation:  2.4318695068359375e-05
r_  generation:  3.8623809814453125e-05
local_output_nid generation:  5.0067901611328125e-06
local_in_edges_tensor generation:  0.00010347366333007812
mini_batch_src_global generation:  1.52587890625e-05
r_  generation:  1.7642974853515625e-05
local_output_nid generation:  5.0067901611328125e-06
local_in_edges_tensor generation:  9.679794311523438e-05
mini_batch_src_global generation:  1.4543533325195312e-05
r_  generation:  2.3126602172851562e-05
local_output_nid generation:  4.291534423828125e-06
local_in_edges_tensor generation:  9.655952453613281e-05
mini_batch_src_global generation:  1.52587890625e-05
r_  generation:  2.09808349609375e-05
local_output_nid generation:  4.291534423828125e-06
local_in_edges_tensor generation:  9.608268737792969e-05
mini_batch_src_global generation:  1.5020370483398438e-05
r_  generation:  3.147125244140625e-05
local_output_nid generation:  4.0531158447265625e-06
local_in_edges_tensor generation:  9.608268737792969e-05
mini_batch_src_global generation:  1.5020370483398438e-05
r_  generation:  1.6927719116210938e-05
local_output_nid generation:  3.5762786865234375e-06
local_in_edges_tensor generation:  9.751319885253906e-05
mini_batch_src_global generation:  1.430511474609375e-05
r_  generation:  1.621246337890625e-05
----------------------check_connections_block total spend ----------------------------- 0.00279998779296875
generate_one_block  0.0012476444244384766
generate_one_block  0.0011630058288574219
generate_one_block  0.0010657310485839844
generate_one_block  0.0010688304901123047
generate_one_block  0.001071929931640625
generate_one_block  0.0010819435119628906
generate_one_block  0.0010597705841064453
generate_one_block  0.0010657310485839844
The real block id is  1
get_global_graph_edges_ids_block function  spend 0.0013828277587890625
gen group dst list time:  5.1021575927734375e-05
time for parepare:  0.00023365020751953125
local_output_nid generation:  8.344650268554688e-06
local_in_edges_tensor generation:  0.00019502639770507812
mini_batch_src_global generation:  3.0994415283203125e-05
r_  generation:  0.00016164779663085938
local_output_nid generation:  8.106231689453125e-06
local_in_edges_tensor generation:  0.00012302398681640625
mini_batch_src_global generation:  4.3392181396484375e-05
r_  generation:  0.00032138824462890625
local_output_nid generation:  4.0531158447265625e-06
local_in_edges_tensor generation:  0.00011301040649414062
mini_batch_src_global generation:  2.86102294921875e-05
r_  generation:  9.465217590332031e-05
local_output_nid generation:  5.245208740234375e-06
local_in_edges_tensor generation:  0.000110626220703125
mini_batch_src_global generation:  2.7418136596679688e-05
r_  generation:  0.00013947486877441406
local_output_nid generation:  4.76837158203125e-06
local_in_edges_tensor generation:  0.00011539459228515625
mini_batch_src_global generation:  2.2649765014648438e-05
r_  generation:  7.724761962890625e-05
local_output_nid generation:  7.3909759521484375e-06
local_in_edges_tensor generation:  0.00011444091796875
mini_batch_src_global generation:  4.291534423828125e-05
r_  generation:  0.0003757476806640625
local_output_nid generation:  3.814697265625e-06
local_in_edges_tensor generation:  0.00011420249938964844
mini_batch_src_global generation:  3.1948089599609375e-05
r_  generation:  9.632110595703125e-05
local_output_nid generation:  3.337860107421875e-06
local_in_edges_tensor generation:  0.0001068115234375
mini_batch_src_global generation:  2.193450927734375e-05
r_  generation:  8.893013000488281e-05
----------------------check_connections_block total spend ----------------------------- 0.0034101009368896484
generate_one_block  0.0013308525085449219
generate_one_block  0.0014967918395996094
generate_one_block  0.0011582374572753906
generate_one_block  0.0012493133544921875
generate_one_block  0.0011501312255859375
generate_one_block  0.0015690326690673828
generate_one_block  0.0011601448059082031
generate_one_block  0.001178741455078125
The real block id is  0
get_global_graph_edges_ids_block function  spend 0.0010991096496582031
gen group dst list time:  9.369850158691406e-05
time for parepare:  0.0007483959197998047
local_output_nid generation:  2.4557113647460938e-05
local_in_edges_tensor generation:  0.0002608299255371094
mini_batch_src_global generation:  7.605552673339844e-05
r_  generation:  0.0007612705230712891
local_output_nid generation:  5.555152893066406e-05
local_in_edges_tensor generation:  0.0003535747528076172
mini_batch_src_global generation:  0.00019931793212890625
r_  generation:  0.0021517276763916016
local_output_nid generation:  2.2172927856445312e-05
local_in_edges_tensor generation:  0.00015473365783691406
mini_batch_src_global generation:  0.00010538101196289062
r_  generation:  0.0005309581756591797
local_output_nid generation:  3.170967102050781e-05
local_in_edges_tensor generation:  0.0001690387725830078
mini_batch_src_global generation:  9.512901306152344e-05
r_  generation:  0.0009164810180664062
local_output_nid generation:  1.3589859008789062e-05
local_in_edges_tensor generation:  0.00013828277587890625
mini_batch_src_global generation:  6.341934204101562e-05
r_  generation:  0.00030875205993652344
local_output_nid generation:  6.103515625e-05
local_in_edges_tensor generation:  0.00021767616271972656
mini_batch_src_global generation:  0.0001964569091796875
r_  generation:  0.002366304397583008
local_output_nid generation:  2.002716064453125e-05
local_in_edges_tensor generation:  0.00014925003051757812
mini_batch_src_global generation:  0.00010371208190917969
r_  generation:  0.00041937828063964844
local_output_nid generation:  1.811981201171875e-05
local_in_edges_tensor generation:  0.0001437664031982422
mini_batch_src_global generation:  6.270408630371094e-05
r_  generation:  0.0005190372467041016
----------------------check_connections_block total spend ----------------------------- 0.013534069061279297
generate_one_block  0.0028481483459472656
generate_one_block  0.003673076629638672
generate_one_block  0.0015153884887695312
generate_one_block  0.002002239227294922
generate_one_block  0.0012745857238769531
generate_one_block  0.0037856101989746094
generate_one_block  0.0013971328735351562
generate_one_block  0.001645803451538086
-----------------------------------------after block dataloader generation 
 Nvidia-smi: 1.0174560546875 GB
    Memory Allocated: 0.0014562606811523438  GigaBytes
Max Memory Allocated: 0.0014562606811523438  GigaBytes

connection checking time:  0.016944169998168945
block generation total time  0.028435230255126953
average batch blocks generation time:  0.003554403781890869
----------------------------------------before batch_pred = model(blocks, batch_inputs) 
 Nvidia-smi: 1.1014404296875 GB
    Memory Allocated: 0.004475116729736328  GigaBytes
Max Memory Allocated: 0.004475116729736328  GigaBytes

torch.Size([1608, 500])
torch.Size([286, 256])
-----------------------------------------batch_pred = model(blocks, batch_inputs) 
 Nvidia-smi: 1.2635498046875 GB
    Memory Allocated: 0.005690097808837891  GigaBytes
Max Memory Allocated: 0.006847858428955078  GigaBytes

----------------------------------------before batch_pred = model(blocks, batch_inputs) 
 Nvidia-smi: 1.2655029296875 GB
    Memory Allocated: 0.00948190689086914  GigaBytes
Max Memory Allocated: 0.012415885925292969  GigaBytes

torch.Size([3495, 500])
torch.Size([705, 256])
-----------------------------------------batch_pred = model(blocks, batch_inputs) 
 Nvidia-smi: 1.2713623046875 GB
    Memory Allocated: 0.012065410614013672  GigaBytes
Max Memory Allocated: 0.01489114761352539  GigaBytes

----------------------------------------before batch_pred = model(blocks, batch_inputs) 
 Nvidia-smi: 1.2752685546875 GB
    Memory Allocated: 0.004421710968017578  GigaBytes
Max Memory Allocated: 0.01489114761352539  GigaBytes

torch.Size([804, 500])
torch.Size([210, 256])
-----------------------------------------batch_pred = model(blocks, batch_inputs) 
 Nvidia-smi: 1.2752685546875 GB
    Memory Allocated: 0.00518035888671875  GigaBytes
Max Memory Allocated: 0.01489114761352539  GigaBytes

----------------------------------------before batch_pred = model(blocks, batch_inputs) 
 Nvidia-smi: 1.2752685546875 GB
    Memory Allocated: 0.005778789520263672  GigaBytes
Max Memory Allocated: 0.01489114761352539  GigaBytes

torch.Size([1526, 500])
torch.Size([334, 256])
-----------------------------------------batch_pred = model(blocks, batch_inputs) 
 Nvidia-smi: 1.2752685546875 GB
    Memory Allocated: 0.006995677947998047  GigaBytes
Max Memory Allocated: 0.01489114761352539  GigaBytes

----------------------------------------before batch_pred = model(blocks, batch_inputs) 
 Nvidia-smi: 1.2752685546875 GB
    Memory Allocated: 0.004416942596435547  GigaBytes
Max Memory Allocated: 0.01489114761352539  GigaBytes

torch.Size([552, 500])
torch.Size([131, 256])
-----------------------------------------batch_pred = model(blocks, batch_inputs) 
 Nvidia-smi: 1.2752685546875 GB
    Memory Allocated: 0.004974842071533203  GigaBytes
Max Memory Allocated: 0.01489114761352539  GigaBytes

----------------------------------------before batch_pred = model(blocks, batch_inputs) 
 Nvidia-smi: 1.2752685546875 GB
    Memory Allocated: 0.008731365203857422  GigaBytes
Max Memory Allocated: 0.01489114761352539  GigaBytes

torch.Size([3088, 500])
torch.Size([801, 256])
-----------------------------------------batch_pred = model(blocks, batch_inputs) 
 Nvidia-smi: 1.2752685546875 GB
    Memory Allocated: 0.011580467224121094  GigaBytes
Max Memory Allocated: 0.01489114761352539  GigaBytes

----------------------------------------before batch_pred = model(blocks, batch_inputs) 
 Nvidia-smi: 1.2752685546875 GB
    Memory Allocated: 0.004418849945068359  GigaBytes
Max Memory Allocated: 0.01489114761352539  GigaBytes

torch.Size([651, 500])
torch.Size([198, 256])
-----------------------------------------batch_pred = model(blocks, batch_inputs) 
 Nvidia-smi: 1.2752685546875 GB
    Memory Allocated: 0.005149364471435547  GigaBytes
Max Memory Allocated: 0.01489114761352539  GigaBytes

----------------------------------------before batch_pred = model(blocks, batch_inputs) 
 Nvidia-smi: 1.2752685546875 GB
    Memory Allocated: 0.004819393157958984  GigaBytes
Max Memory Allocated: 0.01489114761352539  GigaBytes

torch.Size([1017, 500])
torch.Size([184, 256])
-----------------------------------------batch_pred = model(blocks, batch_inputs) 
 Nvidia-smi: 1.2752685546875 GB
    Memory Allocated: 0.005494117736816406  GigaBytes
Max Memory Allocated: 0.01489114761352539  GigaBytes

times | data loading | block to device | model prediction | loss calculation | loss backward |  optimizer step |
      |0.0039695799350738525 |0.04405328631401062 |0.09914010763168335 |0.00015547871589660645 |0.0031630098819732666 |0.0019490718841552734 |
----------------------------------------------------------pseudo_mini_loss sum 2.8572866916656494
 Run 0| Epoch 0 |
Number of nodes for computation during this epoch:  15947
Number of first layer input nodes during this epoch:  12741
----------------------------------------before generate_dataloader_block 
 Nvidia-smi: 1.2752685546875 GB
    Memory Allocated: 0.007759571075439453  GigaBytes
Max Memory Allocated: 0.01489114761352539  GigaBytes

The real block id is  2
get_global_graph_edges_ids_block function  spend 0.0004563331604003906
random selection method range initialization spend 0.00010371208190917969
time for parepare:  4.482269287109375e-05
local_output_nid generation:  6.198883056640625e-06
local_in_edges_tensor generation:  0.00017189979553222656
mini_batch_src_global generation:  2.0503997802734375e-05
r_  generation:  2.86102294921875e-05
local_output_nid generation:  5.0067901611328125e-06
local_in_edges_tensor generation:  0.00010275840759277344
mini_batch_src_global generation:  1.5974044799804688e-05
r_  generation:  3.24249267578125e-05
local_output_nid generation:  5.0067901611328125e-06
local_in_edges_tensor generation:  0.00010180473327636719
mini_batch_src_global generation:  1.7642974853515625e-05
r_  generation:  3.3855438232421875e-05
local_output_nid generation:  4.5299530029296875e-06
local_in_edges_tensor generation:  9.584426879882812e-05
mini_batch_src_global generation:  1.5020370483398438e-05
r_  generation:  2.09808349609375e-05
local_output_nid generation:  4.5299530029296875e-06
local_in_edges_tensor generation:  9.393692016601562e-05
mini_batch_src_global generation:  1.621246337890625e-05
r_  generation:  2.7179718017578125e-05
local_output_nid generation:  4.5299530029296875e-06
local_in_edges_tensor generation:  9.5367431640625e-05
mini_batch_src_global generation:  1.5020370483398438e-05
r_  generation:  2.1457672119140625e-05
local_output_nid generation:  4.0531158447265625e-06
local_in_edges_tensor generation:  9.441375732421875e-05
mini_batch_src_global generation:  1.52587890625e-05
r_  generation:  2.956390380859375e-05
local_output_nid generation:  3.337860107421875e-06
local_in_edges_tensor generation:  9.34600830078125e-05
mini_batch_src_global generation:  1.4543533325195312e-05
r_  generation:  1.9311904907226562e-05
----------------------check_connections_block total spend ----------------------------- 0.0016012191772460938
generate_one_block  0.0011496543884277344
generate_one_block  0.0010247230529785156
generate_one_block  0.0010335445404052734
generate_one_block  0.0011224746704101562
generate_one_block  0.0010166168212890625
generate_one_block  0.0010149478912353516
generate_one_block  0.0010230541229248047
generate_one_block  0.0010008811950683594
The real block id is  1
get_global_graph_edges_ids_block function  spend 0.0005083084106445312
gen group dst list time:  5.030632019042969e-05
time for parepare:  0.00023937225341796875
local_output_nid generation:  4.0531158447265625e-06
local_in_edges_tensor generation:  0.00017714500427246094
mini_batch_src_global generation:  2.956390380859375e-05
r_  generation:  0.00011515617370605469
local_output_nid generation:  5.7220458984375e-06
local_in_edges_tensor generation:  0.00011444091796875
mini_batch_src_global generation:  3.314018249511719e-05
r_  generation:  0.00018596649169921875
local_output_nid generation:  8.344650268554688e-06
local_in_edges_tensor generation:  0.00012087821960449219
mini_batch_src_global generation:  4.4345855712890625e-05
r_  generation:  0.0002942085266113281
local_output_nid generation:  4.0531158447265625e-06
local_in_edges_tensor generation:  0.00011301040649414062
mini_batch_src_global generation:  2.9325485229492188e-05
r_  generation:  9.799003601074219e-05
local_output_nid generation:  6.67572021484375e-06
local_in_edges_tensor generation:  0.00011301040649414062
mini_batch_src_global generation:  3.3855438232421875e-05
r_  generation:  0.00023555755615234375
local_output_nid generation:  5.0067901611328125e-06
local_in_edges_tensor generation:  0.00010943412780761719
mini_batch_src_global generation:  2.86102294921875e-05
r_  generation:  0.0001227855682373047
local_output_nid generation:  7.867813110351562e-06
local_in_edges_tensor generation:  0.00012493133544921875
mini_batch_src_global generation:  3.1948089599609375e-05
r_  generation:  0.0001766681671142578
local_output_nid generation:  4.0531158447265625e-06
local_in_edges_tensor generation:  0.00010919570922851562
mini_batch_src_global generation:  2.5987625122070312e-05
r_  generation:  0.0001227855682373047
----------------------check_connections_block total spend ----------------------------- 0.003473520278930664
generate_one_block  0.0011844635009765625
generate_one_block  0.0012478828430175781
generate_one_block  0.001428842544555664
generate_one_block  0.001117706298828125
generate_one_block  0.0013358592987060547
generate_one_block  0.0011534690856933594
generate_one_block  0.0012111663818359375
generate_one_block  0.001168966293334961
The real block id is  0
get_global_graph_edges_ids_block function  spend 0.0011441707611083984
gen group dst list time:  0.00010323524475097656
time for parepare:  0.000698089599609375
local_output_nid generation:  2.3603439331054688e-05
local_in_edges_tensor generation:  0.0002582073211669922
mini_batch_src_global generation:  9.608268737792969e-05
r_  generation:  0.0007176399230957031
local_output_nid generation:  3.8623809814453125e-05
local_in_edges_tensor generation:  0.00017452239990234375
mini_batch_src_global generation:  0.00015020370483398438
r_  generation:  0.0010378360748291016
local_output_nid generation:  5.14984130859375e-05
local_in_edges_tensor generation:  0.00020599365234375
mini_batch_src_global generation:  0.00022172927856445312
r_  generation:  0.0019042491912841797
local_output_nid generation:  2.0503997802734375e-05
local_in_edges_tensor generation:  0.00015282630920410156
mini_batch_src_global generation:  0.00010824203491210938
r_  generation:  0.0006189346313476562
local_output_nid generation:  4.649162292480469e-05
local_in_edges_tensor generation:  0.00018787384033203125
mini_batch_src_global generation:  0.0001442432403564453
r_  generation:  0.0015556812286376953
local_output_nid generation:  2.3126602172851562e-05
local_in_edges_tensor generation:  0.0001552104949951172
mini_batch_src_global generation:  9.560585021972656e-05
r_  generation:  0.0005512237548828125
local_output_nid generation:  3.170967102050781e-05
local_in_edges_tensor generation:  0.00016546249389648438
mini_batch_src_global generation:  8.749961853027344e-05
r_  generation:  0.0008172988891601562
local_output_nid generation:  2.765655517578125e-05
local_in_edges_tensor generation:  0.00015854835510253906
mini_batch_src_global generation:  8.630752563476562e-05
r_  generation:  0.0007364749908447266
----------------------check_connections_block total spend ----------------------------- 0.01363229751586914
generate_one_block  0.0019507408142089844
generate_one_block  0.0021610260009765625
generate_one_block  0.003190755844116211
generate_one_block  0.001798391342163086
generate_one_block  0.0027751922607421875
generate_one_block  0.0015594959259033203
generate_one_block  0.0018978118896484375
generate_one_block  0.0017807483673095703
-----------------------------------------after block dataloader generation 
 Nvidia-smi: 1.2752685546875 GB
    Memory Allocated: 0.007759571075439453  GigaBytes
Max Memory Allocated: 0.01489114761352539  GigaBytes

connection checking time:  0.017105817794799805
block generation total time  0.0269625186920166
average batch blocks generation time:  0.003370314836502075
block dataloader generation time/epoch 0.06607723236083984
----------------------------------------before batch_pred = model(blocks, batch_inputs) 
 Nvidia-smi: 1.2752685546875 GB
    Memory Allocated: 0.008320331573486328  GigaBytes
Max Memory Allocated: 0.01489114761352539  GigaBytes

torch.Size([1335, 500])
torch.Size([225, 256])
-----------------------------------------batch_pred = model(blocks, batch_inputs) 
 Nvidia-smi: 1.2752685546875 GB
    Memory Allocated: 0.009173870086669922  GigaBytes
Max Memory Allocated: 0.01489114761352539  GigaBytes

----------------------------------------before batch_pred = model(blocks, batch_inputs) 
 Nvidia-smi: 1.2752685546875 GB
    Memory Allocated: 0.009234428405761719  GigaBytes
Max Memory Allocated: 0.01489114761352539  GigaBytes

torch.Size([1760, 500])
torch.Size([395, 256])
-----------------------------------------batch_pred = model(blocks, batch_inputs) 
 Nvidia-smi: 1.2752685546875 GB
    Memory Allocated: 0.010664939880371094  GigaBytes
Max Memory Allocated: 0.01489114761352539  GigaBytes

----------------------------------------before batch_pred = model(blocks, batch_inputs) 
 Nvidia-smi: 1.2752685546875 GB
    Memory Allocated: 0.011167526245117188  GigaBytes
Max Memory Allocated: 0.01489114761352539  GigaBytes

torch.Size([2845, 500])
torch.Size([619, 256])
-----------------------------------------batch_pred = model(blocks, batch_inputs) 
 Nvidia-smi: 1.2752685546875 GB
    Memory Allocated: 0.013452529907226562  GigaBytes
Max Memory Allocated: 0.01638317108154297  GigaBytes

----------------------------------------before batch_pred = model(blocks, batch_inputs) 
 Nvidia-smi: 1.2752685546875 GB
    Memory Allocated: 0.009222030639648438  GigaBytes
Max Memory Allocated: 0.01638317108154297  GigaBytes

torch.Size([1390, 500])
torch.Size([209, 256])
-----------------------------------------batch_pred = model(blocks, batch_inputs) 
 Nvidia-smi: 1.2752685546875 GB
    Memory Allocated: 0.010021209716796875  GigaBytes
Max Memory Allocated: 0.01638317108154297  GigaBytes

----------------------------------------before batch_pred = model(blocks, batch_inputs) 
 Nvidia-smi: 1.2752685546875 GB
    Memory Allocated: 0.009262561798095703  GigaBytes
Max Memory Allocated: 0.01638317108154297  GigaBytes

torch.Size([1827, 500])
torch.Size([505, 256])
-----------------------------------------batch_pred = model(blocks, batch_inputs) 
 Nvidia-smi: 1.2752685546875 GB
    Memory Allocated: 0.011099815368652344  GigaBytes
Max Memory Allocated: 0.01638317108154297  GigaBytes

----------------------------------------before batch_pred = model(blocks, batch_inputs) 
 Nvidia-smi: 1.2752685546875 GB
    Memory Allocated: 0.007511138916015625  GigaBytes
Max Memory Allocated: 0.01638317108154297  GigaBytes

torch.Size([903, 500])
torch.Size([234, 256])
-----------------------------------------batch_pred = model(blocks, batch_inputs) 
 Nvidia-smi: 1.2752685546875 GB
    Memory Allocated: 0.00839853286743164  GigaBytes
Max Memory Allocated: 0.01638317108154297  GigaBytes

----------------------------------------before batch_pred = model(blocks, batch_inputs) 
 Nvidia-smi: 1.2752685546875 GB
    Memory Allocated: 0.00862884521484375  GigaBytes
Max Memory Allocated: 0.01638317108154297  GigaBytes

torch.Size([1499, 500])
torch.Size([358, 256])
-----------------------------------------batch_pred = model(blocks, batch_inputs) 
 Nvidia-smi: 1.2752685546875 GB
    Memory Allocated: 0.010035037994384766  GigaBytes
Max Memory Allocated: 0.01638317108154297  GigaBytes

----------------------------------------before batch_pred = model(blocks, batch_inputs) 
 Nvidia-smi: 1.2752685546875 GB
    Memory Allocated: 0.00826263427734375  GigaBytes
Max Memory Allocated: 0.01638317108154297  GigaBytes

torch.Size([1304, 500])
torch.Size([309, 256])
-----------------------------------------batch_pred = model(blocks, batch_inputs) 
 Nvidia-smi: 1.2752685546875 GB
    Memory Allocated: 0.009360313415527344  GigaBytes
Max Memory Allocated: 0.01638317108154297  GigaBytes

times | data loading | block to device | model prediction | loss calculation | loss backward |  optimizer step |
      |0.0010724067687988281 |0.00038567185401916504 |0.0031176507472991943 |0.00011438131332397461 |0.0031479299068450928 |0.0014796257019042969 |
----------------------------------------------------------pseudo_mini_loss sum 0.8513713479042053
Total (block generation + training)time/epoch 0.13935637474060059
Training time/epoch 0.07303690910339355
Training time without block to device /epoch 0.06995153427124023
Training time without total dataloading part /epoch 0.05251932144165039
load block tensor time/epoch 0.008579254150390625Using backend: pytorch

block to device time/epoch 0.0030853748321533203
input features size transfer per epoch 1.0728836059570312e-06
blocks size to device per epoch 7.152557373046875e-07
 Run 0| Epoch 1 |
Number of nodes for computation during this epoch:  16073
Number of first layer input nodes during this epoch:  12863
