main start at this time 1648432094.5935895
-----------------------------------------before load data 
 Nvidia-smi: 0.1717529296875 GB
    Memory Allocated: 0.0  GigaBytes
Max Memory Allocated: 0.0  GigaBytes

  NumNodes: 2708
  NumEdges: 10556
  NumFeats: 1433
  NumClasses: 7
  NumTrainingSamples: 140
  NumValidationSamples: 500
  NumTestSamples: 1000
Done loading data from cached files.
success----------------------------------------
140
500
2068
# Nodes: 2708
# Edges: 10556
# Train: 140
# Val: 500
# Test: 2068
# Classes: 7

in feats:  1433
----------------------------------------before generate_dataloader_block 
 Nvidia-smi: 1.0174560546875 GB
    Memory Allocated: 0.0007886886596679688  GigaBytes
Max Memory Allocated: 0.0007886886596679688  GigaBytes

The real block id is  4
get_global_graph_edges_ids_block function  spend 0.0010075569152832031
random selection method range initialization spend 0.00018453598022460938
time for parepare:  7.176399230957031e-05
local_output_nid generation:  1.3589859008789062e-05
local_in_edges_tensor generation:  0.00019979476928710938
mini_batch_src_global generation:  2.6464462280273438e-05
r_  generation:  0.001506805419921875
local_output_nid generation:  1.0728836059570312e-05
local_in_edges_tensor generation:  0.0001380443572998047
mini_batch_src_global generation:  2.765655517578125e-05
r_  generation:  5.91278076171875e-05
local_output_nid generation:  1.0013580322265625e-05
local_in_edges_tensor generation:  0.00011086463928222656
mini_batch_src_global generation:  1.8358230590820312e-05
r_  generation:  3.62396240234375e-05
local_output_nid generation:  8.821487426757812e-06
local_in_edges_tensor generation:  0.00010561943054199219
mini_batch_src_global generation:  1.9073486328125e-05
r_  generation:  4.863739013671875e-05
local_output_nid generation:  7.62939453125e-06
local_in_edges_tensor generation:  0.00010323524475097656
mini_batch_src_global generation:  1.71661376953125e-05
r_  generation:  3.910064697265625e-05
local_output_nid generation:  7.3909759521484375e-06
local_in_edges_tensor generation:  0.00010228157043457031
mini_batch_src_global generation:  1.7404556274414062e-05
r_  generation:  4.935264587402344e-05
local_output_nid generation:  7.3909759521484375e-06
local_in_edges_tensor generation:  0.00010776519775390625
mini_batch_src_global generation:  1.8596649169921875e-05
r_  generation:  4.7206878662109375e-05
local_output_nid generation:  7.152557373046875e-06
local_in_edges_tensor generation:  0.00010251998901367188
mini_batch_src_global generation:  1.6689300537109375e-05
r_  generation:  3.3855438232421875e-05
----------------------check_connections_block total spend ----------------------------- 0.0035109519958496094
generate_one_block  0.0012843608856201172
generate_one_block  0.0011909008026123047
generate_one_block  0.0010743141174316406
generate_one_block  0.0010879039764404297
generate_one_block  0.0010755062103271484
generate_one_block  0.001071929931640625
generate_one_block  0.0010890960693359375
generate_one_block  0.0010716915130615234
The real block id is  3
get_global_graph_edges_ids_block function  spend 0.0005242824554443359
gen group dst list time:  6.246566772460938e-05
time for parepare:  0.00017833709716796875
local_output_nid generation:  1.0967254638671875e-05
local_in_edges_tensor generation:  0.00019097328186035156
mini_batch_src_global generation:  3.790855407714844e-05
r_  generation:  0.00017690658569335938
local_output_nid generation:  1.5735626220703125e-05
local_in_edges_tensor generation:  0.00013327598571777344
mini_batch_src_global generation:  6.413459777832031e-05
r_  generation:  0.0003376007080078125
local_output_nid generation:  1.0013580322265625e-05
local_in_edges_tensor generation:  0.0001270771026611328
mini_batch_src_global generation:  3.4809112548828125e-05
r_  generation:  0.00016927719116210938
local_output_nid generation:  1.2874603271484375e-05
local_in_edges_tensor generation:  0.00012636184692382812
mini_batch_src_global generation:  3.647804260253906e-05
r_  generation:  0.000263214111328125
local_output_nid generation:  1.0251998901367188e-05
local_in_edges_tensor generation:  0.0001232624053955078
mini_batch_src_global generation:  3.528594970703125e-05
r_  generation:  0.00021409988403320312
local_output_nid generation:  8.58306884765625e-06
local_in_edges_tensor generation:  0.00012159347534179688
mini_batch_src_global generation:  3.123283386230469e-05
r_  generation:  0.00017189979553222656
local_output_nid generation:  1.1920928955078125e-05
local_in_edges_tensor generation:  0.00012302398681640625
mini_batch_src_global generation:  4.029273986816406e-05
r_  generation:  0.00030350685119628906
local_output_nid generation:  8.344650268554688e-06
local_in_edges_tensor generation:  0.00018715858459472656
mini_batch_src_global generation:  3.838539123535156e-05
r_  generation:  0.00019860267639160156
----------------------check_connections_block total spend ----------------------------- 0.004265546798706055
generate_one_block  0.0012726783752441406
generate_one_block  0.0014476776123046875
generate_one_block  0.0012352466583251953
generate_one_block  0.0013742446899414062
generate_one_block  0.0012853145599365234
generate_one_block  0.0012390613555908203
generate_one_block  0.0014269351959228516
generate_one_block  0.0012166500091552734
The real block id is  2
get_global_graph_edges_ids_block function  spend 0.0006806850433349609
gen group dst list time:  0.000102996826171875
time for parepare:  0.00019407272338867188
local_output_nid generation:  3.314018249511719e-05
local_in_edges_tensor generation:  0.0003261566162109375
mini_batch_src_global generation:  7.104873657226562e-05
r_  generation:  0.0006282329559326172
local_output_nid generation:  5.1975250244140625e-05
local_in_edges_tensor generation:  0.0002002716064453125
mini_batch_src_global generation:  0.00011944770812988281
r_  generation:  0.0011048316955566406
local_output_nid generation:  2.8848648071289062e-05
local_in_edges_tensor generation:  0.0001609325408935547
mini_batch_src_global generation:  9.1552734375e-05
r_  generation:  0.0005877017974853516
local_output_nid generation:  4.7206878662109375e-05
local_in_edges_tensor generation:  0.00017881393432617188
mini_batch_src_global generation:  9.417533874511719e-05
r_  generation:  0.0008418560028076172
local_output_nid generation:  3.147125244140625e-05
local_in_edges_tensor generation:  0.00016689300537109375
mini_batch_src_global generation:  8.96453857421875e-05
r_  generation:  0.0007135868072509766
local_output_nid generation:  2.4557113647460938e-05
local_in_edges_tensor generation:  0.00015544891357421875
mini_batch_src_global generation:  6.747245788574219e-05
r_  generation:  0.0005195140838623047
local_output_nid generation:  4.6253204345703125e-05
local_in_edges_tensor generation:  0.0001895427703857422
mini_batch_src_global generation:  0.00010728836059570312
r_  generation:  0.0011005401611328125
local_output_nid generation:  3.0040740966796875e-05
local_in_edges_tensor generation:  0.0001652240753173828
mini_batch_src_global generation:  9.1552734375e-05
r_  generation:  0.0006816387176513672
----------------------check_connections_block total spend ----------------------------- 0.010672807693481445
generate_one_block  0.0018084049224853516
generate_one_block  0.0023527145385742188
generate_one_block  0.0015807151794433594
generate_one_block  0.0018498897552490234
generate_one_block  0.0017080307006835938
generate_one_block  0.001470804214477539
generate_one_block  0.0021452903747558594
generate_one_block  0.0017366409301757812
The real block id is  1
get_global_graph_edges_ids_block function  spend 0.0007271766662597656
gen group dst list time:  0.00019550323486328125
time for parepare:  0.0002033710479736328
local_output_nid generation:  6.842613220214844e-05
local_in_edges_tensor generation:  0.0003249645233154297
mini_batch_src_global generation:  0.0001685619354248047
r_  generation:  0.0015854835510253906
local_output_nid generation:  0.00010442733764648438
local_in_edges_tensor generation:  0.0002849102020263672
mini_batch_src_global generation:  0.0002467632293701172
r_  generation:  0.002225160598754883
local_output_nid generation:  7.271766662597656e-05
local_in_edges_tensor generation:  0.00022459030151367188
mini_batch_src_global generation:  0.0001571178436279297
r_  generation:  0.0014586448669433594
local_output_nid generation:  9.5367431640625e-05
local_in_edges_tensor generation:  0.000270843505859375
mini_batch_src_global generation:  0.0001747608184814453
r_  generation:  0.0019524097442626953
local_output_nid generation:  7.915496826171875e-05
local_in_edges_tensor generation:  0.00023889541625976562
mini_batch_src_global generation:  0.00016260147094726562
r_  generation:  0.0016674995422363281
local_output_nid generation:  6.198883056640625e-05
local_in_edges_tensor generation:  0.000209808349609375
mini_batch_src_global generation:  0.0001316070556640625
r_  generation:  0.00122833251953125
local_output_nid generation:  0.0001087188720703125
local_in_edges_tensor generation:  0.000286102294921875
mini_batch_src_global generation:  0.00019431114196777344
r_  generation:  0.0023255348205566406
local_output_nid generation:  7.653236389160156e-05
local_in_edges_tensor generation:  0.0002319812774658203
mini_batch_src_global generation:  0.00017690658569335938
r_  generation:  0.0016052722930908203
----------------------check_connections_block total spend ----------------------------- 0.02211165428161621
generate_one_block  0.0030012130737304688
generate_one_block  0.0031919479370117188
generate_one_block  0.0024864673614501953
generate_one_block  0.00295257568359375
generate_one_block  0.002670764923095703
generate_one_block  0.002371072769165039
generate_one_block  0.0034804344177246094
generate_one_block  0.0026786327362060547
The real block id is  0
get_global_graph_edges_ids_block function  spend 0.0007245540618896484
gen group dst list time:  0.00041484832763671875
time for parepare:  0.00020647048950195312
local_output_nid generation:  0.00011682510375976562
local_in_edges_tensor generation:  0.00042939186096191406
mini_batch_src_global generation:  0.00022459030151367188
r_  generation:  0.002514362335205078
local_output_nid generation:  0.00015044212341308594
local_in_edges_tensor generation:  0.00035262107849121094
mini_batch_src_global generation:  0.0003056526184082031
r_  generation:  0.003045320510864258
local_output_nid generation:  0.000125885009765625
local_in_edges_tensor generation:  0.00030159950256347656
mini_batch_src_global generation:  0.00023055076599121094
r_  generation:  0.0024352073669433594
local_output_nid generation:  0.00014448165893554688
local_in_edges_tensor generation:  0.0003376007080078125
mini_batch_src_global generation:  0.00023937225341796875
r_  generation:  0.0028450489044189453
local_output_nid generation:  0.00013303756713867188
local_in_edges_tensor generation:  0.0003159046173095703
mini_batch_src_global generation:  0.00024008750915527344
r_  generation:  0.002620220184326172
local_output_nid generation:  0.00011324882507324219
local_in_edges_tensor generation:  0.00028443336486816406
mini_batch_src_global generation:  0.00020599365234375
r_  generation:  0.002032041549682617
local_output_nid generation:  0.0001366138458251953
local_in_edges_tensor generation:  0.0003173351287841797
mini_batch_src_global generation:  0.000225067138671875
r_  generation:  0.002709627151489258
local_output_nid generation:  0.00011205673217773438
local_in_edges_tensor generation:  0.000278472900390625
mini_batch_src_global generation:  0.00020956993103027344
r_  generation:  0.0022401809692382812
----------------------check_connections_block total spend ----------------------------- 0.03102278709411621
generate_one_block  0.004495382308959961
generate_one_block  0.003901243209838867
generate_one_block  0.003414154052734375
generate_one_block  0.0037419795989990234
generate_one_block  0.0050296783447265625
generate_one_block  0.003215312957763672
generate_one_block  0.0038788318634033203
generate_one_block  0.0034584999084472656
-----------------------------------------after block dataloader generation 
 Nvidia-smi: 1.0174560546875 GB
    Memory Allocated: 0.0007886886596679688  GigaBytes
Max Memory Allocated: 0.0007886886596679688  GigaBytes

connection checking time:  0.06807279586791992
block generation total time  0.07911849021911621
average batch blocks generation time:  0.009889811277389526
----------------------------------------before batch_pred = model(blocks, batch_inputs) 
 Nvidia-smi: 1.0936279296875 GB
    Memory Allocated: 0.01261758804321289  GigaBytes
Max Memory Allocated: 0.01261758804321289  GigaBytes

torch.Size([2157, 1433])
torch.Size([1671, 64])
torch.Size([943, 64])
torch.Size([327, 64])
-----------------------------------------batch_pred = model(blocks, batch_inputs) 
 Nvidia-smi: 1.2557373046875 GB
    Memory Allocated: 0.015415191650390625  GigaBytes
Max Memory Allocated: 0.015429496765136719  GigaBytes

----------------------------------------before batch_pred = model(blocks, batch_inputs) 
 Nvidia-smi: 1.2713623046875 GB
    Memory Allocated: 0.014170646667480469  GigaBytes
Max Memory Allocated: 0.025742053985595703  GigaBytes

torch.Size([2332, 1433])
torch.Size([2044, 64])
torch.Size([1383, 64])
torch.Size([585, 64])
-----------------------------------------batch_pred = model(blocks, batch_inputs) 
 Nvidia-smi: 1.2733154296875 GB
    Memory Allocated: 0.018070697784423828  GigaBytes
Max Memory Allocated: 0.025742053985595703  GigaBytes

----------------------------------------before batch_pred = model(blocks, batch_inputs) 
 Nvidia-smi: 1.2752685546875 GB
    Memory Allocated: 0.013396263122558594  GigaBytes
Max Memory Allocated: 0.025742053985595703  GigaBytes

torch.Size([2146, 1433])
torch.Size([1570, 64])
torch.Size([817, 64])
torch.Size([292, 64])
-----------------------------------------batch_pred = model(blocks, batch_inputs) 
 Nvidia-smi: 1.2752685546875 GB
    Memory Allocated: 0.015943527221679688  GigaBytes
Max Memory Allocated: 0.025742053985595703  GigaBytes

----------------------------------------before batch_pred = model(blocks, batch_inputs) 
 Nvidia-smi: 1.2752685546875 GB
    Memory Allocated: 0.013775348663330078  GigaBytes
Max Memory Allocated: 0.025742053985595703  GigaBytes

torch.Size([2261, 1433])
torch.Size([1910, 64])
torch.Size([1194, 64])
torch.Size([458, 64])
-----------------------------------------batch_pred = model(blocks, batch_inputs) 
 Nvidia-smi: 1.2752685546875 GB
    Memory Allocated: 0.017217159271240234  GigaBytes
Max Memory Allocated: 0.025742053985595703  GigaBytes

----------------------------------------before batch_pred = model(blocks, batch_inputs) 
 Nvidia-smi: 1.2752685546875 GB
    Memory Allocated: 0.013407707214355469  GigaBytes
Max Memory Allocated: 0.025742053985595703  GigaBytes

torch.Size([2181, 1433])
torch.Size([1723, 64])
torch.Size([961, 64])
torch.Size([361, 64])
-----------------------------------------batch_pred = model(blocks, batch_inputs) 
 Nvidia-smi: 1.2752685546875 GB
    Memory Allocated: 0.01632070541381836  GigaBytes
Max Memory Allocated: 0.025742053985595703  GigaBytes

----------------------------------------before batch_pred = model(blocks, batch_inputs) 
 Nvidia-smi: 1.2752685546875 GB
    Memory Allocated: 0.012363433837890625  GigaBytes
Max Memory Allocated: 0.025742053985595703  GigaBytes

torch.Size([2004, 1433])
torch.Size([1417, 64])
torch.Size([708, 64])
torch.Size([268, 64])
-----------------------------------------batch_pred = model(blocks, batch_inputs) 
 Nvidia-smi: 1.2752685546875 GB
    Memory Allocated: 0.014648914337158203  GigaBytes
Max Memory Allocated: 0.025742053985595703  GigaBytes

----------------------------------------before batch_pred = model(blocks, batch_inputs) 
 Nvidia-smi: 1.2889404296875 GB
    Memory Allocated: 0.013997554779052734  GigaBytes
Max Memory Allocated: 0.025742053985595703  GigaBytes

torch.Size([2299, 1433])
torch.Size([2059, 64])
torch.Size([1450, 64])
torch.Size([591, 64])
-----------------------------------------batch_pred = model(blocks, batch_inputs) 
 Nvidia-smi: 1.2889404296875 GB
    Memory Allocated: 0.01796436309814453  GigaBytes
Max Memory Allocated: 0.025742053985595703  GigaBytes

----------------------------------------before batch_pred = model(blocks, batch_inputs) 
 Nvidia-smi: 1.2889404296875 GB
    Memory Allocated: 0.013403892517089844  GigaBytes
Max Memory Allocated: 0.025742053985595703  GigaBytes

torch.Size([2130, 1433])
torch.Size([1621, 64])
torch.Size([916, 64])
torch.Size([343, 64])
-----------------------------------------batch_pred = model(blocks, batch_inputs) 
 Nvidia-smi: 1.2889404296875 GB
    Memory Allocated: 0.016149520874023438  GigaBytes
Max Memory Allocated: 0.025742053985595703  GigaBytes

times | data loading | block to device | model prediction | loss calculation | loss backward |  optimizer step |
      |0.004501223564147949 |0.04500165581703186 |0.10036185383796692 |0.00014024972915649414 |0.00399211049079895 |0.0030362606048583984 |
----------------------------------------------------------pseudo_mini_loss sum 3.457913875579834
 Run 0| Epoch 0 |
Number of nodes for computation during this epoch:  43861
Number of first layer input nodes during this epoch:  17510
----------------------------------------before generate_dataloader_block 
 Nvidia-smi: 1.2889404296875 GB
    Memory Allocated: 0.015224933624267578  GigaBytes
Max Memory Allocated: 0.025742053985595703  GigaBytes

The real block id is  4
get_global_graph_edges_ids_block function  spend 0.0005023479461669922
random selection method range initialization spend 0.0001227855682373047
time for parepare:  7.271766662597656e-05
local_output_nid generation:  9.298324584960938e-06
local_in_edges_tensor generation:  0.0001785755157470703
mini_batch_src_global generation:  2.3603439331054688e-05
r_  generation:  5.316734313964844e-05
local_output_nid generation:  8.344650268554688e-06
local_in_edges_tensor generation:  0.00011086463928222656
mini_batch_src_global generation:  2.1696090698242188e-05
r_  generation:  5.435943603515625e-05
local_output_nid generation:  7.867813110351562e-06
local_in_edges_tensor generation:  0.00010657310485839844
mini_batch_src_global generation:  2.1457672119140625e-05
r_  generation:  5.7220458984375e-05
local_output_nid generation:  6.67572021484375e-06
local_in_edges_tensor generation:  0.000102996826171875
mini_batch_src_global generation:  1.71661376953125e-05
r_  generation:  3.2901763916015625e-05
local_output_nid generation:  7.152557373046875e-06
local_in_edges_tensor generation:  0.00010275840759277344
mini_batch_src_global generation:  1.71661376953125e-05
r_  generation:  4.220008850097656e-05
local_output_nid generation:  6.67572021484375e-06
local_in_edges_tensor generation:  0.00010156631469726562
mini_batch_src_global generation:  1.6689300537109375e-05
r_  generation:  3.552436828613281e-05
local_output_nid generation:  7.3909759521484375e-06
local_in_edges_tensor generation:  0.00010061264038085938
mini_batch_src_global generation:  1.71661376953125e-05
r_  generation:  3.933906555175781e-05
local_output_nid generation:  6.198883056640625e-06
local_in_edges_tensor generation:  0.00010037422180175781
mini_batch_src_global generation:  1.621246337890625e-05
r_  generation:  3.457069396972656e-05
----------------------check_connections_block total spend ----------------------------- 0.0019114017486572266
generate_one_block  0.0011310577392578125
generate_one_block  0.0010914802551269531
generate_one_block  0.0010879039764404297
generate_one_block  0.0010614395141601562
generate_one_block  0.0010614395141601562
generate_one_block  0.0010557174682617188
generate_one_block  0.0010647773742675781
generate_one_block  0.0010590553283691406
The real block id is  3
get_global_graph_edges_ids_block function  spend 0.0004982948303222656
gen group dst list time:  6.031990051269531e-05
time for parepare:  0.00016355514526367188
local_output_nid generation:  1.0967254638671875e-05
local_in_edges_tensor generation:  0.00019121170043945312
mini_batch_src_global generation:  3.981590270996094e-05
r_  generation:  0.00025010108947753906
local_output_nid generation:  1.3113021850585938e-05
local_in_edges_tensor generation:  0.00013136863708496094
mini_batch_src_global generation:  5.53131103515625e-05
r_  generation:  0.0003151893615722656
local_output_nid generation:  1.430511474609375e-05
local_in_edges_tensor generation:  0.0001323223114013672
mini_batch_src_global generation:  4.839897155761719e-05
r_  generation:  0.00032520294189453125
local_output_nid generation:  8.58306884765625e-06
local_in_edges_tensor generation:  0.00012254714965820312
mini_batch_src_global generation:  3.3855438232421875e-05
r_  generation:  0.0001647472381591797
local_output_nid generation:  1.0251998901367188e-05
local_in_edges_tensor generation:  0.00012421607971191406
mini_batch_src_global generation:  3.457069396972656e-05
r_  generation:  0.00021791458129882812
local_output_nid generation:  9.5367431640625e-06
local_in_edges_tensor generation:  0.00012230873107910156
mini_batch_src_global generation:  3.62396240234375e-05
r_  generation:  0.0002243518829345703
local_output_nid generation:  1.1205673217773438e-05
local_in_edges_tensor generation:  0.00012254714965820312
mini_batch_src_global generation:  3.361701965332031e-05
r_  generation:  0.0002052783966064453
local_output_nid generation:  6.9141387939453125e-06
local_in_edges_tensor generation:  0.00011730194091796875
mini_batch_src_global generation:  3.123283386230469e-05
r_  generation:  0.00017642974853515625
----------------------check_connections_block total spend ----------------------------- 0.0042192935943603516
generate_one_block  0.0013670921325683594
generate_one_block  0.00141143798828125
generate_one_block  0.001531362533569336
generate_one_block  0.0011980533599853516
generate_one_block  0.0012791156768798828
generate_one_block  0.0012969970703125
generate_one_block  0.001270294189453125
generate_one_block  0.001190185546875
The real block id is  2
get_global_graph_edges_ids_block function  spend 0.0006704330444335938
gen group dst list time:  0.00010848045349121094
time for parepare:  0.00022411346435546875
local_output_nid generation:  3.4809112548828125e-05
local_in_edges_tensor generation:  0.0002598762512207031
mini_batch_src_global generation:  0.0001246929168701172
r_  generation:  0.0008554458618164062
local_output_nid generation:  4.887580871582031e-05
local_in_edges_tensor generation:  0.00019121170043945312
mini_batch_src_global generation:  0.00012993812561035156
r_  generation:  0.0009958744049072266
local_output_nid generation:  5.555152893066406e-05
local_in_edges_tensor generation:  0.00019860267639160156
mini_batch_src_global generation:  0.0001385211944580078
r_  generation:  0.0011441707611083984
local_output_nid generation:  2.765655517578125e-05
local_in_edges_tensor generation:  0.00015616416931152344
mini_batch_src_global generation:  9.250640869140625e-05
r_  generation:  0.0005602836608886719
local_output_nid generation:  3.600120544433594e-05
local_in_edges_tensor generation:  0.00016736984252929688
mini_batch_src_global generation:  8.130073547363281e-05
r_  generation:  0.0007078647613525391
local_output_nid generation:  3.814697265625e-05
local_in_edges_tensor generation:  0.00017523765563964844
mini_batch_src_global generation:  9.036064147949219e-05
r_  generation:  0.0007996559143066406
local_output_nid generation:  3.0279159545898438e-05
local_in_edges_tensor generation:  0.0001633167266845703
mini_batch_src_global generation:  8.511543273925781e-05
r_  generation:  0.0006902217864990234
local_output_nid generation:  3.0517578125e-05
local_in_edges_tensor generation:  0.00016379356384277344
mini_batch_src_global generation:  8.20159912109375e-05
r_  generation:  0.0006711483001708984
----------------------check_connections_block total spend ----------------------------- 0.011078834533691406
generate_one_block  0.0021009445190429688
generate_one_block  0.002204418182373047
generate_one_block  0.0021576881408691406
generate_one_block  0.0015399456024169922
generate_one_block  0.0016973018646240234
generate_one_block  0.0017955303192138672
generate_one_block  0.0016887187957763672
generate_one_block  0.0017504692077636719
The real block id is  1
get_global_graph_edges_ids_block function  spend 0.0007345676422119141
gen group dst list time:  0.0002028942108154297
time for parepare:  0.0001964569091796875
local_output_nid generation:  8.130073547363281e-05
local_in_edges_tensor generation:  0.00036907196044921875
mini_batch_src_global generation:  0.00018739700317382812
r_  generation:  0.0018961429595947266
local_output_nid generation:  0.00010061264038085938
local_in_edges_tensor generation:  0.000274658203125
mini_batch_src_global generation:  0.0002319812774658203
r_  generation:  0.0021638870239257812
local_output_nid generation:  0.00010943412780761719
local_in_edges_tensor generation:  0.0002818107604980469
mini_batch_src_global generation:  0.00022172927856445312
r_  generation:  0.0022726058959960938
local_output_nid generation:  8.058547973632812e-05
local_in_edges_tensor generation:  0.00023365020751953125
mini_batch_src_global generation:  0.00016736984252929688
r_  generation:  0.001649618148803711
local_output_nid generation:  7.963180541992188e-05
local_in_edges_tensor generation:  0.00023484230041503906
mini_batch_src_global generation:  0.00015664100646972656
r_  generation:  0.0016279220581054688
local_output_nid generation:  8.702278137207031e-05
local_in_edges_tensor generation:  0.00024962425231933594
mini_batch_src_global generation:  0.0001697540283203125
r_  generation:  0.0018503665924072266
local_output_nid generation:  8.487701416015625e-05
local_in_edges_tensor generation:  0.0002484321594238281
mini_batch_src_global generation:  0.00016570091247558594
r_  generation:  0.0018162727355957031
local_output_nid generation:  7.486343383789062e-05
local_in_edges_tensor generation:  0.0002262592315673828
mini_batch_src_global generation:  0.0001678466796875
r_  generation:  0.0014007091522216797
----------------------check_connections_block total spend ----------------------------- 0.022735118865966797
generate_one_block  0.0031201839447021484
generate_one_block  0.0031070709228515625
generate_one_block  0.003256082534790039
generate_one_block  0.0026657581329345703
generate_one_block  0.002633333206176758
generate_one_block  0.002811908721923828
generate_one_block  0.002801656723022461
generate_one_block  0.0025937557220458984
The real block id is  0
get_global_graph_edges_ids_block function  spend 0.0007386207580566406
gen group dst list time:  0.0003883838653564453
time for parepare:  0.00021791458129882812
local_output_nid generation:  0.00012993812561035156
local_in_edges_tensor generation:  0.00045180320739746094
mini_batch_src_global generation:  0.00022554397583007812
r_  generation:  0.0026984214782714844
local_output_nid generation:  0.0001461505889892578
local_in_edges_tensor generation:  0.00034356117248535156
mini_batch_src_global generation:  0.0002913475036621094
r_  generation:  0.0028791427612304688
local_output_nid generation:  0.00015044212341308594
local_in_edges_tensor generation:  0.0003540515899658203
mini_batch_src_global generation:  0.0002579689025878906
r_  generation:  0.0029404163360595703
local_output_nid generation:  0.00014543533325195312
local_in_edges_tensor generation:  0.00032067298889160156
mini_batch_src_global generation:  0.00023674964904785156
r_  generation:  0.002669811248779297
local_output_nid generation:  0.0001430511474609375
local_in_edges_tensor generation:  0.00031495094299316406
mini_batch_src_global generation:  0.00022840499877929688
r_  generation:  0.0025904178619384766
local_output_nid generation:  0.00013399124145507812
local_in_edges_tensor generation:  0.0003249645233154297
mini_batch_src_global generation:  0.00023794174194335938
r_  generation:  0.0024461746215820312
local_output_nid generation:  0.0001285076141357422
local_in_edges_tensor generation:  0.0002923011779785156
mini_batch_src_global generation:  0.00022745132446289062
r_  generation:  0.0024695396423339844
local_output_nid generation:  0.000118255615234375
local_in_edges_tensor generation:  0.0002758502960205078
mini_batch_src_global generation:  0.0002067089080810547
r_  generation:  0.002234220504760742
----------------------check_connections_block total spend ----------------------------- 0.03171682357788086
generate_one_block  0.003938198089599609
generate_one_block  0.004159212112426758
generate_one_block  0.0038421154022216797
generate_one_block  0.003903627395629883
generate_one_block  0.003566741943359375
generate_one_block  0.003657817840576172
generate_one_block  0.0037088394165039062
generate_one_block  0.003481149673461914
-----------------------------------------after block dataloader generation 
 Nvidia-smi: 1.2889404296875 GB
    Memory Allocated: 0.015224933624267578  GigaBytes
Max Memory Allocated: 0.025742053985595703  GigaBytes

connection checking time:  0.06975007057189941
block generation total time  0.07872700691223145
average batch blocks generation time:  0.00984087586402893
block dataloader generation time/epoch 0.17879509925842285
----------------------------------------before batch_pred = model(blocks, batch_inputs) 
 Nvidia-smi: 1.2889404296875 GB
    Memory Allocated: 0.014914989471435547  GigaBytes
Max Memory Allocated: 0.026506423950195312  GigaBytes

torch.Size([2182, 1433])
torch.Size([1821, 64])
torch.Size([1128, 64])
torch.Size([450, 64])
-----------------------------------------batch_pred = model(blocks, batch_inputs) 
 Nvidia-smi: 1.2889404296875 GB
    Memory Allocated: 0.0181884765625  GigaBytes
Max Memory Allocated: 0.026506423950195312  GigaBytes

----------------------------------------before batch_pred = model(blocks, batch_inputs) 
 Nvidia-smi: 1.2889404296875 GB
    Memory Allocated: 0.015447139739990234  GigaBytes
Max Memory Allocated: 0.026955127716064453  GigaBytes

torch.Size([2279, 1433])
torch.Size([1945, 64])
torch.Size([1294, 64])
torch.Size([509, 64])
-----------------------------------------batch_pred = model(blocks, batch_inputs) 
 Nvidia-smi: 1.2889404296875 GB
    Memory Allocated: 0.019084453582763672  GigaBytes
Max Memory Allocated: 0.026955127716064453  GigaBytes

----------------------------------------before batch_pred = model(blocks, batch_inputs) 
 Nvidia-smi: 1.2889404296875 GB
    Memory Allocated: 0.015565872192382812  GigaBytes
Max Memory Allocated: 0.02758502960205078  GigaBytes

torch.Size([2300, 1433])
torch.Size([1995, 64])
torch.Size([1404, 64])
torch.Size([605, 64])
-----------------------------------------batch_pred = model(blocks, batch_inputs) 
 Nvidia-smi: 1.2889404296875 GB
    Memory Allocated: 0.01946401596069336  GigaBytes
Max Memory Allocated: 0.02758502960205078  GigaBytes

----------------------------------------before batch_pred = model(blocks, batch_inputs) 
 Nvidia-smi: 1.2908935546875 GB
    Memory Allocated: 0.015086650848388672  GigaBytes
Max Memory Allocated: 0.02758502960205078  GigaBytes

torch.Size([2217, 1433])
torch.Size([1766, 64])
torch.Size([934, 64])
torch.Size([257, 64])
-----------------------------------------batch_pred = model(blocks, batch_inputs) 
 Nvidia-smi: 1.2908935546875 GB
    Memory Allocated: 0.017878055572509766  GigaBytes
Max Memory Allocated: 0.02758502960205078  GigaBytes

----------------------------------------before batch_pred = model(blocks, batch_inputs) 
 Nvidia-smi: 1.2908935546875 GB
    Memory Allocated: 0.01508188247680664  GigaBytes
Max Memory Allocated: 0.02758502960205078  GigaBytes

torch.Size([2216, 1433])
torch.Size([1701, 64])
torch.Size([961, 64])
torch.Size([374, 64])
-----------------------------------------batch_pred = model(blocks, batch_inputs) 
 Nvidia-smi: 1.2908935546875 GB
    Memory Allocated: 0.017984867095947266  GigaBytes
Max Memory Allocated: 0.02758502960205078  GigaBytes

----------------------------------------before batch_pred = model(blocks, batch_inputs) 
 Nvidia-smi: 1.2908935546875 GB
    Memory Allocated: 0.015210151672363281  GigaBytes
Max Memory Allocated: 0.02758502960205078  GigaBytes

torch.Size([2238, 1433])
torch.Size([1827, 64])
torch.Size([1093, 64])
torch.Size([438, 64])
-----------------------------------------batch_pred = model(blocks, batch_inputs) 
 Nvidia-smi: 1.2908935546875 GB
    Memory Allocated: 0.018426895141601562  GigaBytes
Max Memory Allocated: 0.02758502960205078  GigaBytes

----------------------------------------before batch_pred = model(blocks, batch_inputs) 
 Nvidia-smi: 1.2908935546875 GB
    Memory Allocated: 0.015260696411132812  GigaBytes
Max Memory Allocated: 0.02758502960205078  GigaBytes

torch.Size([2248, 1433])
torch.Size([1823, 64])
torch.Size([1036, 64])
torch.Size([338, 64])Using backend: pytorch

-----------------------------------------batch_pred = model(blocks, batch_inputs) 
 Nvidia-smi: 1.2908935546875 GB
    Memory Allocated: 0.018318653106689453  GigaBytes
Max Memory Allocated: 0.02758502960205078  GigaBytes

----------------------------------------before batch_pred = model(blocks, batch_inputs) 
 Nvidia-smi: 1.2908935546875 GB
    Memory Allocated: 0.014967918395996094  GigaBytes
Max Memory Allocated: 0.02758502960205078  GigaBytes

torch.Size([2109, 1433])
torch.Size([1630, 64])
torch.Size([890, 64])
torch.Size([343, 64])
-----------------------------------------batch_pred = model(blocks, batch_inputs) 
 Nvidia-smi: 1.2908935546875 GB
    Memory Allocated: 0.01767873764038086  GigaBytes
Max Memory Allocated: 0.02758502960205078  GigaBytes

times | data loading | block to device | model prediction | loss calculation | loss backward |  optimizer step |
      |0.0032603442668914795 |0.000743567943572998 |0.005476653575897217 |0.00011429190635681152 |0.003554046154022217 |0.002313375473022461 |
----------------------------------------------------------pseudo_mini_loss sum 3.3021297454833984
Total (block generation + training)time/epoch 0.29485654830932617
Training time/epoch 0.11578106880187988
Training time without block to device /epoch 0.1098325252532959
Training time without total dataloading part /epoch 0.07547330856323242
load block tensor time/epoch 0.026082754135131836
block to device time/epoch 0.005948543548583984
input features size transfer per epoch 1.0728836059570312e-06
blocks size to device per epoch 9.5367431640625e-07
 Run 0| Epoch 1 |
Number of nodes for computation during this epoch:  45100
Number of first layer input nodes during this epoch:  17789
