main start at this time 1648530499.5435846
-----------------------------------------before load data 
 Nvidia-smi: 0.1717529296875 GB
    Memory Allocated: 0.0  GigaBytes
Max Memory Allocated: 0.0  GigaBytes

  NumNodes: 19717
  NumEdges: 88651
  NumFeats: 500
  NumClasses: 3
  NumTrainingSamples: 60
  NumValidationSamples: 500
  NumTestSamples: 1000
Done loading data from cached files.
success----------------------------------------
60
500
19157
# Nodes: 19717
# Edges: 88648
# Train: 60
# Val: 500
# Test: 19157
# Classes: 3

in feats:  500
----------------------------------------before generate_dataloader_block 
 Nvidia-smi: 1.0174560546875 GB
    Memory Allocated: 0.00014257431030273438  GigaBytes
Max Memory Allocated: 0.00014257431030273438  GigaBytes

The real block id is  3
get_global_graph_edges_ids_block function  spend 0.0036878585815429688
random selection method range initialization spend 0.00019025802612304688
time for parepare:  4.267692565917969e-05
local_output_nid generation:  2.0265579223632812e-05
local_in_edges_tensor generation:  0.00018644332885742188
mini_batch_src_global generation:  2.6226043701171875e-05
r_  generation:  0.0011949539184570312
local_output_nid generation:  6.4373016357421875e-06
local_in_edges_tensor generation:  0.00013446807861328125
mini_batch_src_global generation:  2.4318695068359375e-05
r_  generation:  2.6941299438476562e-05
local_output_nid generation:  5.245208740234375e-06
local_in_edges_tensor generation:  0.00011301040649414062
mini_batch_src_global generation:  1.52587890625e-05
r_  generation:  2.4080276489257812e-05
local_output_nid generation:  4.76837158203125e-06
local_in_edges_tensor generation:  9.608268737792969e-05
mini_batch_src_global generation:  1.4543533325195312e-05
r_  generation:  1.811981201171875e-05
local_output_nid generation:  4.291534423828125e-06
local_in_edges_tensor generation:  9.417533874511719e-05
mini_batch_src_global generation:  1.4066696166992188e-05
r_  generation:  2.0265579223632812e-05
local_output_nid generation:  4.0531158447265625e-06
local_in_edges_tensor generation:  9.298324584960938e-05
mini_batch_src_global generation:  1.52587890625e-05
r_  generation:  2.4080276489257812e-05
local_output_nid generation:  4.291534423828125e-06
local_in_edges_tensor generation:  9.250640869140625e-05
mini_batch_src_global generation:  1.52587890625e-05
r_  generation:  2.5272369384765625e-05
local_output_nid generation:  3.337860107421875e-06
local_in_edges_tensor generation:  9.560585021972656e-05
mini_batch_src_global generation:  1.5497207641601562e-05
r_  generation:  2.6226043701171875e-05
----------------------check_connections_block total spend ----------------------------- 0.002840757369995117
generate_one_block  0.0012464523315429688
generate_one_block  0.0010418891906738281
generate_one_block  0.0010190010070800781
generate_one_block  0.0010075569152832031
generate_one_block  0.0010051727294921875
generate_one_block  0.0010478496551513672
generate_one_block  0.0010051727294921875
generate_one_block  0.00103759765625
The real block id is  2
get_global_graph_edges_ids_block function  spend 0.0015614032745361328
gen group dst list time:  4.9591064453125e-05
time for parepare:  0.0002257823944091797
local_output_nid generation:  8.58306884765625e-06
local_in_edges_tensor generation:  0.0002315044403076172
mini_batch_src_global generation:  4.220008850097656e-05
r_  generation:  0.0003147125244140625
local_output_nid generation:  5.0067901611328125e-06
local_in_edges_tensor generation:  0.00012254714965820312
mini_batch_src_global generation:  3.838539123535156e-05
r_  generation:  0.0001323223114013672
local_output_nid generation:  4.76837158203125e-06
local_in_edges_tensor generation:  0.00011277198791503906
mini_batch_src_global generation:  3.123283386230469e-05
r_  generation:  0.000171661376953125
local_output_nid generation:  4.0531158447265625e-06
local_in_edges_tensor generation:  0.00010943412780761719
mini_batch_src_global generation:  2.5510787963867188e-05
r_  generation:  9.846687316894531e-05
local_output_nid generation:  4.76837158203125e-06
local_in_edges_tensor generation:  0.0001068115234375
mini_batch_src_global generation:  2.384185791015625e-05
r_  generation:  0.00010895729064941406
local_output_nid generation:  5.7220458984375e-06
local_in_edges_tensor generation:  0.00010848045349121094
mini_batch_src_global generation:  3.600120544433594e-05
r_  generation:  0.0002429485321044922
local_output_nid generation:  5.0067901611328125e-06
local_in_edges_tensor generation:  0.0001392364501953125
mini_batch_src_global generation:  3.1948089599609375e-05
r_  generation:  0.00012755393981933594
local_output_nid generation:  5.0067901611328125e-06
local_in_edges_tensor generation:  0.00011324882507324219
mini_batch_src_global generation:  2.5510787963867188e-05
r_  generation:  0.0001285076141357422
----------------------check_connections_block total spend ----------------------------- 0.003457307815551758
generate_one_block  0.0014789104461669922
generate_one_block  0.0011725425720214844
generate_one_block  0.001285552978515625
generate_one_block  0.0011310577392578125
generate_one_block  0.0011315345764160156
generate_one_block  0.0013782978057861328
generate_one_block  0.0012023448944091797
generate_one_block  0.0011410713195800781
The real block id is  1
get_global_graph_edges_ids_block function  spend 0.0011813640594482422
gen group dst list time:  9.274482727050781e-05
time for parepare:  0.0007579326629638672
local_output_nid generation:  4.76837158203125e-05
local_in_edges_tensor generation:  0.0003490447998046875
mini_batch_src_global generation:  0.0001735687255859375
r_  generation:  0.002046346664428711
local_output_nid generation:  2.9802322387695312e-05
local_in_edges_tensor generation:  0.000171661376953125
mini_batch_src_global generation:  0.00014972686767578125
r_  generation:  0.0008976459503173828
local_output_nid generation:  4.00543212890625e-05
local_in_edges_tensor generation:  0.00018143653869628906
mini_batch_src_global generation:  0.00012683868408203125
r_  generation:  0.0011630058288574219
local_output_nid generation:  2.002716064453125e-05
local_in_edges_tensor generation:  0.0001475811004638672
mini_batch_src_global generation:  7.724761962890625e-05
r_  generation:  0.00044655799865722656
local_output_nid generation:  2.288818359375e-05
local_in_edges_tensor generation:  0.00014829635620117188
mini_batch_src_global generation:  6.818771362304688e-05
r_  generation:  0.0005967617034912109
local_output_nid generation:  4.458427429199219e-05
local_in_edges_tensor generation:  0.00019240379333496094
mini_batch_src_global generation:  0.00018286705017089844
r_  generation:  0.001966238021850586
local_output_nid generation:  2.4557113647460938e-05
local_in_edges_tensor generation:  0.00017976760864257812
mini_batch_src_global generation:  0.00012350082397460938
r_  generation:  0.00080108642578125
local_output_nid generation:  1.9550323486328125e-05
local_in_edges_tensor generation:  0.00015115737915039062
mini_batch_src_global generation:  8.463859558105469e-05
r_  generation:  0.0007040500640869141
----------------------check_connections_block total spend ----------------------------- 0.01442098617553711
generate_one_block  0.003810405731201172
generate_one_block  0.002053976058959961
generate_one_block  0.002446413040161133
generate_one_block  0.0014803409576416016
generate_one_block  0.0017385482788085938
generate_one_block  0.0035495758056640625
generate_one_block  0.0019123554229736328
generate_one_block  0.0018105506896972656
The real block id is  0
get_global_graph_edges_ids_block function  spend 0.002034902572631836
gen group dst list time:  0.0002560615539550781
time for parepare:  0.0014274120330810547
local_output_nid generation:  0.0002117156982421875
local_in_edges_tensor generation:  0.0008032321929931641
mini_batch_src_global generation:  0.0008993148803710938
r_  generation:  0.007540225982666016
local_output_nid generation:  0.0001392364501953125
local_in_edges_tensor generation:  0.0003609657287597656
mini_batch_src_global generation:  0.0006551742553710938
r_  generation:  0.004805564880371094
local_output_nid generation:  0.00017118453979492188
local_in_edges_tensor generation:  0.00041174888610839844
mini_batch_src_global generation:  0.0006301403045654297
r_  generation:  0.0061092376708984375
local_output_nid generation:  6.794929504394531e-05
local_in_edges_tensor generation:  0.00021719932556152344
mini_batch_src_global generation:  0.0003032684326171875
r_  generation:  0.002056121826171875
local_output_nid generation:  0.0001010894775390625
local_in_edges_tensor generation:  0.0002658367156982422
mini_batch_src_global generation:  0.0002911090850830078
r_  generation:  0.003390073776245117
local_output_nid generation:  0.00022602081298828125
local_in_edges_tensor generation:  0.0006673336029052734
mini_batch_src_global generation:  0.0006685256958007812
r_  generation:  0.007565975189208984
local_output_nid generation:  0.0001227855682373047
local_in_edges_tensor generation:  0.00030159950256347656
mini_batch_src_global generation:  0.0004763603210449219
r_  generation:  0.003984212875366211
local_output_nid generation:  0.00011467933654785156
local_in_edges_tensor generation:  0.0003001689910888672
mini_batch_src_global generation:  0.00040268898010253906
r_  generation:  0.0039424896240234375
----------------------check_connections_block total spend ----------------------------- 0.059992074966430664
generate_one_block  0.011367321014404297
generate_one_block  0.00814509391784668
generate_one_block  0.009351730346679688
generate_one_block  0.0036499500274658203
generate_one_block  0.0057735443115234375
generate_one_block  0.011614084243774414
generate_one_block  0.006075382232666016
generate_one_block  0.006136417388916016
-----------------------------------------after block dataloader generation 
 Nvidia-smi: 1.0174560546875 GB
    Memory Allocated: 0.00014257431030273438  GigaBytes
Max Memory Allocated: 0.00014257431030273438  GigaBytes

connection checking time:  0.07787036895751953
block generation total time  0.09083700180053711
average batch blocks generation time:  0.011354625225067139
----------------------------------------before batch_pred = model(blocks, batch_inputs) 
 Nvidia-smi: 1.0994873046875 GB
    Memory Allocated: 0.016051769256591797  GigaBytes
Max Memory Allocated: 0.016051769256591797  GigaBytes

torch.Size([8400, 500])
torch.Size([2939, 32])
torch.Size([644, 32])
-----------------------------------------batch_pred = model(blocks, batch_inputs) 
 Nvidia-smi: 1.2615966796875 GB
    Memory Allocated: 0.017858028411865234  GigaBytes
Max Memory Allocated: 0.019257068634033203  GigaBytes

----------------------------------------before batch_pred = model(blocks, batch_inputs) 
 Nvidia-smi: 1.2772216796875 GB
    Memory Allocated: 0.01410818099975586  GigaBytes
Max Memory Allocated: 0.029601573944091797  GigaBytes

torch.Size([7160, 500])
torch.Size([1519, 32])
torch.Size([317, 32])
-----------------------------------------batch_pred = model(blocks, batch_inputs) 
 Nvidia-smi: 1.2772216796875 GB
    Memory Allocated: 0.015050888061523438  GigaBytes
Max Memory Allocated: 0.029601573944091797  GigaBytes

----------------------------------------before batch_pred = model(blocks, batch_inputs) 
 Nvidia-smi: 1.2772216796875 GB
    Memory Allocated: 0.018068790435791016  GigaBytes
Max Memory Allocated: 0.031533241271972656  GigaBytes

torch.Size([9301, 500])
torch.Size([2021, 32])
torch.Size([444, 32])
-----------------------------------------batch_pred = model(blocks, batch_inputs) 
 Nvidia-smi: 1.2772216796875 GB
    Memory Allocated: 0.019330978393554688  GigaBytes
Max Memory Allocated: 0.031533241271972656  GigaBytes

----------------------------------------before batch_pred = model(blocks, batch_inputs) 
 Nvidia-smi: 1.2772216796875 GB
    Memory Allocated: 0.007751941680908203  GigaBytes
Max Memory Allocated: 0.031533241271972656  GigaBytes

torch.Size([3975, 500])
torch.Size([757, 32])
torch.Size([208, 32])
-----------------------------------------batch_pred = model(blocks, batch_inputs) 
 Nvidia-smi: 1.2772216796875 GB
    Memory Allocated: 0.00824594497680664  GigaBytes
Max Memory Allocated: 0.031533241271972656  GigaBytes

----------------------------------------before batch_pred = model(blocks, batch_inputs) 
 Nvidia-smi: 1.2772216796875 GB
    Memory Allocated: 0.010992050170898438  GigaBytes
Max Memory Allocated: 0.031533241271972656  GigaBytes

torch.Size([5691, 500])
torch.Size([1158, 32])
torch.Size([245, 32])
-----------------------------------------batch_pred = model(blocks, batch_inputs) 
 Nvidia-smi: 1.2772216796875 GB
    Memory Allocated: 0.011711597442626953  GigaBytes
Max Memory Allocated: 0.031533241271972656  GigaBytes

----------------------------------------before batch_pred = model(blocks, batch_inputs) 
 Nvidia-smi: 1.2947998046875 GB
    Memory Allocated: 0.01813650131225586  GigaBytes
Max Memory Allocated: 0.031533241271972656  GigaBytes

torch.Size([9068, 500])
torch.Size([2867, 32])
torch.Size([551, 32])
-----------------------------------------batch_pred = model(blocks, batch_inputs) 
 Nvidia-smi: 1.2947998046875 GB
    Memory Allocated: 0.019859790802001953  GigaBytes
Max Memory Allocated: 0.031533241271972656  GigaBytes

----------------------------------------before batch_pred = model(blocks, batch_inputs) 
 Nvidia-smi: 1.2947998046875 GB
    Memory Allocated: 0.011993408203125  GigaBytes
Max Memory Allocated: 0.031533241271972656  GigaBytes

torch.Size([6219, 500])
torch.Size([1519, 32])
torch.Size([283, 32])
-----------------------------------------batch_pred = model(blocks, batch_inputs) 
 Nvidia-smi: 1.2947998046875 GB
    Memory Allocated: 0.01289510726928711  GigaBytes
Max Memory Allocated: 0.031533241271972656  GigaBytes

----------------------------------------before batch_pred = model(blocks, batch_inputs) 
 Nvidia-smi: 1.2947998046875 GB
    Memory Allocated: 0.010288238525390625  GigaBytes
Max Memory Allocated: 0.031533241271972656  GigaBytes

torch.Size([5303, 500])
torch.Size([1406, 32])
torch.Size([224, 32])
-----------------------------------------batch_pred = model(blocks, batch_inputs) 
 Nvidia-smi: 1.2947998046875 GB
    Memory Allocated: 0.011116981506347656  GigaBytes
Max Memory Allocated: 0.031533241271972656  GigaBytes

times | data loading | block to device | model prediction | loss calculation | loss backward |  optimizer step |
      |0.006510108709335327 |0.04317250847816467 |0.1007567048072815 |0.0001722872257232666 |0.003527134656906128 |0.0025870800018310547 |
----------------------------------------------------------pseudo_mini_loss sum 2.1217522621154785
 Run 0| Epoch 0 |
Number of nodes for computation during this epoch:  72576
Number of first layer input nodes during this epoch:  55117
----------------------------------------before generate_dataloader_block 
 Nvidia-smi: 1.2947998046875 GB
    Memory Allocated: 0.010853767395019531  GigaBytes
Max Memory Allocated: 0.031533241271972656  GigaBytes

The real block id is  3
get_global_graph_edges_ids_block function  spend 0.0004639625549316406
random selection method range initialization spend 0.00010728836059570312
time for parepare:  4.601478576660156e-05
local_output_nid generation:  5.7220458984375e-06
local_in_edges_tensor generation:  0.0001628398895263672
mini_batch_src_global generation:  2.3365020751953125e-05
r_  generation:  3.743171691894531e-05
local_output_nid generation:  4.5299530029296875e-06
local_in_edges_tensor generation:  0.00010204315185546875
mini_batch_src_global generation:  1.6927719116210938e-05
r_  generation:  3.0994415283203125e-05
local_output_nid generation:  4.0531158447265625e-06
local_in_edges_tensor generation:  9.72747802734375e-05
mini_batch_src_global generation:  1.4543533325195312e-05
r_  generation:  2.288818359375e-05
local_output_nid generation:  4.291534423828125e-06
local_in_edges_tensor generation:  9.608268737792969e-05
mini_batch_src_global generation:  1.52587890625e-05
r_  generation:  2.9087066650390625e-05
local_output_nid generation:  4.0531158447265625e-06
local_in_edges_tensor generation:  9.512901306152344e-05
mini_batch_src_global generation:  1.5497207641601562e-05
r_  generation:  2.5033950805664062e-05
local_output_nid generation:  4.0531158447265625e-06
local_in_edges_tensor generation:  0.0001087188720703125
mini_batch_src_global generation:  1.8596649169921875e-05
r_  generation:  2.1457672119140625e-05
local_output_nid generation:  4.5299530029296875e-06
local_in_edges_tensor generation:  0.0003094673156738281
mini_batch_src_global generation:  2.0742416381835938e-05
r_  generation:  2.0265579223632812e-05
local_output_nid generation:  4.0531158447265625e-06
local_in_edges_tensor generation:  0.000110626220703125
mini_batch_src_global generation:  1.5735626220703125e-05
r_  generation:  2.5987625122070312e-05
----------------------check_connections_block total spend ----------------------------- 0.0018837451934814453
generate_one_block  0.001378774642944336
generate_one_block  0.001016855239868164
generate_one_block  0.0010027885437011719
generate_one_block  0.0010387897491455078
generate_one_block  0.0009980201721191406
generate_one_block  0.0009605884552001953
generate_one_block  0.0010066032409667969
generate_one_block  0.0010077953338623047
The real block id is  2
get_global_graph_edges_ids_block function  spend 0.0004990100860595703
gen group dst list time:  4.7206878662109375e-05
time for parepare:  0.0002276897430419922
local_output_nid generation:  6.4373016357421875e-06
local_in_edges_tensor generation:  0.0001704692840576172
mini_batch_src_global generation:  3.4809112548828125e-05
r_  generation:  0.0001900196075439453
local_output_nid generation:  5.9604644775390625e-06
local_in_edges_tensor generation:  0.00011110305786132812
mini_batch_src_global generation:  3.24249267578125e-05
r_  generation:  0.00015687942504882812
local_output_nid generation:  5.0067901611328125e-06
local_in_edges_tensor generation:  0.00010561943054199219
mini_batch_src_global generation:  2.6702880859375e-05
r_  generation:  0.00012135505676269531
local_output_nid generation:  7.152557373046875e-06
local_in_edges_tensor generation:  0.00011014938354492188
mini_batch_src_global generation:  8.678436279296875e-05
r_  generation:  0.00036787986755371094
local_output_nid generation:  6.9141387939453125e-06
local_in_edges_tensor generation:  0.0001220703125
mini_batch_src_global generation:  4.1961669921875e-05
r_  generation:  0.00021219253540039062
local_output_nid generation:  4.0531158447265625e-06
local_in_edges_tensor generation:  0.00011229515075683594
mini_batch_src_global generation:  3.504753112792969e-05
r_  generation:  9.417533874511719e-05
local_output_nid generation:  3.5762786865234375e-06
local_in_edges_tensor generation:  9.942054748535156e-05
mini_batch_src_global generation:  2.0265579223632812e-05
r_  generation:  6.270408630371094e-05
local_output_nid generation:  5.0067901611328125e-06
local_in_edges_tensor generation:  9.918212890625e-05
mini_batch_src_global generation:  2.1696090698242188e-05
r_  generation:  0.00010514259338378906
----------------------check_connections_block total spend ----------------------------- 0.0033643245697021484
generate_one_block  0.00121307373046875
generate_one_block  0.0012845993041992188
generate_one_block  0.001173257827758789
generate_one_block  0.001390695571899414
generate_one_block  0.0012669563293457031
generate_one_block  0.0011119842529296875
generate_one_block  0.0010673999786376953
generate_one_block  0.0011320114135742188
The real block id is  1
get_global_graph_edges_ids_block function  spend 0.0011334419250488281
gen group dst list time:  9.250640869140625e-05
time for parepare:  0.0007708072662353516
local_output_nid generation:  3.266334533691406e-05
local_in_edges_tensor generation:  0.0002663135528564453
mini_batch_src_global generation:  0.00010395050048828125
r_  generation:  0.0008509159088134766
local_output_nid generation:  3.147125244140625e-05
local_in_edges_tensor generation:  0.0001862049102783203
mini_batch_src_global generation:  0.0001289844512939453
r_  generation:  0.0009250640869140625
local_output_nid generation:  2.956390380859375e-05
local_in_edges_tensor generation:  0.00015854835510253906
mini_batch_src_global generation:  0.0001125335693359375
r_  generation:  0.0008969306945800781
local_output_nid generation:  5.7220458984375e-05
local_in_edges_tensor generation:  0.0002288818359375
mini_batch_src_global generation:  0.00024890899658203125
r_  generation:  0.002351999282836914
local_output_nid generation:  4.410743713378906e-05
local_in_edges_tensor generation:  0.00018525123596191406
mini_batch_src_global generation:  0.00016570091247558594
r_  generation:  0.0012083053588867188
local_output_nid generation:  2.1457672119140625e-05
local_in_edges_tensor generation:  0.00015616416931152344
mini_batch_src_global generation:  0.00010609626770019531
r_  generation:  0.0007879734039306641
local_output_nid generation:  1.3828277587890625e-05
local_in_edges_tensor generation:  0.0001323223114013672
mini_batch_src_global generation:  5.9604644775390625e-05
r_  generation:  0.0003266334533691406
local_output_nid generation:  2.0503997802734375e-05
local_in_edges_tensor generation:  0.00016188621520996094
mini_batch_src_global generation:  7.748603820800781e-05
r_  generation:  0.0007507801055908203
----------------------check_connections_block total spend ----------------------------- 0.013918876647949219
generate_one_block  0.002153158187866211
generate_one_block  0.0020956993103027344
generate_one_block  0.0021250247955322266
generate_one_block  0.003933429718017578
generate_one_block  0.0022993087768554688
generate_one_block  0.0018794536590576172
generate_one_block  0.0014841556549072266
generate_one_block  0.0019104480743408203
The real block id is  0
get_global_graph_edges_ids_block function  spend 0.0019986629486083984
gen group dst list time:  0.00025153160095214844
time for parepare:  0.0013701915740966797
local_output_nid generation:  0.00012350082397460938
local_in_edges_tensor generation:  0.0005831718444824219
mini_batch_src_global generation:  0.0004146099090576172
r_  generation:  0.0034859180450439453
local_output_nid generation:  0.00013065338134765625
local_in_edges_tensor generation:  0.0003285408020019531
mini_batch_src_global generation:  0.0004646778106689453
r_  generation:  0.0037224292755126953
local_output_nid generation:  0.0001380443572998047
local_in_edges_tensor generation:  0.0003554821014404297
mini_batch_src_global generation:  0.00042700767517089844
r_  generation:  0.004534721374511719
local_output_nid generation:  0.0001938343048095703
local_in_edges_tensor generation:  0.0004630088806152344
mini_batch_src_global generation:  0.0007219314575195312
r_  generation:  0.006758213043212891
local_output_nid generation:  0.0001537799835205078
local_in_edges_tensor generation:  0.00035881996154785156
mini_batch_src_global generation:  0.0005137920379638672
r_  generation:  0.0048410892486572266
local_output_nid generation:  0.0001246929168701172
local_in_edges_tensor generation:  0.00032782554626464844
mini_batch_src_global generation:  0.00045490264892578125
r_  generation:  0.004435062408447266
local_output_nid generation:  6.461143493652344e-05
local_in_edges_tensor generation:  0.00020933151245117188
mini_batch_src_global generation:  0.0002903938293457031
r_  generation:  0.002206563949584961
local_output_nid generation:  0.0001499652862548828
local_in_edges_tensor generation:  0.0003292560577392578
mini_batch_src_global generation:  0.0003399848937988281
r_  generation:  0.0039234161376953125
----------------------check_connections_block total spend ----------------------------- 0.05195879936218262
generate_one_block  0.006127595901489258
generate_one_block  0.006020784378051758
generate_one_block  0.007139921188354492
generate_one_block  0.010434865951538086
generate_one_block  0.0076427459716796875
generate_one_block  0.006764650344848633
generate_one_block  0.003761768341064453
generate_one_block  0.0059473514556884766
-----------------------------------------after block dataloader generation 
 Nvidia-smi: 1.2947998046875 GB
    Memory Allocated: 0.010853767395019531  GigaBytes
Max Memory Allocated: 0.031533241271972656  GigaBytes

connection checking time:  0.06924200057983398
block generation total time  0.0813603401184082
average batch blocks generation time: Using backend: pytorch
 0.010170042514801025
block dataloader generation time/epoch 0.18180394172668457
----------------------------------------before batch_pred = model(blocks, batch_inputs) 
 Nvidia-smi: 1.2947998046875 GB
    Memory Allocated: 0.010961532592773438  GigaBytes
Max Memory Allocated: 0.031533241271972656  GigaBytes

torch.Size([5521, 500])
torch.Size([1382, 32])
torch.Size([357, 32])
-----------------------------------------batch_pred = model(blocks, batch_inputs) 
 Nvidia-smi: 1.2947998046875 GB
    Memory Allocated: 0.011853218078613281  GigaBytes
Max Memory Allocated: 0.031533241271972656  GigaBytes

----------------------------------------before batch_pred = model(blocks, batch_inputs) 
 Nvidia-smi: 1.2947998046875 GB
    Memory Allocated: 0.011368751525878906  GigaBytes
Max Memory Allocated: 0.031533241271972656  GigaBytes

torch.Size([5737, 500])
torch.Size([1651, 32])
torch.Size([352, 32])
-----------------------------------------batch_pred = model(blocks, batch_inputs) 
 Nvidia-smi: 1.2947998046875 GB
    Memory Allocated: 0.012359619140625  GigaBytes
Max Memory Allocated: 0.031533241271972656  GigaBytes

----------------------------------------before batch_pred = model(blocks, batch_inputs) 
 Nvidia-smi: 1.2947998046875 GB
    Memory Allocated: 0.01326608657836914  GigaBytes
Max Memory Allocated: 0.031533241271972656  GigaBytes

torch.Size([6742, 500])
torch.Size([1624, 32])
torch.Size([319, 32])
-----------------------------------------batch_pred = model(blocks, batch_inputs) 
 Nvidia-smi: 1.2947998046875 GB
    Memory Allocated: 0.01424551010131836  GigaBytes
Max Memory Allocated: 0.031533241271972656  GigaBytes

----------------------------------------before batch_pred = model(blocks, batch_inputs) 
 Nvidia-smi: 1.2947998046875 GB
    Memory Allocated: 0.015728473663330078  GigaBytes
Max Memory Allocated: 0.031533241271972656  GigaBytes

torch.Size([8001, 500])
torch.Size([2415, 32])
torch.Size([707, 32])
-----------------------------------------batch_pred = model(blocks, batch_inputs) 
 Nvidia-smi: 1.2947998046875 GB
    Memory Allocated: 0.017351150512695312  GigaBytes
Max Memory Allocated: 0.031533241271972656  GigaBytes

----------------------------------------before batch_pred = model(blocks, batch_inputs) 
 Nvidia-smi: 1.2947998046875 GB
    Memory Allocated: 0.015843868255615234  GigaBytes
Max Memory Allocated: 0.031533241271972656  GigaBytes

torch.Size([8117, 500])
torch.Size([1841, 32])
torch.Size([508, 32])
-----------------------------------------batch_pred = model(blocks, batch_inputs) 
 Nvidia-smi: 1.2947998046875 GB
    Memory Allocated: 0.017031192779541016  GigaBytes
Max Memory Allocated: 0.031533241271972656  GigaBytes

----------------------------------------before batch_pred = model(blocks, batch_inputs) 
 Nvidia-smi: 1.2947998046875 GB
    Memory Allocated: 0.010777473449707031  GigaBytes
Max Memory Allocated: 0.031533241271972656  GigaBytes

torch.Size([5408, 500])
torch.Size([1434, 32])
torch.Size([221, 32])
-----------------------------------------batch_pred = model(blocks, batch_inputs) 
 Nvidia-smi: 1.2947998046875 GB
    Memory Allocated: 0.011625289916992188  GigaBytes
Max Memory Allocated: 0.031533241271972656  GigaBytes

----------------------------------------before batch_pred = model(blocks, batch_inputs) 
 Nvidia-smi: 1.2947998046875 GB
    Memory Allocated: 0.007319927215576172  GigaBytes
Max Memory Allocated: 0.031533241271972656  GigaBytes

torch.Size([3593, 500])
torch.Size([654, 32])
torch.Size([137, 32])
-----------------------------------------batch_pred = model(blocks, batch_inputs) 
 Nvidia-smi: 1.2947998046875 GB
    Memory Allocated: 0.0077381134033203125  GigaBytes
Max Memory Allocated: 0.031533241271972656  GigaBytes

----------------------------------------before batch_pred = model(blocks, batch_inputs) 
 Nvidia-smi: 1.2947998046875 GB
    Memory Allocated: 0.011568546295166016  GigaBytes
Max Memory Allocated: 0.031533241271972656  GigaBytes

torch.Size([5788, 500])
torch.Size([1761, 32])
torch.Size([240, 32])
-----------------------------------------batch_pred = model(blocks, batch_inputs) 
 Nvidia-smi: 1.2947998046875 GB
    Memory Allocated: 0.012540817260742188  GigaBytes
Max Memory Allocated: 0.031533241271972656  GigaBytes

times | data loading | block to device | model prediction | loss calculation | loss backward |  optimizer step |
      |0.0035707056522369385 |0.0006743371486663818 |0.004691660404205322 |0.000122755765914917 |0.003604114055633545 |0.002015352249145508 |
----------------------------------------------------------pseudo_mini_loss sum 2.131847858428955
Total (block generation + training)time/epoch 0.29607582092285156
Training time/epoch 0.11398625373840332
Training time without block to device /epoch 0.10859155654907227
Training time without total dataloading part /epoch 0.06936359405517578
load block tensor time/epoch 0.028565645217895508
block to device time/epoch 0.005394697189331055
input features size transfer per epoch 1.0728836059570312e-06
blocks size to device per epoch 7.152557373046875e-07
 Run 0| Epoch 1 |
Number of nodes for computation during this epoch:  64867
Number of first layer input nodes during this epoch:  48907
