main start at this time 1648430620.652392
-----------------------------------------before load data 
 Nvidia-smi: 0.1717529296875 GB
    Memory Allocated: 0.0  GigaBytes
Max Memory Allocated: 0.0  GigaBytes

  NumNodes: 2708
  NumEdges: 10556
  NumFeats: 1433
  NumClasses: 7
  NumTrainingSamples: 140
  NumValidationSamples: 500
  NumTestSamples: 1000
Done loading data from cached files.
success----------------------------------------
140
500
2068
# Nodes: 2708
# Edges: 10556
# Train: 140
# Val: 500
# Test: 2068
# Classes: 7

in feats:  1433
----------------------------------------before generate_dataloader_block 
 Nvidia-smi: 1.0819091796875 GB
    Memory Allocated: 0.06502723693847656  GigaBytes
Max Memory Allocated: 0.06502723693847656  GigaBytes

The real block id is  2
get_global_graph_edges_ids_block function  spend 0.0013794898986816406
range selection method range initialization spend 0.00010967254638671875
time for parepare:  6.341934204101562e-05
local_output_nid generation:  2.2411346435546875e-05
local_in_edges_tensor generation:  0.00018906593322753906
mini_batch_src_global generation:  2.6226043701171875e-05
r_  generation:  0.0023300647735595703
local_output_nid generation:  6.9141387939453125e-06
local_in_edges_tensor generation:  0.0001285076141357422
mini_batch_src_global generation:  2.4557113647460938e-05
r_  generation:  4.291534423828125e-05
local_output_nid generation:  7.152557373046875e-06
local_in_edges_tensor generation:  0.00010395050048828125
mini_batch_src_global generation:  1.6927719116210938e-05
r_  generation:  3.504753112792969e-05
local_output_nid generation:  6.67572021484375e-06
local_in_edges_tensor generation:  0.00010180473327636719
mini_batch_src_global generation:  1.6689300537109375e-05
r_  generation:  4.506111145019531e-05
local_output_nid generation:  5.7220458984375e-06
local_in_edges_tensor generation:  9.894371032714844e-05
mini_batch_src_global generation:  1.621246337890625e-05
r_  generation:  3.3855438232421875e-05
local_output_nid generation:  6.67572021484375e-06
local_in_edges_tensor generation:  9.775161743164062e-05
mini_batch_src_global generation:  1.7404556274414062e-05
r_  generation:  4.76837158203125e-05
local_output_nid generation:  5.9604644775390625e-06
local_in_edges_tensor generation:  9.894371032714844e-05
mini_batch_src_global generation:  1.621246337890625e-05
r_  generation:  3.337860107421875e-05
local_output_nid generation:  5.245208740234375e-06
local_in_edges_tensor generation:  9.703636169433594e-05
mini_batch_src_global generation:  1.5974044799804688e-05
r_  generation:  3.504753112792969e-05
----------------------check_connections_block total spend ----------------------------- 0.0041697025299072266
generate_one_block  0.001316070556640625
generate_one_block  0.0010411739349365234
generate_one_block  0.001026153564453125
generate_one_block  0.0011146068572998047
generate_one_block  0.0010387897491455078
generate_one_block  0.001035928726196289
generate_one_block  0.0010411739349365234
generate_one_block  0.001054525375366211
The real block id is  1
get_global_graph_edges_ids_block function  spend 0.0005004405975341797
gen group dst list time:  5.745887756347656e-05
time for parepare:  0.00014019012451171875
local_output_nid generation:  1.2159347534179688e-05
local_in_edges_tensor generation:  0.00019073486328125
mini_batch_src_global generation:  4.1961669921875e-05
r_  generation:  0.00030732154846191406
local_output_nid generation:  8.58306884765625e-06
local_in_edges_tensor generation:  0.00012135505676269531
mini_batch_src_global generation:  3.695487976074219e-05
r_  generation:  0.00019788742065429688
local_output_nid generation:  7.152557373046875e-06
local_in_edges_tensor generation:  0.0001163482666015625
mini_batch_src_global generation:  2.9802322387695312e-05
r_  generation:  0.00015687942504882812
local_output_nid generation:  8.344650268554688e-06
local_in_edges_tensor generation:  0.00011610984802246094
mini_batch_src_global generation:  3.0994415283203125e-05
r_  generation:  0.00020623207092285156
local_output_nid generation:  7.152557373046875e-06
local_in_edges_tensor generation:  0.00011992454528808594
mini_batch_src_global generation:  3.361701965332031e-05
r_  generation:  0.0002040863037109375
local_output_nid generation:  1.0728836059570312e-05
local_in_edges_tensor generation:  0.00012111663818359375
mini_batch_src_global generation:  3.647804260253906e-05
r_  generation:  0.0002608299255371094
local_output_nid generation:  8.821487426757812e-06
local_in_edges_tensor generation:  0.00012826919555664062
mini_batch_src_global generation:  3.266334533691406e-05
r_  generation:  0.00019860267639160156
local_output_nid generation:  8.821487426757812e-06
local_in_edges_tensor generation:  0.00011467933654785156
mini_batch_src_global generation:  3.552436828613281e-05
r_  generation:  0.0002353191375732422
----------------------check_connections_block total spend ----------------------------- 0.003961801528930664
generate_one_block  0.0013735294342041016
generate_one_block  0.0012612342834472656
generate_one_block  0.0012373924255371094
generate_one_block  0.0012314319610595703
generate_one_block  0.0012578964233398438
generate_one_block  0.001310110092163086
generate_one_block  0.0012202262878417969
generate_one_block  0.0012896060943603516
The real block id is  0
get_global_graph_edges_ids_block function  spend 0.0007233619689941406
gen group dst list time:  0.00010228157043457031
time for parepare:  0.00017642974853515625
local_output_nid generation:  3.6716461181640625e-05
local_in_edges_tensor generation:  0.0002665519714355469
mini_batch_src_global generation:  0.00011992454528808594
r_  generation:  0.0009074211120605469
local_output_nid generation:  3.266334533691406e-05
local_in_edges_tensor generation:  0.00016546249389648438
mini_batch_src_global generation:  9.465217590332031e-05
r_  generation:  0.0006458759307861328
local_output_nid generation:  2.6464462280273438e-05
local_in_edges_tensor generation:  0.00015234947204589844
mini_batch_src_global generation:  6.842613220214844e-05
r_  generation:  0.0005486011505126953
local_output_nid generation:  3.314018249511719e-05
local_in_edges_tensor generation:  0.00016379356384277344
mini_batch_src_global generation:  8.130073547363281e-05
r_  generation:  0.0007684230804443359
local_output_nid generation:  3.170967102050781e-05
local_in_edges_tensor generation:  0.0001633167266845703
mini_batch_src_global generation:  8.511543273925781e-05
r_  generation:  0.0007450580596923828
local_output_nid generation:  3.647804260253906e-05
local_in_edges_tensor generation:  0.0001723766326904297
mini_batch_src_global generation:  9.012222290039062e-05
r_  generation:  0.0008182525634765625
local_output_nid generation:  3.123283386230469e-05
local_in_edges_tensor generation:  0.00016021728515625
mini_batch_src_global generation:  9.655952453613281e-05
r_  generation:  0.0006656646728515625
local_output_nid generation:  3.361701965332031e-05
local_in_edges_tensor generation:  0.00016689300537109375
mini_batch_src_global generation:  9.083747863769531e-05
r_  generation:  0.0007040500640869141
----------------------check_connections_block total spend ----------------------------- 0.010070323944091797
generate_one_block  0.002151012420654297
generate_one_block  0.0018701553344726562
generate_one_block  0.0015728473663330078
generate_one_block  0.0018334388732910156
generate_one_block  0.0017309188842773438
generate_one_block  0.0018510818481445312
generate_one_block  0.0018489360809326172
generate_one_block  0.0017199516296386719
-----------------------------------------after block dataloader generation 
 Nvidia-smi: 1.0819091796875 GB
    Memory Allocated: 0.06502723693847656  GigaBytes
Max Memory Allocated: 0.06502723693847656  GigaBytes

connection checking time:  0.014032125473022461
block generation total time  0.024759769439697266
average batch blocks generation time:  0.003094971179962158
----------------------------------------before batch_pred = model(blocks, batch_inputs) 
 Nvidia-smi: 1.1658935546875 GB
    Memory Allocated: 0.07179021835327148  GigaBytes
Max Memory Allocated: 0.07179021835327148  GigaBytes

torch.Size([1261, 1433])
torch.Size([537, 128])
-----------------------------------------batch_pred = model(blocks, batch_inputs) 
 Nvidia-smi: 1.5369873046875 GB
    Memory Allocated: 0.32642459869384766  GigaBytes
Max Memory Allocated: 0.33907413482666016  GigaBytes

----------------------------------------before batch_pred = model(blocks, batch_inputs) 
 Nvidia-smi: 1.6639404296875 GB
    Memory Allocated: 0.1356372833251953  GigaBytes
Max Memory Allocated: 0.44075441360473633  GigaBytes

torch.Size([1042, 1433])
torch.Size([360, 128])
-----------------------------------------batch_pred = model(blocks, batch_inputs) 
 Nvidia-smi: 1.6639404296875 GB
    Memory Allocated: 0.31022214889526367  GigaBytes
Max Memory Allocated: 0.44075441360473633  GigaBytes

----------------------------------------before batch_pred = model(blocks, batch_inputs) 
 Nvidia-smi: 1.7264404296875 GB
    Memory Allocated: 0.1350407600402832  GigaBytes
Max Memory Allocated: 0.44075441360473633  GigaBytes

torch.Size([931, 1433])
torch.Size([295, 128])
-----------------------------------------batch_pred = model(blocks, batch_inputs) 
 Nvidia-smi: 1.7264404296875 GB
    Memory Allocated: 0.27924013137817383  GigaBytes
Max Memory Allocated: 0.44075441360473633  GigaBytes

----------------------------------------before batch_pred = model(blocks, batch_inputs) 
 Nvidia-smi: 1.7264404296875 GB
    Memory Allocated: 0.13640356063842773  GigaBytes
Max Memory Allocated: 0.44075441360473633  GigaBytes

torch.Size([1185, 1433])
torch.Size([418, 128])
-----------------------------------------batch_pred = model(blocks, batch_inputs) 
 Nvidia-smi: 1.7264404296875 GB
    Memory Allocated: 0.3430652618408203  GigaBytes
Max Memory Allocated: 0.44075441360473633  GigaBytes

----------------------------------------before batch_pred = model(blocks, batch_inputs) 
 Nvidia-smi: 1.7264404296875 GB
    Memory Allocated: 0.1351633071899414  GigaBytes
Max Memory Allocated: 0.4586935043334961  GigaBytes

torch.Size([953, 1433])
torch.Size([382, 128])
-----------------------------------------batch_pred = model(blocks, batch_inputs) 
 Nvidia-smi: 1.7264404296875 GB
    Memory Allocated: 0.3229374885559082  GigaBytes
Max Memory Allocated: 0.4586935043334961  GigaBytes

----------------------------------------before batch_pred = model(blocks, batch_inputs) 
 Nvidia-smi: 1.7264404296875 GB
    Memory Allocated: 0.13570594787597656  GigaBytes
Max Memory Allocated: 0.4586935043334961  GigaBytes

torch.Size([1054, 1433])
torch.Size([452, 128])
-----------------------------------------batch_pred = model(blocks, batch_inputs) 
 Nvidia-smi: 1.7264404296875 GB
    Memory Allocated: 0.3549008369445801  GigaBytes
Max Memory Allocated: 0.4586935043334961  GigaBytes

----------------------------------------before batch_pred = model(blocks, batch_inputs) 
 Nvidia-smi: 1.7264404296875 GB
    Memory Allocated: 0.13533306121826172  GigaBytes
Max Memory Allocated: 0.46883630752563477  GigaBytes

torch.Size([985, 1433])
torch.Size([378, 128])
-----------------------------------------batch_pred = model(blocks, batch_inputs) 
 Nvidia-smi: 1.7264404296875 GB
    Memory Allocated: 0.3084068298339844  GigaBytes
Max Memory Allocated: 0.46883630752563477  GigaBytes

----------------------------------------before batch_pred = model(blocks, batch_inputs) 
 Nvidia-smi: 1.7264404296875 GB
    Memory Allocated: 0.13570308685302734  GigaBytes
Max Memory Allocated: 0.46883630752563477  GigaBytes

torch.Size([905, 1433])
torch.Size([414, 128])
-----------------------------------------batch_pred = model(blocks, batch_inputs) 
 Nvidia-smi: 1.7264404296875 GB
    Memory Allocated: 0.3235454559326172  GigaBytes
Max Memory Allocated: 0.46883630752563477  GigaBytes

times | data loading | block to device | model prediction | loss calculation | loss backward |  optimizer step |
      |0.051055729389190674 |0.043439507484436035 |0.1528199017047882 |0.00012010335922241211 |0.13259556889533997 |0.01454472541809082 |
----------------------------------------------------------pseudo_mini_loss sum 3.105081081390381
 Run 0| Epoch 0 |
Number of nodes for computation during this epoch:  12297
Number of first layer input nodes during this epoch:  8316
----------------------------------------before generate_dataloader_block 
 Nvidia-smi: 1.8514404296875 GB
    Memory Allocated: 0.26578617095947266  GigaBytes
Max Memory Allocated: 0.46883630752563477  GigaBytes

The real block id is  2
get_global_graph_edges_ids_block function  spend 0.0009708404541015625
range selection method range initialization spend 0.00012302398681640625
time for parepare:  0.00014495849609375
local_output_nid generation:  1.6927719116210938e-05
local_in_edges_tensor generation:  0.00033020973205566406
mini_batch_src_global generation:  4.57763671875e-05
r_  generation:  0.00010347366333007812
local_output_nid generation:  1.621246337890625e-05
local_in_edges_tensor generation:  0.0002300739288330078
mini_batch_src_global generation:  3.981590270996094e-05
r_  generation:  9.322166442871094e-05
local_output_nid generation:  1.5974044799804688e-05
local_in_edges_tensor generation:  0.00022172927856445312
mini_batch_src_global generation:  3.814697265625e-05
r_  generation:  0.00010967254638671875
local_output_nid generation:  1.2636184692382812e-05
local_in_edges_tensor generation:  0.00021791458129882812
mini_batch_src_global generation:  3.814697265625e-05
r_  generation:  0.000102996826171875
local_output_nid generation:  1.4066696166992188e-05
local_in_edges_tensor generation:  0.00021839141845703125
mini_batch_src_global generation:  3.6716461181640625e-05
r_  generation:  6.222724914550781e-05
local_output_nid generation:  8.58306884765625e-06
local_in_edges_tensor generation:  0.00014734268188476562
mini_batch_src_global generation:  2.4318695068359375e-05
r_  generation:  4.935264587402344e-05
local_output_nid generation:  9.059906005859375e-06
local_in_edges_tensor generation:  0.00014495849609375
mini_batch_src_global generation:  2.4557113647460938e-05
r_  generation:  5.364418029785156e-05
local_output_nid generation:  8.821487426757812e-06
local_in_edges_tensor generation:  0.00014400482177734375
mini_batch_src_global generation:  2.3603439331054688e-05
r_  generation:  4.982948303222656e-05
----------------------check_connections_block total spend ----------------------------- 0.0034830570220947266
generate_one_block  0.001588582992553711
generate_one_block  0.001466512680053711
generate_one_block  0.00146484375
generate_one_block  0.0014722347259521484
generate_one_block  0.001432180404663086
generate_one_block  0.0012731552124023438
generate_one_block  0.0010509490966796875
generate_one_block  0.0011734962463378906
The real block id is  1
get_global_graph_edges_ids_block function  spend 0.0006318092346191406
gen group dst list time:  5.817413330078125e-05
time for parepare:  0.0001533031463623047
local_output_nid generation:  1.0967254638671875e-05
local_in_edges_tensor generation:  0.00023245811462402344
mini_batch_src_global generation:  3.790855407714844e-05
r_  generation:  0.00021839141845703125
local_output_nid generation:  1.1920928955078125e-05
local_in_edges_tensor generation:  0.0001361370086669922
mini_batch_src_global generation:  4.124641418457031e-05
r_  generation:  0.0002493858337402344
local_output_nid generation:  1.1682510375976562e-05
local_in_edges_tensor generation:  0.00012969970703125
mini_batch_src_global generation:  4.291534423828125e-05
r_  generation:  0.000293731689453125
local_output_nid generation:  1.2636184692382812e-05
local_in_edges_tensor generation:  0.0001308917999267578
mini_batch_src_global generation:  4.792213439941406e-05
r_  generation:  0.0002880096435546875
local_output_nid generation:  9.775161743164062e-06
local_in_edges_tensor generation:  0.00012946128845214844
mini_batch_src_global generation:  4.410743713378906e-05
r_  generation:  0.00023484230041503906
local_output_nid generation:  9.298324584960938e-06
local_in_edges_tensor generation:  0.00012564659118652344
mini_batch_src_global generation:  3.838539123535156e-05
r_  generation:  0.00017189979553222656
local_output_nid generation:  1.0251998901367188e-05
local_in_edges_tensor generation:  0.00013685226440429688
mini_batch_src_global generation:  4.5299530029296875e-05
r_  generation:  0.0002357959747314453
local_output_nid generation:  8.344650268554688e-06
local_in_edges_tensor generation:  0.00012493133544921875
mini_batch_src_global generation:  3.790855407714844e-05
r_  generation:  0.0002048015594482422
----------------------check_connections_block total spend ----------------------------- 0.004412174224853516
generate_one_block  0.001310586929321289
generate_one_block  0.001325368881225586
generate_one_block  0.0014023780822753906
generate_one_block  0.0013875961303710938
generate_one_block  0.0013172626495361328
generate_one_block  0.00121307373046875
generate_one_block  0.001302957534790039
generate_one_block  0.0011737346649169922
The real block id is  0
get_global_graph_edges_ids_block function  spend 0.0006356239318847656
gen group dst list time:  0.00010991096496582031
time for parepare:  0.00017952919006347656
local_output_nid generation:  3.218650817871094e-05
local_in_edges_tensor generation:  0.0002524852752685547
mini_batch_src_global generation:  8.749961853027344e-05
r_  generation:  0.0006189346313476562
local_output_nid generation:  4.1484832763671875e-05
local_in_edges_tensor generation:  0.00018334388732910156
mini_batch_src_global generation:  0.00011181831359863281
r_  generation:  0.0007982254028320312
local_output_nid generation:  4.863739013671875e-05
local_in_edges_tensor generation:  0.00019598007202148438
mini_batch_src_global generation:  0.00011444091796875
r_  generation:  0.0009491443634033203
local_output_nid generation:  4.57763671875e-05
local_in_edges_tensor generation:  0.000194549560546875
mini_batch_src_global generation:  0.00010538101196289062
r_  generation:  0.0009472370147705078
local_output_nid generation:  4.4345855712890625e-05
local_in_edges_tensor generation:  0.00018215179443359375
mini_batch_src_global generation:  9.894371032714844e-05
r_  generation:  0.0008244514465332031
local_output_nid generation:  2.5272369384765625e-05
local_in_edges_tensor generation:  0.0001583099365234375
mini_batch_src_global generation:  7.724761962890625e-05
r_  generation:  0.0005133152008056641
local_output_nid generation:  3.528594970703125e-05
local_in_edges_tensor generation:  0.00017213821411132812
mini_batch_src_global generation:  7.891654968261719e-05
r_  generation:  0.00069427490234375
local_output_nid generation:  3.457069396972656e-05
local_in_edges_tensor generation:  0.0001678466796875
mini_batch_src_global generation:  9.250640869140625e-05
r_  generation:  0.0007174015045166016
----------------------check_connections_block total spend ----------------------------- 0.010621786117553711
generate_one_block  0.0018033981323242188
generate_one_block  0.002031564712524414
generate_one_block  0.0021283626556396484
generate_one_block  0.002148866653442383
generate_one_block  0.001898050308227539
generate_one_block  0.0014901161193847656
generate_one_block  0.0017786026000976562
generate_one_block  0.0017876625061035156
-----------------------------------------after block dataloader generation 
 Nvidia-smi: 1.8514404296875 GB
    Memory Allocated: 0.26578617095947266  GigaBytes
Max Memory Allocated: 0.46883630752563477  GigaBytes

connection checking time:  0.015033960342407227
block generation total time  0.025499582290649414
average batch blocks generation time:  0.0031874477863311768
block dataloader generation time/epoch 0.11404681205749512
----------------------------------------before batch_pred = model(blocks, batch_inputs) 
 Nvidia-smi: 1.8514404296875 GB
    Memory Allocated: 0.26485586166381836  GigaBytes
Max Memory Allocated: 0.46883630752563477  GigaBytes

torch.Size([887, 1433])
torch.Size([327, 128])
-----------------------------------------batch_pred = model(blocks, batch_inputs) 
 Nvidia-smi: 1.8514404296875 GB
    Memory Allocated: 0.422760009765625  GigaBytes
Max Memory Allocated: 0.46883630752563477  GigaBytes

----------------------------------------before batch_pred = model(blocks, batch_inputs) 
 Nvidia-smi: 1.8514404296875 GB
    Memory Allocated: 0.2661705017089844  GigaBytes
Max Memory Allocated: 0.5390462875366211  GigaBytes

torch.Size([1132, 1433])
torch.Size([430, 128])
-----------------------------------------batch_pred = model(blocks, batch_inputs) 
 Nvidia-smi: 1.8514404296875 GB
    Memory Allocated: 0.4756197929382324  GigaBytes
Max Memory Allocated: 0.5390462875366211  GigaBytes

----------------------------------------before batch_pred = model(blocks, batch_inputs) 
 Nvidia-smi: 1.8514404296875 GB
    Memory Allocated: 0.2669706344604492  GigaBytes
Max Memory Allocated: 0.590458869934082  GigaBytes

torch.Size([1281, 1433])
torch.Size([539, 128])
-----------------------------------------batch_pred = model(blocks, batch_inputs) 
 Nvidia-smi: 1.8514404296875 GB
    Memory Allocated: 0.5156307220458984  GigaBytes
Max Memory Allocated: 0.590458869934082  GigaBytes

----------------------------------------before batch_pred = model(blocks, batch_inputs) 
 Nvidia-smi: 1.8533935546875 GB
    Memory Allocated: 0.26690101623535156  GigaBytes
Max Memory Allocated: 0.6282076835632324  GigaBytes

torch.Size([1268, 1433])
torch.Size([518, 128])
-----------------------------------------batch_pred = model(blocks, batch_inputs) 
 Nvidia-smi: 1.8533935546875 GB
    Memory Allocated: 0.514348030090332  GigaBytes
Max Memory Allocated: 0.6282076835632324  GigaBytes

----------------------------------------before batch_pred = model(blocks, batch_inputs) 
 Nvidia-smi: 1.8533935546875 GB
    Memory Allocated: 0.2660512924194336  GigaBytes
Max Memory Allocated: 0.6282076835632324  GigaBytes

torch.Size([1105, 1433])
torch.Size([465, 128])
-----------------------------------------batch_pred = model(blocks, batch_inputs) 
 Nvidia-smi: 1.8533935546875 GB
    Memory Allocated: 0.47922801971435547  GigaBytes
Max Memory Allocated: 0.6282076835632324  GigaBytes

----------------------------------------before batch_pred = model(blocks, batch_inputs) 
 Nvidia-smi: 1.8533935546875 GB
    Memory Allocated: 0.26418018341064453  GigaBytes
Max Memory Allocated: 0.6282076835632324  GigaBytes

torch.Size([761, 1433])
torch.Size([254, 128])
-----------------------------------------batch_pred = model(blocks, batch_inputs) 
 Nvidia-smi: 1.8533935546875 GB
    Memory Allocated: 0.3859519958496094  GigaBytes
Max Memory Allocated: 0.6282076835632324  GigaBytes

----------------------------------------before batch_pred = model(blocks, batch_inputs) 
 Nvidia-smi: 1.8533935546875 GB
    Memory Allocated: 0.2652597427368164  GigaBytes
Max Memory Allocated: 0.6282076835632324  GigaBytes

torch.Size([962, 1433])
torch.Size([381, 128])
-----------------------------------------batch_pred = model(blocks, batch_inputs) 
 Nvidia-smi: 1.8533935546875 GB
    Memory Allocated: 0.44744110107421875  GigaBytes
Max Memory Allocated: 0.6282076835632324  GigaBytes

----------------------------------------before batch_pred = model(blocks, batch_inputs) 
 Nvidia-smi: 1.8533935546875 GB
    Memory Allocated: 0.26554298400878906  GigaBytes
Max Memory Allocated: 0.6282076835632324  GigaBytes

torch.Size([1015, 1433])
torch.Size([379, 128])
-----------------------------------------batch_pred = model(blocks, batch_inputs) 
 Nvidia-smi: 1.8533935546875 GB
    Memory Allocated: 0.45486927032470703  GigaBytes
Max Memory Allocated: 0.6282076835632324  GigaBytes

times | data loading | block to device | model prediction | loss calculation | loss backward |  optimizer step |
      |0.05077362060546875 |0.0004993081092834473 |0.09298256039619446 |0.00011524558067321777 |0.132686585187912 |0.009420156478881836 |
----------------------------------------------------------pseudo_mini_loss sum 2.623257637023926
Total (block generation + training)time/epoch 2.397382974624634
Training time/epoch 2.2829864025115967
Training time without block to device /epoch 2.278991937637329
Training time without total dataloading part /epoch 1.8156952857971191
load block tensor time/epoch 0.40618896484375
block to device time/epoch 0.003994464874267578
input features size transfer per epoch 1.0728836059570312e-06Using backend: pytorch

blocks size to device per epoch 7.152557373046875e-07
 Run 0| Epoch 1 |
Number of nodes for computation during this epoch:  12459
Number of first layer input nodes during this epoch:  8411
