main start at this time 1648429316.1547031
-----------------------------------------before load data 
 Nvidia-smi: 0.1717529296875 GB
    Memory Allocated: 0.0  GigaBytes
Max Memory Allocated: 0.0  GigaBytes

  NumNodes: 2708
  NumEdges: 10556
  NumFeats: 1433
  NumClasses: 7
  NumTrainingSamples: 140
  NumValidationSamples: 500
  NumTestSamples: 1000
Done loading data from cached files.
success----------------------------------------
140
500
2068
# Nodes: 2708
# Edges: 10556
# Train: 140
# Val: 500
# Test: 2068
# Classes: 7

in feats:  1433
----------------------------------------before generate_dataloader_block 
 Nvidia-smi: 1.0799560546875 GB
    Memory Allocated: 0.06351375579833984  GigaBytes
Max Memory Allocated: 0.06351375579833984  GigaBytes

The real block id is  2
get_global_graph_edges_ids_block function  spend 0.0010442733764648438
random selection method range initialization spend 0.0002090930938720703
time for parepare:  8.082389831542969e-05
local_output_nid generation:  3.409385681152344e-05
local_in_edges_tensor generation:  0.00022482872009277344
mini_batch_src_global generation:  2.86102294921875e-05
r_  generation:  0.0026526451110839844
local_output_nid generation:  1.7404556274414062e-05
local_in_edges_tensor generation:  0.00016021728515625
mini_batch_src_global generation:  3.3855438232421875e-05
r_  generation:  8.58306884765625e-05
local_output_nid generation:  1.3113021850585938e-05
local_in_edges_tensor generation:  0.0001308917999267578
mini_batch_src_global generation:  2.4318695068359375e-05
r_  generation:  7.987022399902344e-05
local_output_nid generation:  1.2636184692382812e-05
local_in_edges_tensor generation:  0.00012826919555664062
mini_batch_src_global generation:  2.3365020751953125e-05
r_  generation:  9.5367431640625e-05
----------------------check_connections_block total spend ----------------------------- 0.004125356674194336
generate_one_block  0.0015709400177001953
generate_one_block  0.0013418197631835938
generate_one_block  0.0013282299041748047
generate_one_block  0.0013422966003417969
The real block id is  1
get_global_graph_edges_ids_block function  spend 0.0005908012390136719
gen group dst list time:  5.269050598144531e-05
time for parepare:  0.0001862049102783203
local_output_nid generation:  1.71661376953125e-05
local_in_edges_tensor generation:  0.00024080276489257812
mini_batch_src_global generation:  6.198883056640625e-05
r_  generation:  0.0005059242248535156
local_output_nid generation:  2.4557113647460938e-05
local_in_edges_tensor generation:  0.0001690387725830078
mini_batch_src_global generation:  7.128715515136719e-05
r_  generation:  0.0005319118499755859
local_output_nid generation:  2.3126602172851562e-05
local_in_edges_tensor generation:  0.0001766681671142578
mini_batch_src_global generation:  6.890296936035156e-05
r_  generation:  0.0005602836608886719
local_output_nid generation:  2.3603439331054688e-05
local_in_edges_tensor generation:  0.0001666545867919922
mini_batch_src_global generation:  6.890296936035156e-05
r_  generation:  0.0005812644958496094
----------------------check_connections_block total spend ----------------------------- 0.004179239273071289
generate_one_block  0.0018596649169921875
generate_one_block  0.0018613338470458984
generate_one_block  0.0018749237060546875
generate_one_block  0.0019087791442871094
The real block id is  0
get_global_graph_edges_ids_block function  spend 0.0006959438323974609
gen group dst list time:  0.00010657310485839844
time for parepare:  0.00022745132446289062
local_output_nid generation:  7.486343383789062e-05
local_in_edges_tensor generation:  0.00034499168395996094
mini_batch_src_global generation:  0.00016188621520996094
r_  generation:  0.001577138900756836
local_output_nid generation:  7.915496826171875e-05
local_in_edges_tensor generation:  0.0002682209014892578
mini_batch_src_global generation:  0.0001742839813232422
r_  generation:  0.0016214847564697266
local_output_nid generation:  8.249282836914062e-05
local_in_edges_tensor generation:  0.00026345252990722656
mini_batch_src_global generation:  0.00017189979553222656
r_  generation:  0.0016977787017822266
local_output_nid generation:  8.392333984375e-05
local_in_edges_tensor generation:  0.0002593994140625
mini_batch_src_global generation:  0.00016880035400390625
r_  generation:  0.0016989707946777344
----------------------check_connections_block total spend ----------------------------- 0.010603666305541992
generate_one_block  0.0030503273010253906
generate_one_block  0.002576589584350586
generate_one_block  0.0025060176849365234
generate_one_block  0.0024290084838867188
-----------------------------------------after block dataloader generation 
 Nvidia-smi: 1.0799560546875 GB
    Memory Allocated: 0.06351375579833984  GigaBytes
Max Memory Allocated: 0.06351375579833984  GigaBytes

connection checking time:  0.014782905578613281
block generation total time  0.0180666446685791
average batch blocks generation time:  0.004516661167144775
----------------------------------------before batch_pred = model(blocks, batch_inputs) 
 Nvidia-smi: 1.1639404296875 GB
    Memory Allocated: 0.0718235969543457  GigaBytes
Max Memory Allocated: 0.0718235969543457  GigaBytes

torch.Size([1549, 1433])
torch.Size([798, 64])
-----------------------------------------batch_pred = model(blocks, batch_inputs) 
 Nvidia-smi: 1.6209716796875 GB
    Memory Allocated: 0.40231943130493164  GigaBytes
Max Memory Allocated: 0.4250197410583496  GigaBytes

----------------------------------------before batch_pred = model(blocks, batch_inputs) 
 Nvidia-smi: 1.7459716796875 GB
    Memory Allocated: 0.13533830642700195  GigaBytes
Max Memory Allocated: 0.5164899826049805  GigaBytes

torch.Size([1549, 1433])
torch.Size([775, 64])
-----------------------------------------batch_pred = model(blocks, batch_inputs) 
 Nvidia-smi: 1.7635498046875 GB
    Memory Allocated: 0.47689056396484375  GigaBytes
Max Memory Allocated: 0.5164899826049805  GigaBytes

----------------------------------------before batch_pred = model(blocks, batch_inputs) 
 Nvidia-smi: 1.8280029296875 GB
    Memory Allocated: 0.13568115234375  GigaBytes
Max Memory Allocated: 0.5898756980895996  GigaBytes

torch.Size([1613, 1433])
torch.Size([815, 64])
-----------------------------------------batch_pred = model(blocks, batch_inputs) 
 Nvidia-smi: 1.8280029296875 GB
    Memory Allocated: 0.4907083511352539  GigaBytes
Max Memory Allocated: 0.5898756980895996  GigaBytes

----------------------------------------before batch_pred = model(blocks, batch_inputs) 
 Nvidia-smi: 1.8592529296875 GB
    Memory Allocated: 0.13563919067382812  GigaBytes
Max Memory Allocated: 0.6027369499206543  GigaBytes

torch.Size([1605, 1433])
torch.Size([809, 64])
-----------------------------------------batch_pred = model(blocks, batch_inputs) 
 Nvidia-smi: 1.8631591796875 GB
    Memory Allocated: 0.4932408332824707  GigaBytes
Max Memory Allocated: 0.6027369499206543  GigaBytes

times | data loading | block to device | model prediction | loss calculation | loss backward |  optimizer step |
      |0.04632145166397095 |0.08646148443222046 |0.24641382694244385 |0.00014966726303100586 |0.19794052839279175 |0.010022401809692383 |
----------------------------------------------------------pseudo_mini_loss sum 2.9413397312164307
 Run 0| Epoch 0 |
Number of nodes for computation during this epoch:  10256
Number of first layer input nodes during this epoch:  6316
----------------------------------------before generate_dataloader_block 
 Nvidia-smi: 1.9588623046875 GB
    Memory Allocated: 0.2627267837524414  GigaBytes
Max Memory Allocated: 0.6049962043762207  GigaBytes

The real block id is  2
get_global_graph_edges_ids_block function  spend 0.0005140304565429688
random selection method range initialization spend 0.00011730194091796875
time for parepare:  7.224082946777344e-05
local_output_nid generation:  1.239776611328125e-05
local_in_edges_tensor generation:  0.00019049644470214844
mini_batch_src_global generation:  2.765655517578125e-05
r_  generation:  7.939338684082031e-05
local_output_nid generation:  1.33514404296875e-05
local_in_edges_tensor generation:  0.00011682510375976562Using backend: pytorch

mini_batch_src_global generation:  3.0279159545898438e-05
r_  generation:  7.581710815429688e-05
local_output_nid generation:  1.239776611328125e-05
local_in_edges_tensor generation:  0.00012493133544921875
mini_batch_src_global generation:  2.3126602172851562e-05
r_  generation:  6.365776062011719e-05
local_output_nid generation:  1.1444091796875e-05
local_in_edges_tensor generation:  0.00011396408081054688
mini_batch_src_global generation:  2.09808349609375e-05
r_  generation:  6.318092346191406e-05
----------------------check_connections_block total spend ----------------------------- 0.0013742446899414062
generate_one_block  0.0012657642364501953
generate_one_block  0.001146554946899414
generate_one_block  0.0011146068572998047
generate_one_block  0.0011026859283447266
The real block id is  1
get_global_graph_edges_ids_block function  spend 0.0005135536193847656
gen group dst list time:  4.3392181396484375e-05
time for parepare:  0.0001571178436279297
local_output_nid generation:  2.0503997802734375e-05
local_in_edges_tensor generation:  0.00022149085998535156
mini_batch_src_global generation:  6.413459777832031e-05
r_  generation:  0.0004987716674804688
local_output_nid generation:  2.0503997802734375e-05
local_in_edges_tensor generation:  0.00014734268188476562
mini_batch_src_global generation:  7.367134094238281e-05
r_  generation:  0.0004763603210449219
local_output_nid generation:  1.6927719116210938e-05
local_in_edges_tensor generation:  0.00014066696166992188
mini_batch_src_global generation:  5.745887756347656e-05
r_  generation:  0.0003743171691894531
local_output_nid generation:  1.6450881958007812e-05
local_in_edges_tensor generation:  0.00013899803161621094
mini_batch_src_global generation:  5.7697296142578125e-05
r_  generation:  0.0004107952117919922
----------------------check_connections_block total spend ----------------------------- 0.0034606456756591797
generate_one_block  0.0017211437225341797
generate_one_block  0.0016388893127441406
generate_one_block  0.0015208721160888672
generate_one_block  0.001573324203491211
The real block id is  0
get_global_graph_edges_ids_block function  spend 0.0005803108215332031
gen group dst list time:  8.678436279296875e-05
time for parepare:  0.0001888275146484375
local_output_nid generation:  8.177757263183594e-05
local_in_edges_tensor generation:  0.0003075599670410156
mini_batch_src_global generation:  0.0001227855682373047
r_  generation:  0.0014667510986328125
local_output_nid generation:  6.961822509765625e-05
local_in_edges_tensor generation:  0.00021505355834960938
mini_batch_src_global generation:  0.00015306472778320312
r_  generation:  0.001346588134765625
local_output_nid generation:  5.435943603515625e-05
local_in_edges_tensor generation:  0.0001957416534423828
mini_batch_src_global generation:  0.00011682510375976562
r_  generation:  0.0010657310485839844
local_output_nid generation:  6.103515625e-05
local_in_edges_tensor generation:  0.00020456314086914062
mini_batch_src_global generation:  0.00013136863708496094
r_  generation:  0.0012590885162353516
----------------------check_connections_block total spend ----------------------------- 0.008313894271850586
generate_one_block  0.0028777122497558594
generate_one_block  0.002653837203979492
generate_one_block  0.0023272037506103516
generate_one_block  0.0023870468139648438
-----------------------------------------after block dataloader generation 
 Nvidia-smi: 1.9588623046875 GB
    Memory Allocated: 0.2627267837524414  GigaBytes
Max Memory Allocated: 0.6049962043762207  GigaBytes

connection checking time:  0.011774539947509766
block generation total time  0.016700029373168945
average batch blocks generation time:  0.004175007343292236
block dataloader generation time/epoch 0.0553736686706543
----------------------------------------before batch_pred = model(blocks, batch_inputs) 
 Nvidia-smi: 1.9588623046875 GB
    Memory Allocated: 0.26294565200805664  GigaBytes
Max Memory Allocated: 0.6049962043762207  GigaBytes

torch.Size([1658, 1433])
torch.Size([877, 64])
-----------------------------------------batch_pred = model(blocks, batch_inputs) 
 Nvidia-smi: 1.9686279296875 GB
    Memory Allocated: 0.6445140838623047  GigaBytes
Max Memory Allocated: 0.670079231262207  GigaBytes

----------------------------------------before batch_pred = model(blocks, batch_inputs) 
 Nvidia-smi: 1.9998779296875 GB
    Memory Allocated: 0.2625575065612793  GigaBytes
Max Memory Allocated: 0.7558178901672363  GigaBytes

torch.Size([1586, 1433])
torch.Size([818, 64])
-----------------------------------------batch_pred = model(blocks, batch_inputs) 
 Nvidia-smi: 1.9998779296875 GB
    Memory Allocated: 0.6062860488891602  GigaBytes
Max Memory Allocated: 0.7558178901672363  GigaBytes

----------------------------------------before batch_pred = model(blocks, batch_inputs) 
 Nvidia-smi: 1.9998779296875 GB
    Memory Allocated: 0.26112985610961914  GigaBytes
Max Memory Allocated: 0.7558178901672363  GigaBytes

torch.Size([1320, 1433])
torch.Size([613, 64])
-----------------------------------------batch_pred = model(blocks, batch_inputs) 
 Nvidia-smi: 1.9998779296875 GB
    Memory Allocated: 0.5309853553771973  GigaBytes
Max Memory Allocated: 0.7558178901672363  GigaBytes

----------------------------------------before batch_pred = model(blocks, batch_inputs) 
 Nvidia-smi: 1.9998779296875 GB
    Memory Allocated: 0.26221418380737305  GigaBytes
Max Memory Allocated: 0.7558178901672363  GigaBytes

torch.Size([1522, 1433])
torch.Size([724, 64])
-----------------------------------------batch_pred = model(blocks, batch_inputs) 
 Nvidia-smi: 1.9998779296875 GB
    Memory Allocated: 0.5888233184814453  GigaBytes
Max Memory Allocated: 0.7558178901672363  GigaBytes

times | data loading | block to device | model prediction | loss calculation | loss backward |  optimizer step |
      |0.04712718725204468 |0.00047135353088378906 |0.12814480066299438 |0.00011879205703735352 |0.19360500574111938 |0.010716438293457031 |
----------------------------------------------------------pseudo_mini_loss sum 2.31723690032959
Total (block generation + training)time/epoch 1.6117291450500488
Training time/epoch 1.5559959411621094
Training time without block to device /epoch 1.5541105270385742
Training time without total dataloading part /epoch 1.2981908321380615
load block tensor time/epoch 0.1885087490081787
block to device time/epoch 0.0018854141235351562
input features size transfer per epoch 5.364418029785156e-07
blocks size to device per epoch 3.5762786865234375e-07
 Run 0| Epoch 1 |
Number of nodes for computation during this epoch:  9853
Number of first layer input nodes during this epoch:  6086
