main start at this time 1648530603.4015393
-----------------------------------------before load data 
 Nvidia-smi: 0.1717529296875 GB
    Memory Allocated: 0.0  GigaBytes
Max Memory Allocated: 0.0  GigaBytes

  NumNodes: 19717
  NumEdges: 88651
  NumFeats: 500
  NumClasses: 3
  NumTrainingSamples: 60
  NumValidationSamples: 500
  NumTestSamples: 1000
Done loading data from cached files.
success----------------------------------------
60
500
19157
# Nodes: 19717
# Edges: 88648
# Train: 60
# Val: 500
# Test: 19157
# Classes: 3

in feats:  500
----------------------------------------before generate_dataloader_block 
 Nvidia-smi: 1.0174560546875 GB
    Memory Allocated: 0.0007309913635253906  GigaBytes
Max Memory Allocated: 0.0007309913635253906  GigaBytes

The real block id is  3
get_global_graph_edges_ids_block function  spend 0.002246379852294922
random selection method range initialization spend 0.0002391338348388672
time for parepare:  4.4345855712890625e-05
local_output_nid generation:  7.3909759521484375e-06
local_in_edges_tensor generation:  0.0001888275146484375
mini_batch_src_global generation:  2.4318695068359375e-05
r_  generation:  0.0012066364288330078
local_output_nid generation:  6.198883056640625e-06
local_in_edges_tensor generation:  0.00013303756713867188
mini_batch_src_global generation:  2.6702880859375e-05
r_  generation:  3.075599670410156e-05
local_output_nid generation:  5.7220458984375e-06
local_in_edges_tensor generation:  0.00010442733764648438
mini_batch_src_global generation:  1.5974044799804688e-05
r_  generation:  2.574920654296875e-05
local_output_nid generation:  4.76837158203125e-06
local_in_edges_tensor generation:  0.00010061264038085938
mini_batch_src_global generation:  1.5497207641601562e-05
r_  generation:  2.3365020751953125e-05
local_output_nid generation:  4.5299530029296875e-06
local_in_edges_tensor generation:  9.918212890625e-05
mini_batch_src_global generation:  1.5020370483398438e-05
r_  generation:  2.4080276489257812e-05
local_output_nid generation:  4.291534423828125e-06
local_in_edges_tensor generation:  9.846687316894531e-05
mini_batch_src_global generation:  1.6450881958007812e-05
r_  generation:  3.314018249511719e-05
local_output_nid generation:  4.5299530029296875e-06
local_in_edges_tensor generation:  9.799003601074219e-05
mini_batch_src_global generation:  1.5735626220703125e-05
r_  generation:  2.5033950805664062e-05
local_output_nid generation:  3.814697265625e-06
local_in_edges_tensor generation:  0.00010085105895996094
mini_batch_src_global generation:  1.5020370483398438e-05
r_  generation:  1.6450881958007812e-05
----------------------check_connections_block total spend ----------------------------- 0.002896547317504883
generate_one_block  0.0018322467803955078
generate_one_block  0.0011050701141357422
generate_one_block  0.001062154769897461
generate_one_block  0.001056671142578125
generate_one_block  0.0010592937469482422
generate_one_block  0.0010743141174316406
generate_one_block  0.0010628700256347656
generate_one_block  0.0010371208190917969
The real block id is  2
get_global_graph_edges_ids_block function  spend 0.0010602474212646484
gen group dst list time:  5.459785461425781e-05
time for parepare:  0.00023818016052246094
local_output_nid generation:  5.245208740234375e-06
local_in_edges_tensor generation:  0.00026106834411621094
mini_batch_src_global generation:  4.029273986816406e-05
r_  generation:  0.0002846717834472656
local_output_nid generation:  5.7220458984375e-06
local_in_edges_tensor generation:  0.0001289844512939453
mini_batch_src_global generation:  4.76837158203125e-05
r_  generation:  0.0002129077911376953
local_output_nid generation:  5.7220458984375e-06
local_in_edges_tensor generation:  0.00011873245239257812
mini_batch_src_global generation:  2.5272369384765625e-05
r_  generation:  0.0001049041748046875
local_output_nid generation:  5.0067901611328125e-06
local_in_edges_tensor generation:  0.00011181831359863281
mini_batch_src_global generation:  2.7894973754882812e-05
r_  generation:  0.00015497207641601562
local_output_nid generation:  5.4836273193359375e-06
local_in_edges_tensor generation:  0.00011181831359863281
mini_batch_src_global generation:  2.7894973754882812e-05
r_  generation:  0.00014901161193847656
local_output_nid generation:  7.152557373046875e-06
local_in_edges_tensor generation:  0.00011658668518066406
mini_batch_src_global generation:  3.647804260253906e-05
r_  generation:  0.00028061866760253906
local_output_nid generation:  5.245208740234375e-06
local_in_edges_tensor generation:  0.000118255615234375
mini_batch_src_global generation:  3.600120544433594e-05
r_  generation:  0.00017976760864257812
local_output_nid generation:  3.0994415283203125e-06
local_in_edges_tensor generation:  0.00011467933654785156
mini_batch_src_global generation:  2.3603439331054688e-05
r_  generation:  6.67572021484375e-05
----------------------check_connections_block total spend ----------------------------- 0.0036394596099853516
generate_one_block  0.0014123916625976562
generate_one_block  0.0013461112976074219
generate_one_block  0.0011641979217529297
generate_one_block  0.0012552738189697266
generate_one_block  0.0012462139129638672
generate_one_block  0.0014185905456542969
generate_one_block  0.0013151168823242188
generate_one_block  0.0011057853698730469
The real block id is  1
get_global_graph_edges_ids_block function  spend 0.0011818408966064453
gen group dst list time:  9.322166442871094e-05
time for parepare:  0.0007762908935546875
local_output_nid generation:  4.0531158447265625e-05
local_in_edges_tensor generation:  0.00030732154846191406
mini_batch_src_global generation:  0.00016951560974121094
r_  generation:  0.0018134117126464844
local_output_nid generation:  4.601478576660156e-05
local_in_edges_tensor generation:  0.00019669532775878906
mini_batch_src_global generation:  0.00020003318786621094
r_  generation:  0.0014073848724365234
local_output_nid generation:  1.5020370483398438e-05
local_in_edges_tensor generation:  0.00014829635620117188
mini_batch_src_global generation:  7.414817810058594e-05
r_  generation:  0.0003781318664550781
local_output_nid generation:  3.314018249511719e-05
local_in_edges_tensor generation:  0.0001723766326904297
mini_batch_src_global generation:  0.00011444091796875
r_  generation:  0.0011169910430908203
local_output_nid generation:  2.956390380859375e-05
local_in_edges_tensor generation:  0.00016689300537109375
mini_batch_src_global generation:  0.00010657310485839844
r_  generation:  0.0008907318115234375
local_output_nid generation:  4.553794860839844e-05
local_in_edges_tensor generation:  0.0001995563507080078
mini_batch_src_global generation:  0.00019288063049316406
r_  generation:  0.0019426345825195312
local_output_nid generation:  3.457069396972656e-05
local_in_edges_tensor generation:  0.00018167495727539062
mini_batch_src_global generation:  0.00014925003051757812
r_  generation:  0.0011942386627197266
local_output_nid generation:  1.0967254638671875e-05
local_in_edges_tensor generation:  0.00013971328735351562
mini_batch_src_global generation:  6.890296936035156e-05
r_  generation:  0.00033020973205566406
----------------------check_connections_block total spend ----------------------------- 0.015173196792602539
generate_one_block  0.003253936767578125
generate_one_block  0.002697467803955078
generate_one_block  0.0012938976287841797
generate_one_block  0.002320528030395508
generate_one_block  0.001958131790161133
generate_one_block  0.0033266544342041016
generate_one_block  0.0023784637451171875
generate_one_block  0.0012500286102294922
The real block id is  0
get_global_graph_edges_ids_block function  spend 0.001989603042602539
gen group dst list time:  0.00026535987854003906
time for parepare:  0.0016052722930908203
local_output_nid generation:  0.00017690658569335938
local_in_edges_tensor generation:  0.0006933212280273438
mini_batch_src_global generation:  0.0007982254028320312
r_  generation:  0.0064890384674072266
local_output_nid generation:  0.00021791458129882812
local_in_edges_tensor generation:  0.0004813671112060547
mini_batch_src_global generation:  0.0009613037109375
r_  generation:  0.00732421875
local_output_nid generation:  5.555152893066406e-05
local_in_edges_tensor generation:  0.00021028518676757812
mini_batch_src_global generation:  0.00027060508728027344
r_  generation:  0.0013463497161865234
local_output_nid generation:  0.00018858909606933594
local_in_edges_tensor generation:  0.0004076957702636719
mini_batch_src_global generation:  0.0004470348358154297
r_  generation:  0.005281209945678711
local_output_nid generation:  0.00014019012451171875
local_in_edges_tensor generation:  0.0003478527069091797
mini_batch_src_global generation:  0.0005550384521484375
r_  generation:  0.00468754768371582
local_output_nid generation:  0.0001895427703857422
local_in_edges_tensor generation:  0.0004379749298095703
mini_batch_src_global generation:  0.0006558895111083984
r_  generation:  0.006862163543701172
local_output_nid generation:  0.00016450881958007812
local_in_edges_tensor generation:  0.0003714561462402344
mini_batch_src_global generation:  0.0005977153778076172
r_  generation:  0.00566554069519043
local_output_nid generation:  4.100799560546875e-05
local_in_edges_tensor generation:  0.00017142295837402344
mini_batch_src_global generation:  0.00023674964904785156
r_  generation:  0.0011491775512695312
----------------------check_connections_block total spend ----------------------------- 0.05907011032104492
generate_one_block  0.009847164154052734
generate_one_block  0.010383844375610352
generate_one_block  0.003295421600341797
generate_one_block  0.008129358291625977
generate_one_block  0.0076940059661865234
generate_one_block  0.010174751281738281
generate_one_block  0.008704662322998047
generate_one_block  0.002991914749145508
-----------------------------------------after block dataloader generation 
 Nvidia-smi: 1.0174560546875 GB
    Memory Allocated: 0.0007309913635253906  GigaBytes
Max Memory Allocated: 0.0007309913635253906  GigaBytes

connection checking time:  0.07788276672363281
block generation total time  0.08996391296386719
average batch blocks generation time:  0.011245489120483398
----------------------------------------before batch_pred = model(blocks, batch_inputs) 
 Nvidia-smi: 1.0955810546875 GB
    Memory Allocated: 0.014627456665039062  GigaBytes
Max Memory Allocated: 0.014627456665039062  GigaBytes

torch.Size([7165, 500])
torch.Size([1967, 128])
torch.Size([480, 128])
-----------------------------------------batch_pred = model(blocks, batch_inputs) 
 Nvidia-smi: 1.2791748046875 GB
    Memory Allocated: 0.01898479461669922  GigaBytes
Max Memory Allocated: 0.0210418701171875  GigaBytes

----------------------------------------before batch_pred = model(blocks, batch_inputs) 
 Nvidia-smi: 1.2869873046875 GB
    Memory Allocated: 0.020082473754882812  GigaBytes
Max Memory Allocated: 0.03352785110473633  GigaBytes

torch.Size([9876, 500])
torch.Size([2340, 128])
torch.Size([505, 128])
-----------------------------------------batch_pred = model(blocks, batch_inputs) 
 Nvidia-smi: 1.2869873046875 GB
    Memory Allocated: 0.025105953216552734  GigaBytes
Max Memory Allocated: 0.03352785110473633  GigaBytes

----------------------------------------before batch_pred = model(blocks, batch_inputs) 
 Nvidia-smi: 1.2889404296875 GB
    Memory Allocated: 0.00594329833984375  GigaBytes
Max Memory Allocated: 0.03352785110473633  GigaBytes

torch.Size([2386, 500])
torch.Size([544, 128])
torch.Size([159, 128])
-----------------------------------------batch_pred = model(blocks, batch_inputs) 
 Nvidia-smi: 1.2889404296875 GB
    Memory Allocated: 0.007255077362060547  GigaBytes
Max Memory Allocated: 0.03352785110473633  GigaBytes

----------------------------------------before batch_pred = model(blocks, batch_inputs) 
 Nvidia-smi: 1.2889404296875 GB
    Memory Allocated: 0.016350269317626953  GigaBytes
Max Memory Allocated: 0.03352785110473633  GigaBytes

torch.Size([7898, 500])
torch.Size([2158, 128])
torch.Size([355, 128])
-----------------------------------------batch_pred = model(blocks, batch_inputs) 
 Nvidia-smi: 1.2889404296875 GB
    Memory Allocated: 0.020693302154541016  GigaBytes
Max Memory Allocated: 0.03352785110473633  GigaBytes

----------------------------------------before batch_pred = model(blocks, batch_inputs) 
 Nvidia-smi: 1.2889404296875 GB
    Memory Allocated: 0.015285015106201172  GigaBytes
Max Memory Allocated: 0.03352785110473633  GigaBytes

torch.Size([7121, 500])
torch.Size([1670, 128])
torch.Size([328, 128])
-----------------------------------------batch_pred = model(blocks, batch_inputs) 
 Nvidia-smi: 1.2889404296875 GB
    Memory Allocated: 0.018804550170898438  GigaBytes
Max Memory Allocated: 0.03352785110473633  GigaBytes

----------------------------------------before batch_pred = model(blocks, batch_inputs) 
 Nvidia-smi: 1.2889404296875 GB
    Memory Allocated: 0.01658916473388672  GigaBytes
Max Memory Allocated: 0.03352785110473633  GigaBytes

torch.Size([7991, 500])
torch.Size([2654, 128])
torch.Size([577, 128])
-----------------------------------------batch_pred = model(blocks, batch_inputs) 
 Nvidia-smi: 1.2889404296875 GB
    Memory Allocated: 0.022295475006103516  GigaBytes
Max Memory Allocated: 0.03352785110473633  GigaBytes

----------------------------------------before batch_pred = model(blocks, batch_inputs) 
 Nvidia-smi: 1.3045654296875 GB
    Memory Allocated: 0.017273426055908203  GigaBytes
Max Memory Allocated: 0.03352785110473633  GigaBytes

torch.Size([8234, 500])
torch.Size([2122, 128])
torch.Size([414, 128])
-----------------------------------------batch_pred = model(blocks, batch_inputs) 
 Nvidia-smi: 1.3045654296875 GB
    Memory Allocated: 0.021708965301513672  GigaBytes
Max Memory Allocated: 0.03352785110473633  GigaBytes

----------------------------------------before batch_pred = model(blocks, batch_inputs) 
 Nvidia-smi: 1.3045654296875 GB
    Memory Allocated: 0.004767894744873047  GigaBytes
Max Memory Allocated: 0.03352785110473633  GigaBytes

torch.Size([1757, 500])
torch.Size([419, 128])
torch.Size([103, 128])
-----------------------------------------batch_pred = model(blocks, batch_inputs) 
 Nvidia-smi: 1.3045654296875 GB
    Memory Allocated: 0.005706310272216797  GigaBytes
Max Memory Allocated: 0.03352785110473633  GigaBytes

times | data loading | block to device | model prediction | loss calculation | loss backward |  optimizer step |
      |0.005672246217727661 |0.042998939752578735 |0.09984707832336426 |0.00013968348503112793 |0.003467261791229248 |0.002621889114379883 |
----------------------------------------------------------pseudo_mini_loss sum 1.872613549232483
 Run 0| Epoch 0 |
Number of nodes for computation during this epoch:  69580
Number of first layer input nodes during this epoch:  52428
----------------------------------------before generate_dataloader_block 
 Nvidia-smi: 1.3045654296875 GB
    Memory Allocated: 0.006304264068603516  GigaBytes
Max Memory Allocated: 0.03352785110473633  GigaBytes

The real block id is  3
get_global_graph_edges_ids_block function  spend 0.00047850608825683594
random selection method range initialization spend 0.0001068115234375
time for parepare:  4.696846008300781e-05
local_output_nid generation:  6.4373016357421875e-06
local_in_edges_tensor generation:  0.000171661376953125
mini_batch_src_global generation:  2.1457672119140625e-05
r_  generation:  3.7670135498046875e-05
local_output_nid generation:  5.245208740234375e-06
local_in_edges_tensor generation:  0.00010180473327636719
mini_batch_src_global generation:  1.5974044799804688e-05
r_  generation:  2.2649765014648438e-05
local_output_nid generation:  5.0067901611328125e-06
local_in_edges_tensor generation:  9.417533874511719e-05
mini_batch_src_global generation:  1.4781951904296875e-05
r_  generation:  2.4318695068359375e-05
local_output_nid generation:  5.0067901611328125e-06
local_in_edges_tensor generation:  9.250640869140625e-05
mini_batch_src_global generation:  1.4066696166992188e-05
r_  generation:  1.5020370483398438e-05
local_output_nid generation:  4.291534423828125e-06
local_in_edges_tensor generation:  9.1552734375e-05
mini_batch_src_global generation:  1.430511474609375e-05
r_  generation:  2.193450927734375e-05
local_output_nid generation:  4.0531158447265625e-06
local_in_edges_tensor generation:  0.00010991096496582031
mini_batch_src_global generation:  2.002716064453125e-05
r_  generation:  2.765655517578125e-05
local_output_nid generation:  4.76837158203125e-06
local_in_edges_tensor generation:  0.00027751922607421875
mini_batch_src_global generation:  2.0503997802734375e-05
r_  generation:  3.170967102050781e-05
local_output_nid generation:  4.5299530029296875e-06
local_in_edges_tensor generation:  0.00010538101196289062
mini_batch_src_global generation:  1.52587890625e-05
r_  generation:  3.123283386230469e-05
----------------------check_connections_block total spend ----------------------------- 0.0018477439880371094
generate_one_block  0.0012433528900146484
generate_one_block  0.0010344982147216797
generate_one_block  0.0010116100311279297
generate_one_block  0.0010061264038085938
generate_one_block  0.0010378360748291016
generate_one_block  0.0010082721710205078
generate_one_block  0.0010349750518798828
generate_one_block  0.001043081283569336
The real block id is  2
get_global_graph_edges_ids_block function  spend 0.0005345344543457031
gen group dst list time:  5.054473876953125e-05
time for parepare:  0.0002624988555908203
local_output_nid generation:  5.4836273193359375e-06
local_in_edges_tensor generation:  0.0001766681671142578
mini_batch_src_global generation:  3.790855407714844e-05
r_  generation:  0.0001857280731201172
local_output_nid generation:  6.4373016357421875e-06
local_in_edges_tensor generation:  0.00011134147644042969
mini_batch_src_global generation:  3.123283386230469e-05
r_  generation:  0.00012540817260742188
local_output_nid generation:  8.106231689453125e-06
local_in_edges_tensor generation:  0.00011086463928222656
mini_batch_src_global generation:  3.075599670410156e-05
r_  generation:  0.0001671314239501953
local_output_nid generation:  4.0531158447265625e-06
local_in_edges_tensor generation:  0.00010609626770019531
mini_batch_src_global generation:  2.4557113647460938e-05
r_  generation:  9.417533874511719e-05
local_output_nid generation:  6.4373016357421875e-06
local_in_edges_tensor generation:  0.00010728836059570312
mini_batch_src_global generation:  2.47955322265625e-05
r_  generation:  0.00012135505676269531
local_output_nid generation:  6.198883056640625e-06
local_in_edges_tensor generation:  0.00010752677917480469
mini_batch_src_global generation:  3.4332275390625e-05
r_  generation:  0.00023055076599121094
local_output_nid generation:  6.9141387939453125e-06
local_in_edges_tensor generation:  0.00011014938354492188
mini_batch_src_global generation:  5.459785461425781e-05
r_  generation:  0.00014543533325195312
local_output_nid generation:  6.67572021484375e-06
local_in_edges_tensor generation:  0.00011682510375976562
mini_batch_src_global generation:  3.6716461181640625e-05
r_  generation:  0.0002658367156982422
----------------------check_connections_block total spend ----------------------------- 0.0034208297729492188
generate_one_block  0.0012657642364501953
generate_one_block  0.0012090206146240234
generate_one_block  0.0012488365173339844
generate_one_block  0.0011296272277832031
generate_one_block  0.0011491775512695312
generate_one_block  0.0013315677642822266
generate_one_block  0.0011720657348632812
generate_one_block  0.0013387203216552734
The real block id is  1
get_global_graph_edges_ids_block function  spend 0.0012288093566894531
gen group dst list time:  0.00010085105895996094
time for parepare:  0.0007393360137939453
local_output_nid generation:  3.647804260253906e-05
local_in_edges_tensor generation:  0.0002892017364501953
mini_batch_src_global generation:  0.00015044212341308594
r_  generation:  0.001176595687866211
local_output_nid generation:  2.765655517578125e-05
local_in_edges_tensor generation:  0.00016236305236816406
mini_batch_src_global generation:  0.0001499652862548828
r_  generation:  0.0008769035339355469
local_output_nid generation:  3.6716461181640625e-05
local_in_edges_tensor generation:  0.000171661376953125
mini_batch_src_global generation:  0.00011277198791503906
r_  generation:  0.0011105537414550781
local_output_nid generation:  2.5033950805664062e-05
local_in_edges_tensor generation:  0.0001518726348876953
mini_batch_src_global generation:  8.082389831542969e-05
r_  generation:  0.0005536079406738281
local_output_nid generation:  2.47955322265625e-05
local_in_edges_tensor generation:  0.0001773834228515625
mini_batch_src_global generation:  7.343292236328125e-05
r_  generation:  0.0006260871887207031
local_output_nid generation:  4.172325134277344e-05
local_in_edges_tensor generation:  0.0001995563507080078
mini_batch_src_global generation:  0.00016188621520996094
r_  generation:  0.0017631053924560547
local_output_nid generation:  2.2411346435546875e-05
local_in_edges_tensor generation:  0.0001494884490966797
mini_batch_src_global generation:  0.00010228157043457031
r_  generation:  0.0005953311920166016
local_output_nid generation:  4.649162292480469e-05
local_in_edges_tensor generation:  0.00019621849060058594
mini_batch_src_global generation:  0.00017976760864257812
r_  generation:  0.0018846988677978516
----------------------check_connections_block total spend ----------------------------- 0.014672517776489258
generate_one_block  0.0029070377349853516
generate_one_block  0.0019412040710449219
generate_one_block  0.002332448959350586
generate_one_block  0.0015952587127685547
generate_one_block  0.001646280288696289
generate_one_block  0.003160715103149414
generate_one_block  0.001699686050415039
generate_one_block  0.0032994747161865234
The real block id is  0
get_global_graph_edges_ids_block function  spend 0.0020325183868408203
gen group dst list time:  0.000263214111328125
time for parepare:  0.0015895366668701172
local_output_nid generation:  0.00018596649169921875
local_in_edges_tensor generation:  0.0007216930389404297
mini_batch_src_global generation:  0.0006279945373535156
r_  generation:  0.005396604537963867
local_output_nid generation:  0.00014925003051757812
local_in_edges_tensor generation:  0.0003840923309326172
mini_batch_src_global generation:  0.0006201267242431641
r_  generation:  0.0045621395111083984
local_output_nid generation:  0.00019073486328125
local_in_edges_tensor generation:  0.0004634857177734375
mini_batch_src_global generation:  0.0006840229034423828
r_  generation:  0.0067212581634521484
local_output_nid generation:  8.726119995117188e-05
local_in_edges_tensor generation:  0.0002543926239013672
mini_batch_src_global generation:  0.0003941059112548828
r_  generation:  0.003231048583984375
local_output_nid generation:  0.00010466575622558594
local_in_edges_tensor generation:  0.0002846717834472656
mini_batch_src_global generation:  0.0003578662872314453
r_  generation:  0.0033495426177978516
local_output_nid generation:  0.00015044212341308594
local_in_edges_tensor generation:  0.00036835670471191406
mini_batch_src_global generation:  0.0005309581756591797
r_  generation:  0.00579071044921875
local_output_nid generation:  8.511543273925781e-05
local_in_edges_tensor generation:  0.0002384185791015625
mini_batch_src_global generation:  0.00034117698669433594
r_  generation:  0.002614259719848633
local_output_nid generation:  0.00020241737365722656
local_in_edges_tensor generation:  0.0004336833953857422
mini_batch_src_global generation:  0.00058746337890625
r_  generation:  0.007055521011352539
----------------------check_connections_block total spend ----------------------------- 0.0588221549987793
generate_one_block  0.00857234001159668
generate_one_block  0.007065534591674805
generate_one_block  0.01006460189819336
generate_one_block  0.00534510612487793
generate_one_block  0.005627632141113281
generate_one_block  0.008973836898803711
generate_one_block  0.004439830780029297
generate_one_block  0.010203838348388672
-----------------------------------------after block dataloader generation 
 Nvidia-smi: 1.3045654296875 GB
    Memory Allocated: 0.006304264068603516  GigaBytes
Max Memory Allocated: 0.03352785110473633  GigaBytes

connection checking time:  0.07691550254821777
block generation total time  0.08871960639953613
average batch blocks generation time: Using backend: pytorch
 0.011089950799942017
block dataloader generation time/epoch 0.1970348358154297
----------------------------------------before batch_pred = model(blocks, batch_inputs) 
 Nvidia-smi: 1.3045654296875 GB
    Memory Allocated: 0.01709461212158203  GigaBytes
Max Memory Allocated: 0.03352785110473633  GigaBytes

torch.Size([7520, 500])
torch.Size([2395, 128])
torch.Size([429, 128])
-----------------------------------------batch_pred = model(blocks, batch_inputs) 
 Nvidia-smi: 1.3045654296875 GB
    Memory Allocated: 0.022464275360107422  GigaBytes
Max Memory Allocated: 0.03352785110473633  GigaBytes

----------------------------------------before batch_pred = model(blocks, batch_inputs) 
 Nvidia-smi: 1.3045654296875 GB
    Memory Allocated: 0.015377521514892578  GigaBytes
Max Memory Allocated: 0.03352785110473633  GigaBytes

torch.Size([6615, 500])
torch.Size([1521, 128])
torch.Size([272, 128])
-----------------------------------------batch_pred = model(blocks, batch_inputs) 
 Nvidia-smi: 1.3045654296875 GB
    Memory Allocated: 0.018509864807128906  GigaBytes
Max Memory Allocated: 0.03352785110473633  GigaBytes

----------------------------------------before batch_pred = model(blocks, batch_inputs) 
 Nvidia-smi: 1.3065185546875 GB
    Memory Allocated: 0.021664142608642578  GigaBytes
Max Memory Allocated: 0.033768653869628906  GigaBytes

torch.Size([9950, 500])
torch.Size([2304, 128])
torch.Size([401, 128])
-----------------------------------------batch_pred = model(blocks, batch_inputs) 
 Nvidia-smi: 1.3065185546875 GB
    Memory Allocated: 0.026389122009277344  GigaBytes
Max Memory Allocated: 0.033768653869628906  GigaBytes

----------------------------------------before batch_pred = model(blocks, batch_inputs) 
 Nvidia-smi: 1.3065185546875 GB
    Memory Allocated: 0.012536048889160156  GigaBytes
Max Memory Allocated: 0.033768653869628906  GigaBytes

torch.Size([5112, 500])
torch.Size([937, 128])
torch.Size([242, 128])
-----------------------------------------batch_pred = model(blocks, batch_inputs) 
 Nvidia-smi: 1.3065185546875 GB
    Memory Allocated: 0.014633655548095703  GigaBytes
Max Memory Allocated: 0.033768653869628906  GigaBytes

----------------------------------------before batch_pred = model(blocks, batch_inputs) 
 Nvidia-smi: 1.3065185546875 GB
    Memory Allocated: 0.013696670532226562  GigaBytes
Max Memory Allocated: 0.033768653869628906  GigaBytes

torch.Size([5732, 500])
torch.Size([1164, 128])
torch.Size([273, 128])
-----------------------------------------batch_pred = model(blocks, batch_inputs) 
 Nvidia-smi: 1.3065185546875 GB
    Memory Allocated: 0.01625967025756836  GigaBytes
Max Memory Allocated: 0.033768653869628906  GigaBytes

----------------------------------------before batch_pred = model(blocks, batch_inputs) 
 Nvidia-smi: 1.3065185546875 GB
    Memory Allocated: 0.015582561492919922  GigaBytes
Max Memory Allocated: 0.033768653869628906  GigaBytes

torch.Size([6686, 500])
torch.Size([1908, 128])
torch.Size([495, 128])
-----------------------------------------batch_pred = model(blocks, batch_inputs) 
 Nvidia-smi: 1.3065185546875 GB
    Memory Allocated: 0.019875049591064453  GigaBytes
Max Memory Allocated: 0.033768653869628906  GigaBytes

----------------------------------------before batch_pred = model(blocks, batch_inputs) 
 Nvidia-smi: 1.3065185546875 GB
    Memory Allocated: 0.010993480682373047  GigaBytes
Max Memory Allocated: 0.033768653869628906  GigaBytes

torch.Size([4292, 500])
torch.Size([942, 128])
torch.Size([227, 128])
-----------------------------------------batch_pred = model(blocks, batch_inputs) 
 Nvidia-smi: 1.3065185546875 GB
    Memory Allocated: 0.013127803802490234  GigaBytes
Max Memory Allocated: 0.033768653869628906  GigaBytes

----------------------------------------before batch_pred = model(blocks, batch_inputs) 
 Nvidia-smi: 1.3065185546875 GB
    Memory Allocated: 0.018359661102294922  GigaBytes
Max Memory Allocated: 0.033768653869628906  GigaBytes

torch.Size([8158, 500])
torch.Size([2719, 128])
torch.Size([578, 128])
-----------------------------------------batch_pred = model(blocks, batch_inputs) 
 Nvidia-smi: 1.3065185546875 GB
    Memory Allocated: 0.024156570434570312  GigaBytes
Max Memory Allocated: 0.033768653869628906  GigaBytes

times | data loading | block to device | model prediction | loss calculation | loss backward |  optimizer step |
      |0.0024743974208831787 |0.0007830560207366943 |0.004957735538482666 |0.00014203786849975586 |0.00266873836517334 |0.002359628677368164 |
----------------------------------------------------------pseudo_mini_loss sum 1.4374712705612183
Total (block generation + training)time/epoch 0.2993345260620117
Training time/epoch 0.10208845138549805
Training time without block to device /epoch 0.09582400321960449
Training time without total dataloading part /epoch 0.06450772285461426
load block tensor time/epoch 0.01979517936706543
block to device time/epoch 0.006264448165893555
input features size transfer per epoch 1.0728836059570312e-06
blocks size to device per epoch 7.152557373046875e-07
 Run 0| Epoch 1 |
Number of nodes for computation during this epoch:  71229
Number of first layer input nodes during this epoch:  54065
