main start at this time 1648530753.4429903
-----------------------------------------before load data 
 Nvidia-smi: 0.1717529296875 GB
    Memory Allocated: 0.0  GigaBytes
Max Memory Allocated: 0.0  GigaBytes

  NumNodes: 19717
  NumEdges: 88651
  NumFeats: 500
  NumClasses: 3
  NumTrainingSamples: 60
  NumValidationSamples: 500
  NumTestSamples: 1000
Done loading data from cached files.
success----------------------------------------
60
500
19157
# Nodes: 19717
# Edges: 88648
# Train: 60
# Val: 500
# Test: 19157
# Classes: 3

in feats:  500
----------------------------------------before generate_dataloader_block 
 Nvidia-smi: 1.0174560546875 GB
    Memory Allocated: 0.00014257431030273438  GigaBytes
Max Memory Allocated: 0.00014257431030273438  GigaBytes

The real block id is  3
get_global_graph_edges_ids_block function  spend 0.0011866092681884766
range selection method range initialization spend 8.344650268554688e-05
time for parepare:  4.6253204345703125e-05
local_output_nid generation:  2.765655517578125e-05
local_in_edges_tensor generation:  0.0001895427703857422
mini_batch_src_global generation:  2.3365020751953125e-05
r_  generation:  0.0012195110321044922
local_output_nid generation:  5.7220458984375e-06
local_in_edges_tensor generation:  0.0001327991485595703
mini_batch_src_global generation:  2.5272369384765625e-05
r_  generation:  4.00543212890625e-05
local_output_nid generation:  4.76837158203125e-06
local_in_edges_tensor generation:  0.00010395050048828125
mini_batch_src_global generation:  1.5974044799804688e-05
r_  generation:  2.2649765014648438e-05
local_output_nid generation:  4.76837158203125e-06
local_in_edges_tensor generation:  9.989738464355469e-05
mini_batch_src_global generation:  1.4781951904296875e-05
r_  generation:  1.9073486328125e-05
local_output_nid generation:  4.291534423828125e-06
local_in_edges_tensor generation:  9.751319885253906e-05
mini_batch_src_global generation:  1.5020370483398438e-05
r_  generation:  2.765655517578125e-05
local_output_nid generation:  4.291534423828125e-06
local_in_edges_tensor generation:  9.703636169433594e-05
mini_batch_src_global generation:  1.6450881958007812e-05
r_  generation:  2.765655517578125e-05
local_output_nid generation:  4.291534423828125e-06
local_in_edges_tensor generation:  9.584426879882812e-05
mini_batch_src_global generation:  1.5020370483398438e-05
r_  generation:  2.1457672119140625e-05
local_output_nid generation:  3.0994415283203125e-06
local_in_edges_tensor generation:  0.00010061264038085938
mini_batch_src_global generation:  1.52587890625e-05
r_  generation:  2.3126602172851562e-05
----------------------check_connections_block total spend ----------------------------- 0.0029087066650390625
generate_one_block  0.0012829303741455078
generate_one_block  0.0010852813720703125
generate_one_block  0.0010471343994140625
generate_one_block  0.0010480880737304688
generate_one_block  0.001049041748046875
generate_one_block  0.0010614395141601562
generate_one_block  0.0010538101196289062
generate_one_block  0.0010330677032470703
The real block id is  2
get_global_graph_edges_ids_block function  spend 0.0007519721984863281
gen group dst list time:  5.269050598144531e-05
time for parepare:  0.00024700164794921875
local_output_nid generation:  5.4836273193359375e-06
local_in_edges_tensor generation:  0.000240325927734375
mini_batch_src_global generation:  3.743171691894531e-05
r_  generation:  0.0002281665802001953
local_output_nid generation:  7.3909759521484375e-06
local_in_edges_tensor generation:  0.00012803077697753906
mini_batch_src_global generation:  6.127357482910156e-05
r_  generation:  0.00026154518127441406
local_output_nid generation:  3.5762786865234375e-06
local_in_edges_tensor generation:  0.00011706352233886719
mini_batch_src_global generation:  3.170967102050781e-05
r_  generation:  0.0001430511474609375
local_output_nid generation:  3.5762786865234375e-06
local_in_edges_tensor generation:  0.00011324882507324219
mini_batch_src_global generation:  2.6702880859375e-05
r_  generation:  0.00012803077697753906
local_output_nid generation:  5.7220458984375e-06
local_in_edges_tensor generation:  0.00011110305786132812
mini_batch_src_global generation:  2.4080276489257812e-05
r_  generation:  0.0001201629638671875
local_output_nid generation:  5.7220458984375e-06
local_in_edges_tensor generation:  0.00011181831359863281
mini_batch_src_global generation:  3.314018249511719e-05
r_  generation:  0.00023365020751953125
local_output_nid generation:  4.0531158447265625e-06
local_in_edges_tensor generation:  0.000110626220703125
mini_batch_src_global generation:  2.9325485229492188e-05
r_  generation:  0.00011777877807617188
local_output_nid generation:  4.291534423828125e-06
local_in_edges_tensor generation:  0.00011038780212402344
mini_batch_src_global generation:  2.6702880859375e-05
r_  generation:  0.00015044212341308594
----------------------check_connections_block total spend ----------------------------- 0.0035359859466552734
generate_one_block  0.0013971328735351562
generate_one_block  0.0013880729675292969
generate_one_block  0.0012269020080566406
generate_one_block  0.0012159347534179688
generate_one_block  0.0011680126190185547
generate_one_block  0.0013468265533447266
generate_one_block  0.001237630844116211
generate_one_block  0.001230001449584961
The real block id is  1
get_global_graph_edges_ids_block function  spend 0.0011823177337646484
gen group dst list time:  9.298324584960938e-05
time for parepare:  0.0007994174957275391
local_output_nid generation:  3.9577484130859375e-05
local_in_edges_tensor generation:  0.0002779960632324219
mini_batch_src_global generation:  0.00016117095947265625
r_  generation:  0.0017077922821044922
local_output_nid generation:  4.100799560546875e-05
local_in_edges_tensor generation:  0.00019693374633789062
mini_batch_src_global generation:  0.0002067089080810547
r_  generation:  0.0014390945434570312
local_output_nid generation:  3.0040740966796875e-05
local_in_edges_tensor generation:  0.00016641616821289062
mini_batch_src_global generation:  0.00011920928955078125
r_  generation:  0.0008602142333984375
local_output_nid generation:  2.86102294921875e-05
local_in_edges_tensor generation:  0.0001633167266845703
mini_batch_src_global generation:  0.00011897087097167969
r_  generation:  0.0010235309600830078
local_output_nid generation:  1.6450881958007812e-05
local_in_edges_tensor generation:  0.00014472007751464844
mini_batch_src_global generation:  8.344650268554688e-05
r_  generation:  0.0005571842193603516
local_output_nid generation:  3.814697265625e-05
local_in_edges_tensor generation:  0.00018215179443359375
mini_batch_src_global generation:  0.00015211105346679688
r_  generation:  0.0016634464263916016
local_output_nid generation:  2.4318695068359375e-05
local_in_edges_tensor generation:  0.00015854835510253906
mini_batch_src_global generation:  0.0001125335693359375
r_  generation:  0.0007703304290771484
local_output_nid generation:  3.0517578125e-05
local_in_edges_tensor generation:  0.0001666545867919922
mini_batch_src_global generation:  9.655952453613281e-05
r_  generation:  0.0009057521820068359
----------------------check_connections_block total spend ----------------------------- 0.014950037002563477
generate_one_block  0.0032682418823242188
generate_one_block  0.002727985382080078
generate_one_block  0.0019483566284179688
generate_one_block  0.0022149085998535156
generate_one_block  0.0015575885772705078
generate_one_block  0.003035306930541992
generate_one_block  0.001880645751953125
generate_one_block  0.0019600391387939453
The real block id is  0
get_global_graph_edges_ids_block function  spend 0.0020647048950195312
gen group dst list time:  0.00026035308837890625
time for parepare:  0.0016155242919921875
local_output_nid generation:  0.00017642974853515625
local_in_edges_tensor generation:  0.0006959438323974609
mini_batch_src_global generation:  0.0008723735809326172
r_  generation:  0.007151603698730469
local_output_nid generation:  0.00018644332885742188
local_in_edges_tensor generation:  0.00042819976806640625
mini_batch_src_global generation:  0.0006988048553466797
r_  generation:  0.005744218826293945
local_output_nid generation:  0.00012612342834472656
local_in_edges_tensor generation:  0.00032448768615722656
mini_batch_src_global generation:  0.0004794597625732422
r_  generation:  0.00437164306640625
local_output_nid generation:  0.00013446807861328125
local_in_edges_tensor generation:  0.00033164024353027344
mini_batch_src_global generation:  0.0004901885986328125
r_  generation:  0.0052661895751953125
local_output_nid generation:  8.96453857421875e-05
local_in_edges_tensor generation:  0.0002396106719970703
mini_batch_src_global generation:  0.0003147125244140625
r_  generation:  0.0025205612182617188
local_output_nid generation:  0.00014853477478027344
local_in_edges_tensor generation:  0.0003418922424316406
mini_batch_src_global generation:  0.0004527568817138672
r_  generation:  0.005406618118286133
local_output_nid generation:  0.00012636184692382812
local_in_edges_tensor generation:  0.0002987384796142578
mini_batch_src_global generation:  0.00040268898010253906
r_  generation:  0.003598451614379883
local_output_nid generation:  0.00012922286987304688
local_in_edges_tensor generation:  0.0002982616424560547
mini_batch_src_global generation:  0.00040793418884277344
r_  generation:  0.004437446594238281
----------------------check_connections_block total spend ----------------------------- 0.05817866325378418
generate_one_block  0.01016998291015625
generate_one_block  0.007898092269897461
generate_one_block  0.007112979888916016
generate_one_block  0.008208990097045898
generate_one_block  0.004466056823730469
generate_one_block  0.008698463439941406
generate_one_block  0.005665302276611328
generate_one_block  0.00682377815246582
-----------------------------------------after block dataloader generation 
 Nvidia-smi: 1.0174560546875 GB
    Memory Allocated: 0.00014257431030273438  GigaBytes
Max Memory Allocated: 0.00014257431030273438  GigaBytes

connection checking time:  0.07666468620300293
block generation total time  0.08784723281860352
average batch blocks generation time:  0.01098090410232544
----------------------------------------before batch_pred = model(blocks, batch_inputs) 
 Nvidia-smi: 1.0975341796875 GB
    Memory Allocated: 0.01600360870361328  GigaBytes
Max Memory Allocated: 0.01600360870361328  GigaBytes

torch.Size([7892, 500])
torch.Size([2430, 32])
torch.Size([505, 32])
-----------------------------------------batch_pred = model(blocks, batch_inputs) 
 Nvidia-smi: 1.2596435546875 GB
    Memory Allocated: 0.017490863800048828  GigaBytes
Max Memory Allocated: 0.018017292022705078  GigaBytes

----------------------------------------before batch_pred = model(blocks, batch_inputs) 
 Nvidia-smi: 1.2772216796875 GB
    Memory Allocated: 0.01469278335571289  GigaBytes
Max Memory Allocated: 0.030142784118652344  GigaBytes

torch.Size([7642, 500])
torch.Size([2378, 32])
torch.Size([519, 32])
-----------------------------------------batch_pred = model(blocks, batch_inputs) 
 Nvidia-smi: 1.2772216796875 GB
    Memory Allocated: 0.016122817993164062  GigaBytes
Max Memory Allocated: 0.030142784118652344  GigaBytes

----------------------------------------before batch_pred = model(blocks, batch_inputs) 
 Nvidia-smi: 1.2772216796875 GB
    Memory Allocated: 0.012666702270507812  GigaBytes
Max Memory Allocated: 0.030142784118652344  GigaBytes

torch.Size([6569, 500])
torch.Size([1373, 32])
torch.Size([326, 32])
-----------------------------------------batch_pred = model(blocks, batch_inputs) 
 Nvidia-smi: 1.2772216796875 GB
    Memory Allocated: 0.013548851013183594  GigaBytes
Max Memory Allocated: 0.030142784118652344  GigaBytes

----------------------------------------before batch_pred = model(blocks, batch_inputs) 
 Nvidia-smi: 1.2772216796875 GB
    Memory Allocated: 0.013487815856933594  GigaBytes
Max Memory Allocated: 0.030142784118652344  GigaBytes

torch.Size([6995, 500])
torch.Size([1651, 32])
torch.Size([315, 32])
-----------------------------------------batch_pred = model(blocks, batch_inputs) 
 Nvidia-smi: 1.2772216796875 GB
    Memory Allocated: 0.014500617980957031  GigaBytes
Max Memory Allocated: 0.030142784118652344  GigaBytes

----------------------------------------before batch_pred = model(blocks, batch_inputs) 
 Nvidia-smi: 1.2772216796875 GB
    Memory Allocated: 0.00795602798461914  GigaBytes
Max Memory Allocated: 0.030142784118652344  GigaBytes

torch.Size([4076, 500])
torch.Size([1031, 32])
torch.Size([174, 32])
-----------------------------------------batch_pred = model(blocks, batch_inputs) 
 Nvidia-smi: 1.2772216796875 GB
    Memory Allocated: 0.008568763732910156  GigaBytes
Max Memory Allocated: 0.030142784118652344  GigaBytes

----------------------------------------before batch_pred = model(blocks, batch_inputs) 
 Nvidia-smi: 1.2772216796875 GB
    Memory Allocated: 0.011771678924560547  GigaBytes
Max Memory Allocated: 0.030142784118652344  GigaBytes

torch.Size([6061, 500])
torch.Size([1806, 32])
torch.Size([443, 32])
-----------------------------------------batch_pred = model(blocks, batch_inputs) 
 Nvidia-smi: 1.2772216796875 GB
    Memory Allocated: 0.012946605682373047  GigaBytes
Max Memory Allocated: 0.030142784118652344  GigaBytes

----------------------------------------before batch_pred = model(blocks, batch_inputs) 
 Nvidia-smi: 1.2772216796875 GB
    Memory Allocated: 0.010615825653076172  GigaBytes
Max Memory Allocated: 0.030142784118652344  GigaBytes

torch.Size([5485, 500])
torch.Size([1508, 32])
torch.Size([264, 32])
-----------------------------------------batch_pred = model(blocks, batch_inputs) 
 Nvidia-smi: 1.2772216796875 GB
    Memory Allocated: 0.011488914489746094  GigaBytes
Max Memory Allocated: 0.030142784118652344  GigaBytes

----------------------------------------before batch_pred = model(blocks, batch_inputs) 
 Nvidia-smi: 1.2772216796875 GB
    Memory Allocated: 0.014074325561523438  GigaBytes
Max Memory Allocated: 0.030142784118652344  GigaBytes

torch.Size([7329, 500])
torch.Size([1495, 32])
torch.Size([347, 32])
-----------------------------------------batch_pred = model(blocks, batch_inputs) 
 Nvidia-smi: 1.2772216796875 GB
    Memory Allocated: 0.015008926391601562  GigaBytes
Max Memory Allocated: 0.030142784118652344  GigaBytes

times | data loading | block to device | model prediction | loss calculation | loss backward |  optimizer step |
      |0.006765544414520264 |0.042781978845596313 |0.09882548451423645 |0.00013574957847595215 |0.0039688944816589355 |0.002574920654296875 |
----------------------------------------------------------pseudo_mini_loss sum 2.655115842819214
 Run 0| Epoch 0 |
Number of nodes for computation during this epoch:  68970
Number of first layer input nodes during this epoch:  52049
----------------------------------------before generate_dataloader_block 
 Nvidia-smi: 1.2772216796875 GB
    Memory Allocated: 0.014674186706542969  GigaBytes
Max Memory Allocated: 0.030142784118652344  GigaBytes

The real block id is  3
get_global_graph_edges_ids_block function  spend 0.0004658699035644531
range selection method range initialization spend 5.626678466796875e-05
time for parepare:  5.1021575927734375e-05
local_output_nid generation:  6.198883056640625e-06
local_in_edges_tensor generation:  0.00017189979553222656
mini_batch_src_global generation:  2.193450927734375e-05
r_  generation:  3.9577484130859375e-05
local_output_nid generation:  5.245208740234375e-06
local_in_edges_tensor generation:  0.00010538101196289062
mini_batch_src_global generation:  1.621246337890625e-05
r_  generation:  2.574920654296875e-05
local_output_nid generation:  4.0531158447265625e-06
local_in_edges_tensor generation:  9.894371032714844e-05
mini_batch_src_global generation:  1.5735626220703125e-05
r_  generation:  2.6226043701171875e-05
local_output_nid generation:  4.0531158447265625e-06
local_in_edges_tensor generation:  9.870529174804688e-05
mini_batch_src_global generation:  1.5497207641601562e-05
r_  generation:  1.8835067749023438e-05
local_output_nid generation:  4.5299530029296875e-06
local_in_edges_tensor generation:  9.608268737792969e-05
mini_batch_src_global generation:  1.6450881958007812e-05
r_  generation:  3.170967102050781e-05
local_output_nid generation:  4.76837158203125e-06
local_in_edges_tensor generation:  0.00011324882507324219
mini_batch_src_global generation:  1.8835067749023438e-05
r_  generation:  2.0503997802734375e-05
local_output_nid generation:  5.0067901611328125e-06
local_in_edges_tensor generation:  0.00029754638671875
mini_batch_src_global generation:  2.09808349609375e-05
r_  generation:  3.409385681152344e-05
local_output_nid generation:  4.291534423828125e-06
local_in_edges_tensor generation:  0.00011134147644042969
mini_batch_src_global generation:  1.5735626220703125e-05
r_  generation:  1.8596649169921875e-05
----------------------check_connections_block total spend ----------------------------- 0.0019192695617675781
generate_one_block  0.0013439655303955078
generate_one_block  0.001062154769897461
generate_one_block  0.0010428428649902344
generate_one_block  0.001031637191772461
generate_one_block  0.001069784164428711
generate_one_block  0.0010292530059814453
generate_one_block  0.0010447502136230469
generate_one_block  0.0010247230529785156
The real block id is  2
get_global_graph_edges_ids_block function  spend 0.0005440711975097656
gen group dst list time:  5.078315734863281e-05
time for parepare:  0.00025463104248046875
local_output_nid generation:  6.198883056640625e-06
local_in_edges_tensor generation:  0.0001862049102783203
mini_batch_src_global generation:  4.553794860839844e-05
r_  generation:  0.0002868175506591797
local_output_nid generation:  4.5299530029296875e-06
local_in_edges_tensor generation:  0.00011754035949707031
mini_batch_src_global generation:  3.361701965332031e-05
r_  generation:  0.0001461505889892578
local_output_nid generation:  5.9604644775390625e-06
local_in_edges_tensor generation:  0.00011491775512695312
mini_batch_src_global generation:  3.62396240234375e-05
r_  generation:  0.00023484230041503906
local_output_nid generation:  4.0531158447265625e-06
local_in_edges_tensor generation:  0.00011157989501953125
mini_batch_src_global generation:  2.86102294921875e-05
r_  generation:  9.894371032714844e-05
local_output_nid generation:  7.867813110351562e-06
local_in_edges_tensor generation:  0.00011515617370605469
mini_batch_src_global generation:  3.5762786865234375e-05
r_  generation:  0.00026345252990722656
local_output_nid generation:  3.814697265625e-06
local_in_edges_tensor generation:  0.00011205673217773438
mini_batch_src_global generation:  3.0040740966796875e-05
r_  generation:  0.00013709068298339844
local_output_nid generation:  6.4373016357421875e-06
local_in_edges_tensor generation:  0.00011324882507324219
mini_batch_src_global generation:  2.7418136596679688e-05
r_  generation:  0.00014710426330566406
local_output_nid generation:  3.814697265625e-06
local_in_edges_tensor generation:  0.00010895729064941406
mini_batch_src_global generation:  2.288818359375e-05
r_  generation:  7.367134094238281e-05
----------------------check_connections_block total spend ----------------------------- 0.0034809112548828125
generate_one_block  0.0014243125915527344
generate_one_block  0.0012772083282470703
generate_one_block  0.0013446807861328125
generate_one_block  0.0011284351348876953
generate_one_block  0.0013816356658935547
generate_one_block  0.0012028217315673828
generate_one_block  0.0011982917785644531
generate_one_block  0.0011029243469238281
The real block id is  1
get_global_graph_edges_ids_block function  spend 0.0012354850769042969
gen group dst list time:  9.72747802734375e-05
time for parepare:  0.0007221698760986328
local_output_nid generation:  4.267692565917969e-05
local_in_edges_tensor generation:  0.0003399848937988281
mini_batch_src_global generation:  0.0002181529998779297
r_  generation:  0.002027750015258789
local_output_nid generation:  3.0040740966796875e-05
local_in_edges_tensor generation:  0.00016927719116210938
mini_batch_src_global generation:  0.0001537799835205078
r_  generation:  0.0009799003601074219
local_output_nid generation:  4.00543212890625e-05
local_in_edges_tensor generation:  0.0001919269561767578
mini_batch_src_global generation:  0.00020003318786621094
r_  generation:  0.0018694400787353516
local_output_nid generation:  1.7642974853515625e-05
local_in_edges_tensor generation:  0.0001468658447265625
mini_batch_src_global generation:  0.00010633468627929688
r_  generation:  0.00041937828063964844
local_output_nid generation:  5.1975250244140625e-05
local_in_edges_tensor generation:  0.00020313262939453125
mini_batch_src_global generation:  0.00013566017150878906
r_  generation:  0.0015799999237060547
local_output_nid generation:  2.8848648071289062e-05
local_in_edges_tensor generation:  0.00016379356384277344
mini_batch_src_global generation:  0.00011563301086425781
r_  generation:  0.0008547306060791016
local_output_nid generation:  2.4318695068359375e-05
local_in_edges_tensor generation:  0.00015854835510253906
mini_batch_src_global generation:  7.891654968261719e-05
r_  generation:  0.0006029605865478516
local_output_nid generation:  1.3113021850585938e-05
local_in_edges_tensor generation:  0.00014162063598632812
mini_batch_src_global generation:  7.033348083496094e-05
r_  generation:  0.0005235671997070312
----------------------check_connections_block total spend ----------------------------- 0.014811038970947266
generate_one_block  0.003435850143432617
generate_one_block  0.002035856246948242
generate_one_block  0.0030913352966308594
generate_one_block  0.001371622085571289
generate_one_block  0.002793550491333008
generate_one_block  0.0019392967224121094
generate_one_block  0.0016984939575195312
generate_one_block  0.0016036033630371094
The real block id is  0
get_global_graph_edges_ids_block function  spend 0.00200653076171875
gen group dst list time:  0.00026345252990722656
time for parepare:  0.001544952392578125
local_output_nid generation:  0.0001811981201171875
local_in_edges_tensor generation:  0.0007145404815673828
mini_batch_src_global generation:  0.0009138584136962891
r_  generation:  0.007455348968505859
local_output_nid generation:  0.00014281272888183594
local_in_edges_tensor generation:  0.00037741661071777344
mini_batch_src_global generation:  0.0006699562072753906
r_  generation:  0.0051152706146240234
local_output_nid generation:  0.00018787384033203125
local_in_edges_tensor generation:  0.00043892860412597656
mini_batch_src_global generation:  0.0006315708160400391
r_  generation:  0.006021022796630859
local_output_nid generation:  5.91278076171875e-05
local_in_edges_tensor generation:  0.00020265579223632812
mini_batch_src_global generation:  0.00026988983154296875
r_  generation:  0.0018744468688964844
local_output_nid generation:  0.00020074844360351562
local_in_edges_tensor generation:  0.00043320655822753906
mini_batch_src_global generation:  0.0004820823669433594
r_  generation:  0.006335258483886719
local_output_nid generation:  0.00011539459228515625
local_in_edges_tensor generation:  0.00030612945556640625
mini_batch_src_global generation:  0.0005354881286621094
r_  generation:  0.0042514801025390625
local_output_nid generation:  9.059906005859375e-05
local_in_edges_tensor generation:  0.00024080276489257812
mini_batch_src_global generation:  0.00028228759765625
r_  generation:  0.002332925796508789
local_output_nid generation:  0.00011181831359863281
local_in_edges_tensor generation:  0.0002713203430175781
mini_batch_src_global generation:  0.0002753734588623047
r_  generation:  0.002968311309814453
----------------------check_connections_block total spend ----------------------------- 0.05527329444885254
generate_one_block  0.010503768920898438
generate_one_block  0.007401227951049805
generate_one_block  0.008816242218017578
generate_one_block  0.003394603729248047
generate_one_block  0.00992894172668457
generate_one_block  0.006601095199584961
generate_one_block  0.004041194915771484
generate_one_block  0.004880666732788086
-----------------------------------------after block dataloader generation 
 Nvidia-smi: 1.2772216796875 GB
    Memory Allocated: 0.014674186706542969  GigaBytes
Max Memory Allocated: 0.030142784118652344  GigaBytes

connection checking time:  0.07356524467468262
block generation total time  0.08359766006469727
average batch blocks generation time: Using backend: pytorch
 0.010449707508087158
block dataloader generation time/epoch 0.1885073184967041
----------------------------------------before batch_pred = model(blocks, batch_inputs) 
 Nvidia-smi: 1.2772216796875 GB
    Memory Allocated: 0.01512289047241211  GigaBytes
Max Memory Allocated: 0.030142784118652344  GigaBytes

torch.Size([7683, 500])
torch.Size([2415, 32])
torch.Size([540, 32])
-----------------------------------------batch_pred = model(blocks, batch_inputs) 
 Nvidia-smi: 1.2772216796875 GB
    Memory Allocated: 0.016646862030029297  GigaBytes
Max Memory Allocated: 0.030142784118652344  GigaBytes

----------------------------------------before batch_pred = model(blocks, batch_inputs) 
 Nvidia-smi: 1.2772216796875 GB
    Memory Allocated: 0.014429569244384766  GigaBytes
Max Memory Allocated: 0.030142784118652344  GigaBytes

torch.Size([7365, 500])
torch.Size([1730, 32])
torch.Size([322, 32])
-----------------------------------------batch_pred = model(blocks, batch_inputs) 
 Nvidia-smi: 1.2772216796875 GB
    Memory Allocated: 0.0154571533203125  GigaBytes
Max Memory Allocated: 0.030142784118652344  GigaBytes

----------------------------------------before batch_pred = model(blocks, batch_inputs) 
 Nvidia-smi: 1.2772216796875 GB
    Memory Allocated: 0.012212753295898438  GigaBytes
Max Memory Allocated: 0.030142784118652344  GigaBytes

torch.Size([6137, 500])
torch.Size([2221, 32])
torch.Size([482, 32])
-----------------------------------------batch_pred = model(blocks, batch_inputs) 
 Nvidia-smi: 1.2772216796875 GB
    Memory Allocated: 0.013592720031738281  GigaBytes
Max Memory Allocated: 0.030142784118652344  GigaBytes

----------------------------------------before batch_pred = model(blocks, batch_inputs) 
 Nvidia-smi: 1.2772216796875 GB
    Memory Allocated: 0.007178783416748047  GigaBytes
Max Memory Allocated: 0.030142784118652344  GigaBytes

torch.Size([3523, 500])
torch.Size([656, 32])
torch.Size([185, 32])
-----------------------------------------batch_pred = model(blocks, batch_inputs) 
 Nvidia-smi: 1.2772216796875 GB
    Memory Allocated: 0.007612705230712891  GigaBytes
Max Memory Allocated: 0.030142784118652344  GigaBytes

----------------------------------------before batch_pred = model(blocks, batch_inputs) 
 Nvidia-smi: 1.2967529296875 GB
    Memory Allocated: 0.02030801773071289  GigaBytes
Max Memory Allocated: 0.030142784118652344  GigaBytes

torch.Size([10001, 500])
torch.Size([2650, 32])
torch.Size([644, 32])
-----------------------------------------batch_pred = model(blocks, batch_inputs) 
 Nvidia-smi: 1.2967529296875 GB
    Memory Allocated: 0.021949291229248047  GigaBytes
Max Memory Allocated: 0.030142784118652344  GigaBytes

----------------------------------------before batch_pred = model(blocks, batch_inputs) 
 Nvidia-smi: 1.2987060546875 GB
    Memory Allocated: 0.011998653411865234  GigaBytes
Max Memory Allocated: 0.03139019012451172  GigaBytes

torch.Size([6066, 500])
torch.Size([1297, 32])
torch.Size([313, 32])
-----------------------------------------batch_pred = model(blocks, batch_inputs) 
 Nvidia-smi: 1.2987060546875 GB
    Memory Allocated: 0.012835979461669922  GigaBytes
Max Memory Allocated: 0.03139019012451172  GigaBytes

----------------------------------------before batch_pred = model(blocks, batch_inputs) 
 Nvidia-smi: 1.2987060546875 GB
    Memory Allocated: 0.009058952331542969  GigaBytes
Max Memory Allocated: 0.03139019012451172  GigaBytes

torch.Size([4522, 500])
torch.Size([1053, 32])
torch.Size([281, 32])
-----------------------------------------batch_pred = model(blocks, batch_inputs) 
 Nvidia-smi: 1.2987060546875 GB
    Memory Allocated: 0.009735584259033203  GigaBytes
Max Memory Allocated: 0.03139019012451172  GigaBytes

----------------------------------------before batch_pred = model(blocks, batch_inputs) 
 Nvidia-smi: 1.2987060546875 GB
    Memory Allocated: 0.009320735931396484  GigaBytes
Max Memory Allocated: 0.03139019012451172  GigaBytes

torch.Size([4652, 500])
torch.Size([1265, 32])
torch.Size([141, 32])
-----------------------------------------batch_pred = model(blocks, batch_inputs) 
 Nvidia-smi: 1.2987060546875 GB
    Memory Allocated: 0.010010719299316406  GigaBytes
Max Memory Allocated: 0.03139019012451172  GigaBytes

times | data loading | block to device | model prediction | loss calculation | loss backward |  optimizer step |
      |0.0026939213275909424 |0.0007307231426239014 |0.005097150802612305 |0.00014704465866088867 |0.0031123757362365723 |0.003006458282470703 |
----------------------------------------------------------pseudo_mini_loss sum 1.8450067043304443
Total (block generation + training)time/epoch 0.2964911460876465
Training time/epoch 0.10774087905883789
Training time without block to device /epoch 0.10189509391784668
Training time without total dataloading part /epoch 0.06985902786254883
load block tensor time/epoch 0.02155137062072754
block to device time/epoch 0.005845785140991211
input features size transfer per epoch 1.0728836059570312e-06
blocks size to device per epoch 7.152557373046875e-07
 Run 0| Epoch 1 |
Number of nodes for computation during this epoch:  66501
Number of first layer input nodes during this epoch:  49949
