main start at this time 1648527643.3585103
-----------------------------------------before load data 
 Nvidia-smi: 0.1717529296875 GB
    Memory Allocated: 0.0  GigaBytes
Max Memory Allocated: 0.0  GigaBytes

  NumNodes: 19717
  NumEdges: 88651
  NumFeats: 500
  NumClasses: 3
  NumTrainingSamples: 60
  NumValidationSamples: 500
  NumTestSamples: 1000
Done loading data from cached files.
success----------------------------------------
60
500
19157
# Nodes: 19717
# Edges: 88648
# Train: 60
# Val: 500
# Test: 19157
# Classes: 3

in feats:  500
----------------------------------------before generate_dataloader_block 
 Nvidia-smi: 1.0174560546875 GB
    Memory Allocated: 0.000606536865234375  GigaBytes
Max Memory Allocated: 0.000606536865234375  GigaBytes

The real block id is  2
get_global_graph_edges_ids_block function  spend 0.002151012420654297
range selection method range initialization spend 7.915496826171875e-05
time for parepare:  4.673004150390625e-05
local_output_nid generation:  9.059906005859375e-06
local_in_edges_tensor generation:  0.00021457672119140625
mini_batch_src_global generation:  3.075599670410156e-05
r_  generation:  0.0017275810241699219
local_output_nid generation:  6.9141387939453125e-06
local_in_edges_tensor generation:  0.0001480579376220703
mini_batch_src_global generation:  2.9087066650390625e-05
r_  generation:  3.409385681152344e-05
local_output_nid generation:  5.7220458984375e-06
local_in_edges_tensor generation:  0.00011849403381347656
mini_batch_src_global generation:  1.8835067749023438e-05
r_  generation:  2.86102294921875e-05
local_output_nid generation:  5.245208740234375e-06
local_in_edges_tensor generation:  0.00011348724365234375
mini_batch_src_global generation:  1.811981201171875e-05
r_  generation:  2.4318695068359375e-05
local_output_nid generation:  5.4836273193359375e-06
local_in_edges_tensor generation:  0.00011181831359863281
mini_batch_src_global generation:  1.811981201171875e-05
r_  generation:  2.6702880859375e-05
local_output_nid generation:  5.7220458984375e-06
local_in_edges_tensor generation:  0.00011181831359863281
mini_batch_src_global generation:  1.7881393432617188e-05
r_  generation:  2.2411346435546875e-05
local_output_nid generation:  5.245208740234375e-06
local_in_edges_tensor generation:  0.00010919570922851562
mini_batch_src_global generation:  1.7881393432617188e-05
r_  generation:  2.193450927734375e-05
local_output_nid generation:  4.0531158447265625e-06
local_in_edges_tensor generation:  0.000110626220703125
mini_batch_src_global generation:  1.9788742065429688e-05
r_  generation:  2.9325485229492188e-05
----------------------check_connections_block total spend ----------------------------- 0.0036575794219970703
generate_one_block  0.0014202594757080078
generate_one_block  0.0012593269348144531
generate_one_block  0.0011801719665527344
generate_one_block  0.0011813640594482422
generate_one_block  0.0011649131774902344
generate_one_block  0.0011608600616455078
generate_one_block  0.0011959075927734375
generate_one_block  0.0011754035949707031
The real block id is  1
get_global_graph_edges_ids_block function  spend 0.0012860298156738281
gen group dst list time:  5.245208740234375e-05
time for parepare:  0.000247955322265625
local_output_nid generation:  5.9604644775390625e-06
local_in_edges_tensor generation:  0.00019884109497070312
mini_batch_src_global generation:  4.0531158447265625e-05
r_  generation:  0.00022649765014648438
local_output_nid generation:  5.245208740234375e-06
local_in_edges_tensor generation:  0.0001323223114013672
mini_batch_src_global generation:  3.337860107421875e-05
r_  generation:  0.00014638900756835938
local_output_nid generation:  5.0067901611328125e-06
local_in_edges_tensor generation:  0.00012540817260742188
mini_batch_src_global generation:  2.6702880859375e-05
r_  generation:  0.00010704994201660156
local_output_nid generation:  4.291534423828125e-06
local_in_edges_tensor generation:  0.00012254714965820312
mini_batch_src_global generation:  2.7894973754882812e-05
r_  generation:  0.00012302398681640625
local_output_nid generation:  5.0067901611328125e-06
local_in_edges_tensor generation:  0.0001232624053955078
mini_batch_src_global generation:  3.7670135498046875e-05
r_  generation:  0.00025653839111328125
local_output_nid generation:  4.5299530029296875e-06
local_in_edges_tensor generation:  0.00012874603271484375
mini_batch_src_global generation:  3.457069396972656e-05
r_  generation:  0.0001366138458251953
local_output_nid generation:  4.291534423828125e-06
local_in_edges_tensor generation:  0.00012350082397460938
mini_batch_src_global generation:  2.956390380859375e-05
r_  generation:  0.00012993812561035156
local_output_nid generation:  5.4836273193359375e-06
local_in_edges_tensor generation:  0.00012493133544921875
mini_batch_src_global generation:  3.743171691894531e-05
r_  generation:  0.00024628639221191406
----------------------check_connections_block total spend ----------------------------- 0.0036361217498779297
generate_one_block  0.0015671253204345703
generate_one_block  0.0013408660888671875
generate_one_block  0.0012638568878173828
generate_one_block  0.0013263225555419922
generate_one_block  0.0015146732330322266
generate_one_block  0.001314401626586914
generate_one_block  0.0012476444244384766
generate_one_block  0.0013606548309326172
The real block id is  0
get_global_graph_edges_ids_block function  spend 0.0013322830200195312
gen group dst list time:  9.5367431640625e-05
time for parepare:  0.0007734298706054688
local_output_nid generation:  4.220008850097656e-05
local_in_edges_tensor generation:  0.0003254413604736328
mini_batch_src_global generation:  0.0001304149627685547
r_  generation:  0.0014646053314208984
local_output_nid generation:  2.3365020751953125e-05
local_in_edges_tensor generation:  0.0003483295440673828
mini_batch_src_global generation:  0.00011944770812988281
r_  generation:  0.000713348388671875
local_output_nid generation:  1.5020370483398438e-05
local_in_edges_tensor generation:  0.00016117095947265625
mini_batch_src_global generation:  6.151199340820312e-05
r_  generation:  0.00037932395935058594
local_output_nid generation:  2.5272369384765625e-05
local_in_edges_tensor generation:  0.00017309188842773438
mini_batch_src_global generation:  0.00011110305786132812
r_  generation:  0.00109100341796875
local_output_nid generation:  4.124641418457031e-05
local_in_edges_tensor generation:  0.00023746490478515625
mini_batch_src_global generation:  0.0002028942108154297
r_  generation:  0.0020210742950439453
local_output_nid generation:  2.8371810913085938e-05
local_in_edges_tensor generation:  0.0001780986785888672
mini_batch_src_global generation:  0.00011992454528808594
r_  generation:  0.0007269382476806641
local_output_nid generation:  3.147125244140625e-05
local_in_edges_tensor generation:  0.00018167495727539062
mini_batch_src_global generation:  0.00011563301086425781
r_  generation:  0.0010528564453125
local_output_nid generation:  4.76837158203125e-05
local_in_edges_tensor generation:  0.0002148151397705078
mini_batch_src_global generation:  0.00018596649169921875
r_  generation:  0.0019116401672363281
----------------------check_connections_block total spend ----------------------------- 0.015932798385620117
generate_one_block  0.0029735565185546875
generate_one_block  0.001935720443725586
generate_one_block  0.0015130043029785156
generate_one_block  0.0024976730346679688
generate_one_block  0.0034990310668945312
generate_one_block  0.0019328594207763672
generate_one_block  0.002470731735229492
generate_one_block  0.0036699771881103516
-----------------------------------------after block dataloader generation 
 Nvidia-smi: 1.0174560546875 GB
    Memory Allocated: 0.000606536865234375  GigaBytes
Max Memory Allocated: 0.000606536865234375  GigaBytes

connection checking time:  0.019568920135498047
block generation total time  0.03142809867858887
average batch blocks generation time:  0.003928512334823608
----------------------------------------before batch_pred = model(blocks, batch_inputs) 
 Nvidia-smi: 1.1014404296875 GB
    Memory Allocated: 0.00521087646484375  GigaBytes
Max Memory Allocated: 0.00521087646484375  GigaBytes

torch.Size([2448, 500])
torch.Size([582, 128])
-----------------------------------------batch_pred = model(blocks, batch_inputs) 
 Nvidia-smi: 1.2615966796875 GB
    Memory Allocated: 0.006268024444580078  GigaBytes
Max Memory Allocated: 0.007252693176269531  GigaBytes

----------------------------------------before batch_pred = model(blocks, batch_inputs) 
 Nvidia-smi: 1.2655029296875 GB
    Memory Allocated: 0.0037703514099121094  GigaBytes
Max Memory Allocated: 0.00830984115600586  GigaBytes

torch.Size([1362, 500])
torch.Size([294, 128])
-----------------------------------------batch_pred = model(blocks, batch_inputs) 
 Nvidia-smi: 1.2655029296875 GB
    Memory Allocated: 0.004351615905761719  GigaBytes
Max Memory Allocated: 0.00830984115600586  GigaBytes

----------------------------------------before batch_pred = model(blocks, batch_inputs) 
 Nvidia-smi: 1.2655029296875 GB
    Memory Allocated: 0.002453327178955078  GigaBytes
Max Memory Allocated: 0.00830984115600586  GigaBytes

torch.Size([660, 500])
torch.Size([172, 128])
-----------------------------------------batch_pred = model(blocks, batch_inputs) 
 Nvidia-smi: 1.2655029296875 GB
    Memory Allocated: 0.0028390884399414062  GigaBytes
Max Memory Allocated: 0.00830984115600586  GigaBytes

----------------------------------------before batch_pred = model(blocks, batch_inputs) 
 Nvidia-smi: 1.2655029296875 GB
    Memory Allocated: 0.005148887634277344  GigaBytes
Max Memory Allocated: 0.00830984115600586  GigaBytes

torch.Size([2096, 500])
torch.Size([303, 128])
-----------------------------------------batch_pred = model(blocks, batch_inputs) 
 Nvidia-smi: 1.2655029296875 GB
    Memory Allocated: 0.005729198455810547  GigaBytes
Max Memory Allocated: 0.00830984115600586  GigaBytes

----------------------------------------before batch_pred = model(blocks, batch_inputs) 
 Nvidia-smi: 1.2655029296875 GB
    Memory Allocated: 0.005626201629638672  GigaBytes
Max Memory Allocated: 0.00946807861328125  GigaBytes

torch.Size([2336, 500])
torch.Size([550, 128])
-----------------------------------------batch_pred = model(blocks, batch_inputs) 
 Nvidia-smi: 1.2655029296875 GB
    Memory Allocated: 0.006642341613769531  GigaBytes
Max Memory Allocated: 0.00946807861328125  GigaBytes

----------------------------------------before batch_pred = model(blocks, batch_inputs) 
 Nvidia-smi: 1.2655029296875 GB
    Memory Allocated: 0.003284931182861328  GigaBytes
Max Memory Allocated: 0.00946807861328125  GigaBytes

torch.Size([1101, 500])
torch.Size([296, 128])
-----------------------------------------batch_pred = model(blocks, batch_inputs) 
 Nvidia-smi: 1.2655029296875 GB
    Memory Allocated: 0.0038399696350097656  GigaBytes
Max Memory Allocated: 0.00946807861328125  GigaBytes

----------------------------------------before batch_pred = model(blocks, batch_inputs) 
 Nvidia-smi: 1.2655029296875 GB
    Memory Allocated: 0.005709648132324219  GigaBytes
Max Memory Allocated: 0.00946807861328125  GigaBytes

torch.Size([2398, 500])
torch.Size([337, 128])
-----------------------------------------batch_pred = model(blocks, batch_inputs) 
 Nvidia-smi: 1.2655029296875 GB
    Memory Allocated: 0.006345272064208984  GigaBytes
Max Memory Allocated: 0.00946807861328125  GigaBytes

----------------------------------------before batch_pred = model(blocks, batch_inputs) 
 Nvidia-smi: 1.2655029296875 GB
    Memory Allocated: 0.006317615509033203  GigaBytes
Max Memory Allocated: 0.010725975036621094  GigaBytes

torch.Size([2709, 500])
torch.Size([554, 128])
-----------------------------------------batch_pred = model(blocks, batch_inputs) 
 Nvidia-smi: 1.2655029296875 GB
    Memory Allocated: 0.0073642730712890625  GigaBytes
Max Memory Allocated: 0.010725975036621094  GigaBytes

times | data loading | block to device | model prediction | loss calculation | loss backward |  optimizer step |
      |0.010471880435943604 |0.04460310935974121 |0.09972900152206421 |0.00017070770263671875 |0.003258317708969116 |0.0025174617767333984 |
----------------------------------------------------------pseudo_mini_loss sum 2.3250277042388916
 Run 0| Epoch 0 |
Number of nodes for computation during this epoch:  18555
Number of first layer input nodes during this epoch:  15110
----------------------------------------before generate_dataloader_block 
 Nvidia-smi: 1.2655029296875 GB
    Memory Allocated: 0.007659435272216797  GigaBytes
Max Memory Allocated: 0.010725975036621094  GigaBytes

The real block id is  2
get_global_graph_edges_ids_block function  spend 0.0005502700805664062
range selection method range initialization spend 5.3882598876953125e-05
time for parepare:  4.220008850097656e-05
local_output_nid generation:  7.152557373046875e-06
local_in_edges_tensor generation:  0.0001742839813232422
mini_batch_src_global generation:  2.2411346435546875e-05
r_  generation:  3.3855438232421875e-05
local_output_nid generation:  5.4836273193359375e-06
local_in_edges_tensor generation:  0.00011348724365234375
mini_batch_src_global generation:  1.71661376953125e-05
r_  generation:  2.5510787963867188e-05
local_output_nid generation:  5.0067901611328125e-06
local_in_edges_tensor generation:  0.00010657310485839844
mini_batch_src_global generation:  1.6689300537109375e-05
r_  generation:  2.6464462280273438e-05
local_output_nid generation:  4.76837158203125e-06
local_in_edges_tensor generation:  0.00010323524475097656
mini_batch_src_global generation:  1.6450881958007812e-05
r_  generation:  2.5510787963867188e-05
local_output_nid generation:  4.5299530029296875e-06
local_in_edges_tensor generation:  0.000102996826171875
mini_batch_src_global generation:  1.6689300537109375e-05
r_  generation:  2.7894973754882812e-05
local_output_nid generation:  4.5299530029296875e-06
local_in_edges_tensor generation:  0.00013375282287597656
mini_batch_src_global generation:  1.9073486328125e-05
r_  generation:  3.361701965332031e-05
local_output_nid generation:  5.0067901611328125e-06
local_in_edges_tensor generation:  0.00010943412780761719
mini_batch_src_global generation:  1.7642974853515625e-05
r_  generation:  2.5987625122070312e-05
local_output_nid generation:  4.0531158447265625e-06
local_in_edges_tensor generation:  0.00010895729064941406
mini_batch_src_global generation:  1.6927719116210938e-05
r_  generation:  1.5735626220703125e-05
----------------------check_connections_block total spend ----------------------------- 0.0017783641815185547
generate_one_block  0.0012319087982177734
generate_one_block  0.001070261001586914
generate_one_block  0.0010821819305419922
generate_one_block  0.001196146011352539
generate_one_block  0.0010476112365722656
generate_one_block  0.0010497570037841797
generate_one_block  0.0011031627655029297
generate_one_block  0.0010266304016113281
The real block id is  1
get_global_graph_edges_ids_block function  spend 0.0005605220794677734
gen group dst list time:  5.054473876953125e-05
time for parepare:  0.0002486705780029297
local_output_nid generation:  5.245208740234375e-06
local_in_edges_tensor generation:  0.0001876354217529297
mini_batch_src_global generation:  5.125999450683594e-05
r_  generation:  0.0002579689025878906
local_output_nid generation:  4.76837158203125e-06
local_in_edges_tensor generation:  0.00015234947204589844
mini_batch_src_global generation:  3.9577484130859375e-05
r_  generation:  0.000125885009765625
local_output_nid generation:  5.9604644775390625e-06
local_in_edges_tensor generation:  0.00012874603271484375
mini_batch_src_global generation:  3.3855438232421875e-05
r_  generation:  0.00016617774963378906
local_output_nid generation:  5.4836273193359375e-06
local_in_edges_tensor generation:  0.0001246929168701172
mini_batch_src_global generation:  2.6702880859375e-05
r_  generation:  9.870529174804688e-05
local_output_nid generation:  6.67572021484375e-06
local_in_edges_tensor generation:  0.0001347064971923828
mini_batch_src_global generation:  3.600120544433594e-05
r_  generation:  0.0002334117889404297
local_output_nid generation:  8.344650268554688e-06
local_in_edges_tensor generation:  0.00012373924255371094
mini_batch_src_global generation:  3.695487976074219e-05
r_  generation:  0.00020742416381835938
local_output_nid generation:  6.67572021484375e-06
local_in_edges_tensor generation:  0.00013494491577148438
mini_batch_src_global generation:  4.0531158447265625e-05
r_  generation:  0.00019407272338867188
local_output_nid generation:  3.5762786865234375e-06
local_in_edges_tensor generation:  0.00011849403381347656
mini_batch_src_global generation:  2.5033950805664062e-05
r_  generation:  5.817413330078125e-05
----------------------check_connections_block total spend ----------------------------- 0.0036840438842773438
generate_one_block  0.0014286041259765625
generate_one_block  0.001216888427734375
generate_one_block  0.0012655258178710938
generate_one_block  0.0011637210845947266
generate_one_block  0.0013756752014160156
generate_one_block  0.001291036605834961
generate_one_block  0.00131988525390625
generate_one_block  0.0010738372802734375
The real block id is  0
get_global_graph_edges_ids_block function  spend 0.001360177993774414
gen group dst list time:  9.393692016601562e-05
time for parepare:  0.0007097721099853516
local_output_nid generation:  4.291534423828125e-05
local_in_edges_tensor generation:  0.0003504753112792969
mini_batch_src_global generation:  0.00026345252990722656
r_  generation:  0.0021588802337646484
local_output_nid generation:  2.47955322265625e-05
local_in_edges_tensor generation:  0.00017952919006347656
mini_batch_src_global generation:  0.00013875961303710938
r_  generation:  0.0008151531219482422
local_output_nid generation:  3.314018249511719e-05
local_in_edges_tensor generation:  0.00019741058349609375
mini_batch_src_global generation:  0.00013065338134765625
r_  generation:  0.0013113021850585938
local_output_nid generation:  1.7881393432617188e-05
local_in_edges_tensor generation:  0.00015592575073242188
mini_batch_src_global generation:  7.748603820800781e-05
r_  generation:  0.0004150867462158203
local_output_nid generation:  4.792213439941406e-05
local_in_edges_tensor generation:  0.00023412704467773438
mini_batch_src_global generation:  0.0001385211944580078
r_  generation:  0.001556396484375
local_output_nid generation:  4.1961669921875e-05
local_in_edges_tensor generation:  0.00019288063049316406
mini_batch_src_global generation:  0.00013899803161621094
r_  generation:  0.001180410385131836
local_output_nid generation:  3.790855407714844e-05
local_in_edges_tensor generation:  0.00019788742065429688
mini_batch_src_global generation:  0.00016164779663085938
r_  generation:  0.0014736652374267578
local_output_nid generation:  1.1682510375976562e-05
local_in_edges_tensor generation:  0.0001475811004638672
mini_batch_src_global generation:  8.0108642578125e-05
r_  generation:  0.00031280517578125
----------------------check_connections_block total spend ----------------------------- 0.015687942504882812
generate_one_block  0.003789186477661133
generate_one_block  0.001979827880859375
generate_one_block  0.002803802490234375
generate_one_block  0.0015823841094970703
generate_one_block  0.0029871463775634766
generate_one_block  0.0025582313537597656
generate_one_block  0.0029366016387939453
generate_one_block  0.0014243125915527344
-----------------------------------------after block dataloader generation 
 Nvidia-smi: 1.2655029296875 GB
    Memory Allocated: 0.007659435272216797  GigaBytes
Max Memory Allocated: 0.010725975036621094  GigaBytes

connection checking time:  0.019371986389160156
block generation total time  0.030196666717529297
average batch blocks generation time:  0.003774583339691162
block dataloader generation time/epoch 0.07401585578918457
----------------------------------------before batch_pred = model(blocks, batch_inputs) 
 Nvidia-smi: 1.2655029296875 GB
    Memory Allocated: 0.007176399230957031  GigaBytes
Max Memory Allocated: 0.012155532836914062  GigaBytes

torch.Size([2518, 500])
torch.Size([607, 128])
-----------------------------------------batch_pred = model(blocks, batch_inputs) 
 Nvidia-smi: 1.2655029296875 GB
    Memory Allocated: 0.00827932357788086  GigaBytes
Max Memory Allocated: 0.012155532836914062  GigaBytes

----------------------------------------before batch_pred = model(blocks, batch_inputs) 
 Nvidia-smi: 1.2674560546875 GB
    Memory Allocated: 0.005258083343505859  GigaBytes
Max Memory Allocated: 0.012155532836914062  GigaBytes

torch.Size([1511, 500])
torch.Size([287, 128])
-----------------------------------------batch_pred = model(blocks, batch_inputs) 
 Nvidia-smi: 1.2674560546875 GB
    Memory Allocated: 0.005805015563964844  GigaBytes
Max Memory Allocated: 0.012155532836914062  GigaBytes

----------------------------------------before batch_pred = model(blocks, batch_inputs) 
 Nvidia-smi: 1.2674560546875 GB
    Memory Allocated: 0.007922172546386719  GigaBytes
Max Memory Allocated: 0.012155532836914062  GigaBytes

torch.Size([2932, 500])
torch.Size([368, 128])
-----------------------------------------batch_pred = model(blocks, batch_inputs) 
 Nvidia-smi: 1.2674560546875 GB
    Memory Allocated: 0.008627891540527344  GigaBytes
Max Memory Allocated: 0.012155532836914062  GigaBytes

----------------------------------------before batch_pred = model(blocks, batch_inputs) 
 Nvidia-smi: 1.2674560546875 GB
    Memory Allocated: 0.003968715667724609  GigaBytes
Max Memory Allocated: 0.012155532836914062  GigaBytes

torch.Size([825, 500])
torch.Size([189, 128])
-----------------------------------------batch_pred = model(blocks, batch_inputs) 
 Nvidia-smi: 1.2674560546875 GB
    Memory Allocated: 0.004367828369140625  GigaBytes
Max Memory Allocated: 0.012155532836914062  GigaBytes

----------------------------------------before batch_pred = model(blocks, batch_inputs) 
 Nvidia-smi: 1.2674560546875 GB
    Memory Allocated: 0.007494926452636719  GigaBytes
Max Memory Allocated: 0.012155532836914062  GigaBytes

torch.Size([2672, 500])
torch.Size([606, 128])
-----------------------------------------batch_pred = model(blocks, batch_inputs) 
 Nvidia-smi: 1.2674560546875 GB
    Memory Allocated: 0.008616924285888672  GigaBytes
Max Memory Allocated: 0.012155532836914062  GigaBytes

----------------------------------------before batch_pred = model(blocks, batch_inputs) 
 Nvidia-smi: 1.2674560546875 GB
    Memory Allocated: 0.006270408630371094  GigaBytes
Max Memory Allocated: 0.012155532836914062  GigaBytes

torch.Size([2048, 500])
torch.Size([505, 128])
-----------------------------------------batch_pred = model(blocks, batch_inputs) 
 Nvidia-smi: 1.2674560546875 GB
    Memory Allocated: 0.007233619689941406  GigaBytes
Max Memory Allocated: 0.012155532836914062  GigaBytes

----------------------------------------before batch_pred = model(blocks, batch_inputs) 
 Nvidia-smi: 1.2674560546875 GB
    Memory Allocated: 0.005959987640380859  GigaBytes
Max Memory Allocated: 0.012155532836914062  GigaBytes

torch.Size([1876, 500])
torch.Size([425, 128])
-----------------------------------------batch_pred = model(blocks, batch_inputs) 
 Nvidia-smi: 1.2674560546875 GB
    Memory Allocated: 0.006774425506591797  GigaBytes
Max Memory Allocated: 0.012155532836914062  GigaBytes

----------------------------------------before batch_pred = model(blocks, batch_inputs) 
 Nvidia-smi: 1.2674560546875 GB
    Memory Allocated: 0.0036296844482421875  GigaBytes
Max Memory Allocated: 0.012155532836914062  GigaBytes

torch.Size([644, 500])
torch.Size([95, 128])
-----------------------------------------batch_pred = model(blocks, batch_inputs) 
 Nvidia-smi: 1.2674560546875 GB
    Memory Allocated: 0.0038232803344726562  GigaBytes
Max Memory Allocated: 0.012155532836914062  GigaBytes

times | data loading | block to device | model prediction | loss calculation | loss backward |  optimizer step |
      |0.0009940266609191895 |0.0004024505615234375 |0.0033743977546691895 |0.0001278519630432129 |0.0033377110958099365 |0.0021734237670898438 |
----------------------------------------------------------pseudo_mini_loss sum 0.7413575053215027
Total (block generation + training)time/epoch 0.15107345581054688
Training time/epoch 0.07689714431762695
Training time without block to device /epoch 0.07367753982543945
Training time without total dataloading part /epoch 0.056893110275268555
load block tensor time/epoch 0.007952213287353516Using backend: pytorch

block to device time/epoch 0.0032196044921875
input features size transfer per epoch 1.0728836059570312e-06
blocks size to device per epoch 7.152557373046875e-07
 Run 0| Epoch 1 |
Number of nodes for computation during this epoch:  18465
Number of first layer input nodes during this epoch:  15026
